#
# There is insufficient memory for the Java Runtime Environment to continue.
# Native memory allocation (malloc) failed to allocate 101536 bytes for Chunk::new
# Possible reasons:
#   The system is out of physical RAM or swap space
#   In 32 bit mode, the process size limit was hit
# Possible solutions:
#   Reduce memory load on the system
#   Increase physical memory or swap space
#   Check if swap backing store is full
#   Use 64 bit Java on a 64 bit OS
#   Decrease Java heap size (-Xmx/-Xms)
#   Decrease number of Java threads
#   Decrease Java thread stack sizes (-Xss)
#   Set larger code cache with -XX:ReservedCodeCacheSize=
# This output file may be truncated or incomplete.
#
#  Out of Memory Error (allocation.cpp:390), pid=14752, tid=10336
#
# JRE version: Java(TM) SE Runtime Environment (8.0_91-b14) (build 1.8.0_91-b14)
# Java VM: Java HotSpot(TM) 64-Bit Server VM (25.91-b14 mixed mode windows-amd64 compressed oops)
# Failed to write core dump. Minidumps are not enabled by default on client versions of Windows
#

---------------  T H R E A D  ---------------

Current thread (0x00000000151f9800):  JavaThread "C2 CompilerThread0" daemon [_thread_in_native, id=10336, stack(0x0000000016b00000,0x0000000016c00000)]

Stack: [0x0000000016b00000,0x0000000016c00000]
[error occurred during error reporting (printing stack bounds), id 0xc0000005]

Native frames: (J=compiled Java code, j=interpreted, Vv=VM code, C=native code)


Current CompileTask:
C2:   3917  614       4       java.util.HashMap::containsKey (18 bytes)


---------------  P R O C E S S  ---------------

Java Threads: ( => current thread )
  0x0000000016686000 JavaThread "pool-1-thread-4" [_thread_in_Java, id=14688, stack(0x0000000017400000,0x0000000017500000)]
  0x0000000016684800 JavaThread "pool-1-thread-3" [_thread_in_Java, id=9388, stack(0x0000000017300000,0x0000000017400000)]
  0x0000000016683000 JavaThread "pool-1-thread-2" [_thread_in_Java, id=3824, stack(0x0000000017200000,0x0000000017300000)]
  0x0000000016682000 JavaThread "pool-2-thread-1" [_thread_blocked, id=14284, stack(0x0000000017100000,0x0000000017200000)]
  0x000000001667f800 JavaThread "pool-1-thread-1" [_thread_in_Java, id=7184, stack(0x0000000017000000,0x0000000017100000)]
  0x000000001655e800 JavaThread "Service Thread" daemon [_thread_blocked, id=13220, stack(0x0000000016e00000,0x0000000016f00000)]
  0x000000001655a800 JavaThread "C1 CompilerThread2" daemon [_thread_in_native, id=14624, stack(0x0000000016d00000,0x0000000016e00000)]
  0x00000000151fb800 JavaThread "C2 CompilerThread1" daemon [_thread_in_native, id=14768, stack(0x0000000016c00000,0x0000000016d00000)]
=>0x00000000151f9800 JavaThread "C2 CompilerThread0" daemon [_thread_in_native, id=10336, stack(0x0000000016b00000,0x0000000016c00000)]
  0x00000000151ad000 JavaThread "Attach Listener" daemon [_thread_blocked, id=14508, stack(0x0000000016a00000,0x0000000016b00000)]
  0x00000000151ac800 JavaThread "Signal Dispatcher" daemon [_thread_blocked, id=9696, stack(0x0000000016900000,0x0000000016a00000)]
  0x000000001518a800 JavaThread "Finalizer" daemon [_thread_blocked, id=6248, stack(0x0000000016400000,0x0000000016500000)]
  0x0000000002ac0000 JavaThread "Reference Handler" daemon [_thread_blocked, id=6588, stack(0x0000000016300000,0x0000000016400000)]
  0x000000000260e000 JavaThread "main" [_thread_in_Java, id=13200, stack(0x00000000024b0000,0x00000000025b0000)]

Other Threads:
  0x0000000015167800 VMThread [stack: 0x0000000016200000,0x0000000016300000] [id=8548]
  0x00000000165ac800 WatcherThread [stack: 0x0000000016f00000,0x0000000017000000] [id=13484]

VM state:not at safepoint (normal execution)

VM Mutex/Monitor currently owned by a thread:  ([mutex/lock_event])
[0x00000000029d0350] MethodData_lock - owner thread: 0x0000000000000000

Heap:
 PSYoungGen      total 18944K, used 12499K [0x00000000eab00000, 0x00000000ec000000, 0x0000000100000000)
  eden space 16384K, 76% used [0x00000000eab00000,0x00000000eb734d00,0x00000000ebb00000)
  from space 2560K, 0% used [0x00000000ebd80000,0x00000000ebd80000,0x00000000ec000000)
  to   space 2560K, 0% used [0x00000000ebb00000,0x00000000ebb00000,0x00000000ebd80000)
 ParOldGen       total 44032K, used 0K [0x00000000c0000000, 0x00000000c2b00000, 0x00000000eab00000)
  object space 44032K, 0% used [0x00000000c0000000,0x00000000c0000000,0x00000000c2b00000)
 Metaspace       used 5654K, capacity 6580K, committed 6784K, reserved 1056768K
  class space    used 599K, capacity 620K, committed 640K, reserved 1048576K

Card table byte_map: [0x0000000011e90000,0x00000000120a0000] byte_map_base: 0x0000000011890000

Marking Bits: (ParMarkBitMap*) 0x0000000077282f70
 Begin Bits: [0x0000000012600000, 0x0000000013600000)
 End Bits:   [0x0000000013600000, 0x0000000014600000)

Polling page: 0x0000000000e00000

CodeCache: size=245760Kb used=2283Kb max_used=2294Kb free=243476Kb
 bounds [0x0000000002ad0000, 0x0000000002d40000, 0x0000000011ad0000]
 total_blobs=859 nmethods=588 adapters=184
 compilation: enabled

Compilation events (10 events):
Event: 3.908 Thread 0x00000000151f9800 nmethod 600 0x0000000002cead10 code [0x0000000002ceae40, 0x0000000002ceaeb8]
Event: 3.908 Thread 0x000000001655a800 nmethod 589 0x0000000002d0f290 code [0x0000000002d0f400, 0x0000000002d0f768]
Event: 3.908 Thread 0x000000001655a800  594   !   3       com.android.dx.cf.code.BytecodeArray::parseInstruction (2764 bytes)
Event: 3.909 Thread 0x00000000151fb800 nmethod 596 0x0000000002d0d710 code [0x0000000002d0d860, 0x0000000002d0dbb8]
Event: 3.909 Thread 0x00000000151f9800  604       4       com.android.dx.ssa.NormalSsaInsn::getOpcode (8 bytes)
Event: 3.909 Thread 0x00000000151fb800  606       4       java.util.ArrayList::iterator (10 bytes)
Event: 3.910 Thread 0x00000000151f9800 nmethod 604 0x0000000002cee2d0 code [0x0000000002cee400, 0x0000000002cee478]
Event: 3.910 Thread 0x00000000151fb800 nmethod 606 0x0000000002d08bd0 code [0x0000000002d08d20, 0x0000000002d08e28]
Event: 3.912 Thread 0x00000000151f9800  614       4       java.util.HashMap::containsKey (18 bytes)
Event: 3.912 Thread 0x00000000151fb800  615       4       java.util.HashSet::contains (9 bytes)

GC Heap History (0 events):
No events

Deoptimization events (0 events):
No events

Internal exceptions (2 events):
Event: 0.052 Thread 0x000000000260e000 Exception <a 'java/lang/NoSuchMethodError': Method sun.misc.Unsafe.defineClass(Ljava/lang/String;[BII)Ljava/lang/Class; name or signature does not match> (0x00000000eab07cc0) thrown at [C:\re\workspace\8-2-build-windows-amd64-cygwin\jdk8u91\6644\hotspot\sr‚"ôh´ª?
Event: 0.052 Thread 0x000000000260e000 Exception <a 'java/lang/NoSuchMethodError': Method sun.misc.Unsafe.prefetchRead(Ljava/lang/Object;J)V name or signature does not match> (0x00000000eab07fa8) thrown at [C:\re\workspace\8-2-build-windows-amd64-cygwin\jdk8u91\6644\hotspot\src\share\vm\prims\j

Events (10 events):
Event: 3.861 loading class java/util/HashMap$ValueIterator
Event: 3.861 loading class java/util/HashMap$ValueIterator done
Event: 3.863 loading class com/android/dx/ssa/PhiInsn$Operand
Event: 3.863 loading class com/android/dx/ssa/PhiInsn$Operand done
Event: 3.876 loading class com/android/dx/dex/file/FieldAnnotationStruct
Event: 3.876 loading class com/android/dx/dex/file/FieldAnnotationStruct done
Event: 3.879 loading class com/android/dx/ssa/back/FirstFitLocalCombiningAllocator$Multiset
Event: 3.879 loading class com/android/dx/ssa/back/FirstFitLocalCombiningAllocator$Multiset done
Event: 3.888 loading class com/android/dx/cf/code/BytecodeArray$ConstantParserVisitor
Event: 3.888 loading class com/android/dx/cf/code/BytecodeArray$ConstantParserVisitor done


Dynamic libraries:
0x00007ff77d8f0000 - 0x00007ff77d927000 	C:\Program Files\Java\jdk1.8.0_91\bin\java.exe
0x00007ffc57b90000 - 0x00007ffc57d51000 	C:\WINDOWS\SYSTEM32\ntdll.dll
0x00007ffc56ba0000 - 0x00007ffc56c4d000 	C:\WINDOWS\system32\KERNEL32.DLL
0x00007ffc54ab0000 - 0x00007ffc54c98000 	C:\WINDOWS\system32\KERNELBASE.dll
0x00007ffc572f0000 - 0x00007ffc57397000 	C:\WINDOWS\system32\ADVAPI32.dll
0x00007ffc570f0000 - 0x00007ffc5718d000 	C:\WINDOWS\system32\msvcrt.dll
0x00007ffc57600000 - 0x00007ffc5765b000 	C:\WINDOWS\system32\sechost.dll
0x00007ffc56960000 - 0x00007ffc56a7c000 	C:\WINDOWS\system32\RPCRT4.dll
0x00007ffc57820000 - 0x00007ffc57976000 	C:\WINDOWS\system32\USER32.dll
0x00007ffc56ed0000 - 0x00007ffc57056000 	C:\WINDOWS\system32\GDI32.dll
0x00007ffc50950000 - 0x00007ffc50bc4000 	C:\WINDOWS\WinSxS\amd64_microsoft.windows.common-controls_6595b64144ccf1df_6.0.10586.589_none_a2ddb3caa539acce\COMCTL32.dll
0x00007ffc56c50000 - 0x00007ffc56ecd000 	C:\WINDOWS\system32\combase.dll
0x00007ffc54080000 - 0x00007ffc540ea000 	C:\WINDOWS\system32\bcryptPrimitives.dll
0x00007ffc54f90000 - 0x00007ffc54fcb000 	C:\WINDOWS\system32\IMM32.DLL
0x00007ffc53e70000 - 0x00007ffc53ea1000 	C:\Windows\system32\nvinitx.dll
0x00007ffc53e60000 - 0x00007ffc53e6a000 	C:\WINDOWS\SYSTEM32\VERSION.dll
0x00000000765f0000 - 0x00000000766c2000 	C:\Program Files\Java\jdk1.8.0_91\jre\bin\msvcr100.dll
0x0000000076a70000 - 0x0000000077303000 	C:\Program Files\Java\jdk1.8.0_91\jre\bin\server\jvm.dll
0x00007ffc54a30000 - 0x00007ffc54a53000 	C:\WINDOWS\system32\WINMM.dll
0x00007ffc53f80000 - 0x00007ffc53fac000 	C:\WINDOWS\system32\WINMMBASE.dll
0x00007ffc54a60000 - 0x00007ffc54aa3000 	C:\WINDOWS\system32\cfgmgr32.dll
0x00007ffc57770000 - 0x00007ffc57778000 	C:\WINDOWS\system32\PSAPI.DLL
0x00007ffc478f0000 - 0x00007ffc478f9000 	C:\WINDOWS\SYSTEM32\WSOCK32.dll
0x00007ffc56b30000 - 0x00007ffc56b9b000 	C:\WINDOWS\system32\WS2_32.dll
0x0000000050010000 - 0x000000005001f000 	C:\Program Files\Java\jdk1.8.0_91\jre\bin\verify.dll
0x0000000077c50000 - 0x0000000077c79000 	C:\Program Files\Java\jdk1.8.0_91\jre\bin\java.dll
0x0000000076a50000 - 0x0000000076a66000 	C:\Program Files\Java\jdk1.8.0_91\jre\bin\zip.dll
0x00007ffc55400000 - 0x00007ffc5695c000 	C:\WINDOWS\system32\SHELL32.dll
0x00007ffc543e0000 - 0x00007ffc54a25000 	C:\WINDOWS\system32\windows.storage.dll
0x00007ffc54dd0000 - 0x00007ffc54e22000 	C:\WINDOWS\system32\shlwapi.dll
0x00007ffc53fb0000 - 0x00007ffc53fbf000 	C:\WINDOWS\system32\kernel.appcore.dll
0x00007ffc54d00000 - 0x00007ffc54db5000 	C:\WINDOWS\system32\shcore.dll
0x00007ffc54390000 - 0x00007ffc543db000 	C:\WINDOWS\system32\powrprof.dll
0x00007ffc53fd0000 - 0x00007ffc53fe4000 	C:\WINDOWS\system32\profapi.dll

VM Arguments:
jvm_args: -Djava.awt.headless=true -Xmx1024M -Dfile.encoding=GBK -Duser.country=CN -Duser.language=zh -Duser.variant 
java_command: com.android.dx.command.Main --dex --force-jumbo --num-threads=4 --output D:\andriod_projects\smartHome\app\build\intermediates\pre-dexed\debug\instant-run_70170bf4ab4cc2fdd9bbcc4d7a23bf7767dd91c0.jar D:\andriod_projects\smartHome\app\build\intermediates\incremental-runtime-classes\debug\instant-run.jar
java_class_path (initial): D:\android\android_SDK\build-tools\23.0.3\lib\dx.jar
Launcher Type: SUN_STANDARD

Environment Variables:
JAVA_HOME=C:\Program Files (x86)\Java\jdk1.8.0_31
CLASSPATH=C:\Program Files (x86)\Java\jdk1.8.0_31\lib;C:\Program Files (x86)\Java\jdk1.8.0_31\lib\tools.jar;D:\andriod environment\adt-bundle-windows-x86-20131030\eclipse\plugins\org.apache.ant_1.8.3.v201301120609\lib;
PATH=C:\PROGRA~1\PTC\MKSTOO~1\bin64;C:\PROGRA~1\PTC\MKSTOO~1\bin;C:\PROGRA~1\PTC\MKSTOO~1\bin\X11;C:\PROGRA~1\PTC\MKSTOO~1\mksnt;C:\ProgramData\Oracle\Java\javapath;C:\Program Files (x86)\Intel\iCLS Client\;C:\Program Files\Intel\iCLS Client\;C:\Program Files (x86)\NVIDIA Corporation\PhysX\Common;C:\WINDOWS\system32;C:\WINDOWS;C:\WINDOWS\System32\Wbem;C:\WINDOWS\System32\WindowsPowerShell\v1.0\;C:\Program Files\Intel\Intel(R) Management Engine Components\DAL;C:\Program Files\Intel\Intel(R) Management Engine Components\IPT;C:\Program Files (x86)\Intel\Intel(R) Management Engine Components\DAL;C:\Program Files (x86)\Intel\Intel(R) Management Engine Components\IPT;C:\Program Files (x86)\Java\jdk1.8.0_31\bin;C:\Program Files (x86)\Java\jdk1.8.0_31\jre\bin;D:\andriod environment\adt-bundle-windows-x86-20131030\sdk\tools;D:\andriod environment\adt-bundle-windows-x86-20131030\sdk\platform-tools;D:\andriod environment\adt-bundle-windows-x86-20131030\eclipse\plugins\org.apache.ant_1.8.3.v201301120609\bin;C:\Program Files\nodejs\;D:\Git\cmd;D:\HMA! Pro VPN\bin
USERNAME=freedom
DISPLAY=:0.0
OS=Windows_NT
PROCESSOR_IDENTIFIER=Intel64 Family 6 Model 60 Stepping 3, GenuineIntel



---------------  S Y S T E M  ---------------

OS: Windows 10.0 , 64 bit Build 10586 (10.0.10586.589)

CPU:total 4 (2 cores per cpu, 2 threads per core) family 6 model 60 stepping 3, cmov, cx8, fxsr, mmx, sse, sse2, sse3, ssse3, sse4.1, sse4.2, popcnt, avx, avx2, aes, clmul, erms, lzcnt, ht, tsc, tscinvbit, bmi1, bmi2

Memory: 4k page, physical 4112564k(470740k free), swap 5685428k(2116k free)

vm_info: Java HotSpot(TM) 64-Bit Server VM (25.91-b14) for windows-amd64 JRE (1.8.0_91-b14), built on Apr  1 2016 00:58:32 by "java_re" with MS VC++ 10.0 (VS2010)

time: Mon Sep 26 23:04:06 2016
elapsed time: 3 seconds (0d 0h 0m 3s)

