#
# There is insufficient memory for the Java Runtime Environment to continue.
# Native memory allocation (malloc) failed to allocate 841936 bytes for Chunk::new
# Possible reasons:
#   The system is out of physical RAM or swap space
#   In 32 bit mode, the process size limit was hit
# Possible solutions:
#   Reduce memory load on the system
#   Increase physical memory or swap space
#   Check if swap backing store is full
#   Use 64 bit Java on a 64 bit OS
#   Decrease Java heap size (-Xmx/-Xms)
#   Decrease number of Java threads
#   Decrease Java thread stack sizes (-Xss)
#   Set larger code cache with -XX:ReservedCodeCacheSize=
# This output file may be truncated or incomplete.
#
#  Out of Memory Error (allocation.cpp:390), pid=7328, tid=5672
#
# JRE version: Java(TM) SE Runtime Environment (8.0_91-b14) (build 1.8.0_91-b14)
# Java VM: Java HotSpot(TM) 64-Bit Server VM (25.91-b14 mixed mode windows-amd64 compressed oops)
# Failed to write core dump. Minidumps are not enabled by default on client versions of Windows
#

---------------  T H R E A D  ---------------

Current thread (0x00000000154dd000):  JavaThread "C2 CompilerThread1" daemon [_thread_in_native, id=5672, stack(0x0000000016ed0000,0x0000000016fd0000)]

Stack: [0x0000000016ed0000,0x0000000016fd0000]
[error occurred during error reporting (printing stack bounds), id 0xc0000005]

Native frames: (J=compiled Java code, j=interpreted, Vv=VM code, C=native code)


Current CompileTask:
C2:   4021 1176       4       com.android.dx.ssa.SsaMethod::forEachInsn (36 bytes)


---------------  P R O C E S S  ---------------

Java Threads: ( => current thread )
  0x0000000016a4e000 JavaThread "pool-1-thread-4" [_thread_blocked, id=9440, stack(0x00000000176d0000,0x00000000177d0000)]
  0x0000000016a4d000 JavaThread "pool-1-thread-3" [_thread_blocked, id=14864, stack(0x00000000175d0000,0x00000000176d0000)]
  0x0000000016a4c800 JavaThread "pool-1-thread-2" [_thread_in_Java, id=11796, stack(0x00000000174d0000,0x00000000175d0000)]
  0x0000000016a4b800 JavaThread "pool-2-thread-1" [_thread_blocked, id=13212, stack(0x00000000173d0000,0x00000000174d0000)]
  0x0000000016a48800 JavaThread "pool-1-thread-1" [_thread_in_Java, id=8392, stack(0x00000000172d0000,0x00000000173d0000)]
  0x0000000016832800 JavaThread "Service Thread" daemon [_thread_blocked, id=14132, stack(0x00000000170d0000,0x00000000171d0000)]
  0x000000001682b800 JavaThread "C1 CompilerThread2" daemon [_thread_in_native, id=10308, stack(0x0000000016fd0000,0x00000000170d0000)]
=>0x00000000154dd000 JavaThread "C2 CompilerThread1" daemon [_thread_in_native, id=5672, stack(0x0000000016ed0000,0x0000000016fd0000)]
  0x00000000154d2000 JavaThread "C2 CompilerThread0" daemon [_thread_in_native, id=14348, stack(0x0000000016dd0000,0x0000000016ed0000)]
  0x000000001548d800 JavaThread "Attach Listener" daemon [_thread_blocked, id=13484, stack(0x0000000016cd0000,0x0000000016dd0000)]
  0x00000000167e0800 JavaThread "Signal Dispatcher" daemon [_thread_blocked, id=13220, stack(0x0000000016bd0000,0x0000000016cd0000)]
  0x000000001546a000 JavaThread "Finalizer" daemon [_thread_blocked, id=14624, stack(0x00000000166d0000,0x00000000167d0000)]
  0x0000000002da0000 JavaThread "Reference Handler" daemon [_thread_blocked, id=14768, stack(0x00000000165d0000,0x00000000166d0000)]
  0x000000000284e000 JavaThread "main" [_thread_blocked, id=4936, stack(0x0000000002bb0000,0x0000000002cb0000)]

Other Threads:
  0x0000000015447800 VMThread [stack: 0x00000000164d0000,0x00000000165d0000] [id=10336]
  0x000000001687c000 WatcherThread [stack: 0x00000000171d0000,0x00000000172d0000] [id=11700]

VM state:not at safepoint (normal execution)

VM Mutex/Monitor currently owned by a thread: None

Heap:
 PSYoungGen      total 18944K, used 17820K [0x00000000eab00000, 0x00000000ec000000, 0x0000000100000000)
  eden space 16384K, 93% used [0x00000000eab00000,0x00000000eb9ef2a0,0x00000000ebb00000)
  from space 2560K, 98% used [0x00000000ebd80000,0x00000000ebff8028,0x00000000ec000000)
  to   space 2560K, 0% used [0x00000000ebb00000,0x00000000ebb00000,0x00000000ebd80000)
 ParOldGen       total 26112K, used 3260K [0x00000000c0000000, 0x00000000c1980000, 0x00000000eab00000)
  object space 26112K, 12% used [0x00000000c0000000,0x00000000c032f2c0,0x00000000c1980000)
 Metaspace       used 6145K, capacity 6966K, committed 7040K, reserved 1060864K
  class space    used 605K, capacity 622K, committed 640K, reserved 1048576K

Card table byte_map: [0x0000000012170000,0x0000000012380000] byte_map_base: 0x0000000011b70000

Marking Bits: (ParMarkBitMap*) 0x0000000077282f70
 Begin Bits: [0x00000000128e0000, 0x00000000138e0000)
 End Bits:   [0x00000000138e0000, 0x00000000148e0000)

Polling page: 0x0000000000f60000

CodeCache: size=245760Kb used=5107Kb max_used=5107Kb free=240652Kb
 bounds [0x0000000002db0000, 0x00000000032c0000, 0x0000000011db0000]
 total_blobs=1582 nmethods=1310 adapters=184
 compilation: enabled

Compilation events (10 events):
Event: 3.987 Thread 0x000000001682b800 nmethod 1252 0x0000000003283c50 code [0x0000000003283da0, 0x0000000003283f50]
Event: 3.987 Thread 0x000000001682b800 1253       3       com.android.dx.rop.code.AccessFlags::isStatic (13 bytes)
Event: 3.987 Thread 0x000000001682b800 nmethod 1253 0x0000000003284010 code [0x0000000003284160, 0x00000000032842f0]
Event: 3.987 Thread 0x000000001682b800 1256       3       com.android.dx.ssa.SsaConverter::edgeSplitSuccessors (98 bytes)
Event: 3.988 Thread 0x000000001682b800 nmethod 1256 0x0000000003284390 code [0x0000000003284600, 0x00000000032853c8]
Event: 3.988 Thread 0x000000001682b800 1254       3       com.android.dx.rop.cst.CstBaseMethodRef::isInstanceInit (8 bytes)
Event: 3.988 Thread 0x000000001682b800 nmethod 1254 0x0000000003285d50 code [0x0000000003285ec0, 0x00000000032862e8]
Event: 3.988 Thread 0x000000001682b800 1257       3       com.android.dx.rop.code.Rops::opMoveParam (69 bytes)
Event: 3.989 Thread 0x000000001682b800 nmethod 1257 0x0000000003286450 code [0x0000000003286680, 0x0000000003287258]
Event: 3.989 Thread 0x000000001682b800 1259       3       com.android.dx.ssa.back.FirstFitLocalCombiningAllocator::canMapRegs (60 bytes)

GC Heap History (6 events):
Event: 3.390 GC heap before
{Heap before GC invocations=1 (full 0):
 PSYoungGen      total 18944K, used 14148K [0x00000000eab00000, 0x00000000ec000000, 0x0000000100000000)
  eden space 16384K, 86% used [0x00000000eab00000,0x00000000eb8d1200,0x00000000ebb00000)
  from space 2560K, 0% used [0x00000000ebd80000,0x00000000ebd80000,0x00000000ec000000)
  to   space 2560K, 0% used [0x00000000ebb00000,0x00000000ebb00000,0x00000000ebd80000)
 ParOldGen       total 44032K, used 0K [0x00000000c0000000, 0x00000000c2b00000, 0x00000000eab00000)
  object space 44032K, 0% used [0x00000000c0000000,0x00000000c0000000,0x00000000c2b00000)
 Metaspace       used 5246K, capacity 6160K, committed 6272K, reserved 1062912K
  class space    used 575K, capacity 584K, committed 640K, reserved 1048576K
Event: 3.442 GC heap after
Heap after GC invocations=1 (full 0):
 PSYoungGen      total 18944K, used 2538K [0x00000000eab00000, 0x00000000ec000000, 0x0000000100000000)
  eden space 16384K, 0% used [0x00000000eab00000,0x00000000eab00000,0x00000000ebb00000)
  from space 2560K, 99% used [0x00000000ebb00000,0x00000000ebd7ab90,0x00000000ebd80000)
  to   space 2560K, 0% used [0x00000000ebd80000,0x00000000ebd80000,0x00000000ec000000)
 ParOldGen       total 44032K, used 308K [0x00000000c0000000, 0x00000000c2b00000, 0x00000000eab00000)
  object space 44032K, 0% used [0x00000000c0000000,0x00000000c004d110,0x00000000c2b00000)
 Metaspace       used 5246K, capacity 6160K, committed 6272K, reserved 1062912K
  class space    used 575K, capacity 584K, committed 640K, reserved 1048576K
}
Event: 3.442 GC heap before
{Heap before GC invocations=2 (full 1):
 PSYoungGen      total 18944K, used 2538K [0x00000000eab00000, 0x00000000ec000000, 0x0000000100000000)
  eden space 16384K, 0% used [0x00000000eab00000,0x00000000eab00000,0x00000000ebb00000)
  from space 2560K, 99% used [0x00000000ebb00000,0x00000000ebd7ab90,0x00000000ebd80000)
  to   space 2560K, 0% used [0x00000000ebd80000,0x00000000ebd80000,0x00000000ec000000)
 ParOldGen       total 44032K, used 308K [0x00000000c0000000, 0x00000000c2b00000, 0x00000000eab00000)
  object space 44032K, 0% used [0x00000000c0000000,0x00000000c004d110,0x00000000c2b00000)
 Metaspace       used 5246K, capacity 6160K, committed 6272K, reserved 1062912K
  class space    used 575K, capacity 584K, committed 640K, reserved 1048576K
Event: 3.475 GC heap after
Heap after GC invocations=2 (full 1):
 PSYoungGen      total 18944K, used 0K [0x00000000eab00000, 0x00000000ec000000, 0x0000000100000000)
  eden space 16384K, 0% used [0x00000000eab00000,0x00000000eab00000,0x00000000ebb00000)
  from space 2560K, 0% used [0x00000000ebb00000,0x00000000ebb00000,0x00000000ebd80000)
  to   space 2560K, 0% used [0x00000000ebd80000,0x00000000ebd80000,0x00000000ec000000)
 ParOldGen       total 26112K, used 2712K [0x00000000c0000000, 0x00000000c1980000, 0x00000000eab00000)
  object space 26112K, 10% used [0x00000000c0000000,0x00000000c02a6330,0x00000000c1980000)
 Metaspace       used 5246K, capacity 6160K, committed 6272K, reserved 1060864K
  class space    used 575K, capacity 584K, committed 640K, reserved 1048576K
}
Event: 3.876 GC heap before
{Heap before GC invocations=3 (full 1):
 PSYoungGen      total 18944K, used 16384K [0x00000000eab00000, 0x00000000ec000000, 0x0000000100000000)
  eden space 16384K, 100% used [0x00000000eab00000,0x00000000ebb00000,0x00000000ebb00000)
  from space 2560K, 0% used [0x00000000ebb00000,0x00000000ebb00000,0x00000000ebd80000)
  to   space 2560K, 0% used [0x00000000ebd80000,0x00000000ebd80000,0x00000000ec000000)
 ParOldGen       total 26112K, used 2712K [0x00000000c0000000, 0x00000000c1980000, 0x00000000eab00000)
  object space 26112K, 10% used [0x00000000c0000000,0x00000000c02a6330,0x00000000c1980000)
 Metaspace       used 5970K, capacity 6838K, committed 7040K, reserved 1060864K
  class space    used 601K, capacity 622K, committed 640K, reserved 1048576K
Event: 3.881 GC heap after
Heap after GC invocations=3 (full 1):
 PSYoungGen      total 18944K, used 2528K [0x00000000eab00000, 0x00000000ec000000, 0x0000000100000000)
  eden space 16384K, 0% used [0x00000000eab00000,0x00000000eab00000,0x00000000ebb00000)
  from space 2560K, 98% used [0x00000000ebd80000,0x00000000ebff8028,0x00000000ec000000)
  to   space 2560K, 0% used [0x00000000ebb00000,0x00000000ebb00000,0x00000000ebd80000)
 ParOldGen       total 26112K, used 3260K [0x00000000c0000000, 0x00000000c1980000, 0x00000000eab00000)
  object space 26112K, 12% used [0x00000000c0000000,0x00000000c032f2c0,0x00000000c1980000)
 Metaspace       used 5970K, capacity 6838K, committed 7040K, reserved 1060864K
  class space    used 601K, capacity 622K, committed 640K, reserved 1048576K
}

Deoptimization events (3 events):
Event: 2.317 Thread 0x000000000284e000 Uncommon trap: reason=unstable_if action=reinterpret pc=0x0000000002f08fd4 method=java.lang.String.compareTo(Ljava/lang/String;)I @ 38
Event: 3.575 Thread 0x000000000284e000 Uncommon trap: reason=class_check action=maybe_recompile pc=0x0000000002ff4a70 method=com.android.dx.ssa.NormalSsaInsn.accept(Lcom/android/dx/ssa/SsaInsn$Visitor;)V @ 9
Event: 3.731 Thread 0x0000000016a48800 Uncommon trap: reason=unstable_if action=reinterpret pc=0x00000000030cc3bc method=com.android.dx.rop.code.LocalItem.hashCode()I @ 25

Internal exceptions (2 events):
Event: 1.350 Thread 0x000000000284e000 Exception <a 'java/lang/NoSuchMethodError': Method sun.misc.Unsafe.defineClass(Ljava/lang/String;[BII)Ljava/lang/Class; name or signature does not match> (0x00000000eab07cc0) thrown at [C:\re\workspace\8-2-build-windows-amd64-cygwin\jdk8u91\6644\hotspot\srB9Z¤Ø™õ?
Event: 1.350 Thread 0x000000000284e000 Exception <a 'java/lang/NoSuchMethodError': Method sun.misc.Unsafe.prefetchRead(Ljava/lang/Object;J)V name or signature does not match> (0x00000000eab07fa8) thrown at [C:\re\workspace\8-2-build-windows-amd64-cygwin\jdk8u91\6644\hotspot\src\share\vm\prims\j

Events (10 events):
Event: 3.731 Thread 0x0000000016a48800 DEOPT PACKING pc=0x00000000030cc3bc sp=0x00000000173ce940
Event: 3.731 Thread 0x0000000016a48800 DEOPT UNPACKING pc=0x0000000002df582a sp=0x00000000173ce6a8 mode 2
Event: 3.755 loading class java/util/TreeMap$EntrySet
Event: 3.755 loading class java/util/TreeMap$EntrySet done
Event: 3.757 loading class java/util/TreeMap$EntryIterator
Event: 3.757 loading class java/util/TreeMap$EntryIterator done
Event: 3.757 Executing VM operation: Deoptimize
Event: 3.767 Executing VM operation: Deoptimize done
Event: 3.871 Executing VM operation: ParallelGCFailedAllocation
Event: 3.881 Executing VM operation: ParallelGCFailedAllocation done


Dynamic libraries:
0x00007ff77d8f0000 - 0x00007ff77d927000 	C:\Program Files\Java\jdk1.8.0_91\bin\java.exe
0x00007ffc57b90000 - 0x00007ffc57d51000 	C:\WINDOWS\SYSTEM32\ntdll.dll
0x00007ffc56ba0000 - 0x00007ffc56c4d000 	C:\WINDOWS\system32\KERNEL32.DLL
0x00007ffc54ab0000 - 0x00007ffc54c98000 	C:\WINDOWS\system32\KERNELBASE.dll
0x00007ffc572f0000 - 0x00007ffc57397000 	C:\WINDOWS\system32\ADVAPI32.dll
0x00007ffc570f0000 - 0x00007ffc5718d000 	C:\WINDOWS\system32\msvcrt.dll
0x00007ffc57600000 - 0x00007ffc5765b000 	C:\WINDOWS\system32\sechost.dll
0x00007ffc56960000 - 0x00007ffc56a7c000 	C:\WINDOWS\system32\RPCRT4.dll
0x00007ffc57820000 - 0x00007ffc57976000 	C:\WINDOWS\system32\USER32.dll
0x00007ffc56ed0000 - 0x00007ffc57056000 	C:\WINDOWS\system32\GDI32.dll
0x00007ffc50950000 - 0x00007ffc50bc4000 	C:\WINDOWS\WinSxS\amd64_microsoft.windows.common-controls_6595b64144ccf1df_6.0.10586.589_none_a2ddb3caa539acce\COMCTL32.dll
0x00007ffc56c50000 - 0x00007ffc56ecd000 	C:\WINDOWS\system32\combase.dll
0x00007ffc54080000 - 0x00007ffc540ea000 	C:\WINDOWS\system32\bcryptPrimitives.dll
0x00007ffc54f90000 - 0x00007ffc54fcb000 	C:\WINDOWS\system32\IMM32.DLL
0x00007ffc53e70000 - 0x00007ffc53ea1000 	C:\Windows\system32\nvinitx.dll
0x00007ffc53e60000 - 0x00007ffc53e6a000 	C:\WINDOWS\SYSTEM32\VERSION.dll
0x00000000765f0000 - 0x00000000766c2000 	C:\Program Files\Java\jdk1.8.0_91\jre\bin\msvcr100.dll
0x0000000076a70000 - 0x0000000077303000 	C:\Program Files\Java\jdk1.8.0_91\jre\bin\server\jvm.dll
0x00007ffc54a30000 - 0x00007ffc54a53000 	C:\WINDOWS\system32\WINMM.dll
0x00007ffc53f80000 - 0x00007ffc53fac000 	C:\WINDOWS\system32\WINMMBASE.dll
0x00007ffc54a60000 - 0x00007ffc54aa3000 	C:\WINDOWS\system32\cfgmgr32.dll
0x00007ffc57770000 - 0x00007ffc57778000 	C:\WINDOWS\system32\PSAPI.DLL
0x00007ffc478f0000 - 0x00007ffc478f9000 	C:\WINDOWS\SYSTEM32\WSOCK32.dll
0x00007ffc56b30000 - 0x00007ffc56b9b000 	C:\WINDOWS\system32\WS2_32.dll
0x0000000050010000 - 0x000000005001f000 	C:\Program Files\Java\jdk1.8.0_91\jre\bin\verify.dll
0x0000000077c50000 - 0x0000000077c79000 	C:\Program Files\Java\jdk1.8.0_91\jre\bin\java.dll
0x0000000076a50000 - 0x0000000076a66000 	C:\Program Files\Java\jdk1.8.0_91\jre\bin\zip.dll
0x00007ffc55400000 - 0x00007ffc5695c000 	C:\WINDOWS\system32\SHELL32.dll
0x00007ffc543e0000 - 0x00007ffc54a25000 	C:\WINDOWS\system32\windows.storage.dll
0x00007ffc54dd0000 - 0x00007ffc54e22000 	C:\WINDOWS\system32\shlwapi.dll
0x00007ffc53fb0000 - 0x00007ffc53fbf000 	C:\WINDOWS\system32\kernel.appcore.dll
0x00007ffc54d00000 - 0x00007ffc54db5000 	C:\WINDOWS\system32\shcore.dll
0x00007ffc54390000 - 0x00007ffc543db000 	C:\WINDOWS\system32\powrprof.dll
0x00007ffc53fd0000 - 0x00007ffc53fe4000 	C:\WINDOWS\system32\profapi.dll

VM Arguments:
jvm_args: -Djava.awt.headless=true -Xmx1024M -Dfile.encoding=GBK -Duser.country=CN -Duser.language=zh -Duser.variant 
java_command: com.android.dx.command.Main --dex --force-jumbo --num-threads=4 --output D:\andriod_projects\smartHome\app\build\intermediates\pre-dexed\debug\internal_impl-23.3.0_628a58c2397ca56ccbeb6593915d2c9ba0d98f36.jar D:\andriod_projects\smartHome\app\build\intermediates\exploded-aar\com.android.support\support-v4\23.3.0\jars\libs\internal_impl-23.3.0.jar
java_class_path (initial): D:\android\android_SDK\build-tools\23.0.3\lib\dx.jar
Launcher Type: SUN_STANDARD

Environment Variables:
JAVA_HOME=C:\Program Files (x86)\Java\jdk1.8.0_31
CLASSPATH=C:\Program Files (x86)\Java\jdk1.8.0_31\lib;C:\Program Files (x86)\Java\jdk1.8.0_31\lib\tools.jar;D:\andriod environment\adt-bundle-windows-x86-20131030\eclipse\plugins\org.apache.ant_1.8.3.v201301120609\lib;
PATH=C:\PROGRA~1\PTC\MKSTOO~1\bin64;C:\PROGRA~1\PTC\MKSTOO~1\bin;C:\PROGRA~1\PTC\MKSTOO~1\bin\X11;C:\PROGRA~1\PTC\MKSTOO~1\mksnt;C:\ProgramData\Oracle\Java\javapath;C:\Program Files (x86)\Intel\iCLS Client\;C:\Program Files\Intel\iCLS Client\;C:\Program Files (x86)\NVIDIA Corporation\PhysX\Common;C:\WINDOWS\system32;C:\WINDOWS;C:\WINDOWS\System32\Wbem;C:\WINDOWS\System32\WindowsPowerShell\v1.0\;C:\Program Files\Intel\Intel(R) Management Engine Components\DAL;C:\Program Files\Intel\Intel(R) Management Engine Components\IPT;C:\Program Files (x86)\Intel\Intel(R) Management Engine Components\DAL;C:\Program Files (x86)\Intel\Intel(R) Management Engine Components\IPT;C:\Program Files (x86)\Java\jdk1.8.0_31\bin;C:\Program Files (x86)\Java\jdk1.8.0_31\jre\bin;D:\andriod environment\adt-bundle-windows-x86-20131030\sdk\tools;D:\andriod environment\adt-bundle-windows-x86-20131030\sdk\platform-tools;D:\andriod environment\adt-bundle-windows-x86-20131030\eclipse\plugins\org.apache.ant_1.8.3.v201301120609\bin;C:\Program Files\nodejs\;D:\Git\cmd;D:\HMA! Pro VPN\bin
USERNAME=freedom
DISPLAY=:0.0
OS=Windows_NT
PROCESSOR_IDENTIFIER=Intel64 Family 6 Model 60 Stepping 3, GenuineIntel



---------------  S Y S T E M  ---------------

OS: Windows 10.0 , 64 bit Build 10586 (10.0.10586.589)

CPU:total 4 (2 cores per cpu, 2 threads per core) family 6 model 60 stepping 3, cmov, cx8, fxsr, mmx, sse, sse2, sse3, ssse3, sse4.1, sse4.2, popcnt, avx, avx2, aes, clmul, erms, lzcnt, ht, tsc, tscinvbit, bmi1, bmi2

Memory: 4k page, physical 4112564k(424468k free), swap 5685428k(5288k free)

vm_info: Java HotSpot(TM) 64-Bit Server VM (25.91-b14) for windows-amd64 JRE (1.8.0_91-b14), built on Apr  1 2016 00:58:32 by "java_re" with MS VC++ 10.0 (VS2010)

time: Mon Sep 26 22:59:54 2016
elapsed time: 4 seconds (0d 0h 0m 4s)

