#
# There is insufficient memory for the Java Runtime Environment to continue.
# Native memory allocation (malloc) failed to allocate 32744 bytes for ChunkPool::allocate
# Possible reasons:
#   The system is out of physical RAM or swap space
#   In 32 bit mode, the process size limit was hit
# Possible solutions:
#   Reduce memory load on the system
#   Increase physical memory or swap space
#   Check if swap backing store is full
#   Use 64 bit Java on a 64 bit OS
#   Decrease Java heap size (-Xmx/-Xms)
#   Decrease number of Java threads
#   Decrease Java thread stack sizes (-Xss)
#   Set larger code cache with -XX:ReservedCodeCacheSize=
# This output file may be truncated or incomplete.
#
#  Out of Memory Error (allocation.cpp:273), pid=9796, tid=9464
#
# JRE version: Java(TM) SE Runtime Environment (8.0_91-b14) (build 1.8.0_91-b14)
# Java VM: Java HotSpot(TM) 64-Bit Server VM (25.91-b14 mixed mode windows-amd64 compressed oops)
# Failed to write core dump. Minidumps are not enabled by default on client versions of Windows
#

---------------  T H R E A D  ---------------

Current thread (0x0000000015a3c800):  JavaThread "C2 CompilerThread0" daemon [_thread_in_native, id=9464, stack(0x0000000017340000,0x0000000017440000)]

Stack: [0x0000000017340000,0x0000000017440000]
[error occurred during error reporting (printing stack bounds), id 0xc0000005]

Native frames: (J=compiled Java code, j=interpreted, Vv=VM code, C=native code)


Current CompileTask:
C2:    352  244   !   4      
[error occurred during error reporting (printing current compile task), id 0xe0000001]


---------------  P R O C E S S  ---------------

Java Threads: ( => current thread )
  0x0000000017008000 JavaThread "pool-2-thread-4" [_thread_in_vm_trans, id=4920, stack(0x0000000017c40000,0x0000000017d40000)]
  0x0000000016e9c000 JavaThread "pool-2-thread-3" [_thread_in_vm, id=4268, stack(0x0000000017b40000,0x0000000017c40000)]
  0x0000000016e9b000 JavaThread "pool-2-thread-2" [_thread_in_vm, id=5536, stack(0x0000000017a40000,0x0000000017b40000)]
  0x0000000016e98800 JavaThread "pool-3-thread-1" [_thread_blocked, id=8704, stack(0x0000000017940000,0x0000000017a40000)]
  0x0000000016e97800 JavaThread "pool-2-thread-1" [_thread_blocked, id=9824, stack(0x0000000017840000,0x0000000017940000)]
  0x0000000016da0800 JavaThread "Service Thread" daemon [_thread_blocked, id=5988, stack(0x0000000017640000,0x0000000017740000)]
  0x0000000016d4c000 JavaThread "C1 CompilerThread2" daemon [_thread_in_native, id=10004, stack(0x0000000017540000,0x0000000017640000)]
  0x0000000016d49000 JavaThread "C2 CompilerThread1" daemon [_thread_blocked, id=9256, stack(0x0000000017440000,0x0000000017540000)]
=>0x0000000015a3c800 JavaThread "C2 CompilerThread0" daemon [_thread_in_native, id=9464, stack(0x0000000017340000,0x0000000017440000)]
  0x0000000015a3a800 JavaThread "Attach Listener" daemon [_thread_blocked, id=1732, stack(0x0000000017240000,0x0000000017340000)]
  0x00000000159ef000 JavaThread "Signal Dispatcher" daemon [_thread_blocked, id=8508, stack(0x0000000017140000,0x0000000017240000)]
  0x000000000330a800 JavaThread "Finalizer" daemon [_thread_blocked, id=3328, stack(0x0000000016c30000,0x0000000016d30000)]
  0x0000000003300000 JavaThread "Reference Handler" daemon [_thread_blocked, id=4312, stack(0x0000000016b30000,0x0000000016c30000)]
  0x0000000002e1e000 JavaThread "main" [_thread_blocked, id=8144, stack(0x0000000002d10000,0x0000000002e10000)]

Other Threads:
  0x00000000159a7800 VMThread [stack: 0x0000000016a30000,0x0000000016b30000] [id=8580]
  0x0000000016e05800 WatcherThread [stack: 0x0000000017740000,0x0000000017840000] [id=1700]

VM state:not at safepoint (normal execution)

VM Mutex/Monitor currently owned by a thread: None

Heap:
 PSYoungGen      total 18944K, used 7593K [0x00000000eab00000, 0x00000000ec000000, 0x0000000100000000)
  eden space 16384K, 46% used [0x00000000eab00000,0x00000000eb26a580,0x00000000ebb00000)
  from space 2560K, 0% used [0x00000000ebd80000,0x00000000ebd80000,0x00000000ec000000)
  to   space 2560K, 0% used [0x00000000ebb00000,0x00000000ebb00000,0x00000000ebd80000)
 ParOldGen       total 44032K, used 0K [0x00000000c0000000, 0x00000000c2b00000, 0x00000000eab00000)
  object space 44032K, 0% used [0x00000000c0000000,0x00000000c0000000,0x00000000c2b00000)
 Metaspace       used 4399K, capacity 5648K, committed 6016K, reserved 1056768K
  class space    used 484K, capacity 520K, committed 640K, reserved 1048576K

Card table byte_map: [0x00000000126d0000,0x00000000128e0000] byte_map_base: 0x00000000120d0000

Marking Bits: (ParMarkBitMap*) 0x000000005b2d2f70
 Begin Bits: [0x0000000012e40000, 0x0000000013e40000)
 End Bits:   [0x0000000013e40000, 0x0000000014e40000)

Polling page: 0x0000000001120000

CodeCache: size=245760Kb used=1691Kb max_used=1702Kb free=244068Kb
 bounds [0x0000000003310000, 0x0000000003580000, 0x0000000012310000]
 total_blobs=508 nmethods=249 adapters=172
 compilation: enabled

Compilation events (10 events):
Event: 0.345 Thread 0x0000000016d4c000 nmethod 246 0x00000000034a95d0 code [0x00000000034a9720, 0x00000000034a9810]
Event: 0.346 Thread 0x0000000016d4c000  247       1       com.android.dx.util.MutabilityControl::isMutable (5 bytes)
Event: 0.346 Thread 0x0000000016d4c000 nmethod 247 0x00000000034b1850 code [0x00000000034b19a0, 0x00000000034b1ab0]
Event: 0.346 Thread 0x0000000016d4c000  248       3       com.android.dx.rop.cst.Constant::compareTo (33 bytes)
Event: 0.346 Thread 0x0000000016d4c000 nmethod 248 0x00000000034b1b10 code [0x00000000034b1cc0, 0x00000000034b23f8]
Event: 0.346 Thread 0x0000000016d4c000  249   !   3       com.android.dx.rop.type.Type::intern (319 bytes)
Event: 0.347 Thread 0x0000000016d49000  256       4       java.lang.String::compareTo (78 bytes)
Event: 0.349 Thread 0x0000000016d4c000 nmethod 249 0x00000000034b2610 code [0x00000000034b2a80, 0x00000000034b54e8]
Event: 0.349 Thread 0x0000000016d4c000  255       3       java.util.TreeMap::fixAfterInsertion (267 bytes)
Event: 0.350 Thread 0x0000000016d49000 nmethod 256 0x00000000034b9fd0 code [0x00000000034ba120, 0x00000000034ba2b8]

GC Heap History (0 events):
No events

Deoptimization events (0 events):
No events

Internal exceptions (2 events):
Event: 0.034 Thread 0x0000000002e1e000 Exception <a 'java/lang/NoSuchMethodError': Method sun.misc.Unsafe.defineClass(Ljava/lang/String;[BII)Ljava/lang/Class; name or signature does not match> (0x00000000eab07cc0) thrown at [C:\re\workspace\8-2-build-windows-amd64-cygwin\jdk8u91\6644\hotspot\sr¡
êi¡?
Event: 0.034 Thread 0x0000000002e1e000 Exception <a 'java/lang/NoSuchMethodError': Method sun.misc.Unsafe.prefetchRead(Ljava/lang/Object;J)V name or signature does not match> (0x00000000eab07fa8) thrown at [C:\re\workspace\8-2-build-windows-amd64-cygwin\jdk8u91\6644\hotspot\src\share\vm\prims\j

Events (10 events):
Event: 0.343 loading class com/android/dx/rop/code/RegisterSpec
Event: 0.343 loading class com/android/dx/rop/code/RegisterSpec done
Event: 0.345 loading class com/android/dx/rop/code/RegisterSpec$ForComparison
Event: 0.345 loading class com/android/dx/rop/code/RegisterSpec$ForComparison done
Event: 0.346 loading class com/android/dx/rop/code/Rops
Event: 0.346 loading class com/android/dx/rop/code/Rops done
Event: 0.348 loading class com/android/dx/rop/code/Rop
Event: 0.348 loading class com/android/dx/rop/code/Rop done
Event: 0.349 loading class com/android/dx/rop/code/Exceptions
Event: 0.349 loading class com/android/dx/rop/code/Exceptions done


Dynamic libraries:
0x00007ff6510e0000 - 0x00007ff651117000 	C:\Program Files\Java\jdk1.8.0_91\bin\java.exe
0x00007fffc0830000 - 0x00007fffc09f1000 	C:\WINDOWS\SYSTEM32\ntdll.dll
0x00007fffc0770000 - 0x00007fffc081d000 	C:\WINDOWS\system32\KERNEL32.DLL
0x00007fffbcee0000 - 0x00007fffbd0c8000 	C:\WINDOWS\system32\KERNELBASE.dll
0x00007fffbdf70000 - 0x00007fffbe017000 	C:\WINDOWS\system32\ADVAPI32.dll
0x00007fffbe460000 - 0x00007fffbe4fd000 	C:\WINDOWS\system32\msvcrt.dll
0x00007fffbfe00000 - 0x00007fffbfe5b000 	C:\WINDOWS\system32\sechost.dll
0x00007fffc0430000 - 0x00007fffc054c000 	C:\WINDOWS\system32\RPCRT4.dll
0x00007fffc0050000 - 0x00007fffc01a6000 	C:\WINDOWS\system32\USER32.dll
0x00007fffbdd80000 - 0x00007fffbdf06000 	C:\WINDOWS\system32\GDI32.dll
0x00007fffb9680000 - 0x00007fffb98f4000 	C:\WINDOWS\WinSxS\amd64_microsoft.windows.common-controls_6595b64144ccf1df_6.0.10586.0_none_8c15ae12515e1c22\COMCTL32.dll
0x00007fffbfb80000 - 0x00007fffbfdfd000 	C:\WINDOWS\system32\combase.dll
0x00007fffbd0d0000 - 0x00007fffbd13a000 	C:\WINDOWS\system32\bcryptPrimitives.dll
0x00007fffc0010000 - 0x00007fffc004b000 	C:\WINDOWS\system32\IMM32.DLL
0x00007fffbcb10000 - 0x00007fffbcb41000 	C:\Windows\system32\nvinitx.dll
0x00007fffbcb00000 - 0x00007fffbcb0a000 	C:\WINDOWS\SYSTEM32\VERSION.dll
0x000000005a810000 - 0x000000005a8e2000 	C:\Program Files\Java\jdk1.8.0_91\jre\bin\msvcr100.dll
0x000000005aac0000 - 0x000000005b353000 	C:\Program Files\Java\jdk1.8.0_91\jre\bin\server\jvm.dll
0x00007fffbceb0000 - 0x00007fffbced3000 	C:\WINDOWS\system32\WINMM.dll
0x00007fffbcc20000 - 0x00007fffbcc4c000 	C:\WINDOWS\system32\WINMMBASE.dll
0x00007fffb4570000 - 0x00007fffb4579000 	C:\WINDOWS\SYSTEM32\WSOCK32.dll
0x00007fffbcd90000 - 0x00007fffbcdd3000 	C:\WINDOWS\system32\cfgmgr32.dll
0x00007fffc0700000 - 0x00007fffc076b000 	C:\WINDOWS\system32\WS2_32.dll
0x00007fffc0310000 - 0x00007fffc0318000 	C:\WINDOWS\system32\PSAPI.DLL
0x000000005be80000 - 0x000000005be8f000 	C:\Program Files\Java\jdk1.8.0_91\jre\bin\verify.dll
0x000000005be50000 - 0x000000005be79000 	C:\Program Files\Java\jdk1.8.0_91\jre\bin\java.dll
0x000000005be30000 - 0x000000005be46000 	C:\Program Files\Java\jdk1.8.0_91\jre\bin\zip.dll
0x00007fffbe620000 - 0x00007fffbfb7c000 	C:\WINDOWS\system32\SHELL32.dll
0x00007fffbd420000 - 0x00007fffbda64000 	C:\WINDOWS\system32\windows.storage.dll
0x00007fffc06a0000 - 0x00007fffc06f2000 	C:\WINDOWS\system32\shlwapi.dll
0x00007fffbcc60000 - 0x00007fffbcc6f000 	C:\WINDOWS\system32\kernel.appcore.dll
0x00007fffbcde0000 - 0x00007fffbce95000 	C:\WINDOWS\system32\shcore.dll
0x00007fffbcd40000 - 0x00007fffbcd8b000 	C:\WINDOWS\system32\powrprof.dll
0x00007fffbcc70000 - 0x00007fffbcc84000 	C:\WINDOWS\system32\profapi.dll

VM Arguments:
jvm_args: -Djava.awt.headless=true -Xmx1024M -Dfile.encoding=GBK -Duser.country=CN -Duser.language=zh -Duser.variant 
java_command: com.android.dx.command.Main --dex --force-jumbo --num-threads=4 --multi-dex --output D:\andriod_projects\Smart_home\app\build\intermediates\transforms\dex\debug\folders\1000\5\slice_2 D:\andriod_projects\Smart_home\app\build\intermediates\transforms\instantRunSlicer\debug\folders\1\5\slice_2
java_class_path (initial): D:\android\android_SDK\build-tools\23.0.3\lib\dx.jar
Launcher Type: SUN_STANDARD

Environment Variables:
JAVA_HOME=C:\Program Files (x86)\Java\jdk1.8.0_31
CLASSPATH=C:\Program Files (x86)\Java\jdk1.8.0_31\lib;C:\Program Files (x86)\Java\jdk1.8.0_31\lib\tools.jar;D:\andriod environment\adt-bundle-windows-x86-20131030\eclipse\plugins\org.apache.ant_1.8.3.v201301120609\lib;
PATH=C:\PROGRA~1\PTC\MKSTOO~1\bin64;C:\PROGRA~1\PTC\MKSTOO~1\bin;C:\PROGRA~1\PTC\MKSTOO~1\bin\X11;C:\PROGRA~1\PTC\MKSTOO~1\mksnt;C:\ProgramData\Oracle\Java\javapath;C:\Program Files (x86)\Intel\iCLS Client\;C:\Program Files\Intel\iCLS Client\;C:\Program Files (x86)\NVIDIA Corporation\PhysX\Common;C:\WINDOWS\system32;C:\WINDOWS;C:\WINDOWS\System32\Wbem;C:\WINDOWS\System32\WindowsPowerShell\v1.0\;C:\Program Files\Intel\Intel(R) Management Engine Components\DAL;C:\Program Files\Intel\Intel(R) Management Engine Components\IPT;C:\Program Files (x86)\Intel\Intel(R) Management Engine Components\DAL;C:\Program Files (x86)\Intel\Intel(R) Management Engine Components\IPT;C:\Program Files (x86)\Java\jdk1.8.0_31\bin;C:\Program Files (x86)\Java\jdk1.8.0_31\jre\bin;D:\andriod environment\adt-bundle-windows-x86-20131030\sdk\tools;D:\andriod environment\adt-bundle-windows-x86-20131030\sdk\platform-tools;D:\andriod environment\adt-bundle-windows-x86-20131030\eclipse\plugins\org.apache.ant_1.8.3.v201301120609\bin;C:\Program Files\nodejs\;D:\HMA! Pro VPN\bin
USERNAME=freedom
DISPLAY=:0.0
OS=Windows_NT
PROCESSOR_IDENTIFIER=Intel64 Family 6 Model 60 Stepping 3, GenuineIntel



---------------  S Y S T E M  ---------------

OS: Windows 10.0 , 64 bit Build 10586 (10.0.10586.0)

CPU:total 4 (2 cores per cpu, 2 threads per core) family 6 model 60 stepping 3, cmov, cx8, fxsr, mmx, sse, sse2, sse3, ssse3, sse4.1, sse4.2, popcnt, avx, avx2, aes, clmul, erms, lzcnt, ht, tsc, tscinvbit, bmi1, bmi2

Memory: 4k page, physical 4112564k(462276k free), swap 5685428k(4096k free)

vm_info: Java HotSpot(TM) 64-Bit Server VM (25.91-b14) for windows-amd64 JRE (1.8.0_91-b14), built on Apr  1 2016 00:58:32 by "java_re" with MS VC++ 10.0 (VS2010)

time: Sat Jun 18 01:45:27 2016
elapsed time: 0 seconds (0d 0h 0m 0s)

