#
# There is insufficient memory for the Java Runtime Environment to continue.
# Native memory allocation (malloc) failed to allocate 32744 bytes for ChunkPool::allocate
# Possible reasons:
#   The system is out of physical RAM or swap space
#   In 32 bit mode, the process size limit was hit
# Possible solutions:
#   Reduce memory load on the system
#   Increase physical memory or swap space
#   Check if swap backing store is full
#   Use 64 bit Java on a 64 bit OS
#   Decrease Java heap size (-Xmx/-Xms)
#   Decrease number of Java threads
#   Decrease Java thread stack sizes (-Xss)
#   Set larger code cache with -XX:ReservedCodeCacheSize=
# This output file may be truncated or incomplete.
#
#  Out of Memory Error (allocation.cpp:273), pid=9380, tid=1252
#
# JRE version: Java(TM) SE Runtime Environment (8.0_91-b14) (build 1.8.0_91-b14)
# Java VM: Java HotSpot(TM) 64-Bit Server VM (25.91-b14 mixed mode windows-amd64 compressed oops)
# Failed to write core dump. Minidumps are not enabled by default on client versions of Windows
#

---------------  T H R E A D  ---------------

Current thread (0x0000000015173800):  JavaThread "C2 CompilerThread0" daemon [_thread_in_native, id=1252, stack(0x0000000016af0000,0x0000000016bf0000)]

Stack: [0x0000000016af0000,0x0000000016bf0000]
[error occurred during error reporting (printing stack bounds), id 0xc0000005]

Native frames: (J=compiled Java code, j=interpreted, Vv=VM code, C=native code)


Current CompileTask:
C2:   4147 1237 %     4       com.android.dx.ssa.SsaMethod::computeReachability @ 95 (131 bytes)


---------------  P R O C E S S  ---------------

Java Threads: ( => current thread )
  0x000000001678b800 JavaThread "pool-1-thread-4" [_thread_blocked, id=6300, stack(0x00000000173f0000,0x00000000174f0000)]
  0x000000001678b000 JavaThread "pool-1-thread-3" [_thread_in_Java, id=8620, stack(0x00000000172f0000,0x00000000173f0000)]
  0x000000001678a000 JavaThread "pool-1-thread-2" [_thread_blocked, id=4104, stack(0x00000000171f0000,0x00000000172f0000)]
  0x0000000016789800 JavaThread "pool-2-thread-1" [_thread_blocked, id=5108, stack(0x00000000170f0000,0x00000000171f0000)]
  0x0000000016786800 JavaThread "pool-1-thread-1" [_thread_blocked, id=5396, stack(0x0000000016ff0000,0x00000000170f0000)]
  0x000000001654d000 JavaThread "Service Thread" daemon [_thread_blocked, id=10800, stack(0x0000000016df0000,0x0000000016ef0000)]
  0x000000001517d800 JavaThread "C1 CompilerThread2" daemon [_thread_in_native, id=728, stack(0x0000000016cf0000,0x0000000016df0000)]
  0x0000000015175800 JavaThread "C2 CompilerThread1" daemon [_thread_blocked, id=3044, stack(0x0000000016bf0000,0x0000000016cf0000)]
=>0x0000000015173800 JavaThread "C2 CompilerThread0" daemon [_thread_in_native, id=1252, stack(0x0000000016af0000,0x0000000016bf0000)]
  0x0000000015171800 JavaThread "Attach Listener" daemon [_thread_blocked, id=6564, stack(0x00000000169f0000,0x0000000016af0000)]
  0x000000001512e000 JavaThread "Signal Dispatcher" daemon [_thread_blocked, id=4956, stack(0x00000000168f0000,0x00000000169f0000)]
  0x000000001510a800 JavaThread "Finalizer" daemon [_thread_blocked, id=9400, stack(0x0000000016390000,0x0000000016490000)]
  0x0000000002a40000 JavaThread "Reference Handler" daemon [_thread_blocked, id=11136, stack(0x0000000016290000,0x0000000016390000)]
  0x0000000000cae800 JavaThread "main" [_thread_blocked, id=7756, stack(0x0000000002850000,0x0000000002950000)]

Other Threads:
  0x00000000150e7800 VMThread [stack: 0x0000000016190000,0x0000000016290000] [id=2100]
  0x000000001656d000 WatcherThread [stack: 0x0000000016ef0000,0x0000000016ff0000] [id=5564]

VM state:not at safepoint (normal execution)

VM Mutex/Monitor currently owned by a thread: None

Heap:
 PSYoungGen      total 35328K, used 5406K [0x00000000eab00000, 0x00000000ed000000, 0x0000000100000000)
  eden space 32768K, 8% used [0x00000000eab00000,0x00000000eadcb0b8,0x00000000ecb00000)
  from space 2560K, 99% used [0x00000000ecd80000,0x00000000ecffcac0,0x00000000ed000000)
  to   space 2560K, 0% used [0x00000000ecb00000,0x00000000ecb00000,0x00000000ecd80000)
 ParOldGen       total 44032K, used 2980K [0x00000000c0000000, 0x00000000c2b00000, 0x00000000eab00000)
  object space 44032K, 6% used [0x00000000c0000000,0x00000000c02e9340,0x00000000c2b00000)
 Metaspace       used 6062K, capacity 6902K, committed 7040K, reserved 1056768K
  class space    used 601K, capacity 622K, committed 640K, reserved 1048576K

Card table byte_map: [0x0000000011e10000,0x0000000012020000] byte_map_base: 0x0000000011810000

Marking Bits: (ParMarkBitMap*) 0x0000000076812f70
 Begin Bits: [0x0000000012580000, 0x0000000013580000)
 End Bits:   [0x0000000013580000, 0x0000000014580000)

Polling page: 0x0000000000c10000

CodeCache: size=245760Kb used=4903Kb max_used=4903Kb free=240856Kb
 bounds [0x0000000002a50000, 0x0000000002f20000, 0x0000000011a50000]
 total_blobs=1520 nmethods=1249 adapters=184
 compilation: enabled

Compilation events (10 events):
Event: 4.137 Thread 0x000000001517d800 nmethod 1246 0x0000000002f183d0 code [0x0000000002f185a0, 0x0000000002f18d88]
Event: 4.137 Thread 0x000000001517d800 1245       3       com.android.dx.ssa.back.FirstFitLocalCombiningAllocator::tryMapReg (41 bytes)
Event: 4.138 Thread 0x000000001517d800 nmethod 1245 0x0000000002f19350 code [0x0000000002f19580, 0x0000000002f1a348]
Event: 4.138 Thread 0x000000001517d800 1255       3       com.android.dx.util.FixedSizeList::shrinkToFit (103 bytes)
Event: 4.139 Thread 0x000000001517d800 nmethod 1255 0x0000000002f1aa10 code [0x0000000002f1abc0, 0x0000000002f1b448]
Event: 4.139 Thread 0x000000001517d800 1254       3       com.android.dx.util.LabeledList::<init> (57 bytes)
Event: 4.139 Thread 0x000000001517d800 nmethod 1254 0x0000000002f1b790 code [0x0000000002f1b9c0, 0x0000000002f1c678]
Event: 4.139 Thread 0x000000001517d800 1256   !   3       com.android.dx.cf.code.OneLocalsArray::set (106 bytes)
Event: 4.140 Thread 0x000000001517d800 nmethod 1256 0x0000000002f1ced0 code [0x0000000002f1d120, 0x0000000002f1df58]
Event: 4.140 Thread 0x000000001517d800 1248       3       com.android.dx.cf.code.Simulator$SimVisitor::visitNoArgs (2108 bytes)

GC Heap History (4 events):
Event: 3.226 GC heap before
{Heap before GC invocations=1 (full 0):
 PSYoungGen      total 18944K, used 16384K [0x00000000eab00000, 0x00000000ec000000, 0x0000000100000000)
  eden space 16384K, 100% used [0x00000000eab00000,0x00000000ebb00000,0x00000000ebb00000)
  from space 2560K, 0% used [0x00000000ebd80000,0x00000000ebd80000,0x00000000ec000000)
  to   space 2560K, 0% used [0x00000000ebb00000,0x00000000ebb00000,0x00000000ebd80000)
 ParOldGen       total 44032K, used 0K [0x00000000c0000000, 0x00000000c2b00000, 0x00000000eab00000)
  object space 44032K, 0% used [0x00000000c0000000,0x00000000c0000000,0x00000000c2b00000)
 Metaspace       used 5579K, capacity 6516K, committed 6784K, reserved 1056768K
  class space    used 597K, capacity 620K, committed 640K, reserved 1048576K
Event: 3.492 GC heap after
Heap after GC invocations=1 (full 0):
 PSYoungGen      total 18944K, used 2557K [0x00000000eab00000, 0x00000000ed000000, 0x0000000100000000)
  eden space 16384K, 0% used [0x00000000eab00000,0x00000000eab00000,0x00000000ebb00000)
  from space 2560K, 99% used [0x00000000ebb00000,0x00000000ebd7f5d0,0x00000000ebd80000)
  to   space 2560K, 0% used [0x00000000ecd80000,0x00000000ecd80000,0x00000000ed000000)
 ParOldGen       total 44032K, used 984K [0x00000000c0000000, 0x00000000c2b00000, 0x00000000eab00000)
  object space 44032K, 2% used [0x00000000c0000000,0x00000000c00f62a8,0x00000000c2b00000)
 Metaspace       used 5579K, capacity 6516K, committed 6784K, reserved 1056768K
  class space    used 597K, capacity 620K, committed 640K, reserved 1048576K
}
Event: 4.056 GC heap before
{Heap before GC invocations=2 (full 0):
 PSYoungGen      total 18944K, used 18941K [0x00000000eab00000, 0x00000000ed000000, 0x0000000100000000)
  eden space 16384K, 100% used [0x00000000eab00000,0x00000000ebb00000,0x00000000ebb00000)
  from space 2560K, 99% used [0x00000000ebb00000,0x00000000ebd7f5d0,0x00000000ebd80000)
  to   space 2560K, 0% used [0x00000000ecd80000,0x00000000ecd80000,0x00000000ed000000)
 ParOldGen       total 44032K, used 984K [0x00000000c0000000, 0x00000000c2b00000, 0x00000000eab00000)
  object space 44032K, 2% used [0x00000000c0000000,0x00000000c00f62a8,0x00000000c2b00000)
 Metaspace       used 6041K, capacity 6902K, committed 7040K, reserved 1056768K
  class space    used 601K, capacity 622K, committed 640K, reserved 1048576K
Event: 4.125 GC heap after
Heap after GC invocations=2 (full 0):
 PSYoungGen      total 35328K, used 2546K [0x00000000eab00000, 0x00000000ed000000, 0x0000000100000000)
  eden space 32768K, 0% used [0x00000000eab00000,0x00000000eab00000,0x00000000ecb00000)
  from space 2560K, 99% used [0x00000000ecd80000,0x00000000ecffcac0,0x00000000ed000000)
  to   space 2560K, 0% used [0x00000000ecb00000,0x00000000ecb00000,0x00000000ecd80000)
 ParOldGen       total 44032K, used 2980K [0x00000000c0000000, 0x00000000c2b00000, 0x00000000eab00000)
  object space 44032K, 6% used [0x00000000c0000000,0x00000000c02e9340,0x00000000c2b00000)
 Metaspace       used 6041K, capacity 6902K, committed 7040K, reserved 1056768K
  class space    used 601K, capacity 622K, committed 640K, reserved 1048576K
}

Deoptimization events (3 events):
Event: 2.412 Thread 0x0000000000cae800 Uncommon trap: reason=unstable_if action=reinterpret pc=0x0000000002ba5b14 method=java.lang.String.compareTo(Ljava/lang/String;)I @ 38
Event: 3.634 Thread 0x0000000000cae800 Uncommon trap: reason=unstable_if action=reinterpret pc=0x0000000002d6927c method=com.android.dx.rop.code.LocalItem.hashCode()I @ 25
Event: 4.136 Thread 0x000000001678a000 Uncommon trap: reason=null_check action=make_not_entrant pc=0x0000000002e764e8 method=com.android.dx.rop.type.Type.equals(Ljava/lang/Object;)Z @ 8

Internal exceptions (3 events):
Event: 1.677 Thread 0x0000000000cae800 Exception <a 'java/lang/NoSuchMethodError': Method sun.misc.Unsafe.defineClass(Ljava/lang/String;[BII)Ljava/lang/Class; name or signature does not match> (0x00000000eab07cc0) thrown at [C:\re\workspace\8-2-build-windows-amd64-cygwin\jdk8u91\6644\hotspot\sréÃMÓY÷˙?
Event: 1.677 Thread 0x0000000000cae800 Exception <a 'java/lang/NoSuchMethodError': Method sun.misc.Unsafe.prefetchRead(Ljava/lang/Object;J)V name or signature does not match> (0x00000000eab07fa8) thrown at [C:\re\workspace\8-2-build-windows-amd64-cygwin\jdk8u91\6644\hotspot\src\share\vm\prims\j¸?îêã@
Event: 4.136 Thread 0x000000001678a000 Implicit null exception at 0x0000000002e763e2 to 0x0000000002e764da

Events (10 events):
Event: 3.826 loading class java/util/TreeMap$EntrySet done
Event: 3.826 loading class java/util/TreeMap$EntryIterator
Event: 3.826 loading class java/util/TreeMap$EntryIterator done
Event: 3.826 Executing VM operation: Deoptimize
Event: 3.826 Executing VM operation: Deoptimize done
Event: 4.034 Executing VM operation: ParallelGCFailedAllocation
Event: 4.125 Executing VM operation: ParallelGCFailedAllocation done
Event: 4.136 Thread 0x000000001678a000 Uncommon trap: trap_request=0xfffffff4 fr.pc=0x0000000002e764e8
Event: 4.136 Thread 0x000000001678a000 DEOPT PACKING pc=0x0000000002e764e8 sp=0x00000000172ee850
Event: 4.136 Thread 0x000000001678a000 DEOPT UNPACKING pc=0x0000000002a9582a sp=0x00000000172ee7d8 mode 2


Dynamic libraries:
0x00007ff7ee720000 - 0x00007ff7ee757000 	C:\Program Files\Java\jdk1.8.0_91\bin\java.exe
0x00007fff41bf0000 - 0x00007fff41dc1000 	C:\WINDOWS\SYSTEM32\ntdll.dll
0x00007fff3f310000 - 0x00007fff3f3bb000 	C:\WINDOWS\System32\KERNEL32.DLL
0x00007fff3e220000 - 0x00007fff3e43d000 	C:\WINDOWS\System32\KERNELBASE.dll
0x00007fff3f480000 - 0x00007fff3f522000 	C:\WINDOWS\System32\ADVAPI32.dll
0x00007fff3ffb0000 - 0x00007fff4004e000 	C:\WINDOWS\System32\msvcrt.dll
0x00007fff3f250000 - 0x00007fff3f2a9000 	C:\WINDOWS\System32\sechost.dll
0x00007fff3efc0000 - 0x00007fff3f0e1000 	C:\WINDOWS\System32\RPCRT4.dll
0x00007fff3fc10000 - 0x00007fff3fd75000 	C:\WINDOWS\System32\USER32.dll
0x00007fff3e0f0000 - 0x00007fff3e10e000 	C:\WINDOWS\System32\win32u.dll
0x00007fff3fa90000 - 0x00007fff3fac4000 	C:\WINDOWS\System32\GDI32.dll
0x00007fff3e440000 - 0x00007fff3e5c2000 	C:\WINDOWS\System32\gdi32full.dll
0x00007fff336a0000 - 0x00007fff33919000 	C:\WINDOWS\WinSxS\amd64_microsoft.windows.common-controls_6595b64144ccf1df_6.0.14393.0_none_2d0f50fcbdb171b8\COMCTL32.dll
0x00007fff3f7a0000 - 0x00007fff3fa67000 	C:\WINDOWS\System32\combase.dll
0x00007fff3e7d0000 - 0x00007fff3e8c5000 	C:\WINDOWS\System32\ucrtbase.dll
0x00007fff3df90000 - 0x00007fff3dffa000 	C:\WINDOWS\System32\bcryptPrimitives.dll
0x00007fff3fd80000 - 0x00007fff3fdae000 	C:\WINDOWS\System32\IMM32.DLL
0x0000000075b90000 - 0x0000000075c62000 	C:\Program Files\Java\jdk1.8.0_91\jre\bin\msvcr100.dll
0x0000000076000000 - 0x0000000076893000 	C:\Program Files\Java\jdk1.8.0_91\jre\bin\server\jvm.dll
0x00007fff3e7a0000 - 0x00007fff3e7c3000 	C:\WINDOWS\System32\WINMM.dll
0x00007fff3de20000 - 0x00007fff3de4b000 	C:\WINDOWS\System32\WINMMBASE.dll
0x00007fff3e000000 - 0x00007fff3e042000 	C:\WINDOWS\System32\cfgmgr32.dll
0x00007fff40050000 - 0x00007fff40058000 	C:\WINDOWS\System32\PSAPI.DLL
0x00007fff2ea20000 - 0x00007fff2ea29000 	C:\WINDOWS\SYSTEM32\WSOCK32.dll
0x00007fff40060000 - 0x00007fff400ca000 	C:\WINDOWS\System32\WS2_32.dll
0x00007fff395c0000 - 0x00007fff395ca000 	C:\WINDOWS\SYSTEM32\VERSION.dll
0x0000000050000000 - 0x000000005000f000 	C:\Program Files\Java\jdk1.8.0_91\jre\bin\verify.dll
0x0000000075fd0000 - 0x0000000075ff9000 	C:\Program Files\Java\jdk1.8.0_91\jre\bin\java.dll
0x0000000075fb0000 - 0x0000000075fc6000 	C:\Program Files\Java\jdk1.8.0_91\jre\bin\zip.dll
0x00007fff400d0000 - 0x00007fff415d8000 	C:\WINDOWS\System32\SHELL32.dll
0x00007fff3e8d0000 - 0x00007fff3efaa000 	C:\WINDOWS\System32\windows.storage.dll
0x00007fff3df40000 - 0x00007fff3df8c000 	C:\WINDOWS\System32\powrprof.dll
0x00007fff3ff50000 - 0x00007fff3ffa2000 	C:\WINDOWS\System32\shlwapi.dll
0x00007fff3de80000 - 0x00007fff3de8f000 	C:\WINDOWS\System32\kernel.appcore.dll
0x00007fff3e110000 - 0x00007fff3e1b9000 	C:\WINDOWS\System32\shcore.dll
0x00007fff3de50000 - 0x00007fff3de64000 	C:\WINDOWS\System32\profapi.dll

VM Arguments:
jvm_args: -Djava.awt.headless=true -Xmx1024M -Dfile.encoding=GBK -Duser.country=CN -Duser.language=zh -Duser.variant 
java_command: com.android.dx.command.Main --dex --force-jumbo --num-threads=4 --output D:\andriod_projects\smartHome\app\build\intermediates\pre-dexed\debug\internal_impl-23.3.0_628a58c2397ca56ccbeb6593915d2c9ba0d98f36.jar D:\andriod_projects\smartHome\app\build\intermediates\exploded-aar\com.android.support\support-v4\23.3.0\jars\libs\internal_impl-23.3.0.jar
java_class_path (initial): D:\android\android_SDK\build-tools\23.0.3\lib\dx.jar
Launcher Type: SUN_STANDARD

Environment Variables:
JAVA_HOME=C:\Program Files (x86)\Java\jdk1.8.0_31
CLASSPATH=C:\Program Files (x86)\Java\jdk1.8.0_31\lib;C:\Program Files (x86)\Java\jdk1.8.0_31\lib\tools.jar;D:\andriod environment\adt-bundle-windows-x86-20131030\eclipse\plugins\org.apache.ant_1.8.3.v201301120609\lib;
PATH=C:\PROGRA~1\PTC\MKSTOO~1\bin64;C:\PROGRA~1\PTC\MKSTOO~1\bin;C:\PROGRA~1\PTC\MKSTOO~1\bin\X11;C:\PROGRA~1\PTC\MKSTOO~1\mksnt;C:\ProgramData\Oracle\Java\javapath;C:\Program Files (x86)\Intel\iCLS Client\;C:\Program Files\Intel\iCLS Client\;C:\Program Files (x86)\NVIDIA Corporation\PhysX\Common;C:\WINDOWS\system32;C:\WINDOWS;C:\WINDOWS\System32\Wbem;C:\WINDOWS\System32\WindowsPowerShell\v1.0\;C:\Program Files\Intel\Intel(R) Management Engine Components\DAL;C:\Program Files\Intel\Intel(R) Management Engine Components\IPT;C:\Program Files (x86)\Intel\Intel(R) Management Engine Components\DAL;C:\Program Files (x86)\Intel\Intel(R) Management Engine Components\IPT;C:\Program Files (x86)\Java\jdk1.8.0_31\bin;C:\Program Files (x86)\Java\jdk1.8.0_31\jre\bin;D:\andriod environment\adt-bundle-windows-x86-20131030\sdk\tools;D:\andriod environment\adt-bundle-windows-x86-20131030\sdk\platform-tools;D:\andriod environment\adt-bundle-windows-x86-20131030\eclipse\plugins\org.apache.ant_1.8.3.v201301120609\bin;C:\Program Files\nodejs\;D:\Git\cmd;D:\HMA! Pro VPN\bin;C:\Users\zhiwu_000\AppData\Local\Microsoft\WindowsApps;
USERNAME=freedom
DISPLAY=:0.0
OS=Windows_NT
PROCESSOR_IDENTIFIER=Intel64 Family 6 Model 60 Stepping 3, GenuineIntel



---------------  S Y S T E M  ---------------

OS: Windows 10.0 , 64 bit Build 14393 (10.0.14393.0)

CPU:total 4 (2 cores per cpu, 2 threads per core) family 6 model 60 stepping 3, cmov, cx8, fxsr, mmx, sse, sse2, sse3, ssse3, sse4.1, sse4.2, popcnt, avx, avx2, aes, clmul, erms, lzcnt, ht, tsc, tscinvbit, bmi1, bmi2

Memory: 4k page, physical 4112564k(343148k free), swap 5685428k(4096k free)

vm_info: Java HotSpot(TM) 64-Bit Server VM (25.91-b14) for windows-amd64 JRE (1.8.0_91-b14), built on Apr  1 2016 00:58:32 by "java_re" with MS VC++ 10.0 (VS2010)

time: Sun Oct 02 21:07:47 2016
elapsed time: 4 seconds (0d 0h 0m 4s)

