#
# There is insufficient memory for the Java Runtime Environment to continue.
# Native memory allocation (malloc) failed to allocate 65552 bytes for Chunk::new
# Possible reasons:
#   The system is out of physical RAM or swap space
#   In 32 bit mode, the process size limit was hit
# Possible solutions:
#   Reduce memory load on the system
#   Increase physical memory or swap space
#   Check if swap backing store is full
#   Use 64 bit Java on a 64 bit OS
#   Decrease Java heap size (-Xmx/-Xms)
#   Decrease number of Java threads
#   Decrease Java thread stack sizes (-Xss)
#   Set larger code cache with -XX:ReservedCodeCacheSize=
# This output file may be truncated or incomplete.
#
#  Out of Memory Error (allocation.cpp:390), pid=13320, tid=13364
#
# JRE version: Java(TM) SE Runtime Environment (8.0_91-b14) (build 1.8.0_91-b14)
# Java VM: Java HotSpot(TM) 64-Bit Server VM (25.91-b14 mixed mode windows-amd64 compressed oops)
# Failed to write core dump. Minidumps are not enabled by default on client versions of Windows
#

---------------  T H R E A D  ---------------

Current thread (0x0000000015a2d800):  JavaThread "C2 CompilerThread1" daemon [_thread_in_native, id=13364, stack(0x0000000017420000,0x0000000017520000)]

Stack: [0x0000000017420000,0x0000000017520000]
[error occurred during error reporting (printing stack bounds), id 0xc0000005]

Native frames: (J=compiled Java code, j=interpreted, Vv=VM code, C=native code)


Current CompileTask:
C2:   1529 1080       4       com.android.dx.ssa.back.LivenessAnalyzer::handleTailRecursion (94 bytes)


---------------  P R O C E S S  ---------------

Java Threads: ( => current thread )
  0x0000000017086800 JavaThread "pool-2-thread-4" [_thread_blocked, id=13704, stack(0x0000000018420000,0x0000000018520000)]
  0x0000000016efd000 JavaThread "pool-2-thread-3" [_thread_in_Java, id=2992, stack(0x0000000017b20000,0x0000000017c20000)]
  0x0000000016e87800 JavaThread "pool-2-thread-2" [_thread_blocked, id=1828, stack(0x0000000017a20000,0x0000000017b20000)]
  0x0000000016e80800 JavaThread "pool-3-thread-1" [_thread_blocked, id=13844, stack(0x0000000017920000,0x0000000017a20000)]
  0x0000000016e6f000 JavaThread "pool-2-thread-1" [_thread_blocked, id=13336, stack(0x0000000017820000,0x0000000017920000)]
  0x0000000016d8a800 JavaThread "Service Thread" daemon [_thread_blocked, id=11820, stack(0x0000000017620000,0x0000000017720000)]
  0x0000000016d2b800 JavaThread "C1 CompilerThread2" daemon [_thread_blocked, id=9816, stack(0x0000000017520000,0x0000000017620000)]
=>0x0000000015a2d800 JavaThread "C2 CompilerThread1" daemon [_thread_in_native, id=13364, stack(0x0000000017420000,0x0000000017520000)]
  0x0000000015a2b000 JavaThread "C2 CompilerThread0" daemon [_thread_in_native, id=2380, stack(0x0000000017320000,0x0000000017420000)]
  0x0000000015a29800 JavaThread "Attach Listener" daemon [_thread_blocked, id=13892, stack(0x0000000017220000,0x0000000017320000)]
  0x0000000016d28800 JavaThread "Signal Dispatcher" daemon [_thread_blocked, id=12804, stack(0x0000000017120000,0x0000000017220000)]
  0x00000000159ba800 JavaThread "Finalizer" daemon [_thread_blocked, id=13080, stack(0x0000000016c20000,0x0000000016d20000)]
  0x0000000015998800 JavaThread "Reference Handler" daemon [_thread_blocked, id=11080, stack(0x0000000016b20000,0x0000000016c20000)]
  0x00000000031fe000 JavaThread "main" [_thread_in_native, id=14188, stack(0x0000000003030000,0x0000000003130000)]

Other Threads:
  0x0000000015997000 VMThread [stack: 0x0000000016a20000,0x0000000016b20000] [id=13824]
  0x0000000016dc5800 WatcherThread [stack: 0x0000000017720000,0x0000000017820000] [id=12560]

VM state:not at safepoint (normal execution)

VM Mutex/Monitor currently owned by a thread: None

Heap:
 PSYoungGen      total 18944K, used 3783K [0x00000000eab00000, 0x00000000ed000000, 0x0000000100000000)
  eden space 16384K, 7% used [0x00000000eab00000,0x00000000eac33770,0x00000000ebb00000)
  from space 2560K, 99% used [0x00000000ebd80000,0x00000000ebffe750,0x00000000ec000000)
  to   space 2560K, 0% used [0x00000000ebb00000,0x00000000ebb00000,0x00000000ebd80000)
 ParOldGen       total 44032K, used 8855K [0x00000000c0000000, 0x00000000c2b00000, 0x00000000eab00000)
  object space 44032K, 20% used [0x00000000c0000000,0x00000000c08a5de0,0x00000000c2b00000)
 Metaspace       used 5743K, capacity 6832K, committed 7040K, reserved 1056768K
  class space    used 581K, capacity 616K, committed 640K, reserved 1048576K

Card table byte_map: [0x00000000126c0000,0x00000000128d0000] byte_map_base: 0x00000000120c0000

Marking Bits: (ParMarkBitMap*) 0x0000000054722f70
 Begin Bits: [0x0000000012e30000, 0x0000000013e30000)
 End Bits:   [0x0000000013e30000, 0x0000000014e30000)

Polling page: 0x0000000001510000

CodeCache: size=245760Kb used=4391Kb max_used=4405Kb free=241368Kb
 bounds [0x0000000003300000, 0x0000000003760000, 0x0000000012300000]
 total_blobs=1343 nmethods=1079 adapters=177
 compilation: enabled

Compilation events (10 events):
Event: 1.495 Thread 0x0000000016d2b800 1082       3       com.android.dx.dex.code.RopTranslator$TranslationVisitor::getNextMoveResultPseudo (55 bytes)
Event: 1.495 Thread 0x0000000016d2b800 nmethod 1082 0x000000000374afd0 code [0x000000000374b180, 0x000000000374ba78]
Event: 1.495 Thread 0x0000000016d2b800 1083       3       com.android.dx.dex.code.RopTranslator::access$600 (6 bytes)
Event: 1.495 Thread 0x0000000015a2b000 nmethod 1077 0x0000000003749210 code [0x0000000003749360, 0x00000000037494b8]
Event: 1.495 Thread 0x0000000015a2b000 1078       4       com.android.dx.ssa.NormalSsaInsn::mapSourceRegisters (48 bytes)
Event: 1.495 Thread 0x0000000016d2b800 nmethod 1083 0x000000000372a110 code [0x000000000372a280, 0x000000000372a3e8]
Event: 1.520 Thread 0x0000000016d2b800 1086       3       com.android.dx.ssa.SsaMethod$2::visitPhiInsn (6 bytes)
Event: 1.520 Thread 0x0000000016d2b800 nmethod 1086 0x0000000003748e90 code [0x0000000003749000, 0x0000000003749188]
Event: 1.521 Thread 0x0000000015a2b000 nmethod 1078 0x0000000003749890 code [0x0000000003749a40, 0x000000000374a318]
Event: 1.521 Thread 0x0000000015a2b000 1084       4       com.android.dx.ssa.SsaMethod$2::addToUses (48 bytes)

GC Heap History (4 events):
Event: 1.306 GC heap before
{Heap before GC invocations=1 (full 0):
 PSYoungGen      total 18944K, used 16384K [0x00000000eab00000, 0x00000000ec000000, 0x0000000100000000)
  eden space 16384K, 100% used [0x00000000eab00000,0x00000000ebb00000,0x00000000ebb00000)
  from space 2560K, 0% used [0x00000000ebd80000,0x00000000ebd80000,0x00000000ec000000)
  to   space 2560K, 0% used [0x00000000ebb00000,0x00000000ebb00000,0x00000000ebd80000)
 ParOldGen       total 44032K, used 0K [0x00000000c0000000, 0x00000000c2b00000, 0x00000000eab00000)
  object space 44032K, 0% used [0x00000000c0000000,0x00000000c0000000,0x00000000c2b00000)
 Metaspace       used 5637K, capacity 6704K, committed 6784K, reserved 1056768K
  class space    used 580K, capacity 616K, committed 640K, reserved 1048576K
Event: 1.316 GC heap after
Heap after GC invocations=1 (full 0):
 PSYoungGen      total 18944K, used 2547K [0x00000000eab00000, 0x00000000ec000000, 0x0000000100000000)
  eden space 16384K, 0% used [0x00000000eab00000,0x00000000eab00000,0x00000000ebb00000)
  from space 2560K, 99% used [0x00000000ebb00000,0x00000000ebd7cef8,0x00000000ebd80000)
  to   space 2560K, 0% used [0x00000000ebd80000,0x00000000ebd80000,0x00000000ec000000)
 ParOldGen       total 44032K, used 2888K [0x00000000c0000000, 0x00000000c2b00000, 0x00000000eab00000)
  object space 44032K, 6% used [0x00000000c0000000,0x00000000c02d23d0,0x00000000c2b00000)
 Metaspace       used 5637K, capacity 6704K, committed 6784K, reserved 1056768K
  class space    used 580K, capacity 616K, committed 640K, reserved 1048576K
}
Event: 1.500 GC heap before
{Heap before GC invocations=2 (full 0):
 PSYoungGen      total 18944K, used 18931K [0x00000000eab00000, 0x00000000ec000000, 0x0000000100000000)
  eden space 16384K, 100% used [0x00000000eab00000,0x00000000ebb00000,0x00000000ebb00000)
  from space 2560K, 99% used [0x00000000ebb00000,0x00000000ebd7cef8,0x00000000ebd80000)
  to   space 2560K, 0% used [0x00000000ebd80000,0x00000000ebd80000,0x00000000ec000000)
 ParOldGen       total 44032K, used 2888K [0x00000000c0000000, 0x00000000c2b00000, 0x00000000eab00000)
  object space 44032K, 6% used [0x00000000c0000000,0x00000000c02d23d0,0x00000000c2b00000)
 Metaspace       used 5743K, capacity 6832K, committed 7040K, reserved 1056768K
  class space    used 581K, capacity 616K, committed 640K, reserved 1048576K
Event: 1.511 GC heap after
Heap after GC invocations=2 (full 0):
 PSYoungGen      total 18944K, used 2553K [0x00000000eab00000, 0x00000000ed000000, 0x0000000100000000)
  eden space 16384K, 0% used [0x00000000eab00000,0x00000000eab00000,0x00000000ebb00000)
  from space 2560K, 99% used [0x00000000ebd80000,0x00000000ebffe750,0x00000000ec000000)
  to   space 2560K, 0% used [0x00000000ebb00000,0x00000000ebb00000,0x00000000ebd80000)
 ParOldGen       total 44032K, used 8855K [0x00000000c0000000, 0x00000000c2b00000, 0x00000000eab00000)
  object space 44032K, 20% used [0x00000000c0000000,0x00000000c08a5de0,0x00000000c2b00000)
 Metaspace       used 5743K, capacity 6832K, committed 7040K, reserved 1056768K
  class space    used 581K, capacity 616K, committed 640K, reserved 1048576K
}

Deoptimization events (5 events):
Event: 1.155 Thread 0x0000000017086800 Uncommon trap: reason=unstable_if action=reinterpret pc=0x00000000034c4be4 method=java.util.HashMap.getNode(ILjava/lang/Object;)Ljava/util/HashMap$Node; @ 129
Event: 1.231 Thread 0x0000000016e87800 Uncommon trap: reason=speculate_class_check action=maybe_recompile pc=0x00000000035d4e04 method=com.android.dx.rop.cst.Constant.compareTo(Lcom/android/dx/rop/cst/Constant;)I @ 29
Event: 1.231 Thread 0x0000000016e87800 Uncommon trap: reason=speculate_class_check action=maybe_recompile pc=0x00000000035d4e04 method=com.android.dx.rop.cst.Constant.compareTo(Lcom/android/dx/rop/cst/Constant;)I @ 29
Event: 1.231 Thread 0x0000000016e87800 Uncommon trap: reason=speculate_class_check action=maybe_recompile pc=0x00000000035d4e04 method=com.android.dx.rop.cst.Constant.compareTo(Lcom/android/dx/rop/cst/Constant;)I @ 29
Event: 1.231 Thread 0x0000000016e87800 Uncommon trap: reason=speculate_class_check action=maybe_recompile pc=0x00000000035d4e04 method=com.android.dx.rop.cst.Constant.compareTo(Lcom/android/dx/rop/cst/Constant;)I @ 29

Internal exceptions (2 events):
Event: 0.046 Thread 0x00000000031fe000 Exception <a 'java/lang/NoSuchMethodError': Method sun.misc.Unsafe.defineClass(Ljava/lang/String;[BII)Ljava/lang/Class; name or signature does not match> (0x00000000eab07cc0) thrown at [C:\re\workspace\8-2-build-windows-amd64-cygwin\jdk8u91\6644\hotspot\srå1o!¹Á§?
Event: 0.046 Thread 0x00000000031fe000 Exception <a 'java/lang/NoSuchMethodError': Method sun.misc.Unsafe.prefetchRead(Ljava/lang/Object;J)V name or signature does not match> (0x00000000eab07fa8) thrown at [C:\re\workspace\8-2-build-windows-amd64-cygwin\jdk8u91\6644\hotspot\src\share\vm\prims\j

Events (10 events):
Event: 1.381 Thread 0x0000000016efd000 DEOPT PACKING pc=0x000000000349f5d4 sp=0x0000000017c1ef60
Event: 1.381 Thread 0x0000000016efd000 DEOPT UNPACKING pc=0x000000000334787f sp=0x0000000017c1ec88 mode 0
Event: 1.444 loading class com/android/dx/util/ListIntSet
Event: 1.444 loading class com/android/dx/util/ListIntSet done
Event: 1.445 Executing VM operation: Deoptimize
Event: 1.445 Executing VM operation: Deoptimize done
Event: 1.452 loading class com/android/dx/util/ListIntSet$1
Event: 1.452 loading class com/android/dx/util/ListIntSet$1 done
Event: 1.500 Executing VM operation: ParallelGCFailedAllocation
Event: 1.511 Executing VM operation: ParallelGCFailedAllocation done


Dynamic libraries:
0x00007ff6ab770000 - 0x00007ff6ab7a7000 	C:\Program Files\Java\jdk1.8.0_91\bin\java.exe
0x00007ffb92720000 - 0x00007ffb928e1000 	C:\WINDOWS\SYSTEM32\ntdll.dll
0x00007ffb90180000 - 0x00007ffb9022d000 	C:\WINDOWS\system32\KERNEL32.DLL
0x00007ffb8f310000 - 0x00007ffb8f4f8000 	C:\WINDOWS\system32\KERNELBASE.dll
0x00007ffb8f9c0000 - 0x00007ffb8fa67000 	C:\WINDOWS\system32\ADVAPI32.dll
0x00007ffb923f0000 - 0x00007ffb9248d000 	C:\WINDOWS\system32\msvcrt.dll
0x00007ffb92490000 - 0x00007ffb924eb000 	C:\WINDOWS\system32\sechost.dll
0x00007ffb90860000 - 0x00007ffb9097c000 	C:\WINDOWS\system32\RPCRT4.dll
0x00007ffb92010000 - 0x00007ffb92166000 	C:\WINDOWS\system32\USER32.dll
0x00007ffb90230000 - 0x00007ffb903b6000 	C:\WINDOWS\system32\GDI32.dll
0x00007ffb8ba80000 - 0x00007ffb8bcf4000 	C:\WINDOWS\WinSxS\amd64_microsoft.windows.common-controls_6595b64144ccf1df_6.0.10586.589_none_a2ddb3caa539acce\COMCTL32.dll
0x00007ffb8fad0000 - 0x00007ffb8fd4d000 	C:\WINDOWS\system32\combase.dll
0x00007ffb8f580000 - 0x00007ffb8f5ea000 	C:\WINDOWS\system32\bcryptPrimitives.dll
0x00007ffb923b0000 - 0x00007ffb923eb000 	C:\WINDOWS\system32\IMM32.DLL
0x00007ffb8ea00000 - 0x00007ffb8ea31000 	C:\Windows\system32\nvinitx.dll
0x00007ffb8e9f0000 - 0x00007ffb8e9fa000 	C:\WINDOWS\SYSTEM32\VERSION.dll
0x0000000053ad0000 - 0x0000000053ba2000 	C:\Program Files\Java\jdk1.8.0_91\jre\bin\msvcr100.dll
0x0000000053f10000 - 0x00000000547a3000 	C:\Program Files\Java\jdk1.8.0_91\jre\bin\server\jvm.dll
0x00007ffb8f500000 - 0x00007ffb8f523000 	C:\WINDOWS\system32\WINMM.dll
0x00007ffb8eb50000 - 0x00007ffb8eb7c000 	C:\WINDOWS\system32\WINMMBASE.dll
0x00007ffb8f880000 - 0x00007ffb8f8c3000 	C:\WINDOWS\system32\cfgmgr32.dll
0x00007ffb92660000 - 0x00007ffb92668000 	C:\WINDOWS\system32\PSAPI.DLL
0x00007ffb7daa0000 - 0x00007ffb7daa9000 	C:\WINDOWS\SYSTEM32\WSOCK32.dll
0x00007ffb91f90000 - 0x00007ffb91ffb000 	C:\WINDOWS\system32\WS2_32.dll
0x0000000054da0000 - 0x0000000054daf000 	C:\Program Files\Java\jdk1.8.0_91\jre\bin\verify.dll
0x0000000054d70000 - 0x0000000054d99000 	C:\Program Files\Java\jdk1.8.0_91\jre\bin\java.dll
0x0000000053ef0000 - 0x0000000053f06000 	C:\Program Files\Java\jdk1.8.0_91\jre\bin\zip.dll
0x00007ffb90980000 - 0x00007ffb91edc000 	C:\WINDOWS\system32\SHELL32.dll
0x00007ffb8ecc0000 - 0x00007ffb8f305000 	C:\WINDOWS\system32\windows.storage.dll
0x00007ffb8fa70000 - 0x00007ffb8fac2000 	C:\WINDOWS\system32\shlwapi.dll
0x00007ffb8eb10000 - 0x00007ffb8eb1f000 	C:\WINDOWS\system32\kernel.appcore.dll
0x00007ffb8f7c0000 - 0x00007ffb8f875000 	C:\WINDOWS\system32\shcore.dll
0x00007ffb8f530000 - 0x00007ffb8f57b000 	C:\WINDOWS\system32\powrprof.dll
0x00007ffb8eb20000 - 0x00007ffb8eb34000 	C:\WINDOWS\system32\profapi.dll

VM Arguments:
jvm_args: -Djava.awt.headless=true -Xmx1024M -Dfile.encoding=GBK -Duser.country=CN -Duser.language=zh -Duser.variant 
java_command: com.android.dx.command.Main --dex --force-jumbo --num-threads=4 --multi-dex --output D:\andriod_projects\smartHome\app\build\intermediates\transforms\dex\debug\folders\1000\5\slice_8 D:\andriod_projects\smartHome\app\build\intermediates\transforms\instantRunSlicer\debug\folders\1\5\slice_8
java_class_path (initial): D:\android\android_SDK\build-tools\23.0.3\lib\dx.jar
Launcher Type: SUN_STANDARD

Environment Variables:
JAVA_HOME=C:\Program Files (x86)\Java\jdk1.8.0_31
CLASSPATH=C:\Program Files (x86)\Java\jdk1.8.0_31\lib;C:\Program Files (x86)\Java\jdk1.8.0_31\lib\tools.jar;D:\andriod environment\adt-bundle-windows-x86-20131030\eclipse\plugins\org.apache.ant_1.8.3.v201301120609\lib;
PATH=C:\PROGRA~1\PTC\MKSTOO~1\bin64;C:\PROGRA~1\PTC\MKSTOO~1\bin;C:\PROGRA~1\PTC\MKSTOO~1\bin\X11;C:\PROGRA~1\PTC\MKSTOO~1\mksnt;C:\ProgramData\Oracle\Java\javapath;C:\Program Files (x86)\Intel\iCLS Client\;C:\Program Files\Intel\iCLS Client\;C:\Program Files (x86)\NVIDIA Corporation\PhysX\Common;C:\WINDOWS\system32;C:\WINDOWS;C:\WINDOWS\System32\Wbem;C:\WINDOWS\System32\WindowsPowerShell\v1.0\;C:\Program Files\Intel\Intel(R) Management Engine Components\DAL;C:\Program Files\Intel\Intel(R) Management Engine Components\IPT;C:\Program Files (x86)\Intel\Intel(R) Management Engine Components\DAL;C:\Program Files (x86)\Intel\Intel(R) Management Engine Components\IPT;C:\Program Files (x86)\Java\jdk1.8.0_31\bin;C:\Program Files (x86)\Java\jdk1.8.0_31\jre\bin;D:\andriod environment\adt-bundle-windows-x86-20131030\sdk\tools;D:\andriod environment\adt-bundle-windows-x86-20131030\sdk\platform-tools;D:\andriod environment\adt-bundle-windows-x86-20131030\eclipse\plugins\org.apache.ant_1.8.3.v201301120609\bin;C:\Program Files\nodejs\;D:\Git\cmd;D:\HMA! Pro VPN\bin
USERNAME=freedom
DISPLAY=:0.0
OS=Windows_NT
PROCESSOR_IDENTIFIER=Intel64 Family 6 Model 60 Stepping 3, GenuineIntel



---------------  S Y S T E M  ---------------

OS: Windows 10.0 , 64 bit Build 10586 (10.0.10586.589)

CPU:total 4 (2 cores per cpu, 2 threads per core) family 6 model 60 stepping 3, cmov, cx8, fxsr, mmx, sse, sse2, sse3, ssse3, sse4.1, sse4.2, popcnt, avx, avx2, aes, clmul, erms, lzcnt, ht, tsc, tscinvbit, bmi1, bmi2

Memory: 4k page, physical 4112564k(514220k free), swap 5685428k(5128k free)

vm_info: Java HotSpot(TM) 64-Bit Server VM (25.91-b14) for windows-amd64 JRE (1.8.0_91-b14), built on Apr  1 2016 00:58:32 by "java_re" with MS VC++ 10.0 (VS2010)

time: Sat Sep 17 21:42:53 2016
elapsed time: 1 seconds (0d 0h 0m 1s)

