#
# There is insufficient memory for the Java Runtime Environment to continue.
# Native memory allocation (malloc) failed to allocate 722736 bytes for Chunk::new
# Possible reasons:
#   The system is out of physical RAM or swap space
#   In 32 bit mode, the process size limit was hit
# Possible solutions:
#   Reduce memory load on the system
#   Increase physical memory or swap space
#   Check if swap backing store is full
#   Use 64 bit Java on a 64 bit OS
#   Decrease Java heap size (-Xmx/-Xms)
#   Decrease number of Java threads
#   Decrease Java thread stack sizes (-Xss)
#   Set larger code cache with -XX:ReservedCodeCacheSize=
# This output file may be truncated or incomplete.
#
#  Out of Memory Error (allocation.cpp:390), pid=4912, tid=12064
#
# JRE version: Java(TM) SE Runtime Environment (8.0_91-b14) (build 1.8.0_91-b14)
# Java VM: Java HotSpot(TM) 64-Bit Server VM (25.91-b14 mixed mode windows-amd64 compressed oops)
# Failed to write core dump. Minidumps are not enabled by default on client versions of Windows
#

---------------  T H R E A D  ---------------

Current thread (0x000000001549e000):  JavaThread "C2 CompilerThread1" daemon [_thread_in_native, id=12064, stack(0x0000000016f10000,0x0000000017010000)]

Stack: [0x0000000016f10000,0x0000000017010000]
[error occurred during error reporting (printing stack bounds), id 0xc0000005]

Native frames: (J=compiled Java code, j=interpreted, Vv=VM code, C=native code)


Current CompileTask:
C2:   2863 1482       4       com.android.dx.ssa.SsaRenamer$BlockRenamer::process (191 bytes)


---------------  P R O C E S S  ---------------

Java Threads: ( => current thread )
  0x0000000016b6f000 JavaThread "pool-2-thread-4" [_thread_in_Java, id=5520, stack(0x0000000017710000,0x0000000017810000)]
  0x0000000016b74000 JavaThread "pool-2-thread-3" [_thread_blocked, id=11056, stack(0x0000000017610000,0x0000000017710000)]
  0x0000000016b6d800 JavaThread "pool-2-thread-2" [_thread_blocked, id=9572, stack(0x0000000017510000,0x0000000017610000)]
  0x0000000016b10800 JavaThread "pool-3-thread-1" [_thread_blocked, id=1592, stack(0x0000000017410000,0x0000000017510000)]
  0x0000000016b0c000 JavaThread "pool-2-thread-1" [_thread_blocked, id=14428, stack(0x0000000017310000,0x0000000017410000)]
  0x000000001688a800 JavaThread "Service Thread" daemon [_thread_blocked, id=7764, stack(0x0000000017110000,0x0000000017210000)]
  0x0000000016860000 JavaThread "C1 CompilerThread2" daemon [_thread_blocked, id=3052, stack(0x0000000017010000,0x0000000017110000)]
=>0x000000001549e000 JavaThread "C2 CompilerThread1" daemon [_thread_in_native, id=12064, stack(0x0000000016f10000,0x0000000017010000)]
  0x000000001549a000 JavaThread "C2 CompilerThread0" daemon [_thread_in_native, id=4928, stack(0x0000000016e10000,0x0000000016f10000)]
  0x000000001544d800 JavaThread "Attach Listener" daemon [_thread_blocked, id=1448, stack(0x0000000016d10000,0x0000000016e10000)]
  0x0000000016818800 JavaThread "Signal Dispatcher" daemon [_thread_blocked, id=11252, stack(0x0000000016c10000,0x0000000016d10000)]
  0x000000001542a800 JavaThread "Finalizer" daemon [_thread_blocked, id=232, stack(0x00000000166b0000,0x00000000167b0000)]
  0x0000000015409000 JavaThread "Reference Handler" daemon [_thread_blocked, id=14092, stack(0x00000000165b0000,0x00000000166b0000)]
  0x00000000028ce000 JavaThread "main" [_thread_in_Java, id=12632, stack(0x00000000027a0000,0x00000000028a0000)]

Other Threads:
  0x0000000015407800 VMThread [stack: 0x00000000164b0000,0x00000000165b0000] [id=13664]
  0x00000000168bc800 WatcherThread [stack: 0x0000000017210000,0x0000000017310000] [id=11340]

VM state:not at safepoint (normal execution)

VM Mutex/Monitor currently owned by a thread: None

Heap:
 PSYoungGen      total 35328K, used 18399K [0x00000000eab00000, 0x00000000ed000000, 0x0000000100000000)
  eden space 32768K, 48% used [0x00000000eab00000,0x00000000eba7e908,0x00000000ecb00000)
  from space 2560K, 98% used [0x00000000ecb00000,0x00000000ecd79350,0x00000000ecd80000)
  to   space 2560K, 0% used [0x00000000ecd80000,0x00000000ecd80000,0x00000000ed000000)
 ParOldGen       total 44032K, used 8011K [0x00000000c0000000, 0x00000000c2b00000, 0x00000000eab00000)
  object space 44032K, 18% used [0x00000000c0000000,0x00000000c07d2ca8,0x00000000c2b00000)
 Metaspace       used 6241K, capacity 7094K, committed 7296K, reserved 1056768K
  class space    used 607K, capacity 622K, committed 640K, reserved 1048576K

Card table byte_map: [0x0000000012130000,0x0000000012340000] byte_map_base: 0x0000000011b30000

Marking Bits: (ParMarkBitMap*) 0x0000000077282f70
 Begin Bits: [0x00000000128a0000, 0x00000000138a0000)
 End Bits:   [0x00000000138a0000, 0x00000000148a0000)

Polling page: 0x00000000028a0000

CodeCache: size=245760Kb used=6094Kb max_used=6094Kb free=239665Kb
 bounds [0x0000000002d70000, 0x0000000003370000, 0x0000000011d70000]
 total_blobs=1755 nmethods=1484 adapters=184
 compilation: enabled

Compilation events (10 events):
Event: 2.820 Thread 0x000000001549a000 1477       4       com.android.dx.ssa.back.LivenessAnalyzer::run (231 bytes)
Event: 2.823 Thread 0x000000001549e000 nmethod 1442 0x000000000334bed0 code [0x000000000334c060, 0x000000000334c938]
Event: 2.823 Thread 0x000000001549e000 1439       4       com.android.dx.ssa.SsaMethod$1::visitNonMoveInsn (26 bytes)
Event: 2.824 Thread 0x000000001549e000 nmethod 1439 0x000000000334bb10 code [0x000000000334bc60, 0x000000000334bd58]
Event: 2.824 Thread 0x000000001549e000 1429       4       com.android.dx.ssa.back.FirstFitLocalCombiningAllocator$1::visitNonMoveInsn (6 bytes)
Event: 2.825 Thread 0x000000001549e000 nmethod 1429 0x0000000003317bd0 code [0x0000000003317d20, 0x0000000003317da8]
Event: 2.825 Thread 0x000000001549e000 1430       4       com.android.dx.ssa.NormalSsaInsn::toRopInsn (19 bytes)
Event: 2.825 Thread 0x000000001549e000 nmethod 1430 0x000000000334b850 code [0x000000000334b9a0, 0x000000000334ba38]
Event: 2.825 Thread 0x000000001549e000 1482       4       com.android.dx.ssa.SsaRenamer$BlockRenamer::process (191 bytes)
Event: 2.847 Thread 0x0000000016860000 1485       1       com.android.dx.rop.cst.CstKnownNull::getType (4 bytes)

GC Heap History (6 events):
Event: 0.542 GC heap before
{Heap before GC invocations=1 (full 0):
 PSYoungGen      total 18944K, used 16384K [0x00000000eab00000, 0x00000000ec000000, 0x0000000100000000)
  eden space 16384K, 100% used [0x00000000eab00000,0x00000000ebb00000,0x00000000ebb00000)
  from space 2560K, 0% used [0x00000000ebd80000,0x00000000ebd80000,0x00000000ec000000)
  to   space 2560K, 0% used [0x00000000ebb00000,0x00000000ebb00000,0x00000000ebd80000)
 ParOldGen       total 44032K, used 0K [0x00000000c0000000, 0x00000000c2b00000, 0x00000000eab00000)
  object space 44032K, 0% used [0x00000000c0000000,0x00000000c0000000,0x00000000c2b00000)
 Metaspace       used 3982K, capacity 5040K, committed 5120K, reserved 1056768K
  class space    used 445K, capacity 488K, committed 512K, reserved 1048576K
Event: 0.558 GC heap after
Heap after GC invocations=1 (full 0):
 PSYoungGen      total 18944K, used 1676K [0x00000000eab00000, 0x00000000ed000000, 0x0000000100000000)
  eden space 16384K, 0% used [0x00000000eab00000,0x00000000eab00000,0x00000000ebb00000)
  from space 2560K, 65% used [0x00000000ebb00000,0x00000000ebca3290,0x00000000ebd80000)
  to   space 2560K, 0% used [0x00000000ecd80000,0x00000000ecd80000,0x00000000ed000000)
 ParOldGen       total 44032K, used 8K [0x00000000c0000000, 0x00000000c2b00000, 0x00000000eab00000)
  object space 44032K, 0% used [0x00000000c0000000,0x00000000c0002000,0x00000000c2b00000)
 Metaspace       used 3982K, capacity 5040K, committed 5120K, reserved 1056768K
  class space    used 445K, capacity 488K, committed 512K, reserved 1048576K
}
Event: 1.573 GC heap before
{Heap before GC invocations=2 (full 0):
 PSYoungGen      total 18944K, used 18060K [0x00000000eab00000, 0x00000000ed000000, 0x0000000100000000)
  eden space 16384K, 100% used [0x00000000eab00000,0x00000000ebb00000,0x00000000ebb00000)
  from space 2560K, 65% used [0x00000000ebb00000,0x00000000ebca3290,0x00000000ebd80000)
  to   space 2560K, 0% used [0x00000000ecd80000,0x00000000ecd80000,0x00000000ed000000)
 ParOldGen       total 44032K, used 8K [0x00000000c0000000, 0x00000000c2b00000, 0x00000000eab00000)
  object space 44032K, 0% used [0x00000000c0000000,0x00000000c0002000,0x00000000c2b00000)
 Metaspace       used 5971K, capacity 6836K, committed 7040K, reserved 1056768K
  class space    used 605K, capacity 620K, committed 640K, reserved 1048576K
Event: 1.582 GC heap after
Heap after GC invocations=2 (full 0):
 PSYoungGen      total 35328K, used 2533K [0x00000000eab00000, 0x00000000ed000000, 0x0000000100000000)
  eden space 32768K, 0% used [0x00000000eab00000,0x00000000eab00000,0x00000000ecb00000)
  from space 2560K, 98% used [0x00000000ecd80000,0x00000000ecff9730,0x00000000ed000000)
  to   space 2560K, 0% used [0x00000000ecb00000,0x00000000ecb00000,0x00000000ecd80000)
 ParOldGen       total 44032K, used 2506K [0x00000000c0000000, 0x00000000c2b00000, 0x00000000eab00000)
  object space 44032K, 5% used [0x00000000c0000000,0x00000000c0272a70,0x00000000c2b00000)
 Metaspace       used 5971K, capacity 6836K, committed 7040K, reserved 1056768K
  class space    used 605K, capacity 620K, committed 640K, reserved 1048576K
}
Event: 2.792 GC heap before
{Heap before GC invocations=3 (full 0):
 PSYoungGen      total 35328K, used 35301K [0x00000000eab00000, 0x00000000ed000000, 0x0000000100000000)
  eden space 32768K, 100% used [0x00000000eab00000,0x00000000ecb00000,0x00000000ecb00000)
  from space 2560K, 98% used [0x00000000ecd80000,0x00000000ecff9730,0x00000000ed000000)
  to   space 2560K, 0% used [0x00000000ecb00000,0x00000000ecb00000,0x00000000ecd80000)
 ParOldGen       total 44032K, used 2506K [0x00000000c0000000, 0x00000000c2b00000, 0x00000000eab00000)
  object space 44032K, 5% used [0x00000000c0000000,0x00000000c0272a70,0x00000000c2b00000)
 Metaspace       used 6187K, capacity 7030K, committed 7296K, reserved 1056768K
  class space    used 607K, capacity 622K, committed 640K, reserved 1048576K
Event: 2.811 GC heap after
Heap after GC invocations=3 (full 0):
 PSYoungGen      total 35328K, used 2532K [0x00000000eab00000, 0x00000000ed000000, 0x0000000100000000)
  eden space 32768K, 0% used [0x00000000eab00000,0x00000000eab00000,0x00000000ecb00000)
  from space 2560K, 98% used [0x00000000ecb00000,0x00000000ecd79350,0x00000000ecd80000)
  to   space 2560K, 0% used [0x00000000ecd80000,0x00000000ecd80000,0x00000000ed000000)
 ParOldGen       total 44032K, used 8011K [0x00000000c0000000, 0x00000000c2b00000, 0x00000000eab00000)
  object space 44032K, 18% used [0x00000000c0000000,0x00000000c07d2ca8,0x00000000c2b00000)
 Metaspace       used 6187K, capacity 7030K, committed 7296K, reserved 1056768K
  class space    used 607K, capacity 622K, committed 640K, reserved 1048576K
}

Deoptimization events (8 events):
Event: 0.414 Thread 0x00000000028ce000 Uncommon trap: reason=unstable_if action=reinterpret pc=0x0000000002ecb154 method=java.lang.String.compareTo(Ljava/lang/String;)I @ 38
Event: 0.929 Thread 0x0000000016b0c000 Uncommon trap: reason=unstable_if action=reinterpret pc=0x0000000002f96440 method=java.util.HashMap.getNode(ILjava/lang/Object;)Ljava/util/HashMap$Node; @ 62
Event: 1.338 Thread 0x0000000016b6d800 Uncommon trap: reason=class_check action=maybe_recompile pc=0x0000000003058d68 method=com.android.dx.rop.type.Type.equals(Ljava/lang/Object;)Z @ 8
Event: 1.339 Thread 0x0000000016b6d800 Uncommon trap: reason=null_check action=make_not_entrant pc=0x0000000003058d78 method=com.android.dx.rop.type.Type.equals(Ljava/lang/Object;)Z @ 8
Event: 1.339 Thread 0x0000000016b6d800 Uncommon trap: reason=unstable_if action=reinterpret pc=0x0000000002fb49b0 method=java.util.BitSet.nextSetBit(I)I @ 87
Event: 2.211 Thread 0x00000000028ce000 Uncommon trap: reason=unstable_if action=reinterpret pc=0x00000000030f1c1c method=com.android.dx.rop.cst.Constant.compareTo(Lcom/android/dx/rop/cst/Constant;)I @ 12
Event: 2.710 Thread 0x0000000016b6d800 Uncommon trap: reason=unstable_if action=reinterpret pc=0x00000000031a717c method=com.android.dx.util.IntList.binarysearch(I)I @ 105
Event: 2.713 Thread 0x0000000016b6d800 Uncommon trap: reason=unstable_if action=reinterpret pc=0x0000000003310468 method=com.android.dx.ssa.SCCP.simulateStmt(Lcom/android/dx/ssa/SsaInsn;)V @ 59

Internal exceptions (3 events):
Event: 0.050 Thread 0x00000000028ce000 Exception <a 'java/lang/NoSuchMethodError': Method sun.misc.Unsafe.defineClass(Ljava/lang/String;[BII)Ljava/lang/Class; name or signature does not match> (0x00000000eab07cc0) thrown at [C:\re\workspace\8-2-build-windows-amd64-cygwin\jdk8u91\6644\hotspot\srìÔÝ”«y©?
Event: 0.050 Thread 0x00000000028ce000 Exception <a 'java/lang/NoSuchMethodError': Method sun.misc.Unsafe.prefetchRead(Ljava/lang/Object;J)V name or signature does not match> (0x00000000eab07fa8) thrown at [C:\re\workspace\8-2-build-windows-amd64-cygwin\jdk8u91\6644\hotspot\src\share\vm\prims\j°àƒªµjõ?
Event: 1.339 Thread 0x0000000016b6d800 Implicit null exception at 0x0000000003058c62 to 0x0000000003058d69

Events (10 events):
Event: 2.282 Thread 0x0000000016b0c000 DEOPT PACKING pc=0x0000000002fa3aeb sp=0x000000001740e5d0
Event: 2.282 Thread 0x0000000016b0c000 DEOPT UNPACKING pc=0x0000000002db787f sp=0x000000001740e398 mode 0
Event: 2.710 Thread 0x0000000016b6d800 Uncommon trap: trap_request=0xffffff65 fr.pc=0x00000000031a717c
Event: 2.710 Thread 0x0000000016b6d800 DEOPT PACKING pc=0x00000000031a717c sp=0x000000001760e7b0
Event: 2.710 Thread 0x0000000016b6d800 DEOPT UNPACKING pc=0x0000000002db582a sp=0x000000001760e728 mode 2
Event: 2.713 Thread 0x0000000016b6d800 Uncommon trap: trap_request=0xffffff65 fr.pc=0x0000000003310468
Event: 2.713 Thread 0x0000000016b6d800 DEOPT PACKING pc=0x0000000003310468 sp=0x000000001760e850
Event: 2.713 Thread 0x0000000016b6d800 DEOPT UNPACKING pc=0x0000000002db582a sp=0x000000001760e828 mode 2
Event: 2.771 Executing VM operation: ParallelGCFailedAllocation
Event: 2.811 Executing VM operation: ParallelGCFailedAllocation done


Dynamic libraries:
0x00007ff77d8f0000 - 0x00007ff77d927000 	C:\Program Files\Java\jdk1.8.0_91\bin\java.exe
0x00007ffc57b90000 - 0x00007ffc57d51000 	C:\WINDOWS\SYSTEM32\ntdll.dll
0x00007ffc56ba0000 - 0x00007ffc56c4d000 	C:\WINDOWS\system32\KERNEL32.DLL
0x00007ffc54ab0000 - 0x00007ffc54c98000 	C:\WINDOWS\system32\KERNELBASE.dll
0x00007ffc572f0000 - 0x00007ffc57397000 	C:\WINDOWS\system32\ADVAPI32.dll
0x00007ffc570f0000 - 0x00007ffc5718d000 	C:\WINDOWS\system32\msvcrt.dll
0x00007ffc57600000 - 0x00007ffc5765b000 	C:\WINDOWS\system32\sechost.dll
0x00007ffc56960000 - 0x00007ffc56a7c000 	C:\WINDOWS\system32\RPCRT4.dll
0x00007ffc57820000 - 0x00007ffc57976000 	C:\WINDOWS\system32\USER32.dll
0x00007ffc56ed0000 - 0x00007ffc57056000 	C:\WINDOWS\system32\GDI32.dll
0x00007ffc50950000 - 0x00007ffc50bc4000 	C:\WINDOWS\WinSxS\amd64_microsoft.windows.common-controls_6595b64144ccf1df_6.0.10586.589_none_a2ddb3caa539acce\COMCTL32.dll
0x00007ffc56c50000 - 0x00007ffc56ecd000 	C:\WINDOWS\system32\combase.dll
0x00007ffc54080000 - 0x00007ffc540ea000 	C:\WINDOWS\system32\bcryptPrimitives.dll
0x00007ffc54f90000 - 0x00007ffc54fcb000 	C:\WINDOWS\system32\IMM32.DLL
0x00007ffc53e70000 - 0x00007ffc53ea1000 	C:\Windows\system32\nvinitx.dll
0x00007ffc53e60000 - 0x00007ffc53e6a000 	C:\WINDOWS\SYSTEM32\VERSION.dll
0x00000000765f0000 - 0x00000000766c2000 	C:\Program Files\Java\jdk1.8.0_91\jre\bin\msvcr100.dll
0x0000000076a70000 - 0x0000000077303000 	C:\Program Files\Java\jdk1.8.0_91\jre\bin\server\jvm.dll
0x00007ffc54a30000 - 0x00007ffc54a53000 	C:\WINDOWS\system32\WINMM.dll
0x00007ffc53f80000 - 0x00007ffc53fac000 	C:\WINDOWS\system32\WINMMBASE.dll
0x00007ffc54a60000 - 0x00007ffc54aa3000 	C:\WINDOWS\system32\cfgmgr32.dll
0x00007ffc57770000 - 0x00007ffc57778000 	C:\WINDOWS\system32\PSAPI.DLL
0x00007ffc478f0000 - 0x00007ffc478f9000 	C:\WINDOWS\SYSTEM32\WSOCK32.dll
0x00007ffc56b30000 - 0x00007ffc56b9b000 	C:\WINDOWS\system32\WS2_32.dll
0x0000000050010000 - 0x000000005001f000 	C:\Program Files\Java\jdk1.8.0_91\jre\bin\verify.dll
0x0000000077c50000 - 0x0000000077c79000 	C:\Program Files\Java\jdk1.8.0_91\jre\bin\java.dll
0x0000000076a50000 - 0x0000000076a66000 	C:\Program Files\Java\jdk1.8.0_91\jre\bin\zip.dll
0x00007ffc55400000 - 0x00007ffc5695c000 	C:\WINDOWS\system32\SHELL32.dll
0x00007ffc543e0000 - 0x00007ffc54a25000 	C:\WINDOWS\system32\windows.storage.dll
0x00007ffc54dd0000 - 0x00007ffc54e22000 	C:\WINDOWS\system32\shlwapi.dll
0x00007ffc53fb0000 - 0x00007ffc53fbf000 	C:\WINDOWS\system32\kernel.appcore.dll
0x00007ffc54d00000 - 0x00007ffc54db5000 	C:\WINDOWS\system32\shcore.dll
0x00007ffc54390000 - 0x00007ffc543db000 	C:\WINDOWS\system32\powrprof.dll
0x00007ffc53fd0000 - 0x00007ffc53fe4000 	C:\WINDOWS\system32\profapi.dll

VM Arguments:
jvm_args: -Djava.awt.headless=true -Xmx1024M -Dfile.encoding=GBK -Duser.country=CN -Duser.language=zh -Duser.variant 
java_command: com.android.dx.command.Main --dex --force-jumbo --num-threads=4 --multi-dex --output D:\andriod_projects\smartHome\app\build\intermediates\transforms\dex\debug\folders\1000\10\com.android.support-support-v4-23.3.0_5953f8c9fe94d18f86f1570e4859d9a33e5ab7f1 D:\andriod_projects\smartHome\app\build\intermediates\exploded-aar\com.android.support\support-v4\23.3.0\jars\classes.jar
java_class_path (initial): D:\android\android_SDK\build-tools\23.0.3\lib\dx.jar
Launcher Type: SUN_STANDARD

Environment Variables:
JAVA_HOME=C:\Program Files (x86)\Java\jdk1.8.0_31
CLASSPATH=C:\Program Files (x86)\Java\jdk1.8.0_31\lib;C:\Program Files (x86)\Java\jdk1.8.0_31\lib\tools.jar;D:\andriod environment\adt-bundle-windows-x86-20131030\eclipse\plugins\org.apache.ant_1.8.3.v201301120609\lib;
PATH=C:\PROGRA~1\PTC\MKSTOO~1\bin64;C:\PROGRA~1\PTC\MKSTOO~1\bin;C:\PROGRA~1\PTC\MKSTOO~1\bin\X11;C:\PROGRA~1\PTC\MKSTOO~1\mksnt;C:\ProgramData\Oracle\Java\javapath;C:\Program Files (x86)\Intel\iCLS Client\;C:\Program Files\Intel\iCLS Client\;C:\Program Files (x86)\NVIDIA Corporation\PhysX\Common;C:\WINDOWS\system32;C:\WINDOWS;C:\WINDOWS\System32\Wbem;C:\WINDOWS\System32\WindowsPowerShell\v1.0\;C:\Program Files\Intel\Intel(R) Management Engine Components\DAL;C:\Program Files\Intel\Intel(R) Management Engine Components\IPT;C:\Program Files (x86)\Intel\Intel(R) Management Engine Components\DAL;C:\Program Files (x86)\Intel\Intel(R) Management Engine Components\IPT;C:\Program Files (x86)\Java\jdk1.8.0_31\bin;C:\Program Files (x86)\Java\jdk1.8.0_31\jre\bin;D:\andriod environment\adt-bundle-windows-x86-20131030\sdk\tools;D:\andriod environment\adt-bundle-windows-x86-20131030\sdk\platform-tools;D:\andriod environment\adt-bundle-windows-x86-20131030\eclipse\plugins\org.apache.ant_1.8.3.v201301120609\bin;C:\Program Files\nodejs\;D:\Git\cmd;D:\HMA! Pro VPN\bin
USERNAME=freedom
DISPLAY=:0.0
OS=Windows_NT
PROCESSOR_IDENTIFIER=Intel64 Family 6 Model 60 Stepping 3, GenuineIntel



---------------  S Y S T E M  ---------------

OS: Windows 10.0 , 64 bit Build 10586 (10.0.10586.589)

CPU:total 4 (2 cores per cpu, 2 threads per core) family 6 model 60 stepping 3, cmov, cx8, fxsr, mmx, sse, sse2, sse3, ssse3, sse4.1, sse4.2, popcnt, avx, avx2, aes, clmul, erms, lzcnt, ht, tsc, tscinvbit, bmi1, bmi2

Memory: 4k page, physical 4112564k(598184k free), swap 5685428k(6076k free)

vm_info: Java HotSpot(TM) 64-Bit Server VM (25.91-b14) for windows-amd64 JRE (1.8.0_91-b14), built on Apr  1 2016 00:58:32 by "java_re" with MS VC++ 10.0 (VS2010)

time: Mon Sep 26 23:09:28 2016
elapsed time: 2 seconds (0d 0h 0m 2s)

