#
# There is insufficient memory for the Java Runtime Environment to continue.
# Native memory allocation (malloc) failed to allocate 32744 bytes for ChunkPool::allocate
# Possible reasons:
#   The system is out of physical RAM or swap space
#   In 32 bit mode, the process size limit was hit
# Possible solutions:
#   Reduce memory load on the system
#   Increase physical memory or swap space
#   Check if swap backing store is full
#   Use 64 bit Java on a 64 bit OS
#   Decrease Java heap size (-Xmx/-Xms)
#   Decrease number of Java threads
#   Decrease Java thread stack sizes (-Xss)
#   Set larger code cache with -XX:ReservedCodeCacheSize=
# This output file may be truncated or incomplete.
#
#  Out of Memory Error (allocation.cpp:273), pid=13416, tid=10904
#
# JRE version: Java(TM) SE Runtime Environment (8.0_91-b14) (build 1.8.0_91-b14)
# Java VM: Java HotSpot(TM) 64-Bit Server VM (25.91-b14 mixed mode windows-amd64 compressed oops)
# Failed to write core dump. Minidumps are not enabled by default on client versions of Windows
#

---------------  T H R E A D  ---------------

Current thread (0x0000000015b2e800):  JavaThread "C2 CompilerThread1" daemon [_thread_in_native, id=10904, stack(0x0000000017520000,0x0000000017620000)]

Stack: [0x0000000017520000,0x0000000017620000]
[error occurred during error reporting (printing stack bounds), id 0xc0000005]

Native frames: (J=compiled Java code, j=interpreted, Vv=VM code, C=native code)


Current CompileTask:
C2:   2029 1203       4       com.android.dx.ssa.SCCP::simulateBranch (666 bytes)


---------------  P R O C E S S  ---------------

Java Threads: ( => current thread )
  0x00000000170a3800 JavaThread "pool-2-thread-4" [_thread_in_Java, id=12592, stack(0x0000000017d20000,0x0000000017e20000)]
  0x00000000170a3000 JavaThread "pool-2-thread-3" [_thread_in_Java, id=6344, stack(0x0000000017c20000,0x0000000017d20000)]
  0x000000001709e000 JavaThread "pool-2-thread-2" [_thread_in_Java, id=8920, stack(0x0000000017b20000,0x0000000017c20000)]
  0x00000000170bc000 JavaThread "pool-3-thread-1" [_thread_blocked, id=14072, stack(0x0000000017a20000,0x0000000017b20000)]
  0x00000000170b4800 JavaThread "pool-2-thread-1" [_thread_in_Java, id=13380, stack(0x0000000017920000,0x0000000017a20000)]
  0x0000000016e83800 JavaThread "Service Thread" daemon [_thread_blocked, id=11112, stack(0x0000000017720000,0x0000000017820000)]
  0x0000000016e7e800 JavaThread "C1 CompilerThread2" daemon [_thread_blocked, id=4120, stack(0x0000000017620000,0x0000000017720000)]
=>0x0000000015b2e800 JavaThread "C2 CompilerThread1" daemon [_thread_in_native, id=10904, stack(0x0000000017520000,0x0000000017620000)]
  0x0000000015b2b000 JavaThread "C2 CompilerThread0" daemon [_thread_in_native, id=7156, stack(0x0000000017420000,0x0000000017520000)]
  0x0000000015b28800 JavaThread "Attach Listener" daemon [_thread_blocked, id=8888, stack(0x0000000017320000,0x0000000017420000)]
  0x0000000016e28800 JavaThread "Signal Dispatcher" daemon [_thread_blocked, id=2056, stack(0x0000000017220000,0x0000000017320000)]
  0x00000000033fa800 JavaThread "Finalizer" daemon [_thread_blocked, id=13740, stack(0x0000000016d20000,0x0000000016e20000)]
  0x0000000015a99000 JavaThread "Reference Handler" daemon [_thread_blocked, id=11104, stack(0x0000000016c20000,0x0000000016d20000)]
  0x00000000031fe000 JavaThread "main" [_thread_in_Java, id=11680, stack(0x0000000003200000,0x0000000003300000)]

Other Threads:
  0x0000000015a97800 VMThread [stack: 0x0000000016b20000,0x0000000016c20000] [id=3588]
  0x0000000016edc000 WatcherThread [stack: 0x0000000017820000,0x0000000017920000] [id=2296]

VM state:not at safepoint (normal execution)

VM Mutex/Monitor currently owned by a thread: None

Heap:
 PSYoungGen      total 18944K, used 11967K [0x00000000eab00000, 0x00000000ec000000, 0x0000000100000000)
  eden space 16384K, 57% used [0x00000000eab00000,0x00000000eb430110,0x00000000ebb00000)
  from space 2560K, 99% used [0x00000000ebd80000,0x00000000ebfffe30,0x00000000ec000000)
  to   space 2560K, 0% used [0x00000000ebb00000,0x00000000ebb00000,0x00000000ebd80000)
 ParOldGen       total 44032K, used 2575K [0x00000000c0000000, 0x00000000c2b00000, 0x00000000eab00000)
  object space 44032K, 5% used [0x00000000c0000000,0x00000000c0283fd8,0x00000000c2b00000)
 Metaspace       used 6066K, capacity 6902K, committed 7040K, reserved 1056768K
  class space    used 607K, capacity 622K, committed 640K, reserved 1048576K

Card table byte_map: [0x00000000127c0000,0x00000000129d0000] byte_map_base: 0x00000000121c0000

Marking Bits: (ParMarkBitMap*) 0x0000000054722f70
 Begin Bits: [0x0000000012f30000, 0x0000000013f30000)
 End Bits:   [0x0000000013f30000, 0x0000000014f30000)

Polling page: 0x0000000001500000

CodeCache: size=245760Kb used=4771Kb max_used=4771Kb free=240988Kb
 bounds [0x0000000003400000, 0x00000000038b0000, 0x0000000012400000]
 total_blobs=1501 nmethods=1230 adapters=184
 compilation: enabled

Compilation events (10 events):
Event: 1.998 Thread 0x0000000015b2b000 nmethod 1217 0x0000000003872fd0 code [0x0000000003873100, 0x0000000003873198]
Event: 1.998 Thread 0x0000000015b2b000 1218       4       java.util.ArrayList::subListRangeCheck (110 bytes)
Event: 1.999 Thread 0x0000000015b2b000 nmethod 1218 0x0000000003882450 code [0x0000000003882580, 0x0000000003882618]
Event: 2.000 Thread 0x0000000016e7e800 1219       3       com.android.dx.cf.direct.DirectClassFile::parseToEndIfNecessary (12 bytes)
Event: 2.000 Thread 0x0000000016e7e800 nmethod 1219 0x000000000389eed0 code [0x000000000389f040, 0x000000000389f208]
Event: 2.001 Thread 0x0000000016e7e800 1220       3       com.android.dx.cf.iface.StdMethodList::get (9 bytes)
Event: 2.001 Thread 0x0000000016e7e800 nmethod 1220 0x000000000389e990 code [0x000000000389eb00, 0x000000000389ee08]
Event: 2.003 Thread 0x0000000016e7e800 1221       3       com.android.dx.rop.code.AccessFlags::isPrivate (12 bytes)
Event: 2.003 Thread 0x0000000016e7e800 nmethod 1221 0x000000000389e610 code [0x000000000389e760, 0x000000000389e8f0]
Event: 2.004 Thread 0x0000000015b2b000 1222   !   4       com.android.dx.cf.code.BytecodeArray::parseInstruction (2764 bytes)

GC Heap History (4 events):
Event: 0.762 GC heap before
{Heap before GC invocations=1 (full 0):
 PSYoungGen      total 18944K, used 16384K [0x00000000eab00000, 0x00000000ec000000, 0x0000000100000000)
  eden space 16384K, 100% used [0x00000000eab00000,0x00000000ebb00000,0x00000000ebb00000)
  from space 2560K, 0% used [0x00000000ebd80000,0x00000000ebd80000,0x00000000ec000000)
  to   space 2560K, 0% used [0x00000000ebb00000,0x00000000ebb00000,0x00000000ebd80000)
 ParOldGen       total 44032K, used 0K [0x00000000c0000000, 0x00000000c2b00000, 0x00000000eab00000)
  object space 44032K, 0% used [0x00000000c0000000,0x00000000c0000000,0x00000000c2b00000)
 Metaspace       used 3982K, capacity 5040K, committed 5120K, reserved 1056768K
  class space    used 445K, capacity 488K, committed 512K, reserved 1048576K
Event: 0.765 GC heap after
Heap after GC invocations=1 (full 0):
 PSYoungGen      total 18944K, used 1692K [0x00000000eab00000, 0x00000000ec000000, 0x0000000100000000)
  eden space 16384K, 0% used [0x00000000eab00000,0x00000000eab00000,0x00000000ebb00000)
  from space 2560K, 66% used [0x00000000ebb00000,0x00000000ebca7280,0x00000000ebd80000)
  to   space 2560K, 0% used [0x00000000ebd80000,0x00000000ebd80000,0x00000000ec000000)
 ParOldGen       total 44032K, used 8K [0x00000000c0000000, 0x00000000c2b00000, 0x00000000eab00000)
  object space 44032K, 0% used [0x00000000c0000000,0x00000000c0002000,0x00000000c2b00000)
 Metaspace       used 3982K, capacity 5040K, committed 5120K, reserved 1056768K
  class space    used 445K, capacity 488K, committed 512K, reserved 1048576K
}
Event: 1.632 GC heap before
{Heap before GC invocations=2 (full 0):
 PSYoungGen      total 18944K, used 18076K [0x00000000eab00000, 0x00000000ec000000, 0x0000000100000000)
  eden space 16384K, 100% used [0x00000000eab00000,0x00000000ebb00000,0x00000000ebb00000)
  from space 2560K, 66% used [0x00000000ebb00000,0x00000000ebca7280,0x00000000ebd80000)
  to   space 2560K, 0% used [0x00000000ebd80000,0x00000000ebd80000,0x00000000ec000000)
 ParOldGen       total 44032K, used 8K [0x00000000c0000000, 0x00000000c2b00000, 0x00000000eab00000)
  object space 44032K, 0% used [0x00000000c0000000,0x00000000c0002000,0x00000000c2b00000)
 Metaspace       used 5949K, capacity 6836K, committed 7040K, reserved 1056768K
  class space    used 605K, capacity 620K, committed 640K, reserved 1048576K
Event: 1.640 GC heap after
Heap after GC invocations=2 (full 0):
 PSYoungGen      total 18944K, used 2559K [0x00000000eab00000, 0x00000000ec000000, 0x0000000100000000)
  eden space 16384K, 0% used [0x00000000eab00000,0x00000000eab00000,0x00000000ebb00000)
  from space 2560K, 99% used [0x00000000ebd80000,0x00000000ebfffe30,0x00000000ec000000)
  to   space 2560K, 0% used [0x00000000ebb00000,0x00000000ebb00000,0x00000000ebd80000)
 ParOldGen       total 44032K, used 2575K [0x00000000c0000000, 0x00000000c2b00000, 0x00000000eab00000)
  object space 44032K, 5% used [0x00000000c0000000,0x00000000c0283fd8,0x00000000c2b00000)
 Metaspace       used 5949K, capacity 6836K, committed 7040K, reserved 1056768K
  class space    used 605K, capacity 620K, committed 640K, reserved 1048576K
}

Deoptimization events (8 events):
Event: 0.670 Thread 0x00000000031fe000 Uncommon trap: reason=unstable_if action=reinterpret pc=0x0000000003560014 method=java.lang.String.compareTo(Ljava/lang/String;)I @ 38
Event: 1.045 Thread 0x00000000170b4800 Uncommon trap: reason=unstable_if action=reinterpret pc=0x0000000003615cc4 method=java.util.HashMap.getNode(ILjava/lang/Object;)Ljava/util/HashMap$Node; @ 62
Event: 1.465 Thread 0x000000001709e000 Uncommon trap: reason=unstable_if action=reinterpret pc=0x000000000361aeb0 method=java.util.BitSet.nextSetBit(I)I @ 87
Event: 1.902 Thread 0x00000000170a3000 Uncommon trap: reason=unstable_if action=reinterpret pc=0x00000000037abc78 method=com.android.dx.cf.code.Ropper.labelToResultIndex(I)I @ 34
Event: 1.902 Thread 0x00000000170a3000 Uncommon trap: reason=class_check action=maybe_recompile pc=0x0000000003736968 method=com.android.dx.rop.type.Type.equals(Ljava/lang/Object;)Z @ 8
Event: 1.902 Thread 0x00000000170a3000 Uncommon trap: reason=class_check action=maybe_recompile pc=0x0000000003736968 method=com.android.dx.rop.type.Type.equals(Ljava/lang/Object;)Z @ 8
Event: 1.902 Thread 0x00000000170a3000 Uncommon trap: reason=class_check action=maybe_recompile pc=0x0000000003736968 method=com.android.dx.rop.type.Type.equals(Ljava/lang/Object;)Z @ 8
Event: 1.904 Thread 0x00000000170a3000 Uncommon trap: reason=class_check action=maybe_recompile pc=0x0000000003736968 method=com.android.dx.rop.type.Type.equals(Ljava/lang/Object;)Z @ 8

Internal exceptions (2 events):
Event: 0.168 Thread 0x00000000031fe000 Exception <a 'java/lang/NoSuchMethodError': Method sun.misc.Unsafe.defineClass(Ljava/lang/String;[BII)Ljava/lang/Class; name or signature does not match> (0x00000000eab07cc0) thrown at [C:\re\workspace\8-2-build-windows-amd64-cygwin\jdk8u91\6644\hotspot\sr°§{ê≈?
Event: 0.168 Thread 0x00000000031fe000 Exception <a 'java/lang/NoSuchMethodError': Method sun.misc.Unsafe.prefetchRead(Ljava/lang/Object;J)V name or signature does not match> (0x00000000eab07fa8) thrown at [C:\re\workspace\8-2-build-windows-amd64-cygwin\jdk8u91\6644\hotspot\src\share\vm\prims\j

Events (10 events):
Event: 1.902 Thread 0x00000000170a3000 DEOPT UNPACKING pc=0x000000000344582a sp=0x0000000017d1ecb8 mode 2
Event: 1.902 Thread 0x00000000170a3000 Uncommon trap: trap_request=0xffffffde fr.pc=0x0000000003736968
Event: 1.902 Thread 0x00000000170a3000 DEOPT PACKING pc=0x0000000003736968 sp=0x0000000017d1ed80
Event: 1.902 Thread 0x00000000170a3000 DEOPT UNPACKING pc=0x000000000344582a sp=0x0000000017d1ecb8 mode 2
Event: 1.902 Thread 0x00000000170a3000 Uncommon trap: trap_request=0xffffffde fr.pc=0x0000000003736968
Event: 1.902 Thread 0x00000000170a3000 DEOPT PACKING pc=0x0000000003736968 sp=0x0000000017d1ed80
Event: 1.902 Thread 0x00000000170a3000 DEOPT UNPACKING pc=0x000000000344582a sp=0x0000000017d1ecb8 mode 2
Event: 1.904 Thread 0x00000000170a3000 Uncommon trap: trap_request=0xffffffde fr.pc=0x0000000003736968
Event: 1.904 Thread 0x00000000170a3000 DEOPT PACKING pc=0x0000000003736968 sp=0x0000000017d1e840
Event: 1.904 Thread 0x00000000170a3000 DEOPT UNPACKING pc=0x000000000344582a sp=0x0000000017d1e778 mode 2


Dynamic libraries:
0x00007ff6ab770000 - 0x00007ff6ab7a7000 	C:\Program Files\Java\jdk1.8.0_91\bin\java.exe
0x00007ffb92720000 - 0x00007ffb928e1000 	C:\WINDOWS\SYSTEM32\ntdll.dll
0x00007ffb90180000 - 0x00007ffb9022d000 	C:\WINDOWS\system32\KERNEL32.DLL
0x00007ffb8f310000 - 0x00007ffb8f4f8000 	C:\WINDOWS\system32\KERNELBASE.dll
0x00007ffb8f9c0000 - 0x00007ffb8fa67000 	C:\WINDOWS\system32\ADVAPI32.dll
0x00007ffb923f0000 - 0x00007ffb9248d000 	C:\WINDOWS\system32\msvcrt.dll
0x00007ffb92490000 - 0x00007ffb924eb000 	C:\WINDOWS\system32\sechost.dll
0x00007ffb90860000 - 0x00007ffb9097c000 	C:\WINDOWS\system32\RPCRT4.dll
0x00007ffb92010000 - 0x00007ffb92166000 	C:\WINDOWS\system32\USER32.dll
0x00007ffb90230000 - 0x00007ffb903b6000 	C:\WINDOWS\system32\GDI32.dll
0x00007ffb8ba80000 - 0x00007ffb8bcf4000 	C:\WINDOWS\WinSxS\amd64_microsoft.windows.common-controls_6595b64144ccf1df_6.0.10586.589_none_a2ddb3caa539acce\COMCTL32.dll
0x00007ffb8fad0000 - 0x00007ffb8fd4d000 	C:\WINDOWS\system32\combase.dll
0x00007ffb8f580000 - 0x00007ffb8f5ea000 	C:\WINDOWS\system32\bcryptPrimitives.dll
0x00007ffb923b0000 - 0x00007ffb923eb000 	C:\WINDOWS\system32\IMM32.DLL
0x00007ffb8ea00000 - 0x00007ffb8ea31000 	C:\Windows\system32\nvinitx.dll
0x00007ffb8e9f0000 - 0x00007ffb8e9fa000 	C:\WINDOWS\SYSTEM32\VERSION.dll
0x0000000053ad0000 - 0x0000000053ba2000 	C:\Program Files\Java\jdk1.8.0_91\jre\bin\msvcr100.dll
0x0000000053f10000 - 0x00000000547a3000 	C:\Program Files\Java\jdk1.8.0_91\jre\bin\server\jvm.dll
0x00007ffb8f500000 - 0x00007ffb8f523000 	C:\WINDOWS\system32\WINMM.dll
0x00007ffb8eb50000 - 0x00007ffb8eb7c000 	C:\WINDOWS\system32\WINMMBASE.dll
0x00007ffb8f880000 - 0x00007ffb8f8c3000 	C:\WINDOWS\system32\cfgmgr32.dll
0x00007ffb92660000 - 0x00007ffb92668000 	C:\WINDOWS\system32\PSAPI.DLL
0x00007ffb7daa0000 - 0x00007ffb7daa9000 	C:\WINDOWS\SYSTEM32\WSOCK32.dll
0x00007ffb91f90000 - 0x00007ffb91ffb000 	C:\WINDOWS\system32\WS2_32.dll
0x0000000054da0000 - 0x0000000054daf000 	C:\Program Files\Java\jdk1.8.0_91\jre\bin\verify.dll
0x0000000054d70000 - 0x0000000054d99000 	C:\Program Files\Java\jdk1.8.0_91\jre\bin\java.dll
0x0000000053ef0000 - 0x0000000053f06000 	C:\Program Files\Java\jdk1.8.0_91\jre\bin\zip.dll
0x00007ffb90980000 - 0x00007ffb91edc000 	C:\WINDOWS\system32\SHELL32.dll
0x00007ffb8ecc0000 - 0x00007ffb8f305000 	C:\WINDOWS\system32\windows.storage.dll
0x00007ffb8fa70000 - 0x00007ffb8fac2000 	C:\WINDOWS\system32\shlwapi.dll
0x00007ffb8eb10000 - 0x00007ffb8eb1f000 	C:\WINDOWS\system32\kernel.appcore.dll
0x00007ffb8f7c0000 - 0x00007ffb8f875000 	C:\WINDOWS\system32\shcore.dll
0x00007ffb8f530000 - 0x00007ffb8f57b000 	C:\WINDOWS\system32\powrprof.dll
0x00007ffb8eb20000 - 0x00007ffb8eb34000 	C:\WINDOWS\system32\profapi.dll

VM Arguments:
jvm_args: -Djava.awt.headless=true -Xmx1024M -Dfile.encoding=GBK -Duser.country=CN -Duser.language=zh -Duser.variant 
java_command: com.android.dx.command.Main --dex --force-jumbo --num-threads=4 --multi-dex --output D:\andriod_projects\smartHome\app\build\intermediates\transforms\dex\debug\folders\1000\10\com.android.support-support-v4-23.3.0_5953f8c9fe94d18f86f1570e4859d9a33e5ab7f1 D:\andriod_projects\smartHome\app\build\intermediates\exploded-aar\com.android.support\support-v4\23.3.0\jars\classes.jar
java_class_path (initial): D:\android\android_SDK\build-tools\23.0.3\lib\dx.jar
Launcher Type: SUN_STANDARD

Environment Variables:
JAVA_HOME=C:\Program Files (x86)\Java\jdk1.8.0_31
CLASSPATH=C:\Program Files (x86)\Java\jdk1.8.0_31\lib;C:\Program Files (x86)\Java\jdk1.8.0_31\lib\tools.jar;D:\andriod environment\adt-bundle-windows-x86-20131030\eclipse\plugins\org.apache.ant_1.8.3.v201301120609\lib;
PATH=C:\PROGRA~1\PTC\MKSTOO~1\bin64;C:\PROGRA~1\PTC\MKSTOO~1\bin;C:\PROGRA~1\PTC\MKSTOO~1\bin\X11;C:\PROGRA~1\PTC\MKSTOO~1\mksnt;C:\ProgramData\Oracle\Java\javapath;C:\Program Files (x86)\Intel\iCLS Client\;C:\Program Files\Intel\iCLS Client\;C:\Program Files (x86)\NVIDIA Corporation\PhysX\Common;C:\WINDOWS\system32;C:\WINDOWS;C:\WINDOWS\System32\Wbem;C:\WINDOWS\System32\WindowsPowerShell\v1.0\;C:\Program Files\Intel\Intel(R) Management Engine Components\DAL;C:\Program Files\Intel\Intel(R) Management Engine Components\IPT;C:\Program Files (x86)\Intel\Intel(R) Management Engine Components\DAL;C:\Program Files (x86)\Intel\Intel(R) Management Engine Components\IPT;C:\Program Files (x86)\Java\jdk1.8.0_31\bin;C:\Program Files (x86)\Java\jdk1.8.0_31\jre\bin;D:\andriod environment\adt-bundle-windows-x86-20131030\sdk\tools;D:\andriod environment\adt-bundle-windows-x86-20131030\sdk\platform-tools;D:\andriod environment\adt-bundle-windows-x86-20131030\eclipse\plugins\org.apache.ant_1.8.3.v201301120609\bin;C:\Program Files\nodejs\;D:\Git\cmd;D:\HMA! Pro VPN\bin
USERNAME=freedom
DISPLAY=:0.0
OS=Windows_NT
PROCESSOR_IDENTIFIER=Intel64 Family 6 Model 60 Stepping 3, GenuineIntel



---------------  S Y S T E M  ---------------

OS: Windows 10.0 , 64 bit Build 10586 (10.0.10586.589)

CPU:total 4 (2 cores per cpu, 2 threads per core) family 6 model 60 stepping 3, cmov, cx8, fxsr, mmx, sse, sse2, sse3, ssse3, sse4.1, sse4.2, popcnt, avx, avx2, aes, clmul, erms, lzcnt, ht, tsc, tscinvbit, bmi1, bmi2

Memory: 4k page, physical 4112564k(402808k free), swap 5685428k(4096k free)

vm_info: Java HotSpot(TM) 64-Bit Server VM (25.91-b14) for windows-amd64 JRE (1.8.0_91-b14), built on Apr  1 2016 00:58:32 by "java_re" with MS VC++ 10.0 (VS2010)

time: Sat Sep 17 21:42:37 2016
elapsed time: 2 seconds (0d 0h 0m 2s)

