#
# There is insufficient memory for the Java Runtime Environment to continue.
# Native memory allocation (malloc) failed to allocate 65552 bytes for Chunk::new
# Possible reasons:
#   The system is out of physical RAM or swap space
#   In 32 bit mode, the process size limit was hit
# Possible solutions:
#   Reduce memory load on the system
#   Increase physical memory or swap space
#   Check if swap backing store is full
#   Use 64 bit Java on a 64 bit OS
#   Decrease Java heap size (-Xmx/-Xms)
#   Decrease number of Java threads
#   Decrease Java thread stack sizes (-Xss)
#   Set larger code cache with -XX:ReservedCodeCacheSize=
# This output file may be truncated or incomplete.
#
#  Out of Memory Error (allocation.cpp:390), pid=12724, tid=4524
#
# JRE version: Java(TM) SE Runtime Environment (8.0_91-b14) (build 1.8.0_91-b14)
# Java VM: Java HotSpot(TM) 64-Bit Server VM (25.91-b14 mixed mode windows-amd64 compressed oops)
# Failed to write core dump. Minidumps are not enabled by default on client versions of Windows
#

---------------  T H R E A D  ---------------

Current thread (0x00000000150cb800):  JavaThread "C2 CompilerThread1" daemon [_thread_in_native, id=4524, stack(0x0000000016ae0000,0x0000000016be0000)]

Stack: [0x0000000016ae0000,0x0000000016be0000]
[error occurred during error reporting (printing stack bounds), id 0xc0000005]

Native frames: (J=compiled Java code, j=interpreted, Vv=VM code, C=native code)


Current CompileTask:
C2:   2332 1061       4       com.android.dx.ssa.SCCP::simulateStmt (481 bytes)


---------------  P R O C E S S  ---------------

Java Threads: ( => current thread )
  0x0000000016663800 JavaThread "pool-2-thread-4" [_thread_blocked, id=14324, stack(0x00000000172e0000,0x00000000173e0000)]
  0x0000000016662800 JavaThread "pool-2-thread-3" [_thread_blocked, id=12208, stack(0x00000000171e0000,0x00000000172e0000)]
  0x000000001665d000 JavaThread "pool-2-thread-2" [_thread_in_Java, id=5616, stack(0x00000000170e0000,0x00000000171e0000)]
  0x000000001664c800 JavaThread "pool-3-thread-1" [_thread_blocked, id=14564, stack(0x0000000016fe0000,0x00000000170e0000)]
  0x000000001664b800 JavaThread "pool-2-thread-1" [_thread_in_Java, id=10160, stack(0x0000000016ee0000,0x0000000016fe0000)]
  0x0000000016440800 JavaThread "Service Thread" daemon [_thread_blocked, id=12816, stack(0x0000000016ce0000,0x0000000016de0000)]
  0x000000001643b000 JavaThread "C1 CompilerThread2" daemon [_thread_blocked, id=15316, stack(0x0000000016be0000,0x0000000016ce0000)]
=>0x00000000150cb800 JavaThread "C2 CompilerThread1" daemon [_thread_in_native, id=4524, stack(0x0000000016ae0000,0x0000000016be0000)]
  0x00000000150ca000 JavaThread "C2 CompilerThread0" daemon [_thread_in_native, id=7412, stack(0x00000000169e0000,0x0000000016ae0000)]
  0x000000001507d800 JavaThread "Attach Listener" daemon [_thread_blocked, id=2180, stack(0x00000000168e0000,0x00000000169e0000)]
  0x00000000163e8800 JavaThread "Signal Dispatcher" daemon [_thread_blocked, id=9496, stack(0x00000000167e0000,0x00000000168e0000)]
  0x000000001505a800 JavaThread "Finalizer" daemon [_thread_blocked, id=12440, stack(0x00000000162e0000,0x00000000163e0000)]
  0x0000000002990000 JavaThread "Reference Handler" daemon [_thread_blocked, id=4160, stack(0x00000000161e0000,0x00000000162e0000)]
  0x000000000231e000 JavaThread "main" [_thread_in_Java, id=1092, stack(0x00000000027a0000,0x00000000028a0000)]

Other Threads:
  0x0000000015037800 VMThread [stack: 0x00000000160e0000,0x00000000161e0000] [id=468]
  0x0000000016447800 WatcherThread [stack: 0x0000000016de0000,0x0000000016ee0000] [id=3144]

VM state:not at safepoint (normal execution)

VM Mutex/Monitor currently owned by a thread: None

Heap:
 PSYoungGen      total 18944K, used 16179K [0x00000000eab00000, 0x00000000ed000000, 0x0000000100000000)
  eden space 16384K, 83% used [0x00000000eab00000,0x00000000eb850610,0x00000000ebb00000)
  from space 2560K, 99% used [0x00000000ebb00000,0x00000000ebd7c838,0x00000000ebd80000)
  to   space 2560K, 0% used [0x00000000ecd80000,0x00000000ecd80000,0x00000000ed000000)
 ParOldGen       total 44032K, used 1438K [0x00000000c0000000, 0x00000000c2b00000, 0x00000000eab00000)
  object space 44032K, 3% used [0x00000000c0000000,0x00000000c0167bc0,0x00000000c2b00000)
 Metaspace       used 5917K, capacity 6774K, committed 7040K, reserved 1056768K
  class space    used 596K, capacity 622K, committed 640K, reserved 1048576K

Card table byte_map: [0x0000000011d60000,0x0000000011f70000] byte_map_base: 0x0000000011760000

Marking Bits: (ParMarkBitMap*) 0x0000000077282f70
 Begin Bits: [0x00000000124d0000, 0x00000000134d0000)
 End Bits:   [0x00000000134d0000, 0x00000000144d0000)

Polling page: 0x0000000000bc0000

CodeCache: size=245760Kb used=4004Kb max_used=4017Kb free=241755Kb
 bounds [0x00000000029a0000, 0x0000000002da0000, 0x00000000119a0000]
 total_blobs=1303 nmethods=1033 adapters=183
 compilation: enabled

Compilation events (10 events):
Event: 2.168 Thread 0x00000000150cb800 nmethod 1043 0x0000000002d88a90 code [0x0000000002d88be0, 0x0000000002d88e18]
Event: 2.168 Thread 0x00000000150cb800 1049       4       java.lang.Object::equals (11 bytes)
Event: 2.168 Thread 0x00000000150cb800 nmethod 1049 0x0000000002c48110 code [0x0000000002c48240, 0x0000000002c482b8]
Event: 2.168 Thread 0x00000000150cb800 1061       4       com.android.dx.ssa.SCCP::simulateStmt (481 bytes)
Event: 2.169 Thread 0x000000001643b000 nmethod 1054 0x0000000002d88f90 code [0x0000000002d89360, 0x0000000002d8b948]
Event: 2.169 Thread 0x000000001643b000 1057       3       com.android.dx.rop.code.RegisterSpecList::withFirst (64 bytes)
Event: 2.170 Thread 0x000000001643b000 nmethod 1057 0x0000000002d86790 code [0x0000000002d86a20, 0x0000000002d87da8]
Event: 2.170 Thread 0x000000001643b000 1055       3       java.util.BitSet::checkRange (104 bytes)
Event: 2.170 Thread 0x00000000150ca000 nmethod 1042 0x0000000002d904d0 code [0x0000000002d906a0, 0x0000000002d90ef0]
Event: 2.170 Thread 0x00000000150ca000 1062   !   4       com.android.dx.cf.cst.ConstantPoolParser::parse0 (731 bytes)

GC Heap History (2 events):
Event: 1.677 GC heap before
{Heap before GC invocations=1 (full 0):
 PSYoungGen      total 18944K, used 16384K [0x00000000eab00000, 0x00000000ec000000, 0x0000000100000000)
  eden space 16384K, 100% used [0x00000000eab00000,0x00000000ebb00000,0x00000000ebb00000)
  from space 2560K, 0% used [0x00000000ebd80000,0x00000000ebd80000,0x00000000ec000000)
  to   space 2560K, 0% used [0x00000000ebb00000,0x00000000ebb00000,0x00000000ebd80000)
 ParOldGen       total 44032K, used 0K [0x00000000c0000000, 0x00000000c2b00000, 0x00000000eab00000)
  object space 44032K, 0% used [0x00000000c0000000,0x00000000c0000000,0x00000000c2b00000)
 Metaspace       used 5589K, capacity 6518K, committed 6784K, reserved 1056768K
  class space    used 594K, capacity 622K, committed 640K, reserved 1048576K
Event: 1.753 GC heap after
Heap after GC invocations=1 (full 0):
 PSYoungGen      total 18944K, used 2546K [0x00000000eab00000, 0x00000000ed000000, 0x0000000100000000)
  eden space 16384K, 0% used [0x00000000eab00000,0x00000000eab00000,0x00000000ebb00000)
  from space 2560K, 99% used [0x00000000ebb00000,0x00000000ebd7c838,0x00000000ebd80000)
  to   space 2560K, 0% used [0x00000000ecd80000,0x00000000ecd80000,0x00000000ed000000)
 ParOldGen       total 44032K, used 1438K [0x00000000c0000000, 0x00000000c2b00000, 0x00000000eab00000)
  object space 44032K, 3% used [0x00000000c0000000,0x00000000c0167bc0,0x00000000c2b00000)
 Metaspace       used 5589K, capacity 6518K, committed 6784K, reserved 1056768K
  class space    used 594K, capacity 622K, committed 640K, reserved 1048576K
}

Deoptimization events (5 events):
Event: 1.469 Thread 0x000000001665d000 Uncommon trap: reason=unstable_if action=reinterpret pc=0x0000000002bbef50 method=java.util.HashMap.getNode(ILjava/lang/Object;)Ljava/util/HashMap$Node; @ 129
Event: 1.798 Thread 0x000000001664b800 Uncommon trap: reason=unstable_if action=reinterpret pc=0x0000000002b4531c method=com.android.dx.rop.cst.Constant.compareTo(Lcom/android/dx/rop/cst/Constant;)I @ 12
Event: 1.828 Thread 0x000000000231e000 Uncommon trap: reason=unstable_if action=reinterpret pc=0x0000000002bb1f30 method=java.util.BitSet.nextSetBit(I)I @ 87
Event: 1.846 Thread 0x000000001664b800 Uncommon trap: reason=unstable_if action=reinterpret pc=0x0000000002bfee24 method=com.android.dx.rop.cst.CstFieldRef.compareTo0(Lcom/android/dx/rop/cst/Constant;)I @ 7
Event: 2.323 Thread 0x000000000231e000 Uncommon trap: reason=unstable_if action=reinterpret pc=0x0000000002d5fc78 method=com.android.dx.cf.code.Ropper.labelToResultIndex(I)I @ 34

Internal exceptions (2 events):
Event: 0.049 Thread 0x000000000231e000 Exception <a 'java/lang/NoSuchMethodError': Method sun.misc.Unsafe.defineClass(Ljava/lang/String;[BII)Ljava/lang/Class; name or signature does not match> (0x00000000eab07cc0) thrown at [C:\re\workspace\8-2-build-windows-amd64-cygwin\jdk8u91\6644\hotspot\sr71æ‡B©?
Event: 0.049 Thread 0x000000000231e000 Exception <a 'java/lang/NoSuchMethodError': Method sun.misc.Unsafe.prefetchRead(Ljava/lang/Object;J)V name or signature does not match> (0x00000000eab07fa8) thrown at [C:\re\workspace\8-2-build-windows-amd64-cygwin\jdk8u91\6644\hotspot\src\share\vm\prims\j

Events (10 events):
Event: 1.846 Thread 0x000000001664b800 Uncommon trap: trap_request=0xffffff65 fr.pc=0x0000000002bfee24
Event: 1.846 Thread 0x000000001664b800 DEOPT PACKING pc=0x0000000002bfee24 sp=0x0000000016fdef20
Event: 1.846 Thread 0x000000001664b800 DEOPT UNPACKING pc=0x00000000029e582a sp=0x0000000016fdee98 mode 2
Event: 2.154 loading class com/android/dx/cf/attrib/AttExceptions
Event: 2.154 loading class com/android/dx/cf/attrib/AttExceptions done
Event: 2.170 Executing VM operation: ForceSafepoint
Event: 2.321 Executing VM operation: ForceSafepoint done
Event: 2.323 Thread 0x000000000231e000 Uncommon trap: trap_request=0xffffff65 fr.pc=0x0000000002d5fc78
Event: 2.323 Thread 0x000000000231e000 DEOPT PACKING pc=0x0000000002d5fc78 sp=0x000000000289e700
Event: 2.323 Thread 0x000000000231e000 DEOPT UNPACKING pc=0x00000000029e582a sp=0x000000000289e6a8 mode 2


Dynamic libraries:
0x00007ff77d8f0000 - 0x00007ff77d927000 	C:\Program Files\Java\jdk1.8.0_91\bin\java.exe
0x00007ffc57b90000 - 0x00007ffc57d51000 	C:\WINDOWS\SYSTEM32\ntdll.dll
0x00007ffc56ba0000 - 0x00007ffc56c4d000 	C:\WINDOWS\system32\KERNEL32.DLL
0x00007ffc54ab0000 - 0x00007ffc54c98000 	C:\WINDOWS\system32\KERNELBASE.dll
0x00007ffc572f0000 - 0x00007ffc57397000 	C:\WINDOWS\system32\ADVAPI32.dll
0x00007ffc570f0000 - 0x00007ffc5718d000 	C:\WINDOWS\system32\msvcrt.dll
0x00007ffc57600000 - 0x00007ffc5765b000 	C:\WINDOWS\system32\sechost.dll
0x00007ffc56960000 - 0x00007ffc56a7c000 	C:\WINDOWS\system32\RPCRT4.dll
0x00007ffc57820000 - 0x00007ffc57976000 	C:\WINDOWS\system32\USER32.dll
0x00007ffc56ed0000 - 0x00007ffc57056000 	C:\WINDOWS\system32\GDI32.dll
0x00007ffc50950000 - 0x00007ffc50bc4000 	C:\WINDOWS\WinSxS\amd64_microsoft.windows.common-controls_6595b64144ccf1df_6.0.10586.589_none_a2ddb3caa539acce\COMCTL32.dll
0x00007ffc56c50000 - 0x00007ffc56ecd000 	C:\WINDOWS\system32\combase.dll
0x00007ffc54080000 - 0x00007ffc540ea000 	C:\WINDOWS\system32\bcryptPrimitives.dll
0x00007ffc54f90000 - 0x00007ffc54fcb000 	C:\WINDOWS\system32\IMM32.DLL
0x00007ffc53e70000 - 0x00007ffc53ea1000 	C:\Windows\system32\nvinitx.dll
0x00007ffc53e60000 - 0x00007ffc53e6a000 	C:\WINDOWS\SYSTEM32\VERSION.dll
0x00000000765f0000 - 0x00000000766c2000 	C:\Program Files\Java\jdk1.8.0_91\jre\bin\msvcr100.dll
0x0000000076a70000 - 0x0000000077303000 	C:\Program Files\Java\jdk1.8.0_91\jre\bin\server\jvm.dll
0x00007ffc54a30000 - 0x00007ffc54a53000 	C:\WINDOWS\system32\WINMM.dll
0x00007ffc53f80000 - 0x00007ffc53fac000 	C:\WINDOWS\system32\WINMMBASE.dll
0x00007ffc54a60000 - 0x00007ffc54aa3000 	C:\WINDOWS\system32\cfgmgr32.dll
0x00007ffc57770000 - 0x00007ffc57778000 	C:\WINDOWS\system32\PSAPI.DLL
0x00007ffc478f0000 - 0x00007ffc478f9000 	C:\WINDOWS\SYSTEM32\WSOCK32.dll
0x00007ffc56b30000 - 0x00007ffc56b9b000 	C:\WINDOWS\system32\WS2_32.dll
0x0000000050010000 - 0x000000005001f000 	C:\Program Files\Java\jdk1.8.0_91\jre\bin\verify.dll
0x0000000077c50000 - 0x0000000077c79000 	C:\Program Files\Java\jdk1.8.0_91\jre\bin\java.dll
0x0000000076a50000 - 0x0000000076a66000 	C:\Program Files\Java\jdk1.8.0_91\jre\bin\zip.dll
0x00007ffc55400000 - 0x00007ffc5695c000 	C:\WINDOWS\system32\SHELL32.dll
0x00007ffc543e0000 - 0x00007ffc54a25000 	C:\WINDOWS\system32\windows.storage.dll
0x00007ffc54dd0000 - 0x00007ffc54e22000 	C:\WINDOWS\system32\shlwapi.dll
0x00007ffc53fb0000 - 0x00007ffc53fbf000 	C:\WINDOWS\system32\kernel.appcore.dll
0x00007ffc54d00000 - 0x00007ffc54db5000 	C:\WINDOWS\system32\shcore.dll
0x00007ffc54390000 - 0x00007ffc543db000 	C:\WINDOWS\system32\powrprof.dll
0x00007ffc53fd0000 - 0x00007ffc53fe4000 	C:\WINDOWS\system32\profapi.dll

VM Arguments:
jvm_args: -Djava.awt.headless=true -Xmx1024M -Dfile.encoding=GBK -Duser.country=CN -Duser.language=zh -Duser.variant 
java_command: com.android.dx.command.Main --dex --force-jumbo --num-threads=4 --multi-dex --output D:\andriod_projects\smartHome\app\build\intermediates\transforms\dex\debug\folders\1000\2\Msc_13ca5e06530bdb21b722342a98c62b4e3432e993 D:\andriod_projects\smartHome\app\libs\Msc.jar
java_class_path (initial): D:\android\android_SDK\build-tools\23.0.3\lib\dx.jar
Launcher Type: SUN_STANDARD

Environment Variables:
JAVA_HOME=C:\Program Files (x86)\Java\jdk1.8.0_31
CLASSPATH=C:\Program Files (x86)\Java\jdk1.8.0_31\lib;C:\Program Files (x86)\Java\jdk1.8.0_31\lib\tools.jar;D:\andriod environment\adt-bundle-windows-x86-20131030\eclipse\plugins\org.apache.ant_1.8.3.v201301120609\lib;
PATH=C:\PROGRA~1\PTC\MKSTOO~1\bin64;C:\PROGRA~1\PTC\MKSTOO~1\bin;C:\PROGRA~1\PTC\MKSTOO~1\bin\X11;C:\PROGRA~1\PTC\MKSTOO~1\mksnt;C:\ProgramData\Oracle\Java\javapath;C:\Program Files (x86)\Intel\iCLS Client\;C:\Program Files\Intel\iCLS Client\;C:\Program Files (x86)\NVIDIA Corporation\PhysX\Common;C:\WINDOWS\system32;C:\WINDOWS;C:\WINDOWS\System32\Wbem;C:\WINDOWS\System32\WindowsPowerShell\v1.0\;C:\Program Files\Intel\Intel(R) Management Engine Components\DAL;C:\Program Files\Intel\Intel(R) Management Engine Components\IPT;C:\Program Files (x86)\Intel\Intel(R) Management Engine Components\DAL;C:\Program Files (x86)\Intel\Intel(R) Management Engine Components\IPT;C:\Program Files (x86)\Java\jdk1.8.0_31\bin;C:\Program Files (x86)\Java\jdk1.8.0_31\jre\bin;D:\andriod environment\adt-bundle-windows-x86-20131030\sdk\tools;D:\andriod environment\adt-bundle-windows-x86-20131030\sdk\platform-tools;D:\andriod environment\adt-bundle-windows-x86-20131030\eclipse\plugins\org.apache.ant_1.8.3.v201301120609\bin;C:\Program Files\nodejs\;D:\Git\cmd;D:\HMA! Pro VPN\bin
USERNAME=freedom
DISPLAY=:0.0
OS=Windows_NT
PROCESSOR_IDENTIFIER=Intel64 Family 6 Model 60 Stepping 3, GenuineIntel



---------------  S Y S T E M  ---------------

OS: Windows 10.0 , 64 bit Build 10586 (10.0.10586.589)

CPU:total 4 (2 cores per cpu, 2 threads per core) family 6 model 60 stepping 3, cmov, cx8, fxsr, mmx, sse, sse2, sse3, ssse3, sse4.1, sse4.2, popcnt, avx, avx2, aes, clmul, erms, lzcnt, ht, tsc, tscinvbit, bmi1, bmi2

Memory: 4k page, physical 4112564k(610900k free), swap 5685428k(2336k free)

vm_info: Java HotSpot(TM) 64-Bit Server VM (25.91-b14) for windows-amd64 JRE (1.8.0_91-b14), built on Apr  1 2016 00:58:32 by "java_re" with MS VC++ 10.0 (VS2010)

time: Mon Sep 26 23:09:32 2016
elapsed time: 2 seconds (0d 0h 0m 2s)

