#
# There is insufficient memory for the Java Runtime Environment to continue.
# Native memory allocation (malloc) failed to allocate 701616 bytes for Chunk::new
# Possible reasons:
#   The system is out of physical RAM or swap space
#   In 32 bit mode, the process size limit was hit
# Possible solutions:
#   Reduce memory load on the system
#   Increase physical memory or swap space
#   Check if swap backing store is full
#   Use 64 bit Java on a 64 bit OS
#   Decrease Java heap size (-Xmx/-Xms)
#   Decrease number of Java threads
#   Decrease Java thread stack sizes (-Xss)
#   Set larger code cache with -XX:ReservedCodeCacheSize=
# This output file may be truncated or incomplete.
#
#  Out of Memory Error (allocation.cpp:390), pid=10508, tid=9596
#
# JRE version: Java(TM) SE Runtime Environment (8.0_91-b14) (build 1.8.0_91-b14)
# Java VM: Java HotSpot(TM) 64-Bit Server VM (25.91-b14 mixed mode windows-amd64 compressed oops)
# Failed to write core dump. Minidumps are not enabled by default on client versions of Windows
#

---------------  T H R E A D  ---------------

Current thread (0x0000000014f1b000):  JavaThread "C2 CompilerThread0" daemon [_thread_in_native, id=9596, stack(0x0000000016870000,0x0000000016970000)]

Stack: [0x0000000016870000,0x0000000016970000]
[error occurred during error reporting (printing stack bounds), id 0xc0000005]

Native frames: (J=compiled Java code, j=interpreted, Vv=VM code, C=native code)


Current CompileTask:
C2:   3253 1445       4       com.android.dx.ssa.SCCP::simulateBranch (666 bytes)


---------------  P R O C E S S  ---------------

Java Threads: ( => current thread )
  0x0000000016584000 JavaThread "pool-2-thread-4" [_thread_in_Java, id=1604, stack(0x0000000017170000,0x0000000017270000)]
  0x0000000016583800 JavaThread "pool-2-thread-3" [_thread_blocked, id=9032, stack(0x0000000017070000,0x0000000017170000)]
  0x0000000016537800 JavaThread "pool-2-thread-2" [_thread_in_Java, id=10964, stack(0x0000000016f70000,0x0000000017070000)]
  0x0000000016563000 JavaThread "pool-3-thread-1" [_thread_blocked, id=9368, stack(0x0000000016e70000,0x0000000016f70000)]
  0x00000000164eb800 JavaThread "pool-2-thread-1" [_thread_blocked, id=10180, stack(0x0000000016d70000,0x0000000016e70000)]
  0x00000000162d2000 JavaThread "Service Thread" daemon [_thread_blocked, id=10716, stack(0x0000000016b70000,0x0000000016c70000)]
  0x00000000162cd000 JavaThread "C1 CompilerThread2" daemon [_thread_blocked, id=10936, stack(0x0000000016a70000,0x0000000016b70000)]
  0x000000001627a000 JavaThread "C2 CompilerThread1" daemon [_thread_in_native, id=7928, stack(0x0000000016970000,0x0000000016a70000)]
=>0x0000000014f1b000 JavaThread "C2 CompilerThread0" daemon [_thread_in_native, id=9596, stack(0x0000000016870000,0x0000000016970000)]
  0x0000000014f18800 JavaThread "Attach Listener" daemon [_thread_blocked, id=4984, stack(0x0000000016770000,0x0000000016870000)]
  0x0000000016278800 JavaThread "Signal Dispatcher" daemon [_thread_blocked, id=6028, stack(0x0000000016670000,0x0000000016770000)]
  0x0000000014eaa800 JavaThread "Finalizer" daemon [_thread_blocked, id=4000, stack(0x0000000016110000,0x0000000016210000)]
  0x0000000014e89000 JavaThread "Reference Handler" daemon [_thread_blocked, id=3840, stack(0x0000000016010000,0x0000000016110000)]
  0x000000000227e000 JavaThread "main" [_thread_in_vm, id=588, stack(0x00000000025f0000,0x00000000026f0000)]

Other Threads:
  0x0000000014e87800 VMThread [stack: 0x0000000015f10000,0x0000000016010000] [id=9448]
  0x000000001631a800 WatcherThread [stack: 0x0000000016c70000,0x0000000016d70000] [id=6396]

VM state:not at safepoint (normal execution)

VM Mutex/Monitor currently owned by a thread: None

Heap:
 PSYoungGen      total 35328K, used 35298K [0x00000000eab00000, 0x00000000ed000000, 0x0000000100000000)
  eden space 32768K, 100% used [0x00000000eab00000,0x00000000ecb00000,0x00000000ecb00000)
  from space 2560K, 98% used [0x00000000ecd80000,0x00000000ecff88f0,0x00000000ed000000)
  to   space 2560K, 0% used [0x00000000ecb00000,0x00000000ecb00000,0x00000000ecd80000)
 ParOldGen       total 44032K, used 2467K [0x00000000c0000000, 0x00000000c2b00000, 0x00000000eab00000)
  object space 44032K, 5% used [0x00000000c0000000,0x00000000c0268e20,0x00000000c2b00000)
 Metaspace       used 6193K, capacity 7030K, committed 7296K, reserved 1056768K
  class space    used 607K, capacity 622K, committed 640K, reserved 1048576K

Card table byte_map: [0x0000000011bb0000,0x0000000011dc0000] byte_map_base: 0x00000000115b0000

Marking Bits: (ParMarkBitMap*) 0x00000000727a2f70
 Begin Bits: [0x0000000012320000, 0x0000000013320000)
 End Bits:   [0x0000000013320000, 0x0000000014320000)

Polling page: 0x00000000021e0000

CodeCache: size=245760Kb used=6232Kb max_used=6232Kb free=239527Kb
 bounds [0x00000000027f0000, 0x0000000002e10000, 0x00000000117f0000]
 total_blobs=1749 nmethods=1476 adapters=184
 compilation: enabled

Compilation events (10 events):
Event: 3.012 Thread 0x00000000162cd000 1470       3       com.android.dx.cf.code.Frame::mergeWith (80 bytes)
Event: 3.013 Thread 0x00000000162cd000 nmethod 1470 0x0000000002dd9bd0 code [0x0000000002dd9e00, 0x0000000002ddade8]
Event: 3.014 Thread 0x00000000162cd000 1471       3       com.android.dx.rop.code.RegisterSpec::withType (13 bytes)
Event: 3.015 Thread 0x00000000162cd000 nmethod 1471 0x0000000002ddb290 code [0x0000000002ddb400, 0x0000000002ddb5e8]
Event: 3.166 Thread 0x000000001627a000 nmethod 1441 0x0000000002de3fd0 code [0x0000000002de4180, 0x0000000002de4f98]
Event: 3.166 Thread 0x000000001627a000 1456 %     4       com.android.dx.rop.code.RopMethod::calcPredecessors @ 157 (227 bytes)
Event: 3.168 Thread 0x0000000014f1b000 nmethod 1407 0x0000000002de6110 code [0x0000000002de63a0, 0x0000000002de8558]
Event: 3.168 Thread 0x0000000014f1b000 1445       4       com.android.dx.ssa.SCCP::simulateBranch (666 bytes)
Event: 3.170 Thread 0x000000001627a000 nmethod 1456% 0x0000000002de0790 code [0x0000000002de0900, 0x0000000002de0c58]
Event: 3.170 Thread 0x000000001627a000 1416       4       com.android.dx.rop.code.RopMethod::labelToPredecessors (54 bytes)

GC Heap History (4 events):
Event: 0.657 GC heap before
{Heap before GC invocations=1 (full 0):
 PSYoungGen      total 18944K, used 16384K [0x00000000eab00000, 0x00000000ec000000, 0x0000000100000000)
  eden space 16384K, 100% used [0x00000000eab00000,0x00000000ebb00000,0x00000000ebb00000)
  from space 2560K, 0% used [0x00000000ebd80000,0x00000000ebd80000,0x00000000ec000000)
  to   space 2560K, 0% used [0x00000000ebb00000,0x00000000ebb00000,0x00000000ebd80000)
 ParOldGen       total 44032K, used 0K [0x00000000c0000000, 0x00000000c2b00000, 0x00000000eab00000)
  object space 44032K, 0% used [0x00000000c0000000,0x00000000c0000000,0x00000000c2b00000)
 Metaspace       used 3981K, capacity 5040K, committed 5120K, reserved 1056768K
  class space    used 445K, capacity 488K, committed 512K, reserved 1048576K
Event: 0.669 GC heap after
Heap after GC invocations=1 (full 0):
 PSYoungGen      total 18944K, used 1693K [0x00000000eab00000, 0x00000000ed000000, 0x0000000100000000)
  eden space 16384K, 0% used [0x00000000eab00000,0x00000000eab00000,0x00000000ebb00000)
  from space 2560K, 66% used [0x00000000ebb00000,0x00000000ebca75b8,0x00000000ebd80000)
  to   space 2560K, 0% used [0x00000000ecd80000,0x00000000ecd80000,0x00000000ed000000)
 ParOldGen       total 44032K, used 8K [0x00000000c0000000, 0x00000000c2b00000, 0x00000000eab00000)
  object space 44032K, 0% used [0x00000000c0000000,0x00000000c0002000,0x00000000c2b00000)
 Metaspace       used 3981K, capacity 5040K, committed 5120K, reserved 1056768K
  class space    used 445K, capacity 488K, committed 512K, reserved 1048576K
}
Event: 1.568 GC heap before
{Heap before GC invocations=2 (full 0):
 PSYoungGen      total 18944K, used 18077K [0x00000000eab00000, 0x00000000ed000000, 0x0000000100000000)
  eden space 16384K, 100% used [0x00000000eab00000,0x00000000ebb00000,0x00000000ebb00000)
  from space 2560K, 66% used [0x00000000ebb00000,0x00000000ebca75b8,0x00000000ebd80000)
  to   space 2560K, 0% used [0x00000000ecd80000,0x00000000ecd80000,0x00000000ed000000)
 ParOldGen       total 44032K, used 8K [0x00000000c0000000, 0x00000000c2b00000, 0x00000000eab00000)
  object space 44032K, 0% used [0x00000000c0000000,0x00000000c0002000,0x00000000c2b00000)
 Metaspace       used 5917K, capacity 6772K, committed 7040K, reserved 1056768K
  class space    used 605K, capacity 620K, committed 640K, reserved 1048576K
Event: 2.142 GC heap after
Heap after GC invocations=2 (full 0):
 PSYoungGen      total 35328K, used 2530K [0x00000000eab00000, 0x00000000ed000000, 0x0000000100000000)
  eden space 32768K, 0% used [0x00000000eab00000,0x00000000eab00000,0x00000000ecb00000)
  from space 2560K, 98% used [0x00000000ecd80000,0x00000000ecff88f0,0x00000000ed000000)
  to   space 2560K, 0% used [0x00000000ecb00000,0x00000000ecb00000,0x00000000ecd80000)
 ParOldGen       total 44032K, used 2467K [0x00000000c0000000, 0x00000000c2b00000, 0x00000000eab00000)
  object space 44032K, 5% used [0x00000000c0000000,0x00000000c0268e20,0x00000000c2b00000)
 Metaspace       used 5917K, capacity 6772K, committed 7040K, reserved 1056768K
  class space    used 605K, capacity 620K, committed 640K, reserved 1048576K
}

Deoptimization events (8 events):
Event: 0.452 Thread 0x000000000227e000 Uncommon trap: reason=unstable_if action=reinterpret pc=0x000000000294c054 method=java.lang.String.compareTo(Ljava/lang/String;)I @ 38
Event: 0.987 Thread 0x000000000227e000 Uncommon trap: reason=unstable_if action=reinterpret pc=0x0000000002a09b84 method=java.util.HashMap.getNode(ILjava/lang/Object;)Ljava/util/HashMap$Node; @ 62
Event: 1.232 Thread 0x000000000227e000 Uncommon trap: reason=unstable_if action=reinterpret pc=0x0000000002a11870 method=java.util.BitSet.nextSetBit(I)I @ 87
Event: 2.493 Thread 0x0000000016583800 Uncommon trap: reason=unstable_if action=reinterpret pc=0x0000000002ba73b8 method=com.android.dx.cf.code.Ropper.labelToResultIndex(I)I @ 34
Event: 2.548 Thread 0x000000000227e000 Uncommon trap: reason=unloaded action=reinterpret pc=0x0000000002cc6534 method=com.android.dx.cf.cst.ConstantPoolParser.parse0(ILjava/util/BitSet;)Lcom/android/dx/rop/cst/Constant; @ 198
Event: 3.014 Thread 0x000000000227e000 Uncommon trap: reason=unstable_if action=reinterpret pc=0x0000000002b3d580 method=com.android.dx.rop.code.RegisterSpec.equals(ILcom/android/dx/rop/type/TypeBearer;Lcom/android/dx/rop/code/LocalItem;)Z @ 42
Event: 3.015 Thread 0x00000000164eb800 Uncommon trap: reason=bimorphic action=maybe_recompile pc=0x0000000002d83f70 method=com.android.dx.cf.code.BytecodeArray.parseInstruction(ILcom/android/dx/cf/code/BytecodeArray$Visitor;)I @ 2484
Event: 3.015 Thread 0x00000000164eb800 Uncommon trap: reason=bimorphic action=maybe_recompile pc=0x0000000002d83f70 method=com.android.dx.cf.code.BytecodeArray.parseInstruction(ILcom/android/dx/cf/code/BytecodeArray$Visitor;)I @ 2484

Internal exceptions (2 events):
Event: 0.072 Thread 0x000000000227e000 Exception <a 'java/lang/NoSuchMethodError': Method sun.misc.Unsafe.defineClass(Ljava/lang/String;[BII)Ljava/lang/Class; name or signature does not match> (0x00000000eab07cc0) thrown at [C:\re\workspace\8-2-build-windows-amd64-cygwin\jdk8u91\6644\hotspot\sr9-„Ÿfã≤?
Event: 0.072 Thread 0x000000000227e000 Exception <a 'java/lang/NoSuchMethodError': Method sun.misc.Unsafe.prefetchRead(Ljava/lang/Object;J)V name or signature does not match> (0x00000000eab07fa8) thrown at [C:\re\workspace\8-2-build-windows-amd64-cygwin\jdk8u91\6644\hotspot\src\share\vm\prims\j

Events (10 events):
Event: 3.014 Thread 0x000000000227e000 DEOPT PACKING pc=0x0000000002ade249 sp=0x00000000026ee000
Event: 3.014 Thread 0x000000000227e000 DEOPT UNPACKING pc=0x000000000283787f sp=0x00000000026eddc8 mode 0
Event: 3.015 Thread 0x00000000164eb800 Uncommon trap: trap_request=0xffffffc6 fr.pc=0x0000000002d83f70
Event: 3.015 Thread 0x00000000164eb800 DEOPT PACKING pc=0x0000000002d83f70 sp=0x0000000016e6ea10
Event: 3.015 Thread 0x00000000164eb800 DEOPT UNPACKING pc=0x000000000283582a sp=0x0000000016e6e998 mode 2
Event: 3.015 Thread 0x00000000164eb800 Uncommon trap: trap_request=0xffffffc6 fr.pc=0x0000000002d83f70
Event: 3.015 Thread 0x00000000164eb800 DEOPT PACKING pc=0x0000000002d83f70 sp=0x0000000016e6e7c0
Event: 3.015 Thread 0x00000000164eb800 DEOPT UNPACKING pc=0x000000000283582a sp=0x0000000016e6e748 mode 2
Event: 3.016 Executing VM operation: ForceSafepoint
Event: 3.163 Executing VM operation: ForceSafepoint done


Dynamic libraries:
0x00007ff615050000 - 0x00007ff615087000 	C:\Program Files\Java\jdk1.8.0_91\bin\java.exe
0x00007ffa53620000 - 0x00007ffa537e1000 	C:\WINDOWS\SYSTEM32\ntdll.dll
0x00007ffa50ae0000 - 0x00007ffa50b8d000 	C:\WINDOWS\system32\KERNEL32.DLL
0x00007ffa50340000 - 0x00007ffa50528000 	C:\WINDOWS\system32\KERNELBASE.dll
0x00007ffa50b90000 - 0x00007ffa50c37000 	C:\WINDOWS\system32\ADVAPI32.dll
0x00007ffa524a0000 - 0x00007ffa5253d000 	C:\WINDOWS\system32\msvcrt.dll
0x00007ffa53410000 - 0x00007ffa5346b000 	C:\WINDOWS\system32\sechost.dll
0x00007ffa53500000 - 0x00007ffa5361c000 	C:\WINDOWS\system32\RPCRT4.dll
0x00007ffa52540000 - 0x00007ffa52696000 	C:\WINDOWS\system32\USER32.dll
0x00007ffa50ca0000 - 0x00007ffa50e26000 	C:\WINDOWS\system32\GDI32.dll
0x00007ffa4d490000 - 0x00007ffa4d704000 	C:\WINDOWS\WinSxS\amd64_microsoft.windows.common-controls_6595b64144ccf1df_6.0.10586.494_none_a2d8b04ea53e3145\COMCTL32.dll
0x00007ffa50860000 - 0x00007ffa50add000 	C:\WINDOWS\system32\combase.dll
0x00007ffa507d0000 - 0x00007ffa5083a000 	C:\WINDOWS\system32\bcryptPrimitives.dll
0x00007ffa52390000 - 0x00007ffa523cb000 	C:\WINDOWS\system32\IMM32.DLL
0x00007ffa4f910000 - 0x00007ffa4f941000 	C:\Windows\system32\nvinitx.dll
0x00007ffa4f900000 - 0x00007ffa4f90a000 	C:\WINDOWS\SYSTEM32\VERSION.dll
0x0000000071b10000 - 0x0000000071be2000 	C:\Program Files\Java\jdk1.8.0_91\jre\bin\msvcr100.dll
0x0000000071f90000 - 0x0000000072823000 	C:\Program Files\Java\jdk1.8.0_91\jre\bin\server\jvm.dll
0x00007ffa50580000 - 0x00007ffa505a3000 	C:\WINDOWS\system32\WINMM.dll
0x00007ffa4fa50000 - 0x00007ffa4fa7c000 	C:\WINDOWS\system32\WINMMBASE.dll
0x00007ffa50780000 - 0x00007ffa507c3000 	C:\WINDOWS\system32\cfgmgr32.dll
0x00007ffa52f40000 - 0x00007ffa52f48000 	C:\WINDOWS\system32\PSAPI.DLL
0x00007ffa42dc0000 - 0x00007ffa42dc9000 	C:\WINDOWS\SYSTEM32\WSOCK32.dll
0x00007ffa526a0000 - 0x00007ffa5270b000 	C:\WINDOWS\system32\WS2_32.dll
0x0000000071f80000 - 0x0000000071f8f000 	C:\Program Files\Java\jdk1.8.0_91\jre\bin\verify.dll
0x0000000071f50000 - 0x0000000071f79000 	C:\Program Files\Java\jdk1.8.0_91\jre\bin\java.dll
0x0000000071f30000 - 0x0000000071f46000 	C:\Program Files\Java\jdk1.8.0_91\jre\bin\zip.dll
0x00007ffa50e30000 - 0x00007ffa5238c000 	C:\WINDOWS\system32\SHELL32.dll
0x00007ffa4fcf0000 - 0x00007ffa50335000 	C:\WINDOWS\system32\windows.storage.dll
0x00007ffa533b0000 - 0x00007ffa53402000 	C:\WINDOWS\system32\shlwapi.dll
0x00007ffa4fa10000 - 0x00007ffa4fa1f000 	C:\WINDOWS\system32\kernel.appcore.dll
0x00007ffa4fc30000 - 0x00007ffa4fce5000 	C:\WINDOWS\system32\shcore.dll
0x00007ffa50530000 - 0x00007ffa5057b000 	C:\WINDOWS\system32\powrprof.dll
0x00007ffa4fa20000 - 0x00007ffa4fa34000 	C:\WINDOWS\system32\profapi.dll

VM Arguments:
jvm_args: -Djava.awt.headless=true -Xmx1024M -Dfile.encoding=GBK -Duser.country=CN -Duser.language=zh -Duser.variant 
java_command: com.android.dx.command.Main --dex --force-jumbo --num-threads=4 --multi-dex --output D:\andriod_projects\smartHome\app\build\intermediates\transforms\dex\debug\folders\1000\10\com.android.support-support-v4-23.3.0_5953f8c9fe94d18f86f1570e4859d9a33e5ab7f1 D:\andriod_projects\smartHome\app\build\intermediates\exploded-aar\com.android.support\support-v4\23.3.0\jars\classes.jar
java_class_path (initial): D:\android\android_SDK\build-tools\23.0.3\lib\dx.jar
Launcher Type: SUN_STANDARD

Environment Variables:
JAVA_HOME=C:\Program Files (x86)\Java\jdk1.8.0_31
CLASSPATH=C:\Program Files (x86)\Java\jdk1.8.0_31\lib;C:\Program Files (x86)\Java\jdk1.8.0_31\lib\tools.jar;D:\andriod environment\adt-bundle-windows-x86-20131030\eclipse\plugins\org.apache.ant_1.8.3.v201301120609\lib;
PATH=C:\PROGRA~1\PTC\MKSTOO~1\bin64;C:\PROGRA~1\PTC\MKSTOO~1\bin;C:\PROGRA~1\PTC\MKSTOO~1\bin\X11;C:\PROGRA~1\PTC\MKSTOO~1\mksnt;C:\ProgramData\Oracle\Java\javapath;C:\Program Files (x86)\Intel\iCLS Client\;C:\Program Files\Intel\iCLS Client\;C:\Program Files (x86)\NVIDIA Corporation\PhysX\Common;C:\WINDOWS\system32;C:\WINDOWS;C:\WINDOWS\System32\Wbem;C:\WINDOWS\System32\WindowsPowerShell\v1.0\;C:\Program Files\Intel\Intel(R) Management Engine Components\DAL;C:\Program Files\Intel\Intel(R) Management Engine Components\IPT;C:\Program Files (x86)\Intel\Intel(R) Management Engine Components\DAL;C:\Program Files (x86)\Intel\Intel(R) Management Engine Components\IPT;C:\Program Files (x86)\Java\jdk1.8.0_31\bin;C:\Program Files (x86)\Java\jdk1.8.0_31\jre\bin;D:\andriod environment\adt-bundle-windows-x86-20131030\sdk\tools;D:\andriod environment\adt-bundle-windows-x86-20131030\sdk\platform-tools;D:\andriod environment\adt-bundle-windows-x86-20131030\eclipse\plugins\org.apache.ant_1.8.3.v201301120609\bin;C:\Program Files\nodejs\;D:\Git\cmd;D:\HMA! Pro VPN\bin
USERNAME=freedom
DISPLAY=:0.0
OS=Windows_NT
PROCESSOR_IDENTIFIER=Intel64 Family 6 Model 60 Stepping 3, GenuineIntel



---------------  S Y S T E M  ---------------

OS: Windows 10.0 , 64 bit Build 10586 (10.0.10586.0)

CPU:total 4 (2 cores per cpu, 2 threads per core) family 6 model 60 stepping 3, cmov, cx8, fxsr, mmx, sse, sse2, sse3, ssse3, sse4.1, sse4.2, popcnt, avx, avx2, aes, clmul, erms, lzcnt, ht, tsc, tscinvbit, bmi1, bmi2

Memory: 4k page, physical 4112564k(266000k free), swap 5685428k(5392k free)

vm_info: Java HotSpot(TM) 64-Bit Server VM (25.91-b14) for windows-amd64 JRE (1.8.0_91-b14), built on Apr  1 2016 00:58:32 by "java_re" with MS VC++ 10.0 (VS2010)

time: Sun Sep 04 23:31:01 2016
elapsed time: 3 seconds (0d 0h 0m 3s)

