#
# There is insufficient memory for the Java Runtime Environment to continue.
# Native memory allocation (malloc) failed to allocate 65552 bytes for Chunk::new
# Possible reasons:
#   The system is out of physical RAM or swap space
#   In 32 bit mode, the process size limit was hit
# Possible solutions:
#   Reduce memory load on the system
#   Increase physical memory or swap space
#   Check if swap backing store is full
#   Use 64 bit Java on a 64 bit OS
#   Decrease Java heap size (-Xmx/-Xms)
#   Decrease number of Java threads
#   Decrease Java thread stack sizes (-Xss)
#   Set larger code cache with -XX:ReservedCodeCacheSize=
# This output file may be truncated or incomplete.
#
#  Out of Memory Error (allocation.cpp:390), pid=11176, tid=7324
#
# JRE version: Java(TM) SE Runtime Environment (8.0_91-b14) (build 1.8.0_91-b14)
# Java VM: Java HotSpot(TM) 64-Bit Server VM (25.91-b14 mixed mode windows-amd64 compressed oops)
# Failed to write core dump. Minidumps are not enabled by default on client versions of Windows
#

---------------  T H R E A D  ---------------

Current thread (0x00000000158bd800):  JavaThread "C2 CompilerThread0" daemon [_thread_in_native, id=7324, stack(0x0000000017220000,0x0000000017320000)]

Stack: [0x0000000017220000,0x0000000017320000]
[error occurred during error reporting (printing stack bounds), id 0xc0000005]

Native frames: (J=compiled Java code, j=interpreted, Vv=VM code, C=native code)


Current CompileTask:
C2:   1461  661       4       com.android.dx.ssa.SsaBasicBlock::forEachInsn (37 bytes)


---------------  P R O C E S S  ---------------

Java Threads: ( => current thread )
  0x0000000016e8e000 JavaThread "pool-2-thread-4" [_thread_blocked, id=1488, stack(0x0000000017b20000,0x0000000017c20000)]
  0x0000000016e8d000 JavaThread "pool-2-thread-3" [_thread_blocked, id=10516, stack(0x0000000017a20000,0x0000000017b20000)]
  0x0000000016e8b800 JavaThread "pool-2-thread-2" [_thread_blocked, id=1496, stack(0x0000000017920000,0x0000000017a20000)]
  0x0000000016e8b000 JavaThread "pool-3-thread-1" [_thread_blocked, id=2352, stack(0x0000000017820000,0x0000000017920000)]
  0x0000000016e81000 JavaThread "pool-2-thread-1" [_thread_blocked, id=10484, stack(0x0000000017720000,0x0000000017820000)]
  0x0000000016c9c000 JavaThread "Service Thread" daemon [_thread_blocked, id=9968, stack(0x0000000017520000,0x0000000017620000)]
  0x0000000016c81000 JavaThread "C1 CompilerThread2" daemon [_thread_in_native, id=10584, stack(0x0000000017420000,0x0000000017520000)]
  0x0000000016c62000 JavaThread "C2 CompilerThread1" daemon [_thread_in_native, id=1628, stack(0x0000000017320000,0x0000000017420000)]
=>0x00000000158bd800 JavaThread "C2 CompilerThread0" daemon [_thread_in_native, id=7324, stack(0x0000000017220000,0x0000000017320000)]
  0x00000000158bb800 JavaThread "Attach Listener" daemon [_thread_blocked, id=7288, stack(0x0000000017120000,0x0000000017220000)]
  0x0000000015870000 JavaThread "Signal Dispatcher" daemon [_thread_blocked, id=10580, stack(0x0000000017020000,0x0000000017120000)]
  0x000000001584a800 JavaThread "Finalizer" daemon [_thread_blocked, id=10172, stack(0x0000000016ab0000,0x0000000016bb0000)]
  0x0000000003180000 JavaThread "Reference Handler" daemon [_thread_blocked, id=10656, stack(0x00000000169b0000,0x0000000016ab0000)]
  0x000000000308e000 JavaThread "main" [_thread_blocked, id=4204, stack(0x0000000002f30000,0x0000000003030000)]

Other Threads:
  0x0000000015827800 VMThread [stack: 0x00000000168b0000,0x00000000169b0000] [id=10476]
  0x0000000016c91800 WatcherThread [stack: 0x0000000017620000,0x0000000017720000] [id=10480]

VM state:at safepoint (normal execution)

VM Mutex/Monitor currently owned by a thread:  ([mutex/lock_event])
[0x000000000308d940] Threads_lock - owner thread: 0x0000000015827800
[0x000000000308dc40] Heap_lock - owner thread: 0x0000000016e8e000

Heap:
 PSYoungGen      total 18944K, used 11649K [0x00000000eab00000, 0x00000000ec000000, 0x0000000100000000)
  eden space 16384K, 55% used [0x00000000eab00000,0x00000000eb3e4230,0x00000000ebb00000)
  from space 2560K, 99% used [0x00000000ebb00000,0x00000000ebd7c308,0x00000000ebd80000)
  to   space 2560K, 0% used [0x00000000ebd80000,0x00000000ebd80000,0x00000000ec000000)
 ParOldGen       total 44032K, used 1230K [0x00000000c0000000, 0x00000000c2b00000, 0x00000000eab00000)
  object space 44032K, 2% used [0x00000000c0000000,0x00000000c01339c8,0x00000000c2b00000)
 Metaspace       used 5851K, capacity 6710K, committed 6784K, reserved 1060864K
  class space    used 606K, capacity 622K, committed 640K, reserved 1048576K

Card table byte_map: [0x0000000012550000,0x0000000012760000] byte_map_base: 0x0000000011f50000

Marking Bits: (ParMarkBitMap*) 0x0000000065012f70
 Begin Bits: [0x0000000012cc0000, 0x0000000013cc0000)
 End Bits:   [0x0000000013cc0000, 0x0000000014cc0000)

Polling page: 0x0000000003030000

CodeCache: size=245760Kb used=2406Kb max_used=2417Kb free=243353Kb
 bounds [0x0000000003190000, 0x0000000003400000, 0x0000000012190000]
 total_blobs=916 nmethods=645 adapters=184
 compilation: enabled

Compilation events (10 events):
Event: 1.289 Thread 0x00000000158bd800 nmethod 659 0x00000000033e1a10 code [0x00000000033e1b40, 0x00000000033e1bb8]
Event: 1.290 Thread 0x0000000016c62000 nmethod 658 0x00000000033e2c50 code [0x00000000033e2dc0, 0x00000000033e3098]
Event: 1.290 Thread 0x00000000158bd800  661       4       com.android.dx.ssa.SsaBasicBlock::forEachInsn (37 bytes)
Event: 1.292 Thread 0x0000000016c62000  663       4       java.lang.Long::numberOfTrailingZeros (116 bytes)
Event: 1.293 Thread 0x0000000016c62000 nmethod 663 0x00000000033e29d0 code [0x00000000033e2b00, 0x00000000033e2bd8]
Event: 1.293 Thread 0x0000000016c62000  664       4       com.android.dx.ssa.SsaBasicBlock::isReachable (29 bytes)
Event: 1.293 Thread 0x0000000016c62000 nmethod 664 0x00000000033e4410 code [0x00000000033e4540, 0x00000000033e45d8]
Event: 1.299 Thread 0x0000000016c62000  670       4       java.util.BitSet::<init> (56 bytes)
Event: 1.301 Thread 0x0000000016c62000 nmethod 670 0x00000000033e2650 code [0x00000000033e27a0, 0x00000000033e28f8]
Event: 1.301 Thread 0x0000000016c62000  671       4       com.android.dx.ssa.SsaMethod::getExitBlock (26 bytes)

GC Heap History (2 events):
Event: 1.176 GC heap before
{Heap before GC invocations=1 (full 0):
 PSYoungGen      total 18944K, used 16384K [0x00000000eab00000, 0x00000000ec000000, 0x0000000100000000)
  eden space 16384K, 100% used [0x00000000eab00000,0x00000000ebb00000,0x00000000ebb00000)
  from space 2560K, 0% used [0x00000000ebd80000,0x00000000ebd80000,0x00000000ec000000)
  to   space 2560K, 0% used [0x00000000ebb00000,0x00000000ebb00000,0x00000000ebd80000)
 ParOldGen       total 44032K, used 0K [0x00000000c0000000, 0x00000000c2b00000, 0x00000000eab00000)
  object space 44032K, 0% used [0x00000000c0000000,0x00000000c0000000,0x00000000c2b00000)
 Metaspace       used 5564K, capacity 6514K, committed 6784K, reserved 1056768K
  class space    used 600K, capacity 618K, committed 640K, reserved 1048576K
Event: 1.215 GC heap after
Heap after GC invocations=1 (full 0):
 PSYoungGen      total 18944K, used 2544K [0x00000000eab00000, 0x00000000ec000000, 0x0000000100000000)
  eden space 16384K, 0% used [0x00000000eab00000,0x00000000eab00000,0x00000000ebb00000)
  from space 2560K, 99% used [0x00000000ebb00000,0x00000000ebd7c308,0x00000000ebd80000)
  to   space 2560K, 0% used [0x00000000ebd80000,0x00000000ebd80000,0x00000000ec000000)
 ParOldGen       total 44032K, used 1230K [0x00000000c0000000, 0x00000000c2b00000, 0x00000000eab00000)
  object space 44032K, 2% used [0x00000000c0000000,0x00000000c01339c8,0x00000000c2b00000)
 Metaspace       used 5564K, capacity 6514K, committed 6784K, reserved 1056768K
  class space    used 600K, capacity 618K, committed 640K, reserved 1048576K
}

Deoptimization events (7 events):
Event: 0.726 Thread 0x000000000308e000 Uncommon trap: reason=unstable_if action=reinterpret pc=0x00000000032d79d4 method=java.lang.String.compareTo(Ljava/lang/String;)I @ 38
Event: 1.093 Thread 0x0000000016e8b800 Uncommon trap: reason=unstable_if action=reinterpret pc=0x00000000033be5c4 method=java.util.HashMap.getNode(ILjava/lang/Object;)Ljava/util/HashMap$Node; @ 62
Event: 1.254 Thread 0x0000000016e8e000 Uncommon trap: reason=class_check action=maybe_recompile pc=0x00000000033dc0b0 method=com.android.dx.ssa.NormalSsaInsn.accept(Lcom/android/dx/ssa/SsaInsn$Visitor;)V @ 9
Event: 1.254 Thread 0x0000000016e8e000 Uncommon trap: reason=class_check action=maybe_recompile pc=0x00000000033dc0b0 method=com.android.dx.ssa.NormalSsaInsn.accept(Lcom/android/dx/ssa/SsaInsn$Visitor;)V @ 9
Event: 1.254 Thread 0x0000000016e8e000 Uncommon trap: reason=class_check action=maybe_recompile pc=0x00000000033dc0b0 method=com.android.dx.ssa.NormalSsaInsn.accept(Lcom/android/dx/ssa/SsaInsn$Visitor;)V @ 9
Event: 1.254 Thread 0x0000000016e8e000 Uncommon trap: reason=class_check action=maybe_recompile pc=0x00000000033dc0b0 method=com.android.dx.ssa.NormalSsaInsn.accept(Lcom/android/dx/ssa/SsaInsn$Visitor;)V @ 9
Event: 1.265 Thread 0x0000000016e8e000 Uncommon trap: reason=unstable_if action=reinterpret pc=0x00000000033d9ff0 method=java.util.BitSet.nextSetBit(I)I @ 87

Internal exceptions (2 events):
Event: 0.070 Thread 0x000000000308e000 Exception <a 'java/lang/NoSuchMethodError': Method sun.misc.Unsafe.defineClass(Ljava/lang/String;[BII)Ljava/lang/Class; name or signature does not match> (0x00000000eab07cc0) thrown at [C:\re\workspace\8-2-build-windows-amd64-cygwin\jdk8u91\6644\hotspot\srx7Gޱ?
Event: 0.070 Thread 0x000000000308e000 Exception <a 'java/lang/NoSuchMethodError': Method sun.misc.Unsafe.prefetchRead(Ljava/lang/Object;J)V name or signature does not match> (0x00000000eab07fa8) thrown at [C:\re\workspace\8-2-build-windows-amd64-cygwin\jdk8u91\6644\hotspot\src\share\vm\prims\j

Events (10 events):
Event: 1.254 Thread 0x0000000016e8e000 DEOPT PACKING pc=0x00000000033dc0b0 sp=0x0000000017c1ec40
Event: 1.254 Thread 0x0000000016e8e000 DEOPT UNPACKING pc=0x00000000031d582a sp=0x0000000017c1ebd0 mode 2
Event: 1.254 Thread 0x0000000016e8e000 Uncommon trap: trap_request=0xffffffde fr.pc=0x00000000033dc0b0
Event: 1.254 Thread 0x0000000016e8e000 DEOPT PACKING pc=0x00000000033dc0b0 sp=0x0000000017c1ec40
Event: 1.254 Thread 0x0000000016e8e000 DEOPT UNPACKING pc=0x00000000031d582a sp=0x0000000017c1ebd0 mode 2
Event: 1.265 Thread 0x0000000016e8e000 Uncommon trap: trap_request=0xffffff65 fr.pc=0x00000000033d9ff0
Event: 1.265 Thread 0x0000000016e8e000 DEOPT PACKING pc=0x00000000033d9ff0 sp=0x0000000017c1eeb0
Event: 1.265 Thread 0x0000000016e8e000 DEOPT UNPACKING pc=0x00000000031d582a sp=0x0000000017c1ee48 mode 2
Event: 1.270 loading class java/util/ArrayList$1
Event: 1.270 loading class java/util/ArrayList$1 done


Dynamic libraries:
0x00007ff691600000 - 0x00007ff691637000 	C:\Program Files\Java\jdk1.8.0_91\bin\java.exe
0x00007ffecc510000 - 0x00007ffecc6d1000 	C:\WINDOWS\SYSTEM32\ntdll.dll
0x00007ffec9ea0000 - 0x00007ffec9f4d000 	C:\WINDOWS\system32\KERNEL32.DLL
0x00007ffec91a0000 - 0x00007ffec9388000 	C:\WINDOWS\system32\KERNELBASE.dll
0x00007ffeca330000 - 0x00007ffeca3d7000 	C:\WINDOWS\system32\ADVAPI32.dll
0x00007ffeca670000 - 0x00007ffeca70d000 	C:\WINDOWS\system32\msvcrt.dll
0x00007ffec9f50000 - 0x00007ffec9fab000 	C:\WINDOWS\system32\sechost.dll
0x00007ffeca710000 - 0x00007ffeca82c000 	C:\WINDOWS\system32\RPCRT4.dll
0x00007ffec9c90000 - 0x00007ffec9de6000 	C:\WINDOWS\system32\USER32.dll
0x00007ffeca850000 - 0x00007ffeca9d6000 	C:\WINDOWS\system32\GDI32.dll
0x00007ffec3f80000 - 0x00007ffec41f4000 	C:\WINDOWS\WinSxS\amd64_microsoft.windows.common-controls_6595b64144ccf1df_6.0.10586.0_none_8c15ae12515e1c22\COMCTL32.dll
0x00007ffec9fb0000 - 0x00007ffeca22d000 	C:\WINDOWS\system32\combase.dll
0x00007ffec9130000 - 0x00007ffec919a000 	C:\WINDOWS\system32\bcryptPrimitives.dll
0x00007ffecc4b0000 - 0x00007ffecc4eb000 	C:\WINDOWS\system32\IMM32.DLL
0x00007ffec8800000 - 0x00007ffec8831000 	C:\Windows\system32\nvinitx.dll
0x00007ffec87f0000 - 0x00007ffec87fa000 	C:\WINDOWS\SYSTEM32\VERSION.dll
0x00000000643f0000 - 0x00000000644c2000 	C:\Program Files\Java\jdk1.8.0_91\jre\bin\msvcr100.dll
0x0000000064800000 - 0x0000000065093000 	C:\Program Files\Java\jdk1.8.0_91\jre\bin\server\jvm.dll
0x00007ffec9390000 - 0x00007ffec93b3000 	C:\WINDOWS\system32\WINMM.dll
0x00007ffec8940000 - 0x00007ffec896c000 	C:\WINDOWS\system32\WINMMBASE.dll
0x00007ffec9530000 - 0x00007ffec9573000 	C:\WINDOWS\system32\cfgmgr32.dll
0x00007ffeca840000 - 0x00007ffeca848000 	C:\WINDOWS\system32\PSAPI.DLL
0x00007ffebe990000 - 0x00007ffebe999000 	C:\WINDOWS\SYSTEM32\WSOCK32.dll
0x00007ffecc370000 - 0x00007ffecc3db000 	C:\WINDOWS\system32\WS2_32.dll
0x00000000658b0000 - 0x00000000658bf000 	C:\Program Files\Java\jdk1.8.0_91\jre\bin\verify.dll
0x0000000065880000 - 0x00000000658a9000 	C:\Program Files\Java\jdk1.8.0_91\jre\bin\java.dll
0x0000000065860000 - 0x0000000065876000 	C:\Program Files\Java\jdk1.8.0_91\jre\bin\zip.dll
0x00007ffecae10000 - 0x00007ffecc36c000 	C:\WINDOWS\system32\SHELL32.dll
0x00007ffec8a30000 - 0x00007ffec9074000 	C:\WINDOWS\system32\windows.storage.dll
0x00007ffec9c30000 - 0x00007ffec9c82000 	C:\WINDOWS\system32\shlwapi.dll
0x00007ffec8920000 - 0x00007ffec892f000 	C:\WINDOWS\system32\kernel.appcore.dll
0x00007ffec93c0000 - 0x00007ffec9475000 	C:\WINDOWS\system32\shcore.dll
0x00007ffec90e0000 - 0x00007ffec912b000 	C:\WINDOWS\system32\powrprof.dll
0x00007ffec8900000 - 0x00007ffec8914000 	C:\WINDOWS\system32\profapi.dll

VM Arguments:
jvm_args: -Djava.awt.headless=true -Xmx1024M -Dfile.encoding=GBK -Duser.country=CN -Duser.language=zh -Duser.variant 
java_command: com.android.dx.command.Main --dex --force-jumbo --num-threads=4 --multi-dex --output D:\andriod_projects\Smart_home\app\build\intermediates\transforms\dex\debug\folders\1000\10\com.android.support-appcompat-v7-23.3.0_625a1f190c95b9d65f48411a6722c68c952833b6 D:\andriod_projects\Smart_home\app\build\intermediates\exploded-aar\com.android.support\appcompat-v7\23.3.0\jars\classes.jar
java_class_path (initial): D:\android\android_SDK\build-tools\23.0.3\lib\dx.jar
Launcher Type: SUN_STANDARD

Environment Variables:
JAVA_HOME=C:\Program Files (x86)\Java\jdk1.8.0_31
CLASSPATH=C:\Program Files (x86)\Java\jdk1.8.0_31\lib;C:\Program Files (x86)\Java\jdk1.8.0_31\lib\tools.jar;D:\andriod environment\adt-bundle-windows-x86-20131030\eclipse\plugins\org.apache.ant_1.8.3.v201301120609\lib;
PATH=C:\PROGRA~1\PTC\MKSTOO~1\bin64;C:\PROGRA~1\PTC\MKSTOO~1\bin;C:\PROGRA~1\PTC\MKSTOO~1\bin\X11;C:\PROGRA~1\PTC\MKSTOO~1\mksnt;C:\ProgramData\Oracle\Java\javapath;C:\Program Files (x86)\Intel\iCLS Client\;C:\Program Files\Intel\iCLS Client\;C:\Program Files (x86)\NVIDIA Corporation\PhysX\Common;C:\WINDOWS\system32;C:\WINDOWS;C:\WINDOWS\System32\Wbem;C:\WINDOWS\System32\WindowsPowerShell\v1.0\;C:\Program Files\Intel\Intel(R) Management Engine Components\DAL;C:\Program Files\Intel\Intel(R) Management Engine Components\IPT;C:\Program Files (x86)\Intel\Intel(R) Management Engine Components\DAL;C:\Program Files (x86)\Intel\Intel(R) Management Engine Components\IPT;C:\Program Files (x86)\Java\jdk1.8.0_31\bin;C:\Program Files (x86)\Java\jdk1.8.0_31\jre\bin;D:\andriod environment\adt-bundle-windows-x86-20131030\sdk\tools;D:\andriod environment\adt-bundle-windows-x86-20131030\sdk\platform-tools;D:\andriod environment\adt-bundle-windows-x86-20131030\eclipse\plugins\org.apache.ant_1.8.3.v201301120609\bin;C:\Program Files\nodejs\;D:\HMA! Pro VPN\bin
USERNAME=freedom
DISPLAY=:0.0
OS=Windows_NT
PROCESSOR_IDENTIFIER=Intel64 Family 6 Model 60 Stepping 3, GenuineIntel



---------------  S Y S T E M  ---------------

OS: Windows 10.0 , 64 bit Build 10586 (10.0.10586.0)

CPU:total 4 (2 cores per cpu, 2 threads per core) family 6 model 60 stepping 3, cmov, cx8, fxsr, mmx, sse, sse2, sse3, ssse3, sse4.1, sse4.2, popcnt, avx, avx2, aes, clmul, erms, lzcnt, ht, tsc, tscinvbit, bmi1, bmi2

Memory: 4k page, physical 4112564k(381032k free), swap 5685428k(752k free)

vm_info: Java HotSpot(TM) 64-Bit Server VM (25.91-b14) for windows-amd64 JRE (1.8.0_91-b14), built on Apr  1 2016 00:58:32 by "java_re" with MS VC++ 10.0 (VS2010)

time: Sun Jun 19 23:41:14 2016
elapsed time: 1 seconds (0d 0h 0m 1s)

