#
# There is insufficient memory for the Java Runtime Environment to continue.
# Native memory allocation (malloc) failed to allocate 363216 bytes for Chunk::new
# Possible reasons:
#   The system is out of physical RAM or swap space
#   In 32 bit mode, the process size limit was hit
# Possible solutions:
#   Reduce memory load on the system
#   Increase physical memory or swap space
#   Check if swap backing store is full
#   Use 64 bit Java on a 64 bit OS
#   Decrease Java heap size (-Xmx/-Xms)
#   Decrease number of Java threads
#   Decrease Java thread stack sizes (-Xss)
#   Set larger code cache with -XX:ReservedCodeCacheSize=
# This output file may be truncated or incomplete.
#
#  Out of Memory Error (allocation.cpp:390), pid=14356, tid=13888
#
# JRE version: Java(TM) SE Runtime Environment (8.0_91-b14) (build 1.8.0_91-b14)
# Java VM: Java HotSpot(TM) 64-Bit Server VM (25.91-b14 mixed mode windows-amd64 compressed oops)
# Failed to write core dump. Minidumps are not enabled by default on client versions of Windows
#

---------------  T H R E A D  ---------------

Current thread (0x00000000158ad000):  JavaThread "C2 CompilerThread1" daemon [_thread_in_native, id=13888, stack(0x00000000172e0000,0x00000000173e0000)]

Stack: [0x00000000172e0000,0x00000000173e0000]
[error occurred during error reporting (printing stack bounds), id 0xc0000005]

Native frames: (J=compiled Java code, j=interpreted, Vv=VM code, C=native code)


Current CompileTask:
C2:   1744 1095       4       com.android.dx.ssa.SsaMethod::forEachInsn (36 bytes)


---------------  P R O C E S S  ---------------

Java Threads: ( => current thread )
  0x0000000016e58000 JavaThread "pool-2-thread-4" [_thread_in_Java, id=7328, stack(0x00000000182e0000,0x00000000183e0000)]
  0x0000000016edc800 JavaThread "pool-2-thread-3" [_thread_in_Java, id=10320, stack(0x00000000181e0000,0x00000000182e0000)]
  0x0000000016edc000 JavaThread "pool-2-thread-2" [_thread_in_Java, id=15312, stack(0x00000000180e0000,0x00000000181e0000)]
  0x0000000016f27000 JavaThread "pool-3-thread-1" [_thread_blocked, id=14708, stack(0x0000000017fe0000,0x00000000180e0000)]
  0x0000000016eeb800 JavaThread "pool-2-thread-1" [_thread_in_Java, id=12548, stack(0x0000000017ee0000,0x0000000017fe0000)]
  0x0000000016c7a000 JavaThread "Service Thread" daemon [_thread_blocked, id=11208, stack(0x00000000174e0000,0x00000000175e0000)]
  0x0000000016c3c000 JavaThread "C1 CompilerThread2" daemon [_thread_in_native, id=14568, stack(0x00000000173e0000,0x00000000174e0000)]
=>0x00000000158ad000 JavaThread "C2 CompilerThread1" daemon [_thread_in_native, id=13888, stack(0x00000000172e0000,0x00000000173e0000)]
  0x00000000158a5000 JavaThread "C2 CompilerThread0" daemon [_thread_in_native, id=14104, stack(0x00000000171e0000,0x00000000172e0000)]
  0x00000000158a2800 JavaThread "Attach Listener" daemon [_thread_blocked, id=10728, stack(0x00000000170e0000,0x00000000171e0000)]
  0x0000000016bf0800 JavaThread "Signal Dispatcher" daemon [_thread_blocked, id=2604, stack(0x0000000016fe0000,0x00000000170e0000)]
  0x000000001583a000 JavaThread "Finalizer" daemon [_thread_blocked, id=13484, stack(0x0000000016ae0000,0x0000000016be0000)]
  0x0000000015819000 JavaThread "Reference Handler" daemon [_thread_blocked, id=11136, stack(0x00000000169e0000,0x0000000016ae0000)]
  0x000000000307e000 JavaThread "main" [_thread_in_Java, id=14228, stack(0x0000000002ed0000,0x0000000002fd0000)]

Other Threads:
  0x0000000015817800 VMThread [stack: 0x00000000168e0000,0x00000000169e0000] [id=12496]
  0x0000000016caa000 WatcherThread [stack: 0x00000000175e0000,0x00000000176e0000] [id=13412]

VM state:not at safepoint (normal execution)

VM Mutex/Monitor currently owned by a thread:  ([mutex/lock_event])
[0x000000000307cd00] Patching_lock - owner thread: 0x0000000000000000

Heap:
 PSYoungGen      total 18944K, used 18187K [0x00000000eab00000, 0x00000000ed000000, 0x0000000100000000)
  eden space 16384K, 95% used [0x00000000eab00000,0x00000000eba4a4d8,0x00000000ebb00000)
  from space 2560K, 98% used [0x00000000ebb00000,0x00000000ebd78ab8,0x00000000ebd80000)
  to   space 2560K, 0% used [0x00000000ecd80000,0x00000000ecd80000,0x00000000ed000000)
 ParOldGen       total 44032K, used 1560K [0x00000000c0000000, 0x00000000c2b00000, 0x00000000eab00000)
  object space 44032K, 3% used [0x00000000c0000000,0x00000000c0186360,0x00000000c2b00000)
 Metaspace       used 6010K, capacity 6900K, committed 7040K, reserved 1056768K
  class space    used 604K, capacity 620K, committed 640K, reserved 1048576K

Card table byte_map: [0x0000000012540000,0x0000000012750000] byte_map_base: 0x0000000011f40000

Marking Bits: (ParMarkBitMap*) 0x000000005aef2f70
 Begin Bits: [0x0000000012cb0000, 0x0000000013cb0000)
 End Bits:   [0x0000000013cb0000, 0x0000000014cb0000)

Polling page: 0x0000000001320000

CodeCache: size=245760Kb used=4341Kb max_used=4341Kb free=241418Kb
 bounds [0x0000000003180000, 0x00000000035d0000, 0x0000000012180000]
 total_blobs=1389 nmethods=1117 adapters=184
 compilation: enabled

Compilation events (10 events):
Event: 1.709 Thread 0x0000000016c3c000 1065       1       java.util.TreeMap$Entry::getValue (5 bytes)
Event: 1.709 Thread 0x0000000016c3c000 nmethod 1065 0x0000000003591210 code [0x0000000003591360, 0x0000000003591470]
Event: 1.709 Thread 0x0000000016c3c000  934       1       java.lang.Integer::intValue (5 bytes)
Event: 1.709 Thread 0x0000000016c3c000 nmethod 934 0x0000000003590f50 code [0x00000000035910a0, 0x00000000035911b0]
Event: 1.709 Thread 0x0000000016c3c000 1042       1       com.android.dx.dex.file.DexFile::getTypeIds (5 bytes)
Event: 1.709 Thread 0x0000000016c3c000 nmethod 1042 0x0000000003590c90 code [0x0000000003590de0, 0x0000000003590ef0]
Event: 1.709 Thread 0x0000000016c3c000 1081       3       com.android.dx.ssa.PhiInsn::hasSideEffect (19 bytes)
Event: 1.709 Thread 0x0000000016c3c000 nmethod 1081 0x0000000003593810 code [0x0000000003593980, 0x0000000003593dd0]
Event: 1.712 Thread 0x00000000158ad000 nmethod 1033 0x0000000003596d90 code [0x0000000003596ee0, 0x0000000003597178]
Event: 1.712 Thread 0x00000000158ad000 1095       4       com.android.dx.ssa.SsaMethod::forEachInsn (36 bytes)

GC Heap History (2 events):
Event: 1.063 GC heap before
{Heap before GC invocations=1 (full 0):
 PSYoungGen      total 18944K, used 16384K [0x00000000eab00000, 0x00000000ec000000, 0x0000000100000000)
  eden space 16384K, 100% used [0x00000000eab00000,0x00000000ebb00000,0x00000000ebb00000)
  from space 2560K, 0% used [0x00000000ebd80000,0x00000000ebd80000,0x00000000ec000000)
  to   space 2560K, 0% used [0x00000000ebb00000,0x00000000ebb00000,0x00000000ebd80000)
 ParOldGen       total 44032K, used 0K [0x00000000c0000000, 0x00000000c2b00000, 0x00000000eab00000)
  object space 44032K, 0% used [0x00000000c0000000,0x00000000c0000000,0x00000000c2b00000)
 Metaspace       used 5715K, capacity 6642K, committed 6784K, reserved 1056768K
  class space    used 598K, capacity 618K, committed 640K, reserved 1048576K
Event: 1.345 GC heap after
Heap after GC invocations=1 (full 0):
 PSYoungGen      total 18944K, used 2530K [0x00000000eab00000, 0x00000000ed000000, 0x0000000100000000)
  eden space 16384K, 0% used [0x00000000eab00000,0x00000000eab00000,0x00000000ebb00000)
  from space 2560K, 98% used [0x00000000ebb00000,0x00000000ebd78ab8,0x00000000ebd80000)
  to   space 2560K, 0% used [0x00000000ecd80000,0x00000000ecd80000,0x00000000ed000000)
 ParOldGen       total 44032K, used 1560K [0x00000000c0000000, 0x00000000c2b00000, 0x00000000eab00000)
  object space 44032K, 3% used [0x00000000c0000000,0x00000000c0186360,0x00000000c2b00000)
 Metaspace       used 5715K, capacity 6642K, committed 6784K, reserved 1056768K
  class space    used 598K, capacity 618K, committed 640K, reserved 1048576K
}

Deoptimization events (10 events):
Event: 1.053 Thread 0x0000000016eeb800 Uncommon trap: reason=class_check action=maybe_recompile pc=0x00000000033c5730 method=com.android.dx.ssa.NormalSsaInsn.accept(Lcom/android/dx/ssa/SsaInsn$Visitor;)V @ 9
Event: 1.402 Thread 0x0000000016edc800 Uncommon trap: reason=class_check action=maybe_recompile pc=0x000000000341a034 method=com.android.dx.ssa.NormalSsaInsn.accept(Lcom/android/dx/ssa/SsaInsn$Visitor;)V @ 9
Event: 1.451 Thread 0x0000000016e58000 Uncommon trap: reason=unstable_if action=reinterpret pc=0x00000000033abab0 method=java.util.BitSet.nextSetBit(I)I @ 87
Event: 1.455 Thread 0x0000000016edc000 Uncommon trap: reason=unstable_if action=reinterpret pc=0x00000000033c9980 method=java.util.HashMap.getNode(ILjava/lang/Object;)Ljava/util/HashMap$Node; @ 129
Event: 1.526 Thread 0x0000000016eeb800 Uncommon trap: reason=unstable_if action=reinterpret pc=0x00000000033ab380 method=java.util.HashMap.getNode(ILjava/lang/Object;)Ljava/util/HashMap$Node; @ 129
Event: 1.638 Thread 0x000000000307e000 Uncommon trap: reason=unstable_if action=reinterpret pc=0x000000000350d194 method=com.android.dx.rop.code.RegisterSpec.equals(ILcom/android/dx/rop/type/TypeBearer;Lcom/android/dx/rop/code/LocalItem;)Z @ 16
Event: 1.638 Thread 0x000000000307e000 Uncommon trap: reason=unstable_if action=reinterpret pc=0x0000000003424ef0 method=com.android.dx.rop.code.RegisterSpec.equals(ILcom/android/dx/rop/type/TypeBearer;Lcom/android/dx/rop/code/LocalItem;)Z @ 16
Event: 1.653 Thread 0x0000000016edc800 Uncommon trap: reason=class_check action=maybe_recompile pc=0x000000000341a034 method=com.android.dx.ssa.NormalSsaInsn.accept(Lcom/android/dx/ssa/SsaInsn$Visitor;)V @ 9
Event: 1.653 Thread 0x0000000016edc800 Uncommon trap: reason=class_check action=maybe_recompile pc=0x00000000033c5730 method=com.android.dx.ssa.NormalSsaInsn.accept(Lcom/android/dx/ssa/SsaInsn$Visitor;)V @ 9
Event: 1.660 Thread 0x000000000307e000 Uncommon trap: reason=unstable_if action=reinterpret pc=0x00000000034fbd30 method=com.android.dx.rop.code.RegisterSpec.equals(ILcom/android/dx/rop/type/TypeBearer;Lcom/android/dx/rop/code/LocalItem;)Z @ 16

Internal exceptions (2 events):
Event: 0.056 Thread 0x000000000307e000 Exception <a 'java/lang/NoSuchMethodError': Method sun.misc.Unsafe.defineClass(Ljava/lang/String;[BII)Ljava/lang/Class; name or signature does not match> (0x00000000eab07cc0) thrown at [C:\re\workspace\8-2-build-windows-amd64-cygwin\jdk8u91\6644\hotspot\sr@žÍú•¬?
Event: 0.056 Thread 0x000000000307e000 Exception <a 'java/lang/NoSuchMethodError': Method sun.misc.Unsafe.prefetchRead(Ljava/lang/Object;J)V name or signature does not match> (0x00000000eab07fa8) thrown at [C:\re\workspace\8-2-build-windows-amd64-cygwin\jdk8u91\6644\hotspot\src\share\vm\prims\j

Events (10 events):
Event: 1.660 Thread 0x000000000307e000 DEOPT PACKING pc=0x00000000034fbd30 sp=0x0000000002fce410
Event: 1.660 Thread 0x000000000307e000 DEOPT UNPACKING pc=0x00000000031c582a sp=0x0000000002fce1f8 mode 2
Event: 1.665 Executing VM operation: ForceSafepoint
Event: 1.665 Executing VM operation: ForceSafepoint done
Event: 1.678 loading class java/util/TreeMap$EntrySet
Event: 1.678 loading class java/util/TreeMap$EntrySet done
Event: 1.678 loading class java/util/TreeMap$EntryIterator
Event: 1.678 loading class java/util/TreeMap$EntryIterator done
Event: 1.678 Executing VM operation: Deoptimize
Event: 1.678 Executing VM operation: Deoptimize done


Dynamic libraries:
0x00007ff628660000 - 0x00007ff628697000 	C:\Program Files\Java\jdk1.8.0_91\bin\java.exe
0x00007ff81f620000 - 0x00007ff81f7e1000 	C:\WINDOWS\SYSTEM32\ntdll.dll
0x00007ff81f4a0000 - 0x00007ff81f54d000 	C:\WINDOWS\system32\KERNEL32.DLL
0x00007ff81c550000 - 0x00007ff81c738000 	C:\WINDOWS\system32\KERNELBASE.dll
0x00007ff81f550000 - 0x00007ff81f5f7000 	C:\WINDOWS\system32\ADVAPI32.dll
0x00007ff81eb80000 - 0x00007ff81ec1d000 	C:\WINDOWS\system32\msvcrt.dll
0x00007ff81cae0000 - 0x00007ff81cb3b000 	C:\WINDOWS\system32\sechost.dll
0x00007ff81cec0000 - 0x00007ff81cfdc000 	C:\WINDOWS\system32\RPCRT4.dll
0x00007ff81cfe0000 - 0x00007ff81d136000 	C:\WINDOWS\system32\USER32.dll
0x00007ff81e920000 - 0x00007ff81eaa6000 	C:\WINDOWS\system32\GDI32.dll
0x00007ff818900000 - 0x00007ff818b74000 	C:\WINDOWS\WinSxS\amd64_microsoft.windows.common-controls_6595b64144ccf1df_6.0.10586.494_none_a2d8b04ea53e3145\COMCTL32.dll
0x00007ff81c860000 - 0x00007ff81cadd000 	C:\WINDOWS\system32\combase.dll
0x00007ff81c7c0000 - 0x00007ff81c82a000 	C:\WINDOWS\system32\bcryptPrimitives.dll
0x00007ff81e8e0000 - 0x00007ff81e91b000 	C:\WINDOWS\system32\IMM32.DLL
0x00007ff81b900000 - 0x00007ff81b931000 	C:\Windows\system32\nvinitx.dll
0x00007ff81b8f0000 - 0x00007ff81b8fa000 	C:\WINDOWS\SYSTEM32\VERSION.dll
0x000000005b100000 - 0x000000005b1d2000 	C:\Program Files\Java\jdk1.8.0_91\jre\bin\msvcr100.dll
0x000000005a6e0000 - 0x000000005af73000 	C:\Program Files\Java\jdk1.8.0_91\jre\bin\server\jvm.dll
0x00007ff81c830000 - 0x00007ff81c853000 	C:\WINDOWS\system32\WINMM.dll
0x00007ff81ba50000 - 0x00007ff81ba7c000 	C:\WINDOWS\system32\WINMMBASE.dll
0x00007ff81be20000 - 0x00007ff81be63000 	C:\WINDOWS\system32\cfgmgr32.dll
0x00007ff81ec20000 - 0x00007ff81ec28000 	C:\WINDOWS\system32\PSAPI.DLL
0x00007ff80d950000 - 0x00007ff80d959000 	C:\WINDOWS\SYSTEM32\WSOCK32.dll
0x00007ff81cb40000 - 0x00007ff81cbab000 	C:\WINDOWS\system32\WS2_32.dll
0x000000005b570000 - 0x000000005b57f000 	C:\Program Files\Java\jdk1.8.0_91\jre\bin\verify.dll
0x000000005b540000 - 0x000000005b569000 	C:\Program Files\Java\jdk1.8.0_91\jre\bin\java.dll
0x000000005b520000 - 0x000000005b536000 	C:\Program Files\Java\jdk1.8.0_91\jre\bin\zip.dll
0x00007ff81d1a0000 - 0x00007ff81e6fc000 	C:\WINDOWS\system32\SHELL32.dll
0x00007ff81be70000 - 0x00007ff81c4b5000 	C:\WINDOWS\system32\windows.storage.dll
0x00007ff81d140000 - 0x00007ff81d192000 	C:\WINDOWS\system32\shlwapi.dll
0x00007ff81ba40000 - 0x00007ff81ba4f000 	C:\WINDOWS\system32\kernel.appcore.dll
0x00007ff81ba80000 - 0x00007ff81bb35000 	C:\WINDOWS\system32\shcore.dll
0x00007ff81bdd0000 - 0x00007ff81be1b000 	C:\WINDOWS\system32\powrprof.dll
0x00007ff81ba10000 - 0x00007ff81ba24000 	C:\WINDOWS\system32\profapi.dll

VM Arguments:
jvm_args: -Djava.awt.headless=true -Xmx1024M -Dfile.encoding=GBK -Duser.country=CN -Duser.language=zh -Duser.variant 
java_command: com.android.dx.command.Main --dex --force-jumbo --num-threads=4 --multi-dex --output D:\andriod_projects\smartHome\app\build\intermediates\transforms\dex\debug\folders\1000\10\com.android.support-design-23.3.0_b64c29804bb515ef7c97a8413ababd961eb1081b D:\andriod_projects\smartHome\app\build\intermediates\exploded-aar\com.android.support\design\23.3.0\jars\classes.jar
java_class_path (initial): D:\android\android_SDK\build-tools\23.0.3\lib\dx.jar
Launcher Type: SUN_STANDARD

Environment Variables:
JAVA_HOME=C:\Program Files (x86)\Java\jdk1.8.0_31
CLASSPATH=C:\Program Files (x86)\Java\jdk1.8.0_31\lib;C:\Program Files (x86)\Java\jdk1.8.0_31\lib\tools.jar;D:\andriod environment\adt-bundle-windows-x86-20131030\eclipse\plugins\org.apache.ant_1.8.3.v201301120609\lib;
PATH=C:\PROGRA~1\PTC\MKSTOO~1\bin64;C:\PROGRA~1\PTC\MKSTOO~1\bin;C:\PROGRA~1\PTC\MKSTOO~1\bin\X11;C:\PROGRA~1\PTC\MKSTOO~1\mksnt;C:\ProgramData\Oracle\Java\javapath;C:\Program Files (x86)\Intel\iCLS Client\;C:\Program Files\Intel\iCLS Client\;C:\Program Files (x86)\NVIDIA Corporation\PhysX\Common;C:\WINDOWS\system32;C:\WINDOWS;C:\WINDOWS\System32\Wbem;C:\WINDOWS\System32\WindowsPowerShell\v1.0\;C:\Program Files\Intel\Intel(R) Management Engine Components\DAL;C:\Program Files\Intel\Intel(R) Management Engine Components\IPT;C:\Program Files (x86)\Intel\Intel(R) Management Engine Components\DAL;C:\Program Files (x86)\Intel\Intel(R) Management Engine Components\IPT;C:\Program Files (x86)\Java\jdk1.8.0_31\bin;C:\Program Files (x86)\Java\jdk1.8.0_31\jre\bin;D:\andriod environment\adt-bundle-windows-x86-20131030\sdk\tools;D:\andriod environment\adt-bundle-windows-x86-20131030\sdk\platform-tools;D:\andriod environment\adt-bundle-windows-x86-20131030\eclipse\plugins\org.apache.ant_1.8.3.v201301120609\bin;C:\Program Files\nodejs\;D:\Git\cmd;D:\HMA! Pro VPN\bin
USERNAME=freedom
DISPLAY=:0.0
OS=Windows_NT
PROCESSOR_IDENTIFIER=Intel64 Family 6 Model 60 Stepping 3, GenuineIntel



---------------  S Y S T E M  ---------------

OS: Windows 10.0 , 64 bit Build 10586 (10.0.10586.0)

CPU:total 4 (2 cores per cpu, 2 threads per core) family 6 model 60 stepping 3, cmov, cx8, fxsr, mmx, sse, sse2, sse3, ssse3, sse4.1, sse4.2, popcnt, avx, avx2, aes, clmul, erms, lzcnt, ht, tsc, tscinvbit, bmi1, bmi2

Memory: 4k page, physical 4112564k(525624k free), swap 5685428k(5412k free)

vm_info: Java HotSpot(TM) 64-Bit Server VM (25.91-b14) for windows-amd64 JRE (1.8.0_91-b14), built on Apr  1 2016 00:58:32 by "java_re" with MS VC++ 10.0 (VS2010)

time: Sun Aug 21 15:30:30 2016
elapsed time: 1 seconds (0d 0h 0m 1s)

