#
# There is insufficient memory for the Java Runtime Environment to continue.
# Native memory allocation (malloc) failed to allocate 1897216 bytes for Chunk::new
# Possible reasons:
#   The system is out of physical RAM or swap space
#   In 32 bit mode, the process size limit was hit
# Possible solutions:
#   Reduce memory load on the system
#   Increase physical memory or swap space
#   Check if swap backing store is full
#   Use 64 bit Java on a 64 bit OS
#   Decrease Java heap size (-Xmx/-Xms)
#   Decrease number of Java threads
#   Decrease Java thread stack sizes (-Xss)
#   Set larger code cache with -XX:ReservedCodeCacheSize=
# This output file may be truncated or incomplete.
#
#  Out of Memory Error (allocation.cpp:390), pid=10360, tid=12128
#
# JRE version: Java(TM) SE Runtime Environment (8.0_91-b14) (build 1.8.0_91-b14)
# Java VM: Java HotSpot(TM) 64-Bit Server VM (25.91-b14 mixed mode windows-amd64 compressed oops)
# Failed to write core dump. Minidumps are not enabled by default on client versions of Windows
#

---------------  T H R E A D  ---------------

Current thread (0x0000000016f96800):  JavaThread "C2 CompilerThread1" daemon [_thread_in_native, id=12128, stack(0x0000000017640000,0x0000000017740000)]

Stack: [0x0000000017640000,0x0000000017740000]
[error occurred during error reporting (printing stack bounds), id 0xc0000005]

Native frames: (J=compiled Java code, j=interpreted, Vv=VM code, C=native code)


Current CompileTask:
C2:   6514 1533   !   4       com.android.dx.cf.code.BytecodeArray::parseInstruction (2764 bytes)


---------------  P R O C E S S  ---------------

Java Threads: ( => current thread )
  0x00000000171ba000 JavaThread "pool-1-thread-4" [_thread_in_Java, id=10456, stack(0x0000000017e40000,0x0000000017f40000)]
  0x000000001714a000 JavaThread "pool-1-thread-2" [_thread_in_Java, id=5060, stack(0x0000000017c40000,0x0000000017d40000)]
  0x0000000017140800 JavaThread "pool-2-thread-1" [_thread_blocked, id=9728, stack(0x0000000017b40000,0x0000000017c40000)]
  0x0000000016f9f800 JavaThread "Service Thread" daemon [_thread_blocked, id=9244, stack(0x0000000017840000,0x0000000017940000)]
  0x0000000016f9d800 JavaThread "C1 CompilerThread2" daemon [_thread_blocked, id=4024, stack(0x0000000017740000,0x0000000017840000)]
=>0x0000000016f96800 JavaThread "C2 CompilerThread1" daemon [_thread_in_native, id=12128, stack(0x0000000017640000,0x0000000017740000)]
  0x0000000015c2c800 JavaThread "C2 CompilerThread0" daemon [_thread_in_native, id=8948, stack(0x0000000017540000,0x0000000017640000)]
  0x0000000015c2a000 JavaThread "Attach Listener" daemon [_thread_blocked, id=2856, stack(0x0000000017440000,0x0000000017540000)]
  0x0000000015be0800 JavaThread "Signal Dispatcher" daemon [_thread_blocked, id=12172, stack(0x0000000017340000,0x0000000017440000)]
  0x0000000015bba800 JavaThread "Finalizer" daemon [_thread_blocked, id=4556, stack(0x0000000016e40000,0x0000000016f40000)]
  0x0000000015b99000 JavaThread "Reference Handler" daemon [_thread_blocked, id=6020, stack(0x0000000016d40000,0x0000000016e40000)]
  0x00000000033fe800 JavaThread "main" [_thread_blocked, id=2700, stack(0x0000000003270000,0x0000000003370000)]

Other Threads:
  0x0000000015b97800 VMThread [stack: 0x0000000016c40000,0x0000000016d40000] [id=6896]
  0x0000000016fbb000 WatcherThread [stack: 0x0000000017940000,0x0000000017a40000] [id=11640]

VM state:not at safepoint (normal execution)

VM Mutex/Monitor currently owned by a thread: None

Heap:
 PSYoungGen      total 35328K, used 10041K [0x00000000eab00000, 0x00000000ef000000, 0x0000000100000000)
  eden space 32768K, 22% used [0x00000000eab00000,0x00000000eb2511d0,0x00000000ecb00000)
  from space 2560K, 99% used [0x00000000ecb00000,0x00000000ecd7d2d8,0x00000000ecd80000)
  to   space 2560K, 0% used [0x00000000eed80000,0x00000000eed80000,0x00000000ef000000)
 ParOldGen       total 44032K, used 10010K [0x00000000c0000000, 0x00000000c2b00000, 0x00000000eab00000)
  object space 44032K, 22% used [0x00000000c0000000,0x00000000c09c6810,0x00000000c2b00000)
 Metaspace       used 6218K, capacity 7096K, committed 7296K, reserved 1056768K
  class space    used 607K, capacity 624K, committed 640K, reserved 1048576K

Card table byte_map: [0x00000000128c0000,0x0000000012ad0000] byte_map_base: 0x00000000122c0000

Marking Bits: (ParMarkBitMap*) 0x0000000076812f70
 Begin Bits: [0x0000000013030000, 0x0000000014030000)
 End Bits:   [0x0000000014030000, 0x0000000015030000)

Polling page: 0x0000000001340000

CodeCache: size=245760Kb used=6069Kb max_used=6076Kb free=239690Kb
 bounds [0x0000000003500000, 0x0000000003b00000, 0x0000000012500000]
 total_blobs=1768 nmethods=1497 adapters=184
 compilation: enabled

Compilation events (10 events):
Event: 6.489 Thread 0x0000000015c2c800 nmethod 1549 0x0000000003ae7150 code [0x0000000003ae72a0, 0x0000000003ae73b8]
Event: 6.489 Thread 0x0000000015c2c800 1559       4       com.android.dx.ssa.DeadCodeRemover::isCircularNoSideEffect (140 bytes)
Event: 6.489 Thread 0x0000000016f9d800 1563       2       com.android.dx.ssa.LiteralOpUpgrader$1::visitPhiInsn (1 bytes)
Event: 6.489 Thread 0x0000000016f9d800 nmethod 1563 0x0000000003ae6e10 code [0x0000000003ae6f60, 0x0000000003ae70b0]
Event: 6.490 Thread 0x0000000016f9d800 1564       2       com.android.dx.ssa.back.FirstFitLocalCombiningAllocator$1::visitPhiInsn (6 bytes)
Event: 6.490 Thread 0x0000000016f9d800 nmethod 1564 0x0000000003ae6a90 code [0x0000000003ae6c00, 0x0000000003ae6d68]
Event: 6.498 Thread 0x0000000016f9d800 1566       2       java.lang.String::<init> (15 bytes)
Event: 6.498 Thread 0x0000000016f9d800 nmethod 1566 0x0000000003ae9d50 code [0x0000000003ae9ec0, 0x0000000003aea148]
Event: 6.509 Thread 0x0000000016f9d800 1567       2       com.android.dx.dex.file.DexFile::internIfAppropriate (128 bytes)
Event: 6.510 Thread 0x0000000016f9d800 nmethod 1567 0x0000000003ae90d0 code [0x0000000003ae92c0, 0x0000000003ae9998]

GC Heap History (6 events):
Event: 2.186 GC heap before
{Heap before GC invocations=1 (full 0):
 PSYoungGen      total 18944K, used 16384K [0x00000000eab00000, 0x00000000ec000000, 0x0000000100000000)
  eden space 16384K, 100% used [0x00000000eab00000,0x00000000ebb00000,0x00000000ebb00000)
  from space 2560K, 0% used [0x00000000ebd80000,0x00000000ebd80000,0x00000000ec000000)
  to   space 2560K, 0% used [0x00000000ebb00000,0x00000000ebb00000,0x00000000ebd80000)
 ParOldGen       total 44032K, used 0K [0x00000000c0000000, 0x00000000c2b00000, 0x00000000eab00000)
  object space 44032K, 0% used [0x00000000c0000000,0x00000000c0000000,0x00000000c2b00000)
 Metaspace       used 5795K, capacity 6708K, committed 6784K, reserved 1056768K
  class space    used 601K, capacity 620K, committed 640K, reserved 1048576K
Event: 2.306 GC heap after
Heap after GC invocations=1 (full 0):
 PSYoungGen      total 18944K, used 2543K [0x00000000eab00000, 0x00000000ed000000, 0x0000000100000000)
  eden space 16384K, 0% used [0x00000000eab00000,0x00000000eab00000,0x00000000ebb00000)
  from space 2560K, 99% used [0x00000000ebb00000,0x00000000ebd7bc90,0x00000000ebd80000)
  to   space 2560K, 0% used [0x00000000ecd80000,0x00000000ecd80000,0x00000000ed000000)
 ParOldGen       total 44032K, used 1944K [0x00000000c0000000, 0x00000000c2b00000, 0x00000000eab00000)
  object space 44032K, 4% used [0x00000000c0000000,0x00000000c01e6178,0x00000000c2b00000)
 Metaspace       used 5795K, capacity 6708K, committed 6784K, reserved 1056768K
  class space    used 601K, capacity 620K, committed 640K, reserved 1048576K
}
Event: 3.797 GC heap before
{Heap before GC invocations=2 (full 0):
 PSYoungGen      total 18944K, used 18927K [0x00000000eab00000, 0x00000000ed000000, 0x0000000100000000)
  eden space 16384K, 100% used [0x00000000eab00000,0x00000000ebb00000,0x00000000ebb00000)
  from space 2560K, 99% used [0x00000000ebb00000,0x00000000ebd7bc90,0x00000000ebd80000)
  to   space 2560K, 0% used [0x00000000ecd80000,0x00000000ecd80000,0x00000000ed000000)
 ParOldGen       total 44032K, used 1944K [0x00000000c0000000, 0x00000000c2b00000, 0x00000000eab00000)
  object space 44032K, 4% used [0x00000000c0000000,0x00000000c01e6178,0x00000000c2b00000)
 Metaspace       used 6023K, capacity 6900K, committed 7040K, reserved 1056768K
  class space    used 602K, capacity 620K, committed 640K, reserved 1048576K
Event: 4.164 GC heap after
Heap after GC invocations=2 (full 0):
 PSYoungGen      total 35328K, used 2541K [0x00000000eab00000, 0x00000000ed000000, 0x0000000100000000)
  eden space 32768K, 0% used [0x00000000eab00000,0x00000000eab00000,0x00000000ecb00000)
  from space 2560K, 99% used [0x00000000ecd80000,0x00000000ecffb488,0x00000000ed000000)
  to   space 2560K, 0% used [0x00000000ecb00000,0x00000000ecb00000,0x00000000ecd80000)
 ParOldGen       total 44032K, used 4706K [0x00000000c0000000, 0x00000000c2b00000, 0x00000000eab00000)
  object space 44032K, 10% used [0x00000000c0000000,0x00000000c0498b70,0x00000000c2b00000)
 Metaspace       used 6023K, capacity 6900K, committed 7040K, reserved 1056768K
  class space    used 602K, capacity 620K, committed 640K, reserved 1048576K
}
Event: 6.055 GC heap before
{Heap before GC invocations=3 (full 0):
 PSYoungGen      total 35328K, used 35309K [0x00000000eab00000, 0x00000000ed000000, 0x0000000100000000)
  eden space 32768K, 100% used [0x00000000eab00000,0x00000000ecb00000,0x00000000ecb00000)
  from space 2560K, 99% used [0x00000000ecd80000,0x00000000ecffb488,0x00000000ed000000)
  to   space 2560K, 0% used [0x00000000ecb00000,0x00000000ecb00000,0x00000000ecd80000)
 ParOldGen       total 44032K, used 4706K [0x00000000c0000000, 0x00000000c2b00000, 0x00000000eab00000)
  object space 44032K, 10% used [0x00000000c0000000,0x00000000c0498b70,0x00000000c2b00000)
 Metaspace       used 6150K, capacity 7032K, committed 7296K, reserved 1056768K
  class space    used 607K, capacity 624K, committed 640K, reserved 1048576K
Event: 6.168 GC heap after
Heap after GC invocations=3 (full 0):
 PSYoungGen      total 35328K, used 2548K [0x00000000eab00000, 0x00000000ef000000, 0x0000000100000000)
  eden space 32768K, 0% used [0x00000000eab00000,0x00000000eab00000,0x00000000ecb00000)
  from space 2560K, 99% used [0x00000000ecb00000,0x00000000ecd7d2d8,0x00000000ecd80000)
  to   space 2560K, 0% used [0x00000000eed80000,0x00000000eed80000,0x00000000ef000000)
 ParOldGen       total 44032K, used 10010K [0x00000000c0000000, 0x00000000c2b00000, 0x00000000eab00000)
  object space 44032K, 22% used [0x00000000c0000000,0x00000000c09c6810,0x00000000c2b00000)
 Metaspace       used 6150K, capacity 7032K, committed 7296K, reserved 1056768K
  class space    used 607K, capacity 624K, committed 640K, reserved 1048576K
}

Deoptimization events (10 events):
Event: 4.168 Thread 0x00000000171b9000 Uncommon trap: reason=unstable_if action=reinterpret pc=0x00000000039274b4 method=com.android.dx.ssa.SCCP.simulateStmt(Lcom/android/dx/ssa/SsaInsn;)V @ 59
Event: 4.183 Thread 0x00000000171b9000 Uncommon trap: reason=bimorphic action=maybe_recompile pc=0x000000000398e06c method=com.android.dx.cf.code.BytecodeArray.parseInstruction(ILcom/android/dx/cf/code/BytecodeArray$Visitor;)I @ 1501
Event: 4.184 Thread 0x00000000171b9000 Uncommon trap: reason=bimorphic action=maybe_recompile pc=0x000000000398e06c method=com.android.dx.cf.code.BytecodeArray.parseInstruction(ILcom/android/dx/cf/code/BytecodeArray$Visitor;)I @ 1501
Event: 4.198 Thread 0x00000000033fe800 Uncommon trap: reason=unstable_if action=reinterpret pc=0x000000000394471c method=com.android.dx.ssa.SsaMethod.updateOneDefinition(Lcom/android/dx/ssa/SsaInsn;Lcom/android/dx/rop/code/RegisterSpec;)V @ 4
Event: 4.231 Thread 0x00000000171b9000 Uncommon trap: reason=bimorphic action=maybe_recompile pc=0x000000000398ebf4 method=com.android.dx.cf.code.BytecodeArray.parseInstruction(ILcom/android/dx/cf/code/BytecodeArray$Visitor;)I @ 955
Event: 4.231 Thread 0x00000000171b9000 Uncommon trap: reason=bimorphic action=maybe_recompile pc=0x000000000398ec78 method=com.android.dx.cf.code.BytecodeArray.parseInstruction(ILcom/android/dx/cf/code/BytecodeArray$Visitor;)I @ 971
Event: 4.234 Thread 0x00000000171b9000 Uncommon trap: reason=bimorphic action=maybe_recompile pc=0x000000000398ebf4 method=com.android.dx.cf.code.BytecodeArray.parseInstruction(ILcom/android/dx/cf/code/BytecodeArray$Visitor;)I @ 955
Event: 5.339 Thread 0x00000000171ba000 Uncommon trap: reason=unstable_if action=reinterpret pc=0x00000000037f70dc method=com.android.dx.rop.cst.Constant.compareTo(Lcom/android/dx/rop/cst/Constant;)I @ 12
Event: 6.453 Thread 0x000000001714a000 Uncommon trap: reason=bimorphic action=maybe_recompile pc=0x0000000003aac698 method=com.android.dx.cf.code.BytecodeArray.parseInstruction(ILcom/android/dx/cf/code/BytecodeArray$Visitor;)I @ 1357
Event: 6.453 Thread 0x000000001714a000 Uncommon trap: reason=bimorphic action=maybe_recompile pc=0x0000000003aac698 method=com.android.dx.cf.code.BytecodeArray.parseInstruction(ILcom/android/dx/cf/code/BytecodeArray$Visitor;)I @ 1357

Internal exceptions (5 events):
Event: 0.038 Thread 0x00000000033fe800 Exception <a 'java/lang/NoSuchMethodError': Method sun.misc.Unsafe.defineClass(Ljava/lang/String;[BII)Ljava/lang/Class; name or signature does not match> (0x00000000eab07cc0) thrown at [C:\re\workspace\8-2-build-windows-amd64-cygwin\jdk8u91\6644\hotspot\sr]≈1.†£?
Event: 0.038 Thread 0x00000000033fe800 Exception <a 'java/lang/NoSuchMethodError': Method sun.misc.Unsafe.prefetchRead(Ljava/lang/Object;J)V name or signature does not match> (0x00000000eab07fa8) thrown at [C:\re\workspace\8-2-build-windows-amd64-cygwin\jdk8u91\6644\hotspot\src\share\vm\prims\jÚªè€∏@
Event: 2.340 Thread 0x00000000171ba000 Implicit null exception at 0x00000000037c5362 to 0x00000000037c545a
Event: 2.472 Thread 0x000000001714a000 Implicit null exception at 0x0000000003813700 to 0x0000000003813b4d
Event: 3.712 Thread 0x00000000171ba000 Implicit null exception at 0x000000000387c144 to 0x000000000387d069

Events (10 events):
Event: 6.453 Thread 0x000000001714a000 DEOPT UNPACKING pc=0x000000000354582a sp=0x0000000017d3e770 mode 2
Event: 6.453 Thread 0x000000001714a000 Uncommon trap: trap_request=0xffffffc6 fr.pc=0x0000000003aac698
Event: 6.453 Thread 0x000000001714a000 DEOPT PACKING pc=0x0000000003aac698 sp=0x0000000017d3e790
Event: 6.453 Thread 0x000000001714a000 DEOPT UNPACKING pc=0x000000000354582a sp=0x0000000017d3e770 mode 2
Event: 6.469 loading class com/android/dx/rop/code/RegisterSpec$1
Event: 6.469 loading class com/android/dx/rop/code/RegisterSpec$1 done
Event: 6.478 Thread 0x000000001714a000 DEOPT PACKING pc=0x00000000038817c9 sp=0x0000000017d3e7f0
Event: 6.478 Thread 0x000000001714a000 DEOPT UNPACKING pc=0x000000000354787f sp=0x0000000017d3e5b8 mode 0
Event: 6.506 Thread 0x000000001714a000 DEOPT PACKING pc=0x0000000003881a84 sp=0x0000000017d3e7a0
Event: 6.506 Thread 0x000000001714a000 DEOPT UNPACKING pc=0x000000000354787f sp=0x0000000017d3e568 mode 0


Dynamic libraries:
0x00007ff7ee720000 - 0x00007ff7ee757000 	C:\Program Files\Java\jdk1.8.0_91\bin\java.exe
0x00007fff41bf0000 - 0x00007fff41dc1000 	C:\WINDOWS\SYSTEM32\ntdll.dll
0x00007fff3f310000 - 0x00007fff3f3bb000 	C:\WINDOWS\System32\KERNEL32.DLL
0x00007fff3e220000 - 0x00007fff3e43d000 	C:\WINDOWS\System32\KERNELBASE.dll
0x00007fff3f480000 - 0x00007fff3f522000 	C:\WINDOWS\System32\ADVAPI32.dll
0x00007fff3ffb0000 - 0x00007fff4004e000 	C:\WINDOWS\System32\msvcrt.dll
0x00007fff3f250000 - 0x00007fff3f2a9000 	C:\WINDOWS\System32\sechost.dll
0x00007fff3efc0000 - 0x00007fff3f0e1000 	C:\WINDOWS\System32\RPCRT4.dll
0x00007fff3fc10000 - 0x00007fff3fd75000 	C:\WINDOWS\System32\USER32.dll
0x00007fff3e0f0000 - 0x00007fff3e10e000 	C:\WINDOWS\System32\win32u.dll
0x00007fff3fa90000 - 0x00007fff3fac4000 	C:\WINDOWS\System32\GDI32.dll
0x00007fff3e440000 - 0x00007fff3e5c2000 	C:\WINDOWS\System32\gdi32full.dll
0x00007fff336a0000 - 0x00007fff33919000 	C:\WINDOWS\WinSxS\amd64_microsoft.windows.common-controls_6595b64144ccf1df_6.0.14393.0_none_2d0f50fcbdb171b8\COMCTL32.dll
0x00007fff3f7a0000 - 0x00007fff3fa67000 	C:\WINDOWS\System32\combase.dll
0x00007fff3e7d0000 - 0x00007fff3e8c5000 	C:\WINDOWS\System32\ucrtbase.dll
0x00007fff3df90000 - 0x00007fff3dffa000 	C:\WINDOWS\System32\bcryptPrimitives.dll
0x00007fff3fd80000 - 0x00007fff3fdae000 	C:\WINDOWS\System32\IMM32.DLL
0x0000000075b90000 - 0x0000000075c62000 	C:\Program Files\Java\jdk1.8.0_91\jre\bin\msvcr100.dll
0x0000000076000000 - 0x0000000076893000 	C:\Program Files\Java\jdk1.8.0_91\jre\bin\server\jvm.dll
0x00007fff3e7a0000 - 0x00007fff3e7c3000 	C:\WINDOWS\System32\WINMM.dll
0x00007fff3de20000 - 0x00007fff3de4b000 	C:\WINDOWS\System32\WINMMBASE.dll
0x00007fff3e000000 - 0x00007fff3e042000 	C:\WINDOWS\System32\cfgmgr32.dll
0x00007fff40050000 - 0x00007fff40058000 	C:\WINDOWS\System32\PSAPI.DLL
0x00007fff2ea20000 - 0x00007fff2ea29000 	C:\WINDOWS\SYSTEM32\WSOCK32.dll
0x00007fff395c0000 - 0x00007fff395ca000 	C:\WINDOWS\SYSTEM32\VERSION.dll
0x00007fff40060000 - 0x00007fff400ca000 	C:\WINDOWS\System32\WS2_32.dll
0x0000000050000000 - 0x000000005000f000 	C:\Program Files\Java\jdk1.8.0_91\jre\bin\verify.dll
0x0000000075fd0000 - 0x0000000075ff9000 	C:\Program Files\Java\jdk1.8.0_91\jre\bin\java.dll
0x0000000075fb0000 - 0x0000000075fc6000 	C:\Program Files\Java\jdk1.8.0_91\jre\bin\zip.dll
0x00007fff400d0000 - 0x00007fff415d8000 	C:\WINDOWS\System32\SHELL32.dll
0x00007fff3e8d0000 - 0x00007fff3efaa000 	C:\WINDOWS\System32\windows.storage.dll
0x00007fff3df40000 - 0x00007fff3df8c000 	C:\WINDOWS\System32\powrprof.dll
0x00007fff3ff50000 - 0x00007fff3ffa2000 	C:\WINDOWS\System32\shlwapi.dll
0x00007fff3de80000 - 0x00007fff3de8f000 	C:\WINDOWS\System32\kernel.appcore.dll
0x00007fff3e110000 - 0x00007fff3e1b9000 	C:\WINDOWS\System32\shcore.dll
0x00007fff3de50000 - 0x00007fff3de64000 	C:\WINDOWS\System32\profapi.dll

VM Arguments:
jvm_args: -Djava.awt.headless=true -Xmx1024M -Dfile.encoding=GBK -Duser.country=CN -Duser.language=zh -Duser.variant 
java_command: com.android.dx.command.Main --dex --force-jumbo --num-threads=4 --output D:\andriod_projects\smartHome\app\build\intermediates\pre-dexed\debug\Java-WebSocket-1.3.0_3b7652afc2573475564f9d68811adcc17162eb55.jar C:\Users\zhiwu_000\.gradle\caches\modules-2\files-2.1\org.java-websocket\Java-WebSocket\1.3.0\db2658f013fb163de4a99274c2eb9e17efe535d2\Java-WebSocket-1.3.0.jar
java_class_path (initial): D:\android\android_SDK\build-tools\23.0.3\lib\dx.jar
Launcher Type: SUN_STANDARD

Environment Variables:
JAVA_HOME=C:\Program Files (x86)\Java\jdk1.8.0_31
CLASSPATH=C:\Program Files (x86)\Java\jdk1.8.0_31\lib;C:\Program Files (x86)\Java\jdk1.8.0_31\lib\tools.jar;D:\andriod environment\adt-bundle-windows-x86-20131030\eclipse\plugins\org.apache.ant_1.8.3.v201301120609\lib;
PATH=C:\PROGRA~1\PTC\MKSTOO~1\bin64;C:\PROGRA~1\PTC\MKSTOO~1\bin;C:\PROGRA~1\PTC\MKSTOO~1\bin\X11;C:\PROGRA~1\PTC\MKSTOO~1\mksnt;C:\ProgramData\Oracle\Java\javapath;C:\Program Files (x86)\Intel\iCLS Client\;C:\Program Files\Intel\iCLS Client\;C:\Program Files (x86)\NVIDIA Corporation\PhysX\Common;C:\WINDOWS\system32;C:\WINDOWS;C:\WINDOWS\System32\Wbem;C:\WINDOWS\System32\WindowsPowerShell\v1.0\;C:\Program Files\Intel\Intel(R) Management Engine Components\DAL;C:\Program Files\Intel\Intel(R) Management Engine Components\IPT;C:\Program Files (x86)\Intel\Intel(R) Management Engine Components\DAL;C:\Program Files (x86)\Intel\Intel(R) Management Engine Components\IPT;C:\Program Files (x86)\Java\jdk1.8.0_31\bin;C:\Program Files (x86)\Java\jdk1.8.0_31\jre\bin;D:\andriod environment\adt-bundle-windows-x86-20131030\sdk\tools;D:\andriod environment\adt-bundle-windows-x86-20131030\sdk\platform-tools;D:\andriod environment\adt-bundle-windows-x86-20131030\eclipse\plugins\org.apache.ant_1.8.3.v201301120609\bin;C:\Program Files\nodejs\;D:\Git\cmd;D:\HMA! Pro VPN\bin;C:\Users\zhiwu_000\AppData\Local\Microsoft\WindowsApps;
USERNAME=freedom
DISPLAY=:0.0
OS=Windows_NT
PROCESSOR_IDENTIFIER=Intel64 Family 6 Model 60 Stepping 3, GenuineIntel



---------------  S Y S T E M  ---------------

OS: Windows 10.0 , 64 bit Build 14393 (10.0.14393.0)

CPU:total 4 (2 cores per cpu, 2 threads per core) family 6 model 60 stepping 3, cmov, cx8, fxsr, mmx, sse, sse2, sse3, ssse3, sse4.1, sse4.2, popcnt, avx, avx2, aes, clmul, erms, lzcnt, ht, tsc, tscinvbit, bmi1, bmi2

Memory: 4k page, physical 4112564k(292000k free), swap 5685428k(5460k free)

vm_info: Java HotSpot(TM) 64-Bit Server VM (25.91-b14) for windows-amd64 JRE (1.8.0_91-b14), built on Apr  1 2016 00:58:32 by "java_re" with MS VC++ 10.0 (VS2010)

time: Sun Oct 02 21:09:00 2016
elapsed time: 6 seconds (0d 0h 0m 6s)

