#
# There is insufficient memory for the Java Runtime Environment to continue.
# Native memory allocation (malloc) failed to allocate 1196176 bytes for Chunk::new
# Possible reasons:
#   The system is out of physical RAM or swap space
#   In 32 bit mode, the process size limit was hit
# Possible solutions:
#   Reduce memory load on the system
#   Increase physical memory or swap space
#   Check if swap backing store is full
#   Use 64 bit Java on a 64 bit OS
#   Decrease Java heap size (-Xmx/-Xms)
#   Decrease number of Java threads
#   Decrease Java thread stack sizes (-Xss)
#   Set larger code cache with -XX:ReservedCodeCacheSize=
# This output file may be truncated or incomplete.
#
#  Out of Memory Error (allocation.cpp:390), pid=4104, tid=572
#
# JRE version: Java(TM) SE Runtime Environment (8.0_91-b14) (build 1.8.0_91-b14)
# Java VM: Java HotSpot(TM) 64-Bit Server VM (25.91-b14 mixed mode windows-amd64 compressed oops)
# Failed to write core dump. Minidumps are not enabled by default on client versions of Windows
#

---------------  T H R E A D  ---------------

Current thread (0x0000000016c8c000):  JavaThread "C2 CompilerThread1" daemon [_thread_in_native, id=572, stack(0x0000000017380000,0x0000000017480000)]

Stack: [0x0000000017380000,0x0000000017480000]
[error occurred during error reporting (printing stack bounds), id 0xc0000005]

Native frames: (J=compiled Java code, j=interpreted, Vv=VM code, C=native code)


Current CompileTask:
C2:   2098 1180   !   4       com.android.dx.cf.code.BytecodeArray::parseInstruction (2764 bytes)


---------------  P R O C E S S  ---------------

Java Threads: ( => current thread )
  0x0000000016eff000 JavaThread "pool-2-thread-4" [_thread_in_Java, id=3780, stack(0x0000000017b80000,0x0000000017c80000)]
  0x0000000016efe000 JavaThread "pool-2-thread-3" [_thread_blocked, id=8684, stack(0x0000000017a80000,0x0000000017b80000)]
  0x0000000016efd800 JavaThread "pool-2-thread-2" [_thread_blocked, id=7784, stack(0x0000000017980000,0x0000000017a80000)]
  0x0000000016f45800 JavaThread "pool-3-thread-1" [_thread_blocked, id=3776, stack(0x0000000017880000,0x0000000017980000)]
  0x0000000016f4f000 JavaThread "pool-2-thread-1" [_thread_in_Java, id=7524, stack(0x0000000017780000,0x0000000017880000)]
  0x0000000016cec800 JavaThread "Service Thread" daemon [_thread_blocked, id=5700, stack(0x0000000017580000,0x0000000017680000)]
  0x0000000016c8d000 JavaThread "C1 CompilerThread2" daemon [_thread_in_vm, id=8228, stack(0x0000000017480000,0x0000000017580000)]
=>0x0000000016c8c000 JavaThread "C2 CompilerThread1" daemon [_thread_in_native, id=572, stack(0x0000000017380000,0x0000000017480000)]
  0x000000001597d800 JavaThread "C2 CompilerThread0" daemon [_thread_in_native, id=2992, stack(0x0000000017280000,0x0000000017380000)]
  0x000000001597b800 JavaThread "Attach Listener" daemon [_thread_blocked, id=2648, stack(0x0000000017180000,0x0000000017280000)]
  0x0000000015930000 JavaThread "Signal Dispatcher" daemon [_thread_blocked, id=2304, stack(0x0000000017080000,0x0000000017180000)]
  0x000000000314a800 JavaThread "Finalizer" daemon [_thread_blocked, id=6176, stack(0x0000000016b80000,0x0000000016c80000)]
  0x00000000158e9000 JavaThread "Reference Handler" daemon [_thread_blocked, id=2988, stack(0x0000000016a80000,0x0000000016b80000)]
  0x000000000324e000 JavaThread "main" [_thread_blocked, id=2496, stack(0x0000000002c00000,0x0000000002d00000)]

Other Threads:
  0x00000000158e7800 VMThread [stack: 0x0000000016980000,0x0000000016a80000] [id=824]
  0x0000000016ce9800 WatcherThread [stack: 0x0000000017680000,0x0000000017780000] [id=8640]

VM state:not at safepoint (normal execution)

VM Mutex/Monitor currently owned by a thread: None

Heap:
 PSYoungGen      total 18944K, used 18863K [0x00000000eab00000, 0x00000000ed000000, 0x0000000100000000)
  eden space 16384K, 99% used [0x00000000eab00000,0x00000000ebaef950,0x00000000ebb00000)
  from space 2560K, 99% used [0x00000000ebb00000,0x00000000ebd7c400,0x00000000ebd80000)
  to   space 2560K, 0% used [0x00000000ecd80000,0x00000000ecd80000,0x00000000ed000000)
 ParOldGen       total 44032K, used 1201K [0x00000000c0000000, 0x00000000c2b00000, 0x00000000eab00000)
  object space 44032K, 2% used [0x00000000c0000000,0x00000000c012c620,0x00000000c2b00000)
 Metaspace       used 6038K, capacity 6902K, committed 7040K, reserved 1056768K
  class space    used 606K, capacity 622K, committed 640K, reserved 1048576K

Card table byte_map: [0x0000000012610000,0x0000000012820000] byte_map_base: 0x0000000012010000

Marking Bits: (ParMarkBitMap*) 0x0000000055562f70
 Begin Bits: [0x0000000012d80000, 0x0000000013d80000)
 End Bits:   [0x0000000013d80000, 0x0000000014d80000)

Polling page: 0x0000000001610000

CodeCache: size=245760Kb used=4786Kb max_used=4786Kb free=240973Kb
 bounds [0x0000000003250000, 0x0000000003710000, 0x0000000012250000]
 total_blobs=1479 nmethods=1208 adapters=184
 compilation: enabled

Compilation events (10 events):
Event: 2.091 Thread 0x0000000016c8d000 nmethod 1209 0x00000000036ed850 code [0x00000000036ed9a0, 0x00000000036edad0]
Event: 2.091 Thread 0x0000000016c8d000 1203       3       com.android.dx.dex.cf.AttributeTranslator::getExceptions (32 bytes)
Event: 2.091 Thread 0x0000000016c8d000 nmethod 1203 0x00000000036f2810 code [0x00000000036f29c0, 0x00000000036f2e68]
Event: 2.091 Thread 0x0000000016c8d000 1204       3       java.util.HashMap::<init> (98 bytes)
Event: 2.092 Thread 0x0000000016c8d000 nmethod 1204 0x00000000036f3010 code [0x00000000036f32a0, 0x00000000036f4488]
Event: 2.092 Thread 0x0000000016c8d000 1211       3       com.android.dx.ssa.SsaConverter::edgeSplitMoveExceptionsAndResults (157 bytes)
Event: 2.094 Thread 0x0000000016c8d000 nmethod 1211 0x00000000036f4c90 code [0x00000000036f5040, 0x00000000036f6ea8]
Event: 2.094 Thread 0x0000000016c8d000 1214       3       com.android.dx.ssa.SCCP::run (298 bytes)
Event: 2.096 Thread 0x0000000016c8d000 nmethod 1214 0x00000000036f83d0 code [0x00000000036f87a0, 0x00000000036fa748]
Event: 2.096 Thread 0x0000000016c8d000 1219       3       com.android.dx.ssa.back.IdenticalBlockCombiner::process (323 bytes)

GC Heap History (2 events):
Event: 1.406 GC heap before
{Heap before GC invocations=1 (full 0):
 PSYoungGen      total 18944K, used 16384K [0x00000000eab00000, 0x00000000ec000000, 0x0000000100000000)
  eden space 16384K, 100% used [0x00000000eab00000,0x00000000ebb00000,0x00000000ebb00000)
  from space 2560K, 0% used [0x00000000ebd80000,0x00000000ebd80000,0x00000000ec000000)
  to   space 2560K, 0% used [0x00000000ebb00000,0x00000000ebb00000,0x00000000ebd80000)
 ParOldGen       total 44032K, used 0K [0x00000000c0000000, 0x00000000c2b00000, 0x00000000eab00000)
  object space 44032K, 0% used [0x00000000c0000000,0x00000000c0000000,0x00000000c2b00000)
 Metaspace       used 5652K, capacity 6580K, committed 6784K, reserved 1056768K
  class space    used 602K, capacity 620K, committed 640K, reserved 1048576K
Event: 1.536 GC heap after
Heap after GC invocations=1 (full 0):
 PSYoungGen      total 18944K, used 2545K [0x00000000eab00000, 0x00000000ed000000, 0x0000000100000000)
  eden space 16384K, 0% used [0x00000000eab00000,0x00000000eab00000,0x00000000ebb00000)
  from space 2560K, 99% used [0x00000000ebb00000,0x00000000ebd7c400,0x00000000ebd80000)
  to   space 2560K, 0% used [0x00000000ecd80000,0x00000000ecd80000,0x00000000ed000000)
 ParOldGen       total 44032K, used 1201K [0x00000000c0000000, 0x00000000c2b00000, 0x00000000eab00000)
  object space 44032K, 2% used [0x00000000c0000000,0x00000000c012c620,0x00000000c2b00000)
 Metaspace       used 5652K, capacity 6580K, committed 6784K, reserved 1056768K
  class space    used 602K, capacity 620K, committed 640K, reserved 1048576K
}

Deoptimization events (6 events):
Event: 0.334 Thread 0x000000000324e000 Uncommon trap: reason=unstable_if action=reinterpret pc=0x00000000033a4954 method=java.lang.String.compareTo(Ljava/lang/String;)I @ 38
Event: 1.721 Thread 0x0000000016eff000 Uncommon trap: reason=null_check action=make_not_entrant pc=0x00000000035537e8 method=com.android.dx.rop.type.Type.equals(Ljava/lang/Object;)Z @ 8
Event: 1.965 Thread 0x0000000016efe000 Uncommon trap: reason=null_check action=make_not_entrant pc=0x0000000003546ffc method=com.android.dx.ssa.SsaRenamer.getLocalForNewReg(I)Lcom/android/dx/rop/code/LocalItem; @ 19
Event: 1.994 Thread 0x0000000016efd800 Uncommon trap: reason=unstable_if action=reinterpret pc=0x0000000003582aac method=com.android.dx.rop.code.RegisterSpecSet.put(Lcom/android/dx/rop/code/RegisterSpec;)V @ 77
Event: 1.994 Thread 0x0000000016efd800 Uncommon trap: reason=unstable_if action=reinterpret pc=0x00000000035d682c method=com.android.dx.rop.code.RegisterSpecSet.put(Lcom/android/dx/rop/code/RegisterSpec;)V @ 77
Event: 2.092 Thread 0x0000000016f4f000 Uncommon trap: reason=unstable_if action=reinterpret pc=0x00000000034efac4 method=com.android.dx.rop.code.RegisterSpec.equals(ILcom/android/dx/rop/type/TypeBearer;Lcom/android/dx/rop/code/LocalItem;)Z @ 42

Internal exceptions (4 events):
Event: 0.041 Thread 0x000000000324e000 Exception <a 'java/lang/NoSuchMethodError': Method sun.misc.Unsafe.defineClass(Ljava/lang/String;[BII)Ljava/lang/Class; name or signature does not match> (0x00000000eab07cc0) thrown at [C:\re\workspace\8-2-build-windows-amd64-cygwin\jdk8u91\6644\hotspot\srÔ›h¥´ ¥?
Event: 0.041 Thread 0x000000000324e000 Exception <a 'java/lang/NoSuchMethodError': Method sun.misc.Unsafe.prefetchRead(Ljava/lang/Object;J)V name or signature does not match> (0x00000000eab07fa8) thrown at [C:\re\workspace\8-2-build-windows-amd64-cygwin\jdk8u91\6644\hotspot\src\share\vm\prims\jœž5ÓJŠû?
Event: 1.721 Thread 0x0000000016eff000 Implicit null exception at 0x00000000035536e2 to 0x00000000035537da
Event: 1.965 Thread 0x0000000016efe000 Implicit null exception at 0x0000000003545262 to 0x0000000003546fb9

Events (10 events):
Event: 1.994 Thread 0x0000000016efd800 DEOPT PACKING pc=0x0000000003582aac sp=0x0000000017a7eeb0
Event: 1.994 Thread 0x0000000016efd800 DEOPT UNPACKING pc=0x000000000329582a sp=0x0000000017a7ee38 mode 2
Event: 1.994 Thread 0x0000000016efd800 Uncommon trap: trap_request=0xffffff65 fr.pc=0x00000000035d682c
Event: 1.994 Thread 0x0000000016efd800 DEOPT PACKING pc=0x00000000035d682c sp=0x0000000017a7eea0
Event: 1.994 Thread 0x0000000016efd800 DEOPT UNPACKING pc=0x000000000329582a sp=0x0000000017a7edc0 mode 2
Event: 2.003 loading class com/android/dx/dex/file/FieldAnnotationStruct
Event: 2.003 loading class com/android/dx/dex/file/FieldAnnotationStruct done
Event: 2.092 Thread 0x0000000016f4f000 Uncommon trap: trap_request=0xffffff65 fr.pc=0x00000000034efac4
Event: 2.092 Thread 0x0000000016f4f000 DEOPT PACKING pc=0x00000000034efac4 sp=0x000000001787eb10
Event: 2.092 Thread 0x0000000016f4f000 DEOPT UNPACKING pc=0x000000000329582a sp=0x000000001787ea98 mode 2


Dynamic libraries:
0x00007ff794470000 - 0x00007ff7944a7000 	C:\Program Files\Java\jdk1.8.0_91\bin\java.exe
0x00007ffe745a0000 - 0x00007ffe74761000 	C:\WINDOWS\SYSTEM32\ntdll.dll
0x00007ffe71ae0000 - 0x00007ffe71b8d000 	C:\WINDOWS\system32\KERNEL32.DLL
0x00007ffe70e70000 - 0x00007ffe71058000 	C:\WINDOWS\system32\KERNELBASE.dll
0x00007ffe743b0000 - 0x00007ffe74457000 	C:\WINDOWS\system32\ADVAPI32.dll
0x00007ffe71a40000 - 0x00007ffe71add000 	C:\WINDOWS\system32\msvcrt.dll
0x00007ffe729a0000 - 0x00007ffe729fb000 	C:\WINDOWS\system32\sechost.dll
0x00007ffe725e0000 - 0x00007ffe726fc000 	C:\WINDOWS\system32\RPCRT4.dll
0x00007ffe71c90000 - 0x00007ffe71de6000 	C:\WINDOWS\system32\USER32.dll
0x00007ffe72810000 - 0x00007ffe72996000 	C:\WINDOWS\system32\GDI32.dll
0x00007ffe6de10000 - 0x00007ffe6e084000 	C:\WINDOWS\WinSxS\amd64_microsoft.windows.common-controls_6595b64144ccf1df_6.0.10586.494_none_a2d8b04ea53e3145\COMCTL32.dll
0x00007ffe72bb0000 - 0x00007ffe72e2d000 	C:\WINDOWS\system32\combase.dll
0x00007ffe71770000 - 0x00007ffe717da000 	C:\WINDOWS\system32\bcryptPrimitives.dll
0x00007ffe723f0000 - 0x00007ffe7242b000 	C:\WINDOWS\system32\IMM32.DLL
0x00007ffe70880000 - 0x00007ffe708b1000 	C:\Windows\system32\nvinitx.dll
0x00007ffe70870000 - 0x00007ffe7087a000 	C:\WINDOWS\SYSTEM32\VERSION.dll
0x00000000548d0000 - 0x00000000549a2000 	C:\Program Files\Java\jdk1.8.0_91\jre\bin\msvcr100.dll
0x0000000054d50000 - 0x00000000555e3000 	C:\Program Files\Java\jdk1.8.0_91\jre\bin\server\jvm.dll
0x00007ffe70dd0000 - 0x00007ffe70df3000 	C:\WINDOWS\system32\WINMM.dll
0x00007ffe70990000 - 0x00007ffe709bc000 	C:\WINDOWS\system32\WINMMBASE.dll
0x00007ffe70e20000 - 0x00007ffe70e63000 	C:\WINDOWS\system32\cfgmgr32.dll
0x00007ffe72280000 - 0x00007ffe72288000 	C:\WINDOWS\system32\PSAPI.DLL
0x00007ffe61cd0000 - 0x00007ffe61cd9000 	C:\WINDOWS\SYSTEM32\WSOCK32.dll
0x00007ffe72700000 - 0x00007ffe7276b000 	C:\WINDOWS\system32\WS2_32.dll
0x0000000054d40000 - 0x0000000054d4f000 	C:\Program Files\Java\jdk1.8.0_91\jre\bin\verify.dll
0x0000000054d10000 - 0x0000000054d39000 	C:\Program Files\Java\jdk1.8.0_91\jre\bin\java.dll
0x0000000054cf0000 - 0x0000000054d06000 	C:\Program Files\Java\jdk1.8.0_91\jre\bin\zip.dll
0x00007ffe72e30000 - 0x00007ffe7438c000 	C:\WINDOWS\system32\SHELL32.dll
0x00007ffe710c0000 - 0x00007ffe71705000 	C:\WINDOWS\system32\windows.storage.dll
0x00007ffe74540000 - 0x00007ffe74592000 	C:\WINDOWS\system32\shlwapi.dll
0x00007ffe709d0000 - 0x00007ffe709df000 	C:\WINDOWS\system32\kernel.appcore.dll
0x00007ffe70a00000 - 0x00007ffe70ab5000 	C:\WINDOWS\system32\shcore.dll
0x00007ffe71720000 - 0x00007ffe7176b000 	C:\WINDOWS\system32\powrprof.dll
0x00007ffe709e0000 - 0x00007ffe709f4000 	C:\WINDOWS\system32\profapi.dll

VM Arguments:
jvm_args: -Djava.awt.headless=true -Xmx1024M -Dfile.encoding=GBK -Duser.country=CN -Duser.language=zh -Duser.variant 
java_command: com.android.dx.command.Main --dex --force-jumbo --num-threads=4 --multi-dex --output D:\andriod_projects\smartHome\app\build\intermediates\transforms\dex\debug\folders\1000\10\com.android.support-appcompat-v7-23.3.0_08b6caf9083ef3333c1d2d027f917b3b9e753913 D:\andriod_projects\smartHome\app\build\intermediates\exploded-aar\com.android.support\appcompat-v7\23.3.0\jars\classes.jar
java_class_path (initial): D:\android\android_SDK\build-tools\23.0.3\lib\dx.jar
Launcher Type: SUN_STANDARD

Environment Variables:
JAVA_HOME=C:\Program Files (x86)\Java\jdk1.8.0_31
CLASSPATH=C:\Program Files (x86)\Java\jdk1.8.0_31\lib;C:\Program Files (x86)\Java\jdk1.8.0_31\lib\tools.jar;D:\andriod environment\adt-bundle-windows-x86-20131030\eclipse\plugins\org.apache.ant_1.8.3.v201301120609\lib;
PATH=C:\PROGRA~1\PTC\MKSTOO~1\bin64;C:\PROGRA~1\PTC\MKSTOO~1\bin;C:\PROGRA~1\PTC\MKSTOO~1\bin\X11;C:\PROGRA~1\PTC\MKSTOO~1\mksnt;C:\ProgramData\Oracle\Java\javapath;C:\Program Files (x86)\Intel\iCLS Client\;C:\Program Files\Intel\iCLS Client\;C:\Program Files (x86)\NVIDIA Corporation\PhysX\Common;C:\WINDOWS\system32;C:\WINDOWS;C:\WINDOWS\System32\Wbem;C:\WINDOWS\System32\WindowsPowerShell\v1.0\;C:\Program Files\Intel\Intel(R) Management Engine Components\DAL;C:\Program Files\Intel\Intel(R) Management Engine Components\IPT;C:\Program Files (x86)\Intel\Intel(R) Management Engine Components\DAL;C:\Program Files (x86)\Intel\Intel(R) Management Engine Components\IPT;C:\Program Files (x86)\Java\jdk1.8.0_31\bin;C:\Program Files (x86)\Java\jdk1.8.0_31\jre\bin;D:\andriod environment\adt-bundle-windows-x86-20131030\sdk\tools;D:\andriod environment\adt-bundle-windows-x86-20131030\sdk\platform-tools;D:\andriod environment\adt-bundle-windows-x86-20131030\eclipse\plugins\org.apache.ant_1.8.3.v201301120609\bin;C:\Program Files\nodejs\;D:\Git\cmd;D:\HMA! Pro VPN\bin
USERNAME=freedom
DISPLAY=:0.0
OS=Windows_NT
PROCESSOR_IDENTIFIER=Intel64 Family 6 Model 60 Stepping 3, GenuineIntel



---------------  S Y S T E M  ---------------

OS: Windows 10.0 , 64 bit Build 10586 (10.0.10586.0)

CPU:total 4 (2 cores per cpu, 2 threads per core) family 6 model 60 stepping 3, cmov, cx8, fxsr, mmx, sse, sse2, sse3, ssse3, sse4.1, sse4.2, popcnt, avx, avx2, aes, clmul, erms, lzcnt, ht, tsc, tscinvbit, bmi1, bmi2

Memory: 4k page, physical 4112564k(544276k free), swap 5685428k(4896k free)

vm_info: Java HotSpot(TM) 64-Bit Server VM (25.91-b14) for windows-amd64 JRE (1.8.0_91-b14), built on Apr  1 2016 00:58:32 by "java_re" with MS VC++ 10.0 (VS2010)

time: Sat Sep 03 14:18:43 2016
elapsed time: 2 seconds (0d 0h 0m 2s)

