#
# There is insufficient memory for the Java Runtime Environment to continue.
# Native memory allocation (malloc) failed to allocate 236016 bytes for Chunk::new
# Possible reasons:
#   The system is out of physical RAM or swap space
#   In 32 bit mode, the process size limit was hit
# Possible solutions:
#   Reduce memory load on the system
#   Increase physical memory or swap space
#   Check if swap backing store is full
#   Use 64 bit Java on a 64 bit OS
#   Decrease Java heap size (-Xmx/-Xms)
#   Decrease number of Java threads
#   Decrease Java thread stack sizes (-Xss)
#   Set larger code cache with -XX:ReservedCodeCacheSize=
# This output file may be truncated or incomplete.
#
#  Out of Memory Error (allocation.cpp:390), pid=12480, tid=15072
#
# JRE version: Java(TM) SE Runtime Environment (8.0_91-b14) (build 1.8.0_91-b14)
# Java VM: Java HotSpot(TM) 64-Bit Server VM (25.91-b14 mixed mode windows-amd64 compressed oops)
# Failed to write core dump. Minidumps are not enabled by default on client versions of Windows
#

---------------  T H R E A D  ---------------

Current thread (0x0000000016daa000):  JavaThread "C2 CompilerThread1" daemon [_thread_in_native, id=15072, stack(0x00000000174a0000,0x00000000175a0000)]

Stack: [0x00000000174a0000,0x00000000175a0000]
[error occurred during error reporting (printing stack bounds), id 0xc0000005]

Native frames: (J=compiled Java code, j=interpreted, Vv=VM code, C=native code)


Current CompileTask:
C2:   1761 1236       4       com.android.dx.ssa.SsaMethod::computeReachability (131 bytes)


---------------  P R O C E S S  ---------------

Java Threads: ( => current thread )
  0x000000001706a800 JavaThread "pool-2-thread-4" [_thread_blocked, id=14424, stack(0x0000000017ca0000,0x0000000017da0000)]
  0x000000001706a000 JavaThread "pool-2-thread-3" [_thread_blocked, id=6632, stack(0x0000000017ba0000,0x0000000017ca0000)]
  0x00000000170ab800 JavaThread "pool-2-thread-2" [_thread_blocked, id=13404, stack(0x0000000017aa0000,0x0000000017ba0000)]
  0x00000000170ab000 JavaThread "pool-3-thread-1" [_thread_blocked, id=14484, stack(0x00000000179a0000,0x0000000017aa0000)]
  0x00000000170a6000 JavaThread "pool-2-thread-1" [_thread_in_Java, id=7200, stack(0x00000000178a0000,0x00000000179a0000)]
  0x0000000016e02000 JavaThread "Service Thread" daemon [_thread_blocked, id=12232, stack(0x00000000176a0000,0x00000000177a0000)]
  0x0000000016df1800 JavaThread "C1 CompilerThread2" daemon [_thread_blocked, id=14744, stack(0x00000000175a0000,0x00000000176a0000)]
=>0x0000000016daa000 JavaThread "C2 CompilerThread1" daemon [_thread_in_native, id=15072, stack(0x00000000174a0000,0x00000000175a0000)]
  0x0000000015a9b000 JavaThread "C2 CompilerThread0" daemon [_thread_in_native, id=6108, stack(0x00000000173a0000,0x00000000174a0000)]
  0x0000000015a98800 JavaThread "Attach Listener" daemon [_thread_blocked, id=15056, stack(0x00000000172a0000,0x00000000173a0000)]
  0x0000000016da8800 JavaThread "Signal Dispatcher" daemon [_thread_blocked, id=13264, stack(0x00000000171a0000,0x00000000172a0000)]
  0x0000000015a2a000 JavaThread "Finalizer" daemon [_thread_blocked, id=14992, stack(0x0000000016ca0000,0x0000000016da0000)]
  0x0000000015a09000 JavaThread "Reference Handler" daemon [_thread_blocked, id=14720, stack(0x0000000016ba0000,0x0000000016ca0000)]
  0x0000000002efe000 JavaThread "main" [_thread_in_Java, id=10740, stack(0x0000000002d60000,0x0000000002e60000)]

Other Threads:
  0x0000000015a07800 VMThread [stack: 0x0000000016aa0000,0x0000000016ba0000] [id=10392]
  0x0000000016e7f000 WatcherThread [stack: 0x00000000177a0000,0x00000000178a0000] [id=4740]

VM state:not at safepoint (normal execution)

VM Mutex/Monitor currently owned by a thread: None

Heap:
 PSYoungGen      total 35328K, used 4437K [0x00000000eab00000, 0x00000000ed000000, 0x0000000100000000)
  eden space 32768K, 5% used [0x00000000eab00000,0x00000000eacd70b0,0x00000000ecb00000)
  from space 2560K, 99% used [0x00000000ecd80000,0x00000000ecffe6a8,0x00000000ed000000)
  to   space 2560K, 0% used [0x00000000ecb00000,0x00000000ecb00000,0x00000000ecd80000)
 ParOldGen       total 44032K, used 3548K [0x00000000c0000000, 0x00000000c2b00000, 0x00000000eab00000)
  object space 44032K, 8% used [0x00000000c0000000,0x00000000c03770d8,0x00000000c2b00000)
 Metaspace       used 6063K, capacity 6902K, committed 7040K, reserved 1056768K
  class space    used 606K, capacity 622K, committed 640K, reserved 1048576K

Card table byte_map: [0x0000000012730000,0x0000000012940000] byte_map_base: 0x0000000012130000

Marking Bits: (ParMarkBitMap*) 0x000000005aef2f70
 Begin Bits: [0x0000000012ea0000, 0x0000000013ea0000)
 End Bits:   [0x0000000013ea0000, 0x0000000014ea0000)

Polling page: 0x0000000001590000

CodeCache: size=245760Kb used=4789Kb max_used=4801Kb free=240970Kb
 bounds [0x0000000003370000, 0x0000000003830000, 0x0000000012370000]
 total_blobs=1500 nmethods=1229 adapters=184
 compilation: enabled

Compilation events (10 events):
Event: 1.298 Thread 0x0000000016df1800 1224       3       com.android.dx.rop.cst.CstBaseMethodRef::isClassInit (8 bytes)
Event: 1.298 Thread 0x0000000016df1800 nmethod 1224 0x0000000003812a10 code [0x0000000003812b80, 0x0000000003812fa8]
Event: 1.298 Thread 0x0000000016df1800 1225       3       com.android.dx.rop.cst.CstNat::isClassInit (13 bytes)
Event: 1.298 Thread 0x0000000016df1800 nmethod 1225 0x0000000003812510 code [0x0000000003812680, 0x0000000003812948]
Event: 1.298 Thread 0x0000000016df1800 1233       3       java.util.HashMap::tableSizeFor (59 bytes)
Event: 1.298 Thread 0x0000000016df1800 nmethod 1233 0x0000000003812110 code [0x0000000003812280, 0x0000000003812490]
Event: 1.298 Thread 0x0000000016df1800 1226       3       com.android.dx.rop.code.Rops::opGetField (97 bytes)
Event: 1.299 Thread 0x0000000016df1800 nmethod 1226 0x000000000381f750 code [0x000000000381f980, 0x00000000038205f8]
Event: 1.300 Thread 0x0000000016daa000 nmethod 1219 0x0000000003823e10 code [0x0000000003823fa0, 0x0000000003824608]
Event: 1.300 Thread 0x0000000016daa000 1236       4       com.android.dx.ssa.SsaMethod::computeReachability (131 bytes)

GC Heap History (4 events):
Event: 0.714 GC heap before
{Heap before GC invocations=1 (full 0):
 PSYoungGen      total 18944K, used 16384K [0x00000000eab00000, 0x00000000ec000000, 0x0000000100000000)
  eden space 16384K, 100% used [0x00000000eab00000,0x00000000ebb00000,0x00000000ebb00000)
  from space 2560K, 0% used [0x00000000ebd80000,0x00000000ebd80000,0x00000000ec000000)
  to   space 2560K, 0% used [0x00000000ebb00000,0x00000000ebb00000,0x00000000ebd80000)
 ParOldGen       total 44032K, used 0K [0x00000000c0000000, 0x00000000c2b00000, 0x00000000eab00000)
  object space 44032K, 0% used [0x00000000c0000000,0x00000000c0000000,0x00000000c2b00000)
 Metaspace       used 5578K, capacity 6516K, committed 6784K, reserved 1056768K
  class space    used 601K, capacity 620K, committed 640K, reserved 1048576K
Event: 0.725 GC heap after
Heap after GC invocations=1 (full 0):
 PSYoungGen      total 18944K, used 2543K [0x00000000eab00000, 0x00000000ed000000, 0x0000000100000000)
  eden space 16384K, 0% used [0x00000000eab00000,0x00000000eab00000,0x00000000ebb00000)
  from space 2560K, 99% used [0x00000000ebb00000,0x00000000ebd7bc88,0x00000000ebd80000)
  to   space 2560K, 0% used [0x00000000ecd80000,0x00000000ecd80000,0x00000000ed000000)
 ParOldGen       total 44032K, used 1340K [0x00000000c0000000, 0x00000000c2b00000, 0x00000000eab00000)
  object space 44032K, 3% used [0x00000000c0000000,0x00000000c014f198,0x00000000c2b00000)
 Metaspace       used 5578K, capacity 6516K, committed 6784K, reserved 1056768K
  class space    used 601K, capacity 620K, committed 640K, reserved 1048576K
}
Event: 1.561 GC heap before
{Heap before GC invocations=2 (full 0):
 PSYoungGen      total 18944K, used 18927K [0x00000000eab00000, 0x00000000ed000000, 0x0000000100000000)
  eden space 16384K, 100% used [0x00000000eab00000,0x00000000ebb00000,0x00000000ebb00000)
  from space 2560K, 99% used [0x00000000ebb00000,0x00000000ebd7bc88,0x00000000ebd80000)
  to   space 2560K, 0% used [0x00000000ecd80000,0x00000000ecd80000,0x00000000ed000000)
 ParOldGen       total 44032K, used 1340K [0x00000000c0000000, 0x00000000c2b00000, 0x00000000eab00000)
  object space 44032K, 3% used [0x00000000c0000000,0x00000000c014f198,0x00000000c2b00000)
 Metaspace       used 6058K, capacity 6902K, committed 7040K, reserved 1056768K
  class space    used 606K, capacity 622K, committed 640K, reserved 1048576K
Event: 1.754 GC heap after
Heap after GC invocations=2 (full 0):
 PSYoungGen      total 35328K, used 2553K [0x00000000eab00000, 0x00000000ed000000, 0x0000000100000000)
  eden space 32768K, 0% used [0x00000000eab00000,0x00000000eab00000,0x00000000ecb00000)
  from space 2560K, 99% used [0x00000000ecd80000,0x00000000ecffe6a8,0x00000000ed000000)
  to   space 2560K, 0% used [0x00000000ecb00000,0x00000000ecb00000,0x00000000ecd80000)
 ParOldGen       total 44032K, used 3548K [0x00000000c0000000, 0x00000000c2b00000, 0x00000000eab00000)
  object space 44032K, 8% used [0x00000000c0000000,0x00000000c03770d8,0x00000000c2b00000)
 Metaspace       used 6058K, capacity 6902K, committed 7040K, reserved 1056768K
  class space    used 606K, capacity 622K, committed 640K, reserved 1048576K
}

Deoptimization events (10 events):
Event: 0.304 Thread 0x0000000002efe000 Uncommon trap: reason=unstable_if action=reinterpret pc=0x00000000034c5d14 method=java.lang.String.compareTo(Ljava/lang/String;)I @ 38
Event: 0.732 Thread 0x000000001706a800 Uncommon trap: reason=unstable_if action=reinterpret pc=0x0000000003594538 method=java.util.HashMap.getNode(ILjava/lang/Object;)Ljava/util/HashMap$Node; @ 62
Event: 0.769 Thread 0x000000001706a800 Uncommon trap: reason=bimorphic action=maybe_recompile pc=0x00000000035cf358 method=java.util.HashMap.getNode(ILjava/lang/Object;)Ljava/util/HashMap$Node; @ 126
Event: 0.927 Thread 0x000000001706a000 Uncommon trap: reason=null_check action=make_not_entrant pc=0x0000000003694a38 method=com.android.dx.rop.type.Type.equals(Ljava/lang/Object;)Z @ 8
Event: 1.117 Thread 0x000000001706a800 Uncommon trap: reason=class_check action=maybe_recompile pc=0x00000000035cf3a0 method=com.android.dx.rop.type.Type.equals(Ljava/lang/Object;)Z @ 8
Event: 1.117 Thread 0x000000001706a800 Uncommon trap: reason=class_check action=maybe_recompile pc=0x00000000035cf3a0 method=com.android.dx.rop.type.Type.equals(Ljava/lang/Object;)Z @ 8
Event: 1.118 Thread 0x000000001706a800 Uncommon trap: reason=class_check action=maybe_recompile pc=0x00000000035cf3a0 method=com.android.dx.rop.type.Type.equals(Ljava/lang/Object;)Z @ 8
Event: 1.119 Thread 0x000000001706a800 Uncommon trap: reason=class_check action=maybe_recompile pc=0x00000000035cf3a0 method=com.android.dx.rop.type.Type.equals(Ljava/lang/Object;)Z @ 8
Event: 1.125 Thread 0x000000001706a800 Uncommon trap: reason=unstable_if action=reinterpret pc=0x00000000036c352c method=com.android.dx.rop.code.RegisterSpecSet.put(Lcom/android/dx/rop/code/RegisterSpec;)V @ 77
Event: 1.182 Thread 0x00000000170a6000 Uncommon trap: reason=unstable_if action=reinterpret pc=0x000000000366e2c4 method=com.android.dx.rop.code.RegisterSpec.equals(ILcom/android/dx/rop/type/TypeBearer;Lcom/android/dx/rop/code/LocalItem;)Z @ 42

Internal exceptions (3 events):
Event: 0.051 Thread 0x0000000002efe000 Exception <a 'java/lang/NoSuchMethodError': Method sun.misc.Unsafe.defineClass(Ljava/lang/String;[BII)Ljava/lang/Class; name or signature does not match> (0x00000000eab07cc0) thrown at [C:\re\workspace\8-2-build-windows-amd64-cygwin\jdk8u91\6644\hotspot\srÐ£÷©?
Event: 0.051 Thread 0x0000000002efe000 Exception <a 'java/lang/NoSuchMethodError': Method sun.misc.Unsafe.prefetchRead(Ljava/lang/Object;J)V name or signature does not match> (0x00000000eab07fa8) thrown at [C:\re\workspace\8-2-build-windows-amd64-cygwin\jdk8u91\6644\hotspot\src\share\vm\prims\j3;iË[©í?
Event: 0.927 Thread 0x000000001706a000 Implicit null exception at 0x0000000003694922 to 0x0000000003694a29

Events (10 events):
Event: 1.125 Thread 0x000000001706a800 DEOPT UNPACKING pc=0x00000000033b582a sp=0x0000000017d9e658 mode 2
Event: 1.130 loading class com/android/dx/dex/file/FieldAnnotationStruct
Event: 1.130 loading class com/android/dx/dex/file/FieldAnnotationStruct done
Event: 1.133 loading class java/util/DualPivotQuicksort
Event: 1.133 loading class java/util/DualPivotQuicksort done
Event: 1.182 Thread 0x00000000170a6000 Uncommon trap: trap_request=0xffffff65 fr.pc=0x000000000366e2c4
Event: 1.182 Thread 0x00000000170a6000 DEOPT PACKING pc=0x000000000366e2c4 sp=0x000000001799e520
Event: 1.182 Thread 0x00000000170a6000 DEOPT UNPACKING pc=0x00000000033b582a sp=0x000000001799e4a8 mode 2
Event: 1.301 Executing VM operation: ParallelGCFailedAllocation
Event: 1.754 Executing VM operation: ParallelGCFailedAllocation done


Dynamic libraries:
0x00007ff628660000 - 0x00007ff628697000 	C:\Program Files\Java\jdk1.8.0_91\bin\java.exe
0x00007ff81f620000 - 0x00007ff81f7e1000 	C:\WINDOWS\SYSTEM32\ntdll.dll
0x00007ff81f4a0000 - 0x00007ff81f54d000 	C:\WINDOWS\system32\KERNEL32.DLL
0x00007ff81c550000 - 0x00007ff81c738000 	C:\WINDOWS\system32\KERNELBASE.dll
0x00007ff81f550000 - 0x00007ff81f5f7000 	C:\WINDOWS\system32\ADVAPI32.dll
0x00007ff81eb80000 - 0x00007ff81ec1d000 	C:\WINDOWS\system32\msvcrt.dll
0x00007ff81cae0000 - 0x00007ff81cb3b000 	C:\WINDOWS\system32\sechost.dll
0x00007ff81cec0000 - 0x00007ff81cfdc000 	C:\WINDOWS\system32\RPCRT4.dll
0x00007ff81cfe0000 - 0x00007ff81d136000 	C:\WINDOWS\system32\USER32.dll
0x00007ff81e920000 - 0x00007ff81eaa6000 	C:\WINDOWS\system32\GDI32.dll
0x00007ff818900000 - 0x00007ff818b74000 	C:\WINDOWS\WinSxS\amd64_microsoft.windows.common-controls_6595b64144ccf1df_6.0.10586.494_none_a2d8b04ea53e3145\COMCTL32.dll
0x00007ff81c860000 - 0x00007ff81cadd000 	C:\WINDOWS\system32\combase.dll
0x00007ff81c7c0000 - 0x00007ff81c82a000 	C:\WINDOWS\system32\bcryptPrimitives.dll
0x00007ff81e8e0000 - 0x00007ff81e91b000 	C:\WINDOWS\system32\IMM32.DLL
0x00007ff81b900000 - 0x00007ff81b931000 	C:\Windows\system32\nvinitx.dll
0x00007ff81b8f0000 - 0x00007ff81b8fa000 	C:\WINDOWS\SYSTEM32\VERSION.dll
0x000000005b100000 - 0x000000005b1d2000 	C:\Program Files\Java\jdk1.8.0_91\jre\bin\msvcr100.dll
0x000000005a6e0000 - 0x000000005af73000 	C:\Program Files\Java\jdk1.8.0_91\jre\bin\server\jvm.dll
0x00007ff81c830000 - 0x00007ff81c853000 	C:\WINDOWS\system32\WINMM.dll
0x00007ff81ba50000 - 0x00007ff81ba7c000 	C:\WINDOWS\system32\WINMMBASE.dll
0x00007ff80d950000 - 0x00007ff80d959000 	C:\WINDOWS\SYSTEM32\WSOCK32.dll
0x00007ff81be20000 - 0x00007ff81be63000 	C:\WINDOWS\system32\cfgmgr32.dll
0x00007ff81ec20000 - 0x00007ff81ec28000 	C:\WINDOWS\system32\PSAPI.DLL
0x00007ff81cb40000 - 0x00007ff81cbab000 	C:\WINDOWS\system32\WS2_32.dll
0x000000005b570000 - 0x000000005b57f000 	C:\Program Files\Java\jdk1.8.0_91\jre\bin\verify.dll
0x000000005b540000 - 0x000000005b569000 	C:\Program Files\Java\jdk1.8.0_91\jre\bin\java.dll
0x000000005b520000 - 0x000000005b536000 	C:\Program Files\Java\jdk1.8.0_91\jre\bin\zip.dll
0x00007ff81d1a0000 - 0x00007ff81e6fc000 	C:\WINDOWS\system32\SHELL32.dll
0x00007ff81be70000 - 0x00007ff81c4b5000 	C:\WINDOWS\system32\windows.storage.dll
0x00007ff81d140000 - 0x00007ff81d192000 	C:\WINDOWS\system32\shlwapi.dll
0x00007ff81ba40000 - 0x00007ff81ba4f000 	C:\WINDOWS\system32\kernel.appcore.dll
0x00007ff81ba80000 - 0x00007ff81bb35000 	C:\WINDOWS\system32\shcore.dll
0x00007ff81bdd0000 - 0x00007ff81be1b000 	C:\WINDOWS\system32\powrprof.dll
0x00007ff81ba10000 - 0x00007ff81ba24000 	C:\WINDOWS\system32\profapi.dll

VM Arguments:
jvm_args: -Djava.awt.headless=true -Xmx1024M -Dfile.encoding=GBK -Duser.country=CN -Duser.language=zh -Duser.variant 
java_command: com.android.dx.command.Main --dex --force-jumbo --num-threads=4 --multi-dex --output D:\andriod_projects\smartHome\app\build\intermediates\transforms\dex\debug\folders\1000\10\com.android.support-appcompat-v7-23.3.0_08b6caf9083ef3333c1d2d027f917b3b9e753913 D:\andriod_projects\smartHome\app\build\intermediates\exploded-aar\com.android.support\appcompat-v7\23.3.0\jars\classes.jar
java_class_path (initial): D:\android\android_SDK\build-tools\23.0.3\lib\dx.jar
Launcher Type: SUN_STANDARD

Environment Variables:
JAVA_HOME=C:\Program Files (x86)\Java\jdk1.8.0_31
CLASSPATH=C:\Program Files (x86)\Java\jdk1.8.0_31\lib;C:\Program Files (x86)\Java\jdk1.8.0_31\lib\tools.jar;D:\andriod environment\adt-bundle-windows-x86-20131030\eclipse\plugins\org.apache.ant_1.8.3.v201301120609\lib;
PATH=C:\PROGRA~1\PTC\MKSTOO~1\bin64;C:\PROGRA~1\PTC\MKSTOO~1\bin;C:\PROGRA~1\PTC\MKSTOO~1\bin\X11;C:\PROGRA~1\PTC\MKSTOO~1\mksnt;C:\ProgramData\Oracle\Java\javapath;C:\Program Files (x86)\Intel\iCLS Client\;C:\Program Files\Intel\iCLS Client\;C:\Program Files (x86)\NVIDIA Corporation\PhysX\Common;C:\WINDOWS\system32;C:\WINDOWS;C:\WINDOWS\System32\Wbem;C:\WINDOWS\System32\WindowsPowerShell\v1.0\;C:\Program Files\Intel\Intel(R) Management Engine Components\DAL;C:\Program Files\Intel\Intel(R) Management Engine Components\IPT;C:\Program Files (x86)\Intel\Intel(R) Management Engine Components\DAL;C:\Program Files (x86)\Intel\Intel(R) Management Engine Components\IPT;C:\Program Files (x86)\Java\jdk1.8.0_31\bin;C:\Program Files (x86)\Java\jdk1.8.0_31\jre\bin;D:\andriod environment\adt-bundle-windows-x86-20131030\sdk\tools;D:\andriod environment\adt-bundle-windows-x86-20131030\sdk\platform-tools;D:\andriod environment\adt-bundle-windows-x86-20131030\eclipse\plugins\org.apache.ant_1.8.3.v201301120609\bin;C:\Program Files\nodejs\;D:\Git\cmd;D:\HMA! Pro VPN\bin
USERNAME=freedom
DISPLAY=:0.0
OS=Windows_NT
PROCESSOR_IDENTIFIER=Intel64 Family 6 Model 60 Stepping 3, GenuineIntel



---------------  S Y S T E M  ---------------

OS: Windows 10.0 , 64 bit Build 10586 (10.0.10586.0)

CPU:total 4 (2 cores per cpu, 2 threads per core) family 6 model 60 stepping 3, cmov, cx8, fxsr, mmx, sse, sse2, sse3, ssse3, sse4.1, sse4.2, popcnt, avx, avx2, aes, clmul, erms, lzcnt, ht, tsc, tscinvbit, bmi1, bmi2

Memory: 4k page, physical 4112564k(523200k free), swap 5685428k(5132k free)

vm_info: Java HotSpot(TM) 64-Bit Server VM (25.91-b14) for windows-amd64 JRE (1.8.0_91-b14), built on Apr  1 2016 00:58:32 by "java_re" with MS VC++ 10.0 (VS2010)

time: Sun Aug 21 15:30:30 2016
elapsed time: 1 seconds (0d 0h 0m 1s)

