#
# There is insufficient memory for the Java Runtime Environment to continue.
# Native memory allocation (malloc) failed to allocate 762096 bytes for Chunk::new
# Possible reasons:
#   The system is out of physical RAM or swap space
#   In 32 bit mode, the process size limit was hit
# Possible solutions:
#   Reduce memory load on the system
#   Increase physical memory or swap space
#   Check if swap backing store is full
#   Use 64 bit Java on a 64 bit OS
#   Decrease Java heap size (-Xmx/-Xms)
#   Decrease number of Java threads
#   Decrease Java thread stack sizes (-Xss)
#   Set larger code cache with -XX:ReservedCodeCacheSize=
# This output file may be truncated or incomplete.
#
#  Out of Memory Error (allocation.cpp:390), pid=4752, tid=4520
#
# JRE version: Java(TM) SE Runtime Environment (8.0_91-b14) (build 1.8.0_91-b14)
# Java VM: Java HotSpot(TM) 64-Bit Server VM (25.91-b14 mixed mode windows-amd64 compressed oops)
# Failed to write core dump. Minidumps are not enabled by default on client versions of Windows
#

---------------  T H R E A D  ---------------

Current thread (0x0000000014dbb000):  JavaThread "C2 CompilerThread0" daemon [_thread_in_native, id=4520, stack(0x00000000166c0000,0x00000000167c0000)]

Stack: [0x00000000166c0000,0x00000000167c0000]
[error occurred during error reporting (printing stack bounds), id 0xc0000005]

Native frames: (J=compiled Java code, j=interpreted, Vv=VM code, C=native code)


Current CompileTask:
C2:   7061 1300       4       com.android.dx.ssa.SCCP::simulateStmt (481 bytes)


---------------  P R O C E S S  ---------------

Java Threads: ( => current thread )
  0x0000000016413800 JavaThread "pool-2-thread-4" [_thread_blocked, id=8364, stack(0x0000000016fc0000,0x00000000170c0000)]
  0x000000001640f000 JavaThread "pool-2-thread-3" [_thread_blocked, id=5800, stack(0x0000000016ec0000,0x0000000016fc0000)]
  0x0000000016343800 JavaThread "pool-2-thread-2" [_thread_blocked, id=6256, stack(0x0000000016dc0000,0x0000000016ec0000)]
  0x0000000016342800 JavaThread "pool-3-thread-1" [_thread_blocked, id=4496, stack(0x0000000016cc0000,0x0000000016dc0000)]
  0x00000000163b6800 JavaThread "pool-2-thread-1" [_thread_blocked, id=7292, stack(0x0000000016bc0000,0x0000000016cc0000)]
  0x0000000016133800 JavaThread "Service Thread" daemon [_thread_blocked, id=5184, stack(0x00000000169c0000,0x0000000016ac0000)]
  0x0000000016125000 JavaThread "C1 CompilerThread2" daemon [_thread_blocked, id=6204, stack(0x00000000168c0000,0x00000000169c0000)]
  0x00000000160ca000 JavaThread "C2 CompilerThread1" daemon [_thread_in_native, id=9240, stack(0x00000000167c0000,0x00000000168c0000)]
=>0x0000000014dbb000 JavaThread "C2 CompilerThread0" daemon [_thread_in_native, id=4520, stack(0x00000000166c0000,0x00000000167c0000)]
  0x0000000014db8800 JavaThread "Attach Listener" daemon [_thread_blocked, id=6184, stack(0x00000000165c0000,0x00000000166c0000)]
  0x00000000160c8800 JavaThread "Signal Dispatcher" daemon [_thread_blocked, id=4008, stack(0x00000000164c0000,0x00000000165c0000)]
  0x0000000014d4a800 JavaThread "Finalizer" daemon [_thread_blocked, id=4940, stack(0x0000000015fc0000,0x00000000160c0000)]
  0x0000000014d29000 JavaThread "Reference Handler" daemon [_thread_blocked, id=9320, stack(0x0000000015ec0000,0x0000000015fc0000)]
  0x000000000238e000 JavaThread "main" [_thread_in_Java, id=2280, stack(0x0000000002490000,0x0000000002590000)]

Other Threads:
  0x0000000014d27800 VMThread [stack: 0x0000000015dc0000,0x0000000015ec0000] [id=6632]
  0x0000000016128000 WatcherThread [stack: 0x0000000016ac0000,0x0000000016bc0000] [id=1332]

VM state:not at safepoint (normal execution)

VM Mutex/Monitor currently owned by a thread: None

Heap:
 PSYoungGen      total 18944K, used 14315K [0x00000000eab00000, 0x00000000ec000000, 0x0000000100000000)
  eden space 16384K, 71% used [0x00000000eab00000,0x00000000eb67c200,0x00000000ebb00000)
  from space 2560K, 99% used [0x00000000ebd80000,0x00000000ebffeba8,0x00000000ec000000)
  to   space 2560K, 0% used [0x00000000ebb00000,0x00000000ebb00000,0x00000000ebd80000)
 ParOldGen       total 44032K, used 3620K [0x00000000c0000000, 0x00000000c2b00000, 0x00000000eab00000)
  object space 44032K, 8% used [0x00000000c0000000,0x00000000c03893a8,0x00000000c2b00000)
 Metaspace       used 6117K, capacity 6966K, committed 7040K, reserved 1056768K
  class space    used 607K, capacity 622K, committed 640K, reserved 1048576K

Card table byte_map: [0x0000000011a50000,0x0000000011c60000] byte_map_base: 0x0000000011450000

Marking Bits: (ParMarkBitMap*) 0x0000000068982f70
 Begin Bits: [0x00000000121c0000, 0x00000000131c0000)
 End Bits:   [0x00000000131c0000, 0x00000000141c0000)

Polling page: 0x0000000000430000

CodeCache: size=245760Kb used=5164Kb max_used=5176Kb free=240595Kb
 bounds [0x0000000002690000, 0x0000000002bb0000, 0x0000000011690000]
 total_blobs=1566 nmethods=1295 adapters=184
 compilation: enabled

Compilation events (10 events):
Event: 7.034 Thread 0x0000000016125000 1301       3       java.lang.Integer::valueOf (32 bytes)
Event: 7.035 Thread 0x0000000016125000 nmethod 1301 0x0000000002b94750 code [0x0000000002b948c0, 0x0000000002b94c10]
Event: 7.035 Thread 0x0000000016125000 1302       3       com.android.dx.ssa.ConstCollector::getConstsSortedByCountUse (386 bytes)
Event: 7.037 Thread 0x0000000014dbb000 nmethod 1296 0x0000000002b98050 code [0x0000000002b981e0, 0x0000000002b98848]
Event: 7.037 Thread 0x0000000014dbb000 1282       4       java.util.Collections$UnmodifiableCollection$1::next (10 bytes)
Event: 7.039 Thread 0x0000000016125000 nmethod 1302 0x0000000002b98f10 code [0x0000000002b99500, 0x0000000002b9d9e8]
Event: 7.039 Thread 0x0000000016125000 1303       3       com.android.dx.rop.cst.CstNat::equals (48 bytes)
Event: 7.039 Thread 0x0000000016125000 nmethod 1303 0x0000000002b97210 code [0x0000000002b973e0, 0x0000000002b97dd8]
Event: 7.040 Thread 0x0000000014dbb000 nmethod 1282 0x0000000002b955d0 code [0x0000000002b95720, 0x0000000002b95978]
Event: 7.040 Thread 0x0000000014dbb000 1300       4       com.android.dx.ssa.SCCP::simulateStmt (481 bytes)

GC Heap History (4 events):
Event: 6.407 GC heap before
{Heap before GC invocations=1 (full 0):
 PSYoungGen      total 18944K, used 16384K [0x00000000eab00000, 0x00000000ec000000, 0x0000000100000000)
  eden space 16384K, 100% used [0x00000000eab00000,0x00000000ebb00000,0x00000000ebb00000)
  from space 2560K, 0% used [0x00000000ebd80000,0x00000000ebd80000,0x00000000ec000000)
  to   space 2560K, 0% used [0x00000000ebb00000,0x00000000ebb00000,0x00000000ebd80000)
 ParOldGen       total 44032K, used 0K [0x00000000c0000000, 0x00000000c2b00000, 0x00000000eab00000)
  object space 44032K, 0% used [0x00000000c0000000,0x00000000c0000000,0x00000000c2b00000)
 Metaspace       used 5559K, capacity 6452K, committed 6528K, reserved 1056768K
  class space    used 602K, capacity 620K, committed 640K, reserved 1048576K
Event: 6.440 GC heap after
Heap after GC invocations=1 (full 0):
 PSYoungGen      total 18944K, used 2529K [0x00000000eab00000, 0x00000000ec000000, 0x0000000100000000)
  eden space 16384K, 0% used [0x00000000eab00000,0x00000000eab00000,0x00000000ebb00000)
  from space 2560K, 98% used [0x00000000ebb00000,0x00000000ebd78410,0x00000000ebd80000)
  to   space 2560K, 0% used [0x00000000ebd80000,0x00000000ebd80000,0x00000000ec000000)
 ParOldGen       total 44032K, used 1108K [0x00000000c0000000, 0x00000000c2b00000, 0x00000000eab00000)
  object space 44032K, 2% used [0x00000000c0000000,0x00000000c0115100,0x00000000c2b00000)
 Metaspace       used 5559K, capacity 6452K, committed 6528K, reserved 1056768K
  class space    used 602K, capacity 620K, committed 640K, reserved 1048576K
}
Event: 6.921 GC heap before
{Heap before GC invocations=2 (full 0):
 PSYoungGen      total 18944K, used 18913K [0x00000000eab00000, 0x00000000ec000000, 0x0000000100000000)
  eden space 16384K, 100% used [0x00000000eab00000,0x00000000ebb00000,0x00000000ebb00000)
  from space 2560K, 98% used [0x00000000ebb00000,0x00000000ebd78410,0x00000000ebd80000)
  to   space 2560K, 0% used [0x00000000ebd80000,0x00000000ebd80000,0x00000000ec000000)
 ParOldGen       total 44032K, used 1108K [0x00000000c0000000, 0x00000000c2b00000, 0x00000000eab00000)
  object space 44032K, 2% used [0x00000000c0000000,0x00000000c0115100,0x00000000c2b00000)
 Metaspace       used 6060K, capacity 6902K, committed 7040K, reserved 1056768K
  class space    used 607K, capacity 622K, committed 640K, reserved 1048576K
Event: 6.968 GC heap after
Heap after GC invocations=2 (full 0):
 PSYoungGen      total 18944K, used 2554K [0x00000000eab00000, 0x00000000ec000000, 0x0000000100000000)
  eden space 16384K, 0% used [0x00000000eab00000,0x00000000eab00000,0x00000000ebb00000)
  from space 2560K, 99% used [0x00000000ebd80000,0x00000000ebffeba8,0x00000000ec000000)
  to   space 2560K, 0% used [0x00000000ebb00000,0x00000000ebb00000,0x00000000ebd80000)
 ParOldGen       total 44032K, used 3620K [0x00000000c0000000, 0x00000000c2b00000, 0x00000000eab00000)
  object space 44032K, 8% used [0x00000000c0000000,0x00000000c03893a8,0x00000000c2b00000)
 Metaspace       used 6060K, capacity 6902K, committed 7040K, reserved 1056768K
  class space    used 607K, capacity 622K, committed 640K, reserved 1048576K
}

Deoptimization events (4 events):
Event: 5.163 Thread 0x000000000238e000 Uncommon trap: reason=unstable_if action=reinterpret pc=0x00000000027d8f54 method=java.lang.String.compareTo(Ljava/lang/String;)I @ 38
Event: 6.513 Thread 0x0000000016413800 Uncommon trap: reason=unstable_if action=reinterpret pc=0x00000000028bfff0 method=java.util.BitSet.nextSetBit(I)I @ 87
Event: 6.701 Thread 0x00000000163b6800 Uncommon trap: reason=null_check action=make_not_entrant pc=0x00000000029e60d4 method=com.android.dx.ssa.SsaRenamer.getLocalForNewReg(I)Lcom/android/dx/rop/code/LocalItem; @ 19
Event: 6.755 Thread 0x0000000016343800 Uncommon trap: reason=unstable_if action=reinterpret pc=0x0000000002a0bd44 method=com.android.dx.rop.code.RegisterSpec.equals(ILcom/android/dx/rop/type/TypeBearer;Lcom/android/dx/rop/code/LocalItem;)Z @ 42

Internal exceptions (3 events):
Event: 2.347 Thread 0x000000000238e000 Exception <a 'java/lang/NoSuchMethodError': Method sun.misc.Unsafe.defineClass(Ljava/lang/String;[BII)Ljava/lang/Class; name or signature does not match> (0x00000000eab07cc0) thrown at [C:\re\workspace\8-2-build-windows-amd64-cygwin\jdk8u91\6644\hotspot\sr2ç6ÙÜ∆@
Event: 2.347 Thread 0x000000000238e000 Exception <a 'java/lang/NoSuchMethodError': Method sun.misc.Unsafe.prefetchRead(Ljava/lang/Object;J)V name or signature does not match> (0x00000000eab07fa8) thrown at [C:\re\workspace\8-2-build-windows-amd64-cygwin\jdk8u91\6644\hotspot\src\share\vm\prims\j9pk%}Õ@
Event: 6.701 Thread 0x00000000163b6800 Implicit null exception at 0x00000000029e43aa to 0x00000000029e60ad

Events (10 events):
Event: 6.701 Thread 0x00000000163b6800 Uncommon trap: trap_request=0xfffffff4 fr.pc=0x00000000029e60d4
Event: 6.701 Thread 0x00000000163b6800 DEOPT PACKING pc=0x00000000029e60d4 sp=0x0000000016cbeaf0
Event: 6.701 Thread 0x00000000163b6800 DEOPT UNPACKING pc=0x00000000026d582a sp=0x0000000016cbe998 mode 2
Event: 6.736 loading class java/util/DualPivotQuicksort
Event: 6.737 loading class java/util/DualPivotQuicksort done
Event: 6.755 Thread 0x0000000016343800 Uncommon trap: trap_request=0xffffff65 fr.pc=0x0000000002a0bd44
Event: 6.755 Thread 0x0000000016343800 DEOPT PACKING pc=0x0000000002a0bd44 sp=0x0000000016ebe790
Event: 6.755 Thread 0x0000000016343800 DEOPT UNPACKING pc=0x00000000026d582a sp=0x0000000016ebe718 mode 2
Event: 6.907 Executing VM operation: ParallelGCFailedAllocation
Event: 6.968 Executing VM operation: ParallelGCFailedAllocation done


Dynamic libraries:
0x00007ff7e2c00000 - 0x00007ff7e2c37000 	C:\Program Files\Java\jdk1.8.0_91\bin\java.exe
0x00007ff9fd7d0000 - 0x00007ff9fd991000 	C:\WINDOWS\SYSTEM32\ntdll.dll
0x00007ff9fd010000 - 0x00007ff9fd0bd000 	C:\WINDOWS\system32\KERNEL32.DLL
0x00007ff9f9c40000 - 0x00007ff9f9e28000 	C:\WINDOWS\system32\KERNELBASE.dll
0x00007ff9fb740000 - 0x00007ff9fb7e7000 	C:\WINDOWS\system32\ADVAPI32.dll
0x00007ff9fb6a0000 - 0x00007ff9fb73d000 	C:\WINDOWS\system32\msvcrt.dll
0x00007ff9fad50000 - 0x00007ff9fadab000 	C:\WINDOWS\system32\sechost.dll
0x00007ff9fce60000 - 0x00007ff9fcf7c000 	C:\WINDOWS\system32\RPCRT4.dll
0x00007ff9fd0c0000 - 0x00007ff9fd216000 	C:\WINDOWS\system32\USER32.dll
0x00007ff9fabc0000 - 0x00007ff9fad46000 	C:\WINDOWS\system32\GDI32.dll
0x00007ff9ed0e0000 - 0x00007ff9ed354000 	C:\WINDOWS\WinSxS\amd64_microsoft.windows.common-controls_6595b64144ccf1df_6.0.10586.0_none_8c15ae12515e1c22\COMCTL32.dll
0x00007ff9faff0000 - 0x00007ff9fb26d000 	C:\WINDOWS\system32\combase.dll
0x00007ff9fa780000 - 0x00007ff9fa7ea000 	C:\WINDOWS\system32\bcryptPrimitives.dll
0x00007ff9fd510000 - 0x00007ff9fd54b000 	C:\WINDOWS\system32\IMM32.DLL
0x00007ff9e7ec0000 - 0x00007ff9e7ef1000 	C:\Windows\system32\nvinitx.dll
0x00007ff9f8840000 - 0x00007ff9f884a000 	C:\WINDOWS\SYSTEM32\VERSION.dll
0x0000000067ef0000 - 0x0000000067fc2000 	C:\Program Files\Java\jdk1.8.0_91\jre\bin\msvcr100.dll
0x0000000068170000 - 0x0000000068a03000 	C:\Program Files\Java\jdk1.8.0_91\jre\bin\server\jvm.dll
0x00007ff9fa480000 - 0x00007ff9fa4a3000 	C:\WINDOWS\system32\WINMM.dll
0x00007ff9f2b20000 - 0x00007ff9f2b29000 	C:\WINDOWS\SYSTEM32\WSOCK32.dll
0x00007ff9fd6b0000 - 0x00007ff9fd71b000 	C:\WINDOWS\system32\WS2_32.dll
0x00007ff9f9c00000 - 0x00007ff9f9c2c000 	C:\WINDOWS\system32\WINMMBASE.dll
0x00007ff9fa4b0000 - 0x00007ff9fa4f3000 	C:\WINDOWS\system32\cfgmgr32.dll
0x00007ff9fcf80000 - 0x00007ff9fcf88000 	C:\WINDOWS\system32\PSAPI.DLL
0x0000000069ac0000 - 0x0000000069acf000 	C:\Program Files\Java\jdk1.8.0_91\jre\bin\verify.dll
0x0000000069a90000 - 0x0000000069ab9000 	C:\Program Files\Java\jdk1.8.0_91\jre\bin\java.dll
0x0000000069a70000 - 0x0000000069a86000 	C:\Program Files\Java\jdk1.8.0_91\jre\bin\zip.dll
0x00007ff9fb800000 - 0x00007ff9fcd5c000 	C:\WINDOWS\system32\SHELL32.dll
0x00007ff9f9e30000 - 0x00007ff9fa475000 	C:\WINDOWS\system32\windows.storage.dll
0x00007ff9fcfb0000 - 0x00007ff9fd002000 	C:\WINDOWS\system32\shlwapi.dll
0x00007ff9f9bc0000 - 0x00007ff9f9bcf000 	C:\WINDOWS\system32\kernel.appcore.dll
0x00007ff9fa8f0000 - 0x00007ff9fa9a5000 	C:\WINDOWS\system32\shcore.dll
0x00007ff9fa8a0000 - 0x00007ff9fa8eb000 	C:\WINDOWS\system32\powrprof.dll
0x00007ff9f9bd0000 - 0x00007ff9f9be4000 	C:\WINDOWS\system32\profapi.dll

VM Arguments:
jvm_args: -Djava.awt.headless=true -Xmx1024M -Dfile.encoding=GBK -Duser.country=CN -Duser.language=zh -Duser.variant 
java_command: com.android.dx.command.Main --dex --force-jumbo --num-threads=4 --multi-dex --output D:\andriod_projects\Smart_home\app\build\intermediates\transforms\dex\debug\folders\1000\10\com.android.support-appcompat-v7-23.3.0_625a1f190c95b9d65f48411a6722c68c952833b6 D:\andriod_projects\Smart_home\app\build\intermediates\exploded-aar\com.android.support\appcompat-v7\23.3.0\jars\classes.jar
java_class_path (initial): D:\android\android_SDK\build-tools\23.0.3\lib\dx.jar
Launcher Type: SUN_STANDARD

Environment Variables:
JAVA_HOME=C:\Program Files (x86)\Java\jdk1.8.0_31
CLASSPATH=C:\Program Files (x86)\Java\jdk1.8.0_31\lib;C:\Program Files (x86)\Java\jdk1.8.0_31\lib\tools.jar;D:\andriod environment\adt-bundle-windows-x86-20131030\eclipse\plugins\org.apache.ant_1.8.3.v201301120609\lib;
PATH=C:\PROGRA~1\PTC\MKSTOO~1\bin64;C:\PROGRA~1\PTC\MKSTOO~1\bin;C:\PROGRA~1\PTC\MKSTOO~1\bin\X11;C:\PROGRA~1\PTC\MKSTOO~1\mksnt;C:\ProgramData\Oracle\Java\javapath;C:\Program Files (x86)\Intel\iCLS Client\;C:\Program Files\Intel\iCLS Client\;C:\Program Files (x86)\NVIDIA Corporation\PhysX\Common;C:\WINDOWS\system32;C:\WINDOWS;C:\WINDOWS\System32\Wbem;C:\WINDOWS\System32\WindowsPowerShell\v1.0\;C:\Program Files\Intel\Intel(R) Management Engine Components\DAL;C:\Program Files\Intel\Intel(R) Management Engine Components\IPT;C:\Program Files (x86)\Intel\Intel(R) Management Engine Components\DAL;C:\Program Files (x86)\Intel\Intel(R) Management Engine Components\IPT;C:\Program Files (x86)\Java\jdk1.8.0_31\bin;C:\Program Files (x86)\Java\jdk1.8.0_31\jre\bin;D:\andriod environment\adt-bundle-windows-x86-20131030\sdk\tools;D:\andriod environment\adt-bundle-windows-x86-20131030\sdk\platform-tools;D:\andriod environment\adt-bundle-windows-x86-20131030\eclipse\plugins\org.apache.ant_1.8.3.v201301120609\bin;C:\Program Files\nodejs\;D:\HMA! Pro VPN\bin
USERNAME=zhiwu_000
DISPLAY=:0.0
OS=Windows_NT
PROCESSOR_IDENTIFIER=Intel64 Family 6 Model 60 Stepping 3, GenuineIntel



---------------  S Y S T E M  ---------------

OS: Windows 10.0 , 64 bit Build 10586 (10.0.10586.0)

CPU:total 4 (2 cores per cpu, 2 threads per core) family 6 model 60 stepping 3, cmov, cx8, fxsr, mmx, sse, sse2, sse3, ssse3, sse4.1, sse4.2, popcnt, avx, avx2, aes, clmul, erms, lzcnt, ht, tsc, tscinvbit, bmi1, bmi2

Memory: 4k page, physical 4112564k(499704k free), swap 5685428k(5136k free)

vm_info: Java HotSpot(TM) 64-Bit Server VM (25.91-b14) for windows-amd64 JRE (1.8.0_91-b14), built on Apr  1 2016 00:58:32 by "java_re" with MS VC++ 10.0 (VS2010)

time: Mon Jun 13 22:38:09 2016
elapsed time: 7 seconds (0d 0h 0m 7s)

