#
# There is insufficient memory for the Java Runtime Environment to continue.
# Native memory allocation (malloc) failed to allocate 399856 bytes for Chunk::new
# Possible reasons:
#   The system is out of physical RAM or swap space
#   In 32 bit mode, the process size limit was hit
# Possible solutions:
#   Reduce memory load on the system
#   Increase physical memory or swap space
#   Check if swap backing store is full
#   Use 64 bit Java on a 64 bit OS
#   Decrease Java heap size (-Xmx/-Xms)
#   Decrease number of Java threads
#   Decrease Java thread stack sizes (-Xss)
#   Set larger code cache with -XX:ReservedCodeCacheSize=
# This output file may be truncated or incomplete.
#
#  Out of Memory Error (allocation.cpp:390), pid=10880, tid=8304
#
# JRE version: Java(TM) SE Runtime Environment (8.0_91-b14) (build 1.8.0_91-b14)
# Java VM: Java HotSpot(TM) 64-Bit Server VM (25.91-b14 mixed mode windows-amd64 compressed oops)
# Failed to write core dump. Minidumps are not enabled by default on client versions of Windows
#

---------------  T H R E A D  ---------------

Current thread (0x0000000014efb800):  JavaThread "C2 CompilerThread0" daemon [_thread_in_native, id=8304, stack(0x0000000016800000,0x0000000016900000)]

Stack: [0x0000000016800000,0x0000000016900000]
[error occurred during error reporting (printing stack bounds), id 0xc0000005]

Native frames: (J=compiled Java code, j=interpreted, Vv=VM code, C=native code)


Current CompileTask:
C2:   6512 1793   !   4       com.android.dx.cf.cst.ConstantPoolParser::parse0 (731 bytes)


---------------  P R O C E S S  ---------------

Java Threads: ( => current thread )
  0x00000000164ed800 JavaThread "pool-1-thread-4" [_thread_blocked, id=8296, stack(0x0000000017100000,0x0000000017200000)]
  0x00000000164eb800 JavaThread "pool-1-thread-3" [_thread_blocked, id=7760, stack(0x0000000017000000,0x0000000017100000)]
  0x00000000164ef000 JavaThread "pool-1-thread-2" [_thread_blocked, id=6944, stack(0x0000000016f00000,0x0000000017000000)]
  0x00000000164ca800 JavaThread "pool-2-thread-1" [_thread_blocked, id=8848, stack(0x0000000016e00000,0x0000000016f00000)]
  0x00000000164bf800 JavaThread "pool-1-thread-1" [_thread_blocked, id=8100, stack(0x0000000016d00000,0x0000000016e00000)]
  0x0000000016272000 JavaThread "Service Thread" daemon [_thread_blocked, id=6436, stack(0x0000000016b00000,0x0000000016c00000)]
  0x0000000016260000 JavaThread "C1 CompilerThread2" daemon [_thread_blocked, id=12072, stack(0x0000000016a00000,0x0000000016b00000)]
  0x0000000014efd800 JavaThread "C2 CompilerThread1" daemon [_thread_blocked, id=11912, stack(0x0000000016900000,0x0000000016a00000)]
=>0x0000000014efb800 JavaThread "C2 CompilerThread0" daemon [_thread_in_native, id=8304, stack(0x0000000016800000,0x0000000016900000)]
  0x0000000014ef9000 JavaThread "Attach Listener" daemon [_thread_blocked, id=5352, stack(0x0000000016700000,0x0000000016800000)]
  0x0000000014eaf000 JavaThread "Signal Dispatcher" daemon [_thread_blocked, id=11624, stack(0x0000000016600000,0x0000000016700000)]
  0x00000000027ca800 JavaThread "Finalizer" daemon [_thread_blocked, id=10688, stack(0x0000000016100000,0x0000000016200000)]
  0x00000000027c0000 JavaThread "Reference Handler" daemon [_thread_blocked, id=8480, stack(0x0000000016000000,0x0000000016100000)]
  0x000000000096e800 JavaThread "main" [_thread_blocked, id=10560, stack(0x00000000021b0000,0x00000000022b0000)]

Other Threads:
  0x0000000014e67800 VMThread [stack: 0x0000000015f00000,0x0000000016000000] [id=7316]
  0x000000001627c000 WatcherThread [stack: 0x0000000016c00000,0x0000000016d00000] [id=6960]

VM state:at safepoint (normal execution)

VM Mutex/Monitor currently owned by a thread:  ([mutex/lock_event])
[0x000000000096d560] Threads_lock - owner thread: 0x0000000014e67800
[0x000000000096d8e0] Heap_lock - owner thread: 0x00000000164ed800

Heap:
 PSYoungGen      total 68096K, used 68073K [0x00000000eab00000, 0x00000000ef000000, 0x0000000100000000)
  eden space 65536K, 100% used [0x00000000eab00000,0x00000000eeb00000,0x00000000eeb00000)
  from space 2560K, 99% used [0x00000000eed80000,0x00000000eeffa6f0,0x00000000ef000000)
  to   space 2560K, 99% used [0x00000000eeb00000,0x00000000eed7a6f0,0x00000000eed80000)
 ParOldGen       total 44032K, used 24301K [0x00000000c0000000, 0x00000000c2b00000, 0x00000000eab00000)
  object space 44032K, 55% used [0x00000000c0000000,0x00000000c17bb7b0,0x00000000c2b00000)
 Metaspace       used 6341K, capacity 7158K, committed 7296K, reserved 1056768K
  class space    used 609K, capacity 622K, committed 640K, reserved 1048576K

Card table byte_map: [0x0000000011b90000,0x0000000011da0000] byte_map_base: 0x0000000011590000

Marking Bits: (ParMarkBitMap*) 0x0000000076812f70
 Begin Bits: [0x0000000012300000, 0x0000000013300000)
 End Bits:   [0x0000000013300000, 0x0000000014300000)

Polling page: 0x0000000000930000

CodeCache: size=245760Kb used=7582Kb max_used=7582Kb free=238177Kb
 bounds [0x00000000027d0000, 0x0000000002f40000, 0x00000000117d0000]
 total_blobs=2046 nmethods=1775 adapters=184
 compilation: enabled

Compilation events (10 events):
Event: 6.116 Thread 0x0000000016260000 1860       2       java.lang.Boolean::valueOf (14 bytes)
Event: 6.116 Thread 0x0000000016260000 nmethod 1860 0x0000000002f3d1d0 code [0x0000000002f3d320, 0x0000000002f3d470]
Event: 6.116 Thread 0x0000000016260000 1863       1       java.util.concurrent.locks.AbstractOwnableSynchronizer::setExclusiveOwnerThread (6 bytes)
Event: 6.116 Thread 0x0000000016260000 nmethod 1863 0x0000000002f3d4d0 code [0x0000000002f3d620, 0x0000000002f3d750]
Event: 6.116 Thread 0x0000000016260000 1861       2       com.android.dx.command.dexer.Main::access$1400 (4 bytes)
Event: 6.116 Thread 0x0000000016260000 nmethod 1861 0x0000000002f3d790 code [0x0000000002f3d8e0, 0x0000000002f3da10]
Event: 6.116 Thread 0x0000000016260000 1862       2       java.util.concurrent.ThreadPoolExecutor$Worker::unlock (7 bytes)
Event: 6.116 Thread 0x0000000016260000 nmethod 1862 0x0000000002f3da90 code [0x0000000002f3dc00, 0x0000000002f3ddc8]
Event: 6.116 Thread 0x0000000016260000 1864       1       com.android.dx.dex.file.ClassDefItem::getThisClass (5 bytes)
Event: 6.117 Thread 0x0000000016260000 nmethod 1864 0x0000000002f3de90 code [0x0000000002f3dfe0, 0x0000000002f3e0f0]

GC Heap History (9 events):
Event: 0.451 GC heap before
{Heap before GC invocations=1 (full 0):
 PSYoungGen      total 18944K, used 16384K [0x00000000eab00000, 0x00000000ec000000, 0x0000000100000000)
  eden space 16384K, 100% used [0x00000000eab00000,0x00000000ebb00000,0x00000000ebb00000)
  from space 2560K, 0% used [0x00000000ebd80000,0x00000000ebd80000,0x00000000ec000000)
  to   space 2560K, 0% used [0x00000000ebb00000,0x00000000ebb00000,0x00000000ebd80000)
 ParOldGen       total 44032K, used 0K [0x00000000c0000000, 0x00000000c2b00000, 0x00000000eab00000)
  object space 44032K, 0% used [0x00000000c0000000,0x00000000c0000000,0x00000000c2b00000)
 Metaspace       used 3980K, capacity 5040K, committed 5120K, reserved 1056768K
  class space    used 445K, capacity 488K, committed 512K, reserved 1048576K
Event: 0.458 GC heap after
Heap after GC invocations=1 (full 0):
 PSYoungGen      total 18944K, used 1661K [0x00000000eab00000, 0x00000000ed000000, 0x0000000100000000)
  eden space 16384K, 0% used [0x00000000eab00000,0x00000000eab00000,0x00000000ebb00000)
  from space 2560K, 64% used [0x00000000ebb00000,0x00000000ebc9f5b8,0x00000000ebd80000)
  to   space 2560K, 0% used [0x00000000ecd80000,0x00000000ecd80000,0x00000000ed000000)
 ParOldGen       total 44032K, used 8K [0x00000000c0000000, 0x00000000c2b00000, 0x00000000eab00000)
  object space 44032K, 0% used [0x00000000c0000000,0x00000000c0002000,0x00000000c2b00000)
 Metaspace       used 3980K, capacity 5040K, committed 5120K, reserved 1056768K
  class space    used 445K, capacity 488K, committed 512K, reserved 1048576K
}
Event: 1.367 GC heap before
{Heap before GC invocations=2 (full 0):
 PSYoungGen      total 18944K, used 18045K [0x00000000eab00000, 0x00000000ed000000, 0x0000000100000000)
  eden space 16384K, 100% used [0x00000000eab00000,0x00000000ebb00000,0x00000000ebb00000)
  from space 2560K, 64% used [0x00000000ebb00000,0x00000000ebc9f5b8,0x00000000ebd80000)
  to   space 2560K, 0% used [0x00000000ecd80000,0x00000000ecd80000,0x00000000ed000000)
 ParOldGen       total 44032K, used 8K [0x00000000c0000000, 0x00000000c2b00000, 0x00000000eab00000)
  object space 44032K, 0% used [0x00000000c0000000,0x00000000c0002000,0x00000000c2b00000)
 Metaspace       used 5947K, capacity 6836K, committed 7040K, reserved 1056768K
  class space    used 606K, capacity 620K, committed 640K, reserved 1048576K
Event: 1.542 GC heap after
Heap after GC invocations=2 (full 0):
 PSYoungGen      total 35328K, used 2538K [0x00000000eab00000, 0x00000000ed000000, 0x0000000100000000)
  eden space 32768K, 0% used [0x00000000eab00000,0x00000000eab00000,0x00000000ecb00000)
  from space 2560K, 99% used [0x00000000ecd80000,0x00000000ecffa990,0x00000000ed000000)
  to   space 2560K, 0% used [0x00000000ecb00000,0x00000000ecb00000,0x00000000ecd80000)
 ParOldGen       total 44032K, used 3092K [0x00000000c0000000, 0x00000000c2b00000, 0x00000000eab00000)
  object space 44032K, 7% used [0x00000000c0000000,0x00000000c0305108,0x00000000c2b00000)
 Metaspace       used 5947K, capacity 6836K, committed 7040K, reserved 1056768K
  class space    used 606K, capacity 620K, committed 640K, reserved 1048576K
}
Event: 2.242 GC heap before
{Heap before GC invocations=3 (full 0):
 PSYoungGen      total 35328K, used 35306K [0x00000000eab00000, 0x00000000ed000000, 0x0000000100000000)
  eden space 32768K, 100% used [0x00000000eab00000,0x00000000ecb00000,0x00000000ecb00000)
  from space 2560K, 99% used [0x00000000ecd80000,0x00000000ecffa990,0x00000000ed000000)
  to   space 2560K, 0% used [0x00000000ecb00000,0x00000000ecb00000,0x00000000ecd80000)
 ParOldGen       total 44032K, used 3092K [0x00000000c0000000, 0x00000000c2b00000, 0x00000000eab00000)
  object space 44032K, 7% used [0x00000000c0000000,0x00000000c0305108,0x00000000c2b00000)
 Metaspace       used 6180K, capacity 7030K, committed 7296K, reserved 1056768K
  class space    used 608K, capacity 622K, committed 640K, reserved 1048576K
Event: 2.489 GC heap after
Heap after GC invocations=3 (full 0):
 PSYoungGen      total 35328K, used 2553K [0x00000000eab00000, 0x00000000ef000000, 0x0000000100000000)
  eden space 32768K, 0% used [0x00000000eab00000,0x00000000eab00000,0x00000000ecb00000)
  from space 2560K, 99% used [0x00000000ecb00000,0x00000000ecd7e6e0,0x00000000ecd80000)
  to   space 2560K, 0% used [0x00000000eed80000,0x00000000eed80000,0x00000000ef000000)
 ParOldGen       total 44032K, used 8258K [0x00000000c0000000, 0x00000000c2b00000, 0x00000000eab00000)
  object space 44032K, 18% used [0x00000000c0000000,0x00000000c0810878,0x00000000c2b00000)
 Metaspace       used 6180K, capacity 7030K, committed 7296K, reserved 1056768K
  class space    used 608K, capacity 622K, committed 640K, reserved 1048576K
}
Event: 3.695 GC heap before
{Heap before GC invocations=4 (full 0):
 PSYoungGen      total 35328K, used 35321K [0x00000000eab00000, 0x00000000ef000000, 0x0000000100000000)
  eden space 32768K, 100% used [0x00000000eab00000,0x00000000ecb00000,0x00000000ecb00000)
  from space 2560K, 99% used [0x00000000ecb00000,0x00000000ecd7e6e0,0x00000000ecd80000)
  to   space 2560K, 0% used [0x00000000eed80000,0x00000000eed80000,0x00000000ef000000)
 ParOldGen       total 44032K, used 8258K [0x00000000c0000000, 0x00000000c2b00000, 0x00000000eab00000)
  object space 44032K, 18% used [0x00000000c0000000,0x00000000c0810878,0x00000000c2b00000)
 Metaspace       used 6271K, capacity 7094K, committed 7296K, reserved 1056768K
  class space    used 609K, capacity 622K, committed 640K, reserved 1048576K
Event: 3.796 GC heap after
Heap after GC invocations=4 (full 0):
 PSYoungGen      total 68096K, used 2537K [0x00000000eab00000, 0x00000000ef000000, 0x0000000100000000)
  eden space 65536K, 0% used [0x00000000eab00000,0x00000000eab00000,0x00000000eeb00000)
  from space 2560K, 99% used [0x00000000eed80000,0x00000000eeffa6f0,0x00000000ef000000)
  to   space 2560K, 0% used [0x00000000eeb00000,0x00000000eeb00000,0x00000000eed80000)
 ParOldGen       total 44032K, used 13321K [0x00000000c0000000, 0x00000000c2b00000, 0x00000000eab00000)
  object space 44032K, 30% used [0x00000000c0000000,0x00000000c0d02668,0x00000000c2b00000)
 Metaspace       used 6271K, capacity 7094K, committed 7296K, reserved 1056768K
  class space    used 609K, capacity 622K, committed 640K, reserved 1048576K
}
Event: 6.124 GC heap before
{Heap before GC invocations=5 (full 0):
 PSYoungGen      total 68096K, used 68073K [0x00000000eab00000, 0x00000000ef000000, 0x0000000100000000)
  eden space 65536K, 100% used [0x00000000eab00000,0x00000000eeb00000,0x00000000eeb00000)
  from space 2560K, 99% used [0x00000000eed80000,0x00000000eeffa6f0,0x00000000ef000000)
  to   space 2560K, 0% used [0x00000000eeb00000,0x00000000eeb00000,0x00000000eed80000)
 ParOldGen       total 44032K, used 13321K [0x00000000c0000000, 0x00000000c2b00000, 0x00000000eab00000)
  object space 44032K, 30% used [0x00000000c0000000,0x00000000c0d02668,0x00000000c2b00000)
 Metaspace       used 6341K, capacity 7158K, committed 7296K, reserved 1056768K
  class space    used 609K, capacity 622K, committed 640K, reserved 1048576K

Deoptimization events (10 events):
Event: 2.540 Thread 0x000000000096e800 Uncommon trap: reason=class_check action=maybe_recompile pc=0x0000000002afc768 method=com.android.dx.rop.type.Type.equals(Ljava/lang/Object;)Z @ 8
Event: 2.547 Thread 0x00000000164eb800 Uncommon trap: reason=unstable_if action=reinterpret pc=0x0000000002cc32cc method=com.android.dx.rop.code.RegisterSpec.equals(ILcom/android/dx/rop/type/TypeBearer;Lcom/android/dx/rop/code/LocalItem;)Z @ 42
Event: 2.561 Thread 0x00000000164eb800 Uncommon trap: reason=class_check action=maybe_recompile pc=0x0000000002be7b04 method=java.util.HashMap.putVal(ILjava/lang/Object;Ljava/lang/Object;ZZ)Ljava/lang/Object; @ 203
Event: 2.561 Thread 0x00000000164eb800 Uncommon trap: reason=class_check action=maybe_recompile pc=0x0000000002be7b04 method=java.util.HashMap.putVal(ILjava/lang/Object;Ljava/lang/Object;ZZ)Ljava/lang/Object; @ 203
Event: 2.561 Thread 0x00000000164eb800 Uncommon trap: reason=class_check action=maybe_recompile pc=0x0000000002c80b3c method=java.util.HashMap.putVal(ILjava/lang/Object;Ljava/lang/Object;ZZ)Ljava/lang/Object; @ 203
Event: 4.363 Thread 0x00000000164ed800 Uncommon trap: reason=bimorphic action=maybe_recompile pc=0x0000000002de03ac method=com.android.dx.cf.code.BytecodeArray.parseInstruction(ILcom/android/dx/cf/code/BytecodeArray$Visitor;)I @ 1501
Event: 5.461 Thread 0x00000000164ed800 Uncommon trap: reason=bimorphic action=maybe_recompile pc=0x0000000002de03ac method=com.android.dx.cf.code.BytecodeArray.parseInstruction(ILcom/android/dx/cf/code/BytecodeArray$Visitor;)I @ 1501
Event: 5.888 Thread 0x00000000164eb800 Uncommon trap: reason=null_check action=make_not_entrant pc=0x0000000002ee22c0 method=com.android.dx.cf.code.Ropper$CatchInfo.getSetup(Lcom/android/dx/rop/type/Type;)Lcom/android/dx/cf/code/Ropper$ExceptionHandlerSetup; @ 10
Event: 5.908 Thread 0x00000000164bf800 Uncommon trap: reason=bimorphic action=maybe_recompile pc=0x0000000002de130c method=com.android.dx.cf.code.BytecodeArray.parseInstruction(ILcom/android/dx/cf/code/BytecodeArray$Visitor;)I @ 1130
Event: 5.908 Thread 0x00000000164bf800 Uncommon trap: reason=bimorphic action=maybe_recompile pc=0x0000000002de130c method=com.android.dx.cf.code.BytecodeArray.parseInstruction(ILcom/android/dx/cf/code/BytecodeArray$Visitor;)I @ 1130

Internal exceptions (3 events):
Event: 0.038 Thread 0x000000000096e800 Exception <a 'java/lang/NoSuchMethodError': Method sun.misc.Unsafe.defineClass(Ljava/lang/String;[BII)Ljava/lang/Class; name or signature does not match> (0x00000000eab07cc0) thrown at [C:\re\workspace\8-2-build-windows-amd64-cygwin\jdk8u91\6644\hotspot\sráª§ö£?
Event: 0.038 Thread 0x000000000096e800 Exception <a 'java/lang/NoSuchMethodError': Method sun.misc.Unsafe.prefetchRead(Ljava/lang/Object;J)V name or signature does not match> (0x00000000eab07fa8) thrown at [C:\re\workspace\8-2-build-windows-amd64-cygwin\jdk8u91\6644\hotspot\src\share\vm\prims\jybRŒEç@
Event: 5.888 Thread 0x00000000164eb800 Implicit null exception at 0x0000000002eddac4 to 0x0000000002ee2279

Events (10 events):
Event: 5.888 Thread 0x00000000164eb800 Uncommon trap: trap_request=0xfffffff4 fr.pc=0x0000000002ee22c0
Event: 5.888 Thread 0x00000000164eb800 DEOPT PACKING pc=0x0000000002ee22c0 sp=0x00000000170fed90
Event: 5.888 Thread 0x00000000164eb800 DEOPT UNPACKING pc=0x000000000281582a sp=0x00000000170fed08 mode 2
Event: 5.908 Thread 0x00000000164bf800 Uncommon trap: trap_request=0xffffffc6 fr.pc=0x0000000002de130c
Event: 5.908 Thread 0x00000000164bf800 DEOPT PACKING pc=0x0000000002de130c sp=0x0000000016dfe370
Event: 5.908 Thread 0x00000000164bf800 DEOPT UNPACKING pc=0x000000000281582a sp=0x0000000016dfe2f8 mode 2
Event: 5.908 Thread 0x00000000164bf800 Uncommon trap: trap_request=0xffffffc6 fr.pc=0x0000000002de130c
Event: 5.908 Thread 0x00000000164bf800 DEOPT PACKING pc=0x0000000002de130c sp=0x0000000016dfe210
Event: 5.908 Thread 0x00000000164bf800 DEOPT UNPACKING pc=0x000000000281582a sp=0x0000000016dfe198 mode 2
Event: 6.124 Executing VM operation: ParallelGCFailedAllocation


Dynamic libraries:
0x00007ff7ee720000 - 0x00007ff7ee757000 	C:\Program Files\Java\jdk1.8.0_91\bin\java.exe
0x00007fff41bf0000 - 0x00007fff41dc1000 	C:\WINDOWS\SYSTEM32\ntdll.dll
0x00007fff3f310000 - 0x00007fff3f3bb000 	C:\WINDOWS\System32\KERNEL32.DLL
0x00007fff3e220000 - 0x00007fff3e43d000 	C:\WINDOWS\System32\KERNELBASE.dll
0x00007fff3f480000 - 0x00007fff3f522000 	C:\WINDOWS\System32\ADVAPI32.dll
0x00007fff3ffb0000 - 0x00007fff4004e000 	C:\WINDOWS\System32\msvcrt.dll
0x00007fff3f250000 - 0x00007fff3f2a9000 	C:\WINDOWS\System32\sechost.dll
0x00007fff3efc0000 - 0x00007fff3f0e1000 	C:\WINDOWS\System32\RPCRT4.dll
0x00007fff3fc10000 - 0x00007fff3fd75000 	C:\WINDOWS\System32\USER32.dll
0x00007fff3e0f0000 - 0x00007fff3e10e000 	C:\WINDOWS\System32\win32u.dll
0x00007fff3fa90000 - 0x00007fff3fac4000 	C:\WINDOWS\System32\GDI32.dll
0x00007fff3e440000 - 0x00007fff3e5c2000 	C:\WINDOWS\System32\gdi32full.dll
0x00007fff336a0000 - 0x00007fff33919000 	C:\WINDOWS\WinSxS\amd64_microsoft.windows.common-controls_6595b64144ccf1df_6.0.14393.0_none_2d0f50fcbdb171b8\COMCTL32.dll
0x00007fff3f7a0000 - 0x00007fff3fa67000 	C:\WINDOWS\System32\combase.dll
0x00007fff3e7d0000 - 0x00007fff3e8c5000 	C:\WINDOWS\System32\ucrtbase.dll
0x00007fff3df90000 - 0x00007fff3dffa000 	C:\WINDOWS\System32\bcryptPrimitives.dll
0x00007fff3fd80000 - 0x00007fff3fdae000 	C:\WINDOWS\System32\IMM32.DLL
0x0000000075b90000 - 0x0000000075c62000 	C:\Program Files\Java\jdk1.8.0_91\jre\bin\msvcr100.dll
0x0000000076000000 - 0x0000000076893000 	C:\Program Files\Java\jdk1.8.0_91\jre\bin\server\jvm.dll
0x00007fff3e7a0000 - 0x00007fff3e7c3000 	C:\WINDOWS\System32\WINMM.dll
0x00007fff3de20000 - 0x00007fff3de4b000 	C:\WINDOWS\System32\WINMMBASE.dll
0x00007fff3e000000 - 0x00007fff3e042000 	C:\WINDOWS\System32\cfgmgr32.dll
0x00007fff40050000 - 0x00007fff40058000 	C:\WINDOWS\System32\PSAPI.DLL
0x00007fff2ea20000 - 0x00007fff2ea29000 	C:\WINDOWS\SYSTEM32\WSOCK32.dll
0x00007fff40060000 - 0x00007fff400ca000 	C:\WINDOWS\System32\WS2_32.dll
0x00007fff395c0000 - 0x00007fff395ca000 	C:\WINDOWS\SYSTEM32\VERSION.dll
0x0000000050000000 - 0x000000005000f000 	C:\Program Files\Java\jdk1.8.0_91\jre\bin\verify.dll
0x0000000075fd0000 - 0x0000000075ff9000 	C:\Program Files\Java\jdk1.8.0_91\jre\bin\java.dll
0x0000000075fb0000 - 0x0000000075fc6000 	C:\Program Files\Java\jdk1.8.0_91\jre\bin\zip.dll
0x00007fff400d0000 - 0x00007fff415d8000 	C:\WINDOWS\System32\SHELL32.dll
0x00007fff3e8d0000 - 0x00007fff3efaa000 	C:\WINDOWS\System32\windows.storage.dll
0x00007fff3df40000 - 0x00007fff3df8c000 	C:\WINDOWS\System32\powrprof.dll
0x00007fff3ff50000 - 0x00007fff3ffa2000 	C:\WINDOWS\System32\shlwapi.dll
0x00007fff3de80000 - 0x00007fff3de8f000 	C:\WINDOWS\System32\kernel.appcore.dll
0x00007fff3e110000 - 0x00007fff3e1b9000 	C:\WINDOWS\System32\shcore.dll
0x00007fff3de50000 - 0x00007fff3de64000 	C:\WINDOWS\System32\profapi.dll

VM Arguments:
jvm_args: -Djava.awt.headless=true -Xmx1024M -Dfile.encoding=GBK -Duser.country=CN -Duser.language=zh -Duser.variant 
java_command: com.android.dx.command.Main --dex --force-jumbo --num-threads=4 --output D:\andriod_projects\smartHome\app\build\intermediates\pre-dexed\debug\com.android.support-support-v4-23.3.0_5953f8c9fe94d18f86f1570e4859d9a33e5ab7f1.jar D:\andriod_projects\smartHome\app\build\intermediates\exploded-aar\com.android.support\support-v4\23.3.0\jars\classes.jar
java_class_path (initial): D:\android\android_SDK\build-tools\23.0.3\lib\dx.jar
Launcher Type: SUN_STANDARD

Environment Variables:
JAVA_HOME=C:\Program Files (x86)\Java\jdk1.8.0_31
CLASSPATH=C:\Program Files (x86)\Java\jdk1.8.0_31\lib;C:\Program Files (x86)\Java\jdk1.8.0_31\lib\tools.jar;D:\andriod environment\adt-bundle-windows-x86-20131030\eclipse\plugins\org.apache.ant_1.8.3.v201301120609\lib;
PATH=C:\PROGRA~1\PTC\MKSTOO~1\bin64;C:\PROGRA~1\PTC\MKSTOO~1\bin;C:\PROGRA~1\PTC\MKSTOO~1\bin\X11;C:\PROGRA~1\PTC\MKSTOO~1\mksnt;C:\ProgramData\Oracle\Java\javapath;C:\Program Files (x86)\Intel\iCLS Client\;C:\Program Files\Intel\iCLS Client\;C:\Program Files (x86)\NVIDIA Corporation\PhysX\Common;C:\WINDOWS\system32;C:\WINDOWS;C:\WINDOWS\System32\Wbem;C:\WINDOWS\System32\WindowsPowerShell\v1.0\;C:\Program Files\Intel\Intel(R) Management Engine Components\DAL;C:\Program Files\Intel\Intel(R) Management Engine Components\IPT;C:\Program Files (x86)\Intel\Intel(R) Management Engine Components\DAL;C:\Program Files (x86)\Intel\Intel(R) Management Engine Components\IPT;C:\Program Files (x86)\Java\jdk1.8.0_31\bin;C:\Program Files (x86)\Java\jdk1.8.0_31\jre\bin;D:\andriod environment\adt-bundle-windows-x86-20131030\sdk\tools;D:\andriod environment\adt-bundle-windows-x86-20131030\sdk\platform-tools;D:\andriod environment\adt-bundle-windows-x86-20131030\eclipse\plugins\org.apache.ant_1.8.3.v201301120609\bin;C:\Program Files\nodejs\;D:\Git\cmd;D:\HMA! Pro VPN\bin;C:\Users\zhiwu_000\AppData\Local\Microsoft\WindowsApps;
USERNAME=freedom
DISPLAY=:0.0
OS=Windows_NT
PROCESSOR_IDENTIFIER=Intel64 Family 6 Model 60 Stepping 3, GenuineIntel



---------------  S Y S T E M  ---------------

OS: Windows 10.0 , 64 bit Build 14393 (10.0.14393.0)

CPU:total 4 (2 cores per cpu, 2 threads per core) family 6 model 60 stepping 3, cmov, cx8, fxsr, mmx, sse, sse2, sse3, ssse3, sse4.1, sse4.2, popcnt, avx, avx2, aes, clmul, erms, lzcnt, ht, tsc, tscinvbit, bmi1, bmi2

Memory: 4k page, physical 4112564k(292000k free), swap 5685428k(5460k free)

vm_info: Java HotSpot(TM) 64-Bit Server VM (25.91-b14) for windows-amd64 JRE (1.8.0_91-b14), built on Apr  1 2016 00:58:32 by "java_re" with MS VC++ 10.0 (VS2010)

time: Sun Oct 02 21:09:00 2016
elapsed time: 6 seconds (0d 0h 0m 6s)

