#
# There is insufficient memory for the Java Runtime Environment to continue.
# Native memory allocation (malloc) failed to allocate 468736 bytes for Chunk::new
# Possible reasons:
#   The system is out of physical RAM or swap space
#   In 32 bit mode, the process size limit was hit
# Possible solutions:
#   Reduce memory load on the system
#   Increase physical memory or swap space
#   Check if swap backing store is full
#   Use 64 bit Java on a 64 bit OS
#   Decrease Java heap size (-Xmx/-Xms)
#   Decrease number of Java threads
#   Decrease Java thread stack sizes (-Xss)
#   Set larger code cache with -XX:ReservedCodeCacheSize=
# This output file may be truncated or incomplete.
#
#  Out of Memory Error (allocation.cpp:390), pid=468, tid=5720
#
# JRE version: Java(TM) SE Runtime Environment (8.0_91-b14) (build 1.8.0_91-b14)
# Java VM: Java HotSpot(TM) 64-Bit Server VM (25.91-b14 mixed mode windows-amd64 compressed oops)
# Failed to write core dump. Minidumps are not enabled by default on client versions of Windows
#

---------------  T H R E A D  ---------------

Current thread (0x000000001586e000):  JavaThread "C2 CompilerThread1" daemon [_thread_in_native, id=5720, stack(0x0000000017260000,0x0000000017360000)]

Stack: [0x0000000017260000,0x0000000017360000]
[error occurred during error reporting (printing stack bounds), id 0xc0000005]

Native frames: (J=compiled Java code, j=interpreted, Vv=VM code, C=native code)


Current CompileTask:
C2:    947  735       4       com.android.dx.ssa.SsaBasicBlock::forEachInsn (37 bytes)


---------------  P R O C E S S  ---------------

Java Threads: ( => current thread )
  0x0000000016dde800 JavaThread "pool-2-thread-4" [_thread_blocked, id=3092, stack(0x0000000017a60000,0x0000000017b60000)]
  0x0000000016ddd000 JavaThread "pool-2-thread-3" [_thread_in_Java, id=9220, stack(0x0000000017960000,0x0000000017a60000)]
  0x0000000016db6000 JavaThread "pool-2-thread-2" [_thread_in_Java, id=9812, stack(0x0000000017860000,0x0000000017960000)]
  0x0000000016db5800 JavaThread "pool-3-thread-1" [_thread_blocked, id=6588, stack(0x0000000017760000,0x0000000017860000)]
  0x0000000016db4800 JavaThread "pool-2-thread-1" [_thread_in_Java, id=5680, stack(0x0000000017660000,0x0000000017760000)]
  0x0000000016bc2800 JavaThread "Service Thread" daemon [_thread_blocked, id=5428, stack(0x0000000017460000,0x0000000017560000)]
  0x0000000016bba000 JavaThread "C1 CompilerThread2" daemon [_thread_in_vm, id=9896, stack(0x0000000017360000,0x0000000017460000)]
=>0x000000001586e000 JavaThread "C2 CompilerThread1" daemon [_thread_in_native, id=5720, stack(0x0000000017260000,0x0000000017360000)]
  0x000000001586b800 JavaThread "C2 CompilerThread0" daemon [_thread_in_native, id=680, stack(0x0000000017160000,0x0000000017260000)]
  0x0000000015869000 JavaThread "Attach Listener" daemon [_thread_blocked, id=8580, stack(0x0000000017060000,0x0000000017160000)]
  0x000000001581f000 JavaThread "Signal Dispatcher" daemon [_thread_blocked, id=1660, stack(0x0000000016f60000,0x0000000017060000)]
  0x000000000313b000 JavaThread "Finalizer" daemon [_thread_blocked, id=232, stack(0x0000000016a60000,0x0000000016b60000)]
  0x0000000003130000 JavaThread "Reference Handler" daemon [_thread_blocked, id=5076, stack(0x0000000016960000,0x0000000016a60000)]
  0x000000000135e000 JavaThread "main" [_thread_blocked, id=5448, stack(0x0000000002b50000,0x0000000002c50000)]

Other Threads:
  0x00000000157d7800 VMThread [stack: 0x0000000016860000,0x0000000016960000] [id=1564]
  0x0000000016bd5000 WatcherThread [stack: 0x0000000017560000,0x0000000017660000] [id=5452]

VM state:not at safepoint (normal execution)

VM Mutex/Monitor currently owned by a thread: None

Heap:
 PSYoungGen      total 18944K, used 14724K [0x00000000eab00000, 0x00000000ec000000, 0x0000000100000000)
  eden space 16384K, 89% used [0x00000000eab00000,0x00000000eb961128,0x00000000ebb00000)
  from space 2560K, 0% used [0x00000000ebd80000,0x00000000ebd80000,0x00000000ec000000)
  to   space 2560K, 0% used [0x00000000ebb00000,0x00000000ebb00000,0x00000000ebd80000)
 ParOldGen       total 44032K, used 0K [0x00000000c0000000, 0x00000000c2b00000, 0x00000000eab00000)
  object space 44032K, 0% used [0x00000000c0000000,0x00000000c0000000,0x00000000c2b00000)
 Metaspace       used 5789K, capacity 6706K, committed 6784K, reserved 1056768K
  class space    used 597K, capacity 618K, committed 640K, reserved 1048576K

Card table byte_map: [0x0000000012500000,0x0000000012710000] byte_map_base: 0x0000000011f00000

Marking Bits: (ParMarkBitMap*) 0x000000005b2d2f70
 Begin Bits: [0x0000000012c70000, 0x0000000013c70000)
 End Bits:   [0x0000000013c70000, 0x0000000014c70000)

Polling page: 0x0000000000ef0000

CodeCache: size=245760Kb used=3182Kb max_used=3182Kb free=242577Kb
 bounds [0x0000000003140000, 0x0000000003460000, 0x0000000012140000]
 total_blobs=1029 nmethods=758 adapters=184
 compilation: enabled

Compilation events (10 events):
Event: 0.941 Thread 0x0000000016bba000 nmethod 758 0x0000000003453b90 code [0x0000000003453da0, 0x0000000003454978]
Event: 0.941 Thread 0x0000000016bba000  762       3       com.android.dx.ssa.Dominators::compress (229 bytes)
Event: 0.943 Thread 0x0000000016bba000 nmethod 762 0x0000000003455410 code [0x0000000003455760, 0x0000000003457418]
Event: 0.943 Thread 0x0000000016bba000  718       3       com.android.dx.rop.code.RegisterSpec::getType (10 bytes)
Event: 0.943 Thread 0x0000000016bba000 nmethod 718 0x0000000003453750 code [0x00000000034538c0, 0x0000000003453ae8]
Event: 0.943 Thread 0x0000000016bba000  763       3       com.android.dx.ssa.SetFactory::makeInterferenceSet (26 bytes)
Event: 0.943 Thread 0x0000000016bba000 nmethod 763 0x0000000003452fd0 code [0x0000000003453160, 0x0000000003453568]
Event: 0.943 Thread 0x0000000016bba000  720       1       com.android.dx.ssa.SsaRenamer$BlockRenamer::access$1000 (5 bytes)
Event: 0.943 Thread 0x0000000016bba000 nmethod 720 0x000000000344f650 code [0x000000000344f7a0, 0x000000000344f890]
Event: 0.943 Thread 0x0000000016bba000  765       3       com.android.dx.ssa.SsaMethod::deleteInsns (239 bytes)

GC Heap History (0 events):
No events

Deoptimization events (1 events):
Event: 0.912 Thread 0x0000000016db6000 Uncommon trap: reason=unstable_if action=reinterpret pc=0x000000000338d86c method=java.util.HashMap.getNode(ILjava/lang/Object;)Ljava/util/HashMap$Node; @ 129

Internal exceptions (2 events):
Event: 0.047 Thread 0x000000000135e000 Exception <a 'java/lang/NoSuchMethodError': Method sun.misc.Unsafe.defineClass(Ljava/lang/String;[BII)Ljava/lang/Class; name or signature does not match> (0x00000000eab07cc0) thrown at [C:\re\workspace\8-2-build-windows-amd64-cygwin\jdk8u91\6644\hotspot\srXÁ–Û.®?
Event: 0.047 Thread 0x000000000135e000 Exception <a 'java/lang/NoSuchMethodError': Method sun.misc.Unsafe.prefetchRead(Ljava/lang/Object;J)V name or signature does not match> (0x00000000eab07fa8) thrown at [C:\re\workspace\8-2-build-windows-amd64-cygwin\jdk8u91\6644\hotspot\src\share\vm\prims\j

Events (10 events):
Event: 0.639 loading class com/android/dx/ssa/back/FirstFitLocalCombiningAllocator$Multiset done
Event: 0.699 loading class java/util/DualPivotQuicksort
Event: 0.699 loading class java/util/DualPivotQuicksort done
Event: 0.912 Thread 0x0000000016db6000 Uncommon trap: trap_request=0xffffff65 fr.pc=0x000000000338d86c
Event: 0.912 Thread 0x0000000016db6000 DEOPT PACKING pc=0x000000000338d86c sp=0x000000001795e110
Event: 0.912 Thread 0x0000000016db6000 DEOPT UNPACKING pc=0x000000000318582a sp=0x000000001795e098 mode 2
Event: 0.916 Executing VM operation: ForceSafepoint
Event: 0.923 Executing VM operation: ForceSafepoint done
Event: 0.938 loading class java/util/ArrayList$1
Event: 0.938 loading class java/util/ArrayList$1 done


Dynamic libraries:
0x00007ff6510e0000 - 0x00007ff651117000 	C:\Program Files\Java\jdk1.8.0_91\bin\java.exe
0x00007fffc0830000 - 0x00007fffc09f1000 	C:\WINDOWS\SYSTEM32\ntdll.dll
0x00007fffc0770000 - 0x00007fffc081d000 	C:\WINDOWS\system32\KERNEL32.DLL
0x00007fffbcee0000 - 0x00007fffbd0c8000 	C:\WINDOWS\system32\KERNELBASE.dll
0x00007fffbdf70000 - 0x00007fffbe017000 	C:\WINDOWS\system32\ADVAPI32.dll
0x00007fffbe460000 - 0x00007fffbe4fd000 	C:\WINDOWS\system32\msvcrt.dll
0x00007fffbfe00000 - 0x00007fffbfe5b000 	C:\WINDOWS\system32\sechost.dll
0x00007fffc0430000 - 0x00007fffc054c000 	C:\WINDOWS\system32\RPCRT4.dll
0x00007fffc0050000 - 0x00007fffc01a6000 	C:\WINDOWS\system32\USER32.dll
0x00007fffbdd80000 - 0x00007fffbdf06000 	C:\WINDOWS\system32\GDI32.dll
0x00007fffb9680000 - 0x00007fffb98f4000 	C:\WINDOWS\WinSxS\amd64_microsoft.windows.common-controls_6595b64144ccf1df_6.0.10586.0_none_8c15ae12515e1c22\COMCTL32.dll
0x00007fffbfb80000 - 0x00007fffbfdfd000 	C:\WINDOWS\system32\combase.dll
0x00007fffbd0d0000 - 0x00007fffbd13a000 	C:\WINDOWS\system32\bcryptPrimitives.dll
0x00007fffc0010000 - 0x00007fffc004b000 	C:\WINDOWS\system32\IMM32.DLL
0x00007fffbcb10000 - 0x00007fffbcb41000 	C:\Windows\system32\nvinitx.dll
0x00007fffbcb00000 - 0x00007fffbcb0a000 	C:\WINDOWS\SYSTEM32\VERSION.dll
0x000000005a810000 - 0x000000005a8e2000 	C:\Program Files\Java\jdk1.8.0_91\jre\bin\msvcr100.dll
0x000000005aac0000 - 0x000000005b353000 	C:\Program Files\Java\jdk1.8.0_91\jre\bin\server\jvm.dll
0x00007fffbceb0000 - 0x00007fffbced3000 	C:\WINDOWS\system32\WINMM.dll
0x00007fffbcc20000 - 0x00007fffbcc4c000 	C:\WINDOWS\system32\WINMMBASE.dll
0x00007fffbcd90000 - 0x00007fffbcdd3000 	C:\WINDOWS\system32\cfgmgr32.dll
0x00007fffc0310000 - 0x00007fffc0318000 	C:\WINDOWS\system32\PSAPI.DLL
0x00007fffb4570000 - 0x00007fffb4579000 	C:\WINDOWS\SYSTEM32\WSOCK32.dll
0x00007fffc0700000 - 0x00007fffc076b000 	C:\WINDOWS\system32\WS2_32.dll
0x000000005be80000 - 0x000000005be8f000 	C:\Program Files\Java\jdk1.8.0_91\jre\bin\verify.dll
0x000000005be50000 - 0x000000005be79000 	C:\Program Files\Java\jdk1.8.0_91\jre\bin\java.dll
0x000000005be30000 - 0x000000005be46000 	C:\Program Files\Java\jdk1.8.0_91\jre\bin\zip.dll
0x00007fffbe620000 - 0x00007fffbfb7c000 	C:\WINDOWS\system32\SHELL32.dll
0x00007fffbd420000 - 0x00007fffbda64000 	C:\WINDOWS\system32\windows.storage.dll
0x00007fffc06a0000 - 0x00007fffc06f2000 	C:\WINDOWS\system32\shlwapi.dll
0x00007fffbcc60000 - 0x00007fffbcc6f000 	C:\WINDOWS\system32\kernel.appcore.dll
0x00007fffbcde0000 - 0x00007fffbce95000 	C:\WINDOWS\system32\shcore.dll
0x00007fffbcd40000 - 0x00007fffbcd8b000 	C:\WINDOWS\system32\powrprof.dll
0x00007fffbcc70000 - 0x00007fffbcc84000 	C:\WINDOWS\system32\profapi.dll

VM Arguments:
jvm_args: -Djava.awt.headless=true -Xmx1024M -Dfile.encoding=GBK -Duser.country=CN -Duser.language=zh -Duser.variant 
java_command: com.android.dx.command.Main --dex --force-jumbo --num-threads=4 --multi-dex --output D:\andriod_projects\Smart_home\app\build\intermediates\transforms\dex\debug\folders\1000\10\engine.io-client-0.3.1_c17114f5c393fd4300d38ba4958f709be6f5351c C:\Users\zhiwu_000\.gradle\caches\modules-2\files-2.1\com.github.nkzawa\engine.io-client\0.3.1\3ca9d0d53a27ecb88538ed874be417cfa827db5d\engine.io-client-0.3.1.jar
java_class_path (initial): D:\android\android_SDK\build-tools\23.0.3\lib\dx.jar
Launcher Type: SUN_STANDARD

Environment Variables:
JAVA_HOME=C:\Program Files (x86)\Java\jdk1.8.0_31
CLASSPATH=C:\Program Files (x86)\Java\jdk1.8.0_31\lib;C:\Program Files (x86)\Java\jdk1.8.0_31\lib\tools.jar;D:\andriod environment\adt-bundle-windows-x86-20131030\eclipse\plugins\org.apache.ant_1.8.3.v201301120609\lib;
PATH=C:\PROGRA~1\PTC\MKSTOO~1\bin64;C:\PROGRA~1\PTC\MKSTOO~1\bin;C:\PROGRA~1\PTC\MKSTOO~1\bin\X11;C:\PROGRA~1\PTC\MKSTOO~1\mksnt;C:\ProgramData\Oracle\Java\javapath;C:\Program Files (x86)\Intel\iCLS Client\;C:\Program Files\Intel\iCLS Client\;C:\Program Files (x86)\NVIDIA Corporation\PhysX\Common;C:\WINDOWS\system32;C:\WINDOWS;C:\WINDOWS\System32\Wbem;C:\WINDOWS\System32\WindowsPowerShell\v1.0\;C:\Program Files\Intel\Intel(R) Management Engine Components\DAL;C:\Program Files\Intel\Intel(R) Management Engine Components\IPT;C:\Program Files (x86)\Intel\Intel(R) Management Engine Components\DAL;C:\Program Files (x86)\Intel\Intel(R) Management Engine Components\IPT;C:\Program Files (x86)\Java\jdk1.8.0_31\bin;C:\Program Files (x86)\Java\jdk1.8.0_31\jre\bin;D:\andriod environment\adt-bundle-windows-x86-20131030\sdk\tools;D:\andriod environment\adt-bundle-windows-x86-20131030\sdk\platform-tools;D:\andriod environment\adt-bundle-windows-x86-20131030\eclipse\plugins\org.apache.ant_1.8.3.v201301120609\bin;C:\Program Files\nodejs\;D:\HMA! Pro VPN\bin
USERNAME=freedom
DISPLAY=:0.0
OS=Windows_NT
PROCESSOR_IDENTIFIER=Intel64 Family 6 Model 60 Stepping 3, GenuineIntel



---------------  S Y S T E M  ---------------

OS: Windows 10.0 , 64 bit Build 10586 (10.0.10586.0)

CPU:total 4 (2 cores per cpu, 2 threads per core) family 6 model 60 stepping 3, cmov, cx8, fxsr, mmx, sse, sse2, sse3, ssse3, sse4.1, sse4.2, popcnt, avx, avx2, aes, clmul, erms, lzcnt, ht, tsc, tscinvbit, bmi1, bmi2

Memory: 4k page, physical 4112564k(418604k free), swap 5685428k(5128k free)

vm_info: Java HotSpot(TM) 64-Bit Server VM (25.91-b14) for windows-amd64 JRE (1.8.0_91-b14), built on Apr  1 2016 00:58:32 by "java_re" with MS VC++ 10.0 (VS2010)

time: Sat Jun 18 01:42:18 2016
elapsed time: 0 seconds (0d 0h 0m 0s)

