#
# There is insufficient memory for the Java Runtime Environment to continue.
# Native memory allocation (malloc) failed to allocate 62352 bytes for Chunk::new
# Possible reasons:
#   The system is out of physical RAM or swap space
#   In 32 bit mode, the process size limit was hit
# Possible solutions:
#   Reduce memory load on the system
#   Increase physical memory or swap space
#   Check if swap backing store is full
#   Use 64 bit Java on a 64 bit OS
#   Decrease Java heap size (-Xmx/-Xms)
#   Decrease number of Java threads
#   Decrease Java thread stack sizes (-Xss)
#   Set larger code cache with -XX:ReservedCodeCacheSize=
# This output file may be truncated or incomplete.
#
#  Out of Memory Error (allocation.cpp:390), pid=7928, tid=2304
#
# JRE version: Java(TM) SE Runtime Environment (8.0_91-b14) (build 1.8.0_91-b14)
# Java VM: Java HotSpot(TM) 64-Bit Server VM (25.91-b14 mixed mode windows-amd64 compressed oops)
# Failed to write core dump. Minidumps are not enabled by default on client versions of Windows
#

---------------  T H R E A D  ---------------

Current thread (0x0000000015beb000):  JavaThread "C2 CompilerThread0" daemon [_thread_in_native, id=2304, stack(0x00000000174f0000,0x00000000175f0000)]

Stack: [0x00000000174f0000,0x00000000175f0000]
[error occurred during error reporting (printing stack bounds), id 0xc0000005]

Native frames: (J=compiled Java code, j=interpreted, Vv=VM code, C=native code)


Current CompileTask:
C2:   2097 1059       4       com.android.dx.ssa.SCCP::simulateStmt (481 bytes)


---------------  P R O C E S S  ---------------

Java Threads: ( => current thread )
  0x00000000171bc800 JavaThread "pool-2-thread-4" [_thread_in_Java, id=4732, stack(0x0000000017df0000,0x0000000017ef0000)]
  0x00000000171bb800 JavaThread "pool-2-thread-3" [_thread_in_vm, id=3024, stack(0x0000000017cf0000,0x0000000017df0000)]
  0x000000001717f000 JavaThread "pool-2-thread-2" [_thread_blocked, id=4060, stack(0x0000000017bf0000,0x0000000017cf0000)]
  0x000000001717e800 JavaThread "pool-3-thread-1" [_thread_blocked, id=2336, stack(0x0000000017af0000,0x0000000017bf0000)]
  0x000000001714e800 JavaThread "pool-2-thread-1" [_thread_in_Java, id=2448, stack(0x00000000179f0000,0x0000000017af0000)]
  0x0000000016f5a800 JavaThread "Service Thread" daemon [_thread_blocked, id=3416, stack(0x00000000177f0000,0x00000000178f0000)]
  0x0000000016f49800 JavaThread "C1 CompilerThread2" daemon [_thread_blocked, id=5528, stack(0x00000000176f0000,0x00000000177f0000)]
  0x0000000015bee800 JavaThread "C2 CompilerThread1" daemon [_thread_in_native, id=7524, stack(0x00000000175f0000,0x00000000176f0000)]
=>0x0000000015beb000 JavaThread "C2 CompilerThread0" daemon [_thread_in_native, id=2304, stack(0x00000000174f0000,0x00000000175f0000)]
  0x0000000015b9c800 JavaThread "Attach Listener" daemon [_thread_blocked, id=6176, stack(0x00000000173f0000,0x00000000174f0000)]
  0x0000000015be9800 JavaThread "Signal Dispatcher" daemon [_thread_blocked, id=2988, stack(0x00000000172f0000,0x00000000173f0000)]
  0x0000000015b7a800 JavaThread "Finalizer" daemon [_thread_blocked, id=2264, stack(0x0000000016df0000,0x0000000016ef0000)]
  0x0000000015b59000 JavaThread "Reference Handler" daemon [_thread_blocked, id=7532, stack(0x0000000016cf0000,0x0000000016df0000)]
  0x000000000179e000 JavaThread "main" [_thread_in_Java, id=7196, stack(0x00000000032c0000,0x00000000033c0000)]

Other Threads:
  0x0000000015b57800 VMThread [stack: 0x0000000016bf0000,0x0000000016cf0000] [id=7924]
  0x0000000016f74800 WatcherThread [stack: 0x00000000178f0000,0x00000000179f0000] [id=6388]

VM state:not at safepoint (normal execution)

VM Mutex/Monitor currently owned by a thread: None

Heap:
 PSYoungGen      total 18944K, used 11278K [0x00000000eab00000, 0x00000000ec000000, 0x0000000100000000)
  eden space 16384K, 53% used [0x00000000eab00000,0x00000000eb386dc8,0x00000000ebb00000)
  from space 2560K, 99% used [0x00000000ebb00000,0x00000000ebd7ca90,0x00000000ebd80000)
  to   space 2560K, 0% used [0x00000000ebd80000,0x00000000ebd80000,0x00000000ec000000)
 ParOldGen       total 44032K, used 1713K [0x00000000c0000000, 0x00000000c2b00000, 0x00000000eab00000)
  object space 44032K, 3% used [0x00000000c0000000,0x00000000c01ac510,0x00000000c2b00000)
 Metaspace       used 5945K, capacity 6838K, committed 7040K, reserved 1056768K
  class space    used 603K, capacity 622K, committed 640K, reserved 1048576K

Card table byte_map: [0x0000000012880000,0x0000000012a90000] byte_map_base: 0x0000000012280000

Marking Bits: (ParMarkBitMap*) 0x0000000055562f70
 Begin Bits: [0x0000000012ff0000, 0x0000000013ff0000)
 End Bits:   [0x0000000013ff0000, 0x0000000014ff0000)

Polling page: 0x0000000001750000

CodeCache: size=245760Kb used=4201Kb max_used=4207Kb free=241558Kb
 bounds [0x00000000034c0000, 0x00000000038e0000, 0x00000000124c0000]
 total_blobs=1359 nmethods=1088 adapters=184
 compilation: enabled

Compilation events (10 events):
Event: 2.055 Thread 0x0000000016f49800 nmethod 1085 0x00000000038d9d50 code [0x00000000038d9ea0, 0x00000000038d9fb0]
Event: 2.055 Thread 0x0000000016f49800 1082       1       com.android.dx.cf.code.LocalVariableList$Item::getSignature (5 bytes)
Event: 2.056 Thread 0x0000000016f49800 nmethod 1082 0x00000000038d8410 code [0x00000000038d8560, 0x00000000038d8670]
Event: 2.056 Thread 0x0000000015bee800 1087       4       com.android.dx.ssa.SsaMethod$1::visitNonMoveInsn (26 bytes)
Event: 2.056 Thread 0x0000000016f49800 1088       3       java.util.TreeMap::values (27 bytes)
Event: 2.057 Thread 0x0000000016f49800 nmethod 1088 0x00000000038dbd10 code [0x00000000038dbe80, 0x00000000038dc1d0]
Event: 2.057 Thread 0x0000000015bee800 nmethod 1087 0x00000000038db950 code [0x00000000038dbaa0, 0x00000000038dbb98]
Event: 2.057 Thread 0x0000000015bee800 1089   !   4       com.android.dx.cf.code.BytecodeArray::parseInstruction (2764 bytes)
Event: 2.057 Thread 0x0000000016f49800 1090       3       com.android.dx.rop.code.Rops::opGetField (97 bytes)
Event: 2.058 Thread 0x0000000016f49800 nmethod 1090 0x00000000038de510 code [0x00000000038de740, 0x00000000038df3b8]

GC Heap History (2 events):
Event: 1.447 GC heap before
{Heap before GC invocations=1 (full 0):
 PSYoungGen      total 18944K, used 16384K [0x00000000eab00000, 0x00000000ec000000, 0x0000000100000000)
  eden space 16384K, 100% used [0x00000000eab00000,0x00000000ebb00000,0x00000000ebb00000)
  from space 2560K, 0% used [0x00000000ebd80000,0x00000000ebd80000,0x00000000ec000000)
  to   space 2560K, 0% used [0x00000000ebb00000,0x00000000ebb00000,0x00000000ebd80000)
 ParOldGen       total 44032K, used 0K [0x00000000c0000000, 0x00000000c2b00000, 0x00000000eab00000)
  object space 44032K, 0% used [0x00000000c0000000,0x00000000c0000000,0x00000000c2b00000)
 Metaspace       used 5794K, capacity 6710K, committed 6784K, reserved 1056768K
  class space    used 603K, capacity 622K, committed 640K, reserved 1048576K
Event: 1.514 GC heap after
Heap after GC invocations=1 (full 0):
 PSYoungGen      total 18944K, used 2546K [0x00000000eab00000, 0x00000000ec000000, 0x0000000100000000)
  eden space 16384K, 0% used [0x00000000eab00000,0x00000000eab00000,0x00000000ebb00000)
  from space 2560K, 99% used [0x00000000ebb00000,0x00000000ebd7ca90,0x00000000ebd80000)
  to   space 2560K, 0% used [0x00000000ebd80000,0x00000000ebd80000,0x00000000ec000000)
 ParOldGen       total 44032K, used 1713K [0x00000000c0000000, 0x00000000c2b00000, 0x00000000eab00000)
  object space 44032K, 3% used [0x00000000c0000000,0x00000000c01ac510,0x00000000c2b00000)
 Metaspace       used 5794K, capacity 6710K, committed 6784K, reserved 1056768K
  class space    used 603K, capacity 622K, committed 640K, reserved 1048576K
}

Deoptimization events (2 events):
Event: 1.586 Thread 0x000000001714e800 Uncommon trap: reason=unstable_if action=reinterpret pc=0x000000000370c9b4 method=java.util.BitSet.ensureCapacity(I)V @ 6
Event: 1.723 Thread 0x00000000171bb800 Uncommon trap: reason=unstable_if action=reinterpret pc=0x000000000375031c method=com.android.dx.rop.cst.Constant.compareTo(Lcom/android/dx/rop/cst/Constant;)I @ 12

Internal exceptions (2 events):
Event: 0.093 Thread 0x000000000179e000 Exception <a 'java/lang/NoSuchMethodError': Method sun.misc.Unsafe.defineClass(Ljava/lang/String;[BII)Ljava/lang/Class; name or signature does not match> (0x00000000eab07cc0) thrown at [C:\re\workspace\8-2-build-windows-amd64-cygwin\jdk8u91\6644\hotspot\srË\®º·?
Event: 0.093 Thread 0x000000000179e000 Exception <a 'java/lang/NoSuchMethodError': Method sun.misc.Unsafe.prefetchRead(Ljava/lang/Object;J)V name or signature does not match> (0x00000000eab07fa8) thrown at [C:\re\workspace\8-2-build-windows-amd64-cygwin\jdk8u91\6644\hotspot\src\share\vm\prims\j

Events (10 events):
Event: 1.343 loading class java/util/DualPivotQuicksort
Event: 1.343 loading class java/util/DualPivotQuicksort done
Event: 1.349 Executing VM operation: ParallelGCFailedAllocation
Event: 1.514 Executing VM operation: ParallelGCFailedAllocation done
Event: 1.586 Thread 0x000000001714e800 Uncommon trap: trap_request=0xffffff65 fr.pc=0x000000000370c9b4
Event: 1.586 Thread 0x000000001714e800 DEOPT PACKING pc=0x000000000370c9b4 sp=0x0000000017aee7c0
Event: 1.586 Thread 0x000000001714e800 DEOPT UNPACKING pc=0x000000000350582a sp=0x0000000017aee6a8 mode 2
Event: 1.723 Thread 0x00000000171bb800 Uncommon trap: trap_request=0xffffff65 fr.pc=0x000000000375031c
Event: 1.723 Thread 0x00000000171bb800 DEOPT PACKING pc=0x000000000375031c sp=0x0000000017dee610
Event: 1.723 Thread 0x00000000171bb800 DEOPT UNPACKING pc=0x000000000350582a sp=0x0000000017dee5b0 mode 2


Dynamic libraries:
0x00007ff794470000 - 0x00007ff7944a7000 	C:\Program Files\Java\jdk1.8.0_91\bin\java.exe
0x00007ffe745a0000 - 0x00007ffe74761000 	C:\WINDOWS\SYSTEM32\ntdll.dll
0x00007ffe71ae0000 - 0x00007ffe71b8d000 	C:\WINDOWS\system32\KERNEL32.DLL
0x00007ffe70e70000 - 0x00007ffe71058000 	C:\WINDOWS\system32\KERNELBASE.dll
0x00007ffe743b0000 - 0x00007ffe74457000 	C:\WINDOWS\system32\ADVAPI32.dll
0x00007ffe71a40000 - 0x00007ffe71add000 	C:\WINDOWS\system32\msvcrt.dll
0x00007ffe729a0000 - 0x00007ffe729fb000 	C:\WINDOWS\system32\sechost.dll
0x00007ffe725e0000 - 0x00007ffe726fc000 	C:\WINDOWS\system32\RPCRT4.dll
0x00007ffe71c90000 - 0x00007ffe71de6000 	C:\WINDOWS\system32\USER32.dll
0x00007ffe72810000 - 0x00007ffe72996000 	C:\WINDOWS\system32\GDI32.dll
0x00007ffe6de10000 - 0x00007ffe6e084000 	C:\WINDOWS\WinSxS\amd64_microsoft.windows.common-controls_6595b64144ccf1df_6.0.10586.494_none_a2d8b04ea53e3145\COMCTL32.dll
0x00007ffe72bb0000 - 0x00007ffe72e2d000 	C:\WINDOWS\system32\combase.dll
0x00007ffe71770000 - 0x00007ffe717da000 	C:\WINDOWS\system32\bcryptPrimitives.dll
0x00007ffe723f0000 - 0x00007ffe7242b000 	C:\WINDOWS\system32\IMM32.DLL
0x00007ffe70880000 - 0x00007ffe708b1000 	C:\Windows\system32\nvinitx.dll
0x00007ffe70870000 - 0x00007ffe7087a000 	C:\WINDOWS\SYSTEM32\VERSION.dll
0x00000000548d0000 - 0x00000000549a2000 	C:\Program Files\Java\jdk1.8.0_91\jre\bin\msvcr100.dll
0x0000000054d50000 - 0x00000000555e3000 	C:\Program Files\Java\jdk1.8.0_91\jre\bin\server\jvm.dll
0x00007ffe70dd0000 - 0x00007ffe70df3000 	C:\WINDOWS\system32\WINMM.dll
0x00007ffe70990000 - 0x00007ffe709bc000 	C:\WINDOWS\system32\WINMMBASE.dll
0x00007ffe70e20000 - 0x00007ffe70e63000 	C:\WINDOWS\system32\cfgmgr32.dll
0x00007ffe72280000 - 0x00007ffe72288000 	C:\WINDOWS\system32\PSAPI.DLL
0x00007ffe61cd0000 - 0x00007ffe61cd9000 	C:\WINDOWS\SYSTEM32\WSOCK32.dll
0x00007ffe72700000 - 0x00007ffe7276b000 	C:\WINDOWS\system32\WS2_32.dll
0x0000000054d40000 - 0x0000000054d4f000 	C:\Program Files\Java\jdk1.8.0_91\jre\bin\verify.dll
0x0000000054d10000 - 0x0000000054d39000 	C:\Program Files\Java\jdk1.8.0_91\jre\bin\java.dll
0x0000000054cf0000 - 0x0000000054d06000 	C:\Program Files\Java\jdk1.8.0_91\jre\bin\zip.dll
0x00007ffe72e30000 - 0x00007ffe7438c000 	C:\WINDOWS\system32\SHELL32.dll
0x00007ffe710c0000 - 0x00007ffe71705000 	C:\WINDOWS\system32\windows.storage.dll
0x00007ffe74540000 - 0x00007ffe74592000 	C:\WINDOWS\system32\shlwapi.dll
0x00007ffe709d0000 - 0x00007ffe709df000 	C:\WINDOWS\system32\kernel.appcore.dll
0x00007ffe70a00000 - 0x00007ffe70ab5000 	C:\WINDOWS\system32\shcore.dll
0x00007ffe71720000 - 0x00007ffe7176b000 	C:\WINDOWS\system32\powrprof.dll
0x00007ffe709e0000 - 0x00007ffe709f4000 	C:\WINDOWS\system32\profapi.dll

VM Arguments:
jvm_args: -Djava.awt.headless=true -Xmx1024M -Dfile.encoding=GBK -Duser.country=CN -Duser.language=zh -Duser.variant 
java_command: com.android.dx.command.Main --dex --force-jumbo --num-threads=4 --multi-dex --output D:\andriod_projects\smartHome\app\build\intermediates\transforms\dex\debug\folders\1000\10\com.android.support-recyclerview-v7-23.3.0_450d36ffa14669aa0bab8b1c958cc1a4a58867c6 D:\andriod_projects\smartHome\app\build\intermediates\exploded-aar\com.android.support\recyclerview-v7\23.3.0\jars\classes.jar
java_class_path (initial): D:\android\android_SDK\build-tools\23.0.3\lib\dx.jar
Launcher Type: SUN_STANDARD

Environment Variables:
JAVA_HOME=C:\Program Files (x86)\Java\jdk1.8.0_31
CLASSPATH=C:\Program Files (x86)\Java\jdk1.8.0_31\lib;C:\Program Files (x86)\Java\jdk1.8.0_31\lib\tools.jar;D:\andriod environment\adt-bundle-windows-x86-20131030\eclipse\plugins\org.apache.ant_1.8.3.v201301120609\lib;
PATH=C:\PROGRA~1\PTC\MKSTOO~1\bin64;C:\PROGRA~1\PTC\MKSTOO~1\bin;C:\PROGRA~1\PTC\MKSTOO~1\bin\X11;C:\PROGRA~1\PTC\MKSTOO~1\mksnt;C:\ProgramData\Oracle\Java\javapath;C:\Program Files (x86)\Intel\iCLS Client\;C:\Program Files\Intel\iCLS Client\;C:\Program Files (x86)\NVIDIA Corporation\PhysX\Common;C:\WINDOWS\system32;C:\WINDOWS;C:\WINDOWS\System32\Wbem;C:\WINDOWS\System32\WindowsPowerShell\v1.0\;C:\Program Files\Intel\Intel(R) Management Engine Components\DAL;C:\Program Files\Intel\Intel(R) Management Engine Components\IPT;C:\Program Files (x86)\Intel\Intel(R) Management Engine Components\DAL;C:\Program Files (x86)\Intel\Intel(R) Management Engine Components\IPT;C:\Program Files (x86)\Java\jdk1.8.0_31\bin;C:\Program Files (x86)\Java\jdk1.8.0_31\jre\bin;D:\andriod environment\adt-bundle-windows-x86-20131030\sdk\tools;D:\andriod environment\adt-bundle-windows-x86-20131030\sdk\platform-tools;D:\andriod environment\adt-bundle-windows-x86-20131030\eclipse\plugins\org.apache.ant_1.8.3.v201301120609\bin;C:\Program Files\nodejs\;D:\Git\cmd;D:\HMA! Pro VPN\bin
USERNAME=freedom
DISPLAY=:0.0
OS=Windows_NT
PROCESSOR_IDENTIFIER=Intel64 Family 6 Model 60 Stepping 3, GenuineIntel



---------------  S Y S T E M  ---------------

OS: Windows 10.0 , 64 bit Build 10586 (10.0.10586.0)

CPU:total 4 (2 cores per cpu, 2 threads per core) family 6 model 60 stepping 3, cmov, cx8, fxsr, mmx, sse, sse2, sse3, ssse3, sse4.1, sse4.2, popcnt, avx, avx2, aes, clmul, erms, lzcnt, ht, tsc, tscinvbit, bmi1, bmi2

Memory: 4k page, physical 4112564k(520748k free), swap 5685428k(4120k free)

vm_info: Java HotSpot(TM) 64-Bit Server VM (25.91-b14) for windows-amd64 JRE (1.8.0_91-b14), built on Apr  1 2016 00:58:32 by "java_re" with MS VC++ 10.0 (VS2010)

time: Sat Sep 03 14:18:46 2016
elapsed time: 2 seconds (0d 0h 0m 2s)

