#
# There is insufficient memory for the Java Runtime Environment to continue.
# Native memory allocation (malloc) failed to allocate 1048576 bytes for AllocateHeap
# Possible reasons:
#   The system is out of physical RAM or swap space
#   In 32 bit mode, the process size limit was hit
# Possible solutions:
#   Reduce memory load on the system
#   Increase physical memory or swap space
#   Check if swap backing store is full
#   Use 64 bit Java on a 64 bit OS
#   Decrease Java heap size (-Xmx/-Xms)
#   Decrease number of Java threads
#   Decrease Java thread stack sizes (-Xss)
#   Set larger code cache with -XX:ReservedCodeCacheSize=
# This output file may be truncated or incomplete.
#
#  Out of Memory Error (memory/allocation.inline.hpp:61), pid=7480, tid=4952
#
# JRE version:  (8.0_91-b14) (build )
# Java VM: Java HotSpot(TM) 64-Bit Server VM (25.91-b14 mixed mode windows-amd64 compressed oops)
# Failed to write core dump. Minidumps are not enabled by default on client versions of Windows
#

---------------  T H R E A D  ---------------

Current thread (0x00000000009de000):  JavaThread "Unknown thread" [_thread_in_vm, id=4952, stack(0x00000000021d0000,0x00000000022d0000)]

Stack: [0x00000000021d0000,0x00000000022d0000]
[error occurred during error reporting (printing stack bounds), id 0xc0000005]

Native frames: (J=compiled Java code, j=interpreted, Vv=VM code, C=native code)


---------------  P R O C E S S  ---------------

Java Threads: ( => current thread )

Other Threads:

=>0x00000000009de000 (exited) JavaThread "Unknown thread" [_thread_in_vm, id=4952, stack(0x00000000021d0000,0x00000000022d0000)]

VM state:not at safepoint (normal execution)

VM Mutex/Monitor currently owned by a thread: None

Heap:
 PSYoungGen      total 18944K, used 327K [0x00000000eab00000, 0x00000000ec000000, 0x0000000100000000)
  eden space 16384K, 2% used [0x00000000eab00000,0x00000000eab51ec8,0x00000000ebb00000)
  from space 2560K, 0% used [0x00000000ebd80000,0x00000000ebd80000,0x00000000ec000000)
  to   space 2560K, 0% used [0x00000000ebb00000,0x00000000ebb00000,0x00000000ebd80000)
 ParOldGen       total 44032K, used 0K [0x00000000c0000000, 0x00000000c2b00000, 0x00000000eab00000)
  object space 44032K, 0% used [0x00000000c0000000,0x00000000c0000000,0x00000000c2b00000)
 Metaspace       used 769K, capacity 4480K, committed 4480K, reserved 1056768K
  class space    used 75K, capacity 384K, committed 384K, reserved 1048576K

Card table byte_map: [0x0000000011b20000,0x0000000011d30000] byte_map_base: 0x0000000011520000

Marking Bits: (ParMarkBitMap*) 0x0000000054722f70
 Begin Bits: [0x0000000012290000, 0x0000000013290000)
 End Bits:   [0x0000000013290000, 0x0000000014290000)

Polling page: 0x00000000009c0000

CodeCache: size=245760Kb used=328Kb max_used=328Kb free=245431Kb
 bounds [0x0000000002760000, 0x00000000029d0000, 0x0000000011760000]
 total_blobs=58 nmethods=0 adapters=38
 compilation: enabled

Compilation events (0 events):
No events

GC Heap History (0 events):
No events

Deoptimization events (0 events):
No events

Internal exceptions (0 events):
No events

Events (10 events):
Event: 0.140 loading class java/lang/Short
Event: 0.140 loading class java/lang/Short done
Event: 0.140 loading class java/lang/Integer
Event: 0.140 loading class java/lang/Integer done
Event: 0.140 loading class java/lang/Long
Event: 0.141 loading class java/lang/Long done
Event: 0.142 loading class java/lang/NullPointerException
Event: 0.142 loading class java/lang/NullPointerException done
Event: 0.142 loading class java/lang/ArithmeticException
Event: 0.142 loading class java/lang/ArithmeticException done


Dynamic libraries:
0x00007ff6ab770000 - 0x00007ff6ab7a7000 	C:\Program Files\Java\jdk1.8.0_91\bin\java.exe
0x00007ffb92720000 - 0x00007ffb928e1000 	C:\WINDOWS\SYSTEM32\ntdll.dll
0x00007ffb90180000 - 0x00007ffb9022d000 	C:\WINDOWS\system32\KERNEL32.DLL
0x00007ffb8f310000 - 0x00007ffb8f4f8000 	C:\WINDOWS\system32\KERNELBASE.dll
0x00007ffb8f9c0000 - 0x00007ffb8fa67000 	C:\WINDOWS\system32\ADVAPI32.dll
0x00007ffb923f0000 - 0x00007ffb9248d000 	C:\WINDOWS\system32\msvcrt.dll
0x00007ffb92490000 - 0x00007ffb924eb000 	C:\WINDOWS\system32\sechost.dll
0x00007ffb90860000 - 0x00007ffb9097c000 	C:\WINDOWS\system32\RPCRT4.dll
0x00007ffb92010000 - 0x00007ffb92166000 	C:\WINDOWS\system32\USER32.dll
0x00007ffb90230000 - 0x00007ffb903b6000 	C:\WINDOWS\system32\GDI32.dll
0x00007ffb8ba80000 - 0x00007ffb8bcf4000 	C:\WINDOWS\WinSxS\amd64_microsoft.windows.common-controls_6595b64144ccf1df_6.0.10586.589_none_a2ddb3caa539acce\COMCTL32.dll
0x00007ffb8fad0000 - 0x00007ffb8fd4d000 	C:\WINDOWS\system32\combase.dll
0x00007ffb8f580000 - 0x00007ffb8f5ea000 	C:\WINDOWS\system32\bcryptPrimitives.dll
0x00007ffb923b0000 - 0x00007ffb923eb000 	C:\WINDOWS\system32\IMM32.DLL
0x00007ffb8ea00000 - 0x00007ffb8ea31000 	C:\Windows\system32\nvinitx.dll
0x00007ffb8e9f0000 - 0x00007ffb8e9fa000 	C:\WINDOWS\SYSTEM32\VERSION.dll
0x0000000053ad0000 - 0x0000000053ba2000 	C:\Program Files\Java\jdk1.8.0_91\jre\bin\msvcr100.dll
0x0000000053f10000 - 0x00000000547a3000 	C:\Program Files\Java\jdk1.8.0_91\jre\bin\server\jvm.dll
0x00007ffb8f500000 - 0x00007ffb8f523000 	C:\WINDOWS\system32\WINMM.dll
0x00007ffb8eb50000 - 0x00007ffb8eb7c000 	C:\WINDOWS\system32\WINMMBASE.dll
0x00007ffb8f880000 - 0x00007ffb8f8c3000 	C:\WINDOWS\system32\cfgmgr32.dll
0x00007ffb92660000 - 0x00007ffb92668000 	C:\WINDOWS\system32\PSAPI.DLL
0x00007ffb7daa0000 - 0x00007ffb7daa9000 	C:\WINDOWS\SYSTEM32\WSOCK32.dll
0x00007ffb91f90000 - 0x00007ffb91ffb000 	C:\WINDOWS\system32\WS2_32.dll
0x0000000054da0000 - 0x0000000054daf000 	C:\Program Files\Java\jdk1.8.0_91\jre\bin\verify.dll
0x0000000054d70000 - 0x0000000054d99000 	C:\Program Files\Java\jdk1.8.0_91\jre\bin\java.dll
0x0000000053ef0000 - 0x0000000053f06000 	C:\Program Files\Java\jdk1.8.0_91\jre\bin\zip.dll

VM Arguments:
jvm_args: -Djava.awt.headless=true -Xmx1024M -Dfile.encoding=GBK -Duser.country=CN -Duser.language=zh -Duser.variant 
java_command: com.android.dx.command.Main --dex --force-jumbo --num-threads=4 --multi-dex --output D:\andriod_projects\smartHome\app\build\intermediates\transforms\dex\debug\folders\1000\5\slice_2 D:\andriod_projects\smartHome\app\build\intermediates\transforms\instantRunSlicer\debug\folders\1\5\slice_2
java_class_path (initial): D:\android\android_SDK\build-tools\23.0.3\lib\dx.jar
Launcher Type: SUN_STANDARD

Environment Variables:
JAVA_HOME=C:\Program Files (x86)\Java\jdk1.8.0_31
CLASSPATH=C:\Program Files (x86)\Java\jdk1.8.0_31\lib;C:\Program Files (x86)\Java\jdk1.8.0_31\lib\tools.jar;D:\andriod environment\adt-bundle-windows-x86-20131030\eclipse\plugins\org.apache.ant_1.8.3.v201301120609\lib;
PATH=C:\PROGRA~1\PTC\MKSTOO~1\bin64;C:\PROGRA~1\PTC\MKSTOO~1\bin;C:\PROGRA~1\PTC\MKSTOO~1\bin\X11;C:\PROGRA~1\PTC\MKSTOO~1\mksnt;C:\ProgramData\Oracle\Java\javapath;C:\Program Files (x86)\Intel\iCLS Client\;C:\Program Files\Intel\iCLS Client\;C:\Program Files (x86)\NVIDIA Corporation\PhysX\Common;C:\WINDOWS\system32;C:\WINDOWS;C:\WINDOWS\System32\Wbem;C:\WINDOWS\System32\WindowsPowerShell\v1.0\;C:\Program Files\Intel\Intel(R) Management Engine Components\DAL;C:\Program Files\Intel\Intel(R) Management Engine Components\IPT;C:\Program Files (x86)\Intel\Intel(R) Management Engine Components\DAL;C:\Program Files (x86)\Intel\Intel(R) Management Engine Components\IPT;C:\Program Files (x86)\Java\jdk1.8.0_31\bin;C:\Program Files (x86)\Java\jdk1.8.0_31\jre\bin;D:\andriod environment\adt-bundle-windows-x86-20131030\sdk\tools;D:\andriod environment\adt-bundle-windows-x86-20131030\sdk\platform-tools;D:\andriod environment\adt-bundle-windows-x86-20131030\eclipse\plugins\org.apache.ant_1.8.3.v201301120609\bin;C:\Program Files\nodejs\;D:\Git\cmd;D:\HMA! Pro VPN\bin
USERNAME=freedom
DISPLAY=:0.0
OS=Windows_NT
PROCESSOR_IDENTIFIER=Intel64 Family 6 Model 60 Stepping 3, GenuineIntel



---------------  S Y S T E M  ---------------

OS: Windows 10.0 , 64 bit Build 10586 (10.0.10586.589)

CPU:total 4 (2 cores per cpu, 2 threads per core) family 6 model 60 stepping 3, cmov, cx8, fxsr, mmx, sse, sse2, sse3, ssse3, sse4.1, sse4.2, popcnt, avx, avx2, aes, clmul, erms, lzcnt, ht, tsc, tscinvbit, bmi1, bmi2

Memory: 4k page, physical 4112564k(514224k free), swap 5685428k(5128k free)

vm_info: Java HotSpot(TM) 64-Bit Server VM (25.91-b14) for windows-amd64 JRE (1.8.0_91-b14), built on Apr  1 2016 00:58:32 by "java_re" with MS VC++ 10.0 (VS2010)

time: Sat Sep 17 21:42:53 2016
elapsed time: 0 seconds (0d 0h 0m 0s)

