#
# There is insufficient memory for the Java Runtime Environment to continue.
# Native memory allocation (malloc) failed to allocate 751696 bytes for Chunk::new
# Possible reasons:
#   The system is out of physical RAM or swap space
#   In 32 bit mode, the process size limit was hit
# Possible solutions:
#   Reduce memory load on the system
#   Increase physical memory or swap space
#   Check if swap backing store is full
#   Use 64 bit Java on a 64 bit OS
#   Decrease Java heap size (-Xmx/-Xms)
#   Decrease number of Java threads
#   Decrease Java thread stack sizes (-Xss)
#   Set larger code cache with -XX:ReservedCodeCacheSize=
# This output file may be truncated or incomplete.
#
#  Out of Memory Error (allocation.cpp:390), pid=7396, tid=8880
#
# JRE version: Java(TM) SE Runtime Environment (8.0_91-b14) (build 1.8.0_91-b14)
# Java VM: Java HotSpot(TM) 64-Bit Server VM (25.91-b14 mixed mode windows-amd64 compressed oops)
# Failed to write core dump. Minidumps are not enabled by default on client versions of Windows
#

---------------  T H R E A D  ---------------

Current thread (0x00000000169ea000):  JavaThread "C2 CompilerThread1" daemon [_thread_in_native, id=8880, stack(0x0000000017090000,0x0000000017190000)]

Stack: [0x0000000017090000,0x0000000017190000]
[error occurred during error reporting (printing stack bounds), id 0xc0000005]

Native frames: (J=compiled Java code, j=interpreted, Vv=VM code, C=native code)


Current CompileTask:
C2:   3538 1284       4       com.android.dx.ssa.SCCP::simulateStmt (481 bytes)


---------------  P R O C E S S  ---------------

Java Threads: ( => current thread )
  0x0000000016c84000 JavaThread "pool-2-thread-4" [_thread_in_Java, id=3772, stack(0x0000000017890000,0x0000000017990000)]
  0x0000000016c82800 JavaThread "pool-2-thread-3" [_thread_in_Java, id=9292, stack(0x0000000017790000,0x0000000017890000)]
  0x0000000016c82000 JavaThread "pool-2-thread-2" [_thread_in_Java, id=1976, stack(0x0000000017690000,0x0000000017790000)]
  0x0000000016c81800 JavaThread "pool-3-thread-1" [_thread_blocked, id=6092, stack(0x0000000017590000,0x0000000017690000)]
  0x0000000016c7e800 JavaThread "pool-2-thread-1" [_thread_in_Java, id=3360, stack(0x0000000017490000,0x0000000017590000)]
  0x00000000169f1800 JavaThread "Service Thread" daemon [_thread_blocked, id=8304, stack(0x0000000017290000,0x0000000017390000)]
  0x00000000169ec000 JavaThread "C1 CompilerThread2" daemon [_thread_in_native, id=1212, stack(0x0000000017190000,0x0000000017290000)]
=>0x00000000169ea000 JavaThread "C2 CompilerThread1" daemon [_thread_in_native, id=8880, stack(0x0000000017090000,0x0000000017190000)]
  0x000000001569d800 JavaThread "C2 CompilerThread0" daemon [_thread_in_native, id=7176, stack(0x0000000016f90000,0x0000000017090000)]
  0x000000001569b800 JavaThread "Attach Listener" daemon [_thread_blocked, id=10112, stack(0x0000000016e90000,0x0000000016f90000)]
  0x0000000015650000 JavaThread "Signal Dispatcher" daemon [_thread_blocked, id=808, stack(0x0000000016d90000,0x0000000016e90000)]
  0x0000000002f6a800 JavaThread "Finalizer" daemon [_thread_blocked, id=7956, stack(0x0000000016890000,0x0000000016990000)]
  0x0000000002f60000 JavaThread "Reference Handler" daemon [_thread_blocked, id=6796, stack(0x0000000016790000,0x0000000016890000)]
  0x000000000127e000 JavaThread "main" [_thread_in_Java, id=9452, stack(0x0000000002d70000,0x0000000002e70000)]

Other Threads:
  0x0000000015607800 VMThread [stack: 0x0000000016690000,0x0000000016790000] [id=4232]
  0x0000000016a06000 WatcherThread [stack: 0x0000000017390000,0x0000000017490000] [id=528]

VM state:not at safepoint (normal execution)

VM Mutex/Monitor currently owned by a thread: None

Heap:
 PSYoungGen      total 35328K, used 19299K [0x00000000eab00000, 0x00000000ed000000, 0x0000000100000000)
  eden space 32768K, 51% used [0x00000000eab00000,0x00000000ebb5e898,0x00000000ecb00000)
  from space 2560K, 99% used [0x00000000ecd80000,0x00000000ecffa6b8,0x00000000ed000000)
  to   space 2560K, 0% used [0x00000000ecb00000,0x00000000ecb00000,0x00000000ecd80000)
 ParOldGen       total 44032K, used 3199K [0x00000000c0000000, 0x00000000c2b00000, 0x00000000eab00000)
  object space 44032K, 7% used [0x00000000c0000000,0x00000000c031fda8,0x00000000c2b00000)
 Metaspace       used 6183K, capacity 7030K, committed 7296K, reserved 1056768K
  class space    used 607K, capacity 622K, committed 640K, reserved 1048576K

Card table byte_map: [0x0000000012330000,0x0000000012540000] byte_map_base: 0x0000000011d30000

Marking Bits: (ParMarkBitMap*) 0x0000000076652f70
 Begin Bits: [0x0000000012aa0000, 0x0000000013aa0000)
 End Bits:   [0x0000000013aa0000, 0x0000000014aa0000)

Polling page: 0x0000000000d60000

CodeCache: size=245760Kb used=5695Kb max_used=5695Kb free=240064Kb
 bounds [0x0000000002f70000, 0x0000000003510000, 0x0000000011f70000]
 total_blobs=1658 nmethods=1387 adapters=184
 compilation: enabled

Compilation events (10 events):
Event: 3.470 Thread 0x00000000169ec000 nmethod 1304 0x0000000003492850 code [0x0000000003492a00, 0x0000000003493148]
Event: 3.470 Thread 0x00000000169ec000 1305       3       com.android.dx.cf.code.Ropper::addReturnBlock (228 bytes)
Event: 3.473 Thread 0x00000000169ec000 nmethod 1305 0x0000000003493490 code [0x00000000034939c0, 0x0000000003497228]
Event: 3.473 Thread 0x00000000169ec000 1308       1       com.android.dx.util.Bits::makeBitSet (11 bytes)
Event: 3.473 Thread 0x00000000169ec000 nmethod 1308 0x000000000349a010 code [0x000000000349a160, 0x000000000349a2d0]
Event: 3.473 Thread 0x00000000169ec000 1306       3       com.android.dx.cf.code.BasicBlocker::visitNoArgs (298 bytes)
Event: 3.474 Thread 0x00000000169ec000 nmethod 1306 0x000000000349a350 code [0x000000000349a5c0, 0x000000000349b378]
Event: 3.474 Thread 0x00000000169ec000 1309       3       java.util.TreeMap::rotateLeft (96 bytes)
Event: 3.475 Thread 0x00000000169ec000 nmethod 1309 0x000000000349bf50 code [0x000000000349c0c0, 0x000000000349c410]
Event: 3.475 Thread 0x00000000169ec000 1307       3       com.android.dx.cf.code.Simulator$SimVisitor::visitNoArgs (2108 bytes)

GC Heap History (4 events):
Event: 1.225 GC heap before
{Heap before GC invocations=1 (full 0):
 PSYoungGen      total 18944K, used 16384K [0x00000000eab00000, 0x00000000ec000000, 0x0000000100000000)
  eden space 16384K, 100% used [0x00000000eab00000,0x00000000ebb00000,0x00000000ebb00000)
  from space 2560K, 0% used [0x00000000ebd80000,0x00000000ebd80000,0x00000000ec000000)
  to   space 2560K, 0% used [0x00000000ebb00000,0x00000000ebb00000,0x00000000ebd80000)
 ParOldGen       total 44032K, used 0K [0x00000000c0000000, 0x00000000c2b00000, 0x00000000eab00000)
  object space 44032K, 0% used [0x00000000c0000000,0x00000000c0000000,0x00000000c2b00000)
 Metaspace       used 5594K, capacity 6516K, committed 6784K, reserved 1056768K
  class space    used 602K, capacity 620K, committed 640K, reserved 1048576K
Event: 1.539 GC heap after
Heap after GC invocations=1 (full 0):
 PSYoungGen      total 18944K, used 2533K [0x00000000eab00000, 0x00000000ed000000, 0x0000000100000000)
  eden space 16384K, 0% used [0x00000000eab00000,0x00000000eab00000,0x00000000ebb00000)
  from space 2560K, 98% used [0x00000000ebb00000,0x00000000ebd79790,0x00000000ebd80000)
  to   space 2560K, 0% used [0x00000000ecd80000,0x00000000ecd80000,0x00000000ed000000)
 ParOldGen       total 44032K, used 1177K [0x00000000c0000000, 0x00000000c2b00000, 0x00000000eab00000)
  object space 44032K, 2% used [0x00000000c0000000,0x00000000c01267f8,0x00000000c2b00000)
 Metaspace       used 5594K, capacity 6516K, committed 6784K, reserved 1056768K
  class space    used 602K, capacity 620K, committed 640K, reserved 1048576K
}
Event: 3.099 GC heap before
{Heap before GC invocations=2 (full 0):
 PSYoungGen      total 18944K, used 18917K [0x00000000eab00000, 0x00000000ed000000, 0x0000000100000000)
  eden space 16384K, 100% used [0x00000000eab00000,0x00000000ebb00000,0x00000000ebb00000)
  from space 2560K, 98% used [0x00000000ebb00000,0x00000000ebd79790,0x00000000ebd80000)
  to   space 2560K, 0% used [0x00000000ecd80000,0x00000000ecd80000,0x00000000ed000000)
 ParOldGen       total 44032K, used 1177K [0x00000000c0000000, 0x00000000c2b00000, 0x00000000eab00000)
  object space 44032K, 2% used [0x00000000c0000000,0x00000000c01267f8,0x00000000c2b00000)
 Metaspace       used 6090K, capacity 6966K, committed 7040K, reserved 1056768K
  class space    used 606K, capacity 622K, committed 640K, reserved 1048576K
Event: 3.410 GC heap after
Heap after GC invocations=2 (full 0):
 PSYoungGen      total 35328K, used 2537K [0x00000000eab00000, 0x00000000ed000000, 0x0000000100000000)
  eden space 32768K, 0% used [0x00000000eab00000,0x00000000eab00000,0x00000000ecb00000)
  from space 2560K, 99% used [0x00000000ecd80000,0x00000000ecffa6b8,0x00000000ed000000)
  to   space 2560K, 0% used [0x00000000ecb00000,0x00000000ecb00000,0x00000000ecd80000)
 ParOldGen       total 44032K, used 3199K [0x00000000c0000000, 0x00000000c2b00000, 0x00000000eab00000)
  object space 44032K, 7% used [0x00000000c0000000,0x00000000c031fda8,0x00000000c2b00000)
 Metaspace       used 6090K, capacity 6966K, committed 7040K, reserved 1056768K
  class space    used 606K, capacity 622K, committed 640K, reserved 1048576K
}

Deoptimization events (4 events):
Event: 0.316 Thread 0x000000000127e000 Uncommon trap: reason=unstable_if action=reinterpret pc=0x00000000030ca194 method=java.lang.String.compareTo(Ljava/lang/String;)I @ 38
Event: 0.864 Thread 0x0000000016c7e800 Uncommon trap: reason=unstable_if action=reinterpret pc=0x000000000319be04 method=java.util.HashMap.getNode(ILjava/lang/Object;)Ljava/util/HashMap$Node; @ 62
Event: 2.629 Thread 0x0000000016c7e800 Uncommon trap: reason=null_check action=make_not_entrant pc=0x000000000326eee8 method=com.android.dx.ssa.SsaRenamer.getLocalForNewReg(I)Lcom/android/dx/rop/code/LocalItem; @ 19
Event: 2.779 Thread 0x0000000016c82000 Uncommon trap: reason=unstable_if action=reinterpret pc=0x0000000003238f84 method=com.android.dx.rop.code.RegisterSpec.equals(ILcom/android/dx/rop/type/TypeBearer;Lcom/android/dx/rop/code/LocalItem;)Z @ 42

Internal exceptions (3 events):
Event: 0.046 Thread 0x000000000127e000 Exception <a 'java/lang/NoSuchMethodError': Method sun.misc.Unsafe.defineClass(Ljava/lang/String;[BII)Ljava/lang/Class; name or signature does not match> (0x00000000eab07cc0) thrown at [C:\re\workspace\8-2-build-windows-amd64-cygwin\jdk8u91\6644\hotspot\srŒÂ@©dß?
Event: 0.046 Thread 0x000000000127e000 Exception <a 'java/lang/NoSuchMethodError': Method sun.misc.Unsafe.prefetchRead(Ljava/lang/Object;J)V name or signature does not match> (0x00000000eab07fa8) thrown at [C:\re\workspace\8-2-build-windows-amd64-cygwin\jdk8u91\6644\hotspot\src\share\vm\prims\j/ÉPh/@
Event: 2.629 Thread 0x0000000016c7e800 Implicit null exception at 0x000000000326cd07 to 0x000000000326eea5

Events (10 events):
Event: 2.633 loading class com/android/dx/dex/file/FieldAnnotationStruct done
Event: 2.635 loading class com/android/dx/cf/code/SwitchList
Event: 2.635 loading class com/android/dx/cf/code/SwitchList done
Event: 2.779 Thread 0x0000000016c82000 Uncommon trap: trap_request=0xffffff65 fr.pc=0x0000000003238f84
Event: 2.779 Thread 0x0000000016c82000 DEOPT PACKING pc=0x0000000003238f84 sp=0x000000001778e9f0
Event: 2.779 Thread 0x0000000016c82000 DEOPT UNPACKING pc=0x0000000002fb582a sp=0x000000001778e978 mode 2
Event: 3.011 Executing VM operation: ForceSafepoint
Event: 3.034 Executing VM operation: ForceSafepoint done
Event: 3.099 Executing VM operation: ParallelGCFailedAllocation
Event: 3.410 Executing VM operation: ParallelGCFailedAllocation done


Dynamic libraries:
0x00007ff6e9450000 - 0x00007ff6e9487000 	C:\Program Files\Java\jdk1.8.0_91\bin\java.exe
0x00007ffc7d000000 - 0x00007ffc7d1c1000 	C:\WINDOWS\SYSTEM32\ntdll.dll
0x00007ffc7cc30000 - 0x00007ffc7ccdd000 	C:\WINDOWS\system32\KERNEL32.DLL
0x00007ffc79920000 - 0x00007ffc79b08000 	C:\WINDOWS\system32\KERNELBASE.dll
0x00007ffc7ca50000 - 0x00007ffc7caf7000 	C:\WINDOWS\system32\ADVAPI32.dll
0x00007ffc7bf40000 - 0x00007ffc7bfdd000 	C:\WINDOWS\system32\msvcrt.dll
0x00007ffc7a6b0000 - 0x00007ffc7a70b000 	C:\WINDOWS\system32\sechost.dll
0x00007ffc7cee0000 - 0x00007ffc7cffc000 	C:\WINDOWS\system32\RPCRT4.dll
0x00007ffc7a3f0000 - 0x00007ffc7a546000 	C:\WINDOWS\system32\USER32.dll
0x00007ffc7cd50000 - 0x00007ffc7ced6000 	C:\WINDOWS\system32\GDI32.dll
0x00007ffc76110000 - 0x00007ffc76384000 	C:\WINDOWS\WinSxS\amd64_microsoft.windows.common-controls_6595b64144ccf1df_6.0.10586.0_none_8c15ae12515e1c22\COMCTL32.dll
0x00007ffc7bfe0000 - 0x00007ffc7c25d000 	C:\WINDOWS\system32\combase.dll
0x00007ffc79520000 - 0x00007ffc7958a000 	C:\WINDOWS\system32\bcryptPrimitives.dll
0x00007ffc7c2f0000 - 0x00007ffc7c32b000 	C:\WINDOWS\system32\IMM32.DLL
0x00007ffc792e0000 - 0x00007ffc79311000 	C:\Windows\system32\nvinitx.dll
0x00007ffc792d0000 - 0x00007ffc792da000 	C:\WINDOWS\SYSTEM32\VERSION.dll
0x0000000075450000 - 0x0000000075522000 	C:\Program Files\Java\jdk1.8.0_91\jre\bin\msvcr100.dll
0x0000000075e40000 - 0x00000000766d3000 	C:\Program Files\Java\jdk1.8.0_91\jre\bin\server\jvm.dll
0x00007ffc79b10000 - 0x00007ffc79b33000 	C:\WINDOWS\system32\WINMM.dll
0x00007ffc793f0000 - 0x00007ffc7941c000 	C:\WINDOWS\system32\WINMMBASE.dll
0x00007ffc796d0000 - 0x00007ffc79713000 	C:\WINDOWS\system32\cfgmgr32.dll
0x00007ffc7c330000 - 0x00007ffc7c338000 	C:\WINDOWS\system32\PSAPI.DLL
0x00007ffc72ab0000 - 0x00007ffc72ab9000 	C:\WINDOWS\SYSTEM32\WSOCK32.dll
0x00007ffc7cce0000 - 0x00007ffc7cd4b000 	C:\WINDOWS\system32\WS2_32.dll
0x0000000076e90000 - 0x0000000076e9f000 	C:\Program Files\Java\jdk1.8.0_91\jre\bin\verify.dll
0x0000000076e60000 - 0x0000000076e89000 	C:\Program Files\Java\jdk1.8.0_91\jre\bin\java.dll
0x0000000076e40000 - 0x0000000076e56000 	C:\Program Files\Java\jdk1.8.0_91\jre\bin\zip.dll
0x00007ffc7a730000 - 0x00007ffc7bc8c000 	C:\WINDOWS\system32\SHELL32.dll
0x00007ffc79b40000 - 0x00007ffc7a184000 	C:\WINDOWS\system32\windows.storage.dll
0x00007ffc7a390000 - 0x00007ffc7a3e2000 	C:\WINDOWS\system32\shlwapi.dll
0x00007ffc79440000 - 0x00007ffc7944f000 	C:\WINDOWS\system32\kernel.appcore.dll
0x00007ffc79460000 - 0x00007ffc79515000 	C:\WINDOWS\system32\shcore.dll
0x00007ffc795f0000 - 0x00007ffc7963b000 	C:\WINDOWS\system32\powrprof.dll
0x00007ffc79420000 - 0x00007ffc79434000 	C:\WINDOWS\system32\profapi.dll

VM Arguments:
jvm_args: -Djava.awt.headless=true -Xmx1024M -Dfile.encoding=GBK -Duser.country=CN -Duser.language=zh -Duser.variant 
java_command: com.android.dx.command.Main --dex --force-jumbo --num-threads=4 --multi-dex --output D:\andriod_projects\Smart_home\app\build\intermediates\transforms\dex\debug\folders\1000\10\com.android.support-appcompat-v7-23.3.0_625a1f190c95b9d65f48411a6722c68c952833b6 D:\andriod_projects\Smart_home\app\build\intermediates\exploded-aar\com.android.support\appcompat-v7\23.3.0\jars\classes.jar
java_class_path (initial): D:\android\android_SDK\build-tools\23.0.3\lib\dx.jar
Launcher Type: SUN_STANDARD

Environment Variables:
JAVA_HOME=C:\Program Files (x86)\Java\jdk1.8.0_31
CLASSPATH=C:\Program Files (x86)\Java\jdk1.8.0_31\lib;C:\Program Files (x86)\Java\jdk1.8.0_31\lib\tools.jar;D:\andriod environment\adt-bundle-windows-x86-20131030\eclipse\plugins\org.apache.ant_1.8.3.v201301120609\lib;
PATH=C:\PROGRA~1\PTC\MKSTOO~1\bin64;C:\PROGRA~1\PTC\MKSTOO~1\bin;C:\PROGRA~1\PTC\MKSTOO~1\bin\X11;C:\PROGRA~1\PTC\MKSTOO~1\mksnt;C:\ProgramData\Oracle\Java\javapath;C:\Program Files (x86)\Intel\iCLS Client\;C:\Program Files\Intel\iCLS Client\;C:\Program Files (x86)\NVIDIA Corporation\PhysX\Common;C:\WINDOWS\system32;C:\WINDOWS;C:\WINDOWS\System32\Wbem;C:\WINDOWS\System32\WindowsPowerShell\v1.0\;C:\Program Files\Intel\Intel(R) Management Engine Components\DAL;C:\Program Files\Intel\Intel(R) Management Engine Components\IPT;C:\Program Files (x86)\Intel\Intel(R) Management Engine Components\DAL;C:\Program Files (x86)\Intel\Intel(R) Management Engine Components\IPT;C:\Program Files (x86)\Java\jdk1.8.0_31\bin;C:\Program Files (x86)\Java\jdk1.8.0_31\jre\bin;D:\andriod environment\adt-bundle-windows-x86-20131030\sdk\tools;D:\andriod environment\adt-bundle-windows-x86-20131030\sdk\platform-tools;D:\andriod environment\adt-bundle-windows-x86-20131030\eclipse\plugins\org.apache.ant_1.8.3.v201301120609\bin;C:\Program Files\nodejs\;D:\Git\cmd;D:\HMA! Pro VPN\bin
USERNAME=freedom
DISPLAY=:0.0
OS=Windows_NT
PROCESSOR_IDENTIFIER=Intel64 Family 6 Model 60 Stepping 3, GenuineIntel



---------------  S Y S T E M  ---------------

OS: Windows 10.0 , 64 bit Build 10586 (10.0.10586.0)

CPU:total 4 (2 cores per cpu, 2 threads per core) family 6 model 60 stepping 3, cmov, cx8, fxsr, mmx, sse, sse2, sse3, ssse3, sse4.1, sse4.2, popcnt, avx, avx2, aes, clmul, erms, lzcnt, ht, tsc, tscinvbit, bmi1, bmi2

Memory: 4k page, physical 4112564k(433276k free), swap 5685428k(5672k free)

vm_info: Java HotSpot(TM) 64-Bit Server VM (25.91-b14) for windows-amd64 JRE (1.8.0_91-b14), built on Apr  1 2016 00:58:32 by "java_re" with MS VC++ 10.0 (VS2010)

time: Mon Jun 20 21:47:27 2016
elapsed time: 3 seconds (0d 0h 0m 3s)

