#
# There is insufficient memory for the Java Runtime Environment to continue.
# Native memory allocation (malloc) failed to allocate 1680352 bytes for Chunk::new
# Possible reasons:
#   The system is out of physical RAM or swap space
#   In 32 bit mode, the process size limit was hit
# Possible solutions:
#   Reduce memory load on the system
#   Increase physical memory or swap space
#   Check if swap backing store is full
#   Use 64 bit Java on a 64 bit OS
#   Decrease Java heap size (-Xmx/-Xms)
#   Decrease number of Java threads
#   Decrease Java thread stack sizes (-Xss)
#   Set larger code cache with -XX:ReservedCodeCacheSize=
# This output file may be truncated or incomplete.
#
#  Out of Memory Error (allocation.cpp:390), pid=5384, tid=3536
#
# JRE version: Java(TM) SE Runtime Environment (8.0_91-b14) (build 1.8.0_91-b14)
# Java VM: Java HotSpot(TM) 64-Bit Server VM (25.91-b14 mixed mode windows-amd64 compressed oops)
# Failed to write core dump. Minidumps are not enabled by default on client versions of Windows
#

---------------  T H R E A D  ---------------

Current thread (0x0000000016e5c000):  JavaThread "C2 CompilerThread1" daemon [_thread_in_native, id=3536, stack(0x0000000017550000,0x0000000017650000)]

Stack: [0x0000000017550000,0x0000000017650000]
[error occurred during error reporting (printing stack bounds), id 0xc0000005]

Native frames: (J=compiled Java code, j=interpreted, Vv=VM code, C=native code)


Current CompileTask:
C2:   3534 1575   !   4       com.android.dx.cf.cst.ConstantPoolParser::parse0 (731 bytes)


---------------  P R O C E S S  ---------------

Java Threads: ( => current thread )
  0x00000000170cb000 JavaThread "pool-2-thread-4" [_thread_blocked, id=4260, stack(0x0000000017d50000,0x0000000017e50000)]
  0x00000000170ca000 JavaThread "pool-2-thread-3" [_thread_blocked, id=3524, stack(0x0000000017c50000,0x0000000017d50000)]
  0x00000000170c9800 JavaThread "pool-2-thread-2" [_thread_blocked, id=1356, stack(0x0000000017b50000,0x0000000017c50000)]
  0x00000000170c8800 JavaThread "pool-3-thread-1" [_thread_blocked, id=7596, stack(0x0000000017a50000,0x0000000017b50000)]
  0x00000000170c6000 JavaThread "pool-2-thread-1" [_thread_blocked, id=3960, stack(0x0000000017950000,0x0000000017a50000)]
  0x0000000016eb4800 JavaThread "Service Thread" daemon [_thread_blocked, id=3828, stack(0x0000000017750000,0x0000000017850000)]
  0x0000000016eac000 JavaThread "C1 CompilerThread2" daemon [_thread_blocked, id=1304, stack(0x0000000017650000,0x0000000017750000)]
=>0x0000000016e5c000 JavaThread "C2 CompilerThread1" daemon [_thread_in_native, id=3536, stack(0x0000000017550000,0x0000000017650000)]
  0x0000000015b5d800 JavaThread "C2 CompilerThread0" daemon [_thread_blocked, id=2816, stack(0x0000000017450000,0x0000000017550000)]
  0x0000000015b5b800 JavaThread "Attach Listener" daemon [_thread_blocked, id=4384, stack(0x0000000017350000,0x0000000017450000)]
  0x0000000015b10000 JavaThread "Signal Dispatcher" daemon [_thread_blocked, id=3620, stack(0x0000000017250000,0x0000000017350000)]
  0x000000000342a800 JavaThread "Finalizer" daemon [_thread_blocked, id=6984, stack(0x0000000016d50000,0x0000000016e50000)]
  0x0000000003420000 JavaThread "Reference Handler" daemon [_thread_blocked, id=8904, stack(0x0000000016c50000,0x0000000016d50000)]
  0x000000000332e000 JavaThread "main" [_thread_blocked, id=1292, stack(0x0000000003140000,0x0000000003240000)]

Other Threads:
  0x0000000015ac7800 VMThread [stack: 0x0000000016b50000,0x0000000016c50000] [id=4736]
  0x0000000016ec6800 WatcherThread [stack: 0x0000000017850000,0x0000000017950000] [id=8280]

VM state:at safepoint (normal execution)

VM Mutex/Monitor currently owned by a thread:  ([mutex/lock_event])
[0x000000000332d6d0] Threads_lock - owner thread: 0x0000000015ac7800
[0x000000000332d750] Heap_lock - owner thread: 0x00000000170c6000

Heap:
 PSYoungGen      total 35328K, used 35320K [0x00000000eab00000, 0x00000000ed000000, 0x0000000100000000)
  eden space 32768K, 100% used [0x00000000eab00000,0x00000000ecb00000,0x00000000ecb00000)
  from space 2560K, 99% used [0x00000000ecd80000,0x00000000ecffe028,0x00000000ed000000)
  to   space 2560K, 99% used [0x00000000ecb00000,0x00000000ecd7e028,0x00000000ecd80000)
 ParOldGen       total 44032K, used 8226K [0x00000000c0000000, 0x00000000c2b00000, 0x00000000eab00000)
  object space 44032K, 18% used [0x00000000c0000000,0x00000000c0808a60,0x00000000c2b00000)
 Metaspace       used 6291K, capacity 7094K, committed 7296K, reserved 1056768K
  class space    used 607K, capacity 622K, committed 640K, reserved 1048576K

Card table byte_map: [0x00000000127f0000,0x0000000012a00000] byte_map_base: 0x00000000121f0000

Marking Bits: (ParMarkBitMap*) 0x0000000076652f70
 Begin Bits: [0x0000000012f60000, 0x0000000013f60000)
 End Bits:   [0x0000000013f60000, 0x0000000014f60000)

Polling page: 0x00000000017d0000

CodeCache: size=245760Kb used=6623Kb max_used=6623Kb free=239136Kb
 bounds [0x0000000003430000, 0x0000000003ab0000, 0x0000000012430000]
 total_blobs=1870 nmethods=1599 adapters=184
 compilation: enabled

Compilation events (10 events):
Event: 3.370 Thread 0x0000000016eac000 nmethod 1603 0x0000000003a97c10 code [0x0000000003a97d80, 0x0000000003a98028]
Event: 3.373 Thread 0x0000000016eac000 1606  s    3       com.android.dx.dex.file.FieldIdsSection::intern (55 bytes)
Event: 3.374 Thread 0x0000000016eac000 nmethod 1606 0x0000000003a965d0 code [0x0000000003a96800, 0x0000000003a97508]
Event: 3.374 Thread 0x0000000016eac000 1607       3       com.android.dx.util.Hex::u2 (44 bytes)
Event: 3.375 Thread 0x0000000016eac000 nmethod 1607 0x0000000003aab6d0 code [0x0000000003aab880, 0x0000000003aabef8]
Event: 3.375 Thread 0x0000000016eac000 1609       3       com.android.dx.cf.code.OneLocalsArray::makeInitialized (55 bytes)
Event: 3.375 Thread 0x0000000016eac000 nmethod 1609 0x0000000003aac1d0 code [0x0000000003aac380, 0x0000000003aaca38]
Event: 3.377 Thread 0x0000000016eac000 1610       3       com.android.dx.rop.code.Rops::opGetField (97 bytes)
Event: 3.378 Thread 0x0000000016eac000 nmethod 1610 0x0000000003aacd50 code [0x0000000003aacf80, 0x0000000003aadbf8]
Event: 3.381 Thread 0x0000000016eac000 1612       3       java.util.HashMap$EntryIterator::next (5 bytes)

GC Heap History (5 events):
Event: 0.887 GC heap before
{Heap before GC invocations=1 (full 0):
 PSYoungGen      total 18944K, used 16384K [0x00000000eab00000, 0x00000000ec000000, 0x0000000100000000)
  eden space 16384K, 100% used [0x00000000eab00000,0x00000000ebb00000,0x00000000ebb00000)
  from space 2560K, 0% used [0x00000000ebd80000,0x00000000ebd80000,0x00000000ec000000)
  to   space 2560K, 0% used [0x00000000ebb00000,0x00000000ebb00000,0x00000000ebd80000)
 ParOldGen       total 44032K, used 0K [0x00000000c0000000, 0x00000000c2b00000, 0x00000000eab00000)
  object space 44032K, 0% used [0x00000000c0000000,0x00000000c0000000,0x00000000c2b00000)
 Metaspace       used 5555K, capacity 6452K, committed 6528K, reserved 1056768K
  class space    used 597K, capacity 620K, committed 640K, reserved 1048576K
Event: 0.936 GC heap after
Heap after GC invocations=1 (full 0):
 PSYoungGen      total 18944K, used 2540K [0x00000000eab00000, 0x00000000ed000000, 0x0000000100000000)
  eden space 16384K, 0% used [0x00000000eab00000,0x00000000eab00000,0x00000000ebb00000)
  from space 2560K, 99% used [0x00000000ebb00000,0x00000000ebd7b2a8,0x00000000ebd80000)
  to   space 2560K, 0% used [0x00000000ecd80000,0x00000000ecd80000,0x00000000ed000000)
 ParOldGen       total 44032K, used 1024K [0x00000000c0000000, 0x00000000c2b00000, 0x00000000eab00000)
  object space 44032K, 2% used [0x00000000c0000000,0x00000000c01002d8,0x00000000c2b00000)
 Metaspace       used 5555K, capacity 6452K, committed 6528K, reserved 1056768K
  class space    used 597K, capacity 620K, committed 640K, reserved 1048576K
}
Event: 1.731 GC heap before
{Heap before GC invocations=2 (full 0):
 PSYoungGen      total 18944K, used 18924K [0x00000000eab00000, 0x00000000ed000000, 0x0000000100000000)
  eden space 16384K, 100% used [0x00000000eab00000,0x00000000ebb00000,0x00000000ebb00000)
  from space 2560K, 99% used [0x00000000ebb00000,0x00000000ebd7b2a8,0x00000000ebd80000)
  to   space 2560K, 0% used [0x00000000ecd80000,0x00000000ecd80000,0x00000000ed000000)
 ParOldGen       total 44032K, used 1024K [0x00000000c0000000, 0x00000000c2b00000, 0x00000000eab00000)
  object space 44032K, 2% used [0x00000000c0000000,0x00000000c01002d8,0x00000000c2b00000)
 Metaspace       used 5966K, capacity 6838K, committed 7040K, reserved 1056768K
  class space    used 601K, capacity 622K, committed 640K, reserved 1048576K
Event: 1.740 GC heap after
Heap after GC invocations=2 (full 0):
 PSYoungGen      total 35328K, used 2552K [0x00000000eab00000, 0x00000000ed000000, 0x0000000100000000)
  eden space 32768K, 0% used [0x00000000eab00000,0x00000000eab00000,0x00000000ecb00000)
  from space 2560K, 99% used [0x00000000ecd80000,0x00000000ecffe028,0x00000000ed000000)
  to   space 2560K, 0% used [0x00000000ecb00000,0x00000000ecb00000,0x00000000ecd80000)
 ParOldGen       total 44032K, used 3208K [0x00000000c0000000, 0x00000000c2b00000, 0x00000000eab00000)
  object space 44032K, 7% used [0x00000000c0000000,0x00000000c0322210,0x00000000c2b00000)
 Metaspace       used 5966K, capacity 6838K, committed 7040K, reserved 1056768K
  class space    used 601K, capacity 622K, committed 640K, reserved 1048576K
}
Event: 3.382 GC heap before
{Heap before GC invocations=3 (full 0):
 PSYoungGen      total 35328K, used 35320K [0x00000000eab00000, 0x00000000ed000000, 0x0000000100000000)
  eden space 32768K, 100% used [0x00000000eab00000,0x00000000ecb00000,0x00000000ecb00000)
  from space 2560K, 99% used [0x00000000ecd80000,0x00000000ecffe028,0x00000000ed000000)
  to   space 2560K, 0% used [0x00000000ecb00000,0x00000000ecb00000,0x00000000ecd80000)
 ParOldGen       total 44032K, used 3208K [0x00000000c0000000, 0x00000000c2b00000, 0x00000000eab00000)
  object space 44032K, 7% used [0x00000000c0000000,0x00000000c0322210,0x00000000c2b00000)
 Metaspace       used 6291K, capacity 7094K, committed 7296K, reserved 1056768K
  class space    used 607K, capacity 622K, committed 640K, reserved 1048576K

Deoptimization events (4 events):
Event: 0.335 Thread 0x000000000332e000 Uncommon trap: reason=unstable_if action=reinterpret pc=0x0000000003582d94 method=java.lang.String.compareTo(Ljava/lang/String;)I @ 38
Event: 0.780 Thread 0x000000000332e000 Uncommon trap: reason=unstable_if action=reinterpret pc=0x0000000003646a60 method=java.util.HashMap.getNode(ILjava/lang/Object;)Ljava/util/HashMap$Node; @ 129
Event: 1.172 Thread 0x00000000170c9800 Uncommon trap: reason=unstable_if action=reinterpret pc=0x000000000373b1dc method=com.android.dx.rop.cst.Constant.compareTo(Lcom/android/dx/rop/cst/Constant;)I @ 12
Event: 2.366 Thread 0x000000000332e000 Uncommon trap: reason=unstable_if action=reinterpret pc=0x00000000038a7e24 method=com.android.dx.ssa.SCCP.simulateStmt(Lcom/android/dx/ssa/SsaInsn;)V @ 53

Internal exceptions (2 events):
Event: 0.040 Thread 0x000000000332e000 Exception <a 'java/lang/NoSuchMethodError': Method sun.misc.Unsafe.defineClass(Ljava/lang/String;[BII)Ljava/lang/Class; name or signature does not match> (0x00000000eab07cc0) thrown at [C:\re\workspace\8-2-build-windows-amd64-cygwin\jdk8u91\6644\hotspot\srW¾(¾;š¤?
Event: 0.040 Thread 0x000000000332e000 Exception <a 'java/lang/NoSuchMethodError': Method sun.misc.Unsafe.prefetchRead(Ljava/lang/Object;J)V name or signature does not match> (0x00000000eab07fa8) thrown at [C:\re\workspace\8-2-build-windows-amd64-cygwin\jdk8u91\6644\hotspot\src\share\vm\prims\j

Events (10 events):
Event: 2.347 loading class com/android/dx/cf/attrib/AttRuntimeInvisibleAnnotations
Event: 2.347 loading class com/android/dx/cf/attrib/AttRuntimeInvisibleAnnotations done
Event: 2.348 loading class com/android/dx/cf/attrib/BaseAnnotations
Event: 2.348 loading class com/android/dx/cf/attrib/BaseAnnotations done
Event: 2.366 Thread 0x000000000332e000 Uncommon trap: trap_request=0xffffff65 fr.pc=0x00000000038a7e24
Event: 2.366 Thread 0x000000000332e000 DEOPT PACKING pc=0x00000000038a7e24 sp=0x000000000323e4e0
Event: 2.366 Thread 0x000000000332e000 DEOPT UNPACKING pc=0x000000000347582a sp=0x000000000323e4a8 mode 2
Event: 2.884 loading class com/android/dx/cf/code/SwitchList
Event: 2.884 loading class com/android/dx/cf/code/SwitchList done
Event: 3.381 Executing VM operation: ParallelGCFailedAllocation


Dynamic libraries:
0x00007ff6e9450000 - 0x00007ff6e9487000 	C:\Program Files\Java\jdk1.8.0_91\bin\java.exe
0x00007ffc7d000000 - 0x00007ffc7d1c1000 	C:\WINDOWS\SYSTEM32\ntdll.dll
0x00007ffc7cc30000 - 0x00007ffc7ccdd000 	C:\WINDOWS\system32\KERNEL32.DLL
0x00007ffc79920000 - 0x00007ffc79b08000 	C:\WINDOWS\system32\KERNELBASE.dll
0x00007ffc7ca50000 - 0x00007ffc7caf7000 	C:\WINDOWS\system32\ADVAPI32.dll
0x00007ffc7bf40000 - 0x00007ffc7bfdd000 	C:\WINDOWS\system32\msvcrt.dll
0x00007ffc7a6b0000 - 0x00007ffc7a70b000 	C:\WINDOWS\system32\sechost.dll
0x00007ffc7cee0000 - 0x00007ffc7cffc000 	C:\WINDOWS\system32\RPCRT4.dll
0x00007ffc7a3f0000 - 0x00007ffc7a546000 	C:\WINDOWS\system32\USER32.dll
0x00007ffc7cd50000 - 0x00007ffc7ced6000 	C:\WINDOWS\system32\GDI32.dll
0x00007ffc76110000 - 0x00007ffc76384000 	C:\WINDOWS\WinSxS\amd64_microsoft.windows.common-controls_6595b64144ccf1df_6.0.10586.0_none_8c15ae12515e1c22\COMCTL32.dll
0x00007ffc7bfe0000 - 0x00007ffc7c25d000 	C:\WINDOWS\system32\combase.dll
0x00007ffc79520000 - 0x00007ffc7958a000 	C:\WINDOWS\system32\bcryptPrimitives.dll
0x00007ffc7c2f0000 - 0x00007ffc7c32b000 	C:\WINDOWS\system32\IMM32.DLL
0x00007ffc792e0000 - 0x00007ffc79311000 	C:\Windows\system32\nvinitx.dll
0x00007ffc792d0000 - 0x00007ffc792da000 	C:\WINDOWS\SYSTEM32\VERSION.dll
0x0000000075450000 - 0x0000000075522000 	C:\Program Files\Java\jdk1.8.0_91\jre\bin\msvcr100.dll
0x0000000075e40000 - 0x00000000766d3000 	C:\Program Files\Java\jdk1.8.0_91\jre\bin\server\jvm.dll
0x00007ffc79b10000 - 0x00007ffc79b33000 	C:\WINDOWS\system32\WINMM.dll
0x00007ffc793f0000 - 0x00007ffc7941c000 	C:\WINDOWS\system32\WINMMBASE.dll
0x00007ffc796d0000 - 0x00007ffc79713000 	C:\WINDOWS\system32\cfgmgr32.dll
0x00007ffc7c330000 - 0x00007ffc7c338000 	C:\WINDOWS\system32\PSAPI.DLL
0x00007ffc72ab0000 - 0x00007ffc72ab9000 	C:\WINDOWS\SYSTEM32\WSOCK32.dll
0x00007ffc7cce0000 - 0x00007ffc7cd4b000 	C:\WINDOWS\system32\WS2_32.dll
0x0000000076e90000 - 0x0000000076e9f000 	C:\Program Files\Java\jdk1.8.0_91\jre\bin\verify.dll
0x0000000076e60000 - 0x0000000076e89000 	C:\Program Files\Java\jdk1.8.0_91\jre\bin\java.dll
0x0000000076e40000 - 0x0000000076e56000 	C:\Program Files\Java\jdk1.8.0_91\jre\bin\zip.dll
0x00007ffc7a730000 - 0x00007ffc7bc8c000 	C:\WINDOWS\system32\SHELL32.dll
0x00007ffc79b40000 - 0x00007ffc7a184000 	C:\WINDOWS\system32\windows.storage.dll
0x00007ffc7a390000 - 0x00007ffc7a3e2000 	C:\WINDOWS\system32\shlwapi.dll
0x00007ffc79440000 - 0x00007ffc7944f000 	C:\WINDOWS\system32\kernel.appcore.dll
0x00007ffc79460000 - 0x00007ffc79515000 	C:\WINDOWS\system32\shcore.dll
0x00007ffc795f0000 - 0x00007ffc7963b000 	C:\WINDOWS\system32\powrprof.dll
0x00007ffc79420000 - 0x00007ffc79434000 	C:\WINDOWS\system32\profapi.dll

VM Arguments:
jvm_args: -Djava.awt.headless=true -Xmx1024M -Dfile.encoding=GBK -Duser.country=CN -Duser.language=zh -Duser.variant 
java_command: com.android.dx.command.Main --dex --force-jumbo --num-threads=4 --multi-dex --output D:\andriod_projects\Smart_home\app\build\intermediates\transforms\dex\debug\folders\1000\10\internal_impl-23.3.0_c372bd00e650a4352188367c0a68e8e5d4113f60 D:\andriod_projects\Smart_home\app\build\intermediates\exploded-aar\com.android.support\support-v4\23.3.0\jars\libs\internal_impl-23.3.0.jar
java_class_path (initial): D:\android\android_SDK\build-tools\23.0.3\lib\dx.jar
Launcher Type: SUN_STANDARD

Environment Variables:
JAVA_HOME=C:\Program Files (x86)\Java\jdk1.8.0_31
CLASSPATH=C:\Program Files (x86)\Java\jdk1.8.0_31\lib;C:\Program Files (x86)\Java\jdk1.8.0_31\lib\tools.jar;D:\andriod environment\adt-bundle-windows-x86-20131030\eclipse\plugins\org.apache.ant_1.8.3.v201301120609\lib;
PATH=C:\PROGRA~1\PTC\MKSTOO~1\bin64;C:\PROGRA~1\PTC\MKSTOO~1\bin;C:\PROGRA~1\PTC\MKSTOO~1\bin\X11;C:\PROGRA~1\PTC\MKSTOO~1\mksnt;C:\ProgramData\Oracle\Java\javapath;C:\Program Files (x86)\Intel\iCLS Client\;C:\Program Files\Intel\iCLS Client\;C:\Program Files (x86)\NVIDIA Corporation\PhysX\Common;C:\WINDOWS\system32;C:\WINDOWS;C:\WINDOWS\System32\Wbem;C:\WINDOWS\System32\WindowsPowerShell\v1.0\;C:\Program Files\Intel\Intel(R) Management Engine Components\DAL;C:\Program Files\Intel\Intel(R) Management Engine Components\IPT;C:\Program Files (x86)\Intel\Intel(R) Management Engine Components\DAL;C:\Program Files (x86)\Intel\Intel(R) Management Engine Components\IPT;C:\Program Files (x86)\Java\jdk1.8.0_31\bin;C:\Program Files (x86)\Java\jdk1.8.0_31\jre\bin;D:\andriod environment\adt-bundle-windows-x86-20131030\sdk\tools;D:\andriod environment\adt-bundle-windows-x86-20131030\sdk\platform-tools;D:\andriod environment\adt-bundle-windows-x86-20131030\eclipse\plugins\org.apache.ant_1.8.3.v201301120609\bin;C:\Program Files\nodejs\;D:\Git\cmd;D:\HMA! Pro VPN\bin
USERNAME=freedom
DISPLAY=:0.0
OS=Windows_NT
PROCESSOR_IDENTIFIER=Intel64 Family 6 Model 60 Stepping 3, GenuineIntel



---------------  S Y S T E M  ---------------

OS: Windows 10.0 , 64 bit Build 10586 (10.0.10586.0)

CPU:total 4 (2 cores per cpu, 2 threads per core) family 6 model 60 stepping 3, cmov, cx8, fxsr, mmx, sse, sse2, sse3, ssse3, sse4.1, sse4.2, popcnt, avx, avx2, aes, clmul, erms, lzcnt, ht, tsc, tscinvbit, bmi1, bmi2

Memory: 4k page, physical 4112564k(433276k free), swap 5685428k(5672k free)

vm_info: Java HotSpot(TM) 64-Bit Server VM (25.91-b14) for windows-amd64 JRE (1.8.0_91-b14), built on Apr  1 2016 00:58:32 by "java_re" with MS VC++ 10.0 (VS2010)

time: Mon Jun 20 21:47:27 2016
elapsed time: 3 seconds (0d 0h 0m 3s)

