#
# There is insufficient memory for the Java Runtime Environment to continue.
# Native memory allocation (malloc) failed to allocate 1023376 bytes for Chunk::new
# Possible reasons:
#   The system is out of physical RAM or swap space
#   In 32 bit mode, the process size limit was hit
# Possible solutions:
#   Reduce memory load on the system
#   Increase physical memory or swap space
#   Check if swap backing store is full
#   Use 64 bit Java on a 64 bit OS
#   Decrease Java heap size (-Xmx/-Xms)
#   Decrease number of Java threads
#   Decrease Java thread stack sizes (-Xss)
#   Set larger code cache with -XX:ReservedCodeCacheSize=
# This output file may be truncated or incomplete.
#
#  Out of Memory Error (allocation.cpp:390), pid=8636, tid=5168
#
# JRE version: Java(TM) SE Runtime Environment (8.0_91-b14) (build 1.8.0_91-b14)
# Java VM: Java HotSpot(TM) 64-Bit Server VM (25.91-b14 mixed mode windows-amd64 compressed oops)
# Failed to write core dump. Minidumps are not enabled by default on client versions of Windows
#

---------------  T H R E A D  ---------------

Current thread (0x0000000016aa6800):  JavaThread "C2 CompilerThread1" daemon [_thread_in_native, id=5168, stack(0x0000000017150000,0x0000000017250000)]

Stack: [0x0000000017150000,0x0000000017250000]
[error occurred during error reporting (printing stack bounds), id 0xc0000005]

Native frames: (J=compiled Java code, j=interpreted, Vv=VM code, C=native code)


Current CompileTask:
C2:   6440 1573       4       com.android.dx.ssa.SCCP::simulatePhi (169 bytes)


---------------  P R O C E S S  ---------------

Java Threads: ( => current thread )
  0x0000000016cdd000 JavaThread "pool-1-thread-4" [_thread_blocked, id=4952, stack(0x0000000017950000,0x0000000017a50000)]
  0x0000000016cdc800 JavaThread "pool-1-thread-3" [_thread_blocked, id=8456, stack(0x0000000017850000,0x0000000017950000)]
  0x0000000016cd8000 JavaThread "pool-1-thread-2" [_thread_in_Java, id=4632, stack(0x0000000017750000,0x0000000017850000)]
  0x0000000016cd7800 JavaThread "pool-2-thread-1" [_thread_blocked, id=3088, stack(0x0000000017650000,0x0000000017750000)]
  0x0000000016cc3000 JavaThread "pool-1-thread-1" [_thread_in_vm, id=8824, stack(0x0000000017550000,0x0000000017650000)]
  0x0000000016aaf800 JavaThread "Service Thread" daemon [_thread_blocked, id=4900, stack(0x0000000017350000,0x0000000017450000)]
  0x0000000016aaa000 JavaThread "C1 CompilerThread2" daemon [_thread_blocked, id=8956, stack(0x0000000017250000,0x0000000017350000)]
=>0x0000000016aa6800 JavaThread "C2 CompilerThread1" daemon [_thread_in_native, id=5168, stack(0x0000000017150000,0x0000000017250000)]
  0x00000000156db800 JavaThread "C2 CompilerThread0" daemon [_thread_in_native, id=9172, stack(0x0000000017050000,0x0000000017150000)]
  0x00000000156d9000 JavaThread "Attach Listener" daemon [_thread_blocked, id=10828, stack(0x0000000016f50000,0x0000000017050000)]
  0x000000001568f000 JavaThread "Signal Dispatcher" daemon [_thread_blocked, id=5280, stack(0x0000000016e50000,0x0000000016f50000)]
  0x0000000002f7a800 JavaThread "Finalizer" daemon [_thread_blocked, id=9380, stack(0x00000000168e0000,0x00000000169e0000)]
  0x0000000002f70000 JavaThread "Reference Handler" daemon [_thread_blocked, id=9564, stack(0x00000000167e0000,0x00000000168e0000)]
  0x00000000028fe800 JavaThread "main" [_thread_blocked, id=11876, stack(0x0000000002d80000,0x0000000002e80000)]

Other Threads:
  0x0000000015648000 VMThread [stack: 0x00000000166e0000,0x00000000167e0000] [id=5976]
  0x0000000016b0d000 WatcherThread [stack: 0x0000000017450000,0x0000000017550000] [id=9412]

VM state:not at safepoint (normal execution)

VM Mutex/Monitor currently owned by a thread: None

Heap:
 PSYoungGen      total 35328K, used 10552K [0x00000000eab00000, 0x00000000ef000000, 0x0000000100000000)
  eden space 32768K, 24% used [0x00000000eab00000,0x00000000eb2d5ed8,0x00000000ecb00000)
  from space 2560K, 98% used [0x00000000ecb00000,0x00000000ecd783f8,0x00000000ecd80000)
  to   space 2560K, 0% used [0x00000000eed80000,0x00000000eed80000,0x00000000ef000000)
 ParOldGen       total 44032K, used 8990K [0x00000000c0000000, 0x00000000c2b00000, 0x00000000eab00000)
  object space 44032K, 20% used [0x00000000c0000000,0x00000000c08c7ba8,0x00000000c2b00000)
 Metaspace       used 6270K, capacity 7094K, committed 7296K, reserved 1056768K
  class space    used 607K, capacity 622K, committed 640K, reserved 1048576K

Card table byte_map: [0x0000000012350000,0x0000000012560000] byte_map_base: 0x0000000011d50000

Marking Bits: (ParMarkBitMap*) 0x0000000076812f70
 Begin Bits: [0x0000000012ac0000, 0x0000000013ac0000)
 End Bits:   [0x0000000013ac0000, 0x0000000014ac0000)

Polling page: 0x00000000028e0000

CodeCache: size=245760Kb used=6739Kb max_used=6751Kb free=239020Kb
 bounds [0x0000000002f90000, 0x0000000003630000, 0x0000000011f90000]
 total_blobs=1849 nmethods=1577 adapters=184
 compilation: enabled

Compilation events (10 events):
Event: 6.342 Thread 0x00000000156db800 nmethod 1551 0x000000000361f410 code [0x000000000361f560, 0x000000000361f6f8]
Event: 6.342 Thread 0x00000000156db800 1461       4       com.android.dx.ssa.back.FirstFitLocalCombiningAllocator$1::visitNonMoveInsn (6 bytes)
Event: 6.342 Thread 0x00000000156db800 nmethod 1461 0x000000000361c210 code [0x000000000361c360, 0x000000000361c3e8]
Event: 6.342 Thread 0x00000000156db800 1568       4       com.android.dx.ssa.SsaRenamer$BlockRenamer::visitNonMoveInsn (14 bytes)
Event: 6.371 Thread 0x00000000156db800 nmethod 1568 0x000000000361fdd0 code [0x000000000361ff60, 0x00000000036207b0]
Event: 6.371 Thread 0x00000000156db800 1455       4       com.android.dx.ssa.Dominators$DfsWalker::visitBlock (59 bytes)
Event: 6.380 Thread 0x00000000156db800 nmethod 1455 0x000000000361e890 code [0x000000000361ea00, 0x000000000361ef78]
Event: 6.423 Thread 0x00000000156db800 1580       4       com.android.dx.rop.code.BasicBlockList$RegCountVisitor::visitThrowingCstInsn (6 bytes)
Event: 6.427 Thread 0x00000000156db800 nmethod 1580 0x000000000362d090 code [0x000000000362d1e0, 0x000000000362d458]
Event: 6.428 Thread 0x00000000156db800 1581       4       com.android.dx.cf.code.ValueAwareMachine::run (1142 bytes)

GC Heap History (6 events):
Event: 2.280 GC heap before
{Heap before GC invocations=1 (full 0):
 PSYoungGen      total 18944K, used 16384K [0x00000000eab00000, 0x00000000ec000000, 0x0000000100000000)
  eden space 16384K, 100% used [0x00000000eab00000,0x00000000ebb00000,0x00000000ebb00000)
  from space 2560K, 0% used [0x00000000ebd80000,0x00000000ebd80000,0x00000000ec000000)
  to   space 2560K, 0% used [0x00000000ebb00000,0x00000000ebb00000,0x00000000ebd80000)
 ParOldGen       total 44032K, used 0K [0x00000000c0000000, 0x00000000c2b00000, 0x00000000eab00000)
  object space 44032K, 0% used [0x00000000c0000000,0x00000000c0000000,0x00000000c2b00000)
 Metaspace       used 5648K, capacity 6516K, committed 6784K, reserved 1056768K
  class space    used 604K, capacity 620K, committed 640K, reserved 1048576K
Event: 2.605 GC heap after
Heap after GC invocations=1 (full 0):
 PSYoungGen      total 18944K, used 2540K [0x00000000eab00000, 0x00000000ed000000, 0x0000000100000000)
  eden space 16384K, 0% used [0x00000000eab00000,0x00000000eab00000,0x00000000ebb00000)
  from space 2560K, 99% used [0x00000000ebb00000,0x00000000ebd7b2c8,0x00000000ebd80000)
  to   space 2560K, 0% used [0x00000000ecd80000,0x00000000ecd80000,0x00000000ed000000)
 ParOldGen       total 44032K, used 1207K [0x00000000c0000000, 0x00000000c2b00000, 0x00000000eab00000)
  object space 44032K, 2% used [0x00000000c0000000,0x00000000c012dd88,0x00000000c2b00000)
 Metaspace       used 5648K, capacity 6516K, committed 6784K, reserved 1056768K
  class space    used 604K, capacity 620K, committed 640K, reserved 1048576K
}
Event: 3.781 GC heap before
{Heap before GC invocations=2 (full 0):
 PSYoungGen      total 18944K, used 18924K [0x00000000eab00000, 0x00000000ed000000, 0x0000000100000000)
  eden space 16384K, 100% used [0x00000000eab00000,0x00000000ebb00000,0x00000000ebb00000)
  from space 2560K, 99% used [0x00000000ebb00000,0x00000000ebd7b2c8,0x00000000ebd80000)
  to   space 2560K, 0% used [0x00000000ecd80000,0x00000000ecd80000,0x00000000ed000000)
 ParOldGen       total 44032K, used 1207K [0x00000000c0000000, 0x00000000c2b00000, 0x00000000eab00000)
  object space 44032K, 2% used [0x00000000c0000000,0x00000000c012dd88,0x00000000c2b00000)
 Metaspace       used 6079K, capacity 6902K, committed 7040K, reserved 1056768K
  class space    used 607K, capacity 622K, committed 640K, reserved 1048576K
Event: 3.922 GC heap after
Heap after GC invocations=2 (full 0):
 PSYoungGen      total 35328K, used 2557K [0x00000000eab00000, 0x00000000ed000000, 0x0000000100000000)
  eden space 32768K, 0% used [0x00000000eab00000,0x00000000eab00000,0x00000000ecb00000)
  from space 2560K, 99% used [0x00000000ecd80000,0x00000000ecfff4e8,0x00000000ed000000)
  to   space 2560K, 0% used [0x00000000ecb00000,0x00000000ecb00000,0x00000000ecd80000)
 ParOldGen       total 44032K, used 3413K [0x00000000c0000000, 0x00000000c2b00000, 0x00000000eab00000)
  object space 44032K, 7% used [0x00000000c0000000,0x00000000c0355740,0x00000000c2b00000)
 Metaspace       used 6079K, capacity 6902K, committed 7040K, reserved 1056768K
  class space    used 607K, capacity 622K, committed 640K, reserved 1048576K
}
Event: 5.992 GC heap before
{Heap before GC invocations=3 (full 0):
 PSYoungGen      total 35328K, used 35325K [0x00000000eab00000, 0x00000000ed000000, 0x0000000100000000)
  eden space 32768K, 100% used [0x00000000eab00000,0x00000000ecb00000,0x00000000ecb00000)
  from space 2560K, 99% used [0x00000000ecd80000,0x00000000ecfff4e8,0x00000000ed000000)
  to   space 2560K, 0% used [0x00000000ecb00000,0x00000000ecb00000,0x00000000ecd80000)
 ParOldGen       total 44032K, used 3413K [0x00000000c0000000, 0x00000000c2b00000, 0x00000000eab00000)
  object space 44032K, 7% used [0x00000000c0000000,0x00000000c0355740,0x00000000c2b00000)
 Metaspace       used 6264K, capacity 7094K, committed 7296K, reserved 1056768K
  class space    used 607K, capacity 622K, committed 640K, reserved 1048576K
Event: 6.167 GC heap after
Heap after GC invocations=3 (full 0):
 PSYoungGen      total 35328K, used 2528K [0x00000000eab00000, 0x00000000ef000000, 0x0000000100000000)
  eden space 32768K, 0% used [0x00000000eab00000,0x00000000eab00000,0x00000000ecb00000)
  from space 2560K, 98% used [0x00000000ecb00000,0x00000000ecd783f8,0x00000000ecd80000)
  to   space 2560K, 0% used [0x00000000eed80000,0x00000000eed80000,0x00000000ef000000)
 ParOldGen       total 44032K, used 8990K [0x00000000c0000000, 0x00000000c2b00000, 0x00000000eab00000)
  object space 44032K, 20% used [0x00000000c0000000,0x00000000c08c7ba8,0x00000000c2b00000)
 Metaspace       used 6264K, capacity 7094K, committed 7296K, reserved 1056768K
  class space    used 607K, capacity 622K, committed 640K, reserved 1048576K
}

Deoptimization events (10 events):
Event: 5.110 Thread 0x0000000016cdc800 Uncommon trap: reason=bimorphic action=maybe_recompile pc=0x0000000003581e98 method=com.android.dx.ssa.LiteralOpUpgrader.tryReplacingWithConstant(Lcom/android/dx/ssa/NormalSsaInsn;)Z @ 52
Event: 5.112 Thread 0x0000000016cdd000 Uncommon trap: reason=bimorphic action=maybe_recompile pc=0x0000000003581e98 method=com.android.dx.ssa.LiteralOpUpgrader.tryReplacingWithConstant(Lcom/android/dx/ssa/NormalSsaInsn;)Z @ 52
Event: 5.198 Thread 0x0000000016cc3000 Uncommon trap: reason=class_check action=maybe_recompile pc=0x0000000003564f44 method=com.android.dx.cf.code.BytecodeArray.parseInstruction(ILcom/android/dx/cf/code/BytecodeArray$Visitor;)I @ 2399
Event: 5.246 Thread 0x00000000028fe800 Uncommon trap: reason=unloaded action=reinterpret pc=0x00000000034e4c54 method=com.android.dx.cf.cst.ConstantPoolParser.parse0(ILjava/util/BitSet;)Lcom/android/dx/rop/cst/Constant; @ 198
Event: 5.261 Thread 0x0000000016cdd000 Uncommon trap: reason=uninitialized action=reinterpret pc=0x00000000035638ac method=com.android.dx.cf.code.BytecodeArray.parseInstruction(ILcom/android/dx/cf/code/BytecodeArray$Visitor;)I @ 1095
Event: 5.284 Thread 0x0000000016cdd000 Uncommon trap: reason=bimorphic action=maybe_recompile pc=0x00000000035bc2d0 method=com.android.dx.ssa.SCCP.setLatticeValueTo(IILcom/android/dx/rop/cst/Constant;)Z @ 43
Event: 5.284 Thread 0x0000000016cdd000 Uncommon trap: reason=bimorphic action=maybe_recompile pc=0x00000000035bc234 method=com.android.dx.ssa.SCCP.simulatePhi(Lcom/android/dx/ssa/PhiInsn;)V @ 124
Event: 5.284 Thread 0x0000000016cdd000 Uncommon trap: reason=bimorphic action=maybe_recompile pc=0x00000000035bc2d0 method=com.android.dx.ssa.SCCP.setLatticeValueTo(IILcom/android/dx/rop/cst/Constant;)Z @ 43
Event: 5.284 Thread 0x0000000016cdd000 Uncommon trap: reason=bimorphic action=maybe_recompile pc=0x00000000035bc2d0 method=com.android.dx.ssa.SCCP.setLatticeValueTo(IILcom/android/dx/rop/cst/Constant;)Z @ 43
Event: 5.287 Thread 0x0000000016cdd000 Uncommon trap: reason=bimorphic action=maybe_recompile pc=0x00000000035bc2d0 method=com.android.dx.ssa.SCCP.setLatticeValueTo(IILcom/android/dx/rop/cst/Constant;)Z @ 43

Internal exceptions (4 events):
Event: 0.038 Thread 0x00000000028fe800 Exception <a 'java/lang/NoSuchMethodError': Method sun.misc.Unsafe.defineClass(Ljava/lang/String;[BII)Ljava/lang/Class; name or signature does not match> (0x00000000eab07cc0) thrown at [C:\re\workspace\8-2-build-windows-amd64-cygwin\jdk8u91\6644\hotspot\srBJ6¿èt£?
Event: 0.038 Thread 0x00000000028fe800 Exception <a 'java/lang/NoSuchMethodError': Method sun.misc.Unsafe.prefetchRead(Ljava/lang/Object;J)V name or signature does not match> (0x00000000eab07fa8) thrown at [C:\re\workspace\8-2-build-windows-amd64-cygwin\jdk8u91\6644\hotspot\src\share\vm\prims\jÈ9(#ª@
Event: 3.466 Thread 0x0000000016cd8000 Implicit null exception at 0x00000000032c7fb7 to 0x00000000032c9cd9
Event: 3.516 Thread 0x0000000016cd8000 Implicit null exception at 0x00000000032adf49 to 0x00000000032afaa9

Events (10 events):
Event: 5.284 Thread 0x0000000016cdd000 DEOPT PACKING pc=0x00000000035bc2d0 sp=0x0000000017a4ebe0
Event: 5.284 Thread 0x0000000016cdd000 DEOPT UNPACKING pc=0x0000000002fd582a sp=0x0000000017a4eb48 mode 2
Event: 5.284 Thread 0x0000000016cdd000 Uncommon trap: trap_request=0xffffffc6 fr.pc=0x00000000035bc2d0
Event: 5.284 Thread 0x0000000016cdd000 DEOPT PACKING pc=0x00000000035bc2d0 sp=0x0000000017a4ec80
Event: 5.284 Thread 0x0000000016cdd000 DEOPT UNPACKING pc=0x0000000002fd582a sp=0x0000000017a4ebe8 mode 2
Event: 5.287 Thread 0x0000000016cdd000 Uncommon trap: trap_request=0xffffffc6 fr.pc=0x00000000035bc2d0
Event: 5.287 Thread 0x0000000016cdd000 DEOPT PACKING pc=0x00000000035bc2d0 sp=0x0000000017a4eb50
Event: 5.287 Thread 0x0000000016cdd000 DEOPT UNPACKING pc=0x0000000002fd582a sp=0x0000000017a4eab8 mode 2
Event: 5.303 Executing VM operation: ParallelGCFailedAllocation
Event: 6.168 Executing VM operation: ParallelGCFailedAllocation done


Dynamic libraries:
0x00007ff7ee720000 - 0x00007ff7ee757000 	C:\Program Files\Java\jdk1.8.0_91\bin\java.exe
0x00007fff41bf0000 - 0x00007fff41dc1000 	C:\WINDOWS\SYSTEM32\ntdll.dll
0x00007fff3f310000 - 0x00007fff3f3bb000 	C:\WINDOWS\System32\KERNEL32.DLL
0x00007fff3e220000 - 0x00007fff3e43d000 	C:\WINDOWS\System32\KERNELBASE.dll
0x00007fff3f480000 - 0x00007fff3f522000 	C:\WINDOWS\System32\ADVAPI32.dll
0x00007fff3ffb0000 - 0x00007fff4004e000 	C:\WINDOWS\System32\msvcrt.dll
0x00007fff3f250000 - 0x00007fff3f2a9000 	C:\WINDOWS\System32\sechost.dll
0x00007fff3efc0000 - 0x00007fff3f0e1000 	C:\WINDOWS\System32\RPCRT4.dll
0x00007fff3fc10000 - 0x00007fff3fd75000 	C:\WINDOWS\System32\USER32.dll
0x00007fff3e0f0000 - 0x00007fff3e10e000 	C:\WINDOWS\System32\win32u.dll
0x00007fff3fa90000 - 0x00007fff3fac4000 	C:\WINDOWS\System32\GDI32.dll
0x00007fff3e440000 - 0x00007fff3e5c2000 	C:\WINDOWS\System32\gdi32full.dll
0x00007fff336a0000 - 0x00007fff33919000 	C:\WINDOWS\WinSxS\amd64_microsoft.windows.common-controls_6595b64144ccf1df_6.0.14393.0_none_2d0f50fcbdb171b8\COMCTL32.dll
0x00007fff3f7a0000 - 0x00007fff3fa67000 	C:\WINDOWS\System32\combase.dll
0x00007fff3e7d0000 - 0x00007fff3e8c5000 	C:\WINDOWS\System32\ucrtbase.dll
0x00007fff3df90000 - 0x00007fff3dffa000 	C:\WINDOWS\System32\bcryptPrimitives.dll
0x00007fff3fd80000 - 0x00007fff3fdae000 	C:\WINDOWS\System32\IMM32.DLL
0x0000000075b90000 - 0x0000000075c62000 	C:\Program Files\Java\jdk1.8.0_91\jre\bin\msvcr100.dll
0x0000000076000000 - 0x0000000076893000 	C:\Program Files\Java\jdk1.8.0_91\jre\bin\server\jvm.dll
0x00007fff3e7a0000 - 0x00007fff3e7c3000 	C:\WINDOWS\System32\WINMM.dll
0x00007fff3de20000 - 0x00007fff3de4b000 	C:\WINDOWS\System32\WINMMBASE.dll
0x00007fff3e000000 - 0x00007fff3e042000 	C:\WINDOWS\System32\cfgmgr32.dll
0x00007fff40050000 - 0x00007fff40058000 	C:\WINDOWS\System32\PSAPI.DLL
0x00007fff395c0000 - 0x00007fff395ca000 	C:\WINDOWS\SYSTEM32\VERSION.dll
0x00007fff2ea20000 - 0x00007fff2ea29000 	C:\WINDOWS\SYSTEM32\WSOCK32.dll
0x00007fff40060000 - 0x00007fff400ca000 	C:\WINDOWS\System32\WS2_32.dll
0x0000000050000000 - 0x000000005000f000 	C:\Program Files\Java\jdk1.8.0_91\jre\bin\verify.dll
0x0000000075fd0000 - 0x0000000075ff9000 	C:\Program Files\Java\jdk1.8.0_91\jre\bin\java.dll
0x0000000075fb0000 - 0x0000000075fc6000 	C:\Program Files\Java\jdk1.8.0_91\jre\bin\zip.dll
0x00007fff400d0000 - 0x00007fff415d8000 	C:\WINDOWS\System32\SHELL32.dll
0x00007fff3e8d0000 - 0x00007fff3efaa000 	C:\WINDOWS\System32\windows.storage.dll
0x00007fff3df40000 - 0x00007fff3df8c000 	C:\WINDOWS\System32\powrprof.dll
0x00007fff3ff50000 - 0x00007fff3ffa2000 	C:\WINDOWS\System32\shlwapi.dll
0x00007fff3de80000 - 0x00007fff3de8f000 	C:\WINDOWS\System32\kernel.appcore.dll
0x00007fff3e110000 - 0x00007fff3e1b9000 	C:\WINDOWS\System32\shcore.dll
0x00007fff3de50000 - 0x00007fff3de64000 	C:\WINDOWS\System32\profapi.dll

VM Arguments:
jvm_args: -Djava.awt.headless=true -Xmx1024M -Dfile.encoding=GBK -Duser.country=CN -Duser.language=zh -Duser.variant 
java_command: com.android.dx.command.Main --dex --force-jumbo --num-threads=4 --output D:\andriod_projects\smartHome\app\build\intermediates\pre-dexed\debug\com.android.support-appcompat-v7-23.3.0_08b6caf9083ef3333c1d2d027f917b3b9e753913.jar D:\andriod_projects\smartHome\app\build\intermediates\exploded-aar\com.android.support\appcompat-v7\23.3.0\jars\classes.jar
java_class_path (initial): D:\android\android_SDK\build-tools\23.0.3\lib\dx.jar
Launcher Type: SUN_STANDARD

Environment Variables:
JAVA_HOME=C:\Program Files (x86)\Java\jdk1.8.0_31
CLASSPATH=C:\Program Files (x86)\Java\jdk1.8.0_31\lib;C:\Program Files (x86)\Java\jdk1.8.0_31\lib\tools.jar;D:\andriod environment\adt-bundle-windows-x86-20131030\eclipse\plugins\org.apache.ant_1.8.3.v201301120609\lib;
PATH=C:\PROGRA~1\PTC\MKSTOO~1\bin64;C:\PROGRA~1\PTC\MKSTOO~1\bin;C:\PROGRA~1\PTC\MKSTOO~1\bin\X11;C:\PROGRA~1\PTC\MKSTOO~1\mksnt;C:\ProgramData\Oracle\Java\javapath;C:\Program Files (x86)\Intel\iCLS Client\;C:\Program Files\Intel\iCLS Client\;C:\Program Files (x86)\NVIDIA Corporation\PhysX\Common;C:\WINDOWS\system32;C:\WINDOWS;C:\WINDOWS\System32\Wbem;C:\WINDOWS\System32\WindowsPowerShell\v1.0\;C:\Program Files\Intel\Intel(R) Management Engine Components\DAL;C:\Program Files\Intel\Intel(R) Management Engine Components\IPT;C:\Program Files (x86)\Intel\Intel(R) Management Engine Components\DAL;C:\Program Files (x86)\Intel\Intel(R) Management Engine Components\IPT;C:\Program Files (x86)\Java\jdk1.8.0_31\bin;C:\Program Files (x86)\Java\jdk1.8.0_31\jre\bin;D:\andriod environment\adt-bundle-windows-x86-20131030\sdk\tools;D:\andriod environment\adt-bundle-windows-x86-20131030\sdk\platform-tools;D:\andriod environment\adt-bundle-windows-x86-20131030\eclipse\plugins\org.apache.ant_1.8.3.v201301120609\bin;C:\Program Files\nodejs\;D:\Git\cmd;D:\HMA! Pro VPN\bin;C:\Users\zhiwu_000\AppData\Local\Microsoft\WindowsApps;
USERNAME=freedom
DISPLAY=:0.0
OS=Windows_NT
PROCESSOR_IDENTIFIER=Intel64 Family 6 Model 60 Stepping 3, GenuineIntel



---------------  S Y S T E M  ---------------

OS: Windows 10.0 , 64 bit Build 14393 (10.0.14393.0)

CPU:total 4 (2 cores per cpu, 2 threads per core) family 6 model 60 stepping 3, cmov, cx8, fxsr, mmx, sse, sse2, sse3, ssse3, sse4.1, sse4.2, popcnt, avx, avx2, aes, clmul, erms, lzcnt, ht, tsc, tscinvbit, bmi1, bmi2

Memory: 4k page, physical 4112564k(291784k free), swap 5685428k(5248k free)

vm_info: Java HotSpot(TM) 64-Bit Server VM (25.91-b14) for windows-amd64 JRE (1.8.0_91-b14), built on Apr  1 2016 00:58:32 by "java_re" with MS VC++ 10.0 (VS2010)

time: Sun Oct 02 21:09:00 2016
elapsed time: 6 seconds (0d 0h 0m 6s)

