#
# There is insufficient memory for the Java Runtime Environment to continue.
# Native memory allocation (malloc) failed to allocate 201280 bytes for Chunk::new
# Possible reasons:
#   The system is out of physical RAM or swap space
#   In 32 bit mode, the process size limit was hit
# Possible solutions:
#   Reduce memory load on the system
#   Increase physical memory or swap space
#   Check if swap backing store is full
#   Use 64 bit Java on a 64 bit OS
#   Decrease Java heap size (-Xmx/-Xms)
#   Decrease number of Java threads
#   Decrease Java thread stack sizes (-Xss)
#   Set larger code cache with -XX:ReservedCodeCacheSize=
# This output file may be truncated or incomplete.
#
#  Out of Memory Error (allocation.cpp:390), pid=12808, tid=5584
#
# JRE version: Java(TM) SE Runtime Environment (8.0_91-b14) (build 1.8.0_91-b14)
# Java VM: Java HotSpot(TM) 64-Bit Server VM (25.91-b14 mixed mode windows-amd64 compressed oops)
# Failed to write core dump. Minidumps are not enabled by default on client versions of Windows
#

---------------  T H R E A D  ---------------

Current thread (0x0000000015093800):  JavaThread "C2 CompilerThread0" daemon [_thread_in_native, id=5584, stack(0x00000000169f0000,0x0000000016af0000)]

Stack: [0x00000000169f0000,0x0000000016af0000]
[error occurred during error reporting (printing stack bounds), id 0xc0000005]

Native frames: (J=compiled Java code, j=interpreted, Vv=VM code, C=native code)


Current CompileTask:
C2:   4125 1174 %     4       com.android.dx.ssa.SsaMethod::deleteInsns @ 42 (239 bytes)


---------------  P R O C E S S  ---------------

Java Threads: ( => current thread )
  0x0000000016579000 JavaThread "pool-2-thread-4" [_thread_in_Java, id=3964, stack(0x00000000172f0000,0x00000000173f0000)]
  0x0000000016577800 JavaThread "pool-2-thread-3" [_thread_in_Java, id=3676, stack(0x00000000171f0000,0x00000000172f0000)]
  0x0000000016576800 JavaThread "pool-2-thread-2" [_thread_in_vm, id=8368, stack(0x00000000170f0000,0x00000000171f0000)]
  0x0000000016576000 JavaThread "pool-3-thread-1" [_thread_blocked, id=3068, stack(0x0000000016ff0000,0x00000000170f0000)]
  0x0000000016573000 JavaThread "pool-2-thread-1" [_thread_in_Java, id=1524, stack(0x0000000016ef0000,0x0000000016ff0000)]
  0x0000000016452800 JavaThread "Service Thread" daemon [_thread_blocked, id=10100, stack(0x0000000016cf0000,0x0000000016df0000)]
  0x000000001644d800 JavaThread "C1 CompilerThread2" daemon [_thread_blocked, id=9996, stack(0x0000000016bf0000,0x0000000016cf0000)]
  0x000000001644a000 JavaThread "C2 CompilerThread1" daemon [_thread_in_native, id=10556, stack(0x0000000016af0000,0x0000000016bf0000)]
=>0x0000000015093800 JavaThread "C2 CompilerThread0" daemon [_thread_in_native, id=5584, stack(0x00000000169f0000,0x0000000016af0000)]
  0x0000000015091800 JavaThread "Attach Listener" daemon [_thread_blocked, id=7364, stack(0x00000000168f0000,0x00000000169f0000)]
  0x000000001504e000 JavaThread "Signal Dispatcher" daemon [_thread_blocked, id=12280, stack(0x00000000167f0000,0x00000000168f0000)]
  0x000000001502a000 JavaThread "Finalizer" daemon [_thread_blocked, id=14900, stack(0x0000000016290000,0x0000000016390000)]
  0x00000000025d0000 JavaThread "Reference Handler" daemon [_thread_blocked, id=14548, stack(0x0000000016190000,0x0000000016290000)]
  0x000000000093e000 JavaThread "main" [_thread_blocked, id=13012, stack(0x0000000000c90000,0x0000000000d90000)]

Other Threads:
  0x0000000015007800 VMThread [stack: 0x0000000016090000,0x0000000016190000] [id=4812]
  0x0000000016465800 WatcherThread [stack: 0x0000000016df0000,0x0000000016ef0000] [id=12536]

VM state:not at safepoint (normal execution)

VM Mutex/Monitor currently owned by a thread: None

Heap:
 PSYoungGen      total 35328K, used 16662K [0x00000000eab00000, 0x00000000ed000000, 0x0000000100000000)
  eden space 32768K, 43% used [0x00000000eab00000,0x00000000eb8c78e0,0x00000000ecb00000)
  from space 2560K, 99% used [0x00000000ecd80000,0x00000000ecffe040,0x00000000ed000000)
  to   space 2560K, 0% used [0x00000000ecb00000,0x00000000ecb00000,0x00000000ecd80000)
 ParOldGen       total 44032K, used 4818K [0x00000000c0000000, 0x00000000c2b00000, 0x00000000eab00000)
  object space 44032K, 10% used [0x00000000c0000000,0x00000000c04b4968,0x00000000c2b00000)
 Metaspace       used 6003K, capacity 6936K, committed 7168K, reserved 1056768K
  class space    used 606K, capacity 656K, committed 768K, reserved 1048576K

Card table byte_map: [0x0000000011d30000,0x0000000011f40000] byte_map_base: 0x0000000011730000

Marking Bits: (ParMarkBitMap*) 0x000000005aef2f70
 Begin Bits: [0x00000000124a0000, 0x00000000134a0000)
 End Bits:   [0x00000000134a0000, 0x00000000144a0000)

Polling page: 0x0000000000910000

CodeCache: size=245760Kb used=4709Kb max_used=4709Kb free=241050Kb
 bounds [0x0000000002970000, 0x0000000002e10000, 0x0000000011970000]
 total_blobs=1470 nmethods=1199 adapters=184
 compilation: enabled

Compilation events (10 events):
Event: 4.113 Thread 0x000000001644d800 1209       2       java.util.Stack::<init> (5 bytes)
Event: 4.113 Thread 0x000000001644d800 nmethod 1209 0x0000000002e0a210 code [0x0000000002e0a380, 0x0000000002e0a508]
Event: 4.113 Thread 0x000000001644d800 1210       2       java.util.Vector::<init> (7 bytes)
Event: 4.113 Thread 0x000000001644d800 nmethod 1210 0x0000000002e0a5d0 code [0x0000000002e0a740, 0x0000000002e0a8c8]
Event: 4.113 Thread 0x000000001644d800 1211       2       java.util.Vector::<init> (7 bytes)
Event: 4.114 Thread 0x000000001644d800 nmethod 1211 0x0000000002e0a950 code [0x0000000002e0aac0, 0x0000000002e0ac48]
Event: 4.114 Thread 0x000000001644d800 1212       2       java.util.Vector::<init> (49 bytes)
Event: 4.114 Thread 0x000000001644d800 nmethod 1212 0x0000000002e0acd0 code [0x0000000002e0ae80, 0x0000000002e0b318]
Event: 4.114 Thread 0x000000001644d800 1213       2       com.android.dx.ssa.SsaMethod::forEachBlockDepthFirstDom (128 bytes)
Event: 4.116 Thread 0x000000001644d800 nmethod 1213 0x0000000002e0b590 code [0x0000000002e0b820, 0x0000000002e0c8b8]

GC Heap History (4 events):
Event: 2.540 GC heap before
{Heap before GC invocations=1 (full 0):
 PSYoungGen      total 18944K, used 16384K [0x00000000eab00000, 0x00000000ec000000, 0x0000000100000000)
  eden space 16384K, 100% used [0x00000000eab00000,0x00000000ebb00000,0x00000000ebb00000)
  from space 2560K, 0% used [0x00000000ebd80000,0x00000000ebd80000,0x00000000ec000000)
  to   space 2560K, 0% used [0x00000000ebb00000,0x00000000ebb00000,0x00000000ebd80000)
 ParOldGen       total 44032K, used 0K [0x00000000c0000000, 0x00000000c2b00000, 0x00000000eab00000)
  object space 44032K, 0% used [0x00000000c0000000,0x00000000c0000000,0x00000000c2b00000)
 Metaspace       used 5817K, capacity 6712K, committed 6784K, reserved 1056768K
  class space    used 602K, capacity 624K, committed 640K, reserved 1048576K
Event: 2.645 GC heap after
Heap after GC invocations=1 (full 0):
 PSYoungGen      total 18944K, used 2543K [0x00000000eab00000, 0x00000000ed000000, 0x0000000100000000)
  eden space 16384K, 0% used [0x00000000eab00000,0x00000000eab00000,0x00000000ebb00000)
  from space 2560K, 99% used [0x00000000ebb00000,0x00000000ebd7bc90,0x00000000ebd80000)
  to   space 2560K, 0% used [0x00000000ecd80000,0x00000000ecd80000,0x00000000ed000000)
 ParOldGen       total 44032K, used 1936K [0x00000000c0000000, 0x00000000c2b00000, 0x00000000eab00000)
  object space 44032K, 4% used [0x00000000c0000000,0x00000000c01e42f8,0x00000000c2b00000)
 Metaspace       used 5817K, capacity 6712K, committed 6784K, reserved 1056768K
  class space    used 602K, capacity 624K, committed 640K, reserved 1048576K
}
Event: 3.809 GC heap before
{Heap before GC invocations=2 (full 0):
 PSYoungGen      total 18944K, used 18927K [0x00000000eab00000, 0x00000000ed000000, 0x0000000100000000)
  eden space 16384K, 100% used [0x00000000eab00000,0x00000000ebb00000,0x00000000ebb00000)
  from space 2560K, 99% used [0x00000000ebb00000,0x00000000ebd7bc90,0x00000000ebd80000)
  to   space 2560K, 0% used [0x00000000ecd80000,0x00000000ecd80000,0x00000000ed000000)
 ParOldGen       total 44032K, used 1936K [0x00000000c0000000, 0x00000000c2b00000, 0x00000000eab00000)
  object space 44032K, 4% used [0x00000000c0000000,0x00000000c01e42f8,0x00000000c2b00000)
 Metaspace       used 5943K, capacity 6840K, committed 7040K, reserved 1056768K
  class space    used 602K, capacity 624K, committed 640K, reserved 1048576K
Event: 4.041 GC heap after
Heap after GC invocations=2 (full 0):
 PSYoungGen      total 35328K, used 2552K [0x00000000eab00000, 0x00000000ed000000, 0x0000000100000000)
  eden space 32768K, 0% used [0x00000000eab00000,0x00000000eab00000,0x00000000ecb00000)
  from space 2560K, 99% used [0x00000000ecd80000,0x00000000ecffe040,0x00000000ed000000)
  to   space 2560K, 0% used [0x00000000ecb00000,0x00000000ecb00000,0x00000000ecd80000)
 ParOldGen       total 44032K, used 4818K [0x00000000c0000000, 0x00000000c2b00000, 0x00000000eab00000)
  object space 44032K, 10% used [0x00000000c0000000,0x00000000c04b4968,0x00000000c2b00000)
 Metaspace       used 5943K, capacity 6840K, committed 7040K, reserved 1056768K
  class space    used 602K, capacity 624K, committed 640K, reserved 1048576K
}

Deoptimization events (10 events):
Event: 2.487 Thread 0x000000000093e000 Uncommon trap: reason=null_check action=make_not_entrant pc=0x0000000002c7bee8 method=com.android.dx.rop.type.Type.equals(Ljava/lang/Object;)Z @ 8
Event: 2.507 Thread 0x0000000016577800 Uncommon trap: reason=class_check action=maybe_recompile pc=0x0000000002bb3170 method=com.android.dx.ssa.NormalSsaInsn.accept(Lcom/android/dx/ssa/SsaInsn$Visitor;)V @ 9
Event: 2.507 Thread 0x0000000016577800 Uncommon trap: reason=class_check action=maybe_recompile pc=0x0000000002bb3170 method=com.android.dx.ssa.NormalSsaInsn.accept(Lcom/android/dx/ssa/SsaInsn$Visitor;)V @ 9
Event: 2.507 Thread 0x0000000016577800 Uncommon trap: reason=class_check action=maybe_recompile pc=0x0000000002ba1ef0 method=com.android.dx.ssa.NormalSsaInsn.accept(Lcom/android/dx/ssa/SsaInsn$Visitor;)V @ 9
Event: 2.661 Thread 0x0000000016576800 Uncommon trap: reason=unstable_if action=reinterpret pc=0x0000000002bc55ec method=com.android.dx.rop.code.RegisterSpecSet.put(Lcom/android/dx/rop/code/RegisterSpec;)V @ 77
Event: 2.661 Thread 0x0000000016576800 Uncommon trap: reason=unstable_if action=reinterpret pc=0x0000000002bd562c method=com.android.dx.rop.code.RegisterSpecSet.put(Lcom/android/dx/rop/code/RegisterSpec;)V @ 77
Event: 2.671 Thread 0x0000000016573000 Uncommon trap: reason=unstable_if action=reinterpret pc=0x0000000002cab7c4 method=com.android.dx.ssa.SsaRenamer$BlockRenamer.addMapping(ILcom/android/dx/rop/code/RegisterSpec;)V @ 120
Event: 3.015 Thread 0x0000000016576800 Uncommon trap: reason=null_check action=make_not_entrant pc=0x0000000002d45458 method=com.android.dx.ssa.SsaRenamer.getLocalForNewReg(I)Lcom/android/dx/rop/code/LocalItem; @ 19
Event: 3.022 Thread 0x0000000016573000 Uncommon trap: reason=null_check action=make_not_entrant pc=0x0000000002d3cbcc method=com.android.dx.ssa.SsaRenamer.getLocalForNewReg(I)Lcom/android/dx/rop/code/LocalItem; @ 19
Event: 3.025 Thread 0x0000000016579000 Uncommon trap: reason=bimorphic action=maybe_recompile pc=0x0000000002b91f24 method=java.util.HashMap.getNode(ILjava/lang/Object;)Ljava/util/HashMap$Node; @ 126

Internal exceptions (5 events):
Event: 0.142 Thread 0x000000000093e000 Exception <a 'java/lang/NoSuchMethodError': Method sun.misc.Unsafe.defineClass(Ljava/lang/String;[BII)Ljava/lang/Class; name or signature does not match> (0x00000000eab07cc0) thrown at [C:\re\workspace\8-2-build-windows-amd64-cygwin\jdk8u91\6644\hotspot\srD†·Ú‰;Â?
Event: 0.142 Thread 0x000000000093e000 Exception <a 'java/lang/NoSuchMethodError': Method sun.misc.Unsafe.prefetchRead(Ljava/lang/Object;J)V name or signature does not match> (0x00000000eab07fa8) thrown at [C:\re\workspace\8-2-build-windows-amd64-cygwin\jdk8u91\6644\hotspot\src\share\vm\prims\jÄ"—=Áå@
Event: 2.487 Thread 0x000000000093e000 Implicit null exception at 0x0000000002c7bde2 to 0x0000000002c7beda
Event: 3.015 Thread 0x0000000016576800 Implicit null exception at 0x0000000002d4428e to 0x0000000002d4540d
Event: 3.022 Thread 0x0000000016573000 Implicit null exception at 0x0000000002d3bc09 to 0x0000000002d3cb99

Events (10 events):
Event: 4.074 Thread 0x0000000016576800 DEOPT PACKING pc=0x0000000002cdcefa sp=0x00000000171eea70
Event: 4.074 Thread 0x0000000016576800 DEOPT UNPACKING pc=0x00000000029b787f sp=0x00000000171ee7d8 mode 0
Event: 4.099 loading class com/android/dx/cf/code/SwitchList
Event: 4.099 loading class com/android/dx/cf/code/SwitchList done
Event: 4.111 Thread 0x0000000016577800 DEOPT PACKING pc=0x0000000002cdcefa sp=0x00000000172eead0
Event: 4.111 Thread 0x0000000016577800 DEOPT UNPACKING pc=0x00000000029b787f sp=0x00000000172ee838 mode 0
Event: 4.112 Thread 0x0000000016577800 DEOPT PACKING pc=0x0000000002cdcefa sp=0x00000000172eead0
Event: 4.118 Thread 0x0000000016577800 DEOPT UNPACKING pc=0x00000000029b787f sp=0x00000000172ee838 mode 0
Event: 4.119 Thread 0x0000000016577800 DEOPT PACKING pc=0x0000000002cdcefa sp=0x00000000172eead0
Event: 4.119 Thread 0x0000000016577800 DEOPT UNPACKING pc=0x00000000029b787f sp=0x00000000172ee838 mode 0


Dynamic libraries:
0x00007ff628660000 - 0x00007ff628697000 	C:\Program Files\Java\jdk1.8.0_91\bin\java.exe
0x00007ff81f620000 - 0x00007ff81f7e1000 	C:\WINDOWS\SYSTEM32\ntdll.dll
0x00007ff81f4a0000 - 0x00007ff81f54d000 	C:\WINDOWS\system32\KERNEL32.DLL
0x00007ff81c550000 - 0x00007ff81c738000 	C:\WINDOWS\system32\KERNELBASE.dll
0x00007ff81f550000 - 0x00007ff81f5f7000 	C:\WINDOWS\system32\ADVAPI32.dll
0x00007ff81eb80000 - 0x00007ff81ec1d000 	C:\WINDOWS\system32\msvcrt.dll
0x00007ff81cae0000 - 0x00007ff81cb3b000 	C:\WINDOWS\system32\sechost.dll
0x00007ff81cec0000 - 0x00007ff81cfdc000 	C:\WINDOWS\system32\RPCRT4.dll
0x00007ff81cfe0000 - 0x00007ff81d136000 	C:\WINDOWS\system32\USER32.dll
0x00007ff81e920000 - 0x00007ff81eaa6000 	C:\WINDOWS\system32\GDI32.dll
0x00007ff818900000 - 0x00007ff818b74000 	C:\WINDOWS\WinSxS\amd64_microsoft.windows.common-controls_6595b64144ccf1df_6.0.10586.494_none_a2d8b04ea53e3145\COMCTL32.dll
0x00007ff81c860000 - 0x00007ff81cadd000 	C:\WINDOWS\system32\combase.dll
0x00007ff81c7c0000 - 0x00007ff81c82a000 	C:\WINDOWS\system32\bcryptPrimitives.dll
0x00007ff81e8e0000 - 0x00007ff81e91b000 	C:\WINDOWS\system32\IMM32.DLL
0x00007ff81b900000 - 0x00007ff81b931000 	C:\Windows\system32\nvinitx.dll
0x00007ff81b8f0000 - 0x00007ff81b8fa000 	C:\WINDOWS\SYSTEM32\VERSION.dll
0x000000005b100000 - 0x000000005b1d2000 	C:\Program Files\Java\jdk1.8.0_91\jre\bin\msvcr100.dll
0x000000005a6e0000 - 0x000000005af73000 	C:\Program Files\Java\jdk1.8.0_91\jre\bin\server\jvm.dll
0x00007ff81c830000 - 0x00007ff81c853000 	C:\WINDOWS\system32\WINMM.dll
0x00007ff81ba50000 - 0x00007ff81ba7c000 	C:\WINDOWS\system32\WINMMBASE.dll
0x00007ff81be20000 - 0x00007ff81be63000 	C:\WINDOWS\system32\cfgmgr32.dll
0x00007ff81ec20000 - 0x00007ff81ec28000 	C:\WINDOWS\system32\PSAPI.DLL
0x00007ff80d950000 - 0x00007ff80d959000 	C:\WINDOWS\SYSTEM32\WSOCK32.dll
0x00007ff81cb40000 - 0x00007ff81cbab000 	C:\WINDOWS\system32\WS2_32.dll
0x000000005b570000 - 0x000000005b57f000 	C:\Program Files\Java\jdk1.8.0_91\jre\bin\verify.dll
0x000000005b540000 - 0x000000005b569000 	C:\Program Files\Java\jdk1.8.0_91\jre\bin\java.dll
0x000000005b520000 - 0x000000005b536000 	C:\Program Files\Java\jdk1.8.0_91\jre\bin\zip.dll
0x00007ff81d1a0000 - 0x00007ff81e6fc000 	C:\WINDOWS\system32\SHELL32.dll
0x00007ff81be70000 - 0x00007ff81c4b5000 	C:\WINDOWS\system32\windows.storage.dll
0x00007ff81d140000 - 0x00007ff81d192000 	C:\WINDOWS\system32\shlwapi.dll
0x00007ff81ba40000 - 0x00007ff81ba4f000 	C:\WINDOWS\system32\kernel.appcore.dll
0x00007ff81ba80000 - 0x00007ff81bb35000 	C:\WINDOWS\system32\shcore.dll
0x00007ff81bdd0000 - 0x00007ff81be1b000 	C:\WINDOWS\system32\powrprof.dll
0x00007ff81ba10000 - 0x00007ff81ba24000 	C:\WINDOWS\system32\profapi.dll

VM Arguments:
jvm_args: -Djava.awt.headless=true -Xmx1024M -Dfile.encoding=GBK -Duser.country=CN -Duser.language=zh -Duser.variant 
java_command: com.android.dx.command.Main --dex --force-jumbo --num-threads=4 --multi-dex --output D:\andriod_projects\smartHome\app\build\intermediates\transforms\dex\debug\folders\1000\10\instant-run_70170bf4ab4cc2fdd9bbcc4d7a23bf7767dd91c0 D:\andriod_projects\smartHome\app\build\intermediates\incremental-runtime-classes\debug\instant-run.jar
java_class_path (initial): D:\android\android_SDK\build-tools\23.0.3\lib\dx.jar
Launcher Type: SUN_STANDARD

Environment Variables:
JAVA_HOME=C:\Program Files (x86)\Java\jdk1.8.0_31
CLASSPATH=C:\Program Files (x86)\Java\jdk1.8.0_31\lib;C:\Program Files (x86)\Java\jdk1.8.0_31\lib\tools.jar;D:\andriod environment\adt-bundle-windows-x86-20131030\eclipse\plugins\org.apache.ant_1.8.3.v201301120609\lib;
PATH=C:\PROGRA~1\PTC\MKSTOO~1\bin64;C:\PROGRA~1\PTC\MKSTOO~1\bin;C:\PROGRA~1\PTC\MKSTOO~1\bin\X11;C:\PROGRA~1\PTC\MKSTOO~1\mksnt;C:\ProgramData\Oracle\Java\javapath;C:\Program Files (x86)\Intel\iCLS Client\;C:\Program Files\Intel\iCLS Client\;C:\Program Files (x86)\NVIDIA Corporation\PhysX\Common;C:\WINDOWS\system32;C:\WINDOWS;C:\WINDOWS\System32\Wbem;C:\WINDOWS\System32\WindowsPowerShell\v1.0\;C:\Program Files\Intel\Intel(R) Management Engine Components\DAL;C:\Program Files\Intel\Intel(R) Management Engine Components\IPT;C:\Program Files (x86)\Intel\Intel(R) Management Engine Components\DAL;C:\Program Files (x86)\Intel\Intel(R) Management Engine Components\IPT;C:\Program Files (x86)\Java\jdk1.8.0_31\bin;C:\Program Files (x86)\Java\jdk1.8.0_31\jre\bin;D:\andriod environment\adt-bundle-windows-x86-20131030\sdk\tools;D:\andriod environment\adt-bundle-windows-x86-20131030\sdk\platform-tools;D:\andriod environment\adt-bundle-windows-x86-20131030\eclipse\plugins\org.apache.ant_1.8.3.v201301120609\bin;C:\Program Files\nodejs\;D:\Git\cmd;D:\HMA! Pro VPN\bin
USERNAME=freedom
DISPLAY=:0.0
OS=Windows_NT
PROCESSOR_IDENTIFIER=Intel64 Family 6 Model 60 Stepping 3, GenuineIntel



---------------  S Y S T E M  ---------------

OS: Windows 10.0 , 64 bit Build 10586 (10.0.10586.0)

CPU:total 4 (2 cores per cpu, 2 threads per core) family 6 model 60 stepping 3, cmov, cx8, fxsr, mmx, sse, sse2, sse3, ssse3, sse4.1, sse4.2, popcnt, avx, avx2, aes, clmul, erms, lzcnt, ht, tsc, tscinvbit, bmi1, bmi2

Memory: 4k page, physical 4112564k(485044k free), swap 5685428k(4160k free)

vm_info: Java HotSpot(TM) 64-Bit Server VM (25.91-b14) for windows-amd64 JRE (1.8.0_91-b14), built on Apr  1 2016 00:58:32 by "java_re" with MS VC++ 10.0 (VS2010)

time: Sun Aug 21 15:30:40 2016
elapsed time: 4 seconds (0d 0h 0m 4s)

