#
# There is insufficient memory for the Java Runtime Environment to continue.
# Native memory allocation (malloc) failed to allocate 1971456 bytes for Chunk::new
# Possible reasons:
#   The system is out of physical RAM or swap space
#   In 32 bit mode, the process size limit was hit
# Possible solutions:
#   Reduce memory load on the system
#   Increase physical memory or swap space
#   Check if swap backing store is full
#   Use 64 bit Java on a 64 bit OS
#   Decrease Java heap size (-Xmx/-Xms)
#   Decrease number of Java threads
#   Decrease Java thread stack sizes (-Xss)
#   Set larger code cache with -XX:ReservedCodeCacheSize=
# This output file may be truncated or incomplete.
#
#  Out of Memory Error (allocation.cpp:390), pid=5244, tid=3772
#
# JRE version: Java(TM) SE Runtime Environment (8.0_91-b14) (build 1.8.0_91-b14)
# Java VM: Java HotSpot(TM) 64-Bit Server VM (25.91-b14 mixed mode windows-amd64 compressed oops)
# Failed to write core dump. Minidumps are not enabled by default on client versions of Windows
#

---------------  T H R E A D  ---------------

Current thread (0x00000000165aa000):  JavaThread "C2 CompilerThread1" daemon [_thread_in_native, id=3772, stack(0x0000000016ca0000,0x0000000016da0000)]

Stack: [0x0000000016ca0000,0x0000000016da0000]
[error occurred during error reporting (printing stack bounds), id 0xc0000005]

Native frames: (J=compiled Java code, j=interpreted, Vv=VM code, C=native code)


Current CompileTask:
C2:   5031 1874   !   4       com.android.dx.cf.code.BytecodeArray::parseInstruction (2764 bytes)


---------------  P R O C E S S  ---------------

Java Threads: ( => current thread )
  0x0000000016851000 JavaThread "pool-2-thread-4" [_thread_in_Java, id=9320, stack(0x00000000174a0000,0x00000000175a0000)]
  0x0000000016869000 JavaThread "pool-2-thread-3" [_thread_in_Java, id=4404, stack(0x00000000173a0000,0x00000000174a0000)]
  0x0000000016866000 JavaThread "pool-2-thread-2" [_thread_in_Java, id=7192, stack(0x00000000172a0000,0x00000000173a0000)]
  0x0000000016844800 JavaThread "pool-3-thread-1" [_thread_blocked, id=3632, stack(0x00000000171a0000,0x00000000172a0000)]
  0x0000000016842000 JavaThread "pool-2-thread-1" [_thread_in_Java, id=9472, stack(0x00000000170a0000,0x00000000171a0000)]
  0x000000001663f000 JavaThread "Service Thread" daemon [_thread_blocked, id=5968, stack(0x0000000016ea0000,0x0000000016fa0000)]
  0x00000000165b3800 JavaThread "C1 CompilerThread2" daemon [_thread_blocked, id=2236, stack(0x0000000016da0000,0x0000000016ea0000)]
=>0x00000000165aa000 JavaThread "C2 CompilerThread1" daemon [_thread_in_native, id=3772, stack(0x0000000016ca0000,0x0000000016da0000)]
  0x000000001528b800 JavaThread "C2 CompilerThread0" daemon [_thread_in_native, id=9292, stack(0x0000000016ba0000,0x0000000016ca0000)]
  0x0000000015289000 JavaThread "Attach Listener" daemon [_thread_blocked, id=1976, stack(0x0000000016aa0000,0x0000000016ba0000)]
  0x000000001523f000 JavaThread "Signal Dispatcher" daemon [_thread_blocked, id=6092, stack(0x00000000169a0000,0x0000000016aa0000)]
  0x0000000002b5a800 JavaThread "Finalizer" daemon [_thread_blocked, id=6796, stack(0x00000000164a0000,0x00000000165a0000)]
  0x0000000002b50000 JavaThread "Reference Handler" daemon [_thread_blocked, id=4232, stack(0x00000000163a0000,0x00000000164a0000)]
  0x000000000255e000 JavaThread "main" [_thread_in_Java, id=6716, stack(0x0000000002960000,0x0000000002a60000)]

Other Threads:
  0x00000000151f7800 VMThread [stack: 0x00000000162a0000,0x00000000163a0000] [id=9496]
  0x0000000016655000 WatcherThread [stack: 0x0000000016fa0000,0x00000000170a0000] [id=1336]

VM state:not at safepoint (normal execution)

VM Mutex/Monitor currently owned by a thread: None

Heap:
 PSYoungGen      total 68096K, used 68088K [0x00000000eab00000, 0x00000000ef000000, 0x0000000100000000)
  eden space 65536K, 100% used [0x00000000eab00000,0x00000000eeb00000,0x00000000eeb00000)
  from space 2560K, 99% used [0x00000000eed80000,0x00000000eeffe048,0x00000000ef000000)
  to   space 2560K, 0% used [0x00000000eeb00000,0x00000000eeb00000,0x00000000eed80000)
 ParOldGen       total 44032K, used 14373K [0x00000000c0000000, 0x00000000c2b00000, 0x00000000eab00000)
  object space 44032K, 32% used [0x00000000c0000000,0x00000000c0e09768,0x00000000c2b00000)
 Metaspace       used 6349K, capacity 7096K, committed 7296K, reserved 1056768K
  class space    used 602K, capacity 624K, committed 640K, reserved 1048576K

Card table byte_map: [0x0000000011f20000,0x0000000012130000] byte_map_base: 0x0000000011920000

Marking Bits: (ParMarkBitMap*) 0x0000000076652f70
 Begin Bits: [0x0000000012690000, 0x0000000013690000)
 End Bits:   [0x0000000013690000, 0x0000000014690000)

Polling page: 0x0000000000d00000

CodeCache: size=245760Kb used=7786Kb max_used=7786Kb free=237973Kb
 bounds [0x0000000002b60000, 0x0000000003310000, 0x0000000011b60000]
 total_blobs=2110 nmethods=1839 adapters=183
 compilation: enabled

Compilation events (10 events):
Event: 4.906 Thread 0x00000000165b3800 1887       2       com.android.dx.rop.type.Type::getClassName (94 bytes)
Event: 4.906 Thread 0x00000000165b3800 nmethod 1887 0x00000000032f05d0 code [0x00000000032f07a0, 0x00000000032f0cd8]
Event: 4.925 Thread 0x000000001528b800 nmethod 1819 0x00000000032fcc90 code [0x00000000032fd160, 0x0000000003300a60]
Event: 4.925 Thread 0x000000001528b800 1835 %     4       com.android.dx.rop.code.InsnList::forEach @ 7 (28 bytes)
Event: 4.931 Thread 0x000000001528b800 nmethod 1835% 0x00000000032ed210 code [0x00000000032ed360, 0x00000000032ed578]
Event: 4.931 Thread 0x000000001528b800 1842       4       com.android.dx.ssa.InterferenceRegisterMapper::interferes (78 bytes)
Event: 4.936 Thread 0x000000001528b800 nmethod 1842 0x00000000032ee110 code [0x00000000032ee280, 0x00000000032ee5c8]
Event: 4.936 Thread 0x000000001528b800 1851       4       com.android.dx.ssa.SsaBasicBlock::newFromRop (183 bytes)
Event: 4.989 Thread 0x00000000165b3800 1888       1       java.lang.AbstractStringBuilder::length (5 bytes)
Event: 4.989 Thread 0x00000000165b3800 nmethod 1888 0x000000000327b810 code [0x000000000327b960, 0x000000000327ba70]

GC Heap History (8 events):
Event: 1.162 GC heap before
{Heap before GC invocations=1 (full 0):
 PSYoungGen      total 18944K, used 16384K [0x00000000eab00000, 0x00000000ec000000, 0x0000000100000000)
  eden space 16384K, 100% used [0x00000000eab00000,0x00000000ebb00000,0x00000000ebb00000)
  from space 2560K, 0% used [0x00000000ebd80000,0x00000000ebd80000,0x00000000ec000000)
  to   space 2560K, 0% used [0x00000000ebb00000,0x00000000ebb00000,0x00000000ebd80000)
 ParOldGen       total 44032K, used 0K [0x00000000c0000000, 0x00000000c2b00000, 0x00000000eab00000)
  object space 44032K, 0% used [0x00000000c0000000,0x00000000c0000000,0x00000000c2b00000)
 Metaspace       used 5600K, capacity 6516K, committed 6784K, reserved 1056768K
  class space    used 591K, capacity 620K, committed 640K, reserved 1048576K
Event: 1.248 GC heap after
Heap after GC invocations=1 (full 0):
 PSYoungGen      total 18944K, used 2546K [0x00000000eab00000, 0x00000000ed000000, 0x0000000100000000)
  eden space 16384K, 0% used [0x00000000eab00000,0x00000000eab00000,0x00000000ebb00000)
  from space 2560K, 99% used [0x00000000ebb00000,0x00000000ebd7cac8,0x00000000ebd80000)
  to   space 2560K, 0% used [0x00000000ecd80000,0x00000000ecd80000,0x00000000ed000000)
 ParOldGen       total 44032K, used 1416K [0x00000000c0000000, 0x00000000c2b00000, 0x00000000eab00000)
  object space 44032K, 3% used [0x00000000c0000000,0x00000000c0162360,0x00000000c2b00000)
 Metaspace       used 5600K, capacity 6516K, committed 6784K, reserved 1056768K
  class space    used 591K, capacity 620K, committed 640K, reserved 1048576K
}
Event: 1.752 GC heap before
{Heap before GC invocations=2 (full 0):
 PSYoungGen      total 18944K, used 18930K [0x00000000eab00000, 0x00000000ed000000, 0x0000000100000000)
  eden space 16384K, 100% used [0x00000000eab00000,0x00000000ebb00000,0x00000000ebb00000)
  from space 2560K, 99% used [0x00000000ebb00000,0x00000000ebd7cac8,0x00000000ebd80000)
  to   space 2560K, 0% used [0x00000000ecd80000,0x00000000ecd80000,0x00000000ed000000)
 ParOldGen       total 44032K, used 1416K [0x00000000c0000000, 0x00000000c2b00000, 0x00000000eab00000)
  object space 44032K, 3% used [0x00000000c0000000,0x00000000c0162360,0x00000000c2b00000)
 Metaspace       used 5992K, capacity 6904K, committed 7040K, reserved 1056768K
  class space    used 597K, capacity 624K, committed 640K, reserved 1048576K
Event: 1.787 GC heap after
Heap after GC invocations=2 (full 0):
 PSYoungGen      total 35328K, used 2552K [0x00000000eab00000, 0x00000000ed000000, 0x0000000100000000)
  eden space 32768K, 0% used [0x00000000eab00000,0x00000000eab00000,0x00000000ecb00000)
  from space 2560K, 99% used [0x00000000ecd80000,0x00000000ecffe028,0x00000000ed000000)
  to   space 2560K, 0% used [0x00000000ecb00000,0x00000000ecb00000,0x00000000ecd80000)
 ParOldGen       total 44032K, used 3558K [0x00000000c0000000, 0x00000000c2b00000, 0x00000000eab00000)
  object space 44032K, 8% used [0x00000000c0000000,0x00000000c0379928,0x00000000c2b00000)
 Metaspace       used 5992K, capacity 6904K, committed 7040K, reserved 1056768K
  class space    used 597K, capacity 624K, committed 640K, reserved 1048576K
}
Event: 3.120 GC heap before
{Heap before GC invocations=3 (full 0):
 PSYoungGen      total 35328K, used 35320K [0x00000000eab00000, 0x00000000ed000000, 0x0000000100000000)
  eden space 32768K, 100% used [0x00000000eab00000,0x00000000ecb00000,0x00000000ecb00000)
  from space 2560K, 99% used [0x00000000ecd80000,0x00000000ecffe028,0x00000000ed000000)
  to   space 2560K, 0% used [0x00000000ecb00000,0x00000000ecb00000,0x00000000ecd80000)
 ParOldGen       total 44032K, used 3558K [0x00000000c0000000, 0x00000000c2b00000, 0x00000000eab00000)
  object space 44032K, 8% used [0x00000000c0000000,0x00000000c0379928,0x00000000c2b00000)
 Metaspace       used 6213K, capacity 7032K, committed 7296K, reserved 1056768K
  class space    used 601K, capacity 624K, committed 640K, reserved 1048576K
Event: 3.275 GC heap after
Heap after GC invocations=3 (full 0):
 PSYoungGen      total 35328K, used 2552K [0x00000000eab00000, 0x00000000ef000000, 0x0000000100000000)
  eden space 32768K, 0% used [0x00000000eab00000,0x00000000eab00000,0x00000000ecb00000)
  from space 2560K, 99% used [0x00000000ecb00000,0x00000000ecd7e028,0x00000000ecd80000)
  to   space 2560K, 0% used [0x00000000eed80000,0x00000000eed80000,0x00000000ef000000)
 ParOldGen       total 44032K, used 9258K [0x00000000c0000000, 0x00000000c2b00000, 0x00000000eab00000)
  object space 44032K, 21% used [0x00000000c0000000,0x00000000c090aaf8,0x00000000c2b00000)
 Metaspace       used 6213K, capacity 7032K, committed 7296K, reserved 1056768K
  class space    used 601K, capacity 624K, committed 640K, reserved 1048576K
}
Event: 4.196 GC heap before
{Heap before GC invocations=4 (full 0):
 PSYoungGen      total 35328K, used 35320K [0x00000000eab00000, 0x00000000ef000000, 0x0000000100000000)
  eden space 32768K, 100% used [0x00000000eab00000,0x00000000ecb00000,0x00000000ecb00000)
  from space 2560K, 99% used [0x00000000ecb00000,0x00000000ecd7e028,0x00000000ecd80000)
  to   space 2560K, 0% used [0x00000000eed80000,0x00000000eed80000,0x00000000ef000000)
 ParOldGen       total 44032K, used 9258K [0x00000000c0000000, 0x00000000c2b00000, 0x00000000eab00000)
  object space 44032K, 21% used [0x00000000c0000000,0x00000000c090aaf8,0x00000000c2b00000)
 Metaspace       used 6310K, capacity 7096K, committed 7296K, reserved 1056768K
  class space    used 601K, capacity 624K, committed 640K, reserved 1048576K
Event: 4.433 GC heap after
Heap after GC invocations=4 (full 0):
 PSYoungGen      total 68096K, used 2552K [0x00000000eab00000, 0x00000000ef000000, 0x0000000100000000)
  eden space 65536K, 0% used [0x00000000eab00000,0x00000000eab00000,0x00000000eeb00000)
  from space 2560K, 99% used [0x00000000eed80000,0x00000000eeffe048,0x00000000ef000000)
  to   space 2560K, 0% used [0x00000000eeb00000,0x00000000eeb00000,0x00000000eed80000)
 ParOldGen       total 44032K, used 14373K [0x00000000c0000000, 0x00000000c2b00000, 0x00000000eab00000)
  object space 44032K, 32% used [0x00000000c0000000,0x00000000c0e09768,0x00000000c2b00000)
 Metaspace       used 6310K, capacity 7096K, committed 7296K, reserved 1056768K
  class space    used 601K, capacity 624K, committed 640K, reserved 1048576K
}

Deoptimization events (10 events):
Event: 2.774 Thread 0x0000000016869000 Uncommon trap: reason=unloaded action=reinterpret pc=0x00000000031133ac method=com.android.dx.cf.code.ValueAwareMachine.run(Lcom/android/dx/cf/code/Frame;II)V @ 907
Event: 2.777 Thread 0x0000000016869000 Uncommon trap: reason=unstable_if action=reinterpret pc=0x0000000002ed96bc method=com.android.dx.util.IntList.binarysearch(I)I @ 105
Event: 2.914 Thread 0x000000000255e000 Uncommon trap: reason=unloaded action=reinterpret pc=0x00000000030accd4 method=com.android.dx.cf.cst.ConstantPoolParser.parse0(ILjava/util/BitSet;)Lcom/android/dx/rop/cst/Constant; @ 176
Event: 2.955 Thread 0x0000000016842000 Uncommon trap: reason=unstable_if action=reinterpret pc=0x0000000003077580 method=com.android.dx.ssa.SCCP.simulateBranch(Lcom/android/dx/ssa/SsaInsn;)V @ 334
Event: 3.496 Thread 0x0000000016851000 Uncommon trap: reason=unstable_if action=reinterpret pc=0x0000000002ecd3c0 method=com.android.dx.rop.code.RegisterSpecSet.<init>(I)V @ 2
Event: 3.515 Thread 0x0000000016851000 Uncommon trap: reason=unstable_if action=reinterpret pc=0x00000000031aeab8 method=com.android.dx.util.BitIntSet.has(I)Z @ 8
Event: 4.818 Thread 0x0000000016869000 Uncommon trap: reason=bimorphic action=maybe_recompile pc=0x00000000032887e4 method=com.android.dx.cf.code.BytecodeArray.parseInstruction(ILcom/android/dx/cf/code/BytecodeArray$Visitor;)I @ 1161
Event: 4.818 Thread 0x0000000016869000 Uncommon trap: reason=bimorphic action=maybe_recompile pc=0x00000000032887e4 method=com.android.dx.cf.code.BytecodeArray.parseInstruction(ILcom/android/dx/cf/code/BytecodeArray$Visitor;)I @ 1161
Event: 4.822 Thread 0x0000000016869000 Uncommon trap: reason=bimorphic action=maybe_recompile pc=0x000000000328ca64 method=com.android.dx.cf.code.BytecodeArray.parseInstruction(ILcom/android/dx/cf/code/BytecodeArray$Visitor;)I @ 2281
Event: 4.822 Thread 0x0000000016869000 Uncommon trap: reason=bimorphic action=maybe_recompile pc=0x000000000328ca64 method=com.android.dx.cf.code.BytecodeArray.parseInstruction(ILcom/android/dx/cf/code/BytecodeArray$Visitor;)I @ 2281

Internal exceptions (3 events):
Event: 0.303 Thread 0x000000000255e000 Exception <a 'java/lang/NoSuchMethodError': Method sun.misc.Unsafe.defineClass(Ljava/lang/String;[BII)Ljava/lang/Class; name or signature does not match> (0x00000000eab07cc0) thrown at [C:\re\workspace\8-2-build-windows-amd64-cygwin\jdk8u91\6644\hotspot\sršT¤ê@^Ó?
Event: 0.303 Thread 0x000000000255e000 Exception <a 'java/lang/NoSuchMethodError': Method sun.misc.Unsafe.prefetchRead(Ljava/lang/Object;J)V name or signature does not match> (0x00000000eab07fa8) thrown at [C:\re\workspace\8-2-build-windows-amd64-cygwin\jdk8u91\6644\hotspot\src\share\vm\prims\j¿e¸Lwý?
Event: 1.842 Thread 0x0000000016842000 Implicit null exception at 0x0000000002e340e2 to 0x0000000002e341da

Events (10 events):
Event: 4.822 Thread 0x0000000016869000 DEOPT PACKING pc=0x000000000328ca64 sp=0x000000001749e650
Event: 4.822 Thread 0x0000000016869000 DEOPT UNPACKING pc=0x0000000002ba582a sp=0x000000001749e620 mode 2
Event: 4.823 Thread 0x000000000255e000 DEOPT PACKING pc=0x000000000323b7a1 sp=0x0000000002a5e7e0
Event: 4.823 Thread 0x000000000255e000 DEOPT UNPACKING pc=0x0000000002ba787f sp=0x0000000002a5e5a0 mode 0
Event: 4.835 Thread 0x0000000016869000 DEOPT PACKING pc=0x000000000326dcdb sp=0x000000001749e640
Event: 4.835 Thread 0x0000000016869000 DEOPT UNPACKING pc=0x0000000002ba787f sp=0x000000001749e3c0 mode 0
Event: 4.863 loading class com/android/dx/cf/attrib/RawAttribute
Event: 4.863 loading class com/android/dx/cf/attrib/RawAttribute done
Event: 4.994 Thread 0x0000000016842000 DEOPT PACKING pc=0x0000000002f5b1b5 sp=0x000000001719eba0
Event: 4.994 Thread 0x0000000016842000 DEOPT UNPACKING pc=0x0000000002ba787f sp=0x000000001719e880 mode 0


Dynamic libraries:
0x00007ff6e9450000 - 0x00007ff6e9487000 	C:\Program Files\Java\jdk1.8.0_91\bin\java.exe
0x00007ffc7d000000 - 0x00007ffc7d1c1000 	C:\WINDOWS\SYSTEM32\ntdll.dll
0x00007ffc7cc30000 - 0x00007ffc7ccdd000 	C:\WINDOWS\system32\KERNEL32.DLL
0x00007ffc79920000 - 0x00007ffc79b08000 	C:\WINDOWS\system32\KERNELBASE.dll
0x00007ffc7ca50000 - 0x00007ffc7caf7000 	C:\WINDOWS\system32\ADVAPI32.dll
0x00007ffc7bf40000 - 0x00007ffc7bfdd000 	C:\WINDOWS\system32\msvcrt.dll
0x00007ffc7a6b0000 - 0x00007ffc7a70b000 	C:\WINDOWS\system32\sechost.dll
0x00007ffc7cee0000 - 0x00007ffc7cffc000 	C:\WINDOWS\system32\RPCRT4.dll
0x00007ffc7a3f0000 - 0x00007ffc7a546000 	C:\WINDOWS\system32\USER32.dll
0x00007ffc7cd50000 - 0x00007ffc7ced6000 	C:\WINDOWS\system32\GDI32.dll
0x00007ffc76110000 - 0x00007ffc76384000 	C:\WINDOWS\WinSxS\amd64_microsoft.windows.common-controls_6595b64144ccf1df_6.0.10586.0_none_8c15ae12515e1c22\COMCTL32.dll
0x00007ffc7bfe0000 - 0x00007ffc7c25d000 	C:\WINDOWS\system32\combase.dll
0x00007ffc79520000 - 0x00007ffc7958a000 	C:\WINDOWS\system32\bcryptPrimitives.dll
0x00007ffc7c2f0000 - 0x00007ffc7c32b000 	C:\WINDOWS\system32\IMM32.DLL
0x00007ffc792e0000 - 0x00007ffc79311000 	C:\Windows\system32\nvinitx.dll
0x00007ffc792d0000 - 0x00007ffc792da000 	C:\WINDOWS\SYSTEM32\VERSION.dll
0x0000000075450000 - 0x0000000075522000 	C:\Program Files\Java\jdk1.8.0_91\jre\bin\msvcr100.dll
0x0000000075e40000 - 0x00000000766d3000 	C:\Program Files\Java\jdk1.8.0_91\jre\bin\server\jvm.dll
0x00007ffc79b10000 - 0x00007ffc79b33000 	C:\WINDOWS\system32\WINMM.dll
0x00007ffc793f0000 - 0x00007ffc7941c000 	C:\WINDOWS\system32\WINMMBASE.dll
0x00007ffc796d0000 - 0x00007ffc79713000 	C:\WINDOWS\system32\cfgmgr32.dll
0x00007ffc7c330000 - 0x00007ffc7c338000 	C:\WINDOWS\system32\PSAPI.DLL
0x00007ffc72ab0000 - 0x00007ffc72ab9000 	C:\WINDOWS\SYSTEM32\WSOCK32.dll
0x00007ffc7cce0000 - 0x00007ffc7cd4b000 	C:\WINDOWS\system32\WS2_32.dll
0x0000000076e90000 - 0x0000000076e9f000 	C:\Program Files\Java\jdk1.8.0_91\jre\bin\verify.dll
0x0000000076e60000 - 0x0000000076e89000 	C:\Program Files\Java\jdk1.8.0_91\jre\bin\java.dll
0x0000000076e40000 - 0x0000000076e56000 	C:\Program Files\Java\jdk1.8.0_91\jre\bin\zip.dll
0x00007ffc7a730000 - 0x00007ffc7bc8c000 	C:\WINDOWS\system32\SHELL32.dll
0x00007ffc79b40000 - 0x00007ffc7a184000 	C:\WINDOWS\system32\windows.storage.dll
0x00007ffc7a390000 - 0x00007ffc7a3e2000 	C:\WINDOWS\system32\shlwapi.dll
0x00007ffc79440000 - 0x00007ffc7944f000 	C:\WINDOWS\system32\kernel.appcore.dll
0x00007ffc79460000 - 0x00007ffc79515000 	C:\WINDOWS\system32\shcore.dll
0x00007ffc795f0000 - 0x00007ffc7963b000 	C:\WINDOWS\system32\powrprof.dll
0x00007ffc79420000 - 0x00007ffc79434000 	C:\WINDOWS\system32\profapi.dll

VM Arguments:
jvm_args: -Djava.awt.headless=true -Xmx1024M -Dfile.encoding=GBK -Duser.country=CN -Duser.language=zh -Duser.variant 
java_command: com.android.dx.command.Main --dex --force-jumbo --num-threads=4 --multi-dex --output D:\andriod_projects\Smart_home\app\build\intermediates\transforms\dex\debug\folders\1000\2\Msc_34f9e4bea64ec73da0fec5cd66f200339ff71dce D:\andriod_projects\Smart_home\app\libs\Msc.jar
java_class_path (initial): D:\android\android_SDK\build-tools\23.0.3\lib\dx.jar
Launcher Type: SUN_STANDARD

Environment Variables:
JAVA_HOME=C:\Program Files (x86)\Java\jdk1.8.0_31
CLASSPATH=C:\Program Files (x86)\Java\jdk1.8.0_31\lib;C:\Program Files (x86)\Java\jdk1.8.0_31\lib\tools.jar;D:\andriod environment\adt-bundle-windows-x86-20131030\eclipse\plugins\org.apache.ant_1.8.3.v201301120609\lib;
PATH=C:\PROGRA~1\PTC\MKSTOO~1\bin64;C:\PROGRA~1\PTC\MKSTOO~1\bin;C:\PROGRA~1\PTC\MKSTOO~1\bin\X11;C:\PROGRA~1\PTC\MKSTOO~1\mksnt;C:\ProgramData\Oracle\Java\javapath;C:\Program Files (x86)\Intel\iCLS Client\;C:\Program Files\Intel\iCLS Client\;C:\Program Files (x86)\NVIDIA Corporation\PhysX\Common;C:\WINDOWS\system32;C:\WINDOWS;C:\WINDOWS\System32\Wbem;C:\WINDOWS\System32\WindowsPowerShell\v1.0\;C:\Program Files\Intel\Intel(R) Management Engine Components\DAL;C:\Program Files\Intel\Intel(R) Management Engine Components\IPT;C:\Program Files (x86)\Intel\Intel(R) Management Engine Components\DAL;C:\Program Files (x86)\Intel\Intel(R) Management Engine Components\IPT;C:\Program Files (x86)\Java\jdk1.8.0_31\bin;C:\Program Files (x86)\Java\jdk1.8.0_31\jre\bin;D:\andriod environment\adt-bundle-windows-x86-20131030\sdk\tools;D:\andriod environment\adt-bundle-windows-x86-20131030\sdk\platform-tools;D:\andriod environment\adt-bundle-windows-x86-20131030\eclipse\plugins\org.apache.ant_1.8.3.v201301120609\bin;C:\Program Files\nodejs\;D:\Git\cmd;D:\HMA! Pro VPN\bin
USERNAME=freedom
DISPLAY=:0.0
OS=Windows_NT
PROCESSOR_IDENTIFIER=Intel64 Family 6 Model 60 Stepping 3, GenuineIntel



---------------  S Y S T E M  ---------------

OS: Windows 10.0 , 64 bit Build 10586 (10.0.10586.0)

CPU:total 4 (2 cores per cpu, 2 threads per core) family 6 model 60 stepping 3, cmov, cx8, fxsr, mmx, sse, sse2, sse3, ssse3, sse4.1, sse4.2, popcnt, avx, avx2, aes, clmul, erms, lzcnt, ht, tsc, tscinvbit, bmi1, bmi2

Memory: 4k page, physical 4112564k(364452k free), swap 5685428k(5944k free)

vm_info: Java HotSpot(TM) 64-Bit Server VM (25.91-b14) for windows-amd64 JRE (1.8.0_91-b14), built on Apr  1 2016 00:58:32 by "java_re" with MS VC++ 10.0 (VS2010)

time: Mon Jun 20 21:47:43 2016
elapsed time: 5 seconds (0d 0h 0m 5s)

