#
# There is insufficient memory for the Java Runtime Environment to continue.
# Native memory allocation (malloc) failed to allocate 761696 bytes for Chunk::new
# Possible reasons:
#   The system is out of physical RAM or swap space
#   In 32 bit mode, the process size limit was hit
# Possible solutions:
#   Reduce memory load on the system
#   Increase physical memory or swap space
#   Check if swap backing store is full
#   Use 64 bit Java on a 64 bit OS
#   Decrease Java heap size (-Xmx/-Xms)
#   Decrease number of Java threads
#   Decrease Java thread stack sizes (-Xss)
#   Set larger code cache with -XX:ReservedCodeCacheSize=
# This output file may be truncated or incomplete.
#
#  Out of Memory Error (allocation.cpp:390), pid=6172, tid=14876
#
# JRE version: Java(TM) SE Runtime Environment (8.0_91-b14) (build 1.8.0_91-b14)
# Java VM: Java HotSpot(TM) 64-Bit Server VM (25.91-b14 mixed mode windows-amd64 compressed oops)
# Failed to write core dump. Minidumps are not enabled by default on client versions of Windows
#

---------------  T H R E A D  ---------------

Current thread (0x00000000150e2000):  JavaThread "C2 CompilerThread0" daemon [_thread_in_native, id=14876, stack(0x00000000169e0000,0x0000000016ae0000)]

Stack: [0x00000000169e0000,0x0000000016ae0000]
[error occurred during error reporting (printing stack bounds), id 0xc0000005]

Native frames: (J=compiled Java code, j=interpreted, Vv=VM code, C=native code)


Current CompileTask:
C2:   4602 1342       4       com.android.dx.ssa.LocalVariableExtractor::processBlock (383 bytes)


---------------  P R O C E S S  ---------------

Java Threads: ( => current thread )
  0x00000000166cb800 JavaThread "pool-1-thread-4" [_thread_in_vm, id=14096, stack(0x00000000172e0000,0x00000000173e0000)]
  0x00000000166ca000 JavaThread "pool-1-thread-3" [_thread_in_Java, id=13996, stack(0x00000000171e0000,0x00000000172e0000)]
  0x00000000166c5000 JavaThread "pool-1-thread-2" [_thread_in_Java, id=9588, stack(0x00000000170e0000,0x00000000171e0000)]
  0x0000000016647800 JavaThread "pool-2-thread-1" [_thread_blocked, id=6592, stack(0x0000000016fe0000,0x00000000170e0000)]
  0x00000000166dd000 JavaThread "pool-1-thread-1" [_thread_blocked, id=11468, stack(0x0000000016ee0000,0x0000000016fe0000)]
  0x0000000016446000 JavaThread "Service Thread" daemon [_thread_blocked, id=13848, stack(0x0000000016ce0000,0x0000000016de0000)]
  0x0000000016444000 JavaThread "C1 CompilerThread2" daemon [_thread_blocked, id=15172, stack(0x0000000016be0000,0x0000000016ce0000)]
  0x00000000150ea000 JavaThread "C2 CompilerThread1" daemon [_thread_in_native, id=6108, stack(0x0000000016ae0000,0x0000000016be0000)]
=>0x00000000150e2000 JavaThread "C2 CompilerThread0" daemon [_thread_in_native, id=14876, stack(0x00000000169e0000,0x0000000016ae0000)]
  0x000000001509d800 JavaThread "Attach Listener" daemon [_thread_blocked, id=12504, stack(0x00000000168e0000,0x00000000169e0000)]
  0x00000000163f0800 JavaThread "Signal Dispatcher" daemon [_thread_blocked, id=1192, stack(0x00000000167e0000,0x00000000168e0000)]
  0x000000001507a000 JavaThread "Finalizer" daemon [_thread_blocked, id=13064, stack(0x00000000162e0000,0x00000000163e0000)]
  0x00000000029b0000 JavaThread "Reference Handler" daemon [_thread_blocked, id=10168, stack(0x00000000161e0000,0x00000000162e0000)]
  0x00000000028be000 JavaThread "main" [_thread_in_Java, id=8328, stack(0x0000000002700000,0x0000000002800000)]

Other Threads:
  0x0000000015057800 VMThread [stack: 0x00000000160e0000,0x00000000161e0000] [id=7952]
  0x000000001644d800 WatcherThread [stack: 0x0000000016de0000,0x0000000016ee0000] [id=13020]

VM state:not at safepoint (normal execution)

VM Mutex/Monitor currently owned by a thread: None

Heap:
 PSYoungGen      total 35328K, used 25883K [0x00000000eab00000, 0x00000000ed000000, 0x0000000100000000)
  eden space 32768K, 71% used [0x00000000eab00000,0x00000000ec1c8e58,0x00000000ecb00000)
  from space 2560K, 99% used [0x00000000ecd80000,0x00000000ecffe038,0x00000000ed000000)
  to   space 2560K, 0% used [0x00000000ecb00000,0x00000000ecb00000,0x00000000ecd80000)
 ParOldGen       total 44032K, used 4033K [0x00000000c0000000, 0x00000000c2b00000, 0x00000000eab00000)
  object space 44032K, 9% used [0x00000000c0000000,0x00000000c03f07d0,0x00000000c2b00000)
 Metaspace       used 6150K, capacity 7030K, committed 7296K, reserved 1056768K
  class space    used 605K, capacity 622K, committed 640K, reserved 1048576K

Card table byte_map: [0x0000000011d80000,0x0000000011f90000] byte_map_base: 0x0000000011780000

Marking Bits: (ParMarkBitMap*) 0x0000000077282f70
 Begin Bits: [0x00000000124f0000, 0x00000000134f0000)
 End Bits:   [0x00000000134f0000, 0x00000000144f0000)

Polling page: 0x00000000022d0000

CodeCache: size=245760Kb used=6007Kb max_used=6035Kb free=239752Kb
 bounds [0x00000000029c0000, 0x0000000002fb0000, 0x00000000119c0000]
 total_blobs=1684 nmethods=1413 adapters=184
 compilation: enabled

Compilation events (10 events):
Event: 4.051 Thread 0x0000000016444000 1420       3       com.android.dx.cf.code.LocalVariableList::concat (97 bytes)
Event: 4.052 Thread 0x00000000150e2000 nmethod 1368 0x0000000002f89d90 code [0x0000000002f89fa0, 0x0000000002f8b968]
Event: 4.052 Thread 0x00000000150e2000 1408       4       com.android.dx.rop.cst.Constant::compareTo (33 bytes)
Event: 4.053 Thread 0x0000000016444000 nmethod 1420 0x0000000002f81690 code [0x0000000002f819c0, 0x0000000002f83708]
Event: 4.053 Thread 0x00000000150e2000 nmethod 1408 0x0000000002f81150 code [0x0000000002f812a0, 0x0000000002f814d8]
Event: 4.053 Thread 0x00000000150e2000 1342       4       com.android.dx.ssa.LocalVariableExtractor::processBlock (383 bytes)
Event: 4.059 Thread 0x00000000150ea000 nmethod 1320 0x0000000002f95dd0 code [0x0000000002f96240, 0x0000000002f99b70]
Event: 4.059 Thread 0x00000000150ea000 1427       4       java.util.HashMap::getNode (148 bytes)
Event: 4.062 Thread 0x00000000150ea000 nmethod 1427 0x0000000002f80bd0 code [0x0000000002f80d20, 0x0000000002f80f78]
Event: 4.062 Thread 0x00000000150ea000 1343       4       com.android.dx.ssa.SsaRenamer$BlockRenamer::process (191 bytes)

GC Heap History (4 events):
Event: 1.784 GC heap before
{Heap before GC invocations=1 (full 0):
 PSYoungGen      total 18944K, used 16384K [0x00000000eab00000, 0x00000000ec000000, 0x0000000100000000)
  eden space 16384K, 100% used [0x00000000eab00000,0x00000000ebb00000,0x00000000ebb00000)
  from space 2560K, 0% used [0x00000000ebd80000,0x00000000ebd80000,0x00000000ec000000)
  to   space 2560K, 0% used [0x00000000ebb00000,0x00000000ebb00000,0x00000000ebd80000)
 ParOldGen       total 44032K, used 0K [0x00000000c0000000, 0x00000000c2b00000, 0x00000000eab00000)
  object space 44032K, 0% used [0x00000000c0000000,0x00000000c0000000,0x00000000c2b00000)
 Metaspace       used 5822K, capacity 6710K, committed 6784K, reserved 1056768K
  class space    used 603K, capacity 622K, committed 640K, reserved 1048576K
Event: 1.990 GC heap after
Heap after GC invocations=1 (full 0):
 PSYoungGen      total 18944K, used 2530K [0x00000000eab00000, 0x00000000ed000000, 0x0000000100000000)
  eden space 16384K, 0% used [0x00000000eab00000,0x00000000eab00000,0x00000000ebb00000)
  from space 2560K, 98% used [0x00000000ebb00000,0x00000000ebd78ad8,0x00000000ebd80000)
  to   space 2560K, 0% used [0x00000000ecd80000,0x00000000ecd80000,0x00000000ed000000)
 ParOldGen       total 44032K, used 1713K [0x00000000c0000000, 0x00000000c2b00000, 0x00000000eab00000)
  object space 44032K, 3% used [0x00000000c0000000,0x00000000c01ac488,0x00000000c2b00000)
 Metaspace       used 5822K, capacity 6710K, committed 6784K, reserved 1056768K
  class space    used 603K, capacity 622K, committed 640K, reserved 1048576K
}
Event: 3.547 GC heap before
{Heap before GC invocations=2 (full 0):
 PSYoungGen      total 18944K, used 18914K [0x00000000eab00000, 0x00000000ed000000, 0x0000000100000000)
  eden space 16384K, 100% used [0x00000000eab00000,0x00000000ebb00000,0x00000000ebb00000)
  from space 2560K, 98% used [0x00000000ebb00000,0x00000000ebd78ad8,0x00000000ebd80000)
  to   space 2560K, 0% used [0x00000000ecd80000,0x00000000ecd80000,0x00000000ed000000)
 ParOldGen       total 44032K, used 1713K [0x00000000c0000000, 0x00000000c2b00000, 0x00000000eab00000)
  object space 44032K, 3% used [0x00000000c0000000,0x00000000c01ac488,0x00000000c2b00000)
 Metaspace       used 6032K, capacity 6902K, committed 7040K, reserved 1056768K
  class space    used 605K, capacity 622K, committed 640K, reserved 1048576K
Event: 3.704 GC heap after
Heap after GC invocations=2 (full 0):
 PSYoungGen      total 35328K, used 2552K [0x00000000eab00000, 0x00000000ed000000, 0x0000000100000000)
  eden space 32768K, 0% used [0x00000000eab00000,0x00000000eab00000,0x00000000ecb00000)
  from space 2560K, 99% used [0x00000000ecd80000,0x00000000ecffe038,0x00000000ed000000)
  to   space 2560K, 0% used [0x00000000ecb00000,0x00000000ecb00000,0x00000000ecd80000)
 ParOldGen       total 44032K, used 4033K [0x00000000c0000000, 0x00000000c2b00000, 0x00000000eab00000)
  object space 44032K, 9% used [0x00000000c0000000,0x00000000c03f07d0,0x00000000c2b00000)
 Metaspace       used 6032K, capacity 6902K, committed 7040K, reserved 1056768K
  class space    used 605K, capacity 622K, committed 640K, reserved 1048576K
}

Deoptimization events (10 events):
Event: 3.427 Thread 0x00000000028be000 Uncommon trap: reason=unstable_if action=reinterpret pc=0x0000000002d137a0 method=com.android.dx.rop.code.RegisterSpecSet.put(Lcom/android/dx/rop/code/RegisterSpec;)V @ 77
Event: 3.431 Thread 0x00000000028be000 Uncommon trap: reason=bimorphic action=maybe_recompile pc=0x0000000002c27df4 method=java.util.HashMap.getNode(ILjava/lang/Object;)Ljava/util/HashMap$Node; @ 126
Event: 3.431 Thread 0x00000000028be000 Uncommon trap: reason=bimorphic action=maybe_recompile pc=0x0000000002c27df4 method=java.util.HashMap.getNode(ILjava/lang/Object;)Ljava/util/HashMap$Node; @ 126
Event: 3.431 Thread 0x00000000028be000 Uncommon trap: reason=bimorphic action=maybe_recompile pc=0x0000000002c27df4 method=java.util.HashMap.getNode(ILjava/lang/Object;)Ljava/util/HashMap$Node; @ 126
Event: 3.515 Thread 0x00000000166ca000 Uncommon trap: reason=unstable_if action=reinterpret pc=0x0000000002de3df4 method=com.android.dx.ssa.SCCP.simulateStmt(Lcom/android/dx/ssa/SsaInsn;)V @ 53
Event: 3.745 Thread 0x00000000166ca000 Uncommon trap: reason=uninitialized action=reinterpret pc=0x0000000002e9b760 method=com.android.dx.cf.code.BytecodeArray.parseInstruction(ILcom/android/dx/cf/code/BytecodeArray$Visitor;)I @ 1031
Event: 4.008 Thread 0x00000000166cb800 Uncommon trap: reason=unstable_if action=reinterpret pc=0x0000000002f3dc74 method=com.android.dx.cf.code.RopperMachine.jopToRopOpcode(ILcom/android/dx/rop/cst/Constant;)I @ 1044
Event: 4.059 Thread 0x00000000166dd000 Uncommon trap: reason=null_check action=make_not_entrant pc=0x0000000002c73524 method=com.android.dx.ssa.SsaRenamer.getLocalForNewReg(I)Lcom/android/dx/rop/code/LocalItem; @ 19
Event: 4.064 Thread 0x00000000028be000 Uncommon trap: reason=unstable_if action=reinterpret pc=0x0000000002ecae4c method=com.android.dx.ssa.SCCP.simulateBranch(Lcom/android/dx/ssa/SsaInsn;)V @ 64
Event: 4.078 Thread 0x00000000028be000 Uncommon trap: reason=unstable_if action=reinterpret pc=0x0000000002d765f8 method=com.android.dx.cf.code.Ropper.labelToResultIndex(I)I @ 34

Internal exceptions (4 events):
Event: 0.055 Thread 0x00000000028be000 Exception <a 'java/lang/NoSuchMethodError': Method sun.misc.Unsafe.defineClass(Ljava/lang/String;[BII)Ljava/lang/Class; name or signature does not match> (0x00000000eab07cc0) thrown at [C:\re\workspace\8-2-build-windows-amd64-cygwin\jdk8u91\6644\hotspot\sr!Å„g[¬?
Event: 0.055 Thread 0x00000000028be000 Exception <a 'java/lang/NoSuchMethodError': Method sun.misc.Unsafe.prefetchRead(Ljava/lang/Object;J)V name or signature does not match> (0x00000000eab07fa8) thrown at [C:\re\workspace\8-2-build-windows-amd64-cygwin\jdk8u91\6644\hotspot\src\share\vm\prims\jOfþ=|ì@
Event: 2.490 Thread 0x00000000166ca000 Implicit null exception at 0x0000000002cdbee2 to 0x0000000002cdbfda
Event: 4.059 Thread 0x00000000166dd000 Implicit null exception at 0x0000000002c71a2d to 0x0000000002c73505

Events (10 events):
Event: 4.059 Thread 0x00000000166dd000 DEOPT PACKING pc=0x0000000002c73524 sp=0x0000000016fdec70
Event: 4.059 Thread 0x00000000166dd000 DEOPT UNPACKING pc=0x0000000002a0582a sp=0x0000000016fdeb18 mode 2
Event: 4.064 Thread 0x00000000028be000 Uncommon trap: trap_request=0xffffff65 fr.pc=0x0000000002ecae4c
Event: 4.064 Thread 0x00000000028be000 DEOPT PACKING pc=0x0000000002ecae4c sp=0x00000000027fe2f0
Event: 4.064 Thread 0x00000000028be000 DEOPT UNPACKING pc=0x0000000002a0582a sp=0x00000000027fe2c0 mode 2
Event: 4.078 Thread 0x00000000028be000 Uncommon trap: trap_request=0xffffff65 fr.pc=0x0000000002d765f8
Event: 4.078 Thread 0x00000000028be000 DEOPT PACKING pc=0x0000000002d765f8 sp=0x00000000027fe400
Event: 4.078 Thread 0x00000000028be000 DEOPT UNPACKING pc=0x0000000002a0582a sp=0x00000000027fe3a8 mode 2
Event: 4.189 Executing VM operation: EnableBiasedLocking
Event: 4.593 Executing VM operation: EnableBiasedLocking done


Dynamic libraries:
0x00007ff77d8f0000 - 0x00007ff77d927000 	C:\Program Files\Java\jdk1.8.0_91\bin\java.exe
0x00007ffc57b90000 - 0x00007ffc57d51000 	C:\WINDOWS\SYSTEM32\ntdll.dll
0x00007ffc56ba0000 - 0x00007ffc56c4d000 	C:\WINDOWS\system32\KERNEL32.DLL
0x00007ffc54ab0000 - 0x00007ffc54c98000 	C:\WINDOWS\system32\KERNELBASE.dll
0x00007ffc572f0000 - 0x00007ffc57397000 	C:\WINDOWS\system32\ADVAPI32.dll
0x00007ffc570f0000 - 0x00007ffc5718d000 	C:\WINDOWS\system32\msvcrt.dll
0x00007ffc57600000 - 0x00007ffc5765b000 	C:\WINDOWS\system32\sechost.dll
0x00007ffc56960000 - 0x00007ffc56a7c000 	C:\WINDOWS\system32\RPCRT4.dll
0x00007ffc57820000 - 0x00007ffc57976000 	C:\WINDOWS\system32\USER32.dll
0x00007ffc56ed0000 - 0x00007ffc57056000 	C:\WINDOWS\system32\GDI32.dll
0x00007ffc50950000 - 0x00007ffc50bc4000 	C:\WINDOWS\WinSxS\amd64_microsoft.windows.common-controls_6595b64144ccf1df_6.0.10586.589_none_a2ddb3caa539acce\COMCTL32.dll
0x00007ffc56c50000 - 0x00007ffc56ecd000 	C:\WINDOWS\system32\combase.dll
0x00007ffc54080000 - 0x00007ffc540ea000 	C:\WINDOWS\system32\bcryptPrimitives.dll
0x00007ffc54f90000 - 0x00007ffc54fcb000 	C:\WINDOWS\system32\IMM32.DLL
0x00007ffc53e70000 - 0x00007ffc53ea1000 	C:\Windows\system32\nvinitx.dll
0x00007ffc53e60000 - 0x00007ffc53e6a000 	C:\WINDOWS\SYSTEM32\VERSION.dll
0x00000000765f0000 - 0x00000000766c2000 	C:\Program Files\Java\jdk1.8.0_91\jre\bin\msvcr100.dll
0x0000000076a70000 - 0x0000000077303000 	C:\Program Files\Java\jdk1.8.0_91\jre\bin\server\jvm.dll
0x00007ffc54a30000 - 0x00007ffc54a53000 	C:\WINDOWS\system32\WINMM.dll
0x00007ffc53f80000 - 0x00007ffc53fac000 	C:\WINDOWS\system32\WINMMBASE.dll
0x00007ffc54a60000 - 0x00007ffc54aa3000 	C:\WINDOWS\system32\cfgmgr32.dll
0x00007ffc57770000 - 0x00007ffc57778000 	C:\WINDOWS\system32\PSAPI.DLL
0x00007ffc478f0000 - 0x00007ffc478f9000 	C:\WINDOWS\SYSTEM32\WSOCK32.dll
0x00007ffc56b30000 - 0x00007ffc56b9b000 	C:\WINDOWS\system32\WS2_32.dll
0x0000000050010000 - 0x000000005001f000 	C:\Program Files\Java\jdk1.8.0_91\jre\bin\verify.dll
0x0000000077c50000 - 0x0000000077c79000 	C:\Program Files\Java\jdk1.8.0_91\jre\bin\java.dll
0x0000000076a50000 - 0x0000000076a66000 	C:\Program Files\Java\jdk1.8.0_91\jre\bin\zip.dll
0x00007ffc55400000 - 0x00007ffc5695c000 	C:\WINDOWS\system32\SHELL32.dll
0x00007ffc543e0000 - 0x00007ffc54a25000 	C:\WINDOWS\system32\windows.storage.dll
0x00007ffc54dd0000 - 0x00007ffc54e22000 	C:\WINDOWS\system32\shlwapi.dll
0x00007ffc53fb0000 - 0x00007ffc53fbf000 	C:\WINDOWS\system32\kernel.appcore.dll
0x00007ffc54d00000 - 0x00007ffc54db5000 	C:\WINDOWS\system32\shcore.dll
0x00007ffc54390000 - 0x00007ffc543db000 	C:\WINDOWS\system32\powrprof.dll
0x00007ffc53fd0000 - 0x00007ffc53fe4000 	C:\WINDOWS\system32\profapi.dll

VM Arguments:
jvm_args: -Djava.awt.headless=true -Xmx1024M -Dfile.encoding=GBK -Duser.country=CN -Duser.language=zh -Duser.variant 
java_command: com.android.dx.command.Main --dex --force-jumbo --num-threads=4 --output D:\andriod_projects\smartHome\app\build\intermediates\pre-dexed\debug\com.android.support-recyclerview-v7-23.3.0_450d36ffa14669aa0bab8b1c958cc1a4a58867c6.jar D:\andriod_projects\smartHome\app\build\intermediates\exploded-aar\com.android.support\recyclerview-v7\23.3.0\jars\classes.jar
java_class_path (initial): D:\android\android_SDK\build-tools\23.0.3\lib\dx.jar
Launcher Type: SUN_STANDARD

Environment Variables:
JAVA_HOME=C:\Program Files (x86)\Java\jdk1.8.0_31
CLASSPATH=C:\Program Files (x86)\Java\jdk1.8.0_31\lib;C:\Program Files (x86)\Java\jdk1.8.0_31\lib\tools.jar;D:\andriod environment\adt-bundle-windows-x86-20131030\eclipse\plugins\org.apache.ant_1.8.3.v201301120609\lib;
PATH=C:\PROGRA~1\PTC\MKSTOO~1\bin64;C:\PROGRA~1\PTC\MKSTOO~1\bin;C:\PROGRA~1\PTC\MKSTOO~1\bin\X11;C:\PROGRA~1\PTC\MKSTOO~1\mksnt;C:\ProgramData\Oracle\Java\javapath;C:\Program Files (x86)\Intel\iCLS Client\;C:\Program Files\Intel\iCLS Client\;C:\Program Files (x86)\NVIDIA Corporation\PhysX\Common;C:\WINDOWS\system32;C:\WINDOWS;C:\WINDOWS\System32\Wbem;C:\WINDOWS\System32\WindowsPowerShell\v1.0\;C:\Program Files\Intel\Intel(R) Management Engine Components\DAL;C:\Program Files\Intel\Intel(R) Management Engine Components\IPT;C:\Program Files (x86)\Intel\Intel(R) Management Engine Components\DAL;C:\Program Files (x86)\Intel\Intel(R) Management Engine Components\IPT;C:\Program Files (x86)\Java\jdk1.8.0_31\bin;C:\Program Files (x86)\Java\jdk1.8.0_31\jre\bin;D:\andriod environment\adt-bundle-windows-x86-20131030\sdk\tools;D:\andriod environment\adt-bundle-windows-x86-20131030\sdk\platform-tools;D:\andriod environment\adt-bundle-windows-x86-20131030\eclipse\plugins\org.apache.ant_1.8.3.v201301120609\bin;C:\Program Files\nodejs\;D:\Git\cmd;D:\HMA! Pro VPN\bin
USERNAME=freedom
DISPLAY=:0.0
OS=Windows_NT
PROCESSOR_IDENTIFIER=Intel64 Family 6 Model 60 Stepping 3, GenuineIntel



---------------  S Y S T E M  ---------------

OS: Windows 10.0 , 64 bit Build 10586 (10.0.10586.589)

CPU:total 4 (2 cores per cpu, 2 threads per core) family 6 model 60 stepping 3, cmov, cx8, fxsr, mmx, sse, sse2, sse3, ssse3, sse4.1, sse4.2, popcnt, avx, avx2, aes, clmul, erms, lzcnt, ht, tsc, tscinvbit, bmi1, bmi2

Memory: 4k page, physical 4112564k(452668k free), swap 5685428k(5636k free)

vm_info: Java HotSpot(TM) 64-Bit Server VM (25.91-b14) for windows-amd64 JRE (1.8.0_91-b14), built on Apr  1 2016 00:58:32 by "java_re" with MS VC++ 10.0 (VS2010)

time: Mon Sep 26 23:04:11 2016
elapsed time: 4 seconds (0d 0h 0m 4s)

