#
# There is insufficient memory for the Java Runtime Environment to continue.
# Native memory allocation (malloc) failed to allocate 1473056 bytes for Chunk::new
# Possible reasons:
#   The system is out of physical RAM or swap space
#   In 32 bit mode, the process size limit was hit
# Possible solutions:
#   Reduce memory load on the system
#   Increase physical memory or swap space
#   Check if swap backing store is full
#   Use 64 bit Java on a 64 bit OS
#   Decrease Java heap size (-Xmx/-Xms)
#   Decrease number of Java threads
#   Decrease Java thread stack sizes (-Xss)
#   Set larger code cache with -XX:ReservedCodeCacheSize=
# This output file may be truncated or incomplete.
#
#  Out of Memory Error (allocation.cpp:390), pid=9816, tid=648
#
# JRE version: Java(TM) SE Runtime Environment (8.0_91-b14) (build 1.8.0_91-b14)
# Java VM: Java HotSpot(TM) 64-Bit Server VM (25.91-b14 mixed mode windows-amd64 compressed oops)
# Failed to write core dump. Minidumps are not enabled by default on client versions of Windows
#

---------------  T H R E A D  ---------------

Current thread (0x0000000014fea000):  JavaThread "C2 CompilerThread0" daemon [_thread_in_native, id=648, stack(0x0000000016910000,0x0000000016a10000)]

Stack: [0x0000000016910000,0x0000000016a10000]
[error occurred during error reporting (printing stack bounds), id 0xc0000005]

Native frames: (J=compiled Java code, j=interpreted, Vv=VM code, C=native code)


Current CompileTask:
C2:   2688 1341   !   4       com.android.dx.cf.code.BytecodeArray::parseInstruction (2764 bytes)


---------------  P R O C E S S  ---------------

Java Threads: ( => current thread )
  0x00000000165a7800 JavaThread "pool-2-thread-4" [_thread_blocked, id=12476, stack(0x0000000017210000,0x0000000017310000)]
  0x00000000165a7000 JavaThread "pool-2-thread-3" [_thread_blocked, id=656, stack(0x0000000017110000,0x0000000017210000)]
  0x00000000165a6000 JavaThread "pool-2-thread-2" [_thread_blocked, id=8836, stack(0x0000000017010000,0x0000000017110000)]
  0x00000000165a5800 JavaThread "pool-3-thread-1" [_thread_blocked, id=7464, stack(0x0000000016f10000,0x0000000017010000)]
  0x00000000165a2800 JavaThread "pool-2-thread-1" [_thread_blocked, id=12944, stack(0x0000000016e10000,0x0000000016f10000)]
  0x0000000016376800 JavaThread "Service Thread" daemon [_thread_blocked, id=14448, stack(0x0000000016c10000,0x0000000016d10000)]
  0x000000001636b000 JavaThread "C1 CompilerThread2" daemon [_thread_blocked, id=11512, stack(0x0000000016b10000,0x0000000016c10000)]
  0x0000000014fee000 JavaThread "C2 CompilerThread1" daemon [_thread_blocked, id=12940, stack(0x0000000016a10000,0x0000000016b10000)]
=>0x0000000014fea000 JavaThread "C2 CompilerThread0" daemon [_thread_in_native, id=648, stack(0x0000000016910000,0x0000000016a10000)]
  0x0000000014f9d800 JavaThread "Attach Listener" daemon [_thread_blocked, id=10568, stack(0x0000000016810000,0x0000000016910000)]
  0x0000000016318800 JavaThread "Signal Dispatcher" daemon [_thread_blocked, id=10744, stack(0x0000000016710000,0x0000000016810000)]
  0x0000000014f7a000 JavaThread "Finalizer" daemon [_thread_blocked, id=7280, stack(0x0000000016210000,0x0000000016310000)]
  0x0000000014f59000 JavaThread "Reference Handler" daemon [_thread_blocked, id=10164, stack(0x0000000016110000,0x0000000016210000)]
  0x00000000028be000 JavaThread "main" [_thread_in_Java, id=5892, stack(0x0000000002210000,0x0000000002310000)]

Other Threads:
  0x0000000014f57800 VMThread [stack: 0x0000000016010000,0x0000000016110000] [id=13556]
  0x00000000163ee000 WatcherThread [stack: 0x0000000016d10000,0x0000000016e10000] [id=9680]

VM state:not at safepoint (normal execution)

VM Mutex/Monitor currently owned by a thread: None

Heap:
 PSYoungGen      total 18944K, used 4939K [0x00000000eab00000, 0x00000000ec000000, 0x0000000100000000)
  eden space 16384K, 14% used [0x00000000eab00000,0x00000000ead54e70,0x00000000ebb00000)
  from space 2560K, 99% used [0x00000000ebb00000,0x00000000ebd7e100,0x00000000ebd80000)
  to   space 2560K, 0% used [0x00000000ebd80000,0x00000000ebd80000,0x00000000ec000000)
 ParOldGen       total 44032K, used 5985K [0x00000000c0000000, 0x00000000c2b00000, 0x00000000eab00000)
  object space 44032K, 13% used [0x00000000c0000000,0x00000000c05d86b8,0x00000000c2b00000)
 Metaspace       used 6184K, capacity 7030K, committed 7296K, reserved 1056768K
  class space    used 606K, capacity 622K, committed 640K, reserved 1048576K

Card table byte_map: [0x0000000011c80000,0x0000000011e90000] byte_map_base: 0x0000000011680000

Marking Bits: (ParMarkBitMap*) 0x0000000077282f70
 Begin Bits: [0x00000000123f0000, 0x00000000133f0000)
 End Bits:   [0x00000000133f0000, 0x00000000143f0000)

Polling page: 0x0000000002310000

CodeCache: size=245760Kb used=5640Kb max_used=5660Kb free=240119Kb
 bounds [0x00000000028c0000, 0x0000000002e50000, 0x00000000118c0000]
 total_blobs=1649 nmethods=1378 adapters=184
 compilation: enabled

Compilation events (10 events):
Event: 2.607 Thread 0x0000000014fea000 1342       4       com.android.dx.ssa.SsaMethod::bitSetFromLabelList (47 bytes)
Event: 2.614 Thread 0x0000000014fea000 nmethod 1342 0x0000000002e388d0 code [0x0000000002e38a40, 0x0000000002e38ec8]
Event: 2.614 Thread 0x0000000014fea000 1341   !   4       com.android.dx.cf.code.BytecodeArray::parseInstruction (2764 bytes)
Event: 2.657 Thread 0x0000000014fee000 nmethod 1324 0x0000000002e45350 code [0x0000000002e45740, 0x0000000002e488f8]
Event: 2.657 Thread 0x0000000014fee000 1328       4       com.android.dx.rop.code.PlainInsn::withNewRegisters (18 bytes)
Event: 2.659 Thread 0x0000000014fee000 nmethod 1328 0x0000000002e383d0 code [0x0000000002e38520, 0x0000000002e386d8]
Event: 2.659 Thread 0x0000000014fee000 1338       4       com.android.dx.ssa.SsaRenamer$BlockRenamer::processResultReg (56 bytes)
Event: 2.662 Thread 0x0000000014fee000 nmethod 1338 0x0000000002e37f10 code [0x0000000002e38060, 0x0000000002e381b8]
Event: 2.662 Thread 0x0000000014fee000 1322   !   4       com.android.dx.ssa.LocalVariableInfo::setStarts (40 bytes)
Event: 2.662 Thread 0x0000000014fee000 nmethod 1322 0x0000000002e39410 code [0x0000000002e39560, 0x0000000002e39658]

GC Heap History (6 events):
Event: 0.728 GC heap before
{Heap before GC invocations=1 (full 0):
 PSYoungGen      total 18944K, used 16384K [0x00000000eab00000, 0x00000000ec000000, 0x0000000100000000)
  eden space 16384K, 100% used [0x00000000eab00000,0x00000000ebb00000,0x00000000ebb00000)
  from space 2560K, 0% used [0x00000000ebd80000,0x00000000ebd80000,0x00000000ec000000)
  to   space 2560K, 0% used [0x00000000ebb00000,0x00000000ebb00000,0x00000000ebd80000)
 ParOldGen       total 44032K, used 0K [0x00000000c0000000, 0x00000000c2b00000, 0x00000000eab00000)
  object space 44032K, 0% used [0x00000000c0000000,0x00000000c0000000,0x00000000c2b00000)
 Metaspace       used 5592K, capacity 6516K, committed 6784K, reserved 1056768K
  class space    used 603K, capacity 620K, committed 640K, reserved 1048576K
Event: 0.733 GC heap after
Heap after GC invocations=1 (full 0):
 PSYoungGen      total 18944K, used 2544K [0x00000000eab00000, 0x00000000ec000000, 0x0000000100000000)
  eden space 16384K, 0% used [0x00000000eab00000,0x00000000eab00000,0x00000000ebb00000)
  from space 2560K, 99% used [0x00000000ebb00000,0x00000000ebd7c0e8,0x00000000ebd80000)
  to   space 2560K, 0% used [0x00000000ebd80000,0x00000000ebd80000,0x00000000ec000000)
 ParOldGen       total 44032K, used 1259K [0x00000000c0000000, 0x00000000c2b00000, 0x00000000eab00000)
  object space 44032K, 2% used [0x00000000c0000000,0x00000000c013ac60,0x00000000c2b00000)
 Metaspace       used 5592K, capacity 6516K, committed 6784K, reserved 1056768K
  class space    used 603K, capacity 620K, committed 640K, reserved 1048576K
}
Event: 1.567 GC heap before
{Heap before GC invocations=2 (full 0):
 PSYoungGen      total 18944K, used 18928K [0x00000000eab00000, 0x00000000ec000000, 0x0000000100000000)
  eden space 16384K, 100% used [0x00000000eab00000,0x00000000ebb00000,0x00000000ebb00000)
  from space 2560K, 99% used [0x00000000ebb00000,0x00000000ebd7c0e8,0x00000000ebd80000)
  to   space 2560K, 0% used [0x00000000ebd80000,0x00000000ebd80000,0x00000000ec000000)
 ParOldGen       total 44032K, used 1259K [0x00000000c0000000, 0x00000000c2b00000, 0x00000000eab00000)
  object space 44032K, 2% used [0x00000000c0000000,0x00000000c013ac60,0x00000000c2b00000)
 Metaspace       used 6015K, capacity 6902K, committed 7040K, reserved 1056768K
  class space    used 606K, capacity 622K, committed 640K, reserved 1048576K
Event: 1.576 GC heap after
Heap after GC invocations=2 (full 0):
 PSYoungGen      total 18944K, used 2534K [0x00000000eab00000, 0x00000000ec000000, 0x0000000100000000)
  eden space 16384K, 0% used [0x00000000eab00000,0x00000000eab00000,0x00000000ebb00000)
  from space 2560K, 99% used [0x00000000ebd80000,0x00000000ebff9a80,0x00000000ec000000)
  to   space 2560K, 0% used [0x00000000ebb00000,0x00000000ebb00000,0x00000000ebd80000)
 ParOldGen       total 44032K, used 3851K [0x00000000c0000000, 0x00000000c2b00000, 0x00000000eab00000)
  object space 44032K, 8% used [0x00000000c0000000,0x00000000c03c2fd0,0x00000000c2b00000)
 Metaspace       used 6015K, capacity 6902K, committed 7040K, reserved 1056768K
  class space    used 606K, capacity 622K, committed 640K, reserved 1048576K
}
Event: 2.523 GC heap before
{Heap before GC invocations=3 (full 0):
 PSYoungGen      total 18944K, used 18918K [0x00000000eab00000, 0x00000000ec000000, 0x0000000100000000)
  eden space 16384K, 100% used [0x00000000eab00000,0x00000000ebb00000,0x00000000ebb00000)
  from space 2560K, 99% used [0x00000000ebd80000,0x00000000ebff9a80,0x00000000ec000000)
  to   space 2560K, 0% used [0x00000000ebb00000,0x00000000ebb00000,0x00000000ebd80000)
 ParOldGen       total 44032K, used 3851K [0x00000000c0000000, 0x00000000c2b00000, 0x00000000eab00000)
  object space 44032K, 8% used [0x00000000c0000000,0x00000000c03c2fd0,0x00000000c2b00000)
 Metaspace       used 6141K, capacity 6966K, committed 7040K, reserved 1056768K
  class space    used 606K, capacity 622K, committed 640K, reserved 1048576K
Event: 2.534 GC heap after
Heap after GC invocations=3 (full 0):
 PSYoungGen      total 18944K, used 2552K [0x00000000eab00000, 0x00000000ec000000, 0x0000000100000000)
  eden space 16384K, 0% used [0x00000000eab00000,0x00000000eab00000,0x00000000ebb00000)
  from space 2560K, 99% used [0x00000000ebb00000,0x00000000ebd7e100,0x00000000ebd80000)
  to   space 2560K, 0% used [0x00000000ebd80000,0x00000000ebd80000,0x00000000ec000000)
 ParOldGen       total 44032K, used 5985K [0x00000000c0000000, 0x00000000c2b00000, 0x00000000eab00000)
  object space 44032K, 13% used [0x00000000c0000000,0x00000000c05d86b8,0x00000000c2b00000)
 Metaspace       used 6141K, capacity 6966K, committed 7040K, reserved 1056768K
  class space    used 606K, capacity 622K, committed 640K, reserved 1048576K
}

Deoptimization events (5 events):
Event: 0.356 Thread 0x00000000028be000 Uncommon trap: reason=unstable_if action=reinterpret pc=0x0000000002a17614 method=java.lang.String.compareTo(Ljava/lang/String;)I @ 38
Event: 1.055 Thread 0x00000000165a6000 Uncommon trap: reason=unstable_if action=reinterpret pc=0x0000000002c4cf6c method=com.android.dx.rop.code.RegisterSpecSet.put(Lcom/android/dx/rop/code/RegisterSpec;)V @ 77
Event: 1.055 Thread 0x00000000165a6000 Uncommon trap: reason=unstable_if action=reinterpret pc=0x0000000002c508a0 method=com.android.dx.rop.code.RegisterSpecSet.put(Lcom/android/dx/rop/code/RegisterSpec;)V @ 77
Event: 1.306 Thread 0x00000000165a7800 Uncommon trap: reason=unstable_if action=reinterpret pc=0x0000000002bd1604 method=com.android.dx.rop.code.RegisterSpec.equals(ILcom/android/dx/rop/type/TypeBearer;Lcom/android/dx/rop/code/LocalItem;)Z @ 42
Event: 1.887 Thread 0x00000000028be000 Uncommon trap: reason=unstable_if action=reinterpret pc=0x0000000002af7c5c method=com.android.dx.rop.cst.Constant.compareTo(Lcom/android/dx/rop/cst/Constant;)I @ 12

Internal exceptions (2 events):
Event: 0.051 Thread 0x00000000028be000 Exception <a 'java/lang/NoSuchMethodError': Method sun.misc.Unsafe.defineClass(Ljava/lang/String;[BII)Ljava/lang/Class; name or signature does not match> (0x00000000eab07cc0) thrown at [C:\re\workspace\8-2-build-windows-amd64-cygwin\jdk8u91\6644\hotspot\sr ž¢‡£Nª?
Event: 0.051 Thread 0x00000000028be000 Exception <a 'java/lang/NoSuchMethodError': Method sun.misc.Unsafe.prefetchRead(Ljava/lang/Object;J)V name or signature does not match> (0x00000000eab07fa8) thrown at [C:\re\workspace\8-2-build-windows-amd64-cygwin\jdk8u91\6644\hotspot\src\share\vm\prims\j

Events (10 events):
Event: 1.306 Thread 0x00000000165a7800 DEOPT UNPACKING pc=0x000000000290582a sp=0x000000001730ea38 mode 2
Event: 1.329 Executing VM operation: ParallelGCFailedAllocation
Event: 1.576 Executing VM operation: ParallelGCFailedAllocation done
Event: 1.887 Thread 0x00000000028be000 Uncommon trap: trap_request=0xffffff65 fr.pc=0x0000000002af7c5c
Event: 1.887 Thread 0x00000000028be000 DEOPT PACKING pc=0x0000000002af7c5c sp=0x000000000230dd00
Event: 1.887 Thread 0x00000000028be000 DEOPT UNPACKING pc=0x000000000290582a sp=0x000000000230dca0 mode 2
Event: 2.498 Thread 0x00000000028be000 DEOPT PACKING pc=0x0000000002bb9f44 sp=0x000000000230dff0
Event: 2.498 Thread 0x00000000028be000 DEOPT UNPACKING pc=0x000000000290787f sp=0x000000000230ddb8 mode 0
Event: 2.523 Executing VM operation: ParallelGCFailedAllocation
Event: 2.534 Executing VM operation: ParallelGCFailedAllocation done


Dynamic libraries:
0x00007ff77d8f0000 - 0x00007ff77d927000 	C:\Program Files\Java\jdk1.8.0_91\bin\java.exe
0x00007ffc57b90000 - 0x00007ffc57d51000 	C:\WINDOWS\SYSTEM32\ntdll.dll
0x00007ffc56ba0000 - 0x00007ffc56c4d000 	C:\WINDOWS\system32\KERNEL32.DLL
0x00007ffc54ab0000 - 0x00007ffc54c98000 	C:\WINDOWS\system32\KERNELBASE.dll
0x00007ffc572f0000 - 0x00007ffc57397000 	C:\WINDOWS\system32\ADVAPI32.dll
0x00007ffc570f0000 - 0x00007ffc5718d000 	C:\WINDOWS\system32\msvcrt.dll
0x00007ffc57600000 - 0x00007ffc5765b000 	C:\WINDOWS\system32\sechost.dll
0x00007ffc56960000 - 0x00007ffc56a7c000 	C:\WINDOWS\system32\RPCRT4.dll
0x00007ffc57820000 - 0x00007ffc57976000 	C:\WINDOWS\system32\USER32.dll
0x00007ffc56ed0000 - 0x00007ffc57056000 	C:\WINDOWS\system32\GDI32.dll
0x00007ffc50950000 - 0x00007ffc50bc4000 	C:\WINDOWS\WinSxS\amd64_microsoft.windows.common-controls_6595b64144ccf1df_6.0.10586.589_none_a2ddb3caa539acce\COMCTL32.dll
0x00007ffc56c50000 - 0x00007ffc56ecd000 	C:\WINDOWS\system32\combase.dll
0x00007ffc54080000 - 0x00007ffc540ea000 	C:\WINDOWS\system32\bcryptPrimitives.dll
0x00007ffc54f90000 - 0x00007ffc54fcb000 	C:\WINDOWS\system32\IMM32.DLL
0x00007ffc53e70000 - 0x00007ffc53ea1000 	C:\Windows\system32\nvinitx.dll
0x00007ffc53e60000 - 0x00007ffc53e6a000 	C:\WINDOWS\SYSTEM32\VERSION.dll
0x00000000765f0000 - 0x00000000766c2000 	C:\Program Files\Java\jdk1.8.0_91\jre\bin\msvcr100.dll
0x0000000076a70000 - 0x0000000077303000 	C:\Program Files\Java\jdk1.8.0_91\jre\bin\server\jvm.dll
0x00007ffc54a30000 - 0x00007ffc54a53000 	C:\WINDOWS\system32\WINMM.dll
0x00007ffc53f80000 - 0x00007ffc53fac000 	C:\WINDOWS\system32\WINMMBASE.dll
0x00007ffc54a60000 - 0x00007ffc54aa3000 	C:\WINDOWS\system32\cfgmgr32.dll
0x00007ffc57770000 - 0x00007ffc57778000 	C:\WINDOWS\system32\PSAPI.DLL
0x00007ffc478f0000 - 0x00007ffc478f9000 	C:\WINDOWS\SYSTEM32\WSOCK32.dll
0x00007ffc56b30000 - 0x00007ffc56b9b000 	C:\WINDOWS\system32\WS2_32.dll
0x0000000050010000 - 0x000000005001f000 	C:\Program Files\Java\jdk1.8.0_91\jre\bin\verify.dll
0x0000000077c50000 - 0x0000000077c79000 	C:\Program Files\Java\jdk1.8.0_91\jre\bin\java.dll
0x0000000076a50000 - 0x0000000076a66000 	C:\Program Files\Java\jdk1.8.0_91\jre\bin\zip.dll
0x00007ffc55400000 - 0x00007ffc5695c000 	C:\WINDOWS\system32\SHELL32.dll
0x00007ffc543e0000 - 0x00007ffc54a25000 	C:\WINDOWS\system32\windows.storage.dll
0x00007ffc54dd0000 - 0x00007ffc54e22000 	C:\WINDOWS\system32\shlwapi.dll
0x00007ffc53fb0000 - 0x00007ffc53fbf000 	C:\WINDOWS\system32\kernel.appcore.dll
0x00007ffc54d00000 - 0x00007ffc54db5000 	C:\WINDOWS\system32\shcore.dll
0x00007ffc54390000 - 0x00007ffc543db000 	C:\WINDOWS\system32\powrprof.dll
0x00007ffc53fd0000 - 0x00007ffc53fe4000 	C:\WINDOWS\system32\profapi.dll

VM Arguments:
jvm_args: -Djava.awt.headless=true -Xmx1024M -Dfile.encoding=GBK -Duser.country=CN -Duser.language=zh -Duser.variant 
java_command: com.android.dx.command.Main --dex --force-jumbo --num-threads=4 --multi-dex --output D:\andriod_projects\smartHome\app\build\intermediates\transforms\dex\debug\folders\1000\10\com.android.support-appcompat-v7-23.3.0_08b6caf9083ef3333c1d2d027f917b3b9e753913 D:\andriod_projects\smartHome\app\build\intermediates\exploded-aar\com.android.support\appcompat-v7\23.3.0\jars\classes.jar
java_class_path (initial): D:\android\android_SDK\build-tools\23.0.3\lib\dx.jar
Launcher Type: SUN_STANDARD

Environment Variables:
JAVA_HOME=C:\Program Files (x86)\Java\jdk1.8.0_31
CLASSPATH=C:\Program Files (x86)\Java\jdk1.8.0_31\lib;C:\Program Files (x86)\Java\jdk1.8.0_31\lib\tools.jar;D:\andriod environment\adt-bundle-windows-x86-20131030\eclipse\plugins\org.apache.ant_1.8.3.v201301120609\lib;
PATH=C:\PROGRA~1\PTC\MKSTOO~1\bin64;C:\PROGRA~1\PTC\MKSTOO~1\bin;C:\PROGRA~1\PTC\MKSTOO~1\bin\X11;C:\PROGRA~1\PTC\MKSTOO~1\mksnt;C:\ProgramData\Oracle\Java\javapath;C:\Program Files (x86)\Intel\iCLS Client\;C:\Program Files\Intel\iCLS Client\;C:\Program Files (x86)\NVIDIA Corporation\PhysX\Common;C:\WINDOWS\system32;C:\WINDOWS;C:\WINDOWS\System32\Wbem;C:\WINDOWS\System32\WindowsPowerShell\v1.0\;C:\Program Files\Intel\Intel(R) Management Engine Components\DAL;C:\Program Files\Intel\Intel(R) Management Engine Components\IPT;C:\Program Files (x86)\Intel\Intel(R) Management Engine Components\DAL;C:\Program Files (x86)\Intel\Intel(R) Management Engine Components\IPT;C:\Program Files (x86)\Java\jdk1.8.0_31\bin;C:\Program Files (x86)\Java\jdk1.8.0_31\jre\bin;D:\andriod environment\adt-bundle-windows-x86-20131030\sdk\tools;D:\andriod environment\adt-bundle-windows-x86-20131030\sdk\platform-tools;D:\andriod environment\adt-bundle-windows-x86-20131030\eclipse\plugins\org.apache.ant_1.8.3.v201301120609\bin;C:\Program Files\nodejs\;D:\Git\cmd;D:\HMA! Pro VPN\bin
USERNAME=freedom
DISPLAY=:0.0
OS=Windows_NT
PROCESSOR_IDENTIFIER=Intel64 Family 6 Model 60 Stepping 3, GenuineIntel



---------------  S Y S T E M  ---------------

OS: Windows 10.0 , 64 bit Build 10586 (10.0.10586.589)

CPU:total 4 (2 cores per cpu, 2 threads per core) family 6 model 60 stepping 3, cmov, cx8, fxsr, mmx, sse, sse2, sse3, ssse3, sse4.1, sse4.2, popcnt, avx, avx2, aes, clmul, erms, lzcnt, ht, tsc, tscinvbit, bmi1, bmi2

Memory: 4k page, physical 4112564k(613416k free), swap 5685428k(8616k free)

vm_info: Java HotSpot(TM) 64-Bit Server VM (25.91-b14) for windows-amd64 JRE (1.8.0_91-b14), built on Apr  1 2016 00:58:32 by "java_re" with MS VC++ 10.0 (VS2010)

time: Mon Sep 26 23:09:28 2016
elapsed time: 2 seconds (0d 0h 0m 2s)

