#
# There is insufficient memory for the Java Runtime Environment to continue.
# Native memory allocation (malloc) failed to allocate 873776 bytes for Chunk::new
# Possible reasons:
#   The system is out of physical RAM or swap space
#   In 32 bit mode, the process size limit was hit
# Possible solutions:
#   Reduce memory load on the system
#   Increase physical memory or swap space
#   Check if swap backing store is full
#   Use 64 bit Java on a 64 bit OS
#   Decrease Java heap size (-Xmx/-Xms)
#   Decrease number of Java threads
#   Decrease Java thread stack sizes (-Xss)
#   Set larger code cache with -XX:ReservedCodeCacheSize=
# This output file may be truncated or incomplete.
#
#  Out of Memory Error (allocation.cpp:390), pid=4556, tid=4900
#
# JRE version: Java(TM) SE Runtime Environment (8.0_91-b14) (build 1.8.0_91-b14)
# Java VM: Java HotSpot(TM) 64-Bit Server VM (25.91-b14 mixed mode windows-amd64 compressed oops)
# Failed to write core dump. Minidumps are not enabled by default on client versions of Windows
#

---------------  T H R E A D  ---------------

Current thread (0x0000000014cb5000):  JavaThread "C2 CompilerThread0" daemon [_thread_in_native, id=4900, stack(0x0000000016620000,0x0000000016720000)]

Stack: [0x0000000016620000,0x0000000016720000]
[error occurred during error reporting (printing stack bounds), id 0xc0000005]

Native frames: (J=compiled Java code, j=interpreted, Vv=VM code, C=native code)


Current CompileTask:
C2:   4463 1094       4       com.android.dx.ssa.SCCP::simulatePhi (169 bytes)


---------------  P R O C E S S  ---------------

Java Threads: ( => current thread )
  0x0000000016291800 JavaThread "pool-1-thread-4" [_thread_in_Java, id=5908, stack(0x0000000016f20000,0x0000000017020000)]
  0x0000000016290800 JavaThread "pool-1-thread-3" [_thread_in_Java, id=2976, stack(0x0000000016e20000,0x0000000016f20000)]
  0x000000001628a800 JavaThread "pool-1-thread-2" [_thread_in_Java, id=7228, stack(0x0000000016d20000,0x0000000016e20000)]
  0x00000000161d6800 JavaThread "pool-2-thread-1" [_thread_blocked, id=4024, stack(0x0000000016c20000,0x0000000016d20000)]
  0x00000000161d4000 JavaThread "pool-1-thread-1" [_thread_in_Java, id=8560, stack(0x0000000016b20000,0x0000000016c20000)]
  0x0000000016098000 JavaThread "Service Thread" daemon [_thread_blocked, id=11968, stack(0x0000000016920000,0x0000000016a20000)]
  0x0000000014cba800 JavaThread "C1 CompilerThread2" daemon [_thread_blocked, id=10372, stack(0x0000000016820000,0x0000000016920000)]
  0x0000000014cb7000 JavaThread "C2 CompilerThread1" daemon [_thread_in_native, id=6512, stack(0x0000000016720000,0x0000000016820000)]
=>0x0000000014cb5000 JavaThread "C2 CompilerThread0" daemon [_thread_in_native, id=4900, stack(0x0000000016620000,0x0000000016720000)]
  0x0000000014cb2800 JavaThread "Attach Listener" daemon [_thread_blocked, id=10388, stack(0x0000000016520000,0x0000000016620000)]
  0x0000000016030800 JavaThread "Signal Dispatcher" daemon [_thread_blocked, id=11924, stack(0x0000000016420000,0x0000000016520000)]
  0x0000000014c4a800 JavaThread "Finalizer" daemon [_thread_blocked, id=11608, stack(0x0000000015ec0000,0x0000000015fc0000)]
  0x0000000002520000 JavaThread "Reference Handler" daemon [_thread_blocked, id=6420, stack(0x0000000015dc0000,0x0000000015ec0000)]
  0x000000000258e000 JavaThread "main" [_thread_blocked, id=7080, stack(0x0000000001fc0000,0x00000000020c0000)]

Other Threads:
  0x0000000014c27800 VMThread [stack: 0x0000000015cc0000,0x0000000015dc0000] [id=7744]
  0x00000000160a5000 WatcherThread [stack: 0x0000000016a20000,0x0000000016b20000] [id=8824]

VM state:not at safepoint (normal execution)

VM Mutex/Monitor currently owned by a thread: None

Heap:
 PSYoungGen      total 18944K, used 17178K [0x00000000eab00000, 0x00000000ec000000, 0x0000000100000000)
  eden space 16384K, 89% used [0x00000000eab00000,0x00000000eb94c948,0x00000000ebb00000)
  from space 2560K, 99% used [0x00000000ebd80000,0x00000000ebffa020,0x00000000ec000000)
  to   space 2560K, 0% used [0x00000000ebb00000,0x00000000ebb00000,0x00000000ebd80000)
 ParOldGen       total 44032K, used 3691K [0x00000000c0000000, 0x00000000c2b00000, 0x00000000eab00000)
  object space 44032K, 8% used [0x00000000c0000000,0x00000000c039afe0,0x00000000c2b00000)
 Metaspace       used 6032K, capacity 6936K, committed 7168K, reserved 1056768K
  class space    used 602K, capacity 656K, committed 768K, reserved 1048576K

Card table byte_map: [0x0000000011950000,0x0000000011b60000] byte_map_base: 0x0000000011350000

Marking Bits: (ParMarkBitMap*) 0x0000000076812f70
 Begin Bits: [0x00000000120c0000, 0x00000000130c0000)
 End Bits:   [0x00000000130c0000, 0x00000000140c0000)

Polling page: 0x0000000000770000

CodeCache: size=245760Kb used=4938Kb max_used=4938Kb free=240821Kb
 bounds [0x0000000002590000, 0x0000000002a70000, 0x0000000011590000]
 total_blobs=1487 nmethods=1217 adapters=183
 compilation: enabled

Compilation events (10 events):
Event: 4.375 Thread 0x0000000014cba800 nmethod 1186 0x0000000002a35c90 code [0x0000000002a35fc0, 0x0000000002a380f8]
Event: 4.375 Thread 0x0000000014cba800 1188       3       com.android.dx.cf.code.Ropper::addExceptionSetupBlocks (203 bytes)
Event: 4.378 Thread 0x0000000014cba800 nmethod 1188 0x0000000002a393d0 code [0x0000000002a397c0, 0x0000000002a3bb88]
Event: 4.378 Thread 0x0000000014cba800 1189       3       com.android.dx.util.FixedSizeList::shrinkToFit (103 bytes)
Event: 4.378 Thread 0x0000000014cba800 nmethod 1189 0x0000000002a3d790 code [0x0000000002a3d940, 0x0000000002a3e1c8]
Event: 4.378 Thread 0x0000000014cba800 1190       3       com.android.dx.rop.cst.CstBaseMethodRef::<init> (31 bytes)
Event: 4.378 Thread 0x0000000014cba800 nmethod 1190 0x0000000002a3e510 code [0x0000000002a3e680, 0x0000000002a3ea38]
Event: 4.379 Thread 0x0000000014cba800 1191       1       com.android.dx.cf.code.BaseMachine::auxType (6 bytes)
Event: 4.379 Thread 0x0000000014cba800 nmethod 1191 0x0000000002a3eb50 code [0x0000000002a3eca0, 0x0000000002a3edd0]
Event: 4.379 Thread 0x0000000014cba800 1187       3       com.android.dx.cf.code.Simulator$SimVisitor::visitNoArgs (2108 bytes)

GC Heap History (4 events):
Event: 3.558 GC heap before
{Heap before GC invocations=1 (full 0):
 PSYoungGen      total 18944K, used 16384K [0x00000000eab00000, 0x00000000ec000000, 0x0000000100000000)
  eden space 16384K, 100% used [0x00000000eab00000,0x00000000ebb00000,0x00000000ebb00000)
  from space 2560K, 0% used [0x00000000ebd80000,0x00000000ebd80000,0x00000000ec000000)
  to   space 2560K, 0% used [0x00000000ebb00000,0x00000000ebb00000,0x00000000ebd80000)
 ParOldGen       total 44032K, used 0K [0x00000000c0000000, 0x00000000c2b00000, 0x00000000eab00000)
  object space 44032K, 0% used [0x00000000c0000000,0x00000000c0000000,0x00000000c2b00000)
 Metaspace       used 5756K, capacity 6680K, committed 6912K, reserved 1056768K
  class space    used 601K, capacity 656K, committed 768K, reserved 1048576K
Event: 3.570 GC heap after
Heap after GC invocations=1 (full 0):
 PSYoungGen      total 18944K, used 2559K [0x00000000eab00000, 0x00000000ec000000, 0x0000000100000000)
  eden space 16384K, 0% used [0x00000000eab00000,0x00000000eab00000,0x00000000ebb00000)
  from space 2560K, 99% used [0x00000000ebb00000,0x00000000ebd7fc80,0x00000000ebd80000)
  to   space 2560K, 0% used [0x00000000ebd80000,0x00000000ebd80000,0x00000000ec000000)
 ParOldGen       total 44032K, used 1704K [0x00000000c0000000, 0x00000000c2b00000, 0x00000000eab00000)
  object space 44032K, 3% used [0x00000000c0000000,0x00000000c01aa170,0x00000000c2b00000)
 Metaspace       used 5756K, capacity 6680K, committed 6912K, reserved 1056768K
  class space    used 601K, capacity 656K, committed 768K, reserved 1048576K
}
Event: 4.382 GC heap before
{Heap before GC invocations=2 (full 0):
 PSYoungGen      total 18944K, used 18943K [0x00000000eab00000, 0x00000000ec000000, 0x0000000100000000)
  eden space 16384K, 100% used [0x00000000eab00000,0x00000000ebb00000,0x00000000ebb00000)
  from space 2560K, 99% used [0x00000000ebb00000,0x00000000ebd7fc80,0x00000000ebd80000)
  to   space 2560K, 0% used [0x00000000ebd80000,0x00000000ebd80000,0x00000000ec000000)
 ParOldGen       total 44032K, used 1704K [0x00000000c0000000, 0x00000000c2b00000, 0x00000000eab00000)
  object space 44032K, 3% used [0x00000000c0000000,0x00000000c01aa170,0x00000000c2b00000)
 Metaspace       used 6008K, capacity 6936K, committed 7168K, reserved 1056768K
  class space    used 601K, capacity 656K, committed 768K, reserved 1048576K
Event: 4.413 GC heap after
Heap after GC invocations=2 (full 0):
 PSYoungGen      total 18944K, used 2536K [0x00000000eab00000, 0x00000000ec000000, 0x0000000100000000)
  eden space 16384K, 0% used [0x00000000eab00000,0x00000000eab00000,0x00000000ebb00000)
  from space 2560K, 99% used [0x00000000ebd80000,0x00000000ebffa020,0x00000000ec000000)
  to   space 2560K, 0% used [0x00000000ebb00000,0x00000000ebb00000,0x00000000ebd80000)
 ParOldGen       total 44032K, used 3691K [0x00000000c0000000, 0x00000000c2b00000, 0x00000000eab00000)
  object space 44032K, 8% used [0x00000000c0000000,0x00000000c039afe0,0x00000000c2b00000)
 Metaspace       used 6008K, capacity 6936K, committed 7168K, reserved 1056768K
  class space    used 601K, capacity 656K, committed 768K, reserved 1048576K
}

Deoptimization events (5 events):
Event: 3.487 Thread 0x000000001628a800 Uncommon trap: reason=class_check action=maybe_recompile pc=0x00000000027d2e70 method=com.android.dx.ssa.NormalSsaInsn.accept(Lcom/android/dx/ssa/SsaInsn$Visitor;)V @ 9
Event: 3.487 Thread 0x000000001628a800 Uncommon trap: reason=class_check action=maybe_recompile pc=0x00000000027d2e70 method=com.android.dx.ssa.NormalSsaInsn.accept(Lcom/android/dx/ssa/SsaInsn$Visitor;)V @ 9
Event: 3.487 Thread 0x000000001628a800 Uncommon trap: reason=class_check action=maybe_recompile pc=0x00000000027d2e70 method=com.android.dx.ssa.NormalSsaInsn.accept(Lcom/android/dx/ssa/SsaInsn$Visitor;)V @ 9
Event: 3.487 Thread 0x000000001628a800 Uncommon trap: reason=class_check action=maybe_recompile pc=0x00000000027d2e70 method=com.android.dx.ssa.NormalSsaInsn.accept(Lcom/android/dx/ssa/SsaInsn$Visitor;)V @ 9
Event: 3.604 Thread 0x000000000258e000 Uncommon trap: reason=bimorphic action=maybe_recompile pc=0x00000000027dd298 method=java.util.HashMap.getNode(ILjava/lang/Object;)Ljava/util/HashMap$Node; @ 126

Internal exceptions (2 events):
Event: 0.707 Thread 0x000000000258e000 Exception <a 'java/lang/NoSuchMethodError': Method sun.misc.Unsafe.defineClass(Ljava/lang/String;[BII)Ljava/lang/Class; name or signature does not match> (0x00000000eab07cc0) thrown at [C:\re\workspace\8-2-build-windows-amd64-cygwin\jdk8u91\6644\hotspot\sr+’Å§¢Ê?
Event: 0.707 Thread 0x000000000258e000 Exception <a 'java/lang/NoSuchMethodError': Method sun.misc.Unsafe.prefetchRead(Ljava/lang/Object;J)V name or signature does not match> (0x00000000eab07fa8) thrown at [C:\re\workspace\8-2-build-windows-amd64-cygwin\jdk8u91\6644\hotspot\src\share\vm\prims\j

Events (10 events):
Event: 3.527 Executing VM operation: ForceSafepoint done
Event: 3.557 Executing VM operation: ParallelGCFailedAllocation
Event: 3.570 Executing VM operation: ParallelGCFailedAllocation done
Event: 3.604 Thread 0x000000000258e000 Uncommon trap: trap_request=0xffffffc6 fr.pc=0x00000000027dd298
Event: 3.604 Thread 0x000000000258e000 DEOPT PACKING pc=0x00000000027dd298 sp=0x00000000020be300
Event: 3.604 Thread 0x000000000258e000 DEOPT UNPACKING pc=0x00000000025d582a sp=0x00000000020be228 mode 2
Event: 4.140 Executing VM operation: ForceSafepoint
Event: 4.371 Executing VM operation: ForceSafepoint done
Event: 4.382 Executing VM operation: ParallelGCFailedAllocation
Event: 4.414 Executing VM operation: ParallelGCFailedAllocation done


Dynamic libraries:
0x00007ff7ee720000 - 0x00007ff7ee757000 	C:\Program Files\Java\jdk1.8.0_91\bin\java.exe
0x00007fff41bf0000 - 0x00007fff41dc1000 	C:\WINDOWS\SYSTEM32\ntdll.dll
0x00007fff3f310000 - 0x00007fff3f3bb000 	C:\WINDOWS\System32\KERNEL32.DLL
0x00007fff3e220000 - 0x00007fff3e43d000 	C:\WINDOWS\System32\KERNELBASE.dll
0x00007fff3f480000 - 0x00007fff3f522000 	C:\WINDOWS\System32\ADVAPI32.dll
0x00007fff3ffb0000 - 0x00007fff4004e000 	C:\WINDOWS\System32\msvcrt.dll
0x00007fff3f250000 - 0x00007fff3f2a9000 	C:\WINDOWS\System32\sechost.dll
0x00007fff3efc0000 - 0x00007fff3f0e1000 	C:\WINDOWS\System32\RPCRT4.dll
0x00007fff3fc10000 - 0x00007fff3fd75000 	C:\WINDOWS\System32\USER32.dll
0x00007fff3e0f0000 - 0x00007fff3e10e000 	C:\WINDOWS\System32\win32u.dll
0x00007fff3fa90000 - 0x00007fff3fac4000 	C:\WINDOWS\System32\GDI32.dll
0x00007fff3e440000 - 0x00007fff3e5c2000 	C:\WINDOWS\System32\gdi32full.dll
0x00007fff336a0000 - 0x00007fff33919000 	C:\WINDOWS\WinSxS\amd64_microsoft.windows.common-controls_6595b64144ccf1df_6.0.14393.0_none_2d0f50fcbdb171b8\COMCTL32.dll
0x00007fff3f7a0000 - 0x00007fff3fa67000 	C:\WINDOWS\System32\combase.dll
0x00007fff3e7d0000 - 0x00007fff3e8c5000 	C:\WINDOWS\System32\ucrtbase.dll
0x00007fff3df90000 - 0x00007fff3dffa000 	C:\WINDOWS\System32\bcryptPrimitives.dll
0x00007fff3fd80000 - 0x00007fff3fdae000 	C:\WINDOWS\System32\IMM32.DLL
0x0000000075b90000 - 0x0000000075c62000 	C:\Program Files\Java\jdk1.8.0_91\jre\bin\msvcr100.dll
0x0000000076000000 - 0x0000000076893000 	C:\Program Files\Java\jdk1.8.0_91\jre\bin\server\jvm.dll
0x00007fff3e7a0000 - 0x00007fff3e7c3000 	C:\WINDOWS\System32\WINMM.dll
0x00007fff3de20000 - 0x00007fff3de4b000 	C:\WINDOWS\System32\WINMMBASE.dll
0x00007fff3e000000 - 0x00007fff3e042000 	C:\WINDOWS\System32\cfgmgr32.dll
0x00007fff40050000 - 0x00007fff40058000 	C:\WINDOWS\System32\PSAPI.DLL
0x00007fff2ea20000 - 0x00007fff2ea29000 	C:\WINDOWS\SYSTEM32\WSOCK32.dll
0x00007fff40060000 - 0x00007fff400ca000 	C:\WINDOWS\System32\WS2_32.dll
0x00007fff395c0000 - 0x00007fff395ca000 	C:\WINDOWS\SYSTEM32\VERSION.dll
0x0000000050000000 - 0x000000005000f000 	C:\Program Files\Java\jdk1.8.0_91\jre\bin\verify.dll
0x0000000075fd0000 - 0x0000000075ff9000 	C:\Program Files\Java\jdk1.8.0_91\jre\bin\java.dll
0x0000000075fb0000 - 0x0000000075fc6000 	C:\Program Files\Java\jdk1.8.0_91\jre\bin\zip.dll
0x00007fff400d0000 - 0x00007fff415d8000 	C:\WINDOWS\System32\SHELL32.dll
0x00007fff3e8d0000 - 0x00007fff3efaa000 	C:\WINDOWS\System32\windows.storage.dll
0x00007fff3df40000 - 0x00007fff3df8c000 	C:\WINDOWS\System32\powrprof.dll
0x00007fff3ff50000 - 0x00007fff3ffa2000 	C:\WINDOWS\System32\shlwapi.dll
0x00007fff3de80000 - 0x00007fff3de8f000 	C:\WINDOWS\System32\kernel.appcore.dll
0x00007fff3e110000 - 0x00007fff3e1b9000 	C:\WINDOWS\System32\shcore.dll
0x00007fff3de50000 - 0x00007fff3de64000 	C:\WINDOWS\System32\profapi.dll

VM Arguments:
jvm_args: -Djava.awt.headless=true -Xmx1024M -Dfile.encoding=GBK -Duser.country=CN -Duser.language=zh -Duser.variant 
java_command: com.android.dx.command.Main --dex --force-jumbo --num-threads=4 --output D:\andriod_projects\smartHome\app\build\intermediates\pre-dexed\debug\Sunflower_dd28db0ef194d874c43724cb9325a62d0773da24.jar D:\andriod_projects\smartHome\app\libs\Sunflower.jar
java_class_path (initial): D:\android\android_SDK\build-tools\23.0.3\lib\dx.jar
Launcher Type: SUN_STANDARD

Environment Variables:
JAVA_HOME=C:\Program Files (x86)\Java\jdk1.8.0_31
CLASSPATH=C:\Program Files (x86)\Java\jdk1.8.0_31\lib;C:\Program Files (x86)\Java\jdk1.8.0_31\lib\tools.jar;D:\andriod environment\adt-bundle-windows-x86-20131030\eclipse\plugins\org.apache.ant_1.8.3.v201301120609\lib;
PATH=C:\PROGRA~1\PTC\MKSTOO~1\bin64;C:\PROGRA~1\PTC\MKSTOO~1\bin;C:\PROGRA~1\PTC\MKSTOO~1\bin\X11;C:\PROGRA~1\PTC\MKSTOO~1\mksnt;C:\ProgramData\Oracle\Java\javapath;C:\Program Files (x86)\Intel\iCLS Client\;C:\Program Files\Intel\iCLS Client\;C:\Program Files (x86)\NVIDIA Corporation\PhysX\Common;C:\WINDOWS\system32;C:\WINDOWS;C:\WINDOWS\System32\Wbem;C:\WINDOWS\System32\WindowsPowerShell\v1.0\;C:\Program Files\Intel\Intel(R) Management Engine Components\DAL;C:\Program Files\Intel\Intel(R) Management Engine Components\IPT;C:\Program Files (x86)\Intel\Intel(R) Management Engine Components\DAL;C:\Program Files (x86)\Intel\Intel(R) Management Engine Components\IPT;C:\Program Files (x86)\Java\jdk1.8.0_31\bin;C:\Program Files (x86)\Java\jdk1.8.0_31\jre\bin;D:\andriod environment\adt-bundle-windows-x86-20131030\sdk\tools;D:\andriod environment\adt-bundle-windows-x86-20131030\sdk\platform-tools;D:\andriod environment\adt-bundle-windows-x86-20131030\eclipse\plugins\org.apache.ant_1.8.3.v201301120609\bin;C:\Program Files\nodejs\;D:\Git\cmd;D:\HMA! Pro VPN\bin;C:\Users\zhiwu_000\AppData\Local\Microsoft\WindowsApps;
USERNAME=freedom
DISPLAY=:0.0
OS=Windows_NT
PROCESSOR_IDENTIFIER=Intel64 Family 6 Model 60 Stepping 3, GenuineIntel



---------------  S Y S T E M  ---------------

OS: Windows 10.0 , 64 bit Build 14393 (10.0.14393.0)

CPU:total 4 (2 cores per cpu, 2 threads per core) family 6 model 60 stepping 3, cmov, cx8, fxsr, mmx, sse, sse2, sse3, ssse3, sse4.1, sse4.2, popcnt, avx, avx2, aes, clmul, erms, lzcnt, ht, tsc, tscinvbit, bmi1, bmi2

Memory: 4k page, physical 4112564k(343724k free), swap 5685428k(4096k free)

vm_info: Java HotSpot(TM) 64-Bit Server VM (25.91-b14) for windows-amd64 JRE (1.8.0_91-b14), built on Apr  1 2016 00:58:32 by "java_re" with MS VC++ 10.0 (VS2010)

time: Sun Oct 02 21:07:47 2016
elapsed time: 4 seconds (0d 0h 0m 4s)

