#
# There is insufficient memory for the Java Runtime Environment to continue.
# Native memory allocation (malloc) failed to allocate 403136 bytes for Chunk::new
# Possible reasons:
#   The system is out of physical RAM or swap space
#   In 32 bit mode, the process size limit was hit
# Possible solutions:
#   Reduce memory load on the system
#   Increase physical memory or swap space
#   Check if swap backing store is full
#   Use 64 bit Java on a 64 bit OS
#   Decrease Java heap size (-Xmx/-Xms)
#   Decrease number of Java threads
#   Decrease Java thread stack sizes (-Xss)
#   Set larger code cache with -XX:ReservedCodeCacheSize=
# This output file may be truncated or incomplete.
#
#  Out of Memory Error (allocation.cpp:390), pid=13892, tid=11120
#
# JRE version: Java(TM) SE Runtime Environment (8.0_91-b14) (build 1.8.0_91-b14)
# Java VM: Java HotSpot(TM) 64-Bit Server VM (25.91-b14 mixed mode windows-amd64 compressed oops)
# Failed to write core dump. Minidumps are not enabled by default on client versions of Windows
#

---------------  T H R E A D  ---------------

Current thread (0x000000001634a000):  JavaThread "C2 CompilerThread1" daemon [_thread_in_native, id=11120, stack(0x0000000016a40000,0x0000000016b40000)]

Stack: [0x0000000016a40000,0x0000000016b40000]
[error occurred during error reporting (printing stack bounds), id 0xc0000005]

Native frames: (J=compiled Java code, j=interpreted, Vv=VM code, C=native code)


Current CompileTask:
C2:   1813 1095       4       com.android.dx.ssa.back.LivenessAnalyzer::handleTailRecursion (94 bytes)


---------------  P R O C E S S  ---------------

Java Threads: ( => current thread )
  0x0000000016657800 JavaThread "pool-2-thread-4" [_thread_in_Java, id=8788, stack(0x0000000017240000,0x0000000017340000)]
  0x0000000016656800 JavaThread "pool-2-thread-3" [_thread_blocked, id=6816, stack(0x0000000017140000,0x0000000017240000)]
  0x00000000165f8000 JavaThread "pool-2-thread-2" [_thread_blocked, id=8992, stack(0x0000000017040000,0x0000000017140000)]
  0x00000000165f0000 JavaThread "pool-3-thread-1" [_thread_blocked, id=15128, stack(0x0000000016f40000,0x0000000017040000)]
  0x00000000165e9000 JavaThread "pool-2-thread-1" [_thread_blocked, id=14960, stack(0x0000000016e40000,0x0000000016f40000)]
  0x00000000163d1800 JavaThread "Service Thread" daemon [_thread_blocked, id=14048, stack(0x0000000016c40000,0x0000000016d40000)]
  0x000000001636a800 JavaThread "C1 CompilerThread2" daemon [_thread_in_native, id=9352, stack(0x0000000016b40000,0x0000000016c40000)]
=>0x000000001634a000 JavaThread "C2 CompilerThread1" daemon [_thread_in_native, id=11120, stack(0x0000000016a40000,0x0000000016b40000)]
  0x0000000014fbb000 JavaThread "C2 CompilerThread0" daemon [_thread_in_native, id=12300, stack(0x0000000016940000,0x0000000016a40000)]
  0x0000000014fb8800 JavaThread "Attach Listener" daemon [_thread_blocked, id=5472, stack(0x0000000016840000,0x0000000016940000)]
  0x0000000016348800 JavaThread "Signal Dispatcher" daemon [_thread_blocked, id=14976, stack(0x0000000016740000,0x0000000016840000)]
  0x0000000014f4a800 JavaThread "Finalizer" daemon [_thread_blocked, id=9708, stack(0x00000000161e0000,0x00000000162e0000)]
  0x0000000014f29000 JavaThread "Reference Handler" daemon [_thread_blocked, id=12896, stack(0x00000000160e0000,0x00000000161e0000)]
  0x000000000240e000 JavaThread "main" [_thread_in_Java, id=13256, stack(0x00000000022d0000,0x00000000023d0000)]

Other Threads:
  0x0000000014f27800 VMThread [stack: 0x0000000015fe0000,0x00000000160e0000] [id=13392]
  0x0000000016420800 WatcherThread [stack: 0x0000000016d40000,0x0000000016e40000] [id=6100]

VM state:not at safepoint (normal execution)

VM Mutex/Monitor currently owned by a thread: None

Heap:
 PSYoungGen      total 35328K, used 6680K [0x00000000eab00000, 0x00000000ed000000, 0x0000000100000000)
  eden space 32768K, 12% used [0x00000000eab00000,0x00000000eaf0d9b8,0x00000000ecb00000)
  from space 2560K, 98% used [0x00000000ecd80000,0x00000000ecff88f0,0x00000000ed000000)
  to   space 2560K, 0% used [0x00000000ecb00000,0x00000000ecb00000,0x00000000ecd80000)
 ParOldGen       total 44032K, used 2709K [0x00000000c0000000, 0x00000000c2b00000, 0x00000000eab00000)
  object space 44032K, 6% used [0x00000000c0000000,0x00000000c02a5538,0x00000000c2b00000)
 Metaspace       used 5987K, capacity 6836K, committed 7040K, reserved 1056768K
  class space    used 605K, capacity 620K, committed 640K, reserved 1048576K

Card table byte_map: [0x0000000011c30000,0x0000000011e40000] byte_map_base: 0x0000000011630000

Marking Bits: (ParMarkBitMap*) 0x000000005aef2f70
 Begin Bits: [0x00000000123a0000, 0x00000000133a0000)
 End Bits:   [0x00000000133a0000, 0x00000000143a0000)

Polling page: 0x00000000023d0000

CodeCache: size=245760Kb used=4257Kb max_used=4257Kb free=241502Kb
 bounds [0x0000000002870000, 0x0000000002ca0000, 0x0000000011870000]
 total_blobs=1369 nmethods=1098 adapters=184
 compilation: enabled

Compilation events (10 events):
Event: 1.805 Thread 0x000000001636a800 nmethod 1106 0x0000000002c83cd0 code [0x0000000002c83e60, 0x0000000002c841d8]
Event: 1.805 Thread 0x000000001636a800 1107       3       com.android.dx.ssa.back.FirstFitLocalCombiningAllocator::tryMapRegs (110 bytes)
Event: 1.806 Thread 0x000000001636a800 nmethod 1107 0x0000000002c8b6d0 code [0x0000000002c8b920, 0x0000000002c8c698]
Event: 1.806 Thread 0x000000001636a800 1084       3       com.android.dx.rop.code.RegisterSpec::intersect (169 bytes)
Event: 1.807 Thread 0x000000001636a800 nmethod 1084 0x0000000002c92610 code [0x0000000002c92860, 0x0000000002c93828]
Event: 1.807 Thread 0x000000001636a800 1098       3       com.android.dx.ssa.back.FirstFitLocalCombiningAllocator::addMapping (76 bytes)
Event: 1.808 Thread 0x000000001636a800 nmethod 1098 0x0000000002c93cd0 code [0x0000000002c93f60, 0x0000000002c95058]
Event: 1.808 Thread 0x000000001636a800 1110       3       com.android.dx.ssa.SsaMethod::mapRegisters (87 bytes)
Event: 1.810 Thread 0x000000001636a800 nmethod 1110 0x0000000002c95950 code [0x0000000002c95bc0, 0x0000000002c96ce8]
Event: 1.810 Thread 0x000000001636a800 1092       3       com.android.dx.dex.code.RopTranslator$TranslationVisitor::visitThrowingCstInsn (225 bytes)

GC Heap History (4 events):
Event: 0.598 GC heap before
{Heap before GC invocations=1 (full 0):
 PSYoungGen      total 18944K, used 16384K [0x00000000eab00000, 0x00000000ec000000, 0x0000000100000000)
  eden space 16384K, 100% used [0x00000000eab00000,0x00000000ebb00000,0x00000000ebb00000)
  from space 2560K, 0% used [0x00000000ebd80000,0x00000000ebd80000,0x00000000ec000000)
  to   space 2560K, 0% used [0x00000000ebb00000,0x00000000ebb00000,0x00000000ebd80000)
 ParOldGen       total 44032K, used 0K [0x00000000c0000000, 0x00000000c2b00000, 0x00000000eab00000)
  object space 44032K, 0% used [0x00000000c0000000,0x00000000c0000000,0x00000000c2b00000)
 Metaspace       used 3980K, capacity 5040K, committed 5120K, reserved 1056768K
  class space    used 444K, capacity 488K, committed 512K, reserved 1048576K
Event: 0.609 GC heap after
Heap after GC invocations=1 (full 0):
 PSYoungGen      total 18944K, used 1709K [0x00000000eab00000, 0x00000000ed000000, 0x0000000100000000)
  eden space 16384K, 0% used [0x00000000eab00000,0x00000000eab00000,0x00000000ebb00000)
  from space 2560K, 66% used [0x00000000ebb00000,0x00000000ebcab5a8,0x00000000ebd80000)
  to   space 2560K, 0% used [0x00000000ecd80000,0x00000000ecd80000,0x00000000ed000000)
 ParOldGen       total 44032K, used 8K [0x00000000c0000000, 0x00000000c2b00000, 0x00000000eab00000)
  object space 44032K, 0% used [0x00000000c0000000,0x00000000c0002000,0x00000000c2b00000)
 Metaspace       used 3980K, capacity 5040K, committed 5120K, reserved 1056768K
  class space    used 444K, capacity 488K, committed 512K, reserved 1048576K
}
Event: 1.665 GC heap before
{Heap before GC invocations=2 (full 0):
 PSYoungGen      total 18944K, used 18093K [0x00000000eab00000, 0x00000000ed000000, 0x0000000100000000)
  eden space 16384K, 100% used [0x00000000eab00000,0x00000000ebb00000,0x00000000ebb00000)
  from space 2560K, 66% used [0x00000000ebb00000,0x00000000ebcab5a8,0x00000000ebd80000)
  to   space 2560K, 0% used [0x00000000ecd80000,0x00000000ecd80000,0x00000000ed000000)
 ParOldGen       total 44032K, used 8K [0x00000000c0000000, 0x00000000c2b00000, 0x00000000eab00000)
  object space 44032K, 0% used [0x00000000c0000000,0x00000000c0002000,0x00000000c2b00000)
 Metaspace       used 5965K, capacity 6836K, committed 7040K, reserved 1056768K
  class space    used 605K, capacity 620K, committed 640K, reserved 1048576K
Event: 1.785 GC heap after
Heap after GC invocations=2 (full 0):
 PSYoungGen      total 35328K, used 2530K [0x00000000eab00000, 0x00000000ed000000, 0x0000000100000000)
  eden space 32768K, 0% used [0x00000000eab00000,0x00000000eab00000,0x00000000ecb00000)
  from space 2560K, 98% used [0x00000000ecd80000,0x00000000ecff88f0,0x00000000ed000000)
  to   space 2560K, 0% used [0x00000000ecb00000,0x00000000ecb00000,0x00000000ecd80000)
 ParOldGen       total 44032K, used 2709K [0x00000000c0000000, 0x00000000c2b00000, 0x00000000eab00000)
  object space 44032K, 6% used [0x00000000c0000000,0x00000000c02a5538,0x00000000c2b00000)
 Metaspace       used 5965K, capacity 6836K, committed 7040K, reserved 1056768K
  class space    used 605K, capacity 620K, committed 640K, reserved 1048576K
}

Deoptimization events (8 events):
Event: 0.455 Thread 0x000000000240e000 Uncommon trap: reason=unstable_if action=reinterpret pc=0x00000000029cac54 method=java.lang.String.compareTo(Ljava/lang/String;)I @ 38
Event: 1.343 Thread 0x00000000165f8000 Uncommon trap: reason=unstable_if action=reinterpret pc=0x0000000002a8c984 method=java.util.HashMap.getNode(ILjava/lang/Object;)Ljava/util/HashMap$Node; @ 62
Event: 1.348 Thread 0x00000000165f8000 Uncommon trap: reason=unstable_if action=reinterpret pc=0x0000000002ab79b0 method=java.util.HashMap.getNode(ILjava/lang/Object;)Ljava/util/HashMap$Node; @ 62
Event: 1.527 Thread 0x000000000240e000 Uncommon trap: reason=unstable_if action=reinterpret pc=0x0000000002bb1e94 method=java.util.HashMap.getNode(ILjava/lang/Object;)Ljava/util/HashMap$Node; @ 129
Event: 1.536 Thread 0x0000000016657800 Uncommon trap: reason=unstable_if action=reinterpret pc=0x0000000002a907b0 method=java.util.BitSet.nextSetBit(I)I @ 87
Event: 1.790 Thread 0x00000000165e9000 Uncommon trap: reason=class_check action=maybe_recompile pc=0x0000000002b6dce8 method=com.android.dx.rop.type.Type.equals(Ljava/lang/Object;)Z @ 8
Event: 1.790 Thread 0x00000000165e9000 Uncommon trap: reason=null_check action=make_not_entrant pc=0x0000000002b6dcf8 method=com.android.dx.rop.type.Type.equals(Ljava/lang/Object;)Z @ 8
Event: 1.792 Thread 0x00000000165e9000 Uncommon trap: reason=unstable_if action=reinterpret pc=0x0000000002bda924 method=java.util.HashMap.getNode(ILjava/lang/Object;)Ljava/util/HashMap$Node; @ 129

Internal exceptions (3 events):
Event: 0.060 Thread 0x000000000240e000 Exception <a 'java/lang/NoSuchMethodError': Method sun.misc.Unsafe.defineClass(Ljava/lang/String;[BII)Ljava/lang/Class; name or signature does not match> (0x00000000eab07cc0) thrown at [C:\re\workspace\8-2-build-windows-amd64-cygwin\jdk8u91\6644\hotspot\sr
Event: 0.061 Thread 0x000000000240e000 Exception <a 'java/lang/NoSuchMethodError': Method sun.misc.Unsafe.prefetchRead(Ljava/lang/Object;J)V name or signature does not match> (0x00000000eab07fa8) thrown at [C:\re\workspace\8-2-build-windows-amd64-cygwin\jdk8u91\6644\hotspot\src\share\vm\prims\j3оя,Ґь?
Event: 1.790 Thread 0x00000000165e9000 Implicit null exception at 0x0000000002b6dbe2 to 0x0000000002b6dce9

Events (10 events):
Event: 1.785 Executing VM operation: ParallelGCFailedAllocation done
Event: 1.790 Thread 0x00000000165e9000 Uncommon trap: trap_request=0xffffffde fr.pc=0x0000000002b6dce8
Event: 1.790 Thread 0x00000000165e9000 DEOPT PACKING pc=0x0000000002b6dce8 sp=0x0000000016f3ea70
Event: 1.790 Thread 0x00000000165e9000 DEOPT UNPACKING pc=0x00000000028b582a sp=0x0000000016f3ea18 mode 2
Event: 1.790 Thread 0x00000000165e9000 Uncommon trap: trap_request=0xfffffff4 fr.pc=0x0000000002b6dcf8
Event: 1.790 Thread 0x00000000165e9000 DEOPT PACKING pc=0x0000000002b6dcf8 sp=0x0000000016f3ea10
Event: 1.790 Thread 0x00000000165e9000 DEOPT UNPACKING pc=0x00000000028b582a sp=0x0000000016f3e9b8 mode 2
Event: 1.792 Thread 0x00000000165e9000 Uncommon trap: trap_request=0xffffff65 fr.pc=0x0000000002bda924
Event: 1.792 Thread 0x00000000165e9000 DEOPT PACKING pc=0x0000000002bda924 sp=0x0000000016f3eb30
Event: 1.792 Thread 0x00000000165e9000 DEOPT UNPACKING pc=0x00000000028b582a sp=0x0000000016f3eab8 mode 2


Dynamic libraries:
0x00007ff628660000 - 0x00007ff628697000 	C:\Program Files\Java\jdk1.8.0_91\bin\java.exe
0x00007ff81f620000 - 0x00007ff81f7e1000 	C:\WINDOWS\SYSTEM32\ntdll.dll
0x00007ff81f4a0000 - 0x00007ff81f54d000 	C:\WINDOWS\system32\KERNEL32.DLL
0x00007ff81c550000 - 0x00007ff81c738000 	C:\WINDOWS\system32\KERNELBASE.dll
0x00007ff81f550000 - 0x00007ff81f5f7000 	C:\WINDOWS\system32\ADVAPI32.dll
0x00007ff81eb80000 - 0x00007ff81ec1d000 	C:\WINDOWS\system32\msvcrt.dll
0x00007ff81cae0000 - 0x00007ff81cb3b000 	C:\WINDOWS\system32\sechost.dll
0x00007ff81cec0000 - 0x00007ff81cfdc000 	C:\WINDOWS\system32\RPCRT4.dll
0x00007ff81cfe0000 - 0x00007ff81d136000 	C:\WINDOWS\system32\USER32.dll
0x00007ff81e920000 - 0x00007ff81eaa6000 	C:\WINDOWS\system32\GDI32.dll
0x00007ff818900000 - 0x00007ff818b74000 	C:\WINDOWS\WinSxS\amd64_microsoft.windows.common-controls_6595b64144ccf1df_6.0.10586.494_none_a2d8b04ea53e3145\COMCTL32.dll
0x00007ff81c860000 - 0x00007ff81cadd000 	C:\WINDOWS\system32\combase.dll
0x00007ff81c7c0000 - 0x00007ff81c82a000 	C:\WINDOWS\system32\bcryptPrimitives.dll
0x00007ff81e8e0000 - 0x00007ff81e91b000 	C:\WINDOWS\system32\IMM32.DLL
0x00007ff81b900000 - 0x00007ff81b931000 	C:\Windows\system32\nvinitx.dll
0x00007ff81b8f0000 - 0x00007ff81b8fa000 	C:\WINDOWS\SYSTEM32\VERSION.dll
0x000000005b100000 - 0x000000005b1d2000 	C:\Program Files\Java\jdk1.8.0_91\jre\bin\msvcr100.dll
0x000000005a6e0000 - 0x000000005af73000 	C:\Program Files\Java\jdk1.8.0_91\jre\bin\server\jvm.dll
0x00007ff81c830000 - 0x00007ff81c853000 	C:\WINDOWS\system32\WINMM.dll
0x00007ff81ba50000 - 0x00007ff81ba7c000 	C:\WINDOWS\system32\WINMMBASE.dll
0x00007ff81be20000 - 0x00007ff81be63000 	C:\WINDOWS\system32\cfgmgr32.dll
0x00007ff81ec20000 - 0x00007ff81ec28000 	C:\WINDOWS\system32\PSAPI.DLL
0x00007ff80d950000 - 0x00007ff80d959000 	C:\WINDOWS\SYSTEM32\WSOCK32.dll
0x00007ff81cb40000 - 0x00007ff81cbab000 	C:\WINDOWS\system32\WS2_32.dll
0x000000005b570000 - 0x000000005b57f000 	C:\Program Files\Java\jdk1.8.0_91\jre\bin\verify.dll
0x000000005b540000 - 0x000000005b569000 	C:\Program Files\Java\jdk1.8.0_91\jre\bin\java.dll
0x000000005b520000 - 0x000000005b536000 	C:\Program Files\Java\jdk1.8.0_91\jre\bin\zip.dll
0x00007ff81d1a0000 - 0x00007ff81e6fc000 	C:\WINDOWS\system32\SHELL32.dll
0x00007ff81be70000 - 0x00007ff81c4b5000 	C:\WINDOWS\system32\windows.storage.dll
0x00007ff81d140000 - 0x00007ff81d192000 	C:\WINDOWS\system32\shlwapi.dll
0x00007ff81ba40000 - 0x00007ff81ba4f000 	C:\WINDOWS\system32\kernel.appcore.dll
0x00007ff81ba80000 - 0x00007ff81bb35000 	C:\WINDOWS\system32\shcore.dll
0x00007ff81bdd0000 - 0x00007ff81be1b000 	C:\WINDOWS\system32\powrprof.dll
0x00007ff81ba10000 - 0x00007ff81ba24000 	C:\WINDOWS\system32\profapi.dll

VM Arguments:
jvm_args: -Djava.awt.headless=true -Xmx1024M -Dfile.encoding=GBK -Duser.country=CN -Duser.language=zh -Duser.variant 
java_command: com.android.dx.command.Main --dex --force-jumbo --num-threads=4 --multi-dex --output D:\andriod_projects\smartHome\app\build\intermediates\transforms\dex\debug\folders\1000\10\com.android.support-support-v4-23.3.0_5953f8c9fe94d18f86f1570e4859d9a33e5ab7f1 D:\andriod_projects\smartHome\app\build\intermediates\exploded-aar\com.android.support\support-v4\23.3.0\jars\classes.jar
java_class_path (initial): D:\android\android_SDK\build-tools\23.0.3\lib\dx.jar
Launcher Type: SUN_STANDARD

Environment Variables:
JAVA_HOME=C:\Program Files (x86)\Java\jdk1.8.0_31
CLASSPATH=C:\Program Files (x86)\Java\jdk1.8.0_31\lib;C:\Program Files (x86)\Java\jdk1.8.0_31\lib\tools.jar;D:\andriod environment\adt-bundle-windows-x86-20131030\eclipse\plugins\org.apache.ant_1.8.3.v201301120609\lib;
PATH=C:\PROGRA~1\PTC\MKSTOO~1\bin64;C:\PROGRA~1\PTC\MKSTOO~1\bin;C:\PROGRA~1\PTC\MKSTOO~1\bin\X11;C:\PROGRA~1\PTC\MKSTOO~1\mksnt;C:\ProgramData\Oracle\Java\javapath;C:\Program Files (x86)\Intel\iCLS Client\;C:\Program Files\Intel\iCLS Client\;C:\Program Files (x86)\NVIDIA Corporation\PhysX\Common;C:\WINDOWS\system32;C:\WINDOWS;C:\WINDOWS\System32\Wbem;C:\WINDOWS\System32\WindowsPowerShell\v1.0\;C:\Program Files\Intel\Intel(R) Management Engine Components\DAL;C:\Program Files\Intel\Intel(R) Management Engine Components\IPT;C:\Program Files (x86)\Intel\Intel(R) Management Engine Components\DAL;C:\Program Files (x86)\Intel\Intel(R) Management Engine Components\IPT;C:\Program Files (x86)\Java\jdk1.8.0_31\bin;C:\Program Files (x86)\Java\jdk1.8.0_31\jre\bin;D:\andriod environment\adt-bundle-windows-x86-20131030\sdk\tools;D:\andriod environment\adt-bundle-windows-x86-20131030\sdk\platform-tools;D:\andriod environment\adt-bundle-windows-x86-20131030\eclipse\plugins\org.apache.ant_1.8.3.v201301120609\bin;C:\Program Files\nodejs\;D:\Git\cmd;D:\HMA! Pro VPN\bin
USERNAME=freedom
DISPLAY=:0.0
OS=Windows_NT
PROCESSOR_IDENTIFIER=Intel64 Family 6 Model 60 Stepping 3, GenuineIntel



---------------  S Y S T E M  ---------------

OS: Windows 10.0 , 64 bit Build 10586 (10.0.10586.0)

CPU:total 4 (2 cores per cpu, 2 threads per core) family 6 model 60 stepping 3, cmov, cx8, fxsr, mmx, sse, sse2, sse3, ssse3, sse4.1, sse4.2, popcnt, avx, avx2, aes, clmul, erms, lzcnt, ht, tsc, tscinvbit, bmi1, bmi2

Memory: 4k page, physical 4112564k(523012k free), swap 5685428k(5328k free)

vm_info: Java HotSpot(TM) 64-Bit Server VM (25.91-b14) for windows-amd64 JRE (1.8.0_91-b14), built on Apr  1 2016 00:58:32 by "java_re" with MS VC++ 10.0 (VS2010)

time: Sun Aug 21 15:30:30 2016
elapsed time: 1 seconds (0d 0h 0m 1s)

