#
# There is insufficient memory for the Java Runtime Environment to continue.
# Native memory allocation (malloc) failed to allocate 428304 bytes for Chunk::new
# Possible reasons:
#   The system is out of physical RAM or swap space
#   In 32 bit mode, the process size limit was hit
# Possible solutions:
#   Reduce memory load on the system
#   Increase physical memory or swap space
#   Check if swap backing store is full
#   Use 64 bit Java on a 64 bit OS
#   Decrease Java heap size (-Xmx/-Xms)
#   Decrease number of Java threads
#   Decrease Java thread stack sizes (-Xss)
#   Set larger code cache with -XX:ReservedCodeCacheSize=
# This output file may be truncated or incomplete.
#
#  Out of Memory Error (allocation.cpp:390), pid=6752, tid=1288
#
# JRE version: Java(TM) SE Runtime Environment (8.0_91-b14) (build 1.8.0_91-b14)
# Java VM: Java HotSpot(TM) 64-Bit Server VM (25.91-b14 mixed mode windows-amd64 compressed oops)
# Failed to write core dump. Minidumps are not enabled by default on client versions of Windows
#

---------------  T H R E A D  ---------------

Current thread (0x00000000154d3000):  JavaThread "C2 CompilerThread0" daemon [_thread_in_native, id=1288, stack(0x0000000016dd0000,0x0000000016ed0000)]

Stack: [0x0000000016dd0000,0x0000000016ed0000]
[error occurred during error reporting (printing stack bounds), id 0xc0000005]

Native frames: (J=compiled Java code, j=interpreted, Vv=VM code, C=native code)


Current CompileTask:
C2:   6373 1616   !   4       com.android.dx.cf.code.BytecodeArray::parseInstruction (2764 bytes)


---------------  P R O C E S S  ---------------

Java Threads: ( => current thread )
  0x0000000016830800 JavaThread "Service Thread" daemon [_thread_blocked, id=9400, stack(0x00000000170d0000,0x00000000171d0000)]
  0x0000000016829000 JavaThread "C1 CompilerThread2" daemon [_thread_blocked, id=9504, stack(0x0000000016fd0000,0x00000000170d0000)]
  0x00000000154db000 JavaThread "C2 CompilerThread1" daemon [_thread_in_native, id=944, stack(0x0000000016ed0000,0x0000000016fd0000)]
=>0x00000000154d3000 JavaThread "C2 CompilerThread0" daemon [_thread_in_native, id=1288, stack(0x0000000016dd0000,0x0000000016ed0000)]
  0x000000001548e800 JavaThread "Attach Listener" daemon [_thread_blocked, id=8876, stack(0x0000000016cd0000,0x0000000016dd0000)]
  0x00000000167e0800 JavaThread "Signal Dispatcher" daemon [_thread_blocked, id=2500, stack(0x0000000016bd0000,0x0000000016cd0000)]
  0x000000001546a800 JavaThread "Finalizer" daemon [_thread_blocked, id=5440, stack(0x00000000166d0000,0x00000000167d0000)]
  0x0000000002cc0000 JavaThread "Reference Handler" daemon [_thread_blocked, id=5500, stack(0x00000000165d0000,0x00000000166d0000)]
  0x0000000002dae800 JavaThread "main" [_thread_in_vm, id=1200, stack(0x0000000002720000,0x0000000002820000)]

Other Threads:
  0x0000000015448000 VMThread [stack: 0x00000000164d0000,0x00000000165d0000] [id=6620]
  0x000000001684e800 WatcherThread [stack: 0x00000000171d0000,0x00000000172d0000] [id=3584]

VM state:not at safepoint (normal execution)

VM Mutex/Monitor currently owned by a thread: None

Heap:
 PSYoungGen      total 35328K, used 11422K [0x00000000eab00000, 0x00000000ef000000, 0x0000000100000000)
  eden space 32768K, 27% used [0x00000000eab00000,0x00000000eb3aad00,0x00000000ecb00000)
  from space 2560K, 99% used [0x00000000ecb00000,0x00000000ecd7cea0,0x00000000ecd80000)
  to   space 2560K, 0% used [0x00000000eed80000,0x00000000eed80000,0x00000000ef000000)
 ParOldGen       total 44032K, used 8167K [0x00000000c0000000, 0x00000000c2b00000, 0x00000000eab00000)
  object space 44032K, 18% used [0x00000000c0000000,0x00000000c07f9c50,0x00000000c2b00000)
 Metaspace       used 6310K, capacity 7128K, committed 7424K, reserved 1056768K
  class space    used 612K, capacity 656K, committed 768K, reserved 1048576K

Card table byte_map: [0x0000000012170000,0x0000000012380000] byte_map_base: 0x0000000011b70000

Marking Bits: (ParMarkBitMap*) 0x0000000067332f70
 Begin Bits: [0x00000000128e0000, 0x00000000138e0000)
 End Bits:   [0x00000000138e0000, 0x00000000148e0000)

Polling page: 0x0000000000c00000

CodeCache: size=245760Kb used=6913Kb max_used=6926Kb free=238846Kb
 bounds [0x0000000002db0000, 0x0000000003480000, 0x0000000011db0000]
 total_blobs=1913 nmethods=1642 adapters=184
 compilation: enabled

Compilation events (10 events):
Event: 6.258 Thread 0x00000000154db000 nmethod 1620 0x0000000003471a10 code [0x0000000003471d40, 0x0000000003475270]
Event: 6.258 Thread 0x00000000154db000 1665       4       java.util.HashMap::putVal (300 bytes)
Event: 6.269 Thread 0x00000000154db000 nmethod 1665 0x000000000346d750 code [0x000000000346d900, 0x000000000346e068]
Event: 6.269 Thread 0x00000000154db000 1666       4       java.util.HashMap::getNode (148 bytes)
Event: 6.272 Thread 0x00000000154db000 nmethod 1666 0x000000000346bcd0 code [0x000000000346be20, 0x000000000346c078]
Event: 6.272 Thread 0x00000000154db000 1664       4       java.util.HashMap::put (13 bytes)
Event: 6.283 Thread 0x00000000154db000 nmethod 1664 0x000000000346ea10 code [0x000000000346ebc0, 0x000000000346f3a8]
Event: 6.283 Thread 0x00000000154db000 1625       4       java.util.TreeMap::getEntry (84 bytes)
Event: 6.296 Thread 0x00000000154db000 nmethod 1625 0x0000000003479d10 code [0x0000000003479e80, 0x000000000347a558]
Event: 6.296 Thread 0x00000000154db000 1674       4       com.android.dx.dex.code.OutputFinisher::addConstants (93 bytes)

GC Heap History (6 events):
Event: 1.748 GC heap before
{Heap before GC invocations=1 (full 0):
 PSYoungGen      total 18944K, used 16384K [0x00000000eab00000, 0x00000000ec000000, 0x0000000100000000)
  eden space 16384K, 100% used [0x00000000eab00000,0x00000000ebb00000,0x00000000ebb00000)
  from space 2560K, 0% used [0x00000000ebd80000,0x00000000ebd80000,0x00000000ec000000)
  to   space 2560K, 0% used [0x00000000ebb00000,0x00000000ebb00000,0x00000000ebd80000)
 ParOldGen       total 44032K, used 0K [0x00000000c0000000, 0x00000000c2b00000, 0x00000000eab00000)
  object space 44032K, 0% used [0x00000000c0000000,0x00000000c0000000,0x00000000c2b00000)
 Metaspace       used 5876K, capacity 6772K, committed 7040K, reserved 1056768K
  class space    used 601K, capacity 620K, committed 640K, reserved 1048576K
Event: 1.966 GC heap after
Heap after GC invocations=1 (full 0):
 PSYoungGen      total 18944K, used 2530K [0x00000000eab00000, 0x00000000ed000000, 0x0000000100000000)
  eden space 16384K, 0% used [0x00000000eab00000,0x00000000eab00000,0x00000000ebb00000)
  from space 2560K, 98% used [0x00000000ebb00000,0x00000000ebd78ad8,0x00000000ebd80000)
  to   space 2560K, 0% used [0x00000000ecd80000,0x00000000ecd80000,0x00000000ed000000)
 ParOldGen       total 44032K, used 1990K [0x00000000c0000000, 0x00000000c2b00000, 0x00000000eab00000)
  object space 44032K, 4% used [0x00000000c0000000,0x00000000c01f1ac0,0x00000000c2b00000)
 Metaspace       used 5876K, capacity 6772K, committed 7040K, reserved 1056768K
  class space    used 601K, capacity 620K, committed 640K, reserved 1048576K
}
Event: 4.055 GC heap before
{Heap before GC invocations=2 (full 0):
 PSYoungGen      total 18944K, used 18914K [0x00000000eab00000, 0x00000000ed000000, 0x0000000100000000)
  eden space 16384K, 100% used [0x00000000eab00000,0x00000000ebb00000,0x00000000ebb00000)
  from space 2560K, 98% used [0x00000000ebb00000,0x00000000ebd78ad8,0x00000000ebd80000)
  to   space 2560K, 0% used [0x00000000ecd80000,0x00000000ecd80000,0x00000000ed000000)
 ParOldGen       total 44032K, used 1990K [0x00000000c0000000, 0x00000000c2b00000, 0x00000000eab00000)
  object space 44032K, 4% used [0x00000000c0000000,0x00000000c01f1ac0,0x00000000c2b00000)
 Metaspace       used 6112K, capacity 6964K, committed 7040K, reserved 1056768K
  class space    used 603K, capacity 620K, committed 640K, reserved 1048576K
Event: 4.196 GC heap after
Heap after GC invocations=2 (full 0):
 PSYoungGen      total 35328K, used 2541K [0x00000000eab00000, 0x00000000ed000000, 0x0000000100000000)
  eden space 32768K, 0% used [0x00000000eab00000,0x00000000eab00000,0x00000000ecb00000)
  from space 2560K, 99% used [0x00000000ecd80000,0x00000000ecffb4a0,0x00000000ed000000)
  to   space 2560K, 0% used [0x00000000ecb00000,0x00000000ecb00000,0x00000000ecd80000)
 ParOldGen       total 44032K, used 3842K [0x00000000c0000000, 0x00000000c2b00000, 0x00000000eab00000)
  object space 44032K, 8% used [0x00000000c0000000,0x00000000c03c0960,0x00000000c2b00000)
 Metaspace       used 6112K, capacity 6964K, committed 7040K, reserved 1056768K
  class space    used 603K, capacity 620K, committed 640K, reserved 1048576K
}
Event: 5.536 GC heap before
{Heap before GC invocations=3 (full 0):
 PSYoungGen      total 35328K, used 35309K [0x00000000eab00000, 0x00000000ed000000, 0x0000000100000000)
  eden space 32768K, 100% used [0x00000000eab00000,0x00000000ecb00000,0x00000000ecb00000)
  from space 2560K, 99% used [0x00000000ecd80000,0x00000000ecffb4a0,0x00000000ed000000)
  to   space 2560K, 0% used [0x00000000ecb00000,0x00000000ecb00000,0x00000000ecd80000)
 ParOldGen       total 44032K, used 3842K [0x00000000c0000000, 0x00000000c2b00000, 0x00000000eab00000)
  object space 44032K, 8% used [0x00000000c0000000,0x00000000c03c0960,0x00000000c2b00000)
 Metaspace       used 6216K, capacity 7030K, committed 7296K, reserved 1056768K
  class space    used 605K, capacity 622K, committed 640K, reserved 1048576K
Event: 5.550 GC heap after
Heap after GC invocations=3 (full 0):
 PSYoungGen      total 35328K, used 2547K [0x00000000eab00000, 0x00000000ef000000, 0x0000000100000000)
  eden space 32768K, 0% used [0x00000000eab00000,0x00000000eab00000,0x00000000ecb00000)
  from space 2560K, 99% used [0x00000000ecb00000,0x00000000ecd7cea0,0x00000000ecd80000)
  to   space 2560K, 0% used [0x00000000eed80000,0x00000000eed80000,0x00000000ef000000)
 ParOldGen       total 44032K, used 8167K [0x00000000c0000000, 0x00000000c2b00000, 0x00000000eab00000)
  object space 44032K, 18% used [0x00000000c0000000,0x00000000c07f9c50,0x00000000c2b00000)
 Metaspace       used 6216K, capacity 7030K, committed 7296K, reserved 1056768K
  class space    used 605K, capacity 622K, committed 640K, reserved 1048576K
}

Deoptimization events (10 events):
Event: 6.097 Thread 0x0000000002dae800 Uncommon trap: reason=class_check action=maybe_recompile pc=0x0000000003303048 method=java.util.Arrays.hashCode([Ljava/lang/Object;)I @ 43
Event: 6.097 Thread 0x0000000002dae800 Uncommon trap: reason=class_check action=maybe_recompile pc=0x00000000032c4a34 method=java.util.Arrays.hashCode([Ljava/lang/Object;)I @ 43
Event: 6.098 Thread 0x0000000002dae800 Uncommon trap: reason=bimorphic action=maybe_recompile pc=0x00000000030e2220 method=java.util.HashMap.getNode(ILjava/lang/Object;)Ljava/util/HashMap$Node; @ 126
Event: 6.098 Thread 0x0000000002dae800 Uncommon trap: reason=bimorphic action=maybe_recompile pc=0x00000000030e2220 method=java.util.HashMap.getNode(ILjava/lang/Object;)Ljava/util/HashMap$Node; @ 126
Event: 6.105 Thread 0x0000000002dae800 Uncommon trap: reason=bimorphic action=maybe_recompile pc=0x00000000030e2220 method=java.util.HashMap.getNode(ILjava/lang/Object;)Ljava/util/HashMap$Node; @ 126
Event: 6.108 Thread 0x0000000002dae800 Uncommon trap: reason=class_check action=maybe_recompile pc=0x0000000003240798 method=java.util.HashMap.putVal(ILjava/lang/Object;Ljava/lang/Object;ZZ)Ljava/lang/Object; @ 203
Event: 6.119 Thread 0x0000000002dae800 Uncommon trap: reason=class_check action=maybe_recompile pc=0x0000000003240798 method=java.util.HashMap.putVal(ILjava/lang/Object;Ljava/lang/Object;ZZ)Ljava/lang/Object; @ 203
Event: 6.119 Thread 0x0000000002dae800 Uncommon trap: reason=class_check action=maybe_recompile pc=0x0000000003240798 method=java.util.HashMap.putVal(ILjava/lang/Object;Ljava/lang/Object;ZZ)Ljava/lang/Object; @ 203
Event: 6.119 Thread 0x0000000002dae800 Uncommon trap: reason=class_check action=maybe_recompile pc=0x0000000003240798 method=java.util.HashMap.putVal(ILjava/lang/Object;Ljava/lang/Object;ZZ)Ljava/lang/Object; @ 203
Event: 6.119 Thread 0x0000000002dae800 Uncommon trap: reason=class_check action=maybe_recompile pc=0x000000000323b2a0 method=java.util.HashMap.putVal(ILjava/lang/Object;Ljava/lang/Object;ZZ)Ljava/lang/Object; @ 203

Internal exceptions (4 events):
Event: 0.041 Thread 0x0000000002dae800 Exception <a 'java/lang/NoSuchMethodError': Method sun.misc.Unsafe.defineClass(Ljava/lang/String;[BII)Ljava/lang/Class; name or signature does not match> (0x00000000eab07cc0) thrown at [C:\re\workspace\8-2-build-windows-amd64-cygwin\jdk8u91\6644\hotspot\srå+ñÂtï¤?
Event: 0.041 Thread 0x0000000002dae800 Exception <a 'java/lang/NoSuchMethodError': Method sun.misc.Unsafe.prefetchRead(Ljava/lang/Object;J)V name or signature does not match> (0x00000000eab07fa8) thrown at [C:\re\workspace\8-2-build-windows-amd64-cygwin\jdk8u91\6644\hotspot\src\share\vm\prims\júÒ¿_9
Event: 2.028 Thread 0x0000000016a51800 Implicit null exception at 0x00000000031300eb to 0x00000000031303fd
Event: 2.142 Thread 0x0000000016a53000 Implicit null exception at 0x0000000003159397 to 0x000000000315b2d5

Events (10 events):
Event: 6.119 Thread 0x0000000002dae800 DEOPT PACKING pc=0x0000000003240798 sp=0x000000000281ed50
Event: 6.119 Thread 0x0000000002dae800 DEOPT UNPACKING pc=0x0000000002df582a sp=0x000000000281ec60 mode 2
Event: 6.119 Thread 0x0000000002dae800 Uncommon trap: trap_request=0xffffffde fr.pc=0x0000000003240798
Event: 6.119 Thread 0x0000000002dae800 DEOPT PACKING pc=0x0000000003240798 sp=0x000000000281ed50
Event: 6.119 Thread 0x0000000002dae800 DEOPT UNPACKING pc=0x0000000002df582a sp=0x000000000281ec60 mode 2
Event: 6.119 Thread 0x0000000002dae800 Uncommon trap: trap_request=0xffffffde fr.pc=0x000000000323b2a0
Event: 6.119 Thread 0x0000000002dae800 DEOPT PACKING pc=0x000000000323b2a0 sp=0x000000000281eca0
Event: 6.119 Thread 0x0000000002dae800 DEOPT UNPACKING pc=0x0000000002df582a sp=0x000000000281ec58 mode 2
Event: 6.133 Thread 0x0000000002dae800 DEOPT PACKING pc=0x0000000003466d2a sp=0x000000000281ee80
Event: 6.133 Thread 0x0000000002dae800 DEOPT UNPACKING pc=0x0000000002df787f sp=0x000000000281ec10 mode 0


Dynamic libraries:
0x00007ff77cca0000 - 0x00007ff77ccd7000 	C:\Program Files\Java\jdk1.8.0_91\bin\java.exe
0x00007ffdb40f0000 - 0x00007ffdb42c1000 	C:\WINDOWS\SYSTEM32\ntdll.dll
0x00007ffdb1ee0000 - 0x00007ffdb1f8b000 	C:\WINDOWS\System32\KERNEL32.DLL
0x00007ffdb0390000 - 0x00007ffdb05ad000 	C:\WINDOWS\System32\KERNELBASE.dll
0x00007ffdb19f0000 - 0x00007ffdb1a92000 	C:\WINDOWS\System32\ADVAPI32.dll
0x00007ffdb2670000 - 0x00007ffdb270e000 	C:\WINDOWS\System32\msvcrt.dll
0x00007ffdb4070000 - 0x00007ffdb40c9000 	C:\WINDOWS\System32\sechost.dll
0x00007ffdb2540000 - 0x00007ffdb2661000 	C:\WINDOWS\System32\RPCRT4.dll
0x00007ffdb2260000 - 0x00007ffdb23c5000 	C:\WINDOWS\System32\USER32.dll
0x00007ffdb05b0000 - 0x00007ffdb05ce000 	C:\WINDOWS\System32\win32u.dll
0x00007ffdb1aa0000 - 0x00007ffdb1ad4000 	C:\WINDOWS\System32\GDI32.dll
0x00007ffdb0db0000 - 0x00007ffdb0f32000 	C:\WINDOWS\System32\gdi32full.dll
0x00007ffda82f0000 - 0x00007ffda8569000 	C:\WINDOWS\WinSxS\amd64_microsoft.windows.common-controls_6595b64144ccf1df_6.0.14393.0_none_2d0f50fcbdb171b8\COMCTL32.dll
0x00007ffdb1f90000 - 0x00007ffdb2257000 	C:\WINDOWS\System32\combase.dll
0x00007ffdb1270000 - 0x00007ffdb1365000 	C:\WINDOWS\System32\ucrtbase.dll
0x00007ffdb1450000 - 0x00007ffdb14ba000 	C:\WINDOWS\System32\bcryptPrimitives.dll
0x00007ffdb4040000 - 0x00007ffdb406e000 	C:\WINDOWS\System32\IMM32.DLL
0x00000000673c0000 - 0x0000000067492000 	C:\Program Files\Java\jdk1.8.0_91\jre\bin\msvcr100.dll
0x0000000066b20000 - 0x00000000673b3000 	C:\Program Files\Java\jdk1.8.0_91\jre\bin\server\jvm.dll
0x00007ffdb13c0000 - 0x00007ffdb13e3000 	C:\WINDOWS\System32\WINMM.dll
0x00007ffdb0360000 - 0x00007ffdb038b000 	C:\WINDOWS\System32\WINMMBASE.dll
0x00007ffdb05d0000 - 0x00007ffdb0612000 	C:\WINDOWS\System32\cfgmgr32.dll
0x00007ffdb3e40000 - 0x00007ffdb3e48000 	C:\WINDOWS\System32\PSAPI.DLL
0x00007ffd9daa0000 - 0x00007ffd9daa9000 	C:\WINDOWS\SYSTEM32\WSOCK32.dll
0x00007ffdb3f20000 - 0x00007ffdb3f8a000 	C:\WINDOWS\System32\WS2_32.dll
0x00007ffdaccd0000 - 0x00007ffdaccda000 	C:\WINDOWS\SYSTEM32\VERSION.dll
0x0000000066b10000 - 0x0000000066b1f000 	C:\Program Files\Java\jdk1.8.0_91\jre\bin\verify.dll
0x0000000066ae0000 - 0x0000000066b09000 	C:\Program Files\Java\jdk1.8.0_91\jre\bin\java.dll
0x0000000066ac0000 - 0x0000000066ad6000 	C:\Program Files\Java\jdk1.8.0_91\jre\bin\zip.dll
0x00007ffdb2710000 - 0x00007ffdb3c18000 	C:\WINDOWS\System32\SHELL32.dll
0x00007ffdb06d0000 - 0x00007ffdb0daa000 	C:\WINDOWS\System32\windows.storage.dll
0x00007ffdb1370000 - 0x00007ffdb13bc000 	C:\WINDOWS\System32\powrprof.dll
0x00007ffdb3ec0000 - 0x00007ffdb3f12000 	C:\WINDOWS\System32\shlwapi.dll
0x00007ffdb0340000 - 0x00007ffdb034f000 	C:\WINDOWS\System32\kernel.appcore.dll
0x00007ffdb1110000 - 0x00007ffdb11b9000 	C:\WINDOWS\System32\shcore.dll
0x00007ffdb0320000 - 0x00007ffdb0334000 	C:\WINDOWS\System32\profapi.dll

VM Arguments:
jvm_args: -Djava.awt.headless=true -Xmx1024M -Dfile.encoding=GBK -Duser.country=CN -Duser.language=zh -Duser.variant 
java_command: com.android.dx.command.Main --dex --force-jumbo --num-threads=4 --output D:\andriod_projects\smartHome\app\build\intermediates\pre-dexed\debug\Java-WebSocket-1.3.0_3b7652afc2573475564f9d68811adcc17162eb55.jar C:\Users\zhiwu_000\.gradle\caches\modules-2\files-2.1\org.java-websocket\Java-WebSocket\1.3.0\db2658f013fb163de4a99274c2eb9e17efe535d2\Java-WebSocket-1.3.0.jar
java_class_path (initial): D:\android\android_SDK\build-tools\23.0.3\lib\dx.jar
Launcher Type: SUN_STANDARD

Environment Variables:
JAVA_HOME=C:\Program Files (x86)\Java\jdk1.8.0_31
CLASSPATH=C:\Program Files (x86)\Java\jdk1.8.0_31\lib;C:\Program Files (x86)\Java\jdk1.8.0_31\lib\tools.jar;D:\andriod environment\adt-bundle-windows-x86-20131030\eclipse\plugins\org.apache.ant_1.8.3.v201301120609\lib;
PATH=C:\PROGRA~1\PTC\MKSTOO~1\bin64;C:\PROGRA~1\PTC\MKSTOO~1\bin;C:\PROGRA~1\PTC\MKSTOO~1\bin\X11;C:\PROGRA~1\PTC\MKSTOO~1\mksnt;C:\ProgramData\Oracle\Java\javapath;C:\Program Files (x86)\Intel\iCLS Client\;C:\Program Files\Intel\iCLS Client\;C:\Program Files (x86)\NVIDIA Corporation\PhysX\Common;C:\WINDOWS\system32;C:\WINDOWS;C:\WINDOWS\System32\Wbem;C:\WINDOWS\System32\WindowsPowerShell\v1.0\;C:\Program Files\Intel\Intel(R) Management Engine Components\DAL;C:\Program Files\Intel\Intel(R) Management Engine Components\IPT;C:\Program Files (x86)\Intel\Intel(R) Management Engine Components\DAL;C:\Program Files (x86)\Intel\Intel(R) Management Engine Components\IPT;C:\Program Files (x86)\Java\jdk1.8.0_31\bin;C:\Program Files (x86)\Java\jdk1.8.0_31\jre\bin;D:\andriod environment\adt-bundle-windows-x86-20131030\sdk\tools;D:\andriod environment\adt-bundle-windows-x86-20131030\sdk\platform-tools;D:\andriod environment\adt-bundle-windows-x86-20131030\eclipse\plugins\org.apache.ant_1.8.3.v201301120609\bin;C:\Program Files\nodejs\;D:\Git\cmd;D:\HMA! Pro VPN\bin;C:\Users\zhiwu_000\AppData\Local\Microsoft\WindowsApps;
USERNAME=freedom
DISPLAY=:0.0
OS=Windows_NT
PROCESSOR_IDENTIFIER=Intel64 Family 6 Model 60 Stepping 3, GenuineIntel



---------------  S Y S T E M  ---------------

OS: Windows 10.0 , 64 bit Build 14393 (10.0.14393.0)

CPU:total 4 (2 cores per cpu, 2 threads per core) family 6 model 60 stepping 3, cmov, cx8, fxsr, mmx, sse, sse2, sse3, ssse3, sse4.1, sse4.2, popcnt, avx, avx2, aes, clmul, erms, lzcnt, ht, tsc, tscinvbit, bmi1, bmi2

Memory: 4k page, physical 4112564k(272696k free), swap 5685428k(5816k free)

vm_info: Java HotSpot(TM) 64-Bit Server VM (25.91-b14) for windows-amd64 JRE (1.8.0_91-b14), built on Apr  1 2016 00:58:32 by "java_re" with MS VC++ 10.0 (VS2010)

time: Tue Oct 04 21:20:47 2016
elapsed time: 6 seconds (0d 0h 0m 6s)

