#
# There is insufficient memory for the Java Runtime Environment to continue.
# Native memory allocation (malloc) failed to allocate 32744 bytes for ChunkPool::allocate
# Possible reasons:
#   The system is out of physical RAM or swap space
#   In 32 bit mode, the process size limit was hit
# Possible solutions:
#   Reduce memory load on the system
#   Increase physical memory or swap space
#   Check if swap backing store is full
#   Use 64 bit Java on a 64 bit OS
#   Decrease Java heap size (-Xmx/-Xms)
#   Decrease number of Java threads
#   Decrease Java thread stack sizes (-Xss)
#   Set larger code cache with -XX:ReservedCodeCacheSize=
# This output file may be truncated or incomplete.
#
#  Out of Memory Error (allocation.cpp:273), pid=5424, tid=376
#
# JRE version: Java(TM) SE Runtime Environment (8.0_91-b14) (build 1.8.0_91-b14)
# Java VM: Java HotSpot(TM) 64-Bit Server VM (25.91-b14 mixed mode windows-amd64 compressed oops)
# Failed to write core dump. Minidumps are not enabled by default on client versions of Windows
#

---------------  T H R E A D  ---------------

Current thread (0x0000000016642000):  JavaThread "C1 CompilerThread2" daemon [_thread_in_native, id=376, stack(0x0000000016df0000,0x0000000016ef0000)]

Stack: [0x0000000016df0000,0x0000000016ef0000]
[error occurred during error reporting (printing stack bounds), id 0xc0000005]

Native frames: (J=compiled Java code, j=interpreted, Vv=VM code, C=native code)


Current CompileTask:
C1:    781   89       3       sun.nio.cs.UTF_8$Decoder::decode (779 bytes)


---------------  P R O C E S S  ---------------

Java Threads: ( => current thread )
  0x0000000016652800 JavaThread "Service Thread" daemon [_thread_blocked, id=7296, stack(0x0000000016ef0000,0x0000000016ff0000)]
=>0x0000000016642000 JavaThread "C1 CompilerThread2" daemon [_thread_in_native, id=376, stack(0x0000000016df0000,0x0000000016ef0000)]
  0x00000000152dd800 JavaThread "C2 CompilerThread1" daemon [_thread_blocked, id=2676, stack(0x0000000016cf0000,0x0000000016df0000)]
  0x00000000152db800 JavaThread "C2 CompilerThread0" daemon [_thread_blocked, id=10356, stack(0x0000000016bf0000,0x0000000016cf0000)]
  0x00000000152d9000 JavaThread "Attach Listener" daemon [_thread_blocked, id=10312, stack(0x0000000016af0000,0x0000000016bf0000)]
  0x000000001528f800 JavaThread "Signal Dispatcher" daemon [_thread_blocked, id=1260, stack(0x00000000169f0000,0x0000000016af0000)]
  0x000000001526a800 JavaThread "Finalizer" daemon [_thread_blocked, id=6936, stack(0x00000000164f0000,0x00000000165f0000)]
  0x0000000002ba0000 JavaThread "Reference Handler" daemon [_thread_blocked, id=6332, stack(0x00000000163f0000,0x00000000164f0000)]
  0x00000000028ae800 JavaThread "main" [_thread_in_native, id=1628, stack(0x00000000029b0000,0x0000000002ab0000)]

Other Threads:
  0x0000000015247800 VMThread [stack: 0x00000000162f0000,0x00000000163f0000] [id=840]
  0x00000000166b3000 WatcherThread [stack: 0x0000000016ff0000,0x00000000170f0000] [id=788]

VM state:not at safepoint (normal execution)

VM Mutex/Monitor currently owned by a thread: None

Heap:
 PSYoungGen      total 18944K, used 2638K [0x00000000eab00000, 0x00000000ec000000, 0x0000000100000000)
  eden space 16384K, 16% used [0x00000000eab00000,0x00000000ead93b68,0x00000000ebb00000)
  from space 2560K, 0% used [0x00000000ebd80000,0x00000000ebd80000,0x00000000ec000000)
  to   space 2560K, 0% used [0x00000000ebb00000,0x00000000ebb00000,0x00000000ebd80000)
 ParOldGen       total 44032K, used 0K [0x00000000c0000000, 0x00000000c2b00000, 0x00000000eab00000)
  object space 44032K, 0% used [0x00000000c0000000,0x00000000c0000000,0x00000000c2b00000)
 Metaspace       used 3349K, capacity 4720K, committed 4864K, reserved 1056768K
  class space    used 369K, capacity 424K, committed 512K, reserved 1048576K

Card table byte_map: [0x0000000011f70000,0x0000000012180000] byte_map_base: 0x0000000011970000

Marking Bits: (ParMarkBitMap*) 0x000000006c1c2f70
 Begin Bits: [0x00000000126e0000, 0x00000000136e0000)
 End Bits:   [0x00000000136e0000, 0x00000000146e0000)

Polling page: 0x0000000000a50000

CodeCache: size=245760Kb used=1218Kb max_used=1218Kb free=244541Kb
 bounds [0x0000000002bb0000, 0x0000000002e20000, 0x0000000011bb0000]
 total_blobs=339 nmethods=94 adapters=158
 compilation: enabled

Compilation events (10 events):
Event: 0.514 Thread 0x0000000016642000 nmethod 81 0x0000000002cdd150 code [0x0000000002cdd2a0, 0x0000000002cdd410]
Event: 0.758 Thread 0x0000000016642000   83       3       java.util.zip.ZipFile::access$400 (5 bytes)
Event: 0.758 Thread 0x0000000016642000 nmethod 83 0x0000000002cddc50 code [0x0000000002cddda0, 0x0000000002cdded0]
Event: 0.762 Thread 0x0000000016642000   85       1       java.util.zip.ZipFile::access$300 (5 bytes)
Event: 0.762 Thread 0x0000000016642000 nmethod 85 0x0000000002cde350 code [0x0000000002cde4a0, 0x0000000002cde590]
Event: 0.762 Thread 0x0000000016642000   86       3       java.util.zip.ZipFile::ensureOpen (37 bytes)
Event: 0.762 Thread 0x0000000016642000 nmethod 86 0x0000000002cde610 code [0x0000000002cde7a0, 0x0000000002cdea78]
Event: 0.762 Thread 0x0000000016642000   87       1       java.util.zip.ZipCoder::isUTF8 (5 bytes)
Event: 0.762 Thread 0x0000000016642000 nmethod 87 0x0000000002cdeb90 code [0x0000000002cdece0, 0x0000000002cdedf0]
Event: 0.764 Thread 0x0000000016642000   89       3       sun.nio.cs.UTF_8$Decoder::decode (779 bytes)

GC Heap History (0 events):
No events

Deoptimization events (0 events):
No events

Internal exceptions (2 events):
Event: 0.056 Thread 0x00000000028ae800 Exception <a 'java/lang/NoSuchMethodError': Method sun.misc.Unsafe.defineClass(Ljava/lang/String;[BII)Ljava/lang/Class; name or signature does not match> (0x00000000eab07cc0) thrown at [C:\re\workspace\8-2-build-windows-amd64-cygwin\jdk8u91\6644\hotspot\sr-ÖQŽÄ¬?
Event: 0.056 Thread 0x00000000028ae800 Exception <a 'java/lang/NoSuchMethodError': Method sun.misc.Unsafe.prefetchRead(Ljava/lang/Object;J)V name or signature does not match> (0x00000000eab07fa8) thrown at [C:\re\workspace\8-2-build-windows-amd64-cygwin\jdk8u91\6644\hotspot\src\share\vm\prims\j

Events (10 events):
Event: 0.703 loading class java/util/concurrent/LinkedBlockingQueue$Node
Event: 0.703 loading class java/util/concurrent/LinkedBlockingQueue$Node done
Event: 0.704 loading class com/android/dx/cf/direct/ClassPathOpener
Event: 0.704 loading class com/android/dx/cf/direct/ClassPathOpener done
Event: 0.705 loading class com/android/dx/cf/direct/ClassPathOpener$1
Event: 0.705 loading class com/android/dx/cf/direct/ClassPathOpener$1 done
Event: 0.754 loading class com/android/dx/command/dexer/Main$FileBytesConsumer
Event: 0.754 loading class com/android/dx/command/dexer/Main$FileBytesConsumer done
Event: 0.757 loading class java/util/zip/ZipFile$ZipEntryIterator
Event: 0.757 loading class java/util/zip/ZipFile$ZipEntryIterator done


Dynamic libraries:
0x00007ff663b30000 - 0x00007ff663b67000 	C:\Program Files\Java\jdk1.8.0_91\bin\java.exe
0x00007ffe43d00000 - 0x00007ffe43ed1000 	C:\WINDOWS\SYSTEM32\ntdll.dll
0x00007ffe41170000 - 0x00007ffe4121b000 	C:\WINDOWS\System32\KERNEL32.DLL
0x00007ffe40720000 - 0x00007ffe4093d000 	C:\WINDOWS\System32\KERNELBASE.dll
0x00007ffe42e40000 - 0x00007ffe42ee2000 	C:\WINDOWS\System32\ADVAPI32.dll
0x00007ffe429a0000 - 0x00007ffe42a3e000 	C:\WINDOWS\System32\msvcrt.dll
0x00007ffe435e0000 - 0x00007ffe43639000 	C:\WINDOWS\System32\sechost.dll
0x00007ffe434b0000 - 0x00007ffe435d1000 	C:\WINDOWS\System32\RPCRT4.dll
0x00007ffe43720000 - 0x00007ffe43885000 	C:\WINDOWS\System32\USER32.dll
0x00007ffe40370000 - 0x00007ffe4038e000 	C:\WINDOWS\System32\win32u.dll
0x00007ffe43400000 - 0x00007ffe43434000 	C:\WINDOWS\System32\GDI32.dll
0x00007ffe404e0000 - 0x00007ffe40662000 	C:\WINDOWS\System32\gdi32full.dll
0x00007ffe36090000 - 0x00007ffe36309000 	C:\WINDOWS\WinSxS\amd64_microsoft.windows.common-controls_6595b64144ccf1df_6.0.14393.0_none_2d0f50fcbdb171b8\COMCTL32.dll
0x00007ffe43a30000 - 0x00007ffe43cf7000 	C:\WINDOWS\System32\combase.dll
0x00007ffe40390000 - 0x00007ffe40485000 	C:\WINDOWS\System32\ucrtbase.dll
0x00007ffe3ffa0000 - 0x00007ffe4000a000 	C:\WINDOWS\System32\bcryptPrimitives.dll
0x00007ffe43640000 - 0x00007ffe4366e000 	C:\WINDOWS\System32\IMM32.DLL
0x000000006d5b0000 - 0x000000006d682000 	C:\Program Files\Java\jdk1.8.0_91\jre\bin\msvcr100.dll
0x000000006b9b0000 - 0x000000006c243000 	C:\Program Files\Java\jdk1.8.0_91\jre\bin\server\jvm.dll
0x00007ffe40230000 - 0x00007ffe40253000 	C:\WINDOWS\System32\WINMM.dll
0x00007ffe3ff40000 - 0x00007ffe3ff6b000 	C:\WINDOWS\System32\WINMMBASE.dll
0x00007ffe40490000 - 0x00007ffe404d2000 	C:\WINDOWS\System32\cfgmgr32.dll
0x00007ffe42e30000 - 0x00007ffe42e38000 	C:\WINDOWS\System32\PSAPI.DLL
0x00007ffe2d640000 - 0x00007ffe2d649000 	C:\WINDOWS\SYSTEM32\WSOCK32.dll
0x00007ffe413c0000 - 0x00007ffe4142a000 	C:\WINDOWS\System32\WS2_32.dll
0x00007ffe38970000 - 0x00007ffe3897a000 	C:\WINDOWS\SYSTEM32\VERSION.dll
0x000000006d5a0000 - 0x000000006d5af000 	C:\Program Files\Java\jdk1.8.0_91\jre\bin\verify.dll
0x000000006d570000 - 0x000000006d599000 	C:\Program Files\Java\jdk1.8.0_91\jre\bin\java.dll
0x000000006d550000 - 0x000000006d566000 	C:\Program Files\Java\jdk1.8.0_91\jre\bin\zip.dll
0x00007ffe41430000 - 0x00007ffe42938000 	C:\WINDOWS\System32\SHELL32.dll
0x00007ffe409f0000 - 0x00007ffe410ca000 	C:\WINDOWS\System32\windows.storage.dll
0x00007ffe40010000 - 0x00007ffe4005c000 	C:\WINDOWS\System32\powrprof.dll
0x00007ffe439d0000 - 0x00007ffe43a22000 	C:\WINDOWS\System32\shlwapi.dll
0x00007ffe3ff90000 - 0x00007ffe3ff9f000 	C:\WINDOWS\System32\kernel.appcore.dll
0x00007ffe40260000 - 0x00007ffe40309000 	C:\WINDOWS\System32\shcore.dll
0x00007ffe3ff70000 - 0x00007ffe3ff84000 	C:\WINDOWS\System32\profapi.dll

VM Arguments:
jvm_args: -Djava.awt.headless=true -Xmx1024M -Dfile.encoding=GBK -Duser.country=CN -Duser.language=zh -Duser.variant 
java_command: com.android.dx.command.Main --dex --force-jumbo --num-threads=4 --output D:\andriod_projects\smartHome\app\build\intermediates\pre-dexed\debug\com.android.support-support-v4-23.3.0_5953f8c9fe94d18f86f1570e4859d9a33e5ab7f1.jar D:\andriod_projects\smartHome\app\build\intermediates\exploded-aar\com.android.support\support-v4\23.3.0\jars\classes.jar
java_class_path (initial): D:\android\android_SDK\build-tools\23.0.3\lib\dx.jar
Launcher Type: SUN_STANDARD

Environment Variables:
JAVA_HOME=C:\Program Files (x86)\Java\jdk1.8.0_31
CLASSPATH=C:\Program Files (x86)\Java\jdk1.8.0_31\lib;C:\Program Files (x86)\Java\jdk1.8.0_31\lib\tools.jar;D:\andriod environment\adt-bundle-windows-x86-20131030\eclipse\plugins\org.apache.ant_1.8.3.v201301120609\lib;
PATH=C:\PROGRA~1\PTC\MKSTOO~1\bin64;C:\PROGRA~1\PTC\MKSTOO~1\bin;C:\PROGRA~1\PTC\MKSTOO~1\bin\X11;C:\PROGRA~1\PTC\MKSTOO~1\mksnt;C:\ProgramData\Oracle\Java\javapath;C:\Program Files (x86)\Intel\iCLS Client\;C:\Program Files\Intel\iCLS Client\;C:\Program Files (x86)\NVIDIA Corporation\PhysX\Common;C:\WINDOWS\system32;C:\WINDOWS;C:\WINDOWS\System32\Wbem;C:\WINDOWS\System32\WindowsPowerShell\v1.0\;C:\Program Files\Intel\Intel(R) Management Engine Components\DAL;C:\Program Files\Intel\Intel(R) Management Engine Components\IPT;C:\Program Files (x86)\Intel\Intel(R) Management Engine Components\DAL;C:\Program Files (x86)\Intel\Intel(R) Management Engine Components\IPT;C:\Program Files (x86)\Java\jdk1.8.0_31\bin;C:\Program Files (x86)\Java\jdk1.8.0_31\jre\bin;D:\andriod environment\adt-bundle-windows-x86-20131030\sdk\tools;D:\andriod environment\adt-bundle-windows-x86-20131030\sdk\platform-tools;D:\andriod environment\adt-bundle-windows-x86-20131030\eclipse\plugins\org.apache.ant_1.8.3.v201301120609\bin;C:\Program Files\nodejs\;D:\Git\cmd;D:\HMA! Pro VPN\bin;C:\Users\zhiwu_000\AppData\Local\Microsoft\WindowsApps;
USERNAME=freedom
DISPLAY=:0.0
OS=Windows_NT
PROCESSOR_IDENTIFIER=Intel64 Family 6 Model 60 Stepping 3, GenuineIntel



---------------  S Y S T E M  ---------------

OS: Windows 10.0 , 64 bit Build 14393 (10.0.14393.0)

CPU:total 4 (2 cores per cpu, 2 threads per core) family 6 model 60 stepping 3, cmov, cx8, fxsr, mmx, sse, sse2, sse3, ssse3, sse4.1, sse4.2, popcnt, avx, avx2, aes, clmul, erms, lzcnt, ht, tsc, tscinvbit, bmi1, bmi2

Memory: 4k page, physical 4112564k(622236k free), swap 5685428k(844k free)

vm_info: Java HotSpot(TM) 64-Bit Server VM (25.91-b14) for windows-amd64 JRE (1.8.0_91-b14), built on Apr  1 2016 00:58:32 by "java_re" with MS VC++ 10.0 (VS2010)

time: Tue Oct 04 13:20:45 2016
elapsed time: 0 seconds (0d 0h 0m 0s)

