#
# There is insufficient memory for the Java Runtime Environment to continue.
# Native memory allocation (malloc) failed to allocate 997936 bytes for Chunk::new
# Possible reasons:
#   The system is out of physical RAM or swap space
#   In 32 bit mode, the process size limit was hit
# Possible solutions:
#   Reduce memory load on the system
#   Increase physical memory or swap space
#   Check if swap backing store is full
#   Use 64 bit Java on a 64 bit OS
#   Decrease Java heap size (-Xmx/-Xms)
#   Decrease number of Java threads
#   Decrease Java thread stack sizes (-Xss)
#   Set larger code cache with -XX:ReservedCodeCacheSize=
# This output file may be truncated or incomplete.
#
#  Out of Memory Error (allocation.cpp:390), pid=2040, tid=12892
#
# JRE version: Java(TM) SE Runtime Environment (8.0_91-b14) (build 1.8.0_91-b14)
# Java VM: Java HotSpot(TM) 64-Bit Server VM (25.91-b14 mixed mode windows-amd64 compressed oops)
# Failed to write core dump. Minidumps are not enabled by default on client versions of Windows
#

---------------  T H R E A D  ---------------

Current thread (0x000000001581c000):  JavaThread "C2 CompilerThread1" daemon [_thread_in_native, id=12892, stack(0x0000000017220000,0x0000000017320000)]

Stack: [0x0000000017220000,0x0000000017320000]
[error occurred during error reporting (printing stack bounds), id 0xc0000005]

Native frames: (J=compiled Java code, j=interpreted, Vv=VM code, C=native code)


Current CompileTask:
C2:   3624 1114       4       com.android.dx.ssa.SCCP::simulateStmt (481 bytes)


---------------  P R O C E S S  ---------------

Java Threads: ( => current thread )
  0x0000000016e6a000 JavaThread "pool-1-thread-4" [_thread_in_Java, id=15144, stack(0x0000000017a20000,0x0000000017b20000)]
  0x0000000016e69800 JavaThread "pool-1-thread-3" [_thread_in_vm, id=5924, stack(0x0000000017920000,0x0000000017a20000)]
  0x0000000016d7d800 JavaThread "pool-1-thread-2" [_thread_in_Java, id=15276, stack(0x0000000017820000,0x0000000017920000)]
  0x0000000016d80800 JavaThread "pool-2-thread-1" [_thread_blocked, id=13740, stack(0x0000000017720000,0x0000000017820000)]
  0x0000000016d7b000 JavaThread "pool-1-thread-1" [_thread_in_vm, id=4428, stack(0x0000000017620000,0x0000000017720000)]
  0x0000000016b82800 JavaThread "Service Thread" daemon [_thread_blocked, id=9728, stack(0x0000000017420000,0x0000000017520000)]
  0x0000000016b78000 JavaThread "C1 CompilerThread2" daemon [_thread_in_native, id=6204, stack(0x0000000017320000,0x0000000017420000)]
=>0x000000001581c000 JavaThread "C2 CompilerThread1" daemon [_thread_in_native, id=12892, stack(0x0000000017220000,0x0000000017320000)]
  0x000000001581a000 JavaThread "C2 CompilerThread0" daemon [_thread_in_native, id=4352, stack(0x0000000017120000,0x0000000017220000)]
  0x00000000157cd800 JavaThread "Attach Listener" daemon [_thread_blocked, id=6536, stack(0x0000000017020000,0x0000000017120000)]
  0x0000000016b28800 JavaThread "Signal Dispatcher" daemon [_thread_blocked, id=4972, stack(0x0000000016f20000,0x0000000017020000)]
  0x00000000157aa800 JavaThread "Finalizer" daemon [_thread_blocked, id=7212, stack(0x0000000016a10000,0x0000000016b10000)]
  0x0000000003040000 JavaThread "Reference Handler" daemon [_thread_blocked, id=15284, stack(0x0000000016910000,0x0000000016a10000)]
  0x00000000030ee000 JavaThread "main" [_thread_in_Java, id=12772, stack(0x0000000002af0000,0x0000000002bf0000)]

Other Threads:
  0x0000000015787800 VMThread [stack: 0x0000000016810000,0x0000000016910000] [id=14820]
  0x0000000016ba6000 WatcherThread [stack: 0x0000000017520000,0x0000000017620000] [id=12500]

VM state:not at safepoint (normal execution)

VM Mutex/Monitor currently owned by a thread: None

Heap:
 PSYoungGen      total 18944K, used 18657K [0x00000000eab00000, 0x00000000ed000000, 0x0000000100000000)
  eden space 16384K, 98% used [0x00000000eab00000,0x00000000ebabd4f0,0x00000000ebb00000)
  from space 2560K, 99% used [0x00000000ebb00000,0x00000000ebd7b2a8,0x00000000ebd80000)
  to   space 2560K, 0% used [0x00000000ecd80000,0x00000000ecd80000,0x00000000ed000000)
 ParOldGen       total 44032K, used 1165K [0x00000000c0000000, 0x00000000c2b00000, 0x00000000eab00000)
  object space 44032K, 2% used [0x00000000c0000000,0x00000000c0123468,0x00000000c2b00000)
 Metaspace       used 6104K, capacity 6966K, committed 7040K, reserved 1056768K
  class space    used 607K, capacity 622K, committed 640K, reserved 1048576K

Card table byte_map: [0x00000000124b0000,0x00000000126c0000] byte_map_base: 0x0000000011eb0000

Marking Bits: (ParMarkBitMap*) 0x0000000077282f70
 Begin Bits: [0x0000000012c20000, 0x0000000013c20000)
 End Bits:   [0x0000000013c20000, 0x0000000014c20000)

Polling page: 0x0000000000fc0000

CodeCache: size=245760Kb used=4782Kb max_used=4782Kb free=240977Kb
 bounds [0x00000000030f0000, 0x00000000035a0000, 0x00000000120f0000]
 total_blobs=1463 nmethods=1192 adapters=184
 compilation: enabled

Compilation events (10 events):
Event: 3.618 Thread 0x0000000016b78000 nmethod 1190 0x000000000359a3d0 code [0x000000000359a560, 0x000000000359a9b8]
Event: 3.619 Thread 0x0000000016b78000 1191       3       com.android.dx.dex.code.StdCatchBuilder::<init> (62 bytes)
Event: 3.619 Thread 0x0000000016b78000 nmethod 1191 0x000000000359ab90 code [0x000000000359ad40, 0x000000000359b208]
Event: 3.620 Thread 0x0000000016b78000 1192       3       com.android.dx.dex.code.OutputCollector::getFinisher (26 bytes)
Event: 3.620 Thread 0x0000000016b78000 nmethod 1192 0x000000000359b3d0 code [0x000000000359b560, 0x000000000359b7f8]
Event: 3.620 Thread 0x0000000016b78000 1193       3       com.android.dx.dex.code.DalvCode::<init> (68 bytes)
Event: 3.620 Thread 0x0000000016b78000 nmethod 1193 0x000000000359b910 code [0x000000000359baa0, 0x000000000359beb8]
Event: 3.620 Thread 0x0000000016b78000 1194       3       com.android.dx.dex.file.CodeItem::<init> (81 bytes)
Event: 3.621 Thread 0x0000000016b78000 nmethod 1194 0x000000000359c050 code [0x000000000359c200, 0x000000000359c6f8]
Event: 3.621 Thread 0x0000000016b78000 1195       3       com.android.dx.rop.code.DexTranslationAdvice::hasConstantOperation (163 bytes)

GC Heap History (2 events):
Event: 2.657 GC heap before
{Heap before GC invocations=1 (full 0):
 PSYoungGen      total 18944K, used 16384K [0x00000000eab00000, 0x00000000ec000000, 0x0000000100000000)
  eden space 16384K, 100% used [0x00000000eab00000,0x00000000ebb00000,0x00000000ebb00000)
  from space 2560K, 0% used [0x00000000ebd80000,0x00000000ebd80000,0x00000000ec000000)
  to   space 2560K, 0% used [0x00000000ebb00000,0x00000000ebb00000,0x00000000ebd80000)
 ParOldGen       total 44032K, used 0K [0x00000000c0000000, 0x00000000c2b00000, 0x00000000eab00000)
  object space 44032K, 0% used [0x00000000c0000000,0x00000000c0000000,0x00000000c2b00000)
 Metaspace       used 5643K, capacity 6580K, committed 6784K, reserved 1056768K
  class space    used 603K, capacity 620K, committed 640K, reserved 1048576K
Event: 2.854 GC heap after
Heap after GC invocations=1 (full 0):
 PSYoungGen      total 18944K, used 2540K [0x00000000eab00000, 0x00000000ed000000, 0x0000000100000000)
  eden space 16384K, 0% used [0x00000000eab00000,0x00000000eab00000,0x00000000ebb00000)
  from space 2560K, 99% used [0x00000000ebb00000,0x00000000ebd7b2a8,0x00000000ebd80000)
  to   space 2560K, 0% used [0x00000000ecd80000,0x00000000ecd80000,0x00000000ed000000)
 ParOldGen       total 44032K, used 1165K [0x00000000c0000000, 0x00000000c2b00000, 0x00000000eab00000)
  object space 44032K, 2% used [0x00000000c0000000,0x00000000c0123468,0x00000000c2b00000)
 Metaspace       used 5643K, capacity 6580K, committed 6784K, reserved 1056768K
  class space    used 603K, capacity 620K, committed 640K, reserved 1048576K
}

Deoptimization events (8 events):
Event: 0.332 Thread 0x00000000030ee000 Uncommon trap: reason=unstable_if action=reinterpret pc=0x000000000323fdd4 method=java.lang.String.compareTo(Ljava/lang/String;)I @ 38
Event: 1.448 Thread 0x0000000016d7b000 Uncommon trap: reason=unstable_if action=reinterpret pc=0x00000000033363c4 method=java.util.HashMap.getNode(ILjava/lang/Object;)Ljava/util/HashMap$Node; @ 62
Event: 3.067 Thread 0x0000000016d7d800 Uncommon trap: reason=null_check action=make_not_entrant pc=0x0000000003430628 method=com.android.dx.rop.type.Type.equals(Ljava/lang/Object;)Z @ 8
Event: 3.172 Thread 0x0000000016d7d800 Uncommon trap: reason=unstable_if action=reinterpret pc=0x00000000034b2cac method=com.android.dx.rop.code.RegisterSpecSet.put(Lcom/android/dx/rop/code/RegisterSpec;)V @ 77
Event: 3.173 Thread 0x0000000016d7d800 Uncommon trap: reason=unstable_if action=reinterpret pc=0x00000000034e266c method=com.android.dx.rop.code.RegisterSpecSet.put(Lcom/android/dx/rop/code/RegisterSpec;)V @ 77
Event: 3.241 Thread 0x0000000016d7b000 Uncommon trap: reason=unstable_if action=reinterpret pc=0x0000000003502cf0 method=com.android.dx.ssa.SsaRenamer$BlockRenamer.addMapping(ILcom/android/dx/rop/code/RegisterSpec;)V @ 120
Event: 3.479 Thread 0x00000000030ee000 Uncommon trap: reason=null_check action=make_not_entrant pc=0x0000000003473f60 method=com.android.dx.ssa.SsaRenamer.getLocalForNewReg(I)Lcom/android/dx/rop/code/LocalItem; @ 19
Event: 3.480 Thread 0x00000000030ee000 Uncommon trap: reason=null_check action=make_not_entrant pc=0x000000000343b920 method=com.android.dx.ssa.SsaRenamer.getLocalForNewReg(I)Lcom/android/dx/rop/code/LocalItem; @ 19

Internal exceptions (5 events):
Event: 0.040 Thread 0x00000000030ee000 Exception <a 'java/lang/NoSuchMethodError': Method sun.misc.Unsafe.defineClass(Ljava/lang/String;[BII)Ljava/lang/Class; name or signature does not match> (0x00000000eab07cc0) thrown at [C:\re\workspace\8-2-build-windows-amd64-cygwin\jdk8u91\6644\hotspot\sr¡j*¤¤?
Event: 0.040 Thread 0x00000000030ee000 Exception <a 'java/lang/NoSuchMethodError': Method sun.misc.Unsafe.prefetchRead(Ljava/lang/Object;J)V name or signature does not match> (0x00000000eab07fa8) thrown at [C:\re\workspace\8-2-build-windows-amd64-cygwin\jdk8u91\6644\hotspot\src\share\vm\prims\j!5IReˆ@
Event: 3.067 Thread 0x0000000016d7d800 Implicit null exception at 0x0000000003430522 to 0x000000000343061a
Event: 3.479 Thread 0x00000000030ee000 Implicit null exception at 0x0000000003471d87 to 0x0000000003473f1d
Event: 3.480 Thread 0x00000000030ee000 Implicit null exception at 0x0000000003439d89 to 0x000000000343b8fd

Events (10 events):
Event: 3.318 Executing VM operation: ForceSafepoint
Event: 3.319 Executing VM operation: ForceSafepoint done
Event: 3.442 loading class java/util/DualPivotQuicksort
Event: 3.443 loading class java/util/DualPivotQuicksort done
Event: 3.479 Thread 0x00000000030ee000 Uncommon trap: trap_request=0xfffffff4 fr.pc=0x0000000003473f60
Event: 3.479 Thread 0x00000000030ee000 DEOPT PACKING pc=0x0000000003473f60 sp=0x0000000002bedf70
Event: 3.479 Thread 0x00000000030ee000 DEOPT UNPACKING pc=0x000000000313582a sp=0x0000000002beddc8 mode 2
Event: 3.480 Thread 0x00000000030ee000 Uncommon trap: trap_request=0xfffffff4 fr.pc=0x000000000343b920
Event: 3.480 Thread 0x00000000030ee000 DEOPT PACKING pc=0x000000000343b920 sp=0x0000000002bedf00
Event: 3.480 Thread 0x00000000030ee000 DEOPT UNPACKING pc=0x000000000313582a sp=0x0000000002beddb8 mode 2


Dynamic libraries:
0x00007ff77d8f0000 - 0x00007ff77d927000 	C:\Program Files\Java\jdk1.8.0_91\bin\java.exe
0x00007ffc57b90000 - 0x00007ffc57d51000 	C:\WINDOWS\SYSTEM32\ntdll.dll
0x00007ffc56ba0000 - 0x00007ffc56c4d000 	C:\WINDOWS\system32\KERNEL32.DLL
0x00007ffc54ab0000 - 0x00007ffc54c98000 	C:\WINDOWS\system32\KERNELBASE.dll
0x00007ffc572f0000 - 0x00007ffc57397000 	C:\WINDOWS\system32\ADVAPI32.dll
0x00007ffc570f0000 - 0x00007ffc5718d000 	C:\WINDOWS\system32\msvcrt.dll
0x00007ffc57600000 - 0x00007ffc5765b000 	C:\WINDOWS\system32\sechost.dll
0x00007ffc56960000 - 0x00007ffc56a7c000 	C:\WINDOWS\system32\RPCRT4.dll
0x00007ffc57820000 - 0x00007ffc57976000 	C:\WINDOWS\system32\USER32.dll
0x00007ffc56ed0000 - 0x00007ffc57056000 	C:\WINDOWS\system32\GDI32.dll
0x00007ffc50950000 - 0x00007ffc50bc4000 	C:\WINDOWS\WinSxS\amd64_microsoft.windows.common-controls_6595b64144ccf1df_6.0.10586.589_none_a2ddb3caa539acce\COMCTL32.dll
0x00007ffc56c50000 - 0x00007ffc56ecd000 	C:\WINDOWS\system32\combase.dll
0x00007ffc54080000 - 0x00007ffc540ea000 	C:\WINDOWS\system32\bcryptPrimitives.dll
0x00007ffc54f90000 - 0x00007ffc54fcb000 	C:\WINDOWS\system32\IMM32.DLL
0x00007ffc53e70000 - 0x00007ffc53ea1000 	C:\Windows\system32\nvinitx.dll
0x00007ffc53e60000 - 0x00007ffc53e6a000 	C:\WINDOWS\SYSTEM32\VERSION.dll
0x00000000765f0000 - 0x00000000766c2000 	C:\Program Files\Java\jdk1.8.0_91\jre\bin\msvcr100.dll
0x0000000076a70000 - 0x0000000077303000 	C:\Program Files\Java\jdk1.8.0_91\jre\bin\server\jvm.dll
0x00007ffc54a30000 - 0x00007ffc54a53000 	C:\WINDOWS\system32\WINMM.dll
0x00007ffc53f80000 - 0x00007ffc53fac000 	C:\WINDOWS\system32\WINMMBASE.dll
0x00007ffc54a60000 - 0x00007ffc54aa3000 	C:\WINDOWS\system32\cfgmgr32.dll
0x00007ffc57770000 - 0x00007ffc57778000 	C:\WINDOWS\system32\PSAPI.DLL
0x00007ffc478f0000 - 0x00007ffc478f9000 	C:\WINDOWS\SYSTEM32\WSOCK32.dll
0x00007ffc56b30000 - 0x00007ffc56b9b000 	C:\WINDOWS\system32\WS2_32.dll
0x0000000050010000 - 0x000000005001f000 	C:\Program Files\Java\jdk1.8.0_91\jre\bin\verify.dll
0x0000000077c50000 - 0x0000000077c79000 	C:\Program Files\Java\jdk1.8.0_91\jre\bin\java.dll
0x0000000076a50000 - 0x0000000076a66000 	C:\Program Files\Java\jdk1.8.0_91\jre\bin\zip.dll
0x00007ffc55400000 - 0x00007ffc5695c000 	C:\WINDOWS\system32\SHELL32.dll
0x00007ffc543e0000 - 0x00007ffc54a25000 	C:\WINDOWS\system32\windows.storage.dll
0x00007ffc54dd0000 - 0x00007ffc54e22000 	C:\WINDOWS\system32\shlwapi.dll
0x00007ffc53fb0000 - 0x00007ffc53fbf000 	C:\WINDOWS\system32\kernel.appcore.dll
0x00007ffc54d00000 - 0x00007ffc54db5000 	C:\WINDOWS\system32\shcore.dll
0x00007ffc54390000 - 0x00007ffc543db000 	C:\WINDOWS\system32\powrprof.dll
0x00007ffc53fd0000 - 0x00007ffc53fe4000 	C:\WINDOWS\system32\profapi.dll

VM Arguments:
jvm_args: -Djava.awt.headless=true -Xmx1024M -Dfile.encoding=GBK -Duser.country=CN -Duser.language=zh -Duser.variant 
java_command: com.android.dx.command.Main --dex --force-jumbo --num-threads=4 --output D:\andriod_projects\smartHome\app\build\intermediates\pre-dexed\debug\com.android.support-appcompat-v7-23.3.0_08b6caf9083ef3333c1d2d027f917b3b9e753913.jar D:\andriod_projects\smartHome\app\build\intermediates\exploded-aar\com.android.support\appcompat-v7\23.3.0\jars\classes.jar
java_class_path (initial): D:\android\android_SDK\build-tools\23.0.3\lib\dx.jar
Launcher Type: SUN_STANDARD

Environment Variables:
JAVA_HOME=C:\Program Files (x86)\Java\jdk1.8.0_31
CLASSPATH=C:\Program Files (x86)\Java\jdk1.8.0_31\lib;C:\Program Files (x86)\Java\jdk1.8.0_31\lib\tools.jar;D:\andriod environment\adt-bundle-windows-x86-20131030\eclipse\plugins\org.apache.ant_1.8.3.v201301120609\lib;
PATH=C:\PROGRA~1\PTC\MKSTOO~1\bin64;C:\PROGRA~1\PTC\MKSTOO~1\bin;C:\PROGRA~1\PTC\MKSTOO~1\bin\X11;C:\PROGRA~1\PTC\MKSTOO~1\mksnt;C:\ProgramData\Oracle\Java\javapath;C:\Program Files (x86)\Intel\iCLS Client\;C:\Program Files\Intel\iCLS Client\;C:\Program Files (x86)\NVIDIA Corporation\PhysX\Common;C:\WINDOWS\system32;C:\WINDOWS;C:\WINDOWS\System32\Wbem;C:\WINDOWS\System32\WindowsPowerShell\v1.0\;C:\Program Files\Intel\Intel(R) Management Engine Components\DAL;C:\Program Files\Intel\Intel(R) Management Engine Components\IPT;C:\Program Files (x86)\Intel\Intel(R) Management Engine Components\DAL;C:\Program Files (x86)\Intel\Intel(R) Management Engine Components\IPT;C:\Program Files (x86)\Java\jdk1.8.0_31\bin;C:\Program Files (x86)\Java\jdk1.8.0_31\jre\bin;D:\andriod environment\adt-bundle-windows-x86-20131030\sdk\tools;D:\andriod environment\adt-bundle-windows-x86-20131030\sdk\platform-tools;D:\andriod environment\adt-bundle-windows-x86-20131030\eclipse\plugins\org.apache.ant_1.8.3.v201301120609\bin;C:\Program Files\nodejs\;D:\Git\cmd;D:\HMA! Pro VPN\bin
USERNAME=freedom
DISPLAY=:0.0
OS=Windows_NT
PROCESSOR_IDENTIFIER=Intel64 Family 6 Model 60 Stepping 3, GenuineIntel



---------------  S Y S T E M  ---------------

OS: Windows 10.0 , 64 bit Build 10586 (10.0.10586.589)

CPU:total 4 (2 cores per cpu, 2 threads per core) family 6 model 60 stepping 3, cmov, cx8, fxsr, mmx, sse, sse2, sse3, ssse3, sse4.1, sse4.2, popcnt, avx, avx2, aes, clmul, erms, lzcnt, ht, tsc, tscinvbit, bmi1, bmi2

Memory: 4k page, physical 4112564k(483228k free), swap 5685428k(5144k free)

vm_info: Java HotSpot(TM) 64-Bit Server VM (25.91-b14) for windows-amd64 JRE (1.8.0_91-b14), built on Apr  1 2016 00:58:32 by "java_re" with MS VC++ 10.0 (VS2010)

time: Mon Sep 26 23:04:06 2016
elapsed time: 3 seconds (0d 0h 0m 3s)

