#
# There is insufficient memory for the Java Runtime Environment to continue.
# Native memory allocation (malloc) failed to allocate 701136 bytes for Chunk::new
# Possible reasons:
#   The system is out of physical RAM or swap space
#   In 32 bit mode, the process size limit was hit
# Possible solutions:
#   Reduce memory load on the system
#   Increase physical memory or swap space
#   Check if swap backing store is full
#   Use 64 bit Java on a 64 bit OS
#   Decrease Java heap size (-Xmx/-Xms)
#   Decrease number of Java threads
#   Decrease Java thread stack sizes (-Xss)
#   Set larger code cache with -XX:ReservedCodeCacheSize=
# This output file may be truncated or incomplete.
#
#  Out of Memory Error (allocation.cpp:390), pid=6800, tid=7344
#
# JRE version: Java(TM) SE Runtime Environment (8.0_91-b14) (build 1.8.0_91-b14)
# Java VM: Java HotSpot(TM) 64-Bit Server VM (25.91-b14 mixed mode windows-amd64 compressed oops)
# Failed to write core dump. Minidumps are not enabled by default on client versions of Windows
#

---------------  T H R E A D  ---------------

Current thread (0x0000000015cfd800):  JavaThread "C2 CompilerThread1" daemon [_thread_in_native, id=7344, stack(0x0000000017770000,0x0000000017870000)]

Stack: [0x0000000017770000,0x0000000017870000]
[error occurred during error reporting (printing stack bounds), id 0xc0000005]

Native frames: (J=compiled Java code, j=interpreted, Vv=VM code, C=native code)


Current CompileTask:
C2:   2017 1200       4       com.android.dx.ssa.SCCP::simulatePhi (169 bytes)


---------------  P R O C E S S  ---------------

Java Threads: ( => current thread )
  0x00000000172e9800 JavaThread "pool-2-thread-4" [_thread_blocked, id=4580, stack(0x0000000017f70000,0x0000000018070000)]
  0x0000000017286800 JavaThread "pool-2-thread-3" [_thread_in_Java, id=1548, stack(0x0000000017e70000,0x0000000017f70000)]
  0x0000000017284800 JavaThread "pool-2-thread-2" [_thread_blocked, id=4236, stack(0x0000000017d70000,0x0000000017e70000)]
  0x0000000017280000 JavaThread "pool-3-thread-1" [_thread_blocked, id=1708, stack(0x0000000017c70000,0x0000000017d70000)]
  0x0000000017206800 JavaThread "pool-2-thread-1" [_thread_blocked, id=3568, stack(0x0000000017b70000,0x0000000017c70000)]
  0x00000000170d2800 JavaThread "Service Thread" daemon [_thread_blocked, id=8752, stack(0x0000000017970000,0x0000000017a70000)]
  0x00000000170cd000 JavaThread "C1 CompilerThread2" daemon [_thread_in_native, id=7188, stack(0x0000000017870000,0x0000000017970000)]
=>0x0000000015cfd800 JavaThread "C2 CompilerThread1" daemon [_thread_in_native, id=7344, stack(0x0000000017770000,0x0000000017870000)]
  0x0000000015cfb800 JavaThread "C2 CompilerThread0" daemon [_thread_in_vm, id=1724, stack(0x0000000017670000,0x0000000017770000)]
  0x0000000015cf9000 JavaThread "Attach Listener" daemon [_thread_blocked, id=4388, stack(0x0000000017570000,0x0000000017670000)]
  0x0000000015caf000 JavaThread "Signal Dispatcher" daemon [_thread_blocked, id=10756, stack(0x0000000017470000,0x0000000017570000)]
  0x0000000015c8a800 JavaThread "Finalizer" daemon [_thread_blocked, id=4624, stack(0x0000000016f00000,0x0000000017000000)]
  0x00000000035a0000 JavaThread "Reference Handler" daemon [_thread_blocked, id=4220, stack(0x0000000016e00000,0x0000000016f00000)]
  0x00000000033ae000 JavaThread "main" [_thread_in_Java, id=6168, stack(0x00000000033b0000,0x00000000034b0000)]

Other Threads:
  0x0000000015c67800 VMThread [stack: 0x0000000016d00000,0x0000000016e00000] [id=1104]
  0x0000000017124800 WatcherThread [stack: 0x0000000017a70000,0x0000000017b70000] [id=10300]

VM state:not at safepoint (normal execution)

VM Mutex/Monitor currently owned by a thread: None

Heap:
 PSYoungGen      total 35328K, used 4019K [0x00000000eab00000, 0x00000000ed000000, 0x0000000100000000)
  eden space 32768K, 4% used [0x00000000eab00000,0x00000000eac6fd68,0x00000000ecb00000)
  from space 2560K, 99% used [0x00000000ecd80000,0x00000000ecffd0f8,0x00000000ed000000)
  to   space 2560K, 0% used [0x00000000ecb00000,0x00000000ecb00000,0x00000000ecd80000)
 ParOldGen       total 44032K, used 4038K [0x00000000c0000000, 0x00000000c2b00000, 0x00000000eab00000)
  object space 44032K, 9% used [0x00000000c0000000,0x00000000c03f1a68,0x00000000c2b00000)
 Metaspace       used 6046K, capacity 6900K, committed 7040K, reserved 1056768K
  class space    used 601K, capacity 620K, committed 640K, reserved 1048576K

Card table byte_map: [0x0000000012970000,0x0000000012b80000] byte_map_base: 0x0000000012370000

Marking Bits: (ParMarkBitMap*) 0x00000000727a2f70
 Begin Bits: [0x00000000130e0000, 0x00000000140e0000)
 End Bits:   [0x00000000140e0000, 0x00000000150e0000)

Polling page: 0x0000000003370000

CodeCache: size=245760Kb used=4970Kb max_used=4979Kb free=240789Kb
 bounds [0x00000000035b0000, 0x0000000003aa0000, 0x00000000125b0000]
 total_blobs=1505 nmethods=1234 adapters=184
 compilation: enabled

Compilation events (10 events):
Event: 2.015 Thread 0x00000000170cd000 nmethod 1234 0x0000000003a81350 code [0x0000000003a814c0, 0x0000000003a816f0]
Event: 2.015 Thread 0x00000000170cd000 1233       3       java.util.TreeMap$Values::iterator (19 bytes)
Event: 2.015 Thread 0x00000000170cd000 nmethod 1233 0x0000000003a87f90 code [0x0000000003a88120, 0x0000000003a88630]
Event: 2.015 Thread 0x00000000170cd000 1235       3       java.util.TreeMap$ValueIterator::<init> (12 bytes)
Event: 2.015 Thread 0x00000000170cd000 nmethod 1235 0x0000000003a88890 code [0x0000000003a88a00, 0x0000000003a88c70]
Event: 2.015 Thread 0x00000000170cd000 1236       3       java.util.TreeMap$PrivateEntryIterator::<init> (28 bytes)
Event: 2.015 Thread 0x00000000170cd000 nmethod 1236 0x0000000003a88d90 code [0x0000000003a88f00, 0x0000000003a89110]
Event: 2.015 Thread 0x00000000170cd000 1239       3       com.android.dx.rop.cst.CstType::getType (4 bytes)
Event: 2.015 Thread 0x00000000170cd000 nmethod 1239 0x0000000003a89210 code [0x0000000003a89360, 0x0000000003a894b0]
Event: 2.015 Thread 0x00000000170cd000 1237       3       com.android.dx.rop.code.RegisterSpecList::make (17 bytes)

GC Heap History (4 events):
Event: 0.949 GC heap before
{Heap before GC invocations=1 (full 0):
 PSYoungGen      total 18944K, used 16384K [0x00000000eab00000, 0x00000000ec000000, 0x0000000100000000)
  eden space 16384K, 100% used [0x00000000eab00000,0x00000000ebb00000,0x00000000ebb00000)
  from space 2560K, 0% used [0x00000000ebd80000,0x00000000ebd80000,0x00000000ec000000)
  to   space 2560K, 0% used [0x00000000ebb00000,0x00000000ebb00000,0x00000000ebd80000)
 ParOldGen       total 44032K, used 0K [0x00000000c0000000, 0x00000000c2b00000, 0x00000000eab00000)
  object space 44032K, 0% used [0x00000000c0000000,0x00000000c0000000,0x00000000c2b00000)
 Metaspace       used 5842K, capacity 6772K, committed 7040K, reserved 1056768K
  class space    used 601K, capacity 620K, committed 640K, reserved 1048576K
Event: 1.032 GC heap after
Heap after GC invocations=1 (full 0):
 PSYoungGen      total 18944K, used 2546K [0x00000000eab00000, 0x00000000ed000000, 0x0000000100000000)
  eden space 16384K, 0% used [0x00000000eab00000,0x00000000eab00000,0x00000000ebb00000)
  from space 2560K, 99% used [0x00000000ebb00000,0x00000000ebd7cab0,0x00000000ebd80000)
  to   space 2560K, 0% used [0x00000000ecd80000,0x00000000ecd80000,0x00000000ed000000)
 ParOldGen       total 44032K, used 2064K [0x00000000c0000000, 0x00000000c2b00000, 0x00000000eab00000)
  object space 44032K, 4% used [0x00000000c0000000,0x00000000c0204150,0x00000000c2b00000)
 Metaspace       used 5842K, capacity 6772K, committed 7040K, reserved 1056768K
  class space    used 601K, capacity 620K, committed 640K, reserved 1048576K
}
Event: 1.812 GC heap before
{Heap before GC invocations=2 (full 0):
 PSYoungGen      total 18944K, used 18930K [0x00000000eab00000, 0x00000000ed000000, 0x0000000100000000)
  eden space 16384K, 100% used [0x00000000eab00000,0x00000000ebb00000,0x00000000ebb00000)
  from space 2560K, 99% used [0x00000000ebb00000,0x00000000ebd7cab0,0x00000000ebd80000)
  to   space 2560K, 0% used [0x00000000ecd80000,0x00000000ecd80000,0x00000000ed000000)
 ParOldGen       total 44032K, used 2064K [0x00000000c0000000, 0x00000000c2b00000, 0x00000000eab00000)
  object space 44032K, 4% used [0x00000000c0000000,0x00000000c0204150,0x00000000c2b00000)
 Metaspace       used 6042K, capacity 6900K, committed 7040K, reserved 1056768K
  class space    used 601K, capacity 620K, committed 640K, reserved 1048576K
Event: 2.008 GC heap after
Heap after GC invocations=2 (full 0):
 PSYoungGen      total 35328K, used 2548K [0x00000000eab00000, 0x00000000ed000000, 0x0000000100000000)
  eden space 32768K, 0% used [0x00000000eab00000,0x00000000eab00000,0x00000000ecb00000)
  from space 2560K, 99% used [0x00000000ecd80000,0x00000000ecffd0f8,0x00000000ed000000)
  to   space 2560K, 0% used [0x00000000ecb00000,0x00000000ecb00000,0x00000000ecd80000)
 ParOldGen       total 44032K, used 4038K [0x00000000c0000000, 0x00000000c2b00000, 0x00000000eab00000)
  object space 44032K, 9% used [0x00000000c0000000,0x00000000c03f1a68,0x00000000c2b00000)
 Metaspace       used 6042K, capacity 6900K, committed 7040K, reserved 1056768K
  class space    used 601K, capacity 620K, committed 640K, reserved 1048576K
}

Deoptimization events (10 events):
Event: 0.676 Thread 0x00000000172e9800 Uncommon trap: reason=unstable_if action=reinterpret pc=0x00000000037e351c method=java.util.HashMap.getNode(ILjava/lang/Object;)Ljava/util/HashMap$Node; @ 129
Event: 0.896 Thread 0x0000000017284800 Uncommon trap: reason=unstable_if action=reinterpret pc=0x00000000037e4a30 method=java.util.BitSet.nextSetBit(I)I @ 87
Event: 0.947 Thread 0x0000000017286800 Uncommon trap: reason=class_check action=maybe_recompile pc=0x000000000385a950 method=com.android.dx.ssa.NormalSsaInsn.accept(Lcom/android/dx/ssa/SsaInsn$Visitor;)V @ 9
Event: 1.076 Thread 0x0000000017286800 Uncommon trap: reason=class_check action=maybe_recompile pc=0x000000000385a950 method=com.android.dx.ssa.NormalSsaInsn.accept(Lcom/android/dx/ssa/SsaInsn$Visitor;)V @ 9
Event: 1.076 Thread 0x0000000017286800 Uncommon trap: reason=class_check action=maybe_recompile pc=0x000000000385a950 method=com.android.dx.ssa.NormalSsaInsn.accept(Lcom/android/dx/ssa/SsaInsn$Visitor;)V @ 9
Event: 1.087 Thread 0x0000000017286800 Uncommon trap: reason=class_check action=maybe_recompile pc=0x000000000385a950 method=com.android.dx.ssa.NormalSsaInsn.accept(Lcom/android/dx/ssa/SsaInsn$Visitor;)V @ 9
Event: 1.087 Thread 0x0000000017286800 Uncommon trap: reason=class_check action=maybe_recompile pc=0x0000000003831a30 method=com.android.dx.ssa.NormalSsaInsn.accept(Lcom/android/dx/ssa/SsaInsn$Visitor;)V @ 9
Event: 1.126 Thread 0x0000000017284800 Uncommon trap: reason=unstable_if action=reinterpret pc=0x00000000038b2e94 method=com.android.dx.rop.code.RegisterSpec.equals(ILcom/android/dx/rop/type/TypeBearer;Lcom/android/dx/rop/code/LocalItem;)Z @ 31
Event: 1.139 Thread 0x00000000172e9800 Uncommon trap: reason=null_check action=make_not_entrant pc=0x000000000392997c method=com.android.dx.ssa.SsaRenamer.getLocalForNewReg(I)Lcom/android/dx/rop/code/LocalItem; @ 19
Event: 1.588 Thread 0x00000000172e9800 Uncommon trap: reason=null_check action=make_not_entrant pc=0x00000000039528ac method=com.android.dx.ssa.SsaRenamer.getLocalForNewReg(I)Lcom/android/dx/rop/code/LocalItem; @ 19

Internal exceptions (5 events):
Event: 0.069 Thread 0x00000000033ae000 Exception <a 'java/lang/NoSuchMethodError': Method sun.misc.Unsafe.defineClass(Ljava/lang/String;[BII)Ljava/lang/Class; name or signature does not match> (0x00000000eab07cc0) thrown at [C:\re\workspace\8-2-build-windows-amd64-cygwin\jdk8u91\6644\hotspot\srOÅ„cÄ–±?
Event: 0.069 Thread 0x00000000033ae000 Exception <a 'java/lang/NoSuchMethodError': Method sun.misc.Unsafe.prefetchRead(Ljava/lang/Object;J)V name or signature does not match> (0x00000000eab07fa8) thrown at [C:\re\workspace\8-2-build-windows-amd64-cygwin\jdk8u91\6644\hotspot\src\share\vm\prims\j‡YûËžò?
Event: 1.126 Thread 0x0000000017284800 Implicit null exception at 0x00000000038b2b5d to 0x00000000038b2e81
Event: 1.139 Thread 0x00000000172e9800 Implicit null exception at 0x0000000003928a04 to 0x0000000003929949
Event: 1.588 Thread 0x00000000172e9800 Implicit null exception at 0x00000000039516e0 to 0x0000000003952861

Events (10 events):
Event: 1.139 Thread 0x00000000172e9800 DEOPT UNPACKING pc=0x00000000035f582a sp=0x000000001806e8a8 mode 2
Event: 1.547 loading class com/android/dx/rop/code/RegOps
Event: 1.547 loading class com/android/dx/rop/code/RegOps done
Event: 1.588 Thread 0x00000000172e9800 Uncommon trap: trap_request=0xfffffff4 fr.pc=0x00000000039528ac
Event: 1.588 Thread 0x00000000172e9800 DEOPT PACKING pc=0x00000000039528ac sp=0x000000001806ea60
Event: 1.589 Thread 0x00000000172e9800 DEOPT UNPACKING pc=0x00000000035f582a sp=0x000000001806e858 mode 2
Event: 1.609 Executing VM operation: ForceSafepoint
Event: 1.802 Executing VM operation: ForceSafepoint done
Event: 1.809 Executing VM operation: ParallelGCFailedAllocation
Event: 2.009 Executing VM operation: ParallelGCFailedAllocation done


Dynamic libraries:
0x00007ff615050000 - 0x00007ff615087000 	C:\Program Files\Java\jdk1.8.0_91\bin\java.exe
0x00007ffa53620000 - 0x00007ffa537e1000 	C:\WINDOWS\SYSTEM32\ntdll.dll
0x00007ffa50ae0000 - 0x00007ffa50b8d000 	C:\WINDOWS\system32\KERNEL32.DLL
0x00007ffa50340000 - 0x00007ffa50528000 	C:\WINDOWS\system32\KERNELBASE.dll
0x00007ffa50b90000 - 0x00007ffa50c37000 	C:\WINDOWS\system32\ADVAPI32.dll
0x00007ffa524a0000 - 0x00007ffa5253d000 	C:\WINDOWS\system32\msvcrt.dll
0x00007ffa53410000 - 0x00007ffa5346b000 	C:\WINDOWS\system32\sechost.dll
0x00007ffa53500000 - 0x00007ffa5361c000 	C:\WINDOWS\system32\RPCRT4.dll
0x00007ffa52540000 - 0x00007ffa52696000 	C:\WINDOWS\system32\USER32.dll
0x00007ffa50ca0000 - 0x00007ffa50e26000 	C:\WINDOWS\system32\GDI32.dll
0x00007ffa4d490000 - 0x00007ffa4d704000 	C:\WINDOWS\WinSxS\amd64_microsoft.windows.common-controls_6595b64144ccf1df_6.0.10586.494_none_a2d8b04ea53e3145\COMCTL32.dll
0x00007ffa50860000 - 0x00007ffa50add000 	C:\WINDOWS\system32\combase.dll
0x00007ffa507d0000 - 0x00007ffa5083a000 	C:\WINDOWS\system32\bcryptPrimitives.dll
0x00007ffa52390000 - 0x00007ffa523cb000 	C:\WINDOWS\system32\IMM32.DLL
0x00007ffa4f910000 - 0x00007ffa4f941000 	C:\Windows\system32\nvinitx.dll
0x00007ffa4f900000 - 0x00007ffa4f90a000 	C:\WINDOWS\SYSTEM32\VERSION.dll
0x0000000071b10000 - 0x0000000071be2000 	C:\Program Files\Java\jdk1.8.0_91\jre\bin\msvcr100.dll
0x0000000071f90000 - 0x0000000072823000 	C:\Program Files\Java\jdk1.8.0_91\jre\bin\server\jvm.dll
0x00007ffa50580000 - 0x00007ffa505a3000 	C:\WINDOWS\system32\WINMM.dll
0x00007ffa4fa50000 - 0x00007ffa4fa7c000 	C:\WINDOWS\system32\WINMMBASE.dll
0x00007ffa50780000 - 0x00007ffa507c3000 	C:\WINDOWS\system32\cfgmgr32.dll
0x00007ffa52f40000 - 0x00007ffa52f48000 	C:\WINDOWS\system32\PSAPI.DLL
0x00007ffa42dc0000 - 0x00007ffa42dc9000 	C:\WINDOWS\SYSTEM32\WSOCK32.dll
0x00007ffa526a0000 - 0x00007ffa5270b000 	C:\WINDOWS\system32\WS2_32.dll
0x0000000071f80000 - 0x0000000071f8f000 	C:\Program Files\Java\jdk1.8.0_91\jre\bin\verify.dll
0x0000000071f50000 - 0x0000000071f79000 	C:\Program Files\Java\jdk1.8.0_91\jre\bin\java.dll
0x0000000071f30000 - 0x0000000071f46000 	C:\Program Files\Java\jdk1.8.0_91\jre\bin\zip.dll
0x00007ffa50e30000 - 0x00007ffa5238c000 	C:\WINDOWS\system32\SHELL32.dll
0x00007ffa4fcf0000 - 0x00007ffa50335000 	C:\WINDOWS\system32\windows.storage.dll
0x00007ffa533b0000 - 0x00007ffa53402000 	C:\WINDOWS\system32\shlwapi.dll
0x00007ffa4fa10000 - 0x00007ffa4fa1f000 	C:\WINDOWS\system32\kernel.appcore.dll
0x00007ffa4fc30000 - 0x00007ffa4fce5000 	C:\WINDOWS\system32\shcore.dll
0x00007ffa50530000 - 0x00007ffa5057b000 	C:\WINDOWS\system32\powrprof.dll
0x00007ffa4fa20000 - 0x00007ffa4fa34000 	C:\WINDOWS\system32\profapi.dll

VM Arguments:
jvm_args: -Djava.awt.headless=true -Xmx1024M -Dfile.encoding=GBK -Duser.country=CN -Duser.language=zh -Duser.variant 
java_command: com.android.dx.command.Main --dex --force-jumbo --num-threads=4 --multi-dex --output D:\andriod_projects\smartHome\app\build\intermediates\transforms\dex\debug\folders\1000\10\Java-WebSocket-1.3.0_3b7652afc2573475564f9d68811adcc17162eb55 C:\Users\zhiwu_000\.gradle\caches\modules-2\files-2.1\org.java-websocket\Java-WebSocket\1.3.0\db2658f013fb163de4a99274c2eb9e17efe535d2\Java-WebSocket-1.3.0.jar
java_class_path (initial): D:\android\android_SDK\build-tools\23.0.3\lib\dx.jar
Launcher Type: SUN_STANDARD

Environment Variables:
JAVA_HOME=C:\Program Files (x86)\Java\jdk1.8.0_31
CLASSPATH=C:\Program Files (x86)\Java\jdk1.8.0_31\lib;C:\Program Files (x86)\Java\jdk1.8.0_31\lib\tools.jar;D:\andriod environment\adt-bundle-windows-x86-20131030\eclipse\plugins\org.apache.ant_1.8.3.v201301120609\lib;
PATH=C:\PROGRA~1\PTC\MKSTOO~1\bin64;C:\PROGRA~1\PTC\MKSTOO~1\bin;C:\PROGRA~1\PTC\MKSTOO~1\bin\X11;C:\PROGRA~1\PTC\MKSTOO~1\mksnt;C:\ProgramData\Oracle\Java\javapath;C:\Program Files (x86)\Intel\iCLS Client\;C:\Program Files\Intel\iCLS Client\;C:\Program Files (x86)\NVIDIA Corporation\PhysX\Common;C:\WINDOWS\system32;C:\WINDOWS;C:\WINDOWS\System32\Wbem;C:\WINDOWS\System32\WindowsPowerShell\v1.0\;C:\Program Files\Intel\Intel(R) Management Engine Components\DAL;C:\Program Files\Intel\Intel(R) Management Engine Components\IPT;C:\Program Files (x86)\Intel\Intel(R) Management Engine Components\DAL;C:\Program Files (x86)\Intel\Intel(R) Management Engine Components\IPT;C:\Program Files (x86)\Java\jdk1.8.0_31\bin;C:\Program Files (x86)\Java\jdk1.8.0_31\jre\bin;D:\andriod environment\adt-bundle-windows-x86-20131030\sdk\tools;D:\andriod environment\adt-bundle-windows-x86-20131030\sdk\platform-tools;D:\andriod environment\adt-bundle-windows-x86-20131030\eclipse\plugins\org.apache.ant_1.8.3.v201301120609\bin;C:\Program Files\nodejs\;D:\Git\cmd;D:\HMA! Pro VPN\bin
USERNAME=freedom
DISPLAY=:0.0
OS=Windows_NT
PROCESSOR_IDENTIFIER=Intel64 Family 6 Model 60 Stepping 3, GenuineIntel



---------------  S Y S T E M  ---------------

OS: Windows 10.0 , 64 bit Build 10586 (10.0.10586.0)

CPU:total 4 (2 cores per cpu, 2 threads per core) family 6 model 60 stepping 3, cmov, cx8, fxsr, mmx, sse, sse2, sse3, ssse3, sse4.1, sse4.2, popcnt, avx, avx2, aes, clmul, erms, lzcnt, ht, tsc, tscinvbit, bmi1, bmi2

Memory: 4k page, physical 4112564k(304580k free), swap 5685428k(5220k free)

vm_info: Java HotSpot(TM) 64-Bit Server VM (25.91-b14) for windows-amd64 JRE (1.8.0_91-b14), built on Apr  1 2016 00:58:32 by "java_re" with MS VC++ 10.0 (VS2010)

time: Sun Sep 04 23:31:08 2016
elapsed time: 2 seconds (0d 0h 0m 2s)

