#
# There is insufficient memory for the Java Runtime Environment to continue.
# Native memory allocation (malloc) failed to allocate 1722176 bytes for Chunk::new
# Possible reasons:
#   The system is out of physical RAM or swap space
#   In 32 bit mode, the process size limit was hit
# Possible solutions:
#   Reduce memory load on the system
#   Increase physical memory or swap space
#   Check if swap backing store is full
#   Use 64 bit Java on a 64 bit OS
#   Decrease Java heap size (-Xmx/-Xms)
#   Decrease number of Java threads
#   Decrease Java thread stack sizes (-Xss)
#   Set larger code cache with -XX:ReservedCodeCacheSize=
# This output file may be truncated or incomplete.
#
#  Out of Memory Error (allocation.cpp:390), pid=6740, tid=5080
#
# JRE version: Java(TM) SE Runtime Environment (8.0_91-b14) (build 1.8.0_91-b14)
# Java VM: Java HotSpot(TM) 64-Bit Server VM (25.91-b14 mixed mode windows-amd64 compressed oops)
# Failed to write core dump. Minidumps are not enabled by default on client versions of Windows
#

---------------  T H R E A D  ---------------

Current thread (0x000000001500d800):  JavaThread "C2 CompilerThread1" daemon [_thread_in_native, id=5080, stack(0x0000000016a70000,0x0000000016b70000)]

Stack: [0x0000000016a70000,0x0000000016b70000]
[error occurred during error reporting (printing stack bounds), id 0xc0000005]

Native frames: (J=compiled Java code, j=interpreted, Vv=VM code, C=native code)


Current CompileTask:
C2:   6121 1651   !   4       com.android.dx.cf.code.BytecodeArray::parseInstruction (2764 bytes)


---------------  P R O C E S S  ---------------

Java Threads: ( => current thread )
  0x000000001660c800 JavaThread "pool-1-thread-4" [_thread_in_Java, id=5820, stack(0x0000000017270000,0x0000000017370000)]
  0x000000001660c000 JavaThread "pool-1-thread-3" [_thread_in_Java, id=528, stack(0x0000000017170000,0x0000000017270000)]
  0x000000001660b000 JavaThread "pool-1-thread-2" [_thread_blocked, id=80, stack(0x0000000017070000,0x0000000017170000)]
  0x000000001660a800 JavaThread "pool-2-thread-1" [_thread_blocked, id=3964, stack(0x0000000016f70000,0x0000000017070000)]
  0x0000000016607800 JavaThread "pool-1-thread-1" [_thread_in_Java, id=11184, stack(0x0000000016e70000,0x0000000016f70000)]
  0x00000000163db000 JavaThread "Service Thread" daemon [_thread_blocked, id=7716, stack(0x0000000016c70000,0x0000000016d70000)]
  0x00000000163ca000 JavaThread "C1 CompilerThread2" daemon [_thread_blocked, id=4576, stack(0x0000000016b70000,0x0000000016c70000)]
=>0x000000001500d800 JavaThread "C2 CompilerThread1" daemon [_thread_in_native, id=5080, stack(0x0000000016a70000,0x0000000016b70000)]
  0x000000001500b800 JavaThread "C2 CompilerThread0" daemon [_thread_in_native, id=9428, stack(0x0000000016970000,0x0000000016a70000)]
  0x0000000015009000 JavaThread "Attach Listener" daemon [_thread_blocked, id=7080, stack(0x0000000016870000,0x0000000016970000)]
  0x0000000014fbf000 JavaThread "Signal Dispatcher" daemon [_thread_blocked, id=7604, stack(0x0000000016770000,0x0000000016870000)]
  0x00000000028da800 JavaThread "Finalizer" daemon [_thread_blocked, id=8444, stack(0x0000000016210000,0x0000000016310000)]
  0x00000000028d0000 JavaThread "Reference Handler" daemon [_thread_blocked, id=1328, stack(0x0000000016110000,0x0000000016210000)]
  0x000000000234e800 JavaThread "main" [_thread_blocked, id=9476, stack(0x00000000026e0000,0x00000000027e0000)]

Other Threads:
  0x0000000014f77800 VMThread [stack: 0x0000000016010000,0x0000000016110000] [id=4976]
  0x000000001644b000 WatcherThread [stack: 0x0000000016d70000,0x0000000016e70000] [id=6872]

VM state:not at safepoint (normal execution)

VM Mutex/Monitor currently owned by a thread: None

Heap:
 PSYoungGen      total 35328K, used 23085K [0x00000000eab00000, 0x00000000ed000000, 0x0000000100000000)
  eden space 32768K, 62% used [0x00000000eab00000,0x00000000ebf0d628,0x00000000ecb00000)
  from space 2560K, 99% used [0x00000000ecb00000,0x00000000ecd7e028,0x00000000ecd80000)
  to   space 2560K, 0% used [0x00000000ecd80000,0x00000000ecd80000,0x00000000ed000000)
 ParOldGen       total 44032K, used 8157K [0x00000000c0000000, 0x00000000c2b00000, 0x00000000eab00000)
  object space 44032K, 18% used [0x00000000c0000000,0x00000000c07f7528,0x00000000c2b00000)
 Metaspace       used 6333K, capacity 7096K, committed 7296K, reserved 1056768K
  class space    used 608K, capacity 624K, committed 640K, reserved 1048576K

Card table byte_map: [0x0000000011ca0000,0x0000000011eb0000] byte_map_base: 0x00000000116a0000

Marking Bits: (ParMarkBitMap*) 0x0000000067332f70
 Begin Bits: [0x0000000012410000, 0x0000000013410000)
 End Bits:   [0x0000000013410000, 0x0000000014410000)

Polling page: 0x0000000000d00000

CodeCache: size=245760Kb used=7057Kb max_used=7085Kb free=238702Kb
 bounds [0x00000000028e0000, 0x0000000002fd0000, 0x00000000118e0000]
 total_blobs=1952 nmethods=1680 adapters=184
 compilation: enabled

Compilation events (10 events):
Event: 5.871 Thread 0x00000000163ca000 1697       2       java.util.concurrent.ThreadPoolExecutor::afterExecute (1 bytes)
Event: 5.871 Thread 0x00000000163ca000 nmethod 1697 0x0000000002fbd250 code [0x0000000002fbd3a0, 0x0000000002fbd4f0]
Event: 5.871 Thread 0x00000000163ca000 1698   !   2       java.util.concurrent.ThreadPoolExecutor::getTask (179 bytes)
Event: 5.872 Thread 0x00000000163ca000 nmethod 1698 0x0000000002fbd550 code [0x0000000002fbd720, 0x0000000002fbdcf8]
Event: 5.872 Thread 0x00000000163ca000 1699       2       java.util.concurrent.locks.ReentrantLock::lockInterruptibly (9 bytes)
Event: 5.873 Thread 0x00000000163ca000 nmethod 1699 0x0000000002fbe0d0 code [0x0000000002fbe260, 0x0000000002fbe4f8]
Event: 5.873 Thread 0x00000000163ca000 1700       2       java.util.concurrent.locks.AbstractQueuedSynchronizer::acquireInterruptibly (28 bytes)
Event: 5.873 Thread 0x00000000163ca000 nmethod 1700 0x0000000002fbe6d0 code [0x0000000002fbe860, 0x0000000002fbead8]
Event: 5.916 Thread 0x000000001500d800 nmethod 1589 0x0000000002fc5c90 code [0x0000000002fc6040, 0x0000000002fca290]
Event: 5.916 Thread 0x000000001500d800 1651   !   4       com.android.dx.cf.code.BytecodeArray::parseInstruction (2764 bytes)

GC Heap History (6 events):
Event: 1.472 GC heap before
{Heap before GC invocations=1 (full 0):
 PSYoungGen      total 18944K, used 16384K [0x00000000eab00000, 0x00000000ec000000, 0x0000000100000000)
  eden space 16384K, 100% used [0x00000000eab00000,0x00000000ebb00000,0x00000000ebb00000)
  from space 2560K, 0% used [0x00000000ebd80000,0x00000000ebd80000,0x00000000ec000000)
  to   space 2560K, 0% used [0x00000000ebb00000,0x00000000ebb00000,0x00000000ebd80000)
 ParOldGen       total 44032K, used 0K [0x00000000c0000000, 0x00000000c2b00000, 0x00000000eab00000)
  object space 44032K, 0% used [0x00000000c0000000,0x00000000c0000000,0x00000000c2b00000)
 Metaspace       used 5624K, capacity 6516K, committed 6784K, reserved 1056768K
  class space    used 597K, capacity 620K, committed 640K, reserved 1048576K
Event: 1.977 GC heap after
Heap after GC invocations=1 (full 0):
 PSYoungGen      total 18944K, used 2540K [0x00000000eab00000, 0x00000000ed000000, 0x0000000100000000)
  eden space 16384K, 0% used [0x00000000eab00000,0x00000000eab00000,0x00000000ebb00000)
  from space 2560K, 99% used [0x00000000ebb00000,0x00000000ebd7b2a8,0x00000000ebd80000)
  to   space 2560K, 0% used [0x00000000ecd80000,0x00000000ecd80000,0x00000000ed000000)
 ParOldGen       total 44032K, used 1052K [0x00000000c0000000, 0x00000000c2b00000, 0x00000000eab00000)
  object space 44032K, 2% used [0x00000000c0000000,0x00000000c01071d8,0x00000000c2b00000)
 Metaspace       used 5624K, capacity 6516K, committed 6784K, reserved 1056768K
  class space    used 597K, capacity 620K, committed 640K, reserved 1048576K
}
Event: 2.838 GC heap before
{Heap before GC invocations=2 (full 0):
 PSYoungGen      total 18944K, used 18924K [0x00000000eab00000, 0x00000000ed000000, 0x0000000100000000)
  eden space 16384K, 100% used [0x00000000eab00000,0x00000000ebb00000,0x00000000ebb00000)
  from space 2560K, 99% used [0x00000000ebb00000,0x00000000ebd7b2a8,0x00000000ebd80000)
  to   space 2560K, 0% used [0x00000000ecd80000,0x00000000ecd80000,0x00000000ed000000)
 ParOldGen       total 44032K, used 1052K [0x00000000c0000000, 0x00000000c2b00000, 0x00000000eab00000)
  object space 44032K, 2% used [0x00000000c0000000,0x00000000c01071d8,0x00000000c2b00000)
 Metaspace       used 6022K, capacity 6904K, committed 7040K, reserved 1056768K
  class space    used 602K, capacity 624K, committed 640K, reserved 1048576K
Event: 3.307 GC heap after
Heap after GC invocations=2 (full 0):
 PSYoungGen      total 35328K, used 2552K [0x00000000eab00000, 0x00000000ed000000, 0x0000000100000000)
  eden space 32768K, 0% used [0x00000000eab00000,0x00000000eab00000,0x00000000ecb00000)
  from space 2560K, 99% used [0x00000000ecd80000,0x00000000ecffe038,0x00000000ed000000)
  to   space 2560K, 0% used [0x00000000ecb00000,0x00000000ecb00000,0x00000000ecd80000)
 ParOldGen       total 44032K, used 3362K [0x00000000c0000000, 0x00000000c2b00000, 0x00000000eab00000)
  object space 44032K, 7% used [0x00000000c0000000,0x00000000c0348b48,0x00000000c2b00000)
 Metaspace       used 6022K, capacity 6904K, committed 7040K, reserved 1056768K
  class space    used 602K, capacity 624K, committed 640K, reserved 1048576K
}
Event: 5.153 GC heap before
{Heap before GC invocations=3 (full 0):
 PSYoungGen      total 35328K, used 35320K [0x00000000eab00000, 0x00000000ed000000, 0x0000000100000000)
  eden space 32768K, 100% used [0x00000000eab00000,0x00000000ecb00000,0x00000000ecb00000)
  from space 2560K, 99% used [0x00000000ecd80000,0x00000000ecffe038,0x00000000ed000000)
  to   space 2560K, 0% used [0x00000000ecb00000,0x00000000ecb00000,0x00000000ecd80000)
 ParOldGen       total 44032K, used 3362K [0x00000000c0000000, 0x00000000c2b00000, 0x00000000eab00000)
  object space 44032K, 7% used [0x00000000c0000000,0x00000000c0348b48,0x00000000c2b00000)
 Metaspace       used 6300K, capacity 7096K, committed 7296K, reserved 1056768K
  class space    used 608K, capacity 624K, committed 640K, reserved 1048576K
Event: 5.618 GC heap after
Heap after GC invocations=3 (full 0):
 PSYoungGen      total 35328K, used 2552K [0x00000000eab00000, 0x00000000ed000000, 0x0000000100000000)
  eden space 32768K, 0% used [0x00000000eab00000,0x00000000eab00000,0x00000000ecb00000)
  from space 2560K, 99% used [0x00000000ecb00000,0x00000000ecd7e028,0x00000000ecd80000)
  to   space 2560K, 0% used [0x00000000ecd80000,0x00000000ecd80000,0x00000000ed000000)
 ParOldGen       total 44032K, used 8157K [0x00000000c0000000, 0x00000000c2b00000, 0x00000000eab00000)
  object space 44032K, 18% used [0x00000000c0000000,0x00000000c07f7528,0x00000000c2b00000)
 Metaspace       used 6300K, capacity 7096K, committed 7296K, reserved 1056768K
  class space    used 608K, capacity 624K, committed 640K, reserved 1048576K
}

Deoptimization events (10 events):
Event: 2.358 Thread 0x0000000016607800 Uncommon trap: reason=unstable_if action=reinterpret pc=0x0000000002bf25dc method=com.android.dx.rop.cst.Constant.compareTo(Lcom/android/dx/rop/cst/Constant;)I @ 12
Event: 2.445 Thread 0x000000001660c800 Uncommon trap: reason=null_check action=make_not_entrant pc=0x0000000002c020a8 method=com.android.dx.rop.type.Type.equals(Ljava/lang/Object;)Z @ 8
Event: 4.370 Thread 0x000000000234e800 Uncommon trap: reason=unstable_if action=reinterpret pc=0x0000000002df09e0 method=com.android.dx.ssa.SCCP.simulateStmt(Lcom/android/dx/ssa/SsaInsn;)V @ 53
Event: 4.381 Thread 0x000000000234e800 Uncommon trap: reason=class_check action=maybe_recompile pc=0x0000000002de08c8 method=com.android.dx.cf.code.BytecodeArray.parseInstruction(ILcom/android/dx/cf/code/BytecodeArray$Visitor;)I @ 1035
Event: 4.382 Thread 0x000000000234e800 Uncommon trap: reason=class_check action=maybe_recompile pc=0x0000000002de08c8 method=com.android.dx.cf.code.BytecodeArray.parseInstruction(ILcom/android/dx/cf/code/BytecodeArray$Visitor;)I @ 1035
Event: 5.723 Thread 0x0000000016607800 Uncommon trap: reason=bimorphic action=maybe_recompile pc=0x0000000002de0944 method=com.android.dx.cf.code.BytecodeArray.parseInstruction(ILcom/android/dx/cf/code/BytecodeArray$Visitor;)I @ 1051
Event: 5.723 Thread 0x0000000016607800 Uncommon trap: reason=class_check action=maybe_recompile pc=0x0000000002de08c8 method=com.android.dx.cf.code.BytecodeArray.parseInstruction(ILcom/android/dx/cf/code/BytecodeArray$Visitor;)I @ 1035
Event: 5.723 Thread 0x0000000016607800 Uncommon trap: reason=class_check action=maybe_recompile pc=0x0000000002de08c8 method=com.android.dx.cf.code.BytecodeArray.parseInstruction(ILcom/android/dx/cf/code/BytecodeArray$Visitor;)I @ 1035
Event: 5.724 Thread 0x0000000016607800 Uncommon trap: reason=bimorphic action=maybe_recompile pc=0x0000000002f1bd14 method=com.android.dx.ssa.SCCP.simulatePhi(Lcom/android/dx/ssa/PhiInsn;)V @ 124
Event: 5.825 Thread 0x000000001660c800 Uncommon trap: reason=unstable_if action=reinterpret pc=0x0000000002c913a0 method=com.android.dx.rop.code.RegisterSpecSet.<init>(I)V @ 2

Internal exceptions (3 events):
Event: 0.080 Thread 0x000000000234e800 Exception <a 'java/lang/NoSuchMethodError': Method sun.misc.Unsafe.defineClass(Ljava/lang/String;[BII)Ljava/lang/Class; name or signature does not match> (0x00000000eab07cc0) thrown at [C:\re\workspace\8-2-build-windows-amd64-cygwin\jdk8u91\6644\hotspot\srê3£¾!z´?
Event: 0.080 Thread 0x000000000234e800 Exception <a 'java/lang/NoSuchMethodError': Method sun.misc.Unsafe.prefetchRead(Ljava/lang/Object;J)V name or signature does not match> (0x00000000eab07fa8) thrown at [C:\re\workspace\8-2-build-windows-amd64-cygwin\jdk8u91\6644\hotspot\src\share\vm\prims\j3SzÈŽ@
Event: 2.445 Thread 0x000000001660c800 Implicit null exception at 0x0000000002c01fa2 to 0x0000000002c0209a

Events (10 events):
Event: 5.723 Thread 0x0000000016607800 DEOPT UNPACKING pc=0x000000000292582a sp=0x0000000016f6e7c0 mode 2
Event: 5.723 Thread 0x0000000016607800 Uncommon trap: trap_request=0xffffffde fr.pc=0x0000000002de08c8
Event: 5.723 Thread 0x0000000016607800 DEOPT PACKING pc=0x0000000002de08c8 sp=0x0000000016f6e610
Event: 5.723 Thread 0x0000000016607800 DEOPT UNPACKING pc=0x000000000292582a sp=0x0000000016f6e580 mode 2
Event: 5.724 Thread 0x0000000016607800 Uncommon trap: trap_request=0xffffffc6 fr.pc=0x0000000002f1bd14
Event: 5.724 Thread 0x0000000016607800 DEOPT PACKING pc=0x0000000002f1bd14 sp=0x0000000016f6e770
Event: 5.724 Thread 0x0000000016607800 DEOPT UNPACKING pc=0x000000000292582a sp=0x0000000016f6e708 mode 2
Event: 5.825 Thread 0x000000001660c800 Uncommon trap: trap_request=0xffffff65 fr.pc=0x0000000002c913a0
Event: 5.825 Thread 0x000000001660c800 DEOPT PACKING pc=0x0000000002c913a0 sp=0x000000001736eb20
Event: 5.825 Thread 0x000000001660c800 DEOPT UNPACKING pc=0x000000000292582a sp=0x000000001736ea50 mode 2


Dynamic libraries:
0x00007ff77cca0000 - 0x00007ff77ccd7000 	C:\Program Files\Java\jdk1.8.0_91\bin\java.exe
0x00007ffdb40f0000 - 0x00007ffdb42c1000 	C:\WINDOWS\SYSTEM32\ntdll.dll
0x00007ffdb1ee0000 - 0x00007ffdb1f8b000 	C:\WINDOWS\System32\KERNEL32.DLL
0x00007ffdb0390000 - 0x00007ffdb05ad000 	C:\WINDOWS\System32\KERNELBASE.dll
0x00007ffdb19f0000 - 0x00007ffdb1a92000 	C:\WINDOWS\System32\ADVAPI32.dll
0x00007ffdb2670000 - 0x00007ffdb270e000 	C:\WINDOWS\System32\msvcrt.dll
0x00007ffdb4070000 - 0x00007ffdb40c9000 	C:\WINDOWS\System32\sechost.dll
0x00007ffdb2540000 - 0x00007ffdb2661000 	C:\WINDOWS\System32\RPCRT4.dll
0x00007ffdb2260000 - 0x00007ffdb23c5000 	C:\WINDOWS\System32\USER32.dll
0x00007ffdb05b0000 - 0x00007ffdb05ce000 	C:\WINDOWS\System32\win32u.dll
0x00007ffdb1aa0000 - 0x00007ffdb1ad4000 	C:\WINDOWS\System32\GDI32.dll
0x00007ffdb0db0000 - 0x00007ffdb0f32000 	C:\WINDOWS\System32\gdi32full.dll
0x00007ffda82f0000 - 0x00007ffda8569000 	C:\WINDOWS\WinSxS\amd64_microsoft.windows.common-controls_6595b64144ccf1df_6.0.14393.0_none_2d0f50fcbdb171b8\COMCTL32.dll
0x00007ffdb1f90000 - 0x00007ffdb2257000 	C:\WINDOWS\System32\combase.dll
0x00007ffdb1270000 - 0x00007ffdb1365000 	C:\WINDOWS\System32\ucrtbase.dll
0x00007ffdb1450000 - 0x00007ffdb14ba000 	C:\WINDOWS\System32\bcryptPrimitives.dll
0x00007ffdb4040000 - 0x00007ffdb406e000 	C:\WINDOWS\System32\IMM32.DLL
0x00000000673c0000 - 0x0000000067492000 	C:\Program Files\Java\jdk1.8.0_91\jre\bin\msvcr100.dll
0x0000000066b20000 - 0x00000000673b3000 	C:\Program Files\Java\jdk1.8.0_91\jre\bin\server\jvm.dll
0x00007ffdb13c0000 - 0x00007ffdb13e3000 	C:\WINDOWS\System32\WINMM.dll
0x00007ffdb0360000 - 0x00007ffdb038b000 	C:\WINDOWS\System32\WINMMBASE.dll
0x00007ffdb05d0000 - 0x00007ffdb0612000 	C:\WINDOWS\System32\cfgmgr32.dll
0x00007ffdb3e40000 - 0x00007ffdb3e48000 	C:\WINDOWS\System32\PSAPI.DLL
0x00007ffd9daa0000 - 0x00007ffd9daa9000 	C:\WINDOWS\SYSTEM32\WSOCK32.dll
0x00007ffdb3f20000 - 0x00007ffdb3f8a000 	C:\WINDOWS\System32\WS2_32.dll
0x00007ffdaccd0000 - 0x00007ffdaccda000 	C:\WINDOWS\SYSTEM32\VERSION.dll
0x0000000066b10000 - 0x0000000066b1f000 	C:\Program Files\Java\jdk1.8.0_91\jre\bin\verify.dll
0x0000000066ae0000 - 0x0000000066b09000 	C:\Program Files\Java\jdk1.8.0_91\jre\bin\java.dll
0x0000000066ac0000 - 0x0000000066ad6000 	C:\Program Files\Java\jdk1.8.0_91\jre\bin\zip.dll
0x00007ffdb2710000 - 0x00007ffdb3c18000 	C:\WINDOWS\System32\SHELL32.dll
0x00007ffdb06d0000 - 0x00007ffdb0daa000 	C:\WINDOWS\System32\windows.storage.dll
0x00007ffdb1370000 - 0x00007ffdb13bc000 	C:\WINDOWS\System32\powrprof.dll
0x00007ffdb3ec0000 - 0x00007ffdb3f12000 	C:\WINDOWS\System32\shlwapi.dll
0x00007ffdb0340000 - 0x00007ffdb034f000 	C:\WINDOWS\System32\kernel.appcore.dll
0x00007ffdb1110000 - 0x00007ffdb11b9000 	C:\WINDOWS\System32\shcore.dll
0x00007ffdb0320000 - 0x00007ffdb0334000 	C:\WINDOWS\System32\profapi.dll

VM Arguments:
jvm_args: -Djava.awt.headless=true -Xmx1024M -Dfile.encoding=GBK -Duser.country=CN -Duser.language=zh -Duser.variant 
java_command: com.android.dx.command.Main --dex --force-jumbo --num-threads=4 --output D:\andriod_projects\smartHome\app\build\intermediates\pre-dexed\debug\internal_impl-23.3.0_628a58c2397ca56ccbeb6593915d2c9ba0d98f36.jar D:\andriod_projects\smartHome\app\build\intermediates\exploded-aar\com.android.support\support-v4\23.3.0\jars\libs\internal_impl-23.3.0.jar
java_class_path (initial): D:\android\android_SDK\build-tools\23.0.3\lib\dx.jar
Launcher Type: SUN_STANDARD

Environment Variables:
JAVA_HOME=C:\Program Files (x86)\Java\jdk1.8.0_31
CLASSPATH=C:\Program Files (x86)\Java\jdk1.8.0_31\lib;C:\Program Files (x86)\Java\jdk1.8.0_31\lib\tools.jar;D:\andriod environment\adt-bundle-windows-x86-20131030\eclipse\plugins\org.apache.ant_1.8.3.v201301120609\lib;
PATH=C:\PROGRA~1\PTC\MKSTOO~1\bin64;C:\PROGRA~1\PTC\MKSTOO~1\bin;C:\PROGRA~1\PTC\MKSTOO~1\bin\X11;C:\PROGRA~1\PTC\MKSTOO~1\mksnt;C:\ProgramData\Oracle\Java\javapath;C:\Program Files (x86)\Intel\iCLS Client\;C:\Program Files\Intel\iCLS Client\;C:\Program Files (x86)\NVIDIA Corporation\PhysX\Common;C:\WINDOWS\system32;C:\WINDOWS;C:\WINDOWS\System32\Wbem;C:\WINDOWS\System32\WindowsPowerShell\v1.0\;C:\Program Files\Intel\Intel(R) Management Engine Components\DAL;C:\Program Files\Intel\Intel(R) Management Engine Components\IPT;C:\Program Files (x86)\Intel\Intel(R) Management Engine Components\DAL;C:\Program Files (x86)\Intel\Intel(R) Management Engine Components\IPT;C:\Program Files (x86)\Java\jdk1.8.0_31\bin;C:\Program Files (x86)\Java\jdk1.8.0_31\jre\bin;D:\andriod environment\adt-bundle-windows-x86-20131030\sdk\tools;D:\andriod environment\adt-bundle-windows-x86-20131030\sdk\platform-tools;D:\andriod environment\adt-bundle-windows-x86-20131030\eclipse\plugins\org.apache.ant_1.8.3.v201301120609\bin;C:\Program Files\nodejs\;D:\Git\cmd;D:\HMA! Pro VPN\bin;C:\Users\zhiwu_000\AppData\Local\Microsoft\WindowsApps;
USERNAME=freedom
DISPLAY=:0.0
OS=Windows_NT
PROCESSOR_IDENTIFIER=Intel64 Family 6 Model 60 Stepping 3, GenuineIntel



---------------  S Y S T E M  ---------------

OS: Windows 10.0 , 64 bit Build 14393 (10.0.14393.0)

CPU:total 4 (2 cores per cpu, 2 threads per core) family 6 model 60 stepping 3, cmov, cx8, fxsr, mmx, sse, sse2, sse3, ssse3, sse4.1, sse4.2, popcnt, avx, avx2, aes, clmul, erms, lzcnt, ht, tsc, tscinvbit, bmi1, bmi2

Memory: 4k page, physical 4112564k(231764k free), swap 5685428k(3536k free)

vm_info: Java HotSpot(TM) 64-Bit Server VM (25.91-b14) for windows-amd64 JRE (1.8.0_91-b14), built on Apr  1 2016 00:58:32 by "java_re" with MS VC++ 10.0 (VS2010)

time: Tue Oct 04 21:20:54 2016
elapsed time: 6 seconds (0d 0h 0m 6s)

