#
# There is insufficient memory for the Java Runtime Environment to continue.
# Native memory allocation (malloc) failed to allocate 995136 bytes for Chunk::new
# Possible reasons:
#   The system is out of physical RAM or swap space
#   In 32 bit mode, the process size limit was hit
# Possible solutions:
#   Reduce memory load on the system
#   Increase physical memory or swap space
#   Check if swap backing store is full
#   Use 64 bit Java on a 64 bit OS
#   Decrease Java heap size (-Xmx/-Xms)
#   Decrease number of Java threads
#   Decrease Java thread stack sizes (-Xss)
#   Set larger code cache with -XX:ReservedCodeCacheSize=
# This output file may be truncated or incomplete.
#
#  Out of Memory Error (allocation.cpp:390), pid=10160, tid=5536
#
# JRE version: Java(TM) SE Runtime Environment (8.0_91-b14) (build 1.8.0_91-b14)
# Java VM: Java HotSpot(TM) 64-Bit Server VM (25.91-b14 mixed mode windows-amd64 compressed oops)
# Failed to write core dump. Minidumps are not enabled by default on client versions of Windows
#

---------------  T H R E A D  ---------------

Current thread (0x0000000014fad800):  JavaThread "C2 CompilerThread0" daemon [_thread_in_native, id=5536, stack(0x0000000016910000,0x0000000016a10000)]

Stack: [0x0000000016910000,0x0000000016a10000]
[error occurred during error reporting (printing stack bounds), id 0xc0000005]

Native frames: (J=compiled Java code, j=interpreted, Vv=VM code, C=native code)


Current CompileTask:
C2:   4018 1230       4       com.android.dx.ssa.SCCP::simulateStmt (481 bytes)


---------------  P R O C E S S  ---------------

Java Threads: ( => current thread )
  0x0000000016588000 JavaThread "pool-2-thread-4" [_thread_in_Java, id=12532, stack(0x0000000017210000,0x0000000017310000)]
  0x0000000016587000 JavaThread "pool-2-thread-3" [_thread_blocked, id=14420, stack(0x0000000017110000,0x0000000017210000)]
  0x0000000016586000 JavaThread "pool-2-thread-2" [_thread_in_Java, id=7528, stack(0x0000000017010000,0x0000000017110000)]
  0x0000000016500000 JavaThread "pool-3-thread-1" [_thread_blocked, id=7256, stack(0x0000000016f10000,0x0000000017010000)]
  0x00000000164fd800 JavaThread "pool-2-thread-1" [_thread_in_vm, id=11336, stack(0x0000000016e10000,0x0000000016f10000)]
  0x0000000016388000 JavaThread "Service Thread" daemon [_thread_blocked, id=12632, stack(0x0000000016c10000,0x0000000016d10000)]
  0x0000000016362800 JavaThread "C1 CompilerThread2" daemon [_thread_in_native, id=12876, stack(0x0000000016b10000,0x0000000016c10000)]
  0x000000001631a000 JavaThread "C2 CompilerThread1" daemon [_thread_in_native, id=9876, stack(0x0000000016a10000,0x0000000016b10000)]
=>0x0000000014fad800 JavaThread "C2 CompilerThread0" daemon [_thread_in_native, id=5536, stack(0x0000000016910000,0x0000000016a10000)]
  0x0000000014faa800 JavaThread "Attach Listener" daemon [_thread_blocked, id=15080, stack(0x0000000016810000,0x0000000016910000)]
  0x0000000016318800 JavaThread "Signal Dispatcher" daemon [_thread_blocked, id=4980, stack(0x0000000016710000,0x0000000016810000)]
  0x0000000014f3a800 JavaThread "Finalizer" daemon [_thread_blocked, id=10140, stack(0x00000000161b0000,0x00000000162b0000)]
  0x0000000002850000 JavaThread "Reference Handler" daemon [_thread_blocked, id=9020, stack(0x00000000160b0000,0x00000000161b0000)]
  0x0000000000bae000 JavaThread "main" [_thread_blocked, id=14508, stack(0x0000000002300000,0x0000000002400000)]

Other Threads:
  0x0000000014f17800 VMThread [stack: 0x0000000015fb0000,0x00000000160b0000] [id=14032]
  0x00000000163df800 WatcherThread [stack: 0x0000000016d10000,0x0000000016e10000] [id=13556]

VM state:not at safepoint (normal execution)

VM Mutex/Monitor currently owned by a thread: None

Heap:
 PSYoungGen      total 18944K, used 10530K [0x00000000eab00000, 0x00000000ec000000, 0x0000000100000000)
  eden space 16384K, 48% used [0x00000000eab00000,0x00000000eb2c9570,0x00000000ebb00000)
  from space 2560K, 99% used [0x00000000ebd80000,0x00000000ebfff498,0x00000000ec000000)
  to   space 2560K, 0% used [0x00000000ebb00000,0x00000000ebb00000,0x00000000ebd80000)
 ParOldGen       total 44032K, used 4290K [0x00000000c0000000, 0x00000000c2b00000, 0x00000000eab00000)
  object space 44032K, 9% used [0x00000000c0000000,0x00000000c0430bb8,0x00000000c2b00000)
 Metaspace       used 6103K, capacity 6964K, committed 7040K, reserved 1056768K
  class space    used 602K, capacity 620K, committed 640K, reserved 1048576K

Card table byte_map: [0x0000000011c20000,0x0000000011e30000] byte_map_base: 0x0000000011620000

Marking Bits: (ParMarkBitMap*) 0x000000005aef2f70
 Begin Bits: [0x0000000012390000, 0x0000000013390000)
 End Bits:   [0x0000000013390000, 0x0000000014390000)

Polling page: 0x0000000000b80000

CodeCache: size=245760Kb used=5366Kb max_used=5366Kb free=240393Kb
 bounds [0x0000000002860000, 0x0000000002db0000, 0x0000000011860000]
 total_blobs=1588 nmethods=1317 adapters=184
 compilation: enabled

Compilation events (10 events):
Event: 4.010 Thread 0x0000000016362800 nmethod 1324 0x0000000002d99a50 code [0x0000000002d99ce0, 0x0000000002d9aec8]
Event: 4.011 Thread 0x0000000016362800 1325       3       com.android.dx.rop.code.LocalVariableExtractor::doit (49 bytes)
Event: 4.012 Thread 0x0000000016362800 nmethod 1325 0x0000000002d9b6d0 code [0x0000000002d9b860, 0x0000000002d9bd18]
Event: 4.013 Thread 0x0000000016362800 1326       3       java.util.concurrent.locks.AbstractOwnableSynchronizer::setExclusiveOwnerThread (6 bytes)
Event: 4.013 Thread 0x0000000016362800 nmethod 1326 0x0000000002d9bf50 code [0x0000000002d9c0a0, 0x0000000002d9c210]
Event: 4.014 Thread 0x0000000016362800 1327       3       com.android.dx.cf.code.LocalVariableList::<init> (6 bytes)
Event: 4.014 Thread 0x0000000016362800 nmethod 1327 0x0000000002d9c290 code [0x0000000002d9c400, 0x0000000002d9c588]
Event: 4.014 Thread 0x0000000016362800 1328       3       com.android.dx.ssa.BasicRegisterMapper::<init> (17 bytes)
Event: 4.015 Thread 0x0000000016362800 nmethod 1328 0x0000000002d9c610 code [0x0000000002d9c780, 0x0000000002d9ca48]
Event: 4.015 Thread 0x0000000016362800 1329       3       com.android.dx.dex.code.BlockAddresses::setupArrays (113 bytes)

GC Heap History (4 events):
Event: 2.534 GC heap before
{Heap before GC invocations=1 (full 0):
 PSYoungGen      total 18944K, used 16384K [0x00000000eab00000, 0x00000000ec000000, 0x0000000100000000)
  eden space 16384K, 100% used [0x00000000eab00000,0x00000000ebb00000,0x00000000ebb00000)
  from space 2560K, 0% used [0x00000000ebd80000,0x00000000ebd80000,0x00000000ec000000)
  to   space 2560K, 0% used [0x00000000ebb00000,0x00000000ebb00000,0x00000000ebd80000)
 ParOldGen       total 44032K, used 0K [0x00000000c0000000, 0x00000000c2b00000, 0x00000000eab00000)
  object space 44032K, 0% used [0x00000000c0000000,0x00000000c0000000,0x00000000c2b00000)
 Metaspace       used 5811K, capacity 6708K, committed 6784K, reserved 1056768K
  class space    used 601K, capacity 620K, committed 640K, reserved 1048576K
Event: 2.540 GC heap after
Heap after GC invocations=1 (full 0):
 PSYoungGen      total 18944K, used 2530K [0x00000000eab00000, 0x00000000ec000000, 0x0000000100000000)
  eden space 16384K, 0% used [0x00000000eab00000,0x00000000eab00000,0x00000000ebb00000)
  from space 2560K, 98% used [0x00000000ebb00000,0x00000000ebd78aa0,0x00000000ebd80000)
  to   space 2560K, 0% used [0x00000000ebd80000,0x00000000ebd80000,0x00000000ec000000)
 ParOldGen       total 44032K, used 2131K [0x00000000c0000000, 0x00000000c2b00000, 0x00000000eab00000)
  object space 44032K, 4% used [0x00000000c0000000,0x00000000c0214fa8,0x00000000c2b00000)
 Metaspace       used 5811K, capacity 6708K, committed 6784K, reserved 1056768K
  class space    used 601K, capacity 620K, committed 640K, reserved 1048576K
}
Event: 3.628 GC heap before
{Heap before GC invocations=2 (full 0):
 PSYoungGen      total 18944K, used 18914K [0x00000000eab00000, 0x00000000ec000000, 0x0000000100000000)
  eden space 16384K, 100% used [0x00000000eab00000,0x00000000ebb00000,0x00000000ebb00000)
  from space 2560K, 98% used [0x00000000ebb00000,0x00000000ebd78aa0,0x00000000ebd80000)
  to   space 2560K, 0% used [0x00000000ebd80000,0x00000000ebd80000,0x00000000ec000000)
 ParOldGen       total 44032K, used 2131K [0x00000000c0000000, 0x00000000c2b00000, 0x00000000eab00000)
  object space 44032K, 4% used [0x00000000c0000000,0x00000000c0214fa8,0x00000000c2b00000)
 Metaspace       used 6026K, capacity 6900K, committed 7040K, reserved 1056768K
  class space    used 602K, capacity 620K, committed 640K, reserved 1048576K
Event: 3.826 GC heap after
Heap after GC invocations=2 (full 0):
 PSYoungGen      total 18944K, used 2557K [0x00000000eab00000, 0x00000000ec000000, 0x0000000100000000)
  eden space 16384K, 0% used [0x00000000eab00000,0x00000000eab00000,0x00000000ebb00000)
  from space 2560K, 99% used [0x00000000ebd80000,0x00000000ebfff498,0x00000000ec000000)
  to   space 2560K, 0% used [0x00000000ebb00000,0x00000000ebb00000,0x00000000ebd80000)
 ParOldGen       total 44032K, used 4290K [0x00000000c0000000, 0x00000000c2b00000, 0x00000000eab00000)
  object space 44032K, 9% used [0x00000000c0000000,0x00000000c0430bb8,0x00000000c2b00000)
 Metaspace       used 6026K, capacity 6900K, committed 7040K, reserved 1056768K
  class space    used 602K, capacity 620K, committed 640K, reserved 1048576K
}

Deoptimization events (7 events):
Event: 2.315 Thread 0x0000000016588000 Uncommon trap: reason=unstable_if action=reinterpret pc=0x0000000002a9a6dc method=java.util.HashMap.getNode(ILjava/lang/Object;)Ljava/util/HashMap$Node; @ 129
Event: 2.336 Thread 0x0000000016587000 Uncommon trap: reason=class_check action=maybe_recompile pc=0x0000000002aa6570 method=com.android.dx.ssa.NormalSsaInsn.accept(Lcom/android/dx/ssa/SsaInsn$Visitor;)V @ 9
Event: 2.345 Thread 0x0000000016587000 Uncommon trap: reason=class_check action=maybe_recompile pc=0x0000000002aa6570 method=com.android.dx.ssa.NormalSsaInsn.accept(Lcom/android/dx/ssa/SsaInsn$Visitor;)V @ 9
Event: 2.345 Thread 0x0000000016587000 Uncommon trap: reason=class_check action=maybe_recompile pc=0x0000000002aa6570 method=com.android.dx.ssa.NormalSsaInsn.accept(Lcom/android/dx/ssa/SsaInsn$Visitor;)V @ 9
Event: 2.573 Thread 0x0000000016586000 Uncommon trap: reason=unstable_if action=reinterpret pc=0x0000000002b62a94 method=com.android.dx.rop.code.RegisterSpec.equals(ILcom/android/dx/rop/type/TypeBearer;Lcom/android/dx/rop/code/LocalItem;)Z @ 31
Event: 2.949 Thread 0x0000000000bae000 Uncommon trap: reason=unstable_if action=reinterpret pc=0x0000000002b6656c method=com.android.dx.rop.code.RegisterSpecSet.put(Lcom/android/dx/rop/code/RegisterSpec;)V @ 77
Event: 2.949 Thread 0x0000000000bae000 Uncommon trap: reason=unstable_if action=reinterpret pc=0x0000000002be8d20 method=com.android.dx.rop.code.RegisterSpecSet.put(Lcom/android/dx/rop/code/RegisterSpec;)V @ 77

Internal exceptions (3 events):
Event: 0.047 Thread 0x0000000000bae000 Exception <a 'java/lang/NoSuchMethodError': Method sun.misc.Unsafe.defineClass(Ljava/lang/String;[BII)Ljava/lang/Class; name or signature does not match> (0x00000000eab07cc0) thrown at [C:\re\workspace\8-2-build-windows-amd64-cygwin\jdk8u91\6644\hotspot\sr§ÿ½F•¨?
Event: 0.047 Thread 0x0000000000bae000 Exception <a 'java/lang/NoSuchMethodError': Method sun.misc.Unsafe.prefetchRead(Ljava/lang/Object;J)V name or signature does not match> (0x00000000eab07fa8) thrown at [C:\re\workspace\8-2-build-windows-amd64-cygwin\jdk8u91\6644\hotspot\src\share\vm\prims\jÕïòry•@
Event: 2.573 Thread 0x0000000016586000 Implicit null exception at 0x0000000002b6275c to 0x0000000002b62a81

Events (10 events):
Event: 2.949 Thread 0x0000000000bae000 DEOPT PACKING pc=0x0000000002be8d20 sp=0x00000000023fe5b0
Event: 2.949 Thread 0x0000000000bae000 DEOPT UNPACKING pc=0x00000000028a582a sp=0x00000000023fe4d0 mode 2
Event: 2.951 loading class com/android/dx/cf/code/SwitchList
Event: 2.951 loading class com/android/dx/cf/code/SwitchList done
Event: 2.999 Executing VM operation: ForceSafepoint
Event: 3.447 Executing VM operation: ForceSafepoint done
Event: 3.628 Executing VM operation: ParallelGCFailedAllocation
Event: 3.826 Executing VM operation: ParallelGCFailedAllocation done
Event: 3.920 Thread 0x0000000016588000 DEOPT PACKING pc=0x0000000002bb214d sp=0x000000001730eab0
Event: 3.920 Thread 0x0000000016588000 DEOPT UNPACKING pc=0x00000000028a787f sp=0x000000001730e820 mode 0


Dynamic libraries:
0x00007ff628660000 - 0x00007ff628697000 	C:\Program Files\Java\jdk1.8.0_91\bin\java.exe
0x00007ff81f620000 - 0x00007ff81f7e1000 	C:\WINDOWS\SYSTEM32\ntdll.dll
0x00007ff81f4a0000 - 0x00007ff81f54d000 	C:\WINDOWS\system32\KERNEL32.DLL
0x00007ff81c550000 - 0x00007ff81c738000 	C:\WINDOWS\system32\KERNELBASE.dll
0x00007ff81f550000 - 0x00007ff81f5f7000 	C:\WINDOWS\system32\ADVAPI32.dll
0x00007ff81eb80000 - 0x00007ff81ec1d000 	C:\WINDOWS\system32\msvcrt.dll
0x00007ff81cae0000 - 0x00007ff81cb3b000 	C:\WINDOWS\system32\sechost.dll
0x00007ff81cec0000 - 0x00007ff81cfdc000 	C:\WINDOWS\system32\RPCRT4.dll
0x00007ff81cfe0000 - 0x00007ff81d136000 	C:\WINDOWS\system32\USER32.dll
0x00007ff81e920000 - 0x00007ff81eaa6000 	C:\WINDOWS\system32\GDI32.dll
0x00007ff818900000 - 0x00007ff818b74000 	C:\WINDOWS\WinSxS\amd64_microsoft.windows.common-controls_6595b64144ccf1df_6.0.10586.494_none_a2d8b04ea53e3145\COMCTL32.dll
0x00007ff81c860000 - 0x00007ff81cadd000 	C:\WINDOWS\system32\combase.dll
0x00007ff81c7c0000 - 0x00007ff81c82a000 	C:\WINDOWS\system32\bcryptPrimitives.dll
0x00007ff81e8e0000 - 0x00007ff81e91b000 	C:\WINDOWS\system32\IMM32.DLL
0x00007ff81b900000 - 0x00007ff81b931000 	C:\Windows\system32\nvinitx.dll
0x00007ff81b8f0000 - 0x00007ff81b8fa000 	C:\WINDOWS\SYSTEM32\VERSION.dll
0x000000005b100000 - 0x000000005b1d2000 	C:\Program Files\Java\jdk1.8.0_91\jre\bin\msvcr100.dll
0x000000005a6e0000 - 0x000000005af73000 	C:\Program Files\Java\jdk1.8.0_91\jre\bin\server\jvm.dll
0x00007ff81c830000 - 0x00007ff81c853000 	C:\WINDOWS\system32\WINMM.dll
0x00007ff81ba50000 - 0x00007ff81ba7c000 	C:\WINDOWS\system32\WINMMBASE.dll
0x00007ff81be20000 - 0x00007ff81be63000 	C:\WINDOWS\system32\cfgmgr32.dll
0x00007ff81ec20000 - 0x00007ff81ec28000 	C:\WINDOWS\system32\PSAPI.DLL
0x00007ff80d950000 - 0x00007ff80d959000 	C:\WINDOWS\SYSTEM32\WSOCK32.dll
0x00007ff81cb40000 - 0x00007ff81cbab000 	C:\WINDOWS\system32\WS2_32.dll
0x000000005b570000 - 0x000000005b57f000 	C:\Program Files\Java\jdk1.8.0_91\jre\bin\verify.dll
0x000000005b540000 - 0x000000005b569000 	C:\Program Files\Java\jdk1.8.0_91\jre\bin\java.dll
0x000000005b520000 - 0x000000005b536000 	C:\Program Files\Java\jdk1.8.0_91\jre\bin\zip.dll
0x00007ff81d1a0000 - 0x00007ff81e6fc000 	C:\WINDOWS\system32\SHELL32.dll
0x00007ff81be70000 - 0x00007ff81c4b5000 	C:\WINDOWS\system32\windows.storage.dll
0x00007ff81d140000 - 0x00007ff81d192000 	C:\WINDOWS\system32\shlwapi.dll
0x00007ff81ba40000 - 0x00007ff81ba4f000 	C:\WINDOWS\system32\kernel.appcore.dll
0x00007ff81ba80000 - 0x00007ff81bb35000 	C:\WINDOWS\system32\shcore.dll
0x00007ff81bdd0000 - 0x00007ff81be1b000 	C:\WINDOWS\system32\powrprof.dll
0x00007ff81ba10000 - 0x00007ff81ba24000 	C:\WINDOWS\system32\profapi.dll

VM Arguments:
jvm_args: -Djava.awt.headless=true -Xmx1024M -Dfile.encoding=GBK -Duser.country=CN -Duser.language=zh -Duser.variant 
java_command: com.android.dx.command.Main --dex --force-jumbo --num-threads=4 --multi-dex --output D:\andriod_projects\smartHome\app\build\intermediates\transforms\dex\debug\folders\1000\10\Java-WebSocket-1.3.0_3b7652afc2573475564f9d68811adcc17162eb55 C:\Users\zhiwu_000\.gradle\caches\modules-2\files-2.1\org.java-websocket\Java-WebSocket\1.3.0\db2658f013fb163de4a99274c2eb9e17efe535d2\Java-WebSocket-1.3.0.jar
java_class_path (initial): D:\android\android_SDK\build-tools\23.0.3\lib\dx.jar
Launcher Type: SUN_STANDARD

Environment Variables:
JAVA_HOME=C:\Program Files (x86)\Java\jdk1.8.0_31
CLASSPATH=C:\Program Files (x86)\Java\jdk1.8.0_31\lib;C:\Program Files (x86)\Java\jdk1.8.0_31\lib\tools.jar;D:\andriod environment\adt-bundle-windows-x86-20131030\eclipse\plugins\org.apache.ant_1.8.3.v201301120609\lib;
PATH=C:\PROGRA~1\PTC\MKSTOO~1\bin64;C:\PROGRA~1\PTC\MKSTOO~1\bin;C:\PROGRA~1\PTC\MKSTOO~1\bin\X11;C:\PROGRA~1\PTC\MKSTOO~1\mksnt;C:\ProgramData\Oracle\Java\javapath;C:\Program Files (x86)\Intel\iCLS Client\;C:\Program Files\Intel\iCLS Client\;C:\Program Files (x86)\NVIDIA Corporation\PhysX\Common;C:\WINDOWS\system32;C:\WINDOWS;C:\WINDOWS\System32\Wbem;C:\WINDOWS\System32\WindowsPowerShell\v1.0\;C:\Program Files\Intel\Intel(R) Management Engine Components\DAL;C:\Program Files\Intel\Intel(R) Management Engine Components\IPT;C:\Program Files (x86)\Intel\Intel(R) Management Engine Components\DAL;C:\Program Files (x86)\Intel\Intel(R) Management Engine Components\IPT;C:\Program Files (x86)\Java\jdk1.8.0_31\bin;C:\Program Files (x86)\Java\jdk1.8.0_31\jre\bin;D:\andriod environment\adt-bundle-windows-x86-20131030\sdk\tools;D:\andriod environment\adt-bundle-windows-x86-20131030\sdk\platform-tools;D:\andriod environment\adt-bundle-windows-x86-20131030\eclipse\plugins\org.apache.ant_1.8.3.v201301120609\bin;C:\Program Files\nodejs\;D:\Git\cmd;D:\HMA! Pro VPN\bin
USERNAME=freedom
DISPLAY=:0.0
OS=Windows_NT
PROCESSOR_IDENTIFIER=Intel64 Family 6 Model 60 Stepping 3, GenuineIntel



---------------  S Y S T E M  ---------------

OS: Windows 10.0 , 64 bit Build 10586 (10.0.10586.0)

CPU:total 4 (2 cores per cpu, 2 threads per core) family 6 model 60 stepping 3, cmov, cx8, fxsr, mmx, sse, sse2, sse3, ssse3, sse4.1, sse4.2, popcnt, avx, avx2, aes, clmul, erms, lzcnt, ht, tsc, tscinvbit, bmi1, bmi2

Memory: 4k page, physical 4112564k(486232k free), swap 5685428k(5276k free)

vm_info: Java HotSpot(TM) 64-Bit Server VM (25.91-b14) for windows-amd64 JRE (1.8.0_91-b14), built on Apr  1 2016 00:58:32 by "java_re" with MS VC++ 10.0 (VS2010)

time: Sun Aug 21 15:30:40 2016
elapsed time: 4 seconds (0d 0h 0m 4s)

