#
# There is insufficient memory for the Java Runtime Environment to continue.
# Native memory allocation (malloc) failed to allocate 1756496 bytes for Chunk::new
# Possible reasons:
#   The system is out of physical RAM or swap space
#   In 32 bit mode, the process size limit was hit
# Possible solutions:
#   Reduce memory load on the system
#   Increase physical memory or swap space
#   Check if swap backing store is full
#   Use 64 bit Java on a 64 bit OS
#   Decrease Java heap size (-Xmx/-Xms)
#   Decrease number of Java threads
#   Decrease Java thread stack sizes (-Xss)
#   Set larger code cache with -XX:ReservedCodeCacheSize=
# This output file may be truncated or incomplete.
#
#  Out of Memory Error (allocation.cpp:390), pid=9988, tid=14956
#
# JRE version: Java(TM) SE Runtime Environment (8.0_91-b14) (build 1.8.0_91-b14)
# Java VM: Java HotSpot(TM) 64-Bit Server VM (25.91-b14 mixed mode windows-amd64 compressed oops)
# Failed to write core dump. Minidumps are not enabled by default on client versions of Windows
#

---------------  T H R E A D  ---------------

Current thread (0x0000000016454800):  JavaThread "C2 CompilerThread1" daemon [_thread_in_native, id=14956, stack(0x0000000016b00000,0x0000000016c00000)]

Stack: [0x0000000016b00000,0x0000000016c00000]
[error occurred during error reporting (printing stack bounds), id 0xc0000005]

Native frames: (J=compiled Java code, j=interpreted, Vv=VM code, C=native code)


Current CompileTask:
C2:   4015 1253   !   4       com.android.dx.cf.code.BytecodeArray::parseInstruction (2764 bytes)


---------------  P R O C E S S  ---------------

Java Threads: ( => current thread )
  0x00000000166aa000 JavaThread "pool-2-thread-4" [_thread_in_Java, id=14264, stack(0x0000000017300000,0x0000000017400000)]
  0x00000000166a5000 JavaThread "pool-2-thread-3" [_thread_blocked, id=6956, stack(0x0000000017200000,0x0000000017300000)]
  0x00000000166a4800 JavaThread "pool-2-thread-2" [_thread_in_vm, id=5360, stack(0x0000000017100000,0x0000000017200000)]
  0x00000000166a3800 JavaThread "pool-3-thread-1" [_thread_blocked, id=3428, stack(0x0000000017000000,0x0000000017100000)]
  0x0000000016696000 JavaThread "pool-2-thread-1" [_thread_blocked, id=13928, stack(0x0000000016f00000,0x0000000017000000)]
  0x0000000016463000 JavaThread "Service Thread" daemon [_thread_blocked, id=7336, stack(0x0000000016d00000,0x0000000016e00000)]
  0x000000001645e800 JavaThread "C1 CompilerThread2" daemon [_thread_blocked, id=15088, stack(0x0000000016c00000,0x0000000016d00000)]
=>0x0000000016454800 JavaThread "C2 CompilerThread1" daemon [_thread_in_native, id=14956, stack(0x0000000016b00000,0x0000000016c00000)]
  0x00000000150fd000 JavaThread "C2 CompilerThread0" daemon [_thread_blocked, id=6668, stack(0x0000000016a00000,0x0000000016b00000)]
  0x00000000150fa800 JavaThread "Attach Listener" daemon [_thread_blocked, id=11440, stack(0x0000000016900000,0x0000000016a00000)]
  0x0000000016408800 JavaThread "Signal Dispatcher" daemon [_thread_blocked, id=13112, stack(0x0000000016800000,0x0000000016900000)]
  0x000000001508a800 JavaThread "Finalizer" daemon [_thread_blocked, id=13008, stack(0x00000000162f0000,0x00000000163f0000)]
  0x0000000015069000 JavaThread "Reference Handler" daemon [_thread_blocked, id=10292, stack(0x00000000161f0000,0x00000000162f0000)]
  0x00000000028ce000 JavaThread "main" [_thread_in_Java, id=13428, stack(0x0000000002710000,0x0000000002810000)]

Other Threads:
  0x0000000015067800 VMThread [stack: 0x00000000160f0000,0x00000000161f0000] [id=14596]
  0x0000000016475000 WatcherThread [stack: 0x0000000016e00000,0x0000000016f00000] [id=14728]

VM state:not at safepoint (normal execution)

VM Mutex/Monitor currently owned by a thread: None

Heap:
 PSYoungGen      total 35328K, used 17465K [0x00000000eab00000, 0x00000000ed000000, 0x0000000100000000)
  eden space 32768K, 45% used [0x00000000eab00000,0x00000000eb995ac0,0x00000000ecb00000)
  from space 2560K, 98% used [0x00000000ecd80000,0x00000000ecff8ad8,0x00000000ed000000)
  to   space 2560K, 0% used [0x00000000ecb00000,0x00000000ecb00000,0x00000000ecd80000)
 ParOldGen       total 44032K, used 2950K [0x00000000c0000000, 0x00000000c2b00000, 0x00000000eab00000)
  object space 44032K, 6% used [0x00000000c0000000,0x00000000c02e1848,0x00000000c2b00000)
 Metaspace       used 6098K, capacity 6966K, committed 7040K, reserved 1056768K
  class space    used 603K, capacity 622K, committed 640K, reserved 1048576K

Card table byte_map: [0x0000000011d90000,0x0000000011fa0000] byte_map_base: 0x0000000011790000

Marking Bits: (ParMarkBitMap*) 0x000000005aef2f70
 Begin Bits: [0x0000000012500000, 0x0000000013500000)
 End Bits:   [0x0000000013500000, 0x0000000014500000)

Polling page: 0x0000000002810000

CodeCache: size=245760Kb used=5172Kb max_used=5184Kb free=240587Kb
 bounds [0x00000000029d0000, 0x0000000002ef0000, 0x00000000119d0000]
 total_blobs=1572 nmethods=1301 adapters=184
 compilation: enabled

Compilation events (10 events):
Event: 3.835 Thread 0x00000000150fd000 1298       4       com.android.dx.ssa.SsaMethod$2::visitNonMoveInsn (6 bytes)
Event: 3.835 Thread 0x00000000150fd000 nmethod 1298 0x0000000002edbad0 code [0x0000000002edbc20, 0x0000000002edbca8]
Event: 3.835 Thread 0x00000000150fd000 1287       4       java.util.Collections$UnmodifiableCollection::iterator (9 bytes)
Event: 3.840 Thread 0x00000000150fd000 nmethod 1287 0x0000000002edd050 code [0x0000000002edd1c0, 0x0000000002edd478]
Event: 3.840 Thread 0x00000000150fd000 1258       4       com.android.dx.rop.type.Type::equals (31 bytes)
Event: 3.841 Thread 0x00000000150fd000 nmethod 1258 0x0000000002edcc90 code [0x0000000002edcde0, 0x0000000002edcf78]
Event: 3.841 Thread 0x00000000150fd000 1299       4       com.android.dx.util.FixedSizeList::hashCode (8 bytes)
Event: 3.845 Thread 0x00000000150fd000 nmethod 1299 0x0000000002edc690 code [0x0000000002edc7e0, 0x0000000002edca38]
Event: 3.845 Thread 0x00000000150fd000 1290       4       com.android.dx.rop.type.Type::isCategory2 (36 bytes)
Event: 3.845 Thread 0x00000000150fd000 nmethod 1290 0x0000000002e6d910 code [0x0000000002e6da40, 0x0000000002e6dab8]

GC Heap History (4 events):
Event: 2.540 GC heap before
{Heap before GC invocations=1 (full 0):
 PSYoungGen      total 18944K, used 16384K [0x00000000eab00000, 0x00000000ec000000, 0x0000000100000000)
  eden space 16384K, 100% used [0x00000000eab00000,0x00000000ebb00000,0x00000000ebb00000)
  from space 2560K, 0% used [0x00000000ebd80000,0x00000000ebd80000,0x00000000ec000000)
  to   space 2560K, 0% used [0x00000000ebb00000,0x00000000ebb00000,0x00000000ebd80000)
 ParOldGen       total 44032K, used 0K [0x00000000c0000000, 0x00000000c2b00000, 0x00000000eab00000)
  object space 44032K, 0% used [0x00000000c0000000,0x00000000c0000000,0x00000000c2b00000)
 Metaspace       used 5536K, capacity 6450K, committed 6528K, reserved 1056768K
  class space    used 595K, capacity 618K, committed 640K, reserved 1048576K
Event: 2.646 GC heap after
Heap after GC invocations=1 (full 0):
 PSYoungGen      total 18944K, used 2533K [0x00000000eab00000, 0x00000000ed000000, 0x0000000100000000)
  eden space 16384K, 0% used [0x00000000eab00000,0x00000000eab00000,0x00000000ebb00000)
  from space 2560K, 98% used [0x00000000ebb00000,0x00000000ebd797b0,0x00000000ebd80000)
  to   space 2560K, 0% used [0x00000000ecd80000,0x00000000ecd80000,0x00000000ed000000)
 ParOldGen       total 44032K, used 1038K [0x00000000c0000000, 0x00000000c2b00000, 0x00000000eab00000)
  object space 44032K, 2% used [0x00000000c0000000,0x00000000c0103ad0,0x00000000c2b00000)
 Metaspace       used 5536K, capacity 6450K, committed 6528K, reserved 1056768K
  class space    used 595K, capacity 618K, committed 640K, reserved 1048576K
}
Event: 3.441 GC heap before
{Heap before GC invocations=2 (full 0):
 PSYoungGen      total 18944K, used 18917K [0x00000000eab00000, 0x00000000ed000000, 0x0000000100000000)
  eden space 16384K, 100% used [0x00000000eab00000,0x00000000ebb00000,0x00000000ebb00000)
  from space 2560K, 98% used [0x00000000ebb00000,0x00000000ebd797b0,0x00000000ebd80000)
  to   space 2560K, 0% used [0x00000000ecd80000,0x00000000ecd80000,0x00000000ed000000)
 ParOldGen       total 44032K, used 1038K [0x00000000c0000000, 0x00000000c2b00000, 0x00000000eab00000)
  object space 44032K, 2% used [0x00000000c0000000,0x00000000c0103ad0,0x00000000c2b00000)
 Metaspace       used 5954K, capacity 6838K, committed 7040K, reserved 1056768K
  class space    used 601K, capacity 622K, committed 640K, reserved 1048576K
Event: 3.448 GC heap after
Heap after GC invocations=2 (full 0):
 PSYoungGen      total 35328K, used 2530K [0x00000000eab00000, 0x00000000ed000000, 0x0000000100000000)
  eden space 32768K, 0% used [0x00000000eab00000,0x00000000eab00000,0x00000000ecb00000)
  from space 2560K, 98% used [0x00000000ecd80000,0x00000000ecff8ad8,0x00000000ed000000)
  to   space 2560K, 0% used [0x00000000ecb00000,0x00000000ecb00000,0x00000000ecd80000)
 ParOldGen       total 44032K, used 2950K [0x00000000c0000000, 0x00000000c2b00000, 0x00000000eab00000)
  object space 44032K, 6% used [0x00000000c0000000,0x00000000c02e1848,0x00000000c2b00000)
 Metaspace       used 5954K, capacity 6838K, committed 7040K, reserved 1056768K
  class space    used 601K, capacity 622K, committed 640K, reserved 1048576K
}

Deoptimization events (6 events):
Event: 1.159 Thread 0x00000000028ce000 Uncommon trap: reason=unstable_if action=reinterpret pc=0x0000000002b22bd4 method=java.lang.String.compareTo(Ljava/lang/String;)I @ 38
Event: 2.719 Thread 0x0000000016696000 Uncommon trap: reason=unstable_if action=reinterpret pc=0x0000000002bf4db0 method=java.util.BitSet.nextSetBit(I)I @ 87
Event: 2.735 Thread 0x0000000016696000 Uncommon trap: reason=class_check action=maybe_recompile pc=0x0000000002c054bc method=com.android.dx.rop.type.Type.equals(Ljava/lang/Object;)Z @ 8
Event: 2.735 Thread 0x0000000016696000 Uncommon trap: reason=class_check action=maybe_recompile pc=0x0000000002c054bc method=com.android.dx.rop.type.Type.equals(Ljava/lang/Object;)Z @ 8
Event: 2.735 Thread 0x0000000016696000 Uncommon trap: reason=class_check action=maybe_recompile pc=0x0000000002c054bc method=com.android.dx.rop.type.Type.equals(Ljava/lang/Object;)Z @ 8
Event: 2.735 Thread 0x0000000016696000 Uncommon trap: reason=class_check action=maybe_recompile pc=0x0000000002c054bc method=com.android.dx.rop.type.Type.equals(Ljava/lang/Object;)Z @ 8

Internal exceptions (2 events):
Event: 0.049 Thread 0x00000000028ce000 Exception <a 'java/lang/NoSuchMethodError': Method sun.misc.Unsafe.defineClass(Ljava/lang/String;[BII)Ljava/lang/Class; name or signature does not match> (0x00000000eab07cc0) thrown at [C:\re\workspace\8-2-build-windows-amd64-cygwin\jdk8u91\6644\hotspot\srñ¤®þ’©?
Event: 0.049 Thread 0x00000000028ce000 Exception <a 'java/lang/NoSuchMethodError': Method sun.misc.Unsafe.prefetchRead(Ljava/lang/Object;J)V name or signature does not match> (0x00000000eab07fa8) thrown at [C:\re\workspace\8-2-build-windows-amd64-cygwin\jdk8u91\6644\hotspot\src\share\vm\prims\j

Events (10 events):
Event: 3.765 loading class com/android/dx/cf/attrib/BaseParameterAnnotations
Event: 3.765 loading class com/android/dx/cf/attrib/BaseParameterAnnotations done
Event: 3.766 loading class com/android/dx/cf/attrib/AttExceptions
Event: 3.766 loading class com/android/dx/cf/attrib/AttExceptions done
Event: 3.785 Thread 0x00000000166aa000 DEOPT PACKING pc=0x0000000002d42ddb sp=0x00000000173feba0
Event: 3.785 Thread 0x00000000166aa000 DEOPT UNPACKING pc=0x0000000002a1787f sp=0x00000000173fe968 mode 0
Event: 3.825 loading class com/android/dx/dex/file/ParameterAnnotationStruct
Event: 3.825 loading class com/android/dx/dex/file/ParameterAnnotationStruct done
Event: 3.826 loading class com/android/dx/dex/file/UniformListItem
Event: 3.826 loading class com/android/dx/dex/file/UniformListItem done


Dynamic libraries:
0x00007ff628660000 - 0x00007ff628697000 	C:\Program Files\Java\jdk1.8.0_91\bin\java.exe
0x00007ff81f620000 - 0x00007ff81f7e1000 	C:\WINDOWS\SYSTEM32\ntdll.dll
0x00007ff81f4a0000 - 0x00007ff81f54d000 	C:\WINDOWS\system32\KERNEL32.DLL
0x00007ff81c550000 - 0x00007ff81c738000 	C:\WINDOWS\system32\KERNELBASE.dll
0x00007ff81f550000 - 0x00007ff81f5f7000 	C:\WINDOWS\system32\ADVAPI32.dll
0x00007ff81eb80000 - 0x00007ff81ec1d000 	C:\WINDOWS\system32\msvcrt.dll
0x00007ff81cae0000 - 0x00007ff81cb3b000 	C:\WINDOWS\system32\sechost.dll
0x00007ff81cec0000 - 0x00007ff81cfdc000 	C:\WINDOWS\system32\RPCRT4.dll
0x00007ff81cfe0000 - 0x00007ff81d136000 	C:\WINDOWS\system32\USER32.dll
0x00007ff81e920000 - 0x00007ff81eaa6000 	C:\WINDOWS\system32\GDI32.dll
0x00007ff818900000 - 0x00007ff818b74000 	C:\WINDOWS\WinSxS\amd64_microsoft.windows.common-controls_6595b64144ccf1df_6.0.10586.494_none_a2d8b04ea53e3145\COMCTL32.dll
0x00007ff81c860000 - 0x00007ff81cadd000 	C:\WINDOWS\system32\combase.dll
0x00007ff81c7c0000 - 0x00007ff81c82a000 	C:\WINDOWS\system32\bcryptPrimitives.dll
0x00007ff81e8e0000 - 0x00007ff81e91b000 	C:\WINDOWS\system32\IMM32.DLL
0x00007ff81b900000 - 0x00007ff81b931000 	C:\Windows\system32\nvinitx.dll
0x00007ff81b8f0000 - 0x00007ff81b8fa000 	C:\WINDOWS\SYSTEM32\VERSION.dll
0x000000005b100000 - 0x000000005b1d2000 	C:\Program Files\Java\jdk1.8.0_91\jre\bin\msvcr100.dll
0x000000005a6e0000 - 0x000000005af73000 	C:\Program Files\Java\jdk1.8.0_91\jre\bin\server\jvm.dll
0x00007ff81c830000 - 0x00007ff81c853000 	C:\WINDOWS\system32\WINMM.dll
0x00007ff81ba50000 - 0x00007ff81ba7c000 	C:\WINDOWS\system32\WINMMBASE.dll
0x00007ff81be20000 - 0x00007ff81be63000 	C:\WINDOWS\system32\cfgmgr32.dll
0x00007ff81ec20000 - 0x00007ff81ec28000 	C:\WINDOWS\system32\PSAPI.DLL
0x00007ff80d950000 - 0x00007ff80d959000 	C:\WINDOWS\SYSTEM32\WSOCK32.dll
0x00007ff81cb40000 - 0x00007ff81cbab000 	C:\WINDOWS\system32\WS2_32.dll
0x000000005b570000 - 0x000000005b57f000 	C:\Program Files\Java\jdk1.8.0_91\jre\bin\verify.dll
0x000000005b540000 - 0x000000005b569000 	C:\Program Files\Java\jdk1.8.0_91\jre\bin\java.dll
0x000000005b520000 - 0x000000005b536000 	C:\Program Files\Java\jdk1.8.0_91\jre\bin\zip.dll
0x00007ff81d1a0000 - 0x00007ff81e6fc000 	C:\WINDOWS\system32\SHELL32.dll
0x00007ff81be70000 - 0x00007ff81c4b5000 	C:\WINDOWS\system32\windows.storage.dll
0x00007ff81d140000 - 0x00007ff81d192000 	C:\WINDOWS\system32\shlwapi.dll
0x00007ff81ba40000 - 0x00007ff81ba4f000 	C:\WINDOWS\system32\kernel.appcore.dll
0x00007ff81ba80000 - 0x00007ff81bb35000 	C:\WINDOWS\system32\shcore.dll
0x00007ff81bdd0000 - 0x00007ff81be1b000 	C:\WINDOWS\system32\powrprof.dll
0x00007ff81ba10000 - 0x00007ff81ba24000 	C:\WINDOWS\system32\profapi.dll

VM Arguments:
jvm_args: -Djava.awt.headless=true -Xmx1024M -Dfile.encoding=GBK -Duser.country=CN -Duser.language=zh -Duser.variant 
java_command: com.android.dx.command.Main --dex --force-jumbo --num-threads=4 --multi-dex --output D:\andriod_projects\smartHome\app\build\intermediates\transforms\dex\debug\folders\1000\10\internal_impl-23.3.0_628a58c2397ca56ccbeb6593915d2c9ba0d98f36 D:\andriod_projects\smartHome\app\build\intermediates\exploded-aar\com.android.support\support-v4\23.3.0\jars\libs\internal_impl-23.3.0.jar
java_class_path (initial): D:\android\android_SDK\build-tools\23.0.3\lib\dx.jar
Launcher Type: SUN_STANDARD

Environment Variables:
JAVA_HOME=C:\Program Files (x86)\Java\jdk1.8.0_31
CLASSPATH=C:\Program Files (x86)\Java\jdk1.8.0_31\lib;C:\Program Files (x86)\Java\jdk1.8.0_31\lib\tools.jar;D:\andriod environment\adt-bundle-windows-x86-20131030\eclipse\plugins\org.apache.ant_1.8.3.v201301120609\lib;
PATH=C:\PROGRA~1\PTC\MKSTOO~1\bin64;C:\PROGRA~1\PTC\MKSTOO~1\bin;C:\PROGRA~1\PTC\MKSTOO~1\bin\X11;C:\PROGRA~1\PTC\MKSTOO~1\mksnt;C:\ProgramData\Oracle\Java\javapath;C:\Program Files (x86)\Intel\iCLS Client\;C:\Program Files\Intel\iCLS Client\;C:\Program Files (x86)\NVIDIA Corporation\PhysX\Common;C:\WINDOWS\system32;C:\WINDOWS;C:\WINDOWS\System32\Wbem;C:\WINDOWS\System32\WindowsPowerShell\v1.0\;C:\Program Files\Intel\Intel(R) Management Engine Components\DAL;C:\Program Files\Intel\Intel(R) Management Engine Components\IPT;C:\Program Files (x86)\Intel\Intel(R) Management Engine Components\DAL;C:\Program Files (x86)\Intel\Intel(R) Management Engine Components\IPT;C:\Program Files (x86)\Java\jdk1.8.0_31\bin;C:\Program Files (x86)\Java\jdk1.8.0_31\jre\bin;D:\andriod environment\adt-bundle-windows-x86-20131030\sdk\tools;D:\andriod environment\adt-bundle-windows-x86-20131030\sdk\platform-tools;D:\andriod environment\adt-bundle-windows-x86-20131030\eclipse\plugins\org.apache.ant_1.8.3.v201301120609\bin;C:\Program Files\nodejs\;D:\Git\cmd;D:\HMA! Pro VPN\bin
USERNAME=freedom
DISPLAY=:0.0
OS=Windows_NT
PROCESSOR_IDENTIFIER=Intel64 Family 6 Model 60 Stepping 3, GenuineIntel



---------------  S Y S T E M  ---------------

OS: Windows 10.0 , 64 bit Build 10586 (10.0.10586.0)

CPU:total 4 (2 cores per cpu, 2 threads per core) family 6 model 60 stepping 3, cmov, cx8, fxsr, mmx, sse, sse2, sse3, ssse3, sse4.1, sse4.2, popcnt, avx, avx2, aes, clmul, erms, lzcnt, ht, tsc, tscinvbit, bmi1, bmi2

Memory: 4k page, physical 4112564k(486240k free), swap 5685428k(5276k free)

vm_info: Java HotSpot(TM) 64-Bit Server VM (25.91-b14) for windows-amd64 JRE (1.8.0_91-b14), built on Apr  1 2016 00:58:32 by "java_re" with MS VC++ 10.0 (VS2010)

time: Sun Aug 21 15:30:40 2016
elapsed time: 4 seconds (0d 0h 0m 4s)

