#
# There is insufficient memory for the Java Runtime Environment to continue.
# Native memory allocation (malloc) failed to allocate 578576 bytes for Chunk::new
# Possible reasons:
#   The system is out of physical RAM or swap space
#   In 32 bit mode, the process size limit was hit
# Possible solutions:
#   Reduce memory load on the system
#   Increase physical memory or swap space
#   Check if swap backing store is full
#   Use 64 bit Java on a 64 bit OS
#   Decrease Java heap size (-Xmx/-Xms)
#   Decrease number of Java threads
#   Decrease Java thread stack sizes (-Xss)
#   Set larger code cache with -XX:ReservedCodeCacheSize=
# This output file may be truncated or incomplete.
#
#  Out of Memory Error (allocation.cpp:390), pid=8904, tid=6984
#
# JRE version: Java(TM) SE Runtime Environment (8.0_91-b14) (build 1.8.0_91-b14)
# Java VM: Java HotSpot(TM) 64-Bit Server VM (25.91-b14 mixed mode windows-amd64 compressed oops)
# Failed to write core dump. Minidumps are not enabled by default on client versions of Windows
#

---------------  T H R E A D  ---------------

Current thread (0x000000001625a000):  JavaThread "C2 CompilerThread1" daemon [_thread_in_native, id=6984, stack(0x0000000016950000,0x0000000016a50000)]

Stack: [0x0000000016950000,0x0000000016a50000]
[error occurred during error reporting (printing stack bounds), id 0xc0000005]

Native frames: (J=compiled Java code, j=interpreted, Vv=VM code, C=native code)


Current CompileTask:
C2:   4099 1978       4       com.android.dx.ssa.DeadCodeRemover::isCircularNoSideEffect (140 bytes)


---------------  P R O C E S S  ---------------

Java Threads: ( => current thread )
  0x0000000016513800 JavaThread "pool-2-thread-4" [_thread_in_Java, id=9524, stack(0x0000000017950000,0x0000000017a50000)]
  0x00000000164c1000 JavaThread "pool-2-thread-3" [_thread_in_Java, id=8616, stack(0x0000000017850000,0x0000000017950000)]
  0x0000000016519000 JavaThread "pool-2-thread-2" [_thread_in_Java, id=1228, stack(0x0000000017750000,0x0000000017850000)]
  0x0000000016541000 JavaThread "pool-3-thread-1" [_thread_blocked, id=4560, stack(0x0000000017650000,0x0000000017750000)]
  0x0000000016531000 JavaThread "pool-2-thread-1" [_thread_in_Java, id=8104, stack(0x0000000017550000,0x0000000017650000)]
  0x00000000162bc000 JavaThread "Service Thread" daemon [_thread_blocked, id=7956, stack(0x0000000016b50000,0x0000000016c50000)]
  0x00000000162b4800 JavaThread "C1 CompilerThread2" daemon [_thread_blocked, id=1540, stack(0x0000000016a50000,0x0000000016b50000)]
=>0x000000001625a000 JavaThread "C2 CompilerThread1" daemon [_thread_in_native, id=6984, stack(0x0000000016950000,0x0000000016a50000)]
  0x0000000014f4b000 JavaThread "C2 CompilerThread0" daemon [_thread_in_native, id=9512, stack(0x0000000016850000,0x0000000016950000)]
  0x0000000014efe000 JavaThread "Attach Listener" daemon [_thread_blocked, id=9284, stack(0x0000000016750000,0x0000000016850000)]
  0x0000000014efd000 JavaThread "Signal Dispatcher" daemon [_thread_blocked, id=3636, stack(0x0000000016650000,0x0000000016750000)]
  0x0000000014eda800 JavaThread "Finalizer" daemon [_thread_blocked, id=1380, stack(0x0000000016150000,0x0000000016250000)]
  0x0000000014eb9000 JavaThread "Reference Handler" daemon [_thread_blocked, id=9840, stack(0x0000000016050000,0x0000000016150000)]
  0x000000000261e000 JavaThread "main" [_thread_in_native, id=7428, stack(0x0000000002620000,0x0000000002720000)]

Other Threads:
  0x0000000014eb7800 VMThread [stack: 0x0000000015f50000,0x0000000016050000] [id=8400]
  0x000000001630d000 WatcherThread [stack: 0x0000000016c50000,0x0000000016d50000] [id=9452]

VM state:not at safepoint (normal execution)

VM Mutex/Monitor currently owned by a thread: None

Heap:
 PSYoungGen      total 145408K, used 44918K [0x00000000eab00000, 0x00000000f5300000, 0x0000000100000000)
  eden space 123904K, 27% used [0x00000000eab00000,0x00000000ecc71960,0x00000000f2400000)
  from space 21504K, 49% used [0x00000000f2400000,0x00000000f2e6c260,0x00000000f3900000)
  to   space 16384K, 0% used [0x00000000f3900000,0x00000000f3900000,0x00000000f4900000)
 ParOldGen       total 44032K, used 43743K [0x00000000c0000000, 0x00000000c2b00000, 0x00000000eab00000)
  object space 44032K, 99% used [0x00000000c0000000,0x00000000c2ab7e88,0x00000000c2b00000)
 Metaspace       used 6575K, capacity 7256K, committed 7424K, reserved 1056768K
  class space    used 627K, capacity 656K, committed 768K, reserved 1048576K

Card table byte_map: [0x0000000011be0000,0x0000000011df0000] byte_map_base: 0x00000000115e0000

Marking Bits: (ParMarkBitMap*) 0x0000000076652f70
 Begin Bits: [0x0000000012350000, 0x0000000013350000)
 End Bits:   [0x0000000013350000, 0x0000000014350000)

Polling page: 0x00000000021d0000

CodeCache: size=245760Kb used=8010Kb max_used=8010Kb free=237749Kb
 bounds [0x0000000002820000, 0x0000000003000000, 0x0000000011820000]
 total_blobs=2280 nmethods=2008 adapters=184
 compilation: enabled

Compilation events (10 events):
Event: 4.069 Thread 0x00000000162b4800 2065       2       sun.util.calendar.AbstractCalendar::getCalendarDate (217 bytes)
Event: 4.070 Thread 0x00000000162b4800 nmethod 2065 0x0000000002ff6710 code [0x0000000002ff68e0, 0x0000000002ff6e98]
Event: 4.070 Thread 0x00000000162b4800 2066   !   2       com.android.dx.command.dexer.Main::processFileBytes (265 bytes)
Event: 4.072 Thread 0x00000000162b4800 nmethod 2066 0x0000000002ff7290 code [0x0000000002ff7560, 0x0000000002ff8818]
Event: 4.072 Thread 0x00000000162b4800 2067       2       com.android.dx.command.dexer.Main::checkClassName (124 bytes)
Event: 4.073 Thread 0x00000000162b4800 nmethod 2067 0x0000000002ff9810 code [0x0000000002ff9a40, 0x0000000002ffa1c8]
Event: 4.073 Thread 0x00000000162b4800 2068       2       com.android.dx.command.dexer.Main::parseClass (33 bytes)
Event: 4.073 Thread 0x00000000162b4800 nmethod 2068 0x0000000002fd6390 code [0x0000000002fd6520, 0x0000000002fd6838]
Event: 4.086 Thread 0x00000000162b4800 2070       2       java.util.HashMap::comparableClassFor (105 bytes)
Event: 4.087 Thread 0x00000000162b4800 nmethod 2070 0x0000000002ff5dd0 code [0x0000000002ff5f80, 0x0000000002ff63e8]

GC Heap History (10 events):
Event: 1.824 GC heap before
{Heap before GC invocations=6 (full 0):
 PSYoungGen      total 35328K, used 35303K [0x00000000eab00000, 0x00000000eff00000, 0x0000000100000000)
  eden space 32768K, 100% used [0x00000000eab00000,0x00000000ecb00000,0x00000000ecb00000)
  from space 2560K, 99% used [0x00000000ecb00000,0x00000000ecd79f70,0x00000000ecd80000)
  to   space 10240K, 0% used [0x00000000ef500000,0x00000000ef500000,0x00000000eff00000)
 ParOldGen       total 44032K, used 14771K [0x00000000c0000000, 0x00000000c2b00000, 0x00000000eab00000)
  object space 44032K, 33% used [0x00000000c0000000,0x00000000c0e6ce68,0x00000000c2b00000)
 Metaspace       used 6301K, capacity 7094K, committed 7296K, reserved 1056768K
  class space    used 608K, capacity 622K, committed 640K, reserved 1048576K
Event: 1.839 GC heap after
Heap after GC invocations=6 (full 0):
 PSYoungGen      total 74752K, used 8387K [0x00000000eab00000, 0x00000000f0100000, 0x0000000100000000)
  eden space 64512K, 0% used [0x00000000eab00000,0x00000000eab00000,0x00000000eea00000)
  from space 10240K, 81% used [0x00000000ef500000,0x00000000efd30d20,0x00000000eff00000)
  to   space 11264K, 0% used [0x00000000eea00000,0x00000000eea00000,0x00000000ef500000)
 ParOldGen       total 44032K, used 14771K [0x00000000c0000000, 0x00000000c2b00000, 0x00000000eab00000)
  object space 44032K, 33% used [0x00000000c0000000,0x00000000c0e6ce68,0x00000000c2b00000)
 Metaspace       used 6301K, capacity 7094K, committed 7296K, reserved 1056768K
  class space    used 608K, capacity 622K, committed 640K, reserved 1048576K
}
Event: 2.138 GC heap before
{Heap before GC invocations=7 (full 0):
 PSYoungGen      total 74752K, used 72899K [0x00000000eab00000, 0x00000000f0100000, 0x0000000100000000)
  eden space 64512K, 100% used [0x00000000eab00000,0x00000000eea00000,0x00000000eea00000)
  from space 10240K, 81% used [0x00000000ef500000,0x00000000efd30d20,0x00000000eff00000)
  to   space 11264K, 0% used [0x00000000eea00000,0x00000000eea00000,0x00000000ef500000)
 ParOldGen       total 44032K, used 14784K [0x00000000c0000000, 0x00000000c2b00000, 0x00000000eab00000)
  object space 44032K, 33% used [0x00000000c0000000,0x00000000c0e70330,0x00000000c2b00000)
 Metaspace       used 6375K, capacity 7158K, committed 7296K, reserved 1056768K
  class space    used 608K, capacity 622K, committed 640K, reserved 1048576K
Event: 2.188 GC heap after
Heap after GC invocations=7 (full 0):
 PSYoungGen      total 75776K, used 11233K [0x00000000eab00000, 0x00000000f4900000, 0x0000000100000000)
  eden space 64512K, 0% used [0x00000000eab00000,0x00000000eab00000,0x00000000eea00000)
  from space 11264K, 99% used [0x00000000eea00000,0x00000000ef4f8530,0x00000000ef500000)
  to   space 16384K, 0% used [0x00000000f3900000,0x00000000f3900000,0x00000000f4900000)
 ParOldGen       total 44032K, used 21288K [0x00000000c0000000, 0x00000000c2b00000, 0x00000000eab00000)
  object space 44032K, 48% used [0x00000000c0000000,0x00000000c14ca270,0x00000000c2b00000)
 Metaspace       used 6375K, capacity 7158K, committed 7296K, reserved 1056768K
  class space    used 608K, capacity 622K, committed 640K, reserved 1048576K
}
Event: 2.475 GC heap before
{Heap before GC invocations=8 (full 0):
 PSYoungGen      total 75776K, used 75745K [0x00000000eab00000, 0x00000000f4900000, 0x0000000100000000)
  eden space 64512K, 100% used [0x00000000eab00000,0x00000000eea00000,0x00000000eea00000)
  from space 11264K, 99% used [0x00000000eea00000,0x00000000ef4f8530,0x00000000ef500000)
  to   space 16384K, 0% used [0x00000000f3900000,0x00000000f3900000,0x00000000f4900000)
 ParOldGen       total 44032K, used 21290K [0x00000000c0000000, 0x00000000c2b00000, 0x00000000eab00000)
  object space 44032K, 48% used [0x00000000c0000000,0x00000000c14ca9e8,0x00000000c2b00000)
 Metaspace       used 6415K, capacity 7158K, committed 7296K, reserved 1056768K
  class space    used 608K, capacity 622K, committed 640K, reserved 1048576K
Event: 2.516 GC heap after
Heap after GC invocations=8 (full 0):
 PSYoungGen      total 140288K, used 16352K [0x00000000eab00000, 0x00000000f5300000, 0x0000000100000000)
  eden space 123904K, 0% used [0x00000000eab00000,0x00000000eab00000,0x00000000f2400000)
  from space 16384K, 99% used [0x00000000f3900000,0x00000000f48f8210,0x00000000f4900000)
  to   space 21504K, 0% used [0x00000000f2400000,0x00000000f2400000,0x00000000f3900000)
 ParOldGen       total 44032K, used 26407K [0x00000000c0000000, 0x00000000c2b00000, 0x00000000eab00000)
  object space 44032K, 59% used [0x00000000c0000000,0x00000000c19c9c70,0x00000000c2b00000)
 Metaspace       used 6415K, capacity 7158K, committed 7296K, reserved 1056768K
  class space    used 608K, capacity 622K, committed 640K, reserved 1048576K
}
Event: 3.081 GC heap before
{Heap before GC invocations=9 (full 0):
 PSYoungGen      total 140288K, used 140256K [0x00000000eab00000, 0x00000000f5300000, 0x0000000100000000)
  eden space 123904K, 100% used [0x00000000eab00000,0x00000000f2400000,0x00000000f2400000)
  from space 16384K, 99% used [0x00000000f3900000,0x00000000f48f8210,0x00000000f4900000)
  to   space 21504K, 0% used [0x00000000f2400000,0x00000000f2400000,0x00000000f3900000)
 ParOldGen       total 44032K, used 26407K [0x00000000c0000000, 0x00000000c2b00000, 0x00000000eab00000)
  object space 44032K, 59% used [0x00000000c0000000,0x00000000c19c9c70,0x00000000c2b00000)
 Metaspace       used 6567K, capacity 7256K, committed 7424K, reserved 1056768K
  class space    used 627K, capacity 656K, committed 768K, reserved 1048576K
Event: 3.148 GC heap after
Heap after GC invocations=9 (full 0):
 PSYoungGen      total 145408K, used 21474K [0x00000000eab00000, 0x00000000f5300000, 0x0000000100000000)
  eden space 123904K, 0% used [0x00000000eab00000,0x00000000eab00000,0x00000000f2400000)
  from space 21504K, 99% used [0x00000000f2400000,0x00000000f38f88a8,0x00000000f3900000)
  to   space 16384K, 0% used [0x00000000f3900000,0x00000000f3900000,0x00000000f4900000)
 ParOldGen       total 44032K, used 39446K [0x00000000c0000000, 0x00000000c2b00000, 0x00000000eab00000)
  object space 44032K, 89% used [0x00000000c0000000,0x00000000c2685b60,0x00000000c2b00000)
 Metaspace       used 6567K, capacity 7256K, committed 7424K, reserved 1056768K
  class space    used 627K, capacity 656K, committed 768K, reserved 1048576K
}
Event: 3.148 GC heap before
{Heap before GC invocations=10 (full 1):
 PSYoungGen      total 145408K, used 21474K [0x00000000eab00000, 0x00000000f5300000, 0x0000000100000000)
  eden space 123904K, 0% used [0x00000000eab00000,0x00000000eab00000,0x00000000f2400000)
  from space 21504K, 99% used [0x00000000f2400000,0x00000000f38f88a8,0x00000000f3900000)
  to   space 16384K, 0% used [0x00000000f3900000,0x00000000f3900000,0x00000000f4900000)
 ParOldGen       total 44032K, used 39446K [0x00000000c0000000, 0x00000000c2b00000, 0x00000000eab00000)
  object space 44032K, 89% used [0x00000000c0000000,0x00000000c2685b60,0x00000000c2b00000)
 Metaspace       used 6567K, capacity 7256K, committed 7424K, reserved 1056768K
  class space    used 627K, capacity 656K, committed 768K, reserved 1048576K
Event: 3.995 GC heap after
Heap after GC invocations=10 (full 1):
 PSYoungGen      total 145408K, used 10672K [0x00000000eab00000, 0x00000000f5300000, 0x0000000100000000)
  eden space 123904K, 0% used [0x00000000eab00000,0x00000000eab00000,0x00000000f2400000)
  from space 21504K, 49% used [0x00000000f2400000,0x00000000f2e6c260,0x00000000f3900000)
  to   space 16384K, 0% used [0x00000000f3900000,0x00000000f3900000,0x00000000f4900000)
 ParOldGen       total 44032K, used 43743K [0x00000000c0000000, 0x00000000c2b00000, 0x00000000eab00000)
  object space 44032K, 99% used [0x00000000c0000000,0x00000000c2ab7e88,0x00000000c2b00000)
 Metaspace       used 6567K, capacity 7256K, committed 7424K, reserved 1056768K
  class space    used 627K, capacity 656K, committed 768K, reserved 1048576K
}

Deoptimization events (10 events):
Event: 1.877 Thread 0x00000000164c1000 Uncommon trap: reason=bimorphic action=maybe_recompile pc=0x0000000002e26fc8 method=com.android.dx.cf.code.BytecodeArray.parseInstruction(ILcom/android/dx/cf/code/BytecodeArray$Visitor;)I @ 1130
Event: 1.893 Thread 0x0000000016531000 Uncommon trap: reason=uninitialized action=reinterpret pc=0x0000000002e2697c method=com.android.dx.cf.code.BytecodeArray.parseInstruction(ILcom/android/dx/cf/code/BytecodeArray$Visitor;)I @ 999
Event: 2.039 Thread 0x0000000016513800 Uncommon trap: reason=unstable_if action=reinterpret pc=0x0000000002e0dfe8 method=com.android.dx.ssa.SCCP.simulateStmt(Lcom/android/dx/ssa/SsaInsn;)V @ 53
Event: 2.044 Thread 0x0000000016513800 Uncommon trap: reason=unstable_if action=reinterpret pc=0x0000000002eb96d8 method=com.android.dx.ssa.SCCP.simulateBranch(Lcom/android/dx/ssa/SsaInsn;)V @ 548
Event: 2.046 Thread 0x0000000016513800 Uncommon trap: reason=class_check action=maybe_recompile pc=0x0000000002d1e580 method=java.util.HashMap.putVal(ILjava/lang/Object;Ljava/lang/Object;ZZ)Ljava/lang/Object; @ 203
Event: 2.328 Thread 0x0000000016519000 Uncommon trap: reason=unstable_if action=reinterpret pc=0x0000000002ef6dcc method=com.android.dx.rop.code.LocalItem.compareHandlesNulls(Lcom/android/dx/rop/cst/CstString;Lcom/android/dx/rop/cst/CstString;)I @ 14
Event: 2.648 Thread 0x00000000164c1000 Uncommon trap: reason=unstable_if action=reinterpret pc=0x0000000002b2a4b4 method=java.util.HashMap.putVal(ILjava/lang/Object;Ljava/lang/Object;ZZ)Ljava/lang/Object; @ 162
Event: 2.697 Thread 0x00000000164c1000 Uncommon trap: reason=unstable_if action=reinterpret pc=0x0000000002e17c44 method=java.util.HashMap.getNode(ILjava/lang/Object;)Ljava/util/HashMap$Node; @ 84
Event: 2.909 Thread 0x00000000164c1000 Uncommon trap: reason=unstable_if action=reinterpret pc=0x0000000002fb1ca8 method=java.util.HashMap.getNode(ILjava/lang/Object;)Ljava/util/HashMap$Node; @ 84
Event: 2.921 Thread 0x0000000016531000 Uncommon trap: reason=unstable_if action=reinterpret pc=0x0000000002f44144 method=java.util.HashMap.putVal(ILjava/lang/Object;Ljava/lang/Object;ZZ)Ljava/lang/Object; @ 109

Internal exceptions (8 events):
Event: 0.149 Thread 0x000000000261e000 Exception <a 'java/lang/NoSuchMethodError': Method sun.misc.Unsafe.defineClass(Ljava/lang/String;[BII)Ljava/lang/Class; name or signature does not match> (0x00000000eab07cc0) thrown at [C:\re\workspace\8-2-build-windows-amd64-cygwin\jdk8u91\6644\hotspot\srf¾äîÃ?
Event: 0.149 Thread 0x000000000261e000 Exception <a 'java/lang/NoSuchMethodError': Method sun.misc.Unsafe.prefetchRead(Ljava/lang/Object;J)V name or signature does not match> (0x00000000eab07fa8) thrown at [C:\re\workspace\8-2-build-windows-amd64-cygwin\jdk8u91\6644\hotspot\src\share\vm\prims\jNã,,GÝð?
Event: 1.054 Thread 0x00000000164c1000 Implicit null exception at 0x0000000002b13422 to 0x0000000002b13529
Event: 1.478 Thread 0x0000000016531000 Implicit null exception at 0x0000000002dda241 to 0x0000000002ddbf3d
Event: 2.328 Thread 0x0000000016519000 Implicit null exception at 0x0000000002ef5270 to 0x0000000002ef6da1
Event: 2.658 Thread 0x00000000164c1000 Exception <a 'java/lang/ArrayIndexOutOfBoundsException': 18> (0x00000000ec41aad0) thrown at [C:\re\workspace\8-2-build-windows-amd64-cygwin\jdk8u91\6644\hotspot\src\share\vm\interpreter\interpreterRuntime.cpp, line 366]
Event: 2.690 Thread 0x00000000164c1000 Exception <a 'java/lang/ArrayIndexOutOfBoundsException'> (0x00000000ec41c650) thrown at [C:\re\workspace\8-2-build-windows-amd64-cygwin\jdk8u91\6644\hotspot\src\share\vm\runtime\sharedRuntime.cpp, line 605]
Event: 2.692 Thread 0x00000000164c1000 Exception <a 'java/lang/ArrayIndexOutOfBoundsException'> (0x00000000ec41d938) thrown at [C:\re\workspace\8-2-build-windows-amd64-cygwin\jdk8u91\6644\hotspot\src\share\vm\runtime\sharedRuntime.cpp, line 605]

Events (10 events):
Event: 2.883 Thread 0x000000000261e000 DEOPT PACKING pc=0x0000000002e46c68 sp=0x000000000271ec70
Event: 2.883 Thread 0x000000000261e000 DEOPT UNPACKING pc=0x000000000286787f sp=0x000000000271e970 mode 0
Event: 2.909 Thread 0x00000000164c1000 Uncommon trap: trap_request=0xffffff65 fr.pc=0x0000000002fb1ca8
Event: 2.909 Thread 0x00000000164c1000 DEOPT PACKING pc=0x0000000002fb1ca8 sp=0x000000001794e9c0
Event: 2.909 Thread 0x00000000164c1000 DEOPT UNPACKING pc=0x000000000286582a sp=0x000000001794e6e8 mode 2
Event: 2.921 Thread 0x0000000016531000 Uncommon trap: trap_request=0xffffff65 fr.pc=0x0000000002f44144
Event: 2.921 Thread 0x0000000016531000 DEOPT PACKING pc=0x0000000002f44144 sp=0x000000001764ea10
Event: 2.921 Thread 0x0000000016531000 DEOPT UNPACKING pc=0x000000000286582a sp=0x000000001764e9a0 mode 2
Event: 3.079 Executing VM operation: ParallelGCFailedAllocation
Event: 3.995 Executing VM operation: ParallelGCFailedAllocation done


Dynamic libraries:
0x00007ff6e9450000 - 0x00007ff6e9487000 	C:\Program Files\Java\jdk1.8.0_91\bin\java.exe
0x00007ffc7d000000 - 0x00007ffc7d1c1000 	C:\WINDOWS\SYSTEM32\ntdll.dll
0x00007ffc7cc30000 - 0x00007ffc7ccdd000 	C:\WINDOWS\system32\KERNEL32.DLL
0x00007ffc79920000 - 0x00007ffc79b08000 	C:\WINDOWS\system32\KERNELBASE.dll
0x00007ffc7ca50000 - 0x00007ffc7caf7000 	C:\WINDOWS\system32\ADVAPI32.dll
0x00007ffc7bf40000 - 0x00007ffc7bfdd000 	C:\WINDOWS\system32\msvcrt.dll
0x00007ffc7a6b0000 - 0x00007ffc7a70b000 	C:\WINDOWS\system32\sechost.dll
0x00007ffc7cee0000 - 0x00007ffc7cffc000 	C:\WINDOWS\system32\RPCRT4.dll
0x00007ffc7a3f0000 - 0x00007ffc7a546000 	C:\WINDOWS\system32\USER32.dll
0x00007ffc7cd50000 - 0x00007ffc7ced6000 	C:\WINDOWS\system32\GDI32.dll
0x00007ffc76110000 - 0x00007ffc76384000 	C:\WINDOWS\WinSxS\amd64_microsoft.windows.common-controls_6595b64144ccf1df_6.0.10586.0_none_8c15ae12515e1c22\COMCTL32.dll
0x00007ffc7bfe0000 - 0x00007ffc7c25d000 	C:\WINDOWS\system32\combase.dll
0x00007ffc79520000 - 0x00007ffc7958a000 	C:\WINDOWS\system32\bcryptPrimitives.dll
0x00007ffc7c2f0000 - 0x00007ffc7c32b000 	C:\WINDOWS\system32\IMM32.DLL
0x00007ffc792e0000 - 0x00007ffc79311000 	C:\Windows\system32\nvinitx.dll
0x00007ffc792d0000 - 0x00007ffc792da000 	C:\WINDOWS\SYSTEM32\VERSION.dll
0x0000000075450000 - 0x0000000075522000 	C:\Program Files\Java\jdk1.8.0_91\jre\bin\msvcr100.dll
0x0000000075e40000 - 0x00000000766d3000 	C:\Program Files\Java\jdk1.8.0_91\jre\bin\server\jvm.dll
0x00007ffc79b10000 - 0x00007ffc79b33000 	C:\WINDOWS\system32\WINMM.dll
0x00007ffc793f0000 - 0x00007ffc7941c000 	C:\WINDOWS\system32\WINMMBASE.dll
0x00007ffc796d0000 - 0x00007ffc79713000 	C:\WINDOWS\system32\cfgmgr32.dll
0x00007ffc7c330000 - 0x00007ffc7c338000 	C:\WINDOWS\system32\PSAPI.DLL
0x00007ffc72ab0000 - 0x00007ffc72ab9000 	C:\WINDOWS\SYSTEM32\WSOCK32.dll
0x00007ffc7cce0000 - 0x00007ffc7cd4b000 	C:\WINDOWS\system32\WS2_32.dll
0x0000000076e90000 - 0x0000000076e9f000 	C:\Program Files\Java\jdk1.8.0_91\jre\bin\verify.dll
0x0000000076e60000 - 0x0000000076e89000 	C:\Program Files\Java\jdk1.8.0_91\jre\bin\java.dll
0x0000000076e40000 - 0x0000000076e56000 	C:\Program Files\Java\jdk1.8.0_91\jre\bin\zip.dll
0x00007ffc7a730000 - 0x00007ffc7bc8c000 	C:\WINDOWS\system32\SHELL32.dll
0x00007ffc79b40000 - 0x00007ffc7a184000 	C:\WINDOWS\system32\windows.storage.dll
0x00007ffc7a390000 - 0x00007ffc7a3e2000 	C:\WINDOWS\system32\shlwapi.dll
0x00007ffc79440000 - 0x00007ffc7944f000 	C:\WINDOWS\system32\kernel.appcore.dll
0x00007ffc79460000 - 0x00007ffc79515000 	C:\WINDOWS\system32\shcore.dll
0x00007ffc795f0000 - 0x00007ffc7963b000 	C:\WINDOWS\system32\powrprof.dll
0x00007ffc79420000 - 0x00007ffc79434000 	C:\WINDOWS\system32\profapi.dll

VM Arguments:
jvm_args: -Djava.awt.headless=true -Xmx1024M -Dfile.encoding=GBK -Duser.country=CN -Duser.language=zh -Duser.variant 
java_command: com.android.dx.command.Main --dex --force-jumbo --num-threads=4 --multi-dex --output D:\andriod_projects\Smart_home\app\build\intermediates\transforms\dex\debug\folders\1000\10\com.android.support-support-v4-23.3.0_74e847af16bee6b09a775cbc72910e37c2688db0 D:\andriod_projects\Smart_home\app\build\intermediates\exploded-aar\com.android.support\support-v4\23.3.0\jars\classes.jar
java_class_path (initial): D:\android\android_SDK\build-tools\23.0.3\lib\dx.jar
Launcher Type: SUN_STANDARD

Environment Variables:
JAVA_HOME=C:\Program Files (x86)\Java\jdk1.8.0_31
CLASSPATH=C:\Program Files (x86)\Java\jdk1.8.0_31\lib;C:\Program Files (x86)\Java\jdk1.8.0_31\lib\tools.jar;D:\andriod environment\adt-bundle-windows-x86-20131030\eclipse\plugins\org.apache.ant_1.8.3.v201301120609\lib;
PATH=C:\PROGRA~1\PTC\MKSTOO~1\bin64;C:\PROGRA~1\PTC\MKSTOO~1\bin;C:\PROGRA~1\PTC\MKSTOO~1\bin\X11;C:\PROGRA~1\PTC\MKSTOO~1\mksnt;C:\ProgramData\Oracle\Java\javapath;C:\Program Files (x86)\Intel\iCLS Client\;C:\Program Files\Intel\iCLS Client\;C:\Program Files (x86)\NVIDIA Corporation\PhysX\Common;C:\WINDOWS\system32;C:\WINDOWS;C:\WINDOWS\System32\Wbem;C:\WINDOWS\System32\WindowsPowerShell\v1.0\;C:\Program Files\Intel\Intel(R) Management Engine Components\DAL;C:\Program Files\Intel\Intel(R) Management Engine Components\IPT;C:\Program Files (x86)\Intel\Intel(R) Management Engine Components\DAL;C:\Program Files (x86)\Intel\Intel(R) Management Engine Components\IPT;C:\Program Files (x86)\Java\jdk1.8.0_31\bin;C:\Program Files (x86)\Java\jdk1.8.0_31\jre\bin;D:\andriod environment\adt-bundle-windows-x86-20131030\sdk\tools;D:\andriod environment\adt-bundle-windows-x86-20131030\sdk\platform-tools;D:\andriod environment\adt-bundle-windows-x86-20131030\eclipse\plugins\org.apache.ant_1.8.3.v201301120609\bin;C:\Program Files\nodejs\;D:\Git\cmd;D:\HMA! Pro VPN\bin
USERNAME=freedom
DISPLAY=:0.0
OS=Windows_NT
PROCESSOR_IDENTIFIER=Intel64 Family 6 Model 60 Stepping 3, GenuineIntel



---------------  S Y S T E M  ---------------

OS: Windows 10.0 , 64 bit Build 10586 (10.0.10586.0)

CPU:total 4 (2 cores per cpu, 2 threads per core) family 6 model 60 stepping 3, cmov, cx8, fxsr, mmx, sse, sse2, sse3, ssse3, sse4.1, sse4.2, popcnt, avx, avx2, aes, clmul, erms, lzcnt, ht, tsc, tscinvbit, bmi1, bmi2

Memory: 4k page, physical 4112564k(338004k free), swap 5685428k(5668k free)

vm_info: Java HotSpot(TM) 64-Bit Server VM (25.91-b14) for windows-amd64 JRE (1.8.0_91-b14), built on Apr  1 2016 00:58:32 by "java_re" with MS VC++ 10.0 (VS2010)

time: Mon Jun 20 21:47:56 2016
elapsed time: 4 seconds (0d 0h 0m 4s)

