#
# There is insufficient memory for the Java Runtime Environment to continue.
# Native memory allocation (malloc) failed to allocate 502816 bytes for Chunk::new
# Possible reasons:
#   The system is out of physical RAM or swap space
#   In 32 bit mode, the process size limit was hit
# Possible solutions:
#   Reduce memory load on the system
#   Increase physical memory or swap space
#   Check if swap backing store is full
#   Use 64 bit Java on a 64 bit OS
#   Decrease Java heap size (-Xmx/-Xms)
#   Decrease number of Java threads
#   Decrease Java thread stack sizes (-Xss)
#   Set larger code cache with -XX:ReservedCodeCacheSize=
# This output file may be truncated or incomplete.
#
#  Out of Memory Error (allocation.cpp:390), pid=8740, tid=2448
#
# JRE version: Java(TM) SE Runtime Environment (8.0_91-b14) (build 1.8.0_91-b14)
# Java VM: Java HotSpot(TM) 64-Bit Server VM (25.91-b14 mixed mode windows-amd64 compressed oops)
# Failed to write core dump. Minidumps are not enabled by default on client versions of Windows
#

---------------  T H R E A D  ---------------

Current thread (0x0000000016aad800):  JavaThread "C2 CompilerThread1" daemon [_thread_in_native, id=2448, stack(0x00000000171a0000,0x00000000172a0000)]

Stack: [0x00000000171a0000,0x00000000172a0000]
[error occurred during error reporting (printing stack bounds), id 0xc0000005]

Native frames: (J=compiled Java code, j=interpreted, Vv=VM code, C=native code)


Current CompileTask:
C2:   2085  799       4       com.android.dx.ssa.SsaBasicBlock::forEachInsn (37 bytes)


---------------  P R O C E S S  ---------------

Java Threads: ( => current thread )
  0x0000000016d8e800 JavaThread "pool-2-thread-4" [_thread_in_Java, id=4960, stack(0x00000000179a0000,0x0000000017aa0000)]
  0x0000000016d2e800 JavaThread "pool-2-thread-3" [_thread_in_native_trans, id=6244, stack(0x00000000178a0000,0x00000000179a0000)]
  0x0000000016d2d800 JavaThread "pool-2-thread-2" [_thread_in_Java, id=3292, stack(0x00000000177a0000,0x00000000178a0000)]
  0x0000000016d29800 JavaThread "pool-3-thread-1" [_thread_blocked, id=4732, stack(0x00000000176a0000,0x00000000177a0000)]
  0x0000000016d26800 JavaThread "pool-2-thread-1" [_thread_blocked, id=3024, stack(0x00000000175a0000,0x00000000176a0000)]
  0x0000000016b08000 JavaThread "Service Thread" daemon [_thread_blocked, id=2336, stack(0x00000000173a0000,0x00000000174a0000)]
  0x0000000016b03000 JavaThread "C1 CompilerThread2" daemon [_thread_in_native, id=2640, stack(0x00000000172a0000,0x00000000173a0000)]
=>0x0000000016aad800 JavaThread "C2 CompilerThread1" daemon [_thread_in_native, id=2448, stack(0x00000000171a0000,0x00000000172a0000)]
  0x0000000015764000 JavaThread "C2 CompilerThread0" daemon [_thread_in_native, id=4440, stack(0x00000000170a0000,0x00000000171a0000)]
  0x00000000157ae800 JavaThread "Attach Listener" daemon [_thread_blocked, id=5736, stack(0x0000000016fa0000,0x00000000170a0000)]
  0x0000000016aaa800 JavaThread "Signal Dispatcher" daemon [_thread_blocked, id=6440, stack(0x0000000016ea0000,0x0000000016fa0000)]
  0x000000001573a800 JavaThread "Finalizer" daemon [_thread_blocked, id=4552, stack(0x00000000169a0000,0x0000000016aa0000)]
  0x0000000003070000 JavaThread "Reference Handler" daemon [_thread_blocked, id=3864, stack(0x00000000168a0000,0x00000000169a0000)]
  0x0000000002e7e000 JavaThread "main" [_thread_blocked, id=7148, stack(0x0000000002d60000,0x0000000002e60000)]

Other Threads:
  0x0000000015717800 VMThread [stack: 0x00000000167a0000,0x00000000168a0000] [id=7608]
  0x0000000016b69800 WatcherThread [stack: 0x00000000174a0000,0x00000000175a0000] [id=4060]

VM state:not at safepoint (normal execution)

VM Mutex/Monitor currently owned by a thread: None

Heap:
 PSYoungGen      total 18944K, used 3237K [0x00000000eab00000, 0x00000000ec000000, 0x0000000100000000)
  eden space 16384K, 4% used [0x00000000eab00000,0x00000000eabadaf0,0x00000000ebb00000)
  from space 2560K, 99% used [0x00000000ebb00000,0x00000000ebd7bc88,0x00000000ebd80000)
  to   space 2560K, 0% used [0x00000000ebd80000,0x00000000ebd80000,0x00000000ec000000)
 ParOldGen       total 44032K, used 1541K [0x00000000c0000000, 0x00000000c2b00000, 0x00000000eab00000)
  object space 44032K, 3% used [0x00000000c0000000,0x00000000c0181658,0x00000000c2b00000)
 Metaspace       used 5831K, capacity 6706K, committed 6784K, reserved 1056768K
  class space    used 601K, capacity 618K, committed 640K, reserved 1048576K

Card table byte_map: [0x0000000012440000,0x0000000012650000] byte_map_base: 0x0000000011e40000

Marking Bits: (ParMarkBitMap*) 0x0000000055562f70
 Begin Bits: [0x0000000012bb0000, 0x0000000013bb0000)
 End Bits:   [0x0000000013bb0000, 0x0000000014bb0000)

Polling page: 0x00000000011b0000

CodeCache: size=245760Kb used=3336Kb max_used=3336Kb free=242423Kb
 bounds [0x0000000003080000, 0x00000000033d0000, 0x0000000012080000]
 total_blobs=1089 nmethods=816 adapters=184
 compilation: enabled

Compilation events (10 events):
Event: 1.799 Thread 0x0000000016b03000  812       3       com.android.dx.cf.code.BaseMachine::storeResults (90 bytes)
Event: 1.799 Thread 0x0000000015764000  825       4       com.android.dx.ssa.NormalSsaInsn::getSources (8 bytes)
Event: 1.800 Thread 0x0000000016b03000 nmethod 812 0x00000000033c1650 code [0x00000000033c1840, 0x00000000033c2308]
Event: 1.800 Thread 0x0000000016b03000  810       3       com.android.dx.rop.type.StdTypeList::withFirst (53 bytes)
Event: 1.800 Thread 0x0000000015764000 nmethod 825 0x00000000033b6910 code [0x00000000033b6a40, 0x00000000033b6ab8]
Event: 1.802 Thread 0x0000000016b03000 nmethod 810 0x00000000033c2810 code [0x00000000033c2a80, 0x00000000033c3bb8]
Event: 1.802 Thread 0x0000000016b03000  814   !   3       com.android.dx.cf.code.RopperMachine::run (1550 bytes)
Event: 2.079 Thread 0x0000000015764000  835   !   4       com.android.dx.util.IntList::<init> (37 bytes)
Event: 2.080 Thread 0x0000000015764000 nmethod 835 0x00000000033bc5d0 code [0x00000000033bc720, 0x00000000033bc858]
Event: 2.081 Thread 0x0000000015764000  837       4       com.android.dx.rop.code.RegisterSpec::equals (51 bytes)

GC Heap History (2 events):
Event: 1.804 GC heap before
{Heap before GC invocations=1 (full 0):
 PSYoungGen      total 18944K, used 16384K [0x00000000eab00000, 0x00000000ec000000, 0x0000000100000000)
  eden space 16384K, 100% used [0x00000000eab00000,0x00000000ebb00000,0x00000000ebb00000)
  from space 2560K, 0% used [0x00000000ebd80000,0x00000000ebd80000,0x00000000ec000000)
  to   space 2560K, 0% used [0x00000000ebb00000,0x00000000ebb00000,0x00000000ebd80000)
 ParOldGen       total 44032K, used 0K [0x00000000c0000000, 0x00000000c2b00000, 0x00000000eab00000)
  object space 44032K, 0% used [0x00000000c0000000,0x00000000c0000000,0x00000000c2b00000)
 Metaspace       used 5816K, capacity 6706K, committed 6784K, reserved 1056768K
  class space    used 601K, capacity 618K, committed 640K, reserved 1048576K
Event: 2.073 GC heap after
Heap after GC invocations=1 (full 0):
 PSYoungGen      total 18944K, used 2543K [0x00000000eab00000, 0x00000000ec000000, 0x0000000100000000)
  eden space 16384K, 0% used [0x00000000eab00000,0x00000000eab00000,0x00000000ebb00000)
  from space 2560K, 99% used [0x00000000ebb00000,0x00000000ebd7bc88,0x00000000ebd80000)
  to   space 2560K, 0% used [0x00000000ebd80000,0x00000000ebd80000,0x00000000ec000000)
 ParOldGen       total 44032K, used 1541K [0x00000000c0000000, 0x00000000c2b00000, 0x00000000eab00000)
  object space 44032K, 3% used [0x00000000c0000000,0x00000000c0181658,0x00000000c2b00000)
 Metaspace       used 5816K, capacity 6706K, committed 6784K, reserved 1056768K
  class space    used 601K, capacity 618K, committed 640K, reserved 1048576K
}

Deoptimization events (2 events):
Event: 1.421 Thread 0x0000000002e7e000 Uncommon trap: reason=unstable_if action=reinterpret pc=0x00000000033560f0 method=java.util.BitSet.ensureCapacity(I)V @ 6
Event: 1.469 Thread 0x0000000016d26800 Uncommon trap: reason=class_check action=maybe_recompile pc=0x0000000003353ef0 method=com.android.dx.ssa.NormalSsaInsn.accept(Lcom/android/dx/ssa/SsaInsn$Visitor;)V @ 9

Internal exceptions (2 events):
Event: 0.078 Thread 0x0000000002e7e000 Exception <a 'java/lang/NoSuchMethodError': Method sun.misc.Unsafe.defineClass(Ljava/lang/String;[BII)Ljava/lang/Class; name or signature does not match> (0x00000000eab07cc0) thrown at [C:\re\workspace\8-2-build-windows-amd64-cygwin\jdk8u91\6644\hotspot\sr£{—qâ³?
Event: 0.078 Thread 0x0000000002e7e000 Exception <a 'java/lang/NoSuchMethodError': Method sun.misc.Unsafe.prefetchRead(Ljava/lang/Object;J)V name or signature does not match> (0x00000000eab07fa8) thrown at [C:\re\workspace\8-2-build-windows-amd64-cygwin\jdk8u91\6644\hotspot\src\share\vm\prims\j

Events (10 events):
Event: 1.497 loading class com/android/dx/dex/file/UniformListItem
Event: 1.497 loading class com/android/dx/dex/file/UniformListItem done
Event: 1.497 loading class com/android/dx/dex/file/AnnotationSetRefItem
Event: 1.497 loading class com/android/dx/dex/file/AnnotationSetRefItem done
Event: 1.497 Executing VM operation: ForceSafepoint
Event: 1.778 Executing VM operation: ForceSafepoint done
Event: 1.796 loading class com/android/dx/dex/file/MethodAnnotationStruct
Event: 1.796 loading class com/android/dx/dex/file/MethodAnnotationStruct done
Event: 1.803 Executing VM operation: ParallelGCFailedAllocation
Event: 2.074 Executing VM operation: ParallelGCFailedAllocation done


Dynamic libraries:
0x00007ff794470000 - 0x00007ff7944a7000 	C:\Program Files\Java\jdk1.8.0_91\bin\java.exe
0x00007ffe745a0000 - 0x00007ffe74761000 	C:\WINDOWS\SYSTEM32\ntdll.dll
0x00007ffe71ae0000 - 0x00007ffe71b8d000 	C:\WINDOWS\system32\KERNEL32.DLL
0x00007ffe70e70000 - 0x00007ffe71058000 	C:\WINDOWS\system32\KERNELBASE.dll
0x00007ffe743b0000 - 0x00007ffe74457000 	C:\WINDOWS\system32\ADVAPI32.dll
0x00007ffe71a40000 - 0x00007ffe71add000 	C:\WINDOWS\system32\msvcrt.dll
0x00007ffe729a0000 - 0x00007ffe729fb000 	C:\WINDOWS\system32\sechost.dll
0x00007ffe725e0000 - 0x00007ffe726fc000 	C:\WINDOWS\system32\RPCRT4.dll
0x00007ffe71c90000 - 0x00007ffe71de6000 	C:\WINDOWS\system32\USER32.dll
0x00007ffe72810000 - 0x00007ffe72996000 	C:\WINDOWS\system32\GDI32.dll
0x00007ffe6de10000 - 0x00007ffe6e084000 	C:\WINDOWS\WinSxS\amd64_microsoft.windows.common-controls_6595b64144ccf1df_6.0.10586.494_none_a2d8b04ea53e3145\COMCTL32.dll
0x00007ffe72bb0000 - 0x00007ffe72e2d000 	C:\WINDOWS\system32\combase.dll
0x00007ffe71770000 - 0x00007ffe717da000 	C:\WINDOWS\system32\bcryptPrimitives.dll
0x00007ffe723f0000 - 0x00007ffe7242b000 	C:\WINDOWS\system32\IMM32.DLL
0x00007ffe70880000 - 0x00007ffe708b1000 	C:\Windows\system32\nvinitx.dll
0x00007ffe70870000 - 0x00007ffe7087a000 	C:\WINDOWS\SYSTEM32\VERSION.dll
0x00000000548d0000 - 0x00000000549a2000 	C:\Program Files\Java\jdk1.8.0_91\jre\bin\msvcr100.dll
0x0000000054d50000 - 0x00000000555e3000 	C:\Program Files\Java\jdk1.8.0_91\jre\bin\server\jvm.dll
0x00007ffe70dd0000 - 0x00007ffe70df3000 	C:\WINDOWS\system32\WINMM.dll
0x00007ffe70990000 - 0x00007ffe709bc000 	C:\WINDOWS\system32\WINMMBASE.dll
0x00007ffe70e20000 - 0x00007ffe70e63000 	C:\WINDOWS\system32\cfgmgr32.dll
0x00007ffe72280000 - 0x00007ffe72288000 	C:\WINDOWS\system32\PSAPI.DLL
0x00007ffe61cd0000 - 0x00007ffe61cd9000 	C:\WINDOWS\SYSTEM32\WSOCK32.dll
0x00007ffe72700000 - 0x00007ffe7276b000 	C:\WINDOWS\system32\WS2_32.dll
0x0000000054d40000 - 0x0000000054d4f000 	C:\Program Files\Java\jdk1.8.0_91\jre\bin\verify.dll
0x0000000054d10000 - 0x0000000054d39000 	C:\Program Files\Java\jdk1.8.0_91\jre\bin\java.dll
0x0000000054cf0000 - 0x0000000054d06000 	C:\Program Files\Java\jdk1.8.0_91\jre\bin\zip.dll
0x00007ffe72e30000 - 0x00007ffe7438c000 	C:\WINDOWS\system32\SHELL32.dll
0x00007ffe710c0000 - 0x00007ffe71705000 	C:\WINDOWS\system32\windows.storage.dll
0x00007ffe74540000 - 0x00007ffe74592000 	C:\WINDOWS\system32\shlwapi.dll
0x00007ffe709d0000 - 0x00007ffe709df000 	C:\WINDOWS\system32\kernel.appcore.dll
0x00007ffe70a00000 - 0x00007ffe70ab5000 	C:\WINDOWS\system32\shcore.dll
0x00007ffe71720000 - 0x00007ffe7176b000 	C:\WINDOWS\system32\powrprof.dll
0x00007ffe709e0000 - 0x00007ffe709f4000 	C:\WINDOWS\system32\profapi.dll

VM Arguments:
jvm_args: -Djava.awt.headless=true -Xmx1024M -Dfile.encoding=GBK -Duser.country=CN -Duser.language=zh -Duser.variant 
java_command: com.android.dx.command.Main --dex --force-jumbo --num-threads=4 --multi-dex --output D:\andriod_projects\smartHome\app\build\intermediates\transforms\dex\debug\folders\1000\10\com.android.support-design-23.3.0_b64c29804bb515ef7c97a8413ababd961eb1081b D:\andriod_projects\smartHome\app\build\intermediates\exploded-aar\com.android.support\design\23.3.0\jars\classes.jar
java_class_path (initial): D:\android\android_SDK\build-tools\23.0.3\lib\dx.jar
Launcher Type: SUN_STANDARD

Environment Variables:
JAVA_HOME=C:\Program Files (x86)\Java\jdk1.8.0_31
CLASSPATH=C:\Program Files (x86)\Java\jdk1.8.0_31\lib;C:\Program Files (x86)\Java\jdk1.8.0_31\lib\tools.jar;D:\andriod environment\adt-bundle-windows-x86-20131030\eclipse\plugins\org.apache.ant_1.8.3.v201301120609\lib;
PATH=C:\PROGRA~1\PTC\MKSTOO~1\bin64;C:\PROGRA~1\PTC\MKSTOO~1\bin;C:\PROGRA~1\PTC\MKSTOO~1\bin\X11;C:\PROGRA~1\PTC\MKSTOO~1\mksnt;C:\ProgramData\Oracle\Java\javapath;C:\Program Files (x86)\Intel\iCLS Client\;C:\Program Files\Intel\iCLS Client\;C:\Program Files (x86)\NVIDIA Corporation\PhysX\Common;C:\WINDOWS\system32;C:\WINDOWS;C:\WINDOWS\System32\Wbem;C:\WINDOWS\System32\WindowsPowerShell\v1.0\;C:\Program Files\Intel\Intel(R) Management Engine Components\DAL;C:\Program Files\Intel\Intel(R) Management Engine Components\IPT;C:\Program Files (x86)\Intel\Intel(R) Management Engine Components\DAL;C:\Program Files (x86)\Intel\Intel(R) Management Engine Components\IPT;C:\Program Files (x86)\Java\jdk1.8.0_31\bin;C:\Program Files (x86)\Java\jdk1.8.0_31\jre\bin;D:\andriod environment\adt-bundle-windows-x86-20131030\sdk\tools;D:\andriod environment\adt-bundle-windows-x86-20131030\sdk\platform-tools;D:\andriod environment\adt-bundle-windows-x86-20131030\eclipse\plugins\org.apache.ant_1.8.3.v201301120609\bin;C:\Program Files\nodejs\;D:\Git\cmd;D:\HMA! Pro VPN\bin
USERNAME=freedom
DISPLAY=:0.0
OS=Windows_NT
PROCESSOR_IDENTIFIER=Intel64 Family 6 Model 60 Stepping 3, GenuineIntel



---------------  S Y S T E M  ---------------

OS: Windows 10.0 , 64 bit Build 10586 (10.0.10586.0)

CPU:total 4 (2 cores per cpu, 2 threads per core) family 6 model 60 stepping 3, cmov, cx8, fxsr, mmx, sse, sse2, sse3, ssse3, sse4.1, sse4.2, popcnt, avx, avx2, aes, clmul, erms, lzcnt, ht, tsc, tscinvbit, bmi1, bmi2

Memory: 4k page, physical 4112564k(537700k free), swap 5685428k(3932k free)

vm_info: Java HotSpot(TM) 64-Bit Server VM (25.91-b14) for windows-amd64 JRE (1.8.0_91-b14), built on Apr  1 2016 00:58:32 by "java_re" with MS VC++ 10.0 (VS2010)

time: Sat Sep 03 14:18:43 2016
elapsed time: 2 seconds (0d 0h 0m 2s)

