#
# There is insufficient memory for the Java Runtime Environment to continue.
# Native memory allocation (malloc) failed to allocate 76144 bytes for Chunk::new
# Possible reasons:
#   The system is out of physical RAM or swap space
#   In 32 bit mode, the process size limit was hit
# Possible solutions:
#   Reduce memory load on the system
#   Increase physical memory or swap space
#   Check if swap backing store is full
#   Use 64 bit Java on a 64 bit OS
#   Decrease Java heap size (-Xmx/-Xms)
#   Decrease number of Java threads
#   Decrease Java thread stack sizes (-Xss)
#   Set larger code cache with -XX:ReservedCodeCacheSize=
# This output file may be truncated or incomplete.
#
#  Out of Memory Error (allocation.cpp:390), pid=12624, tid=14680
#
# JRE version: Java(TM) SE Runtime Environment (8.0_91-b14) (build 1.8.0_91-b14)
# Java VM: Java HotSpot(TM) 64-Bit Server VM (25.91-b14 mixed mode windows-amd64 compressed oops)
# Failed to write core dump. Minidumps are not enabled by default on client versions of Windows
#

---------------  T H R E A D  ---------------

Current thread (0x00000000157d3800):  JavaThread "C2 CompilerThread0" daemon [_thread_in_native, id=14680, stack(0x00000000170f0000,0x00000000171f0000)]

Stack: [0x00000000170f0000,0x00000000171f0000]
[error occurred during error reporting (printing stack bounds), id 0xc0000005]

Native frames: (J=compiled Java code, j=interpreted, Vv=VM code, C=native code)


Current CompileTask:
C2:   3341  684       4       com.android.dx.ssa.NormalSsaInsn::accept (25 bytes)


---------------  P R O C E S S  ---------------

Java Threads: ( => current thread )
  0x0000000016d65800 JavaThread "pool-2-thread-4" [_thread_in_Java, id=14316, stack(0x00000000179f0000,0x0000000017af0000)]
  0x0000000016d64800 JavaThread "pool-2-thread-3" [_thread_in_Java, id=14836, stack(0x00000000178f0000,0x00000000179f0000)]
  0x0000000016c5f800 JavaThread "pool-2-thread-2" [_thread_blocked, id=5784, stack(0x00000000177f0000,0x00000000178f0000)]
  0x0000000016c5e800 JavaThread "pool-3-thread-1" [_thread_blocked, id=6420, stack(0x00000000176f0000,0x00000000177f0000)]
  0x0000000016c5b800 JavaThread "pool-2-thread-1" [_thread_in_Java, id=6364, stack(0x00000000175f0000,0x00000000176f0000)]
  0x0000000016b5a800 JavaThread "Service Thread" daemon [_thread_blocked, id=10248, stack(0x00000000173f0000,0x00000000174f0000)]
  0x0000000016b55800 JavaThread "C1 CompilerThread2" daemon [_thread_in_native, id=10212, stack(0x00000000172f0000,0x00000000173f0000)]
  0x00000000157dc000 JavaThread "C2 CompilerThread1" daemon [_thread_in_native, id=14184, stack(0x00000000171f0000,0x00000000172f0000)]
=>0x00000000157d3800 JavaThread "C2 CompilerThread0" daemon [_thread_in_native, id=14680, stack(0x00000000170f0000,0x00000000171f0000)]
  0x00000000157d1800 JavaThread "Attach Listener" daemon [_thread_blocked, id=10844, stack(0x0000000016ff0000,0x00000000170f0000)]
  0x000000001578e000 JavaThread "Signal Dispatcher" daemon [_thread_blocked, id=12960, stack(0x0000000016ef0000,0x0000000016ff0000)]
  0x000000001576a800 JavaThread "Finalizer" daemon [_thread_blocked, id=13212, stack(0x00000000169f0000,0x0000000016af0000)]
  0x00000000030a0000 JavaThread "Reference Handler" daemon [_thread_blocked, id=10916, stack(0x00000000168f0000,0x00000000169f0000)]
  0x00000000011de000 JavaThread "main" [_thread_blocked, id=14112, stack(0x0000000002eb0000,0x0000000002fb0000)]

Other Threads:
  0x0000000015747800 VMThread [stack: 0x00000000167f0000,0x00000000168f0000] [id=11036]
  0x0000000016ba3000 WatcherThread [stack: 0x00000000174f0000,0x00000000175f0000] [id=13924]

VM state:not at safepoint (normal execution)

VM Mutex/Monitor currently owned by a thread:  ([mutex/lock_event])
[0x00000000011dd510] Heap_lock - owner thread: 0x0000000016c5f800

Heap:
 PSYoungGen      total 18944K, used 3286K [0x00000000eab00000, 0x00000000ec000000, 0x0000000100000000)
  eden space 16384K, 4% used [0x00000000eab00000,0x00000000eabb6010,0x00000000ebb00000)
  from space 2560K, 99% used [0x00000000ebb00000,0x00000000ebd7f848,0x00000000ebd80000)
  to   space 2560K, 0% used [0x00000000ebd80000,0x00000000ebd80000,0x00000000ec000000)
 ParOldGen       total 44032K, used 2406K [0x00000000c0000000, 0x00000000c2b00000, 0x00000000eab00000)
  object space 44032K, 5% used [0x00000000c0000000,0x00000000c0259958,0x00000000c2b00000)
 Metaspace       used 5883K, capacity 6774K, committed 7040K, reserved 1056768K
  class space    used 607K, capacity 622K, committed 640K, reserved 1048576K

Card table byte_map: [0x0000000012470000,0x0000000012680000] byte_map_base: 0x0000000011e70000

Marking Bits: (ParMarkBitMap*) 0x000000005aef2f70
 Begin Bits: [0x0000000012be0000, 0x0000000013be0000)
 End Bits:   [0x0000000013be0000, 0x0000000014be0000)

Polling page: 0x0000000001240000

CodeCache: size=245760Kb used=3259Kb max_used=3259Kb free=242500Kb
 bounds [0x00000000030b0000, 0x00000000033f0000, 0x00000000120b0000]
 total_blobs=1035 nmethods=764 adapters=184
 compilation: enabled

Compilation events (10 events):
Event: 3.034 Thread 0x00000000157dc000 nmethod 770 0x00000000033b9750 code [0x00000000033b9880, 0x00000000033b9918]
Event: 3.034 Thread 0x00000000157dc000  754       4       com.android.dx.ssa.NormalSsaInsn::getOpcode (8 bytes)
Event: 3.035 Thread 0x00000000157dc000 nmethod 754 0x00000000033b3a90 code [0x00000000033b3bc0, 0x00000000033b3c38]
Event: 3.035 Thread 0x00000000157dc000  753       4       java.util.ArrayList::remove (69 bytes)
Event: 3.037 Thread 0x00000000157dc000 nmethod 753 0x00000000033c5390 code [0x00000000033c54e0, 0x00000000033c5678]
Event: 3.037 Thread 0x00000000157dc000  765       4       com.android.dx.rop.code.RegisterSpecList::get (9 bytes)
Event: 3.038 Thread 0x00000000157dc000 nmethod 765 0x00000000033c5810 code [0x00000000033c5960, 0x00000000033c5a38]
Event: 3.038 Thread 0x00000000157dc000  773       4       java.lang.Long::numberOfTrailingZeros (116 bytes)
Event: 3.039 Thread 0x00000000157dc000 nmethod 773 0x00000000033c1790 code [0x00000000033c18c0, 0x00000000033c1998]
Event: 3.039 Thread 0x00000000157dc000  776       4       com.android.dx.cf.code.LineNumberList::pcToLine (73 bytes)

GC Heap History (2 events):
Event: 3.192 GC heap before
{Heap before GC invocations=1 (full 0):
 PSYoungGen      total 18944K, used 16384K [0x00000000eab00000, 0x00000000ec000000, 0x0000000100000000)
  eden space 16384K, 100% used [0x00000000eab00000,0x00000000ebb00000,0x00000000ebb00000)
  from space 2560K, 0% used [0x00000000ebd80000,0x00000000ebd80000,0x00000000ec000000)
  to   space 2560K, 0% used [0x00000000ebb00000,0x00000000ebb00000,0x00000000ebd80000)
 ParOldGen       total 44032K, used 0K [0x00000000c0000000, 0x00000000c2b00000, 0x00000000eab00000)
  object space 44032K, 0% used [0x00000000c0000000,0x00000000c0000000,0x00000000c2b00000)
 Metaspace       used 5881K, capacity 6774K, committed 7040K, reserved 1056768K
  class space    used 607K, capacity 622K, committed 640K, reserved 1048576K
Event: 3.333 GC heap after
Heap after GC invocations=1 (full 0):
 PSYoungGen      total 18944K, used 2558K [0x00000000eab00000, 0x00000000ec000000, 0x0000000100000000)
  eden space 16384K, 0% used [0x00000000eab00000,0x00000000eab00000,0x00000000ebb00000)
  from space 2560K, 99% used [0x00000000ebb00000,0x00000000ebd7f848,0x00000000ebd80000)
  to   space 2560K, 0% used [0x00000000ebd80000,0x00000000ebd80000,0x00000000ec000000)
 ParOldGen       total 44032K, used 2406K [0x00000000c0000000, 0x00000000c2b00000, 0x00000000eab00000)
  object space 44032K, 5% used [0x00000000c0000000,0x00000000c0259958,0x00000000c2b00000)
 Metaspace       used 5881K, capacity 6774K, committed 7040K, reserved 1056768K
  class space    used 607K, capacity 622K, committed 640K, reserved 1048576K
}

Deoptimization events (1 events):
Event: 2.930 Thread 0x00000000011de000 Uncommon trap: reason=unstable_if action=reinterpret pc=0x00000000032ebc64 method=java.util.HashMap.getNode(ILjava/lang/Object;)Ljava/util/HashMap$Node; @ 129

Internal exceptions (2 events):
Event: 0.661 Thread 0x00000000011de000 Exception <a 'java/lang/NoSuchMethodError': Method sun.misc.Unsafe.defineClass(Ljava/lang/String;[BII)Ljava/lang/Class; name or signature does not match> (0x00000000eab07cc0) thrown at [C:\re\workspace\8-2-build-windows-amd64-cygwin\jdk8u91\6644\hotspot\sr¯Í•• (å?
Event: 0.661 Thread 0x00000000011de000 Exception <a 'java/lang/NoSuchMethodError': Method sun.misc.Unsafe.prefetchRead(Ljava/lang/Object;J)V name or signature does not match> (0x00000000eab07fa8) thrown at [C:\re\workspace\8-2-build-windows-amd64-cygwin\jdk8u91\6644\hotspot\src\share\vm\prims\j

Events (10 events):
Event: 3.039 Thread 0x0000000016c5b800 DEOPT PACKING pc=0x00000000032affaf sp=0x00000000176ee310
Event: 3.039 Thread 0x0000000016c5b800 DEOPT UNPACKING pc=0x00000000030f787f sp=0x00000000176ee030 mode 0
Event: 3.039 Executing VM operation: ForceSafepoint
Event: 3.174 Executing VM operation: ForceSafepoint done
Event: 3.186 loading class java/util/HashMap$KeySet
Event: 3.186 loading class java/util/HashMap$KeySet done
Event: 3.186 loading class java/util/HashMap$KeyIterator
Event: 3.186 loading class java/util/HashMap$KeyIterator done
Event: 3.191 Executing VM operation: ParallelGCFailedAllocation
Event: 3.333 Executing VM operation: ParallelGCFailedAllocation done


Dynamic libraries:
0x00007ff628660000 - 0x00007ff628697000 	C:\Program Files\Java\jdk1.8.0_91\bin\java.exe
0x00007ff81f620000 - 0x00007ff81f7e1000 	C:\WINDOWS\SYSTEM32\ntdll.dll
0x00007ff81f4a0000 - 0x00007ff81f54d000 	C:\WINDOWS\system32\KERNEL32.DLL
0x00007ff81c550000 - 0x00007ff81c738000 	C:\WINDOWS\system32\KERNELBASE.dll
0x00007ff81f550000 - 0x00007ff81f5f7000 	C:\WINDOWS\system32\ADVAPI32.dll
0x00007ff81eb80000 - 0x00007ff81ec1d000 	C:\WINDOWS\system32\msvcrt.dll
0x00007ff81cae0000 - 0x00007ff81cb3b000 	C:\WINDOWS\system32\sechost.dll
0x00007ff81cec0000 - 0x00007ff81cfdc000 	C:\WINDOWS\system32\RPCRT4.dll
0x00007ff81cfe0000 - 0x00007ff81d136000 	C:\WINDOWS\system32\USER32.dll
0x00007ff81e920000 - 0x00007ff81eaa6000 	C:\WINDOWS\system32\GDI32.dll
0x00007ff818900000 - 0x00007ff818b74000 	C:\WINDOWS\WinSxS\amd64_microsoft.windows.common-controls_6595b64144ccf1df_6.0.10586.494_none_a2d8b04ea53e3145\COMCTL32.dll
0x00007ff81c860000 - 0x00007ff81cadd000 	C:\WINDOWS\system32\combase.dll
0x00007ff81c7c0000 - 0x00007ff81c82a000 	C:\WINDOWS\system32\bcryptPrimitives.dll
0x00007ff81e8e0000 - 0x00007ff81e91b000 	C:\WINDOWS\system32\IMM32.DLL
0x00007ff81b900000 - 0x00007ff81b931000 	C:\Windows\system32\nvinitx.dll
0x00007ff81b8f0000 - 0x00007ff81b8fa000 	C:\WINDOWS\SYSTEM32\VERSION.dll
0x000000005b100000 - 0x000000005b1d2000 	C:\Program Files\Java\jdk1.8.0_91\jre\bin\msvcr100.dll
0x000000005a6e0000 - 0x000000005af73000 	C:\Program Files\Java\jdk1.8.0_91\jre\bin\server\jvm.dll
0x00007ff81c830000 - 0x00007ff81c853000 	C:\WINDOWS\system32\WINMM.dll
0x00007ff81ba50000 - 0x00007ff81ba7c000 	C:\WINDOWS\system32\WINMMBASE.dll
0x00007ff81be20000 - 0x00007ff81be63000 	C:\WINDOWS\system32\cfgmgr32.dll
0x00007ff81ec20000 - 0x00007ff81ec28000 	C:\WINDOWS\system32\PSAPI.DLL
0x00007ff80d950000 - 0x00007ff80d959000 	C:\WINDOWS\SYSTEM32\WSOCK32.dll
0x00007ff81cb40000 - 0x00007ff81cbab000 	C:\WINDOWS\system32\WS2_32.dll
0x000000005b570000 - 0x000000005b57f000 	C:\Program Files\Java\jdk1.8.0_91\jre\bin\verify.dll
0x000000005b540000 - 0x000000005b569000 	C:\Program Files\Java\jdk1.8.0_91\jre\bin\java.dll
0x000000005b520000 - 0x000000005b536000 	C:\Program Files\Java\jdk1.8.0_91\jre\bin\zip.dll
0x00007ff81d1a0000 - 0x00007ff81e6fc000 	C:\WINDOWS\system32\SHELL32.dll
0x00007ff81be70000 - 0x00007ff81c4b5000 	C:\WINDOWS\system32\windows.storage.dll
0x00007ff81d140000 - 0x00007ff81d192000 	C:\WINDOWS\system32\shlwapi.dll
0x00007ff81ba40000 - 0x00007ff81ba4f000 	C:\WINDOWS\system32\kernel.appcore.dll
0x00007ff81ba80000 - 0x00007ff81bb35000 	C:\WINDOWS\system32\shcore.dll
0x00007ff81bdd0000 - 0x00007ff81be1b000 	C:\WINDOWS\system32\powrprof.dll
0x00007ff81ba10000 - 0x00007ff81ba24000 	C:\WINDOWS\system32\profapi.dll

VM Arguments:
jvm_args: -Djava.awt.headless=true -Xmx1024M -Dfile.encoding=GBK -Duser.country=CN -Duser.language=zh -Duser.variant 
java_command: com.android.dx.command.Main --dex --force-jumbo --num-threads=4 --multi-dex --output D:\andriod_projects\smartHome\app\build\intermediates\transforms\dex\debug\folders\1000\10\com.android.support-support-vector-drawable-23.3.0_5549fe53f1b2ddf7b351d81e8b300eddf7339ca0 D:\andriod_projects\smartHome\app\build\intermediates\exploded-aar\com.android.support\support-vector-drawable\23.3.0\jars\classes.jar
java_class_path (initial): D:\android\android_SDK\build-tools\23.0.3\lib\dx.jar
Launcher Type: SUN_STANDARD

Environment Variables:
JAVA_HOME=C:\Program Files (x86)\Java\jdk1.8.0_31
CLASSPATH=C:\Program Files (x86)\Java\jdk1.8.0_31\lib;C:\Program Files (x86)\Java\jdk1.8.0_31\lib\tools.jar;D:\andriod environment\adt-bundle-windows-x86-20131030\eclipse\plugins\org.apache.ant_1.8.3.v201301120609\lib;
PATH=C:\PROGRA~1\PTC\MKSTOO~1\bin64;C:\PROGRA~1\PTC\MKSTOO~1\bin;C:\PROGRA~1\PTC\MKSTOO~1\bin\X11;C:\PROGRA~1\PTC\MKSTOO~1\mksnt;C:\ProgramData\Oracle\Java\javapath;C:\Program Files (x86)\Intel\iCLS Client\;C:\Program Files\Intel\iCLS Client\;C:\Program Files (x86)\NVIDIA Corporation\PhysX\Common;C:\WINDOWS\system32;C:\WINDOWS;C:\WINDOWS\System32\Wbem;C:\WINDOWS\System32\WindowsPowerShell\v1.0\;C:\Program Files\Intel\Intel(R) Management Engine Components\DAL;C:\Program Files\Intel\Intel(R) Management Engine Components\IPT;C:\Program Files (x86)\Intel\Intel(R) Management Engine Components\DAL;C:\Program Files (x86)\Intel\Intel(R) Management Engine Components\IPT;C:\Program Files (x86)\Java\jdk1.8.0_31\bin;C:\Program Files (x86)\Java\jdk1.8.0_31\jre\bin;D:\andriod environment\adt-bundle-windows-x86-20131030\sdk\tools;D:\andriod environment\adt-bundle-windows-x86-20131030\sdk\platform-tools;D:\andriod environment\adt-bundle-windows-x86-20131030\eclipse\plugins\org.apache.ant_1.8.3.v201301120609\bin;C:\Program Files\nodejs\;D:\Git\cmd;D:\HMA! Pro VPN\bin
USERNAME=freedom
DISPLAY=:0.0
OS=Windows_NT
PROCESSOR_IDENTIFIER=Intel64 Family 6 Model 60 Stepping 3, GenuineIntel



---------------  S Y S T E M  ---------------

OS: Windows 10.0 , 64 bit Build 10586 (10.0.10586.0)

CPU:total 4 (2 cores per cpu, 2 threads per core) family 6 model 60 stepping 3, cmov, cx8, fxsr, mmx, sse, sse2, sse3, ssse3, sse4.1, sse4.2, popcnt, avx, avx2, aes, clmul, erms, lzcnt, ht, tsc, tscinvbit, bmi1, bmi2

Memory: 4k page, physical 4112564k(507872k free), swap 5685428k(5124k free)

vm_info: Java HotSpot(TM) 64-Bit Server VM (25.91-b14) for windows-amd64 JRE (1.8.0_91-b14), built on Apr  1 2016 00:58:32 by "java_re" with MS VC++ 10.0 (VS2010)

time: Sun Aug 21 15:30:35 2016
elapsed time: 3 seconds (0d 0h 0m 3s)

