#
# There is insufficient memory for the Java Runtime Environment to continue.
# Native memory allocation (malloc) failed to allocate 192288 bytes for Chunk::new
# Possible reasons:
#   The system is out of physical RAM or swap space
#   In 32 bit mode, the process size limit was hit
# Possible solutions:
#   Reduce memory load on the system
#   Increase physical memory or swap space
#   Check if swap backing store is full
#   Use 64 bit Java on a 64 bit OS
#   Decrease Java heap size (-Xmx/-Xms)
#   Decrease number of Java threads
#   Decrease Java thread stack sizes (-Xss)
#   Set larger code cache with -XX:ReservedCodeCacheSize=
# This output file may be truncated or incomplete.
#
#  Out of Memory Error (allocation.cpp:390), pid=13096, tid=7852
#
# JRE version: Java(TM) SE Runtime Environment (8.0_91-b14) (build 1.8.0_91-b14)
# Java VM: Java HotSpot(TM) 64-Bit Server VM (25.91-b14 mixed mode windows-amd64 compressed oops)
# Failed to write core dump. Minidumps are not enabled by default on client versions of Windows
#

---------------  T H R E A D  ---------------

Current thread (0x0000000015c3c800):  JavaThread "C2 CompilerThread1" daemon [_thread_in_native, id=7852, stack(0x0000000017640000,0x0000000017740000)]

Stack: [0x0000000017640000,0x0000000017740000]
[error occurred during error reporting (printing stack bounds), id 0xc0000005]

Native frames: (J=compiled Java code, j=interpreted, Vv=VM code, C=native code)


Current CompileTask:
C2:   8005 1639       4       com.android.dx.dex.code.RopToDop::dopFor (792 bytes)


---------------  P R O C E S S  ---------------

Java Threads: ( => current thread )
  0x0000000017201000 JavaThread "pool-1-thread-4" [_thread_blocked, id=9756, stack(0x0000000017e40000,0x0000000017f40000)]
  0x0000000017200000 JavaThread "pool-1-thread-3" [_thread_in_vm, id=7916, stack(0x0000000017d40000,0x0000000017e40000)]
  0x00000000171ff800 JavaThread "pool-1-thread-2" [_thread_blocked, id=10604, stack(0x0000000017c40000,0x0000000017d40000)]
  0x00000000171fe800 JavaThread "pool-2-thread-1" [_thread_blocked, id=9824, stack(0x0000000017b40000,0x0000000017c40000)]
  0x00000000171fc000 JavaThread "pool-1-thread-1" [_thread_blocked, id=3460, stack(0x0000000017a40000,0x0000000017b40000)]
  0x0000000016fb1000 JavaThread "Service Thread" daemon [_thread_blocked, id=4792, stack(0x0000000017840000,0x0000000017940000)]
  0x0000000016fab800 JavaThread "C1 CompilerThread2" daemon [_thread_blocked, id=5884, stack(0x0000000017740000,0x0000000017840000)]
=>0x0000000015c3c800 JavaThread "C2 CompilerThread1" daemon [_thread_in_native, id=7852, stack(0x0000000017640000,0x0000000017740000)]
  0x0000000015c3a800 JavaThread "C2 CompilerThread0" daemon [_thread_in_native, id=8260, stack(0x0000000017540000,0x0000000017640000)]
  0x0000000015c38800 JavaThread "Attach Listener" daemon [_thread_blocked, id=13304, stack(0x0000000017440000,0x0000000017540000)]
  0x0000000016f50800 JavaThread "Signal Dispatcher" daemon [_thread_blocked, id=13048, stack(0x0000000017340000,0x0000000017440000)]
  0x0000000015bca000 JavaThread "Finalizer" daemon [_thread_blocked, id=9764, stack(0x0000000016e40000,0x0000000016f40000)]
  0x0000000015ba8800 JavaThread "Reference Handler" daemon [_thread_blocked, id=2012, stack(0x0000000016d40000,0x0000000016e40000)]
  0x000000000350e800 JavaThread "main" [_thread_in_Java, id=3564, stack(0x0000000002e90000,0x0000000002f90000)]

Other Threads:
  0x0000000015ba8000 VMThread [stack: 0x0000000016c40000,0x0000000016d40000] [id=7896]
  0x0000000016fd6800 WatcherThread [stack: 0x0000000017940000,0x0000000017a40000] [id=232]

VM state:not at safepoint (normal execution)

VM Mutex/Monitor currently owned by a thread: None

Heap:
 PSYoungGen      total 35328K, used 19514K [0x00000000eab00000, 0x00000000ef000000, 0x0000000100000000)
  eden space 32768K, 51% used [0x00000000eab00000,0x00000000ebb8ed80,0x00000000ecb00000)
  from space 2560K, 99% used [0x00000000ecb00000,0x00000000ecd7faa8,0x00000000ecd80000)
  to   space 2560K, 0% used [0x00000000eed80000,0x00000000eed80000,0x00000000ef000000)
 ParOldGen       total 44032K, used 8543K [0x00000000c0000000, 0x00000000c2b00000, 0x00000000eab00000)
  object space 44032K, 19% used [0x00000000c0000000,0x00000000c0857da0,0x00000000c2b00000)
 Metaspace       used 6276K, capacity 7094K, committed 7296K, reserved 1056768K
  class space    used 608K, capacity 622K, committed 640K, reserved 1048576K

Card table byte_map: [0x00000000128d0000,0x0000000012ae0000] byte_map_base: 0x00000000122d0000

Marking Bits: (ParMarkBitMap*) 0x000000006f492f70
 Begin Bits: [0x0000000013040000, 0x0000000014040000)
 End Bits:   [0x0000000014040000, 0x0000000015040000)

Polling page: 0x00000000017d0000

CodeCache: size=245760Kb used=7129Kb max_used=7154Kb free=238630Kb
 bounds [0x0000000003510000, 0x0000000003c20000, 0x0000000012510000]
 total_blobs=1907 nmethods=1636 adapters=184
 compilation: enabled

Compilation events (10 events):
Event: 7.942 Thread 0x0000000015c3c800 nmethod 1635 0x0000000003bf16d0 code [0x0000000003bf1820, 0x0000000003bf1bb8]
Event: 7.942 Thread 0x0000000015c3c800 1636       4       java.util.ArrayList::fastRemove (57 bytes)
Event: 7.944 Thread 0x0000000015c3c800 nmethod 1636 0x0000000003bf1290 code [0x0000000003bf13e0, 0x0000000003bf1538]
Event: 7.944 Thread 0x0000000015c3c800 1637       4       com.android.dx.ssa.back.FirstFitLocalCombiningAllocator$Alignment$3::nextClearBit (6 bytes)
Event: 7.945 Thread 0x0000000015c3c800 nmethod 1637 0x0000000003be2d10 code [0x0000000003be2e60, 0x0000000003be2f98]
Event: 7.946 Thread 0x0000000015c3c800 1638       4       com.android.dx.rop.code.RegisterSpecSet::size (49 bytes)
Event: 7.948 Thread 0x0000000015c3c800 nmethod 1638 0x0000000003be29d0 code [0x0000000003be2b00, 0x0000000003be2c38]
Event: 7.948 Thread 0x0000000015c3c800 1639       4       com.android.dx.dex.code.RopToDop::dopFor (792 bytes)
Event: 7.987 Thread 0x0000000015c3a800 nmethod 1629 0x0000000003c11810 code [0x0000000003c11c80, 0x0000000003c15340]
Event: 7.987 Thread 0x0000000015c3a800 1640   !   4       com.android.dx.cf.code.BytecodeArray::parseInstruction (2764 bytes)

GC Heap History (6 events):
Event: 5.151 GC heap before
{Heap before GC invocations=1 (full 0):
 PSYoungGen      total 18944K, used 16384K [0x00000000eab00000, 0x00000000ec000000, 0x0000000100000000)
  eden space 16384K, 100% used [0x00000000eab00000,0x00000000ebb00000,0x00000000ebb00000)
  from space 2560K, 0% used [0x00000000ebd80000,0x00000000ebd80000,0x00000000ec000000)
  to   space 2560K, 0% used [0x00000000ebb00000,0x00000000ebb00000,0x00000000ebd80000)
 ParOldGen       total 44032K, used 0K [0x00000000c0000000, 0x00000000c2b00000, 0x00000000eab00000)
  object space 44032K, 0% used [0x00000000c0000000,0x00000000c0000000,0x00000000c2b00000)
 Metaspace       used 5603K, capacity 6516K, committed 6784K, reserved 1056768K
  class space    used 602K, capacity 620K, committed 640K, reserved 1048576K
Event: 5.242 GC heap after
Heap after GC invocations=1 (full 0):
 PSYoungGen      total 18944K, used 2556K [0x00000000eab00000, 0x00000000ed000000, 0x0000000100000000)
  eden space 16384K, 0% used [0x00000000eab00000,0x00000000eab00000,0x00000000ebb00000)
  from space 2560K, 99% used [0x00000000ebb00000,0x00000000ebd7f298,0x00000000ebd80000)
  to   space 2560K, 0% used [0x00000000ecd80000,0x00000000ecd80000,0x00000000ed000000)
 ParOldGen       total 44032K, used 1061K [0x00000000c0000000, 0x00000000c2b00000, 0x00000000eab00000)
  object space 44032K, 2% used [0x00000000c0000000,0x00000000c0109530,0x00000000c2b00000)
 Metaspace       used 5603K, capacity 6516K, committed 6784K, reserved 1056768K
  class space    used 602K, capacity 620K, committed 640K, reserved 1048576K
}
Event: 6.046 GC heap before
{Heap before GC invocations=2 (full 0):
 PSYoungGen      total 18944K, used 18940K [0x00000000eab00000, 0x00000000ed000000, 0x0000000100000000)
  eden space 16384K, 100% used [0x00000000eab00000,0x00000000ebb00000,0x00000000ebb00000)
  from space 2560K, 99% used [0x00000000ebb00000,0x00000000ebd7f298,0x00000000ebd80000)
  to   space 2560K, 0% used [0x00000000ecd80000,0x00000000ecd80000,0x00000000ed000000)
 ParOldGen       total 44032K, used 1061K [0x00000000c0000000, 0x00000000c2b00000, 0x00000000eab00000)
  object space 44032K, 2% used [0x00000000c0000000,0x00000000c0109530,0x00000000c2b00000)
 Metaspace       used 6068K, capacity 6902K, committed 7040K, reserved 1056768K
  class space    used 607K, capacity 622K, committed 640K, reserved 1048576K
Event: 6.184 GC heap after
Heap after GC invocations=2 (full 0):
 PSYoungGen      total 35328K, used 2537K [0x00000000eab00000, 0x00000000ed000000, 0x0000000100000000)
  eden space 32768K, 0% used [0x00000000eab00000,0x00000000eab00000,0x00000000ecb00000)
  from space 2560K, 99% used [0x00000000ecd80000,0x00000000ecffa698,0x00000000ed000000)
  to   space 2560K, 0% used [0x00000000ecb00000,0x00000000ecb00000,0x00000000ecd80000)
 ParOldGen       total 44032K, used 3041K [0x00000000c0000000, 0x00000000c2b00000, 0x00000000eab00000)
  object space 44032K, 6% used [0x00000000c0000000,0x00000000c02f87d8,0x00000000c2b00000)
 Metaspace       used 6068K, capacity 6902K, committed 7040K, reserved 1056768K
  class space    used 607K, capacity 622K, committed 640K, reserved 1048576K
}
Event: 7.021 GC heap before
{Heap before GC invocations=3 (full 0):
 PSYoungGen      total 35328K, used 35305K [0x00000000eab00000, 0x00000000ed000000, 0x0000000100000000)
  eden space 32768K, 100% used [0x00000000eab00000,0x00000000ecb00000,0x00000000ecb00000)
  from space 2560K, 99% used [0x00000000ecd80000,0x00000000ecffa698,0x00000000ed000000)
  to   space 2560K, 0% used [0x00000000ecb00000,0x00000000ecb00000,0x00000000ecd80000)
 ParOldGen       total 44032K, used 3041K [0x00000000c0000000, 0x00000000c2b00000, 0x00000000eab00000)
  object space 44032K, 6% used [0x00000000c0000000,0x00000000c02f87d8,0x00000000c2b00000)
 Metaspace       used 6258K, capacity 7094K, committed 7296K, reserved 1056768K
  class space    used 607K, capacity 622K, committed 640K, reserved 1048576K
Event: 7.047 GC heap after
Heap after GC invocations=3 (full 0):
 PSYoungGen      total 35328K, used 2558K [0x00000000eab00000, 0x00000000ef000000, 0x0000000100000000)
  eden space 32768K, 0% used [0x00000000eab00000,0x00000000eab00000,0x00000000ecb00000)
  from space 2560K, 99% used [0x00000000ecb00000,0x00000000ecd7faa8,0x00000000ecd80000)
  to   space 2560K, 0% used [0x00000000eed80000,0x00000000eed80000,0x00000000ef000000)
 ParOldGen       total 44032K, used 8543K [0x00000000c0000000, 0x00000000c2b00000, 0x00000000eab00000)
  object space 44032K, 19% used [0x00000000c0000000,0x00000000c0857da0,0x00000000c2b00000)
 Metaspace       used 6258K, capacity 7094K, committed 7296K, reserved 1056768K
  class space    used 607K, capacity 622K, committed 640K, reserved 1048576K
}

Deoptimization events (10 events):
Event: 6.971 Thread 0x00000000171ff800 Uncommon trap: reason=bimorphic action=maybe_recompile pc=0x00000000039c514c method=java.util.HashMap.putVal(ILjava/lang/Object;Ljava/lang/Object;ZZ)Ljava/lang/Object; @ 203
Event: 7.053 Thread 0x00000000171fc000 Uncommon trap: reason=class_check action=maybe_recompile pc=0x0000000003abf3e4 method=com.android.dx.rop.code.RegisterSpec.withSimpleType()Lcom/android/dx/rop/code/RegisterSpec; @ 21
Event: 7.053 Thread 0x0000000017201000 Uncommon trap: reason=bimorphic action=maybe_recompile pc=0x0000000003757e70 method=java.util.HashMap.getNode(ILjava/lang/Object;)Ljava/util/HashMap$Node; @ 126
Event: 7.053 Thread 0x0000000017201000 Uncommon trap: reason=bimorphic action=maybe_recompile pc=0x0000000003757e70 method=java.util.HashMap.getNode(ILjava/lang/Object;)Ljava/util/HashMap$Node; @ 126
Event: 7.053 Thread 0x0000000017201000 Uncommon trap: reason=unstable_if action=reinterpret pc=0x000000000378139c method=com.android.dx.rop.cst.Constant.compareTo(Lcom/android/dx/rop/cst/Constant;)I @ 12
Event: 7.055 Thread 0x00000000171fc000 Uncommon trap: reason=class_check action=maybe_recompile pc=0x0000000003abf3e4 method=com.android.dx.rop.code.RegisterSpec.withSimpleType()Lcom/android/dx/rop/code/RegisterSpec; @ 21
Event: 7.074 Thread 0x0000000017200000 Uncommon trap: reason=unstable_if action=reinterpret pc=0x0000000003abf028 method=com.android.dx.rop.code.RegisterSpecSet.localItemToSpec(Lcom/android/dx/rop/code/LocalItem;)Lcom/android/dx/rop/code/RegisterSpec; @ 35
Event: 7.249 Thread 0x000000000350e800 Uncommon trap: reason=bimorphic action=maybe_recompile pc=0x0000000003bc90e0 method=com.android.dx.ssa.SCCP.simulatePhi(Lcom/android/dx/ssa/PhiInsn;)V @ 124
Event: 7.249 Thread 0x000000000350e800 Uncommon trap: reason=bimorphic action=maybe_recompile pc=0x0000000003bc90e0 method=com.android.dx.ssa.SCCP.simulatePhi(Lcom/android/dx/ssa/PhiInsn;)V @ 124
Event: 7.255 Thread 0x000000000350e800 Uncommon trap: reason=bimorphic action=maybe_recompile pc=0x0000000003bc90e0 method=com.android.dx.ssa.SCCP.simulatePhi(Lcom/android/dx/ssa/PhiInsn;)V @ 124

Internal exceptions (2 events):
Event: 0.055 Thread 0x000000000350e800 Exception <a 'java/lang/NoSuchMethodError': Method sun.misc.Unsafe.defineClass(Ljava/lang/String;[BII)Ljava/lang/Class; name or signature does not match> (0x00000000eab07cc0) thrown at [C:\re\workspace\8-2-build-windows-amd64-cygwin\jdk8u91\6644\hotspot\srçeòs√¨?
Event: 0.055 Thread 0x000000000350e800 Exception <a 'java/lang/NoSuchMethodError': Method sun.misc.Unsafe.prefetchRead(Ljava/lang/Object;J)V name or signature does not match> (0x00000000eab07fa8) thrown at [C:\re\workspace\8-2-build-windows-amd64-cygwin\jdk8u91\6644\hotspot\src\share\vm\prims\j

Events (10 events):
Event: 7.249 Thread 0x000000000350e800 DEOPT PACKING pc=0x0000000003bc90e0 sp=0x0000000002f8e4f0
Event: 7.249 Thread 0x000000000350e800 DEOPT UNPACKING pc=0x000000000355582a sp=0x0000000002f8e478 mode 2
Event: 7.249 Thread 0x000000000350e800 Uncommon trap: trap_request=0xffffffc6 fr.pc=0x0000000003bc90e0
Event: 7.249 Thread 0x000000000350e800 DEOPT PACKING pc=0x0000000003bc90e0 sp=0x0000000002f8e4f0
Event: 7.249 Thread 0x000000000350e800 DEOPT UNPACKING pc=0x000000000355582a sp=0x0000000002f8e478 mode 2
Event: 7.255 Thread 0x000000000350e800 Uncommon trap: trap_request=0xffffffc6 fr.pc=0x0000000003bc90e0
Event: 7.255 Thread 0x000000000350e800 DEOPT PACKING pc=0x0000000003bc90e0 sp=0x0000000002f8e4f0
Event: 7.255 Thread 0x000000000350e800 DEOPT UNPACKING pc=0x000000000355582a sp=0x0000000002f8e478 mode 2
Event: 7.864 loading class com/android/dx/rop/code/RegisterSpec$1
Event: 7.864 loading class com/android/dx/rop/code/RegisterSpec$1 done


Dynamic libraries:
0x00007ff7e4fe0000 - 0x00007ff7e5017000 	C:\Program Files\Java\jdk1.8.0_91\bin\java.exe
0x00007ff890500000 - 0x00007ff8906d1000 	C:\WINDOWS\SYSTEM32\ntdll.dll
0x00007ff88dd30000 - 0x00007ff88dddb000 	C:\WINDOWS\System32\KERNEL32.DLL
0x00007ff88cb40000 - 0x00007ff88cd5d000 	C:\WINDOWS\System32\KERNELBASE.dll
0x00007ff88dae0000 - 0x00007ff88db82000 	C:\WINDOWS\System32\ADVAPI32.dll
0x00007ff88ea10000 - 0x00007ff88eaae000 	C:\WINDOWS\System32\msvcrt.dll
0x00007ff88eed0000 - 0x00007ff88ef29000 	C:\WINDOWS\System32\sechost.dll
0x00007ff88df20000 - 0x00007ff88e041000 	C:\WINDOWS\System32\RPCRT4.dll
0x00007ff88e0b0000 - 0x00007ff88e215000 	C:\WINDOWS\System32\USER32.dll
0x00007ff88d800000 - 0x00007ff88d81e000 	C:\WINDOWS\System32\win32u.dll
0x00007ff88dde0000 - 0x00007ff88de14000 	C:\WINDOWS\System32\GDI32.dll
0x00007ff88d440000 - 0x00007ff88d5c2000 	C:\WINDOWS\System32\gdi32full.dll
0x00007ff888440000 - 0x00007ff8886b9000 	C:\WINDOWS\WinSxS\amd64_microsoft.windows.common-controls_6595b64144ccf1df_6.0.14393.0_none_2d0f50fcbdb171b8\COMCTL32.dll
0x00007ff88ec00000 - 0x00007ff88eec7000 	C:\WINDOWS\System32\combase.dll
0x00007ff88c810000 - 0x00007ff88c905000 	C:\WINDOWS\System32\ucrtbase.dll
0x00007ff88c7a0000 - 0x00007ff88c80a000 	C:\WINDOWS\System32\bcryptPrimitives.dll
0x00007ff88e3d0000 - 0x00007ff88e3fe000 	C:\WINDOWS\System32\IMM32.DLL
0x0000000070910000 - 0x00000000709e2000 	C:\Program Files\Java\jdk1.8.0_91\jre\bin\msvcr100.dll
0x000000006ec80000 - 0x000000006f513000 	C:\Program Files\Java\jdk1.8.0_91\jre\bin\server\jvm.dll
0x00007ff88d720000 - 0x00007ff88d743000 	C:\WINDOWS\System32\WINMM.dll
0x00007ff88c760000 - 0x00007ff88c78b000 	C:\WINDOWS\System32\WINMMBASE.dll
0x00007ff88d880000 - 0x00007ff88d8c2000 	C:\WINDOWS\System32\cfgmgr32.dll
0x00007ff88e3c0000 - 0x00007ff88e3c8000 	C:\WINDOWS\System32\PSAPI.DLL
0x00007ff881820000 - 0x00007ff881829000 	C:\WINDOWS\SYSTEM32\WSOCK32.dll
0x00007ff88d8d0000 - 0x00007ff88d93a000 	C:\WINDOWS\System32\WS2_32.dll
0x00007ff888fc0000 - 0x00007ff888fca000 	C:\WINDOWS\SYSTEM32\VERSION.dll
0x0000000070c30000 - 0x0000000070c3f000 	C:\Program Files\Java\jdk1.8.0_91\jre\bin\verify.dll
0x00000000708e0000 - 0x0000000070909000 	C:\Program Files\Java\jdk1.8.0_91\jre\bin\java.dll
0x00000000708c0000 - 0x00000000708d6000 	C:\Program Files\Java\jdk1.8.0_91\jre\bin\zip.dll
0x00007ff88eff0000 - 0x00007ff8904f8000 	C:\WINDOWS\System32\SHELL32.dll
0x00007ff88cd60000 - 0x00007ff88d43a000 	C:\WINDOWS\System32\windows.storage.dll
0x00007ff88c910000 - 0x00007ff88c95c000 	C:\WINDOWS\System32\powrprof.dll
0x00007ff88d940000 - 0x00007ff88d992000 	C:\WINDOWS\System32\shlwapi.dll
0x00007ff88c750000 - 0x00007ff88c75f000 	C:\WINDOWS\System32\kernel.appcore.dll
0x00007ff88d750000 - 0x00007ff88d7f9000 	C:\WINDOWS\System32\shcore.dll
0x00007ff88c730000 - 0x00007ff88c744000 	C:\WINDOWS\System32\profapi.dll

VM Arguments:
jvm_args: -Djava.awt.headless=true -Xmx1024M -Dfile.encoding=GBK -Duser.country=CN -Duser.language=zh -Duser.variant 
java_command: com.android.dx.command.Main --dex --force-jumbo --num-threads=4 --output D:\andriod_projects\smartHome\app\build\intermediates\pre-dexed\debug\com.android.support-appcompat-v7-23.3.0_08b6caf9083ef3333c1d2d027f917b3b9e753913.jar D:\andriod_projects\smartHome\app\build\intermediates\exploded-aar\com.android.support\appcompat-v7\23.3.0\jars\classes.jar
java_class_path (initial): D:\android\android_SDK\build-tools\23.0.3\lib\dx.jar
Launcher Type: SUN_STANDARD

Environment Variables:
JAVA_HOME=C:\Program Files (x86)\Java\jdk1.8.0_31
CLASSPATH=C:\Program Files (x86)\Java\jdk1.8.0_31\lib;C:\Program Files (x86)\Java\jdk1.8.0_31\lib\tools.jar;D:\andriod environment\adt-bundle-windows-x86-20131030\eclipse\plugins\org.apache.ant_1.8.3.v201301120609\lib;
PATH=C:\PROGRA~1\PTC\MKSTOO~1\bin64;C:\PROGRA~1\PTC\MKSTOO~1\bin;C:\PROGRA~1\PTC\MKSTOO~1\bin\X11;C:\PROGRA~1\PTC\MKSTOO~1\mksnt;C:\ProgramData\Oracle\Java\javapath;C:\Program Files (x86)\Intel\iCLS Client\;C:\Program Files\Intel\iCLS Client\;C:\Program Files (x86)\NVIDIA Corporation\PhysX\Common;C:\WINDOWS\system32;C:\WINDOWS;C:\WINDOWS\System32\Wbem;C:\WINDOWS\System32\WindowsPowerShell\v1.0\;C:\Program Files\Intel\Intel(R) Management Engine Components\DAL;C:\Program Files\Intel\Intel(R) Management Engine Components\IPT;C:\Program Files (x86)\Intel\Intel(R) Management Engine Components\DAL;C:\Program Files (x86)\Intel\Intel(R) Management Engine Components\IPT;C:\Program Files (x86)\Java\jdk1.8.0_31\bin;C:\Program Files (x86)\Java\jdk1.8.0_31\jre\bin;D:\andriod environment\adt-bundle-windows-x86-20131030\sdk\tools;D:\andriod environment\adt-bundle-windows-x86-20131030\sdk\platform-tools;D:\andriod environment\adt-bundle-windows-x86-20131030\eclipse\plugins\org.apache.ant_1.8.3.v201301120609\bin;C:\Program Files\nodejs\;D:\Git\cmd;D:\HMA! Pro VPN\bin;C:\Users\zhiwu_000\AppData\Local\Microsoft\WindowsApps;
USERNAME=freedom
DISPLAY=:0.0
OS=Windows_NT
PROCESSOR_IDENTIFIER=Intel64 Family 6 Model 60 Stepping 3, GenuineIntel



---------------  S Y S T E M  ---------------

OS: Windows 10.0 , 64 bit Build 14393 (10.0.14393.0)

CPU:total 4 (2 cores per cpu, 2 threads per core) family 6 model 60 stepping 3, cmov, cx8, fxsr, mmx, sse, sse2, sse3, ssse3, sse4.1, sse4.2, popcnt, avx, avx2, aes, clmul, erms, lzcnt, ht, tsc, tscinvbit, bmi1, bmi2

Memory: 4k page, physical 4112564k(636328k free), swap 5685428k(5128k free)

vm_info: Java HotSpot(TM) 64-Bit Server VM (25.91-b14) for windows-amd64 JRE (1.8.0_91-b14), built on Apr  1 2016 00:58:32 by "java_re" with MS VC++ 10.0 (VS2010)

time: Thu Oct 27 22:12:15 2016
elapsed time: 8 seconds (0d 0h 0m 8s)

