#
# There is insufficient memory for the Java Runtime Environment to continue.
# Native memory allocation (malloc) failed to allocate 1862176 bytes for Chunk::new
# Possible reasons:
#   The system is out of physical RAM or swap space
#   In 32 bit mode, the process size limit was hit
# Possible solutions:
#   Reduce memory load on the system
#   Increase physical memory or swap space
#   Check if swap backing store is full
#   Use 64 bit Java on a 64 bit OS
#   Decrease Java heap size (-Xmx/-Xms)
#   Decrease number of Java threads
#   Decrease Java thread stack sizes (-Xss)
#   Set larger code cache with -XX:ReservedCodeCacheSize=
# This output file may be truncated or incomplete.
#
#  Out of Memory Error (allocation.cpp:390), pid=9480, tid=468
#
# JRE version: Java(TM) SE Runtime Environment (8.0_91-b14) (build 1.8.0_91-b14)
# Java VM: Java HotSpot(TM) 64-Bit Server VM (25.91-b14 mixed mode windows-amd64 compressed oops)
# Failed to write core dump. Minidumps are not enabled by default on client versions of Windows
#

---------------  T H R E A D  ---------------

Current thread (0x00000000150ab800):  JavaThread "C2 CompilerThread0" daemon [_thread_in_native, id=468, stack(0x0000000016a00000,0x0000000016b00000)]

Stack: [0x0000000016a00000,0x0000000016b00000]
[error occurred during error reporting (printing stack bounds), id 0xc0000005]

Native frames: (J=compiled Java code, j=interpreted, Vv=VM code, C=native code)


Current CompileTask:
C2:   4131 1546   !   4       com.android.dx.cf.code.BytecodeArray::parseInstruction (2764 bytes)


---------------  P R O C E S S  ---------------

Java Threads: ( => current thread )
  0x0000000016598000 JavaThread "pool-1-thread-1" [_thread_in_Java, id=7044, stack(0x0000000018bd0000,0x0000000018cd0000)]
  0x000000001646a000 JavaThread "Service Thread" daemon [_thread_blocked, id=388, stack(0x0000000016d00000,0x0000000016e00000)]
  0x000000001645c800 JavaThread "C1 CompilerThread2" daemon [_thread_blocked, id=524, stack(0x0000000016c00000,0x0000000016d00000)]
  0x00000000150ae000 JavaThread "C2 CompilerThread1" daemon [_thread_in_native, id=7060, stack(0x0000000016b00000,0x0000000016c00000)]
=>0x00000000150ab800 JavaThread "C2 CompilerThread0" daemon [_thread_in_native, id=468, stack(0x0000000016a00000,0x0000000016b00000)]
  0x00000000150a9000 JavaThread "Attach Listener" daemon [_thread_blocked, id=8328, stack(0x0000000016900000,0x0000000016a00000)]
  0x000000001505f000 JavaThread "Signal Dispatcher" daemon [_thread_blocked, id=5280, stack(0x0000000016800000,0x0000000016900000)]
  0x000000000297a800 JavaThread "Finalizer" daemon [_thread_blocked, id=8244, stack(0x00000000162a0000,0x00000000163a0000)]
  0x0000000002970000 JavaThread "Reference Handler" daemon [_thread_blocked, id=216, stack(0x00000000161a0000,0x00000000162a0000)]
  0x000000000251e000 JavaThread "main" [_thread_blocked, id=10064, stack(0x0000000002390000,0x0000000002490000)]

Other Threads:
  0x0000000015017800 VMThread [stack: 0x00000000160a0000,0x00000000161a0000] [id=5612]
  0x0000000016466000 WatcherThread [stack: 0x0000000016e00000,0x0000000016f00000] [id=3388]

VM state:not at safepoint (normal execution)

VM Mutex/Monitor currently owned by a thread: None

Heap:
 PSYoungGen      total 35328K, used 12365K [0x00000000eab00000, 0x00000000ef000000, 0x0000000100000000)
  eden space 32768K, 29% used [0x00000000eab00000,0x00000000eb493c80,0x00000000ecb00000)
  from space 2560K, 99% used [0x00000000ecb00000,0x00000000ecd7fa20,0x00000000ecd80000)
  to   space 2560K, 0% used [0x00000000eed80000,0x00000000eed80000,0x00000000ef000000)
 ParOldGen       total 44032K, used 10217K [0x00000000c0000000, 0x00000000c2b00000, 0x00000000eab00000)
  object space 44032K, 23% used [0x00000000c0000000,0x00000000c09fa748,0x00000000c2b00000)
 Metaspace       used 6330K, capacity 7192K, committed 7424K, reserved 1056768K
  class space    used 614K, capacity 656K, committed 768K, reserved 1048576K

Card table byte_map: [0x0000000011d40000,0x0000000011f50000] byte_map_base: 0x0000000011740000

Marking Bits: (ParMarkBitMap*) 0x000000005b2d2f70
 Begin Bits: [0x00000000124b0000, 0x00000000134b0000)
 End Bits:   [0x00000000134b0000, 0x00000000144b0000)

Polling page: 0x0000000002490000

CodeCache: size=245760Kb used=6334Kb max_used=6334Kb free=239425Kb
 bounds [0x0000000002980000, 0x0000000002fc0000, 0x0000000011980000]
 total_blobs=1884 nmethods=1613 adapters=184
 compilation: enabled

Compilation events (10 events):
Event: 4.129 Thread 0x000000001645c800 1660       3       com.android.dx.dex.file.StringDataItem::addContents (1 bytes)
Event: 4.129 Thread 0x000000001645c800 nmethod 1660 0x0000000002fb1710 code [0x0000000002fb1860, 0x0000000002fb19b0]
Event: 4.129 Thread 0x000000001645c800 1662       3       com.android.dx.dex.file.CodeItem::itemType (4 bytes)
Event: 4.129 Thread 0x000000001645c800 nmethod 1662 0x0000000002fb40d0 code [0x0000000002fb4220, 0x0000000002fb4370]
Event: 4.129 Thread 0x000000001645c800 1661       3       java.lang.Enum::compareTo (44 bytes)
Event: 4.129 Thread 0x000000001645c800 nmethod 1661 0x0000000002fb4410 code [0x0000000002fb45c0, 0x0000000002fb4ec8]
Event: 4.129 Thread 0x000000001645c800 1663       3       com.android.dx.dex.file.MixedItemSection$1::compare (13 bytes)
Event: 4.130 Thread 0x000000001645c800 nmethod 1663 0x0000000002fb5110 code [0x0000000002fb52c0, 0x0000000002fb5908]
Event: 4.130 Thread 0x000000001645c800 1664       3       com.android.dx.dex.file.MixedItemSection$1::compare (18 bytes)
Event: 4.130 Thread 0x000000001645c800 nmethod 1664 0x0000000002fb5b50 code [0x0000000002fb5ce0, 0x0000000002fb6088]

GC Heap History (6 events):
Event: 2.171 GC heap before
{Heap before GC invocations=1 (full 0):
 PSYoungGen      total 18944K, used 16384K [0x00000000eab00000, 0x00000000ec000000, 0x0000000100000000)
  eden space 16384K, 100% used [0x00000000eab00000,0x00000000ebb00000,0x00000000ebb00000)
  from space 2560K, 0% used [0x00000000ebd80000,0x00000000ebd80000,0x00000000ec000000)
  to   space 2560K, 0% used [0x00000000ebb00000,0x00000000ebb00000,0x00000000ebd80000)
 ParOldGen       total 44032K, used 0K [0x00000000c0000000, 0x00000000c2b00000, 0x00000000eab00000)
  object space 44032K, 0% used [0x00000000c0000000,0x00000000c0000000,0x00000000c2b00000)
 Metaspace       used 5850K, capacity 6772K, committed 7040K, reserved 1056768K
  class space    used 601K, capacity 620K, committed 640K, reserved 1048576K
Event: 2.201 GC heap after
Heap after GC invocations=1 (full 0):
 PSYoungGen      total 18944K, used 2559K [0x00000000eab00000, 0x00000000ed000000, 0x0000000100000000)
  eden space 16384K, 0% used [0x00000000eab00000,0x00000000eab00000,0x00000000ebb00000)
  from space 2560K, 99% used [0x00000000ebb00000,0x00000000ebd7fc80,0x00000000ebd80000)
  to   space 2560K, 0% used [0x00000000ecd80000,0x00000000ecd80000,0x00000000ed000000)
 ParOldGen       total 44032K, used 2102K [0x00000000c0000000, 0x00000000c2b00000, 0x00000000eab00000)
  object space 44032K, 4% used [0x00000000c0000000,0x00000000c020dbb0,0x00000000c2b00000)
 Metaspace       used 5850K, capacity 6772K, committed 7040K, reserved 1056768K
  class space    used 601K, capacity 620K, committed 640K, reserved 1048576K
}
Event: 2.848 GC heap before
{Heap before GC invocations=2 (full 0):
 PSYoungGen      total 18944K, used 18943K [0x00000000eab00000, 0x00000000ed000000, 0x0000000100000000)
  eden space 16384K, 100% used [0x00000000eab00000,0x00000000ebb00000,0x00000000ebb00000)
  from space 2560K, 99% used [0x00000000ebb00000,0x00000000ebd7fc80,0x00000000ebd80000)
  to   space 2560K, 0% used [0x00000000ecd80000,0x00000000ecd80000,0x00000000ed000000)
 ParOldGen       total 44032K, used 2102K [0x00000000c0000000, 0x00000000c2b00000, 0x00000000eab00000)
  object space 44032K, 4% used [0x00000000c0000000,0x00000000c020dbb0,0x00000000c2b00000)
 Metaspace       used 6060K, capacity 6964K, committed 7040K, reserved 1056768K
  class space    used 601K, capacity 620K, committed 640K, reserved 1048576K
Event: 2.879 GC heap after
Heap after GC invocations=2 (full 0):
 PSYoungGen      total 35328K, used 2552K [0x00000000eab00000, 0x00000000ed000000, 0x0000000100000000)
  eden space 32768K, 0% used [0x00000000eab00000,0x00000000eab00000,0x00000000ecb00000)
  from space 2560K, 99% used [0x00000000ecd80000,0x00000000ecffe020,0x00000000ed000000)
  to   space 2560K, 0% used [0x00000000ecb00000,0x00000000ecb00000,0x00000000ecd80000)
 ParOldGen       total 44032K, used 5001K [0x00000000c0000000, 0x00000000c2b00000, 0x00000000eab00000)
  object space 44032K, 11% used [0x00000000c0000000,0x00000000c04e24b0,0x00000000c2b00000)
 Metaspace       used 6060K, capacity 6964K, committed 7040K, reserved 1056768K
  class space    used 601K, capacity 620K, committed 640K, reserved 1048576K
}
Event: 3.565 GC heap before
{Heap before GC invocations=3 (full 0):
 PSYoungGen      total 35328K, used 35320K [0x00000000eab00000, 0x00000000ed000000, 0x0000000100000000)
  eden space 32768K, 100% used [0x00000000eab00000,0x00000000ecb00000,0x00000000ecb00000)
  from space 2560K, 99% used [0x00000000ecd80000,0x00000000ecffe020,0x00000000ed000000)
  to   space 2560K, 0% used [0x00000000ecb00000,0x00000000ecb00000,0x00000000ecd80000)
 ParOldGen       total 44032K, used 5001K [0x00000000c0000000, 0x00000000c2b00000, 0x00000000eab00000)
  object space 44032K, 11% used [0x00000000c0000000,0x00000000c04e24b0,0x00000000c2b00000)
 Metaspace       used 6221K, capacity 7096K, committed 7296K, reserved 1056768K
  class space    used 606K, capacity 624K, committed 640K, reserved 1048576K
Event: 3.677 GC heap after
Heap after GC invocations=3 (full 0):
 PSYoungGen      total 35328K, used 2558K [0x00000000eab00000, 0x00000000ef000000, 0x0000000100000000)
  eden space 32768K, 0% used [0x00000000eab00000,0x00000000eab00000,0x00000000ecb00000)
  from space 2560K, 99% used [0x00000000ecb00000,0x00000000ecd7fa20,0x00000000ecd80000)
  to   space 2560K, 0% used [0x00000000eed80000,0x00000000eed80000,0x00000000ef000000)
 ParOldGen       total 44032K, used 10217K [0x00000000c0000000, 0x00000000c2b00000, 0x00000000eab00000)
  object space 44032K, 23% used [0x00000000c0000000,0x00000000c09fa748,0x00000000c2b00000)
 Metaspace       used 6221K, capacity 7096K, committed 7296K, reserved 1056768K
  class space    used 606K, capacity 624K, committed 640K, reserved 1048576K
}

Deoptimization events (10 events):
Event: 3.937 Thread 0x0000000016598000 Uncommon trap: reason=bimorphic action=maybe_recompile pc=0x0000000002d06fa4 method=java.util.HashMap.getNode(ILjava/lang/Object;)Ljava/util/HashMap$Node; @ 126
Event: 4.088 Thread 0x0000000016598000 Uncommon trap: reason=class_check action=maybe_recompile pc=0x0000000002e16018 method=java.util.HashMap.putVal(ILjava/lang/Object;Ljava/lang/Object;ZZ)Ljava/lang/Object; @ 203
Event: 4.088 Thread 0x0000000016598000 Uncommon trap: reason=class_check action=maybe_recompile pc=0x0000000002e16018 method=java.util.HashMap.putVal(ILjava/lang/Object;Ljava/lang/Object;ZZ)Ljava/lang/Object; @ 203
Event: 4.088 Thread 0x0000000016598000 Uncommon trap: reason=class_check action=maybe_recompile pc=0x0000000002e16018 method=java.util.HashMap.putVal(ILjava/lang/Object;Ljava/lang/Object;ZZ)Ljava/lang/Object; @ 203
Event: 4.088 Thread 0x0000000016598000 Uncommon trap: reason=class_check action=maybe_recompile pc=0x0000000002e16018 method=java.util.HashMap.putVal(ILjava/lang/Object;Ljava/lang/Object;ZZ)Ljava/lang/Object; @ 203
Event: 4.088 Thread 0x0000000016598000 Uncommon trap: reason=class_check action=maybe_recompile pc=0x0000000002de30dc method=java.util.HashMap.putVal(ILjava/lang/Object;Ljava/lang/Object;ZZ)Ljava/lang/Object; @ 203
Event: 4.110 Thread 0x0000000016598000 Uncommon trap: reason=bimorphic action=maybe_recompile pc=0x0000000002f9f8f8 method=java.util.HashMap.putVal(ILjava/lang/Object;Ljava/lang/Object;ZZ)Ljava/lang/Object; @ 203
Event: 4.110 Thread 0x0000000016598000 Uncommon trap: reason=bimorphic action=maybe_recompile pc=0x0000000002f9f8f8 method=java.util.HashMap.putVal(ILjava/lang/Object;Ljava/lang/Object;ZZ)Ljava/lang/Object; @ 203
Event: 4.110 Thread 0x0000000016598000 Uncommon trap: reason=bimorphic action=maybe_recompile pc=0x0000000002f9f8f8 method=java.util.HashMap.putVal(ILjava/lang/Object;Ljava/lang/Object;ZZ)Ljava/lang/Object; @ 203
Event: 4.110 Thread 0x0000000016598000 Uncommon trap: reason=bimorphic action=maybe_recompile pc=0x0000000002f9f8f8 method=java.util.HashMap.putVal(ILjava/lang/Object;Ljava/lang/Object;ZZ)Ljava/lang/Object; @ 203

Internal exceptions (2 events):
Event: 0.048 Thread 0x000000000251e000 Exception <a 'java/lang/NoSuchMethodError': Method sun.misc.Unsafe.defineClass(Ljava/lang/String;[BII)Ljava/lang/Class; name or signature does not match> (0x00000000eab07cc0) thrown at [C:\re\workspace\8-2-build-windows-amd64-cygwin\jdk8u91\6644\hotspot\srüÿHA`~¨?
Event: 0.048 Thread 0x000000000251e000 Exception <a 'java/lang/NoSuchMethodError': Method sun.misc.Unsafe.prefetchRead(Ljava/lang/Object;J)V name or signature does not match> (0x00000000eab07fa8) thrown at [C:\re\workspace\8-2-build-windows-amd64-cygwin\jdk8u91\6644\hotspot\src\share\vm\prims\j

Events (10 events):
Event: 4.110 Thread 0x0000000016598000 DEOPT PACKING pc=0x0000000002f9f8f8 sp=0x0000000018cced40
Event: 4.110 Thread 0x0000000016598000 DEOPT UNPACKING pc=0x00000000029c582a sp=0x0000000018ccecc8 mode 2
Event: 4.117 loading class com/android/dx/dex/file/ProtoIdItem
Event: 4.117 loading class com/android/dx/dex/file/ProtoIdItem done
Event: 4.126 loading class com/android/dex/Leb128
Event: 4.126 loading class com/android/dex/Leb128 done
Event: 4.128 loading class java/util/Collections$1
Event: 4.128 loading class java/util/Collections$1 done
Event: 4.128 loading class com/android/dx/dex/file/MixedItemSection$2
Event: 4.128 loading class com/android/dx/dex/file/MixedItemSection$2 done


Dynamic libraries:
0x00007ff6510e0000 - 0x00007ff651117000 	C:\Program Files\Java\jdk1.8.0_91\bin\java.exe
0x00007fffc0830000 - 0x00007fffc09f1000 	C:\WINDOWS\SYSTEM32\ntdll.dll
0x00007fffc0770000 - 0x00007fffc081d000 	C:\WINDOWS\system32\KERNEL32.DLL
0x00007fffbcee0000 - 0x00007fffbd0c8000 	C:\WINDOWS\system32\KERNELBASE.dll
0x00007fffbdf70000 - 0x00007fffbe017000 	C:\WINDOWS\system32\ADVAPI32.dll
0x00007fffbe460000 - 0x00007fffbe4fd000 	C:\WINDOWS\system32\msvcrt.dll
0x00007fffbfe00000 - 0x00007fffbfe5b000 	C:\WINDOWS\system32\sechost.dll
0x00007fffc0430000 - 0x00007fffc054c000 	C:\WINDOWS\system32\RPCRT4.dll
0x00007fffc0050000 - 0x00007fffc01a6000 	C:\WINDOWS\system32\USER32.dll
0x00007fffbdd80000 - 0x00007fffbdf06000 	C:\WINDOWS\system32\GDI32.dll
0x00007fffb9680000 - 0x00007fffb98f4000 	C:\WINDOWS\WinSxS\amd64_microsoft.windows.common-controls_6595b64144ccf1df_6.0.10586.0_none_8c15ae12515e1c22\COMCTL32.dll
0x00007fffbfb80000 - 0x00007fffbfdfd000 	C:\WINDOWS\system32\combase.dll
0x00007fffbd0d0000 - 0x00007fffbd13a000 	C:\WINDOWS\system32\bcryptPrimitives.dll
0x00007fffc0010000 - 0x00007fffc004b000 	C:\WINDOWS\system32\IMM32.DLL
0x00007fffbcb10000 - 0x00007fffbcb41000 	C:\Windows\system32\nvinitx.dll
0x00007fffbcb00000 - 0x00007fffbcb0a000 	C:\WINDOWS\SYSTEM32\VERSION.dll
0x000000005a810000 - 0x000000005a8e2000 	C:\Program Files\Java\jdk1.8.0_91\jre\bin\msvcr100.dll
0x000000005aac0000 - 0x000000005b353000 	C:\Program Files\Java\jdk1.8.0_91\jre\bin\server\jvm.dll
0x00007fffbceb0000 - 0x00007fffbced3000 	C:\WINDOWS\system32\WINMM.dll
0x00007fffbcc20000 - 0x00007fffbcc4c000 	C:\WINDOWS\system32\WINMMBASE.dll
0x00007fffbcd90000 - 0x00007fffbcdd3000 	C:\WINDOWS\system32\cfgmgr32.dll
0x00007fffc0310000 - 0x00007fffc0318000 	C:\WINDOWS\system32\PSAPI.DLL
0x00007fffb4570000 - 0x00007fffb4579000 	C:\WINDOWS\SYSTEM32\WSOCK32.dll
0x00007fffc0700000 - 0x00007fffc076b000 	C:\WINDOWS\system32\WS2_32.dll
0x000000005be80000 - 0x000000005be8f000 	C:\Program Files\Java\jdk1.8.0_91\jre\bin\verify.dll
0x000000005be50000 - 0x000000005be79000 	C:\Program Files\Java\jdk1.8.0_91\jre\bin\java.dll
0x000000005be30000 - 0x000000005be46000 	C:\Program Files\Java\jdk1.8.0_91\jre\bin\zip.dll
0x00007fffbe620000 - 0x00007fffbfb7c000 	C:\WINDOWS\system32\SHELL32.dll
0x00007fffbd420000 - 0x00007fffbda64000 	C:\WINDOWS\system32\windows.storage.dll
0x00007fffc06a0000 - 0x00007fffc06f2000 	C:\WINDOWS\system32\shlwapi.dll
0x00007fffbcc60000 - 0x00007fffbcc6f000 	C:\WINDOWS\system32\kernel.appcore.dll
0x00007fffbcde0000 - 0x00007fffbce95000 	C:\WINDOWS\system32\shcore.dll
0x00007fffbcd40000 - 0x00007fffbcd8b000 	C:\WINDOWS\system32\powrprof.dll
0x00007fffbcc70000 - 0x00007fffbcc84000 	C:\WINDOWS\system32\profapi.dll

VM Arguments:
jvm_args: -Djava.awt.headless=true -Xmx1024M -Dfile.encoding=GBK -Duser.country=CN -Duser.language=zh -Duser.variant 
java_command: com.android.dx.command.Main --dex --force-jumbo --num-threads=4 --multi-dex --output D:\andriod_projects\Smart_home\app\build\intermediates\transforms\dex\debug\folders\1000\10\Java-WebSocket-1.3.0_3b7652afc2573475564f9d68811adcc17162eb55 C:\Users\zhiwu_000\.gradle\caches\modules-2\files-2.1\org.java-websocket\Java-WebSocket\1.3.0\db2658f013fb163de4a99274c2eb9e17efe535d2\Java-WebSocket-1.3.0.jar
java_class_path (initial): D:\android\android_SDK\build-tools\23.0.3\lib\dx.jar
Launcher Type: SUN_STANDARD

Environment Variables:
JAVA_HOME=C:\Program Files (x86)\Java\jdk1.8.0_31
CLASSPATH=C:\Program Files (x86)\Java\jdk1.8.0_31\lib;C:\Program Files (x86)\Java\jdk1.8.0_31\lib\tools.jar;D:\andriod environment\adt-bundle-windows-x86-20131030\eclipse\plugins\org.apache.ant_1.8.3.v201301120609\lib;
PATH=C:\PROGRA~1\PTC\MKSTOO~1\bin64;C:\PROGRA~1\PTC\MKSTOO~1\bin;C:\PROGRA~1\PTC\MKSTOO~1\bin\X11;C:\PROGRA~1\PTC\MKSTOO~1\mksnt;C:\ProgramData\Oracle\Java\javapath;C:\Program Files (x86)\Intel\iCLS Client\;C:\Program Files\Intel\iCLS Client\;C:\Program Files (x86)\NVIDIA Corporation\PhysX\Common;C:\WINDOWS\system32;C:\WINDOWS;C:\WINDOWS\System32\Wbem;C:\WINDOWS\System32\WindowsPowerShell\v1.0\;C:\Program Files\Intel\Intel(R) Management Engine Components\DAL;C:\Program Files\Intel\Intel(R) Management Engine Components\IPT;C:\Program Files (x86)\Intel\Intel(R) Management Engine Components\DAL;C:\Program Files (x86)\Intel\Intel(R) Management Engine Components\IPT;C:\Program Files (x86)\Java\jdk1.8.0_31\bin;C:\Program Files (x86)\Java\jdk1.8.0_31\jre\bin;D:\andriod environment\adt-bundle-windows-x86-20131030\sdk\tools;D:\andriod environment\adt-bundle-windows-x86-20131030\sdk\platform-tools;D:\andriod environment\adt-bundle-windows-x86-20131030\eclipse\plugins\org.apache.ant_1.8.3.v201301120609\bin;C:\Program Files\nodejs\;D:\HMA! Pro VPN\bin
USERNAME=freedom
DISPLAY=:0.0
OS=Windows_NT
PROCESSOR_IDENTIFIER=Intel64 Family 6 Model 60 Stepping 3, GenuineIntel



---------------  S Y S T E M  ---------------

OS: Windows 10.0 , 64 bit Build 10586 (10.0.10586.0)

CPU:total 4 (2 cores per cpu, 2 threads per core) family 6 model 60 stepping 3, cmov, cx8, fxsr, mmx, sse, sse2, sse3, ssse3, sse4.1, sse4.2, popcnt, avx, avx2, aes, clmul, erms, lzcnt, ht, tsc, tscinvbit, bmi1, bmi2

Memory: 4k page, physical 4112564k(345612k free), swap 5685428k(6336k free)

vm_info: Java HotSpot(TM) 64-Bit Server VM (25.91-b14) for windows-amd64 JRE (1.8.0_91-b14), built on Apr  1 2016 00:58:32 by "java_re" with MS VC++ 10.0 (VS2010)

time: Sat Jun 18 01:45:25 2016
elapsed time: 4 seconds (0d 0h 0m 4s)

