#
# There is insufficient memory for the Java Runtime Environment to continue.
# Native memory allocation (malloc) failed to allocate 68976 bytes for Chunk::new
# Possible reasons:
#   The system is out of physical RAM or swap space
#   In 32 bit mode, the process size limit was hit
# Possible solutions:
#   Reduce memory load on the system
#   Increase physical memory or swap space
#   Check if swap backing store is full
#   Use 64 bit Java on a 64 bit OS
#   Decrease Java heap size (-Xmx/-Xms)
#   Decrease number of Java threads
#   Decrease Java thread stack sizes (-Xss)
#   Set larger code cache with -XX:ReservedCodeCacheSize=
# This output file may be truncated or incomplete.
#
#  Out of Memory Error (allocation.cpp:390), pid=9680, tid=11172
#
# JRE version: Java(TM) SE Runtime Environment (8.0_91-b14) (build 1.8.0_91-b14)
# Java VM: Java HotSpot(TM) 64-Bit Server VM (25.91-b14 mixed mode windows-amd64 compressed oops)
# Failed to write core dump. Minidumps are not enabled by default on client versions of Windows
#

---------------  T H R E A D  ---------------

Current thread (0x0000000016375000):  JavaThread "C2 CompilerThread1" daemon [_thread_in_native, id=11172, stack(0x0000000016a20000,0x0000000016b20000)]

Stack: [0x0000000016a20000,0x0000000016b20000]
[error occurred during error reporting (printing stack bounds), id 0xc0000005]

Native frames: (J=compiled Java code, j=interpreted, Vv=VM code, C=native code)


Current CompileTask:
C2:   3307 1301       4       com.android.dx.ssa.SsaBasicBlock::forEachPhiInsn (54 bytes)


---------------  P R O C E S S  ---------------

Java Threads: ( => current thread )
  0x00000000165bd800 JavaThread "pool-2-thread-4" [_thread_blocked, id=10460, stack(0x0000000017220000,0x0000000017320000)]
  0x00000000165bc800 JavaThread "pool-2-thread-3" [_thread_in_Java, id=10128, stack(0x0000000017120000,0x0000000017220000)]
  0x00000000165bb800 JavaThread "pool-2-thread-2" [_thread_blocked, id=1028, stack(0x0000000017020000,0x0000000017120000)]
  0x00000000165bb000 JavaThread "pool-3-thread-1" [_thread_blocked, id=6224, stack(0x0000000016f20000,0x0000000017020000)]
  0x00000000165b8800 JavaThread "pool-2-thread-1" [_thread_in_Java, id=11216, stack(0x0000000016e20000,0x0000000016f20000)]
  0x0000000016381000 JavaThread "Service Thread" daemon [_thread_blocked, id=9720, stack(0x0000000016c20000,0x0000000016d20000)]
  0x000000001637f000 JavaThread "C1 CompilerThread2" daemon [_thread_in_vm, id=10412, stack(0x0000000016b20000,0x0000000016c20000)]
=>0x0000000016375000 JavaThread "C2 CompilerThread1" daemon [_thread_in_native, id=11172, stack(0x0000000016a20000,0x0000000016b20000)]
  0x000000001500d800 JavaThread "C2 CompilerThread0" daemon [_thread_in_native, id=4304, stack(0x0000000016920000,0x0000000016a20000)]
  0x000000001500b800 JavaThread "Attach Listener" daemon [_thread_blocked, id=1256, stack(0x0000000016820000,0x0000000016920000)]
  0x0000000014fa8800 JavaThread "Signal Dispatcher" daemon [_thread_blocked, id=9708, stack(0x0000000016720000,0x0000000016820000)]
  0x0000000014f9a000 JavaThread "Finalizer" daemon [_thread_blocked, id=7364, stack(0x0000000016220000,0x0000000016320000)]
  0x00000000028d0000 JavaThread "Reference Handler" daemon [_thread_blocked, id=10156, stack(0x0000000016120000,0x0000000016220000)]
  0x00000000027de000 JavaThread "main" [_thread_in_Java, id=2656, stack(0x0000000002610000,0x0000000002710000)]

Other Threads:
  0x0000000014f77800 VMThread [stack: 0x0000000016020000,0x0000000016120000] [id=9252]
  0x00000000163cc000 WatcherThread [stack: 0x0000000016d20000,0x0000000016e20000] [id=10516]

VM state:not at safepoint (normal execution)

VM Mutex/Monitor currently owned by a thread: None

Heap:
 PSYoungGen      total 35328K, used 6882K [0x00000000eab00000, 0x00000000ed000000, 0x0000000100000000)
  eden space 32768K, 13% used [0x00000000eab00000,0x00000000eaf3e968,0x00000000ecb00000)
  from space 2560K, 99% used [0x00000000ecd80000,0x00000000ecffa048,0x00000000ed000000)
  to   space 2560K, 0% used [0x00000000ecb00000,0x00000000ecb00000,0x00000000ecd80000)
 ParOldGen       total 44032K, used 4042K [0x00000000c0000000, 0x00000000c2b00000, 0x00000000eab00000)
  object space 44032K, 9% used [0x00000000c0000000,0x00000000c03f2be0,0x00000000c2b00000)
 Metaspace       used 6111K, capacity 6966K, committed 7040K, reserved 1056768K
  class space    used 607K, capacity 622K, committed 640K, reserved 1048576K

Card table byte_map: [0x0000000011ca0000,0x0000000011eb0000] byte_map_base: 0x00000000116a0000

Marking Bits: (ParMarkBitMap*) 0x00000000727a2f70
 Begin Bits: [0x0000000012410000, 0x0000000013410000)
 End Bits:   [0x0000000013410000, 0x0000000014410000)

Polling page: 0x00000000005a0000

CodeCache: size=245760Kb used=5221Kb max_used=5224Kb free=240538Kb
 bounds [0x00000000028e0000, 0x0000000002e00000, 0x00000000118e0000]
 total_blobs=1557 nmethods=1286 adapters=184
 compilation: enabled

Compilation events (10 events):
Event: 3.300 Thread 0x0000000016375000 1299       4       com.android.dx.ssa.SsaBasicBlock::getCountPhiInsns (45 bytes)
Event: 3.302 Thread 0x000000001637f000 nmethod 1288 0x0000000002df6f10 code [0x0000000002df7440, 0x0000000002dfaca8]
Event: 3.302 Thread 0x000000001637f000 1300       3       com.android.dx.rop.cst.TypedConstant::getBasicFrameType (8 bytes)
Event: 3.303 Thread 0x000000001637f000 nmethod 1300 0x0000000002de4b10 code [0x0000000002de4c80, 0x0000000002de4f58]
Event: 3.303 Thread 0x000000001637f000 1287       3       com.android.dx.cf.code.BaseMachine::<init> (46 bytes)
Event: 3.303 Thread 0x000000001637f000 nmethod 1287 0x0000000002de4350 code [0x0000000002de44e0, 0x0000000002de4998]
Event: 3.303 Thread 0x000000001637f000 1294       1       com.android.dx.ssa.PhiInsn::getOpcode (2 bytes)
Event: 3.303 Thread 0x000000001637f000 nmethod 1294 0x0000000002de4090 code [0x0000000002de41e0, 0x0000000002de42f0]
Event: 3.304 Thread 0x0000000016375000 nmethod 1299 0x0000000002de3b50 code [0x0000000002de3ca0, 0x0000000002de3ed8]
Event: 3.304 Thread 0x0000000016375000 1301       4       com.android.dx.ssa.SsaBasicBlock::forEachPhiInsn (54 bytes)

GC Heap History (4 events):
Event: 1.508 GC heap before
{Heap before GC invocations=1 (full 0):
 PSYoungGen      total 18944K, used 16384K [0x00000000eab00000, 0x00000000ec000000, 0x0000000100000000)
  eden space 16384K, 100% used [0x00000000eab00000,0x00000000ebb00000,0x00000000ebb00000)
  from space 2560K, 0% used [0x00000000ebd80000,0x00000000ebd80000,0x00000000ec000000)
  to   space 2560K, 0% used [0x00000000ebb00000,0x00000000ebb00000,0x00000000ebd80000)
 ParOldGen       total 44032K, used 541K [0x00000000c0000000, 0x00000000c2b00000, 0x00000000eab00000)
  object space 44032K, 1% used [0x00000000c0000000,0x00000000c0087798,0x00000000c2b00000)
 Metaspace       used 5668K, capacity 6580K, committed 6784K, reserved 1056768K
  class space    used 602K, capacity 620K, committed 640K, reserved 1048576K
Event: 1.570 GC heap after
Heap after GC invocations=1 (full 0):
 PSYoungGen      total 18944K, used 2551K [0x00000000eab00000, 0x00000000ed000000, 0x0000000100000000)
  eden space 16384K, 0% used [0x00000000eab00000,0x00000000eab00000,0x00000000ebb00000)
  from space 2560K, 99% used [0x00000000ebb00000,0x00000000ebd7de00,0x00000000ebd80000)
  to   space 2560K, 0% used [0x00000000ecd80000,0x00000000ecd80000,0x00000000ed000000)
 ParOldGen       total 44032K, used 1750K [0x00000000c0000000, 0x00000000c2b00000, 0x00000000eab00000)
  object space 44032K, 3% used [0x00000000c0000000,0x00000000c01b59f0,0x00000000c2b00000)
 Metaspace       used 5668K, capacity 6580K, committed 6784K, reserved 1056768K
  class space    used 602K, capacity 620K, committed 640K, reserved 1048576K
}
Event: 3.017 GC heap before
{Heap before GC invocations=2 (full 0):
 PSYoungGen      total 18944K, used 18935K [0x00000000eab00000, 0x00000000ed000000, 0x0000000100000000)
  eden space 16384K, 100% used [0x00000000eab00000,0x00000000ebb00000,0x00000000ebb00000)
  from space 2560K, 99% used [0x00000000ebb00000,0x00000000ebd7de00,0x00000000ebd80000)
  to   space 2560K, 0% used [0x00000000ecd80000,0x00000000ecd80000,0x00000000ed000000)
 ParOldGen       total 44032K, used 1752K [0x00000000c0000000, 0x00000000c2b00000, 0x00000000eab00000)
  object space 44032K, 3% used [0x00000000c0000000,0x00000000c01b6048,0x00000000c2b00000)
 Metaspace       used 6102K, capacity 6966K, committed 7040K, reserved 1056768K
  class space    used 607K, capacity 622K, committed 640K, reserved 1048576K
Event: 3.270 GC heap after
Heap after GC invocations=2 (full 0):
 PSYoungGen      total 35328K, used 2536K [0x00000000eab00000, 0x00000000ed000000, 0x0000000100000000)
  eden space 32768K, 0% used [0x00000000eab00000,0x00000000eab00000,0x00000000ecb00000)
  from space 2560K, 99% used [0x00000000ecd80000,0x00000000ecffa048,0x00000000ed000000)
  to   space 2560K, 0% used [0x00000000ecb00000,0x00000000ecb00000,0x00000000ecd80000)
 ParOldGen       total 44032K, used 4042K [0x00000000c0000000, 0x00000000c2b00000, 0x00000000eab00000)
  object space 44032K, 9% used [0x00000000c0000000,0x00000000c03f2be0,0x00000000c2b00000)
 Metaspace       used 6102K, capacity 6966K, committed 7040K, reserved 1056768K
  class space    used 607K, capacity 622K, committed 640K, reserved 1048576K
}

Deoptimization events (5 events):
Event: 0.458 Thread 0x00000000027de000 Uncommon trap: reason=unstable_if action=reinterpret pc=0x0000000002a326d4 method=java.lang.String.compareTo(Ljava/lang/String;)I @ 38
Event: 1.221 Thread 0x00000000165bb800 Uncommon trap: reason=unstable_if action=reinterpret pc=0x0000000002aed1c4 method=java.util.HashMap.getNode(ILjava/lang/Object;)Ljava/util/HashMap$Node; @ 62
Event: 2.654 Thread 0x00000000165bb800 Uncommon trap: reason=null_check action=make_not_entrant pc=0x0000000002c2eb8c method=com.android.dx.ssa.SsaRenamer.getLocalForNewReg(I)Lcom/android/dx/rop/code/LocalItem; @ 19
Event: 2.755 Thread 0x00000000165bc800 Uncommon trap: reason=unstable_if action=reinterpret pc=0x0000000002c7136c method=com.android.dx.rop.code.RegisterSpecSet.put(Lcom/android/dx/rop/code/RegisterSpec;)V @ 77
Event: 2.755 Thread 0x00000000165bc800 Uncommon trap: reason=unstable_if action=reinterpret pc=0x0000000002d3c56c method=com.android.dx.rop.code.RegisterSpecSet.put(Lcom/android/dx/rop/code/RegisterSpec;)V @ 77

Internal exceptions (3 events):
Event: 0.056 Thread 0x00000000027de000 Exception <a 'java/lang/NoSuchMethodError': Method sun.misc.Unsafe.defineClass(Ljava/lang/String;[BII)Ljava/lang/Class; name or signature does not match> (0x00000000eab07cc0) thrown at [C:\re\workspace\8-2-build-windows-amd64-cygwin\jdk8u91\6644\hotspot\sröçCÇÏ¢¬?
Event: 0.056 Thread 0x00000000027de000 Exception <a 'java/lang/NoSuchMethodError': Method sun.misc.Unsafe.prefetchRead(Ljava/lang/Object;J)V name or signature does not match> (0x00000000eab07fa8) thrown at [C:\re\workspace\8-2-build-windows-amd64-cygwin\jdk8u91\6644\hotspot\src\share\vm\prims\jŠòÐ{=;@
Event: 2.654 Thread 0x00000000165bb800 Implicit null exception at 0x0000000002c2ce6a to 0x0000000002c2eb65

Events (10 events):
Event: 2.755 Thread 0x00000000165bc800 Uncommon trap: trap_request=0xffffff65 fr.pc=0x0000000002c7136c
Event: 2.755 Thread 0x00000000165bc800 DEOPT PACKING pc=0x0000000002c7136c sp=0x000000001721e7a0
Event: 2.755 Thread 0x00000000165bc800 DEOPT UNPACKING pc=0x000000000292582a sp=0x000000001721e728 mode 2
Event: 2.755 Thread 0x00000000165bc800 Uncommon trap: trap_request=0xffffff65 fr.pc=0x0000000002d3c56c
Event: 2.755 Thread 0x00000000165bc800 DEOPT PACKING pc=0x0000000002d3c56c sp=0x000000001721e790
Event: 2.755 Thread 0x00000000165bc800 DEOPT UNPACKING pc=0x000000000292582a sp=0x000000001721e6b0 mode 2
Event: 2.757 loading class com/android/dx/dex/file/FieldAnnotationStruct
Event: 2.757 loading class com/android/dx/dex/file/FieldAnnotationStruct done
Event: 2.805 Executing VM operation: ParallelGCFailedAllocation
Event: 3.270 Executing VM operation: ParallelGCFailedAllocation done


Dynamic libraries:
0x00007ff615050000 - 0x00007ff615087000 	C:\Program Files\Java\jdk1.8.0_91\bin\java.exe
0x00007ffa53620000 - 0x00007ffa537e1000 	C:\WINDOWS\SYSTEM32\ntdll.dll
0x00007ffa50ae0000 - 0x00007ffa50b8d000 	C:\WINDOWS\system32\KERNEL32.DLL
0x00007ffa50340000 - 0x00007ffa50528000 	C:\WINDOWS\system32\KERNELBASE.dll
0x00007ffa50b90000 - 0x00007ffa50c37000 	C:\WINDOWS\system32\ADVAPI32.dll
0x00007ffa524a0000 - 0x00007ffa5253d000 	C:\WINDOWS\system32\msvcrt.dll
0x00007ffa53410000 - 0x00007ffa5346b000 	C:\WINDOWS\system32\sechost.dll
0x00007ffa53500000 - 0x00007ffa5361c000 	C:\WINDOWS\system32\RPCRT4.dll
0x00007ffa52540000 - 0x00007ffa52696000 	C:\WINDOWS\system32\USER32.dll
0x00007ffa50ca0000 - 0x00007ffa50e26000 	C:\WINDOWS\system32\GDI32.dll
0x00007ffa4d490000 - 0x00007ffa4d704000 	C:\WINDOWS\WinSxS\amd64_microsoft.windows.common-controls_6595b64144ccf1df_6.0.10586.494_none_a2d8b04ea53e3145\COMCTL32.dll
0x00007ffa50860000 - 0x00007ffa50add000 	C:\WINDOWS\system32\combase.dll
0x00007ffa507d0000 - 0x00007ffa5083a000 	C:\WINDOWS\system32\bcryptPrimitives.dll
0x00007ffa52390000 - 0x00007ffa523cb000 	C:\WINDOWS\system32\IMM32.DLL
0x00007ffa4f910000 - 0x00007ffa4f941000 	C:\Windows\system32\nvinitx.dll
0x00007ffa4f900000 - 0x00007ffa4f90a000 	C:\WINDOWS\SYSTEM32\VERSION.dll
0x0000000071b10000 - 0x0000000071be2000 	C:\Program Files\Java\jdk1.8.0_91\jre\bin\msvcr100.dll
0x0000000071f90000 - 0x0000000072823000 	C:\Program Files\Java\jdk1.8.0_91\jre\bin\server\jvm.dll
0x00007ffa50580000 - 0x00007ffa505a3000 	C:\WINDOWS\system32\WINMM.dll
0x00007ffa4fa50000 - 0x00007ffa4fa7c000 	C:\WINDOWS\system32\WINMMBASE.dll
0x00007ffa50780000 - 0x00007ffa507c3000 	C:\WINDOWS\system32\cfgmgr32.dll
0x00007ffa52f40000 - 0x00007ffa52f48000 	C:\WINDOWS\system32\PSAPI.DLL
0x00007ffa42dc0000 - 0x00007ffa42dc9000 	C:\WINDOWS\SYSTEM32\WSOCK32.dll
0x00007ffa526a0000 - 0x00007ffa5270b000 	C:\WINDOWS\system32\WS2_32.dll
0x0000000071f80000 - 0x0000000071f8f000 	C:\Program Files\Java\jdk1.8.0_91\jre\bin\verify.dll
0x0000000071f50000 - 0x0000000071f79000 	C:\Program Files\Java\jdk1.8.0_91\jre\bin\java.dll
0x0000000071f30000 - 0x0000000071f46000 	C:\Program Files\Java\jdk1.8.0_91\jre\bin\zip.dll
0x00007ffa50e30000 - 0x00007ffa5238c000 	C:\WINDOWS\system32\SHELL32.dll
0x00007ffa4fcf0000 - 0x00007ffa50335000 	C:\WINDOWS\system32\windows.storage.dll
0x00007ffa533b0000 - 0x00007ffa53402000 	C:\WINDOWS\system32\shlwapi.dll
0x00007ffa4fa10000 - 0x00007ffa4fa1f000 	C:\WINDOWS\system32\kernel.appcore.dll
0x00007ffa4fc30000 - 0x00007ffa4fce5000 	C:\WINDOWS\system32\shcore.dll
0x00007ffa50530000 - 0x00007ffa5057b000 	C:\WINDOWS\system32\powrprof.dll
0x00007ffa4fa20000 - 0x00007ffa4fa34000 	C:\WINDOWS\system32\profapi.dll

VM Arguments:
jvm_args: -Djava.awt.headless=true -Xmx1024M -Dfile.encoding=GBK -Duser.country=CN -Duser.language=zh -Duser.variant 
java_command: com.android.dx.command.Main --dex --force-jumbo --num-threads=4 --multi-dex --output D:\andriod_projects\smartHome\app\build\intermediates\transforms\dex\debug\folders\1000\10\com.android.support-appcompat-v7-23.3.0_08b6caf9083ef3333c1d2d027f917b3b9e753913 D:\andriod_projects\smartHome\app\build\intermediates\exploded-aar\com.android.support\appcompat-v7\23.3.0\jars\classes.jar
java_class_path (initial): D:\android\android_SDK\build-tools\23.0.3\lib\dx.jar
Launcher Type: SUN_STANDARD

Environment Variables:
JAVA_HOME=C:\Program Files (x86)\Java\jdk1.8.0_31
CLASSPATH=C:\Program Files (x86)\Java\jdk1.8.0_31\lib;C:\Program Files (x86)\Java\jdk1.8.0_31\lib\tools.jar;D:\andriod environment\adt-bundle-windows-x86-20131030\eclipse\plugins\org.apache.ant_1.8.3.v201301120609\lib;
PATH=C:\PROGRA~1\PTC\MKSTOO~1\bin64;C:\PROGRA~1\PTC\MKSTOO~1\bin;C:\PROGRA~1\PTC\MKSTOO~1\bin\X11;C:\PROGRA~1\PTC\MKSTOO~1\mksnt;C:\ProgramData\Oracle\Java\javapath;C:\Program Files (x86)\Intel\iCLS Client\;C:\Program Files\Intel\iCLS Client\;C:\Program Files (x86)\NVIDIA Corporation\PhysX\Common;C:\WINDOWS\system32;C:\WINDOWS;C:\WINDOWS\System32\Wbem;C:\WINDOWS\System32\WindowsPowerShell\v1.0\;C:\Program Files\Intel\Intel(R) Management Engine Components\DAL;C:\Program Files\Intel\Intel(R) Management Engine Components\IPT;C:\Program Files (x86)\Intel\Intel(R) Management Engine Components\DAL;C:\Program Files (x86)\Intel\Intel(R) Management Engine Components\IPT;C:\Program Files (x86)\Java\jdk1.8.0_31\bin;C:\Program Files (x86)\Java\jdk1.8.0_31\jre\bin;D:\andriod environment\adt-bundle-windows-x86-20131030\sdk\tools;D:\andriod environment\adt-bundle-windows-x86-20131030\sdk\platform-tools;D:\andriod environment\adt-bundle-windows-x86-20131030\eclipse\plugins\org.apache.ant_1.8.3.v201301120609\bin;C:\Program Files\nodejs\;D:\Git\cmd;D:\HMA! Pro VPN\bin
USERNAME=freedom
DISPLAY=:0.0
OS=Windows_NT
PROCESSOR_IDENTIFIER=Intel64 Family 6 Model 60 Stepping 3, GenuineIntel



---------------  S Y S T E M  ---------------

OS: Windows 10.0 , 64 bit Build 10586 (10.0.10586.0)

CPU:total 4 (2 cores per cpu, 2 threads per core) family 6 model 60 stepping 3, cmov, cx8, fxsr, mmx, sse, sse2, sse3, ssse3, sse4.1, sse4.2, popcnt, avx, avx2, aes, clmul, erms, lzcnt, ht, tsc, tscinvbit, bmi1, bmi2

Memory: 4k page, physical 4112564k(266112k free), swap 5685428k(5156k free)

vm_info: Java HotSpot(TM) 64-Bit Server VM (25.91-b14) for windows-amd64 JRE (1.8.0_91-b14), built on Apr  1 2016 00:58:32 by "java_re" with MS VC++ 10.0 (VS2010)

time: Sun Sep 04 23:31:01 2016
elapsed time: 3 seconds (0d 0h 0m 3s)

