#
# There is insufficient memory for the Java Runtime Environment to continue.
# Native memory allocation (malloc) failed to allocate 1113296 bytes for Chunk::new
# Possible reasons:
#   The system is out of physical RAM or swap space
#   In 32 bit mode, the process size limit was hit
# Possible solutions:
#   Reduce memory load on the system
#   Increase physical memory or swap space
#   Check if swap backing store is full
#   Use 64 bit Java on a 64 bit OS
#   Decrease Java heap size (-Xmx/-Xms)
#   Decrease number of Java threads
#   Decrease Java thread stack sizes (-Xss)
#   Set larger code cache with -XX:ReservedCodeCacheSize=
# This output file may be truncated or incomplete.
#
#  Out of Memory Error (allocation.cpp:390), pid=2056, tid=10016
#
# JRE version: Java(TM) SE Runtime Environment (8.0_91-b14) (build 1.8.0_91-b14)
# Java VM: Java HotSpot(TM) 64-Bit Server VM (25.91-b14 mixed mode windows-amd64 compressed oops)
# Failed to write core dump. Minidumps are not enabled by default on client versions of Windows
#

---------------  T H R E A D  ---------------

Current thread (0x000000001572e800):  JavaThread "C2 CompilerThread1" daemon [_thread_in_native, id=10016, stack(0x0000000017140000,0x0000000017240000)]

Stack: [0x0000000017140000,0x0000000017240000]
[error occurred during error reporting (printing stack bounds), id 0xc0000005]

Native frames: (J=compiled Java code, j=interpreted, Vv=VM code, C=native code)


Current CompileTask:
C2:   6430 1381       4       com.android.dx.dex.code.OutputFinisher::addConstants (93 bytes)


---------------  P R O C E S S  ---------------

Java Threads: ( => current thread )
  0x0000000016aa0000 JavaThread "Service Thread" daemon [_thread_blocked, id=2724, stack(0x0000000017340000,0x0000000017440000)]
  0x0000000016a9a800 JavaThread "C1 CompilerThread2" daemon [_thread_blocked, id=7640, stack(0x0000000017240000,0x0000000017340000)]
=>0x000000001572e800 JavaThread "C2 CompilerThread1" daemon [_thread_in_native, id=10016, stack(0x0000000017140000,0x0000000017240000)]
  0x000000001572c000 JavaThread "C2 CompilerThread0" daemon [_thread_blocked, id=9108, stack(0x0000000017040000,0x0000000017140000)]
  0x00000000156de800 JavaThread "Attach Listener" daemon [_thread_blocked, id=10516, stack(0x0000000016f40000,0x0000000017040000)]
  0x00000000156dd800 JavaThread "Signal Dispatcher" daemon [_thread_blocked, id=6716, stack(0x0000000016e40000,0x0000000016f40000)]
  0x0000000002ff5000 JavaThread "Finalizer" daemon [_thread_blocked, id=9076, stack(0x0000000016940000,0x0000000016a40000)]
  0x0000000002ff0000 JavaThread "Reference Handler" daemon [_thread_blocked, id=8696, stack(0x0000000016840000,0x0000000016940000)]
  0x0000000002dfe000 JavaThread "main" [_thread_in_vm, id=7448, stack(0x0000000002e00000,0x0000000002f00000)]

Other Threads:
  0x0000000015697800 VMThread [stack: 0x0000000016740000,0x0000000016840000] [id=6728]
  0x0000000016ab8000 WatcherThread [stack: 0x0000000017440000,0x0000000017540000] [id=6332]

VM state:not at safepoint (normal execution)

VM Mutex/Monitor currently owned by a thread: None

Heap:
 PSYoungGen      total 35328K, used 29231K [0x00000000eab00000, 0x00000000ed000000, 0x0000000100000000)
  eden space 32768K, 81% used [0x00000000eab00000,0x00000000ec50c328,0x00000000ecb00000)
  from space 2560K, 99% used [0x00000000ecd80000,0x00000000ecfffc80,0x00000000ed000000)
  to   space 2560K, 0% used [0x00000000ecb00000,0x00000000ecb00000,0x00000000ecd80000)
 ParOldGen       total 44032K, used 4442K [0x00000000c0000000, 0x00000000c2b00000, 0x00000000eab00000)
  object space 44032K, 10% used [0x00000000c0000000,0x00000000c0456a10,0x00000000c2b00000)
 Metaspace       used 6244K, capacity 7128K, committed 7424K, reserved 1056768K
  class space    used 619K, capacity 656K, committed 768K, reserved 1048576K

Card table byte_map: [0x00000000123c0000,0x00000000125d0000] byte_map_base: 0x0000000011dc0000

Marking Bits: (ParMarkBitMap*) 0x0000000067332f70
 Begin Bits: [0x0000000012b30000, 0x0000000013b30000)
 End Bits:   [0x0000000013b30000, 0x0000000014b30000)

Polling page: 0x0000000000f30000

CodeCache: size=245760Kb used=5801Kb max_used=5814Kb free=239958Kb
 bounds [0x0000000003000000, 0x00000000035c0000, 0x0000000012000000]
 total_blobs=1681 nmethods=1410 adapters=184
 compilation: enabled

Compilation events (10 events):
Event: 6.014 Thread 0x000000001572c000 1419       4       java.util.HashMap::get (23 bytes)
Event: 6.017 Thread 0x000000001572c000 nmethod 1419 0x00000000035a9a50 code [0x00000000035a9ba0, 0x00000000035a9e18]
Event: 6.017 Thread 0x000000001572c000 1404       4       com.android.dx.rop.type.Type::compareTo (9 bytes)
Event: 6.019 Thread 0x000000001572c000 nmethod 1404 0x00000000035a8110 code [0x00000000035a8260, 0x00000000035a8438]
Event: 6.019 Thread 0x000000001572c000 1389       4       com.android.dx.rop.cst.CstType::hashCode (8 bytes)
Event: 6.021 Thread 0x000000001572c000 nmethod 1389 0x00000000035a7cd0 code [0x00000000035a7e20, 0x00000000035a7fb8]
Event: 6.021 Thread 0x000000001572c000 1392   !   4       com.android.dx.rop.cst.CstType::intern (48 bytes)
Event: 6.033 Thread 0x000000001572c000 nmethod 1392 0x00000000035b1c90 code [0x00000000035b1e20, 0x00000000035b26e8]
Event: 6.033 Thread 0x000000001572c000 1418       4       java.util.HashMap::hash (20 bytes)
Event: 6.034 Thread 0x000000001572c000 nmethod 1418 0x00000000035ab4d0 code [0x00000000035ab620, 0x00000000035ab6d8]

GC Heap History (4 events):
Event: 2.408 GC heap before
{Heap before GC invocations=1 (full 0):
 PSYoungGen      total 18944K, used 16384K [0x00000000eab00000, 0x00000000ec000000, 0x0000000100000000)
  eden space 16384K, 100% used [0x00000000eab00000,0x00000000ebb00000,0x00000000ebb00000)
  from space 2560K, 0% used [0x00000000ebd80000,0x00000000ebd80000,0x00000000ec000000)
  to   space 2560K, 0% used [0x00000000ebb00000,0x00000000ebb00000,0x00000000ebd80000)
 ParOldGen       total 44032K, used 0K [0x00000000c0000000, 0x00000000c2b00000, 0x00000000eab00000)
  object space 44032K, 0% used [0x00000000c0000000,0x00000000c0000000,0x00000000c2b00000)
 Metaspace       used 5848K, capacity 6774K, committed 7040K, reserved 1056768K
  class space    used 602K, capacity 622K, committed 640K, reserved 1048576K
Event: 2.571 GC heap after
Heap after GC invocations=1 (full 0):
 PSYoungGen      total 18944K, used 2545K [0x00000000eab00000, 0x00000000ed000000, 0x0000000100000000)
  eden space 16384K, 0% used [0x00000000eab00000,0x00000000eab00000,0x00000000ebb00000)
  from space 2560K, 99% used [0x00000000ebb00000,0x00000000ebd7c4b0,0x00000000ebd80000)
  to   space 2560K, 0% used [0x00000000ecd80000,0x00000000ecd80000,0x00000000ed000000)
 ParOldGen       total 44032K, used 2135K [0x00000000c0000000, 0x00000000c2b00000, 0x00000000eab00000)
  object space 44032K, 4% used [0x00000000c0000000,0x00000000c0215cf8,0x00000000c2b00000)
 Metaspace       used 5848K, capacity 6774K, committed 7040K, reserved 1056768K
  class space    used 602K, capacity 622K, committed 640K, reserved 1048576K
}
Event: 4.041 GC heap before
{Heap before GC invocations=2 (full 0):
 PSYoungGen      total 18944K, used 18929K [0x00000000eab00000, 0x00000000ed000000, 0x0000000100000000)
  eden space 16384K, 100% used [0x00000000eab00000,0x00000000ebb00000,0x00000000ebb00000)
  from space 2560K, 99% used [0x00000000ebb00000,0x00000000ebd7c4b0,0x00000000ebd80000)
  to   space 2560K, 0% used [0x00000000ecd80000,0x00000000ecd80000,0x00000000ed000000)
 ParOldGen       total 44032K, used 2135K [0x00000000c0000000, 0x00000000c2b00000, 0x00000000eab00000)
  object space 44032K, 4% used [0x00000000c0000000,0x00000000c0215cf8,0x00000000c2b00000)
 Metaspace       used 6025K, capacity 6902K, committed 7040K, reserved 1056768K
  class space    used 604K, capacity 622K, committed 640K, reserved 1048576K
Event: 4.072 GC heap after
Heap after GC invocations=2 (full 0):
 PSYoungGen      total 35328K, used 2559K [0x00000000eab00000, 0x00000000ed000000, 0x0000000100000000)
  eden space 32768K, 0% used [0x00000000eab00000,0x00000000eab00000,0x00000000ecb00000)
  from space 2560K, 99% used [0x00000000ecd80000,0x00000000ecfffc80,0x00000000ed000000)
  to   space 2560K, 0% used [0x00000000ecb00000,0x00000000ecb00000,0x00000000ecd80000)
 ParOldGen       total 44032K, used 4442K [0x00000000c0000000, 0x00000000c2b00000, 0x00000000eab00000)
  object space 44032K, 10% used [0x00000000c0000000,0x00000000c0456a10,0x00000000c2b00000)
 Metaspace       used 6025K, capacity 6902K, committed 7040K, reserved 1056768K
  class space    used 604K, capacity 622K, committed 640K, reserved 1048576K
}

Deoptimization events (10 events):
Event: 5.252 Thread 0x0000000002dfe000 Uncommon trap: reason=class_check action=maybe_recompile pc=0x0000000003428708 method=java.util.Arrays.hashCode([Ljava/lang/Object;)I @ 43
Event: 5.253 Thread 0x0000000002dfe000 Uncommon trap: reason=class_check action=maybe_recompile pc=0x0000000003428708 method=java.util.Arrays.hashCode([Ljava/lang/Object;)I @ 43
Event: 5.253 Thread 0x0000000002dfe000 Uncommon trap: reason=class_check action=maybe_recompile pc=0x0000000003428708 method=java.util.Arrays.hashCode([Ljava/lang/Object;)I @ 43
Event: 5.253 Thread 0x0000000002dfe000 Uncommon trap: reason=class_check action=maybe_recompile pc=0x0000000003428708 method=java.util.Arrays.hashCode([Ljava/lang/Object;)I @ 43
Event: 5.254 Thread 0x0000000002dfe000 Uncommon trap: reason=class_check action=maybe_recompile pc=0x000000000342a6a8 method=java.util.Arrays.hashCode([Ljava/lang/Object;)I @ 43
Event: 5.898 Thread 0x0000000002dfe000 Uncommon trap: reason=unstable_if action=reinterpret pc=0x00000000033b2bcc method=java.util.HashMap.putVal(ILjava/lang/Object;Ljava/lang/Object;ZZ)Ljava/lang/Object; @ 94
Event: 5.970 Thread 0x0000000002dfe000 Uncommon trap: reason=bimorphic action=maybe_recompile pc=0x0000000003232c24 method=java.util.HashMap.getNode(ILjava/lang/Object;)Ljava/util/HashMap$Node; @ 126
Event: 5.970 Thread 0x0000000002dfe000 Uncommon trap: reason=bimorphic action=maybe_recompile pc=0x0000000003232c24 method=java.util.HashMap.getNode(ILjava/lang/Object;)Ljava/util/HashMap$Node; @ 126
Event: 5.970 Thread 0x0000000002dfe000 Uncommon trap: reason=bimorphic action=maybe_recompile pc=0x0000000003232c24 method=java.util.HashMap.getNode(ILjava/lang/Object;)Ljava/util/HashMap$Node; @ 126
Event: 5.984 Thread 0x0000000002dfe000 Uncommon trap: reason=bimorphic action=maybe_recompile pc=0x0000000003212820 method=java.util.HashMap.getNode(ILjava/lang/Object;)Ljava/util/HashMap$Node; @ 126

Internal exceptions (3 events):
Event: 0.047 Thread 0x0000000002dfe000 Exception <a 'java/lang/NoSuchMethodError': Method sun.misc.Unsafe.defineClass(Ljava/lang/String;[BII)Ljava/lang/Class; name or signature does not match> (0x00000000eab07cc0) thrown at [C:\re\workspace\8-2-build-windows-amd64-cygwin\jdk8u91\6644\hotspot\sr`H/5÷¨?
Event: 0.047 Thread 0x0000000002dfe000 Exception <a 'java/lang/NoSuchMethodError': Method sun.misc.Unsafe.prefetchRead(Ljava/lang/Object;J)V name or signature does not match> (0x00000000eab07fa8) thrown at [C:\re\workspace\8-2-build-windows-amd64-cygwin\jdk8u91\6644\hotspot\src\share\vm\prims\j`„ô´?/@
Event: 2.773 Thread 0x0000000002dfe000 Implicit null exception at 0x00000000033623ab to 0x0000000003363c19

Events (10 events):
Event: 5.996 loading class com/android/dx/dex/code/LocalList$MakeState
Event: 5.996 loading class com/android/dx/dex/code/LocalList$MakeState done
Event: 5.997 loading class com/android/dx/dex/code/CatchHandlerList
Event: 5.997 loading class com/android/dx/dex/code/CatchHandlerList done
Event: 5.997 loading class com/android/dx/dex/code/CatchTable
Event: 5.997 loading class com/android/dx/dex/code/CatchTable done
Event: 5.998 loading class com/android/dx/dex/code/LocalList$Disposition
Event: 5.998 loading class com/android/dx/dex/code/LocalList$Disposition done
Event: 6.012 loading class com/android/dx/dex/code/LocalList$Entry
Event: 6.012 loading class com/android/dx/dex/code/LocalList$Entry done


Dynamic libraries:
0x00007ff77cca0000 - 0x00007ff77ccd7000 	C:\Program Files\Java\jdk1.8.0_91\bin\java.exe
0x00007ffdb40f0000 - 0x00007ffdb42c1000 	C:\WINDOWS\SYSTEM32\ntdll.dll
0x00007ffdb1ee0000 - 0x00007ffdb1f8b000 	C:\WINDOWS\System32\KERNEL32.DLL
0x00007ffdb0390000 - 0x00007ffdb05ad000 	C:\WINDOWS\System32\KERNELBASE.dll
0x00007ffdb19f0000 - 0x00007ffdb1a92000 	C:\WINDOWS\System32\ADVAPI32.dll
0x00007ffdb2670000 - 0x00007ffdb270e000 	C:\WINDOWS\System32\msvcrt.dll
0x00007ffdb4070000 - 0x00007ffdb40c9000 	C:\WINDOWS\System32\sechost.dll
0x00007ffdb2540000 - 0x00007ffdb2661000 	C:\WINDOWS\System32\RPCRT4.dll
0x00007ffdb2260000 - 0x00007ffdb23c5000 	C:\WINDOWS\System32\USER32.dll
0x00007ffdb05b0000 - 0x00007ffdb05ce000 	C:\WINDOWS\System32\win32u.dll
0x00007ffdb1aa0000 - 0x00007ffdb1ad4000 	C:\WINDOWS\System32\GDI32.dll
0x00007ffdb0db0000 - 0x00007ffdb0f32000 	C:\WINDOWS\System32\gdi32full.dll
0x00007ffda82f0000 - 0x00007ffda8569000 	C:\WINDOWS\WinSxS\amd64_microsoft.windows.common-controls_6595b64144ccf1df_6.0.14393.0_none_2d0f50fcbdb171b8\COMCTL32.dll
0x00007ffdb1f90000 - 0x00007ffdb2257000 	C:\WINDOWS\System32\combase.dll
0x00007ffdb1270000 - 0x00007ffdb1365000 	C:\WINDOWS\System32\ucrtbase.dll
0x00007ffdb1450000 - 0x00007ffdb14ba000 	C:\WINDOWS\System32\bcryptPrimitives.dll
0x00007ffdb4040000 - 0x00007ffdb406e000 	C:\WINDOWS\System32\IMM32.DLL
0x00000000673c0000 - 0x0000000067492000 	C:\Program Files\Java\jdk1.8.0_91\jre\bin\msvcr100.dll
0x0000000066b20000 - 0x00000000673b3000 	C:\Program Files\Java\jdk1.8.0_91\jre\bin\server\jvm.dll
0x00007ffdb13c0000 - 0x00007ffdb13e3000 	C:\WINDOWS\System32\WINMM.dll
0x00007ffdb0360000 - 0x00007ffdb038b000 	C:\WINDOWS\System32\WINMMBASE.dll
0x00007ffdb05d0000 - 0x00007ffdb0612000 	C:\WINDOWS\System32\cfgmgr32.dll
0x00007ffdb3e40000 - 0x00007ffdb3e48000 	C:\WINDOWS\System32\PSAPI.DLL
0x00007ffd9daa0000 - 0x00007ffd9daa9000 	C:\WINDOWS\SYSTEM32\WSOCK32.dll
0x00007ffdb3f20000 - 0x00007ffdb3f8a000 	C:\WINDOWS\System32\WS2_32.dll
0x00007ffdaccd0000 - 0x00007ffdaccda000 	C:\WINDOWS\SYSTEM32\VERSION.dll
0x0000000066b10000 - 0x0000000066b1f000 	C:\Program Files\Java\jdk1.8.0_91\jre\bin\verify.dll
0x0000000066ae0000 - 0x0000000066b09000 	C:\Program Files\Java\jdk1.8.0_91\jre\bin\java.dll
0x0000000066ac0000 - 0x0000000066ad6000 	C:\Program Files\Java\jdk1.8.0_91\jre\bin\zip.dll
0x00007ffdb2710000 - 0x00007ffdb3c18000 	C:\WINDOWS\System32\SHELL32.dll
0x00007ffdb06d0000 - 0x00007ffdb0daa000 	C:\WINDOWS\System32\windows.storage.dll
0x00007ffdb1370000 - 0x00007ffdb13bc000 	C:\WINDOWS\System32\powrprof.dll
0x00007ffdb3ec0000 - 0x00007ffdb3f12000 	C:\WINDOWS\System32\shlwapi.dll
0x00007ffdb0340000 - 0x00007ffdb034f000 	C:\WINDOWS\System32\kernel.appcore.dll
0x00007ffdb1110000 - 0x00007ffdb11b9000 	C:\WINDOWS\System32\shcore.dll
0x00007ffdb0320000 - 0x00007ffdb0334000 	C:\WINDOWS\System32\profapi.dll

VM Arguments:
jvm_args: -Djava.awt.headless=true -Xmx1024M -Dfile.encoding=GBK -Duser.country=CN -Duser.language=zh -Duser.variant 
java_command: com.android.dx.command.Main --dex --force-jumbo --num-threads=4 --output D:\andriod_projects\smartHome\app\build\intermediates\pre-dexed\debug\instant-run_70170bf4ab4cc2fdd9bbcc4d7a23bf7767dd91c0.jar D:\andriod_projects\smartHome\app\build\intermediates\incremental-runtime-classes\debug\instant-run.jar
java_class_path (initial): D:\android\android_SDK\build-tools\23.0.3\lib\dx.jar
Launcher Type: SUN_STANDARD

Environment Variables:
JAVA_HOME=C:\Program Files (x86)\Java\jdk1.8.0_31
CLASSPATH=C:\Program Files (x86)\Java\jdk1.8.0_31\lib;C:\Program Files (x86)\Java\jdk1.8.0_31\lib\tools.jar;D:\andriod environment\adt-bundle-windows-x86-20131030\eclipse\plugins\org.apache.ant_1.8.3.v201301120609\lib;
PATH=C:\PROGRA~1\PTC\MKSTOO~1\bin64;C:\PROGRA~1\PTC\MKSTOO~1\bin;C:\PROGRA~1\PTC\MKSTOO~1\bin\X11;C:\PROGRA~1\PTC\MKSTOO~1\mksnt;C:\ProgramData\Oracle\Java\javapath;C:\Program Files (x86)\Intel\iCLS Client\;C:\Program Files\Intel\iCLS Client\;C:\Program Files (x86)\NVIDIA Corporation\PhysX\Common;C:\WINDOWS\system32;C:\WINDOWS;C:\WINDOWS\System32\Wbem;C:\WINDOWS\System32\WindowsPowerShell\v1.0\;C:\Program Files\Intel\Intel(R) Management Engine Components\DAL;C:\Program Files\Intel\Intel(R) Management Engine Components\IPT;C:\Program Files (x86)\Intel\Intel(R) Management Engine Components\DAL;C:\Program Files (x86)\Intel\Intel(R) Management Engine Components\IPT;C:\Program Files (x86)\Java\jdk1.8.0_31\bin;C:\Program Files (x86)\Java\jdk1.8.0_31\jre\bin;D:\andriod environment\adt-bundle-windows-x86-20131030\sdk\tools;D:\andriod environment\adt-bundle-windows-x86-20131030\sdk\platform-tools;D:\andriod environment\adt-bundle-windows-x86-20131030\eclipse\plugins\org.apache.ant_1.8.3.v201301120609\bin;C:\Program Files\nodejs\;D:\Git\cmd;D:\HMA! Pro VPN\bin;C:\Users\zhiwu_000\AppData\Local\Microsoft\WindowsApps;
USERNAME=freedom
DISPLAY=:0.0
OS=Windows_NT
PROCESSOR_IDENTIFIER=Intel64 Family 6 Model 60 Stepping 3, GenuineIntel



---------------  S Y S T E M  ---------------

OS: Windows 10.0 , 64 bit Build 14393 (10.0.14393.0)

CPU:total 4 (2 cores per cpu, 2 threads per core) family 6 model 60 stepping 3, cmov, cx8, fxsr, mmx, sse, sse2, sse3, ssse3, sse4.1, sse4.2, popcnt, avx, avx2, aes, clmul, erms, lzcnt, ht, tsc, tscinvbit, bmi1, bmi2

Memory: 4k page, physical 4112564k(271624k free), swap 5685428k(5944k free)

vm_info: Java HotSpot(TM) 64-Bit Server VM (25.91-b14) for windows-amd64 JRE (1.8.0_91-b14), built on Apr  1 2016 00:58:32 by "java_re" with MS VC++ 10.0 (VS2010)

time: Tue Oct 04 21:20:47 2016
elapsed time: 6 seconds (0d 0h 0m 6s)

