#
# There is insufficient memory for the Java Runtime Environment to continue.
# Native memory allocation (malloc) failed to allocate 284336 bytes for Chunk::new
# Possible reasons:
#   The system is out of physical RAM or swap space
#   In 32 bit mode, the process size limit was hit
# Possible solutions:
#   Reduce memory load on the system
#   Increase physical memory or swap space
#   Check if swap backing store is full
#   Use 64 bit Java on a 64 bit OS
#   Decrease Java heap size (-Xmx/-Xms)
#   Decrease number of Java threads
#   Decrease Java thread stack sizes (-Xss)
#   Set larger code cache with -XX:ReservedCodeCacheSize=
# This output file may be truncated or incomplete.
#
#  Out of Memory Error (allocation.cpp:390), pid=400, tid=1564
#
# JRE version: Java(TM) SE Runtime Environment (8.0_91-b14) (build 1.8.0_91-b14)
# Java VM: Java HotSpot(TM) 64-Bit Server VM (25.91-b14 mixed mode windows-amd64 compressed oops)
# Failed to write core dump. Minidumps are not enabled by default on client versions of Windows
#

---------------  T H R E A D  ---------------

Current thread (0x0000000016309000):  JavaThread "C2 CompilerThread1" daemon [_thread_in_native, id=1564, stack(0x0000000016a00000,0x0000000016b00000)]

Stack: [0x0000000016a00000,0x0000000016b00000]
[error occurred during error reporting (printing stack bounds), id 0xc0000005]

Native frames: (J=compiled Java code, j=interpreted, Vv=VM code, C=native code)


Current CompileTask:
C2:   1064 1162 %     4       com.android.dx.ssa.SsaMethod::computeReachability @ 8 (131 bytes)


---------------  P R O C E S S  ---------------

Java Threads: ( => current thread )
  0x0000000016595000 JavaThread "pool-2-thread-4" [_thread_blocked, id=10236, stack(0x0000000017200000,0x0000000017300000)]
  0x0000000016592800 JavaThread "pool-2-thread-3" [_thread_blocked, id=2872, stack(0x0000000017100000,0x0000000017200000)]
  0x000000001658f800 JavaThread "pool-2-thread-2" [_thread_blocked, id=8424, stack(0x0000000017000000,0x0000000017100000)]
  0x0000000016596800 JavaThread "pool-3-thread-1" [_thread_blocked, id=2756, stack(0x0000000016f00000,0x0000000017000000)]
  0x0000000016595800 JavaThread "pool-2-thread-1" [_thread_in_Java, id=10064, stack(0x0000000016e00000,0x0000000016f00000)]
  0x000000001638e800 JavaThread "Service Thread" daemon [_thread_blocked, id=9548, stack(0x0000000016c00000,0x0000000016d00000)]
  0x0000000016313000 JavaThread "C1 CompilerThread2" daemon [_thread_in_native, id=2720, stack(0x0000000016b00000,0x0000000016c00000)]
=>0x0000000016309000 JavaThread "C2 CompilerThread1" daemon [_thread_in_native, id=1564, stack(0x0000000016a00000,0x0000000016b00000)]
  0x0000000014ffc800 JavaThread "C2 CompilerThread0" daemon [_thread_in_native, id=3108, stack(0x0000000016900000,0x0000000016a00000)]
  0x0000000014ffa800 JavaThread "Attach Listener" daemon [_thread_blocked, id=6996, stack(0x0000000016800000,0x0000000016900000)]
  0x0000000014faf000 JavaThread "Signal Dispatcher" daemon [_thread_blocked, id=3400, stack(0x0000000016700000,0x0000000016800000)]
  0x00000000028cb000 JavaThread "Finalizer" daemon [_thread_blocked, id=4320, stack(0x0000000016200000,0x0000000016300000)]
  0x00000000028c0000 JavaThread "Reference Handler" daemon [_thread_blocked, id=9896, stack(0x0000000016100000,0x0000000016200000)]
  0x0000000000b3e000 JavaThread "main" [_thread_blocked, id=1796, stack(0x00000000022a0000,0x00000000023a0000)]

Other Threads:
  0x0000000014f67800 VMThread [stack: 0x0000000016000000,0x0000000016100000] [id=1592]
  0x00000000163e6800 WatcherThread [stack: 0x0000000016d00000,0x0000000016e00000] [id=2996]

VM state:not at safepoint (normal execution)

VM Mutex/Monitor currently owned by a thread: None

Heap:
 PSYoungGen      total 18944K, used 18663K [0x00000000eab00000, 0x00000000ec000000, 0x0000000100000000)
  eden space 16384K, 98% used [0x00000000eab00000,0x00000000ebabd4b8,0x00000000ebb00000)
  from space 2560K, 99% used [0x00000000ebb00000,0x00000000ebd7cac8,0x00000000ebd80000)
  to   space 2560K, 0% used [0x00000000ebd80000,0x00000000ebd80000,0x00000000ec000000)
 ParOldGen       total 44032K, used 1571K [0x00000000c0000000, 0x00000000c2b00000, 0x00000000eab00000)
  object space 44032K, 3% used [0x00000000c0000000,0x00000000c0188f30,0x00000000c2b00000)
 Metaspace       used 6039K, capacity 6900K, committed 7040K, reserved 1056768K
  class space    used 604K, capacity 620K, committed 640K, reserved 1048576K

Card table byte_map: [0x0000000011c90000,0x0000000011ea0000] byte_map_base: 0x0000000011690000

Marking Bits: (ParMarkBitMap*) 0x000000005b2d2f70
 Begin Bits: [0x0000000012400000, 0x0000000013400000)
 End Bits:   [0x0000000013400000, 0x0000000014400000)

Polling page: 0x00000000001f0000

CodeCache: size=245760Kb used=4738Kb max_used=4738Kb free=241021Kb
 bounds [0x00000000028d0000, 0x0000000002d80000, 0x00000000118d0000]
 total_blobs=1468 nmethods=1197 adapters=184
 compilation: enabled

Compilation events (10 events):
Event: 1.060 Thread 0x0000000016313000 1203       3       com.android.dx.rop.cst.CstBaseMethodRef::getType (8 bytes)
Event: 1.060 Thread 0x0000000016313000 nmethod 1203 0x0000000002d6ff50 code [0x0000000002d700a0, 0x0000000002d70290]
Event: 1.060 Thread 0x0000000016313000 1204       3       com.android.dx.cf.code.Simulator$SimVisitor::checkReturnType (64 bytes)
Event: 1.060 Thread 0x0000000016313000 nmethod 1204 0x0000000002d70350 code [0x0000000002d705a0, 0x0000000002d71328]
Event: 1.061 Thread 0x0000000016313000 1205       3       com.android.dx.rop.type.Prototype::compareTo (120 bytes)
Event: 1.061 Thread 0x0000000016313000 nmethod 1205 0x0000000002d71950 code [0x0000000002d71b60, 0x0000000002d729f8]
Event: 1.061 Thread 0x0000000016313000 1206       1       com.android.dx.rop.annotation.NameValuePair::getName (5 bytes)
Event: 1.062 Thread 0x0000000016313000 nmethod 1206 0x0000000002d73110 code [0x0000000002d73260, 0x0000000002d73370]
Event: 1.062 Thread 0x0000000016313000 1207       3       com.android.dx.cf.code.BaseMachine::popArgs (137 bytes)
Event: 1.063 Thread 0x0000000016313000 nmethod 1207 0x0000000002d733d0 code [0x0000000002d73740, 0x0000000002d75148]

GC Heap History (2 events):
Event: 0.645 GC heap before
{Heap before GC invocations=1 (full 0):
 PSYoungGen      total 18944K, used 16384K [0x00000000eab00000, 0x00000000ec000000, 0x0000000100000000)
  eden space 16384K, 100% used [0x00000000eab00000,0x00000000ebb00000,0x00000000ebb00000)
  from space 2560K, 0% used [0x00000000ebd80000,0x00000000ebd80000,0x00000000ec000000)
  to   space 2560K, 0% used [0x00000000ebb00000,0x00000000ebb00000,0x00000000ebd80000)
 ParOldGen       total 44032K, used 0K [0x00000000c0000000, 0x00000000c2b00000, 0x00000000eab00000)
  object space 44032K, 0% used [0x00000000c0000000,0x00000000c0000000,0x00000000c2b00000)
 Metaspace       used 5716K, capacity 6642K, committed 6784K, reserved 1056768K
  class space    used 598K, capacity 618K, committed 640K, reserved 1048576K
Event: 0.658 GC heap after
Heap after GC invocations=1 (full 0):
 PSYoungGen      total 18944K, used 2546K [0x00000000eab00000, 0x00000000ec000000, 0x0000000100000000)
  eden space 16384K, 0% used [0x00000000eab00000,0x00000000eab00000,0x00000000ebb00000)
  from space 2560K, 99% used [0x00000000ebb00000,0x00000000ebd7cac8,0x00000000ebd80000)
  to   space 2560K, 0% used [0x00000000ebd80000,0x00000000ebd80000,0x00000000ec000000)
 ParOldGen       total 44032K, used 1571K [0x00000000c0000000, 0x00000000c2b00000, 0x00000000eab00000)
  object space 44032K, 3% used [0x00000000c0000000,0x00000000c0188f30,0x00000000c2b00000)
 Metaspace       used 5716K, capacity 6642K, committed 6784K, reserved 1056768K
  class space    used 598K, capacity 618K, committed 640K, reserved 1048576K
}

Deoptimization events (9 events):
Event: 0.631 Thread 0x0000000016592800 Uncommon trap: reason=class_check action=maybe_recompile pc=0x0000000002af3af0 method=com.android.dx.ssa.NormalSsaInsn.accept(Lcom/android/dx/ssa/SsaInsn$Visitor;)V @ 9
Event: 0.645 Thread 0x0000000016595800 Uncommon trap: reason=class_check action=maybe_recompile pc=0x0000000002af3af0 method=com.android.dx.ssa.NormalSsaInsn.accept(Lcom/android/dx/ssa/SsaInsn$Visitor;)V @ 9
Event: 0.753 Thread 0x0000000016592800 Uncommon trap: reason=unstable_if action=reinterpret pc=0x0000000002af60f0 method=java.util.BitSet.nextSetBit(I)I @ 87
Event: 0.807 Thread 0x000000001658f800 Uncommon trap: reason=unstable_if action=reinterpret pc=0x0000000002b1062c method=java.util.HashMap.getNode(ILjava/lang/Object;)Ljava/util/HashMap$Node; @ 129
Event: 0.903 Thread 0x0000000016592800 Uncommon trap: reason=unstable_if action=reinterpret pc=0x0000000002b1a7b4 method=java.util.BitSet.ensureCapacity(I)V @ 6
Event: 0.946 Thread 0x0000000000b3e000 Uncommon trap: reason=unstable_if action=reinterpret pc=0x0000000002b97cd0 method=com.android.dx.rop.code.RegisterSpec.equals(ILcom/android/dx/rop/type/TypeBearer;Lcom/android/dx/rop/code/LocalItem;)Z @ 16
Event: 0.946 Thread 0x0000000000b3e000 Uncommon trap: reason=unstable_if action=reinterpret pc=0x0000000002b7e6f0 method=com.android.dx.rop.code.RegisterSpec.equals(ILcom/android/dx/rop/type/TypeBearer;Lcom/android/dx/rop/code/LocalItem;)Z @ 16
Event: 0.948 Thread 0x0000000000b3e000 Uncommon trap: reason=bimorphic action=maybe_recompile pc=0x0000000002c8509c method=java.util.HashMap.putVal(ILjava/lang/Object;Ljava/lang/Object;ZZ)Ljava/lang/Object; @ 91
Event: 0.963 Thread 0x0000000000b3e000 Uncommon trap: reason=null_check action=make_not_entrant pc=0x0000000002cc6528 method=com.android.dx.rop.type.Type.equals(Ljava/lang/Object;)Z @ 8

Internal exceptions (3 events):
Event: 0.044 Thread 0x0000000000b3e000 Exception <a 'java/lang/NoSuchMethodError': Method sun.misc.Unsafe.defineClass(Ljava/lang/String;[BII)Ljava/lang/Class; name or signature does not match> (0x00000000eab07cc0) thrown at [C:\re\workspace\8-2-build-windows-amd64-cygwin\jdk8u91\6644\hotspot\sr1ù∂7Ö…¶?
Event: 0.045 Thread 0x0000000000b3e000 Exception <a 'java/lang/NoSuchMethodError': Method sun.misc.Unsafe.prefetchRead(Ljava/lang/Object;J)V name or signature does not match> (0x00000000eab07fa8) thrown at [C:\re\workspace\8-2-build-windows-amd64-cygwin\jdk8u91\6644\hotspot\src\share\vm\prims\j–¨é=Ç–Ó?
Event: 0.963 Thread 0x0000000000b3e000 Implicit null exception at 0x0000000002cc6422 to 0x0000000002cc651a

Events (10 events):
Event: 0.946 Thread 0x0000000000b3e000 DEOPT PACKING pc=0x0000000002b7e6f0 sp=0x000000000239d5a0
Event: 0.946 Thread 0x0000000000b3e000 DEOPT UNPACKING pc=0x000000000291582a sp=0x000000000239d538 mode 2
Event: 0.948 Thread 0x0000000000b3e000 Uncommon trap: trap_request=0xffffffc6 fr.pc=0x0000000002c8509c
Event: 0.948 Thread 0x0000000000b3e000 DEOPT PACKING pc=0x0000000002c8509c sp=0x000000000239e0f0
Event: 0.948 Thread 0x0000000000b3e000 DEOPT UNPACKING pc=0x000000000291582a sp=0x000000000239e018 mode 2
Event: 0.963 Thread 0x0000000000b3e000 Uncommon trap: trap_request=0xfffffff4 fr.pc=0x0000000002cc6528
Event: 0.963 Thread 0x0000000000b3e000 DEOPT PACKING pc=0x0000000002cc6528 sp=0x000000000239dd40
Event: 0.963 Thread 0x0000000000b3e000 DEOPT UNPACKING pc=0x000000000291582a sp=0x000000000239dcc8 mode 2
Event: 0.990 Executing VM operation: ForceSafepoint
Event: 0.993 Executing VM operation: ForceSafepoint done


Dynamic libraries:
0x00007ff6510e0000 - 0x00007ff651117000 	C:\Program Files\Java\jdk1.8.0_91\bin\java.exe
0x00007fffc0830000 - 0x00007fffc09f1000 	C:\WINDOWS\SYSTEM32\ntdll.dll
0x00007fffc0770000 - 0x00007fffc081d000 	C:\WINDOWS\system32\KERNEL32.DLL
0x00007fffbcee0000 - 0x00007fffbd0c8000 	C:\WINDOWS\system32\KERNELBASE.dll
0x00007fffbdf70000 - 0x00007fffbe017000 	C:\WINDOWS\system32\ADVAPI32.dll
0x00007fffbe460000 - 0x00007fffbe4fd000 	C:\WINDOWS\system32\msvcrt.dll
0x00007fffbfe00000 - 0x00007fffbfe5b000 	C:\WINDOWS\system32\sechost.dll
0x00007fffc0430000 - 0x00007fffc054c000 	C:\WINDOWS\system32\RPCRT4.dll
0x00007fffc0050000 - 0x00007fffc01a6000 	C:\WINDOWS\system32\USER32.dll
0x00007fffbdd80000 - 0x00007fffbdf06000 	C:\WINDOWS\system32\GDI32.dll
0x00007fffb9680000 - 0x00007fffb98f4000 	C:\WINDOWS\WinSxS\amd64_microsoft.windows.common-controls_6595b64144ccf1df_6.0.10586.0_none_8c15ae12515e1c22\COMCTL32.dll
0x00007fffbfb80000 - 0x00007fffbfdfd000 	C:\WINDOWS\system32\combase.dll
0x00007fffbd0d0000 - 0x00007fffbd13a000 	C:\WINDOWS\system32\bcryptPrimitives.dll
0x00007fffc0010000 - 0x00007fffc004b000 	C:\WINDOWS\system32\IMM32.DLL
0x00007fffbcb10000 - 0x00007fffbcb41000 	C:\Windows\system32\nvinitx.dll
0x00007fffbcb00000 - 0x00007fffbcb0a000 	C:\WINDOWS\SYSTEM32\VERSION.dll
0x000000005a810000 - 0x000000005a8e2000 	C:\Program Files\Java\jdk1.8.0_91\jre\bin\msvcr100.dll
0x000000005aac0000 - 0x000000005b353000 	C:\Program Files\Java\jdk1.8.0_91\jre\bin\server\jvm.dll
0x00007fffbceb0000 - 0x00007fffbced3000 	C:\WINDOWS\system32\WINMM.dll
0x00007fffbcc20000 - 0x00007fffbcc4c000 	C:\WINDOWS\system32\WINMMBASE.dll
0x00007fffbcd90000 - 0x00007fffbcdd3000 	C:\WINDOWS\system32\cfgmgr32.dll
0x00007fffc0310000 - 0x00007fffc0318000 	C:\WINDOWS\system32\PSAPI.DLL
0x00007fffb4570000 - 0x00007fffb4579000 	C:\WINDOWS\SYSTEM32\WSOCK32.dll
0x00007fffc0700000 - 0x00007fffc076b000 	C:\WINDOWS\system32\WS2_32.dll
0x000000005be80000 - 0x000000005be8f000 	C:\Program Files\Java\jdk1.8.0_91\jre\bin\verify.dll
0x000000005be50000 - 0x000000005be79000 	C:\Program Files\Java\jdk1.8.0_91\jre\bin\java.dll
0x000000005be30000 - 0x000000005be46000 	C:\Program Files\Java\jdk1.8.0_91\jre\bin\zip.dll
0x00007fffbe620000 - 0x00007fffbfb7c000 	C:\WINDOWS\system32\SHELL32.dll
0x00007fffbd420000 - 0x00007fffbda64000 	C:\WINDOWS\system32\windows.storage.dll
0x00007fffc06a0000 - 0x00007fffc06f2000 	C:\WINDOWS\system32\shlwapi.dll
0x00007fffbcc60000 - 0x00007fffbcc6f000 	C:\WINDOWS\system32\kernel.appcore.dll
0x00007fffbcde0000 - 0x00007fffbce95000 	C:\WINDOWS\system32\shcore.dll
0x00007fffbcd40000 - 0x00007fffbcd8b000 	C:\WINDOWS\system32\powrprof.dll
0x00007fffbcc70000 - 0x00007fffbcc84000 	C:\WINDOWS\system32\profapi.dll

VM Arguments:
jvm_args: -Djava.awt.headless=true -Xmx1024M -Dfile.encoding=GBK -Duser.country=CN -Duser.language=zh -Duser.variant 
java_command: com.android.dx.command.Main --dex --force-jumbo --num-threads=4 --multi-dex --output D:\andriod_projects\Smart_home\app\build\intermediates\transforms\dex\debug\folders\1000\10\com.android.support-design-23.3.0_98cea4e0e8c28f5f53a7bca71731ccc07aea4da2 D:\andriod_projects\Smart_home\app\build\intermediates\exploded-aar\com.android.support\design\23.3.0\jars\classes.jar
java_class_path (initial): D:\android\android_SDK\build-tools\23.0.3\lib\dx.jar
Launcher Type: SUN_STANDARD

Environment Variables:
JAVA_HOME=C:\Program Files (x86)\Java\jdk1.8.0_31
CLASSPATH=C:\Program Files (x86)\Java\jdk1.8.0_31\lib;C:\Program Files (x86)\Java\jdk1.8.0_31\lib\tools.jar;D:\andriod environment\adt-bundle-windows-x86-20131030\eclipse\plugins\org.apache.ant_1.8.3.v201301120609\lib;
PATH=C:\PROGRA~1\PTC\MKSTOO~1\bin64;C:\PROGRA~1\PTC\MKSTOO~1\bin;C:\PROGRA~1\PTC\MKSTOO~1\bin\X11;C:\PROGRA~1\PTC\MKSTOO~1\mksnt;C:\ProgramData\Oracle\Java\javapath;C:\Program Files (x86)\Intel\iCLS Client\;C:\Program Files\Intel\iCLS Client\;C:\Program Files (x86)\NVIDIA Corporation\PhysX\Common;C:\WINDOWS\system32;C:\WINDOWS;C:\WINDOWS\System32\Wbem;C:\WINDOWS\System32\WindowsPowerShell\v1.0\;C:\Program Files\Intel\Intel(R) Management Engine Components\DAL;C:\Program Files\Intel\Intel(R) Management Engine Components\IPT;C:\Program Files (x86)\Intel\Intel(R) Management Engine Components\DAL;C:\Program Files (x86)\Intel\Intel(R) Management Engine Components\IPT;C:\Program Files (x86)\Java\jdk1.8.0_31\bin;C:\Program Files (x86)\Java\jdk1.8.0_31\jre\bin;D:\andriod environment\adt-bundle-windows-x86-20131030\sdk\tools;D:\andriod environment\adt-bundle-windows-x86-20131030\sdk\platform-tools;D:\andriod environment\adt-bundle-windows-x86-20131030\eclipse\plugins\org.apache.ant_1.8.3.v201301120609\bin;C:\Program Files\nodejs\;D:\HMA! Pro VPN\bin
USERNAME=freedom
DISPLAY=:0.0
OS=Windows_NT
PROCESSOR_IDENTIFIER=Intel64 Family 6 Model 60 Stepping 3, GenuineIntel



---------------  S Y S T E M  ---------------

OS: Windows 10.0 , 64 bit Build 10586 (10.0.10586.0)

CPU:total 4 (2 cores per cpu, 2 threads per core) family 6 model 60 stepping 3, cmov, cx8, fxsr, mmx, sse, sse2, sse3, ssse3, sse4.1, sse4.2, popcnt, avx, avx2, aes, clmul, erms, lzcnt, ht, tsc, tscinvbit, bmi1, bmi2

Memory: 4k page, physical 4112564k(693024k free), swap 5685428k(5148k free)

vm_info: Java HotSpot(TM) 64-Bit Server VM (25.91-b14) for windows-amd64 JRE (1.8.0_91-b14), built on Apr  1 2016 00:58:32 by "java_re" with MS VC++ 10.0 (VS2010)

time: Sat Jun 18 01:44:37 2016
elapsed time: 1 seconds (0d 0h 0m 1s)

