#
# There is insufficient memory for the Java Runtime Environment to continue.
# Native memory allocation (malloc) failed to allocate 1326576 bytes for Chunk::new
# Possible reasons:
#   The system is out of physical RAM or swap space
#   In 32 bit mode, the process size limit was hit
# Possible solutions:
#   Reduce memory load on the system
#   Increase physical memory or swap space
#   Check if swap backing store is full
#   Use 64 bit Java on a 64 bit OS
#   Decrease Java heap size (-Xmx/-Xms)
#   Decrease number of Java threads
#   Decrease Java thread stack sizes (-Xss)
#   Set larger code cache with -XX:ReservedCodeCacheSize=
# This output file may be truncated or incomplete.
#
#  Out of Memory Error (allocation.cpp:390), pid=4120, tid=3352
#
# JRE version: Java(TM) SE Runtime Environment (8.0_91-b14) (build 1.8.0_91-b14)
# Java VM: Java HotSpot(TM) 64-Bit Server VM (25.91-b14 mixed mode windows-amd64 compressed oops)
# Failed to write core dump. Minidumps are not enabled by default on client versions of Windows
#

---------------  T H R E A D  ---------------

Current thread (0x000000001532d800):  JavaThread "C2 CompilerThread1" daemon [_thread_in_native, id=3352, stack(0x0000000016d30000,0x0000000016e30000)]

Stack: [0x0000000016d30000,0x0000000016e30000]
[error occurred during error reporting (printing stack bounds), id 0xc0000005]

Native frames: (J=compiled Java code, j=interpreted, Vv=VM code, C=native code)


Current CompileTask:
C2:   4051 1433       4       com.android.dx.dex.code.OutputFinisher::addConstants (93 bytes)


---------------  P R O C E S S  ---------------

Java Threads: ( => current thread )
  0x0000000017a12000 JavaThread "pool-1-thread-1" [_thread_in_vm, id=3316, stack(0x0000000018e00000,0x0000000018f00000)]
  0x00000000166cc000 JavaThread "Service Thread" daemon [_thread_blocked, id=6448, stack(0x0000000016f30000,0x0000000017030000)]
  0x000000001665a800 JavaThread "C1 CompilerThread2" daemon [_thread_blocked, id=5708, stack(0x0000000016e30000,0x0000000016f30000)]
=>0x000000001532d800 JavaThread "C2 CompilerThread1" daemon [_thread_in_native, id=3352, stack(0x0000000016d30000,0x0000000016e30000)]
  0x000000001532b800 JavaThread "C2 CompilerThread0" daemon [_thread_in_native, id=10004, stack(0x0000000016c30000,0x0000000016d30000)]
  0x0000000015329000 JavaThread "Attach Listener" daemon [_thread_blocked, id=9256, stack(0x0000000016b30000,0x0000000016c30000)]
  0x00000000152df000 JavaThread "Signal Dispatcher" daemon [_thread_blocked, id=9464, stack(0x0000000016a30000,0x0000000016b30000)]
  0x0000000002bfa800 JavaThread "Finalizer" daemon [_thread_blocked, id=1732, stack(0x0000000016530000,0x0000000016630000)]
  0x0000000002bf0000 JavaThread "Reference Handler" daemon [_thread_blocked, id=10120, stack(0x0000000016430000,0x0000000016530000)]
  0x00000000025ce000 JavaThread "main" [_thread_blocked, id=5540, stack(0x0000000002a00000,0x0000000002b00000)]

Other Threads:
  0x0000000015297800 VMThread [stack: 0x0000000016330000,0x0000000016430000] [id=8508]
  0x00000000166fd800 WatcherThread [stack: 0x0000000017030000,0x0000000017130000] [id=9340]

VM state:not at safepoint (normal execution)

VM Mutex/Monitor currently owned by a thread: None

Heap:
 PSYoungGen      total 35328K, used 28341K [0x00000000eab00000, 0x00000000ed000000, 0x0000000100000000)
  eden space 32768K, 78% used [0x00000000eab00000,0x00000000ec430ff8,0x00000000ecb00000)
  from space 2560K, 99% used [0x00000000ecd80000,0x00000000ecffc620,0x00000000ed000000)
  to   space 2560K, 0% used [0x00000000ecb00000,0x00000000ecb00000,0x00000000ecd80000)
 ParOldGen       total 44032K, used 4684K [0x00000000c0000000, 0x00000000c2b00000, 0x00000000eab00000)
  object space 44032K, 10% used [0x00000000c0000000,0x00000000c0493330,0x00000000c2b00000)
 Metaspace       used 6162K, capacity 7064K, committed 7424K, reserved 1056768K
  class space    used 610K, capacity 656K, committed 768K, reserved 1048576K

Card table byte_map: [0x0000000011fc0000,0x00000000121d0000] byte_map_base: 0x00000000119c0000

Marking Bits: (ParMarkBitMap*) 0x000000005b2d2f70
 Begin Bits: [0x0000000012730000, 0x0000000013730000)
 End Bits:   [0x0000000013730000, 0x0000000014730000)

Polling page: 0x00000000025b0000

CodeCache: size=245760Kb used=5734Kb max_used=5743Kb free=240025Kb
 bounds [0x0000000002c00000, 0x00000000031b0000, 0x0000000011c00000]
 total_blobs=1698 nmethods=1427 adapters=184
 compilation: enabled

Compilation events (10 events):
Event: 3.995 Thread 0x000000001665a800 1431       3       com.android.dx.rop.cst.CstMemberRef::hashCode (19 bytes)
Event: 3.995 Thread 0x000000001665a800 nmethod 1431 0x000000000319b810 code [0x000000000319b9c0, 0x000000000319c1e8]
Event: 3.995 Thread 0x000000001665a800 1432       3       com.android.dx.rop.cst.CstNat::hashCode (19 bytes)
Event: 3.995 Thread 0x000000001532d800 1433       4       com.android.dx.dex.code.OutputFinisher::addConstants (93 bytes)
Event: 3.996 Thread 0x000000001665a800 nmethod 1432 0x000000000319c590 code [0x000000000319c720, 0x000000000319cbd8]
Event: 3.996 Thread 0x000000001532b800 1434       4       java.util.HashMap::putVal (300 bytes)
Event: 4.005 Thread 0x000000001532b800 nmethod 1434 0x00000000031a0190 code [0x00000000031a0340, 0x00000000031a0b18]
Event: 4.006 Thread 0x000000001665a800 1435  s    3       com.android.dx.dex.file.StringIdsSection::intern (53 bytes)
Event: 4.006 Thread 0x000000001665a800 nmethod 1435 0x000000000319f290 code [0x000000000319f460, 0x000000000319fdd8]
Event: 4.007 Thread 0x000000001532b800 1436       4       com.android.dx.dex.code.OutputFinisher::addConstants (68 bytes)

GC Heap History (4 events):
Event: 2.182 GC heap before
{Heap before GC invocations=1 (full 0):
 PSYoungGen      total 18944K, used 16384K [0x00000000eab00000, 0x00000000ec000000, 0x0000000100000000)
  eden space 16384K, 100% used [0x00000000eab00000,0x00000000ebb00000,0x00000000ebb00000)
  from space 2560K, 0% used [0x00000000ebd80000,0x00000000ebd80000,0x00000000ec000000)
  to   space 2560K, 0% used [0x00000000ebb00000,0x00000000ebb00000,0x00000000ebd80000)
 ParOldGen       total 44032K, used 0K [0x00000000c0000000, 0x00000000c2b00000, 0x00000000eab00000)
  object space 44032K, 0% used [0x00000000c0000000,0x00000000c0000000,0x00000000c2b00000)
 Metaspace       used 5812K, capacity 6708K, committed 6784K, reserved 1056768K
  class space    used 599K, capacity 620K, committed 640K, reserved 1048576K
Event: 2.429 GC heap after
Heap after GC invocations=1 (full 0):
 PSYoungGen      total 18944K, used 2543K [0x00000000eab00000, 0x00000000ed000000, 0x0000000100000000)
  eden space 16384K, 0% used [0x00000000eab00000,0x00000000eab00000,0x00000000ebb00000)
  from space 2560K, 99% used [0x00000000ebb00000,0x00000000ebd7bc70,0x00000000ebd80000)
  to   space 2560K, 0% used [0x00000000ecd80000,0x00000000ecd80000,0x00000000ed000000)
 ParOldGen       total 44032K, used 2102K [0x00000000c0000000, 0x00000000c2b00000, 0x00000000eab00000)
  object space 44032K, 4% used [0x00000000c0000000,0x00000000c020da28,0x00000000c2b00000)
 Metaspace       used 5812K, capacity 6708K, committed 6784K, reserved 1056768K
  class space    used 599K, capacity 620K, committed 640K, reserved 1048576K
}
Event: 3.263 GC heap before
{Heap before GC invocations=2 (full 0):
 PSYoungGen      total 18944K, used 18927K [0x00000000eab00000, 0x00000000ed000000, 0x0000000100000000)
  eden space 16384K, 100% used [0x00000000eab00000,0x00000000ebb00000,0x00000000ebb00000)
  from space 2560K, 99% used [0x00000000ebb00000,0x00000000ebd7bc70,0x00000000ebd80000)
  to   space 2560K, 0% used [0x00000000ecd80000,0x00000000ecd80000,0x00000000ed000000)
 ParOldGen       total 44032K, used 2102K [0x00000000c0000000, 0x00000000c2b00000, 0x00000000eab00000)
  object space 44032K, 4% used [0x00000000c0000000,0x00000000c020da28,0x00000000c2b00000)
 Metaspace       used 5963K, capacity 6838K, committed 7040K, reserved 1056768K
  class space    used 601K, capacity 622K, committed 640K, reserved 1048576K
Event: 3.361 GC heap after
Heap after GC invocations=2 (full 0):
 PSYoungGen      total 35328K, used 2545K [0x00000000eab00000, 0x00000000ed000000, 0x0000000100000000)
  eden space 32768K, 0% used [0x00000000eab00000,0x00000000eab00000,0x00000000ecb00000)
  from space 2560K, 99% used [0x00000000ecd80000,0x00000000ecffc620,0x00000000ed000000)
  to   space 2560K, 0% used [0x00000000ecb00000,0x00000000ecb00000,0x00000000ecd80000)
 ParOldGen       total 44032K, used 4684K [0x00000000c0000000, 0x00000000c2b00000, 0x00000000eab00000)
  object space 44032K, 10% used [0x00000000c0000000,0x00000000c0493330,0x00000000c2b00000)
 Metaspace       used 5963K, capacity 6838K, committed 7040K, reserved 1056768K
  class space    used 601K, capacity 622K, committed 640K, reserved 1048576K
}

Deoptimization events (10 events):
Event: 2.545 Thread 0x00000000025ce000 Uncommon trap: reason=null_check action=make_not_entrant pc=0x0000000002f3cef0 method=com.android.dx.ssa.SsaRenamer.getLocalForNewReg(I)Lcom/android/dx/rop/code/LocalItem; @ 19
Event: 2.780 Thread 0x000000001679f000 Uncommon trap: reason=bimorphic action=maybe_recompile pc=0x0000000002e1c3dc method=java.util.HashMap.getNode(ILjava/lang/Object;)Ljava/util/HashMap$Node; @ 126
Event: 3.470 Thread 0x00000000167c9800 Uncommon trap: reason=unstable_if action=reinterpret pc=0x00000000030880d4 method=com.android.dx.ssa.LiteralOpUpgrader$1.visitNonMoveInsn(Lcom/android/dx/ssa/NormalSsaInsn;)V @ 151
Event: 3.902 Thread 0x0000000017a12000 Uncommon trap: reason=class_check action=maybe_recompile pc=0x000000000316c708 method=java.util.Arrays.hashCode([Ljava/lang/Object;)I @ 43
Event: 3.902 Thread 0x0000000017a12000 Uncommon trap: reason=class_check action=maybe_recompile pc=0x000000000316c708 method=java.util.Arrays.hashCode([Ljava/lang/Object;)I @ 43
Event: 3.903 Thread 0x0000000017a12000 Uncommon trap: reason=class_check action=maybe_recompile pc=0x000000000316c708 method=java.util.Arrays.hashCode([Ljava/lang/Object;)I @ 43
Event: 3.903 Thread 0x0000000017a12000 Uncommon trap: reason=class_check action=maybe_recompile pc=0x000000000316c708 method=java.util.Arrays.hashCode([Ljava/lang/Object;)I @ 43
Event: 3.904 Thread 0x0000000017a12000 Uncommon trap: reason=class_check action=maybe_recompile pc=0x0000000003168234 method=java.util.Arrays.hashCode([Ljava/lang/Object;)I @ 43
Event: 3.988 Thread 0x0000000017a12000 Uncommon trap: reason=unstable_if action=reinterpret pc=0x0000000003015794 method=java.util.HashMap.putVal(ILjava/lang/Object;Ljava/lang/Object;ZZ)Ljava/lang/Object; @ 94
Event: 3.989 Thread 0x0000000017a12000 Uncommon trap: reason=unstable_if action=reinterpret pc=0x000000000301266c method=java.util.HashMap.putVal(ILjava/lang/Object;Ljava/lang/Object;ZZ)Ljava/lang/Object; @ 94

Internal exceptions (3 events):
Event: 0.049 Thread 0x00000000025ce000 Exception <a 'java/lang/NoSuchMethodError': Method sun.misc.Unsafe.defineClass(Ljava/lang/String;[BII)Ljava/lang/Class; name or signature does not match> (0x00000000eab07cc0) thrown at [C:\re\workspace\8-2-build-windows-amd64-cygwin\jdk8u91\6644\hotspot\sr;mä¨?
Event: 0.049 Thread 0x00000000025ce000 Exception <a 'java/lang/NoSuchMethodError': Method sun.misc.Unsafe.prefetchRead(Ljava/lang/Object;J)V name or signature does not match> (0x00000000eab07fa8) thrown at [C:\re\workspace\8-2-build-windows-amd64-cygwin\jdk8u91\6644\hotspot\src\share\vm\prims\j­Z››p\@
Event: 2.545 Thread 0x00000000025ce000 Implicit null exception at 0x0000000002f3ae8b to 0x0000000002f3cecd

Events (10 events):
Event: 3.904 Thread 0x0000000017a12000 DEOPT PACKING pc=0x0000000003168234 sp=0x0000000018efe910
Event: 3.904 Thread 0x0000000017a12000 DEOPT UNPACKING pc=0x0000000002c4582a sp=0x0000000018efe898 mode 2
Event: 3.918 loading class com/android/dx/dex/file/CatchStructs
Event: 3.918 loading class com/android/dx/dex/file/CatchStructs done
Event: 3.988 Thread 0x0000000017a12000 Uncommon trap: trap_request=0xffffff65 fr.pc=0x0000000003015794
Event: 3.988 Thread 0x0000000017a12000 DEOPT PACKING pc=0x0000000003015794 sp=0x0000000018efe8d0
Event: 3.988 Thread 0x0000000017a12000 DEOPT UNPACKING pc=0x0000000002c4582a sp=0x0000000018efe7e8 mode 2
Event: 3.989 Thread 0x0000000017a12000 Uncommon trap: trap_request=0xffffff65 fr.pc=0x000000000301266c
Event: 3.989 Thread 0x0000000017a12000 DEOPT PACKING pc=0x000000000301266c sp=0x0000000018efe830
Event: 3.989 Thread 0x0000000017a12000 DEOPT UNPACKING pc=0x0000000002c4582a sp=0x0000000018efe7c0 mode 2


Dynamic libraries:
0x00007ff6510e0000 - 0x00007ff651117000 	C:\Program Files\Java\jdk1.8.0_91\bin\java.exe
0x00007fffc0830000 - 0x00007fffc09f1000 	C:\WINDOWS\SYSTEM32\ntdll.dll
0x00007fffc0770000 - 0x00007fffc081d000 	C:\WINDOWS\system32\KERNEL32.DLL
0x00007fffbcee0000 - 0x00007fffbd0c8000 	C:\WINDOWS\system32\KERNELBASE.dll
0x00007fffbdf70000 - 0x00007fffbe017000 	C:\WINDOWS\system32\ADVAPI32.dll
0x00007fffbe460000 - 0x00007fffbe4fd000 	C:\WINDOWS\system32\msvcrt.dll
0x00007fffbfe00000 - 0x00007fffbfe5b000 	C:\WINDOWS\system32\sechost.dll
0x00007fffc0430000 - 0x00007fffc054c000 	C:\WINDOWS\system32\RPCRT4.dll
0x00007fffc0050000 - 0x00007fffc01a6000 	C:\WINDOWS\system32\USER32.dll
0x00007fffbdd80000 - 0x00007fffbdf06000 	C:\WINDOWS\system32\GDI32.dll
0x00007fffb9680000 - 0x00007fffb98f4000 	C:\WINDOWS\WinSxS\amd64_microsoft.windows.common-controls_6595b64144ccf1df_6.0.10586.0_none_8c15ae12515e1c22\COMCTL32.dll
0x00007fffbfb80000 - 0x00007fffbfdfd000 	C:\WINDOWS\system32\combase.dll
0x00007fffbd0d0000 - 0x00007fffbd13a000 	C:\WINDOWS\system32\bcryptPrimitives.dll
0x00007fffc0010000 - 0x00007fffc004b000 	C:\WINDOWS\system32\IMM32.DLL
0x00007fffbcb10000 - 0x00007fffbcb41000 	C:\Windows\system32\nvinitx.dll
0x00007fffbcb00000 - 0x00007fffbcb0a000 	C:\WINDOWS\SYSTEM32\VERSION.dll
0x000000005a810000 - 0x000000005a8e2000 	C:\Program Files\Java\jdk1.8.0_91\jre\bin\msvcr100.dll
0x000000005aac0000 - 0x000000005b353000 	C:\Program Files\Java\jdk1.8.0_91\jre\bin\server\jvm.dll
0x00007fffbceb0000 - 0x00007fffbced3000 	C:\WINDOWS\system32\WINMM.dll
0x00007fffbcc20000 - 0x00007fffbcc4c000 	C:\WINDOWS\system32\WINMMBASE.dll
0x00007fffbcd90000 - 0x00007fffbcdd3000 	C:\WINDOWS\system32\cfgmgr32.dll
0x00007fffc0310000 - 0x00007fffc0318000 	C:\WINDOWS\system32\PSAPI.DLL
0x00007fffb4570000 - 0x00007fffb4579000 	C:\WINDOWS\SYSTEM32\WSOCK32.dll
0x00007fffc0700000 - 0x00007fffc076b000 	C:\WINDOWS\system32\WS2_32.dll
0x000000005be80000 - 0x000000005be8f000 	C:\Program Files\Java\jdk1.8.0_91\jre\bin\verify.dll
0x000000005be50000 - 0x000000005be79000 	C:\Program Files\Java\jdk1.8.0_91\jre\bin\java.dll
0x000000005be30000 - 0x000000005be46000 	C:\Program Files\Java\jdk1.8.0_91\jre\bin\zip.dll
0x00007fffbe620000 - 0x00007fffbfb7c000 	C:\WINDOWS\system32\SHELL32.dll
0x00007fffbd420000 - 0x00007fffbda64000 	C:\WINDOWS\system32\windows.storage.dll
0x00007fffc06a0000 - 0x00007fffc06f2000 	C:\WINDOWS\system32\shlwapi.dll
0x00007fffbcc60000 - 0x00007fffbcc6f000 	C:\WINDOWS\system32\kernel.appcore.dll
0x00007fffbcde0000 - 0x00007fffbce95000 	C:\WINDOWS\system32\shcore.dll
0x00007fffbcd40000 - 0x00007fffbcd8b000 	C:\WINDOWS\system32\powrprof.dll
0x00007fffbcc70000 - 0x00007fffbcc84000 	C:\WINDOWS\system32\profapi.dll

VM Arguments:
jvm_args: -Djava.awt.headless=true -Xmx1024M -Dfile.encoding=GBK -Duser.country=CN -Duser.language=zh -Duser.variant 
java_command: com.android.dx.command.Main --dex --force-jumbo --num-threads=4 --multi-dex --output D:\andriod_projects\Smart_home\app\build\intermediates\transforms\dex\debug\folders\1000\10\instant-run_85f204c95cf45846e4de8984df1d0fc3cfdbc53c D:\andriod_projects\Smart_home\app\build\intermediates\incremental-runtime-classes\debug\instant-run.jar
java_class_path (initial): D:\android\android_SDK\build-tools\23.0.3\lib\dx.jar
Launcher Type: SUN_STANDARD

Environment Variables:
JAVA_HOME=C:\Program Files (x86)\Java\jdk1.8.0_31
CLASSPATH=C:\Program Files (x86)\Java\jdk1.8.0_31\lib;C:\Program Files (x86)\Java\jdk1.8.0_31\lib\tools.jar;D:\andriod environment\adt-bundle-windows-x86-20131030\eclipse\plugins\org.apache.ant_1.8.3.v201301120609\lib;
PATH=C:\PROGRA~1\PTC\MKSTOO~1\bin64;C:\PROGRA~1\PTC\MKSTOO~1\bin;C:\PROGRA~1\PTC\MKSTOO~1\bin\X11;C:\PROGRA~1\PTC\MKSTOO~1\mksnt;C:\ProgramData\Oracle\Java\javapath;C:\Program Files (x86)\Intel\iCLS Client\;C:\Program Files\Intel\iCLS Client\;C:\Program Files (x86)\NVIDIA Corporation\PhysX\Common;C:\WINDOWS\system32;C:\WINDOWS;C:\WINDOWS\System32\Wbem;C:\WINDOWS\System32\WindowsPowerShell\v1.0\;C:\Program Files\Intel\Intel(R) Management Engine Components\DAL;C:\Program Files\Intel\Intel(R) Management Engine Components\IPT;C:\Program Files (x86)\Intel\Intel(R) Management Engine Components\DAL;C:\Program Files (x86)\Intel\Intel(R) Management Engine Components\IPT;C:\Program Files (x86)\Java\jdk1.8.0_31\bin;C:\Program Files (x86)\Java\jdk1.8.0_31\jre\bin;D:\andriod environment\adt-bundle-windows-x86-20131030\sdk\tools;D:\andriod environment\adt-bundle-windows-x86-20131030\sdk\platform-tools;D:\andriod environment\adt-bundle-windows-x86-20131030\eclipse\plugins\org.apache.ant_1.8.3.v201301120609\bin;C:\Program Files\nodejs\;D:\HMA! Pro VPN\bin
USERNAME=freedom
DISPLAY=:0.0
OS=Windows_NT
PROCESSOR_IDENTIFIER=Intel64 Family 6 Model 60 Stepping 3, GenuineIntel



---------------  S Y S T E M  ---------------

OS: Windows 10.0 , 64 bit Build 10586 (10.0.10586.0)

CPU:total 4 (2 cores per cpu, 2 threads per core) family 6 model 60 stepping 3, cmov, cx8, fxsr, mmx, sse, sse2, sse3, ssse3, sse4.1, sse4.2, popcnt, avx, avx2, aes, clmul, erms, lzcnt, ht, tsc, tscinvbit, bmi1, bmi2

Memory: 4k page, physical 4112564k(346968k free), swap 5685428k(7444k free)

vm_info: Java HotSpot(TM) 64-Bit Server VM (25.91-b14) for windows-amd64 JRE (1.8.0_91-b14), built on Apr  1 2016 00:58:32 by "java_re" with MS VC++ 10.0 (VS2010)

time: Sat Jun 18 01:45:25 2016
elapsed time: 4 seconds (0d 0h 0m 4s)

