#
# There is insufficient memory for the Java Runtime Environment to continue.
# Native memory allocation (malloc) failed to allocate 32744 bytes for ChunkPool::allocate
# Possible reasons:
#   The system is out of physical RAM or swap space
#   In 32 bit mode, the process size limit was hit
# Possible solutions:
#   Reduce memory load on the system
#   Increase physical memory or swap space
#   Check if swap backing store is full
#   Use 64 bit Java on a 64 bit OS
#   Decrease Java heap size (-Xmx/-Xms)
#   Decrease number of Java threads
#   Decrease Java thread stack sizes (-Xss)
#   Set larger code cache with -XX:ReservedCodeCacheSize=
# This output file may be truncated or incomplete.
#
#  Out of Memory Error (allocation.cpp:273), pid=8224, tid=8048
#
# JRE version: Java(TM) SE Runtime Environment (8.0_91-b14) (build 1.8.0_91-b14)
# Java VM: Java HotSpot(TM) 64-Bit Server VM (25.91-b14 mixed mode windows-amd64 compressed oops)
# Failed to write core dump. Minidumps are not enabled by default on client versions of Windows
#

---------------  T H R E A D  ---------------

Current thread (0x0000000016fbd000):  JavaThread "C1 CompilerThread2" daemon [_thread_in_native, id=8048, stack(0x0000000017760000,0x0000000017860000)]

Stack: [0x0000000017760000,0x0000000017860000]
[error occurred during error reporting (printing stack bounds), id 0xc0000005]

Native frames: (J=compiled Java code, j=interpreted, Vv=VM code, C=native code)


Current CompileTask:
C1:   1212  477   !   3       com.android.dx.cf.code.BytecodeArray::parseInstruction (2764 bytes)


---------------  P R O C E S S  ---------------

Java Threads: ( => current thread )
  0x00000000170fc800 JavaThread "pool-2-thread-4" [_thread_new, id=6044, stack(0x0000000000000000,0x0000000000000000)]
  0x00000000171c3800 JavaThread "pool-2-thread-3" [_thread_new, id=9600, stack(0x0000000000000000,0x0000000000000000)]
  0x00000000170f4000 JavaThread "pool-2-thread-2" [_thread_in_Java, id=3404, stack(0x0000000017c60000,0x0000000017d60000)]
  0x00000000170f3000 JavaThread "pool-3-thread-1" [_thread_blocked, id=9588, stack(0x0000000017b60000,0x0000000017c60000)]
  0x00000000170d3800 JavaThread "pool-2-thread-1" [_thread_in_Java, id=2840, stack(0x0000000017a60000,0x0000000017b60000)]
  0x0000000016fc2800 JavaThread "Service Thread" daemon [_thread_blocked, id=10028, stack(0x0000000017860000,0x0000000017960000)]
=>0x0000000016fbd000 JavaThread "C1 CompilerThread2" daemon [_thread_in_native, id=8048, stack(0x0000000017760000,0x0000000017860000)]
  0x0000000016fb9000 JavaThread "C2 CompilerThread1" daemon [_thread_blocked, id=6896, stack(0x0000000017660000,0x0000000017760000)]
  0x0000000015c53800 JavaThread "C2 CompilerThread0" daemon [_thread_blocked, id=4208, stack(0x0000000017560000,0x0000000017660000)]
  0x0000000015c51800 JavaThread "Attach Listener" daemon [_thread_blocked, id=7328, stack(0x0000000017460000,0x0000000017560000)]
  0x0000000015c0e000 JavaThread "Signal Dispatcher" daemon [_thread_blocked, id=1132, stack(0x0000000017360000,0x0000000017460000)]
  0x0000000015bea800 JavaThread "Finalizer" daemon [_thread_blocked, id=2148, stack(0x0000000016e50000,0x0000000016f50000)]
  0x0000000003520000 JavaThread "Reference Handler" daemon [_thread_blocked, id=6592, stack(0x0000000016d50000,0x0000000016e50000)]
  0x00000000018be000 JavaThread "main" [_thread_blocked, id=5556, stack(0x0000000003330000,0x0000000003430000)]

Other Threads:
  0x0000000015bc7800 VMThread [stack: 0x0000000016c50000,0x0000000016d50000] [id=9196]
  0x0000000016fd4800 WatcherThread [stack: 0x0000000017960000,0x0000000017a60000] [id=3304]

VM state:not at safepoint (normal execution)

VM Mutex/Monitor currently owned by a thread: None

Heap:
 PSYoungGen      total 18944K, used 10511K [0x00000000eab00000, 0x00000000ec000000, 0x0000000100000000)
  eden space 16384K, 64% used [0x00000000eab00000,0x00000000eb543d38,0x00000000ebb00000)
  from space 2560K, 0% used [0x00000000ebd80000,0x00000000ebd80000,0x00000000ec000000)
  to   space 2560K, 0% used [0x00000000ebb00000,0x00000000ebb00000,0x00000000ebd80000)
 ParOldGen       total 44032K, used 0K [0x00000000c0000000, 0x00000000c2b00000, 0x00000000eab00000)
  object space 44032K, 0% used [0x00000000c0000000,0x00000000c0000000,0x00000000c2b00000)
 Metaspace       used 5316K, capacity 6448K, committed 6528K, reserved 1056768K
  class space    used 578K, capacity 616K, committed 640K, reserved 1048576K

Card table byte_map: [0x00000000128f0000,0x0000000012b00000] byte_map_base: 0x00000000122f0000

Marking Bits: (ParMarkBitMap*) 0x0000000076652f70
 Begin Bits: [0x0000000013060000, 0x0000000014060000)
 End Bits:   [0x0000000014060000, 0x0000000015060000)

Polling page: 0x00000000014d0000

CodeCache: size=245760Kb used=2111Kb max_used=2122Kb free=243648Kb
 bounds [0x0000000003530000, 0x00000000037a0000, 0x0000000012530000]
 total_blobs=744 nmethods=481 adapters=176
 compilation: enabled

Compilation events (10 events):
Event: 1.202 Thread 0x0000000016fbd000  477   !   3       com.android.dx.cf.code.BytecodeArray::parseInstruction (2764 bytes)
Event: 1.203 Thread 0x0000000015c53800  482   !   4       com.android.dx.rop.cst.StdConstantPool::get (24 bytes)
Event: 1.203 Thread 0x0000000015c53800 nmethod 482 0x000000000373bd90 code [0x000000000373bec0, 0x000000000373bf78]
Event: 1.205 Thread 0x0000000016fb9000  490       4       java.util.HashMap::getNode (148 bytes)
Event: 1.206 Thread 0x0000000015c53800  494       4       com.android.dx.rop.type.Type::getCategory (36 bytes)
Event: 1.207 Thread 0x0000000015c53800 nmethod 494 0x0000000003742b10 code [0x0000000003742c40, 0x0000000003742cb8]
Event: 1.208 Thread 0x0000000015c53800  495       4       java.util.ArrayList$Itr::next (66 bytes)
Event: 1.209 Thread 0x0000000015c53800 nmethod 495 0x0000000003741250 code [0x00000000037413a0, 0x00000000037414b8]
Event: 1.210 Thread 0x0000000016fb9000 nmethod 490 0x0000000003740a10 code [0x0000000003740b80, 0x0000000003740f48]
Event: 1.211 Thread 0x0000000015c53800  499       4       com.android.dx.util.Bits::set (19 bytes)

GC Heap History (0 events):
No events

Deoptimization events (10 events):
Event: 1.018 Thread 0x00000000170d3800 Uncommon trap: reason=class_check action=maybe_recompile pc=0x00000000036e3918 method=com.android.dx.rop.cst.Constant.compareTo(Ljava/lang/Object;)I @ 2
Event: 1.018 Thread 0x00000000170d3800 Uncommon trap: reason=class_check action=maybe_recompile pc=0x00000000036e3918 method=com.android.dx.rop.cst.Constant.compareTo(Ljava/lang/Object;)I @ 2
Event: 1.018 Thread 0x00000000170d3800 Uncommon trap: reason=class_check action=maybe_recompile pc=0x00000000036e3918 method=com.android.dx.rop.cst.Constant.compareTo(Ljava/lang/Object;)I @ 2
Event: 1.018 Thread 0x00000000170d3800 Uncommon trap: reason=class_check action=maybe_recompile pc=0x00000000036e3918 method=com.android.dx.rop.cst.Constant.compareTo(Ljava/lang/Object;)I @ 2
Event: 1.018 Thread 0x00000000170d3800 Uncommon trap: reason=unstable_if action=reinterpret pc=0x00000000036e7940 method=com.android.dx.rop.cst.CstMemberRef.compareTo0(Lcom/android/dx/rop/cst/Constant;)I @ 18
Event: 1.018 Thread 0x00000000170d3800 Uncommon trap: reason=unstable_if action=reinterpret pc=0x00000000036e8438 method=com.android.dx.rop.cst.CstMemberRef.compareTo0(Lcom/android/dx/rop/cst/Constant;)I @ 18
Event: 1.202 Thread 0x00000000018be000 Uncommon trap: reason=speculate_class_check action=maybe_recompile pc=0x0000000003736270 method=com.android.dx.rop.cst.Constant.compareTo(Lcom/android/dx/rop/cst/Constant;)I @ 29
Event: 1.202 Thread 0x00000000170f4000 Uncommon trap: reason=speculate_class_check action=maybe_recompile pc=0x0000000003736270 method=com.android.dx.rop.cst.Constant.compareTo(Lcom/android/dx/rop/cst/Constant;)I @ 29
Event: 1.202 Thread 0x00000000170f4000 Uncommon trap: reason=speculate_class_check action=maybe_recompile pc=0x0000000003736270 method=com.android.dx.rop.cst.Constant.compareTo(Lcom/android/dx/rop/cst/Constant;)I @ 29
Event: 1.210 Thread 0x00000000170d3800 Uncommon trap: reason=speculate_class_check action=maybe_recompile pc=0x0000000003736270 method=com.android.dx.rop.cst.Constant.compareTo(Lcom/android/dx/rop/cst/Constant;)I @ 29

Internal exceptions (2 events):
Event: 0.392 Thread 0x00000000018be000 Exception <a 'java/lang/NoSuchMethodError': Method sun.misc.Unsafe.defineClass(Ljava/lang/String;[BII)Ljava/lang/Class; name or signature does not match> (0x00000000eab07cc0) thrown at [C:\re\workspace\8-2-build-windows-amd64-cygwin\jdk8u91\6644\hotspot\srHJÓ‘Ù?
Event: 0.392 Thread 0x00000000018be000 Exception <a 'java/lang/NoSuchMethodError': Method sun.misc.Unsafe.prefetchRead(Ljava/lang/Object;J)V name or signature does not match> (0x00000000eab07fa8) thrown at [C:\re\workspace\8-2-build-windows-amd64-cygwin\jdk8u91\6644\hotspot\src\share\vm\prims\j

Events (10 events):
Event: 1.202 Thread 0x00000000170f4000 DEOPT PACKING pc=0x0000000003736270 sp=0x0000000017d5ee40
Event: 1.202 Thread 0x00000000170f4000 DEOPT UNPACKING pc=0x000000000357582a sp=0x0000000017d5ed70 mode 2
Event: 1.202 Thread 0x00000000170f4000 Uncommon trap: trap_request=0xffffff76 fr.pc=0x0000000003736270
Event: 1.202 Thread 0x00000000170f4000 DEOPT PACKING pc=0x0000000003736270 sp=0x0000000017d5ee40
Event: 1.202 Thread 0x00000000170f4000 DEOPT UNPACKING pc=0x000000000357582a sp=0x0000000017d5ed70 mode 2
Event: 1.204 loading class com/android/dx/cf/code/SwitchList
Event: 1.204 loading class com/android/dx/cf/code/SwitchList done
Event: 1.210 Thread 0x00000000170d3800 Uncommon trap: trap_request=0xffffff76 fr.pc=0x0000000003736270
Event: 1.211 Thread 0x00000000170d3800 DEOPT PACKING pc=0x0000000003736270 sp=0x0000000017b5ea60
Event: 1.211 Thread 0x00000000170d3800 DEOPT UNPACKING pc=0x000000000357582a sp=0x0000000017b5e990 mode 2


Dynamic libraries:
0x00007ff6e9450000 - 0x00007ff6e9487000 	C:\Program Files\Java\jdk1.8.0_91\bin\java.exe
0x00007ffc7d000000 - 0x00007ffc7d1c1000 	C:\WINDOWS\SYSTEM32\ntdll.dll
0x00007ffc7cc30000 - 0x00007ffc7ccdd000 	C:\WINDOWS\system32\KERNEL32.DLL
0x00007ffc79920000 - 0x00007ffc79b08000 	C:\WINDOWS\system32\KERNELBASE.dll
0x00007ffc7ca50000 - 0x00007ffc7caf7000 	C:\WINDOWS\system32\ADVAPI32.dll
0x00007ffc7bf40000 - 0x00007ffc7bfdd000 	C:\WINDOWS\system32\msvcrt.dll
0x00007ffc7a6b0000 - 0x00007ffc7a70b000 	C:\WINDOWS\system32\sechost.dll
0x00007ffc7cee0000 - 0x00007ffc7cffc000 	C:\WINDOWS\system32\RPCRT4.dll
0x00007ffc7a3f0000 - 0x00007ffc7a546000 	C:\WINDOWS\system32\USER32.dll
0x00007ffc7cd50000 - 0x00007ffc7ced6000 	C:\WINDOWS\system32\GDI32.dll
0x00007ffc76110000 - 0x00007ffc76384000 	C:\WINDOWS\WinSxS\amd64_microsoft.windows.common-controls_6595b64144ccf1df_6.0.10586.0_none_8c15ae12515e1c22\COMCTL32.dll
0x00007ffc7bfe0000 - 0x00007ffc7c25d000 	C:\WINDOWS\system32\combase.dll
0x00007ffc79520000 - 0x00007ffc7958a000 	C:\WINDOWS\system32\bcryptPrimitives.dll
0x00007ffc7c2f0000 - 0x00007ffc7c32b000 	C:\WINDOWS\system32\IMM32.DLL
0x00007ffc792e0000 - 0x00007ffc79311000 	C:\Windows\system32\nvinitx.dll
0x00007ffc792d0000 - 0x00007ffc792da000 	C:\WINDOWS\SYSTEM32\VERSION.dll
0x0000000075450000 - 0x0000000075522000 	C:\Program Files\Java\jdk1.8.0_91\jre\bin\msvcr100.dll
0x0000000075e40000 - 0x00000000766d3000 	C:\Program Files\Java\jdk1.8.0_91\jre\bin\server\jvm.dll
0x00007ffc79b10000 - 0x00007ffc79b33000 	C:\WINDOWS\system32\WINMM.dll
0x00007ffc793f0000 - 0x00007ffc7941c000 	C:\WINDOWS\system32\WINMMBASE.dll
0x00007ffc796d0000 - 0x00007ffc79713000 	C:\WINDOWS\system32\cfgmgr32.dll
0x00007ffc7c330000 - 0x00007ffc7c338000 	C:\WINDOWS\system32\PSAPI.DLL
0x00007ffc72ab0000 - 0x00007ffc72ab9000 	C:\WINDOWS\SYSTEM32\WSOCK32.dll
0x00007ffc7cce0000 - 0x00007ffc7cd4b000 	C:\WINDOWS\system32\WS2_32.dll
0x0000000076e90000 - 0x0000000076e9f000 	C:\Program Files\Java\jdk1.8.0_91\jre\bin\verify.dll
0x0000000076e60000 - 0x0000000076e89000 	C:\Program Files\Java\jdk1.8.0_91\jre\bin\java.dll
0x0000000076e40000 - 0x0000000076e56000 	C:\Program Files\Java\jdk1.8.0_91\jre\bin\zip.dll
0x00007ffc7a730000 - 0x00007ffc7bc8c000 	C:\WINDOWS\system32\SHELL32.dll
0x00007ffc79b40000 - 0x00007ffc7a184000 	C:\WINDOWS\system32\windows.storage.dll
0x00007ffc7a390000 - 0x00007ffc7a3e2000 	C:\WINDOWS\system32\shlwapi.dll
0x00007ffc79440000 - 0x00007ffc7944f000 	C:\WINDOWS\system32\kernel.appcore.dll
0x00007ffc79460000 - 0x00007ffc79515000 	C:\WINDOWS\system32\shcore.dll
0x00007ffc795f0000 - 0x00007ffc7963b000 	C:\WINDOWS\system32\powrprof.dll
0x00007ffc79420000 - 0x00007ffc79434000 	C:\WINDOWS\system32\profapi.dll

VM Arguments:
jvm_args: -Djava.awt.headless=true -Xmx1024M -Dfile.encoding=GBK -Duser.country=CN -Duser.language=zh -Duser.variant 
java_command: com.android.dx.command.Main --dex --force-jumbo --num-threads=4 --multi-dex --output D:\andriod_projects\Smart_home\app\build\intermediates\transforms\dex\debug\folders\1000\5\slice_2 D:\andriod_projects\Smart_home\app\build\intermediates\transforms\instantRunSlicer\debug\folders\1\5\slice_2
java_class_path (initial): D:\android\android_SDK\build-tools\23.0.3\lib\dx.jar
Launcher Type: SUN_STANDARD

Environment Variables:
JAVA_HOME=C:\Program Files (x86)\Java\jdk1.8.0_31
CLASSPATH=C:\Program Files (x86)\Java\jdk1.8.0_31\lib;C:\Program Files (x86)\Java\jdk1.8.0_31\lib\tools.jar;D:\andriod environment\adt-bundle-windows-x86-20131030\eclipse\plugins\org.apache.ant_1.8.3.v201301120609\lib;
PATH=C:\PROGRA~1\PTC\MKSTOO~1\bin64;C:\PROGRA~1\PTC\MKSTOO~1\bin;C:\PROGRA~1\PTC\MKSTOO~1\bin\X11;C:\PROGRA~1\PTC\MKSTOO~1\mksnt;C:\ProgramData\Oracle\Java\javapath;C:\Program Files (x86)\Intel\iCLS Client\;C:\Program Files\Intel\iCLS Client\;C:\Program Files (x86)\NVIDIA Corporation\PhysX\Common;C:\WINDOWS\system32;C:\WINDOWS;C:\WINDOWS\System32\Wbem;C:\WINDOWS\System32\WindowsPowerShell\v1.0\;C:\Program Files\Intel\Intel(R) Management Engine Components\DAL;C:\Program Files\Intel\Intel(R) Management Engine Components\IPT;C:\Program Files (x86)\Intel\Intel(R) Management Engine Components\DAL;C:\Program Files (x86)\Intel\Intel(R) Management Engine Components\IPT;C:\Program Files (x86)\Java\jdk1.8.0_31\bin;C:\Program Files (x86)\Java\jdk1.8.0_31\jre\bin;D:\andriod environment\adt-bundle-windows-x86-20131030\sdk\tools;D:\andriod environment\adt-bundle-windows-x86-20131030\sdk\platform-tools;D:\andriod environment\adt-bundle-windows-x86-20131030\eclipse\plugins\org.apache.ant_1.8.3.v201301120609\bin;C:\Program Files\nodejs\;D:\Git\cmd;D:\HMA! Pro VPN\bin
USERNAME=freedom
DISPLAY=:0.0
OS=Windows_NT
PROCESSOR_IDENTIFIER=Intel64 Family 6 Model 60 Stepping 3, GenuineIntel



---------------  S Y S T E M  ---------------

OS: Windows 10.0 , 64 bit Build 10586 (10.0.10586.0)

CPU:total 4 (2 cores per cpu, 2 threads per core) family 6 model 60 stepping 3, cmov, cx8, fxsr, mmx, sse, sse2, sse3, ssse3, sse4.1, sse4.2, popcnt, avx, avx2, aes, clmul, erms, lzcnt, ht, tsc, tscinvbit, bmi1, bmi2

Memory: 4k page, physical 4112564k(340532k free), swap 5685428k(5452k free)

vm_info: Java HotSpot(TM) 64-Bit Server VM (25.91-b14) for windows-amd64 JRE (1.8.0_91-b14), built on Apr  1 2016 00:58:32 by "java_re" with MS VC++ 10.0 (VS2010)

time: Mon Jun 20 21:47:56 2016
elapsed time: 1 seconds (0d 0h 0m 1s)

