#
# There is insufficient memory for the Java Runtime Environment to continue.
# Native memory allocation (malloc) failed to allocate 40464 bytes for Chunk::new
# Possible reasons:
#   The system is out of physical RAM or swap space
#   In 32 bit mode, the process size limit was hit
# Possible solutions:
#   Reduce memory load on the system
#   Increase physical memory or swap space
#   Check if swap backing store is full
#   Use 64 bit Java on a 64 bit OS
#   Decrease Java heap size (-Xmx/-Xms)
#   Decrease number of Java threads
#   Decrease Java thread stack sizes (-Xss)
#   Set larger code cache with -XX:ReservedCodeCacheSize=
# This output file may be truncated or incomplete.
#
#  Out of Memory Error (allocation.cpp:390), pid=4796, tid=472
#
# JRE version: Java(TM) SE Runtime Environment (8.0_91-b14) (build 1.8.0_91-b14)
# Java VM: Java HotSpot(TM) 64-Bit Server VM (25.91-b14 mixed mode windows-amd64 compressed oops)
# Failed to write core dump. Minidumps are not enabled by default on client versions of Windows
#

---------------  T H R E A D  ---------------

Current thread (0x00000000170cd800):  JavaThread "C1 CompilerThread2" daemon [_thread_in_native, id=472, stack(0x0000000017860000,0x0000000017960000)]

Stack: [0x0000000017860000,0x0000000017960000]
[error occurred during error reporting (printing stack bounds), id 0xc0000005]

Native frames: (J=compiled Java code, j=interpreted, Vv=VM code, C=native code)


Current CompileTask:
C1:    983  553   !   3       com.android.dx.cf.code.BytecodeArray::parseInstruction (2764 bytes)


---------------  P R O C E S S  ---------------

Java Threads: ( => current thread )
  0x00000000172fb000 JavaThread "pool-2-thread-4" [_thread_in_Java, id=9824, stack(0x0000000017f60000,0x0000000018060000)]
  0x00000000172fa800 JavaThread "pool-2-thread-3" [_thread_in_Java, id=6056, stack(0x0000000017e60000,0x0000000017f60000)]
  0x00000000172f9000 JavaThread "pool-2-thread-2" [_thread_in_Java, id=9928, stack(0x0000000017d60000,0x0000000017e60000)]
  0x000000001729a000 JavaThread "pool-3-thread-1" [_thread_blocked, id=6096, stack(0x0000000017c60000,0x0000000017d60000)]
  0x0000000017215000 JavaThread "pool-2-thread-1" [_thread_blocked, id=8680, stack(0x0000000017b60000,0x0000000017c60000)]
  0x00000000170dc000 JavaThread "Service Thread" daemon [_thread_blocked, id=9244, stack(0x0000000017960000,0x0000000017a60000)]
=>0x00000000170cd800 JavaThread "C1 CompilerThread2" daemon [_thread_in_native, id=472, stack(0x0000000017860000,0x0000000017960000)]
  0x0000000017069000 JavaThread "C2 CompilerThread1" daemon [_thread_in_native, id=8172, stack(0x0000000017760000,0x0000000017860000)]
  0x0000000015d4d000 JavaThread "C2 CompilerThread0" daemon [_thread_in_native, id=9708, stack(0x0000000017660000,0x0000000017760000)]
  0x0000000015cfe800 JavaThread "Attach Listener" daemon [_thread_blocked, id=10040, stack(0x0000000017560000,0x0000000017660000)]
  0x0000000017068800 JavaThread "Signal Dispatcher" daemon [_thread_blocked, id=1716, stack(0x0000000017460000,0x0000000017560000)]
  0x000000000361a800 JavaThread "Finalizer" daemon [_thread_blocked, id=10088, stack(0x0000000016f60000,0x0000000017060000)]
  0x0000000003610000 JavaThread "Reference Handler" daemon [_thread_blocked, id=4880, stack(0x0000000016e60000,0x0000000016f60000)]
  0x00000000031ce000 JavaThread "main" [_thread_in_Java, id=8676, stack(0x0000000003030000,0x0000000003130000)]

Other Threads:
  0x0000000015cb7800 VMThread [stack: 0x0000000016d60000,0x0000000016e60000] [id=8460]
  0x00000000170d1800 WatcherThread [stack: 0x0000000017a60000,0x0000000017b60000] [id=7448]

VM state:not at safepoint (normal execution)

VM Mutex/Monitor currently owned by a thread: None

Heap:
 PSYoungGen      total 18944K, used 3297K [0x00000000eab00000, 0x00000000ec000000, 0x0000000100000000)
  eden space 16384K, 4% used [0x00000000eab00000,0x00000000eabbfd30,0x00000000ebb00000)
  from space 2560K, 98% used [0x00000000ebb00000,0x00000000ebd78ab8,0x00000000ebd80000)
  to   space 2560K, 0% used [0x00000000ebd80000,0x00000000ebd80000,0x00000000ec000000)
 ParOldGen       total 44032K, used 1899K [0x00000000c0000000, 0x00000000c2b00000, 0x00000000eab00000)
  object space 44032K, 4% used [0x00000000c0000000,0x00000000c01dad10,0x00000000c2b00000)
 Metaspace       used 5789K, capacity 6708K, committed 6784K, reserved 1056768K
  class space    used 600K, capacity 620K, committed 640K, reserved 1048576K

Card table byte_map: [0x00000000129e0000,0x0000000012bf0000] byte_map_base: 0x00000000123e0000

Marking Bits: (ParMarkBitMap*) 0x000000005b2d2f70
 Begin Bits: [0x0000000013150000, 0x0000000014150000)
 End Bits:   [0x0000000014150000, 0x0000000015150000)

Polling page: 0x0000000001430000

CodeCache: size=245760Kb used=2254Kb max_used=2265Kb free=243505Kb
 bounds [0x0000000003620000, 0x0000000003890000, 0x0000000012620000]
 total_blobs=840 nmethods=569 adapters=184
 compilation: enabled

Compilation events (10 events):
Event: 0.909 Thread 0x00000000170cd800 nmethod 531 0x00000000038512d0 code [0x0000000003851480, 0x0000000003851968]
Event: 0.909 Thread 0x00000000170cd800  529       3       com.android.dx.util.IntList::contains (14 bytes)
Event: 0.909 Thread 0x00000000170cd800 nmethod 529 0x000000000384cf10 code [0x000000000384d080, 0x000000000384d408]
Event: 0.909 Thread 0x00000000170cd800  516       1       com.android.dx.cf.code.RopperMachine::getPrimarySuccessorIndex (5 bytes)
Event: 0.909 Thread 0x00000000170cd800 nmethod 516 0x0000000003851b50 code [0x0000000003851ca0, 0x0000000003851db0]
Event: 0.911 Thread 0x00000000170cd800  552       3       com.android.dx.cf.code.ConcreteMethod::getCatches (8 bytes)
Event: 0.911 Thread 0x00000000170cd800 nmethod 552 0x0000000003851e10 code [0x0000000003851f60, 0x0000000003852150]
Event: 0.911 Thread 0x00000000170cd800  553   !   3       com.android.dx.cf.code.BytecodeArray::parseInstruction (2764 bytes)
Event: 0.912 Thread 0x0000000015d4d000  559       4       java.util.BitSet::nextSetBit (102 bytes)
Event: 0.914 Thread 0x0000000015d4d000 nmethod 559 0x0000000003854f50 code [0x00000000038550a0, 0x00000000038551d8]

GC Heap History (0 events):
No events

Deoptimization events (1 events):
Event: 0.889 Thread 0x00000000172f9000 Uncommon trap: reason=unstable_if action=reinterpret pc=0x000000000382be48 method=java.util.HashMap.getNode(ILjava/lang/Object;)Ljava/util/HashMap$Node; @ 62

Internal exceptions (2 events):
Event: 0.038 Thread 0x00000000031ce000 Exception <a 'java/lang/NoSuchMethodError': Method sun.misc.Unsafe.defineClass(Ljava/lang/String;[BII)Ljava/lang/Class; name or signature does not match> (0x00000000eab07cc0) thrown at [C:\re\workspace\8-2-build-windows-amd64-cygwin\jdk8u91\6644\hotspot\srX9#*•‹£?
Event: 0.038 Thread 0x00000000031ce000 Exception <a 'java/lang/NoSuchMethodError': Method sun.misc.Unsafe.prefetchRead(Ljava/lang/Object;J)V name or signature does not match> (0x00000000eab07fa8) thrown at [C:\re\workspace\8-2-build-windows-amd64-cygwin\jdk8u91\6644\hotspot\src\share\vm\prims\j

Events (10 events):
Event: 0.888 loading class com/android/dx/cf/code/Ropper$ExceptionHandlerSetup done
Event: 0.889 loading class java/util/HashMap$Values
Event: 0.889 loading class java/util/HashMap$Values done
Event: 0.889 loading class java/util/HashMap$ValueIterator
Event: 0.889 loading class java/util/HashMap$ValueIterator done
Event: 0.889 Thread 0x00000000172f9000 Uncommon trap: trap_request=0xffffff65 fr.pc=0x000000000382be48
Event: 0.889 Thread 0x00000000172f9000 DEOPT PACKING pc=0x000000000382be48 sp=0x0000000017e5eb60
Event: 0.889 Thread 0x00000000172f9000 DEOPT UNPACKING pc=0x000000000366582a sp=0x0000000017e5ead8 mode 2
Event: 0.892 loading class com/android/dx/ssa/back/FirstFitLocalCombiningAllocator$Multiset
Event: 0.892 loading class com/android/dx/ssa/back/FirstFitLocalCombiningAllocator$Multiset done


Dynamic libraries:
0x00007ff6510e0000 - 0x00007ff651117000 	C:\Program Files\Java\jdk1.8.0_91\bin\java.exe
0x00007fffc0830000 - 0x00007fffc09f1000 	C:\WINDOWS\SYSTEM32\ntdll.dll
0x00007fffc0770000 - 0x00007fffc081d000 	C:\WINDOWS\system32\KERNEL32.DLL
0x00007fffbcee0000 - 0x00007fffbd0c8000 	C:\WINDOWS\system32\KERNELBASE.dll
0x00007fffbdf70000 - 0x00007fffbe017000 	C:\WINDOWS\system32\ADVAPI32.dll
0x00007fffbe460000 - 0x00007fffbe4fd000 	C:\WINDOWS\system32\msvcrt.dll
0x00007fffbfe00000 - 0x00007fffbfe5b000 	C:\WINDOWS\system32\sechost.dll
0x00007fffc0430000 - 0x00007fffc054c000 	C:\WINDOWS\system32\RPCRT4.dll
0x00007fffc0050000 - 0x00007fffc01a6000 	C:\WINDOWS\system32\USER32.dll
0x00007fffbdd80000 - 0x00007fffbdf06000 	C:\WINDOWS\system32\GDI32.dll
0x00007fffb9680000 - 0x00007fffb98f4000 	C:\WINDOWS\WinSxS\amd64_microsoft.windows.common-controls_6595b64144ccf1df_6.0.10586.0_none_8c15ae12515e1c22\COMCTL32.dll
0x00007fffbfb80000 - 0x00007fffbfdfd000 	C:\WINDOWS\system32\combase.dll
0x00007fffbd0d0000 - 0x00007fffbd13a000 	C:\WINDOWS\system32\bcryptPrimitives.dll
0x00007fffc0010000 - 0x00007fffc004b000 	C:\WINDOWS\system32\IMM32.DLL
0x00007fffbcb10000 - 0x00007fffbcb41000 	C:\Windows\system32\nvinitx.dll
0x00007fffbcb00000 - 0x00007fffbcb0a000 	C:\WINDOWS\SYSTEM32\VERSION.dll
0x000000005a810000 - 0x000000005a8e2000 	C:\Program Files\Java\jdk1.8.0_91\jre\bin\msvcr100.dll
0x000000005aac0000 - 0x000000005b353000 	C:\Program Files\Java\jdk1.8.0_91\jre\bin\server\jvm.dll
0x00007fffbceb0000 - 0x00007fffbced3000 	C:\WINDOWS\system32\WINMM.dll
0x00007fffbcc20000 - 0x00007fffbcc4c000 	C:\WINDOWS\system32\WINMMBASE.dll
0x00007fffbcd90000 - 0x00007fffbcdd3000 	C:\WINDOWS\system32\cfgmgr32.dll
0x00007fffc0310000 - 0x00007fffc0318000 	C:\WINDOWS\system32\PSAPI.DLL
0x00007fffb4570000 - 0x00007fffb4579000 	C:\WINDOWS\SYSTEM32\WSOCK32.dll
0x00007fffc0700000 - 0x00007fffc076b000 	C:\WINDOWS\system32\WS2_32.dll
0x000000005be80000 - 0x000000005be8f000 	C:\Program Files\Java\jdk1.8.0_91\jre\bin\verify.dll
0x000000005be50000 - 0x000000005be79000 	C:\Program Files\Java\jdk1.8.0_91\jre\bin\java.dll
0x000000005be30000 - 0x000000005be46000 	C:\Program Files\Java\jdk1.8.0_91\jre\bin\zip.dll
0x00007fffbe620000 - 0x00007fffbfb7c000 	C:\WINDOWS\system32\SHELL32.dll
0x00007fffbd420000 - 0x00007fffbda64000 	C:\WINDOWS\system32\windows.storage.dll
0x00007fffc06a0000 - 0x00007fffc06f2000 	C:\WINDOWS\system32\shlwapi.dll
0x00007fffbcc60000 - 0x00007fffbcc6f000 	C:\WINDOWS\system32\kernel.appcore.dll
0x00007fffbcde0000 - 0x00007fffbce95000 	C:\WINDOWS\system32\shcore.dll
0x00007fffbcd40000 - 0x00007fffbcd8b000 	C:\WINDOWS\system32\powrprof.dll
0x00007fffbcc70000 - 0x00007fffbcc84000 	C:\WINDOWS\system32\profapi.dll

VM Arguments:
jvm_args: -Djava.awt.headless=true -Xmx1024M -Dfile.encoding=GBK -Duser.country=CN -Duser.language=zh -Duser.variant 
java_command: com.android.dx.command.Main --dex --force-jumbo --num-threads=4 --multi-dex --output D:\andriod_projects\Smart_home\app\build\intermediates\transforms\dex\debug\folders\1000\10\Java-WebSocket-1.3.0_3b7652afc2573475564f9d68811adcc17162eb55 C:\Users\zhiwu_000\.gradle\caches\modules-2\files-2.1\org.java-websocket\Java-WebSocket\1.3.0\db2658f013fb163de4a99274c2eb9e17efe535d2\Java-WebSocket-1.3.0.jar
java_class_path (initial): D:\android\android_SDK\build-tools\23.0.3\lib\dx.jar
Launcher Type: SUN_STANDARD

Environment Variables:
JAVA_HOME=C:\Program Files (x86)\Java\jdk1.8.0_31
CLASSPATH=C:\Program Files (x86)\Java\jdk1.8.0_31\lib;C:\Program Files (x86)\Java\jdk1.8.0_31\lib\tools.jar;D:\andriod environment\adt-bundle-windows-x86-20131030\eclipse\plugins\org.apache.ant_1.8.3.v201301120609\lib;
PATH=C:\PROGRA~1\PTC\MKSTOO~1\bin64;C:\PROGRA~1\PTC\MKSTOO~1\bin;C:\PROGRA~1\PTC\MKSTOO~1\bin\X11;C:\PROGRA~1\PTC\MKSTOO~1\mksnt;C:\ProgramData\Oracle\Java\javapath;C:\Program Files (x86)\Intel\iCLS Client\;C:\Program Files\Intel\iCLS Client\;C:\Program Files (x86)\NVIDIA Corporation\PhysX\Common;C:\WINDOWS\system32;C:\WINDOWS;C:\WINDOWS\System32\Wbem;C:\WINDOWS\System32\WindowsPowerShell\v1.0\;C:\Program Files\Intel\Intel(R) Management Engine Components\DAL;C:\Program Files\Intel\Intel(R) Management Engine Components\IPT;C:\Program Files (x86)\Intel\Intel(R) Management Engine Components\DAL;C:\Program Files (x86)\Intel\Intel(R) Management Engine Components\IPT;C:\Program Files (x86)\Java\jdk1.8.0_31\bin;C:\Program Files (x86)\Java\jdk1.8.0_31\jre\bin;D:\andriod environment\adt-bundle-windows-x86-20131030\sdk\tools;D:\andriod environment\adt-bundle-windows-x86-20131030\sdk\platform-tools;D:\andriod environment\adt-bundle-windows-x86-20131030\eclipse\plugins\org.apache.ant_1.8.3.v201301120609\bin;C:\Program Files\nodejs\;D:\HMA! Pro VPN\bin
USERNAME=freedom
DISPLAY=:0.0
OS=Windows_NT
PROCESSOR_IDENTIFIER=Intel64 Family 6 Model 60 Stepping 3, GenuineIntel



---------------  S Y S T E M  ---------------

OS: Windows 10.0 , 64 bit Build 10586 (10.0.10586.0)

CPU:total 4 (2 cores per cpu, 2 threads per core) family 6 model 60 stepping 3, cmov, cx8, fxsr, mmx, sse, sse2, sse3, ssse3, sse4.1, sse4.2, popcnt, avx, avx2, aes, clmul, erms, lzcnt, ht, tsc, tscinvbit, bmi1, bmi2

Memory: 4k page, physical 4112564k(687624k free), swap 5685428k(21280k free)

vm_info: Java HotSpot(TM) 64-Bit Server VM (25.91-b14) for windows-amd64 JRE (1.8.0_91-b14), built on Apr  1 2016 00:58:32 by "java_re" with MS VC++ 10.0 (VS2010)

time: Sat Jun 18 01:44:35 2016
elapsed time: 0 seconds (0d 0h 0m 0s)

