#
# There is insufficient memory for the Java Runtime Environment to continue.
# Native memory allocation (malloc) failed to allocate 434976 bytes for Chunk::new
# Possible reasons:
#   The system is out of physical RAM or swap space
#   In 32 bit mode, the process size limit was hit
# Possible solutions:
#   Reduce memory load on the system
#   Increase physical memory or swap space
#   Check if swap backing store is full
#   Use 64 bit Java on a 64 bit OS
#   Decrease Java heap size (-Xmx/-Xms)
#   Decrease number of Java threads
#   Decrease Java thread stack sizes (-Xss)
#   Set larger code cache with -XX:ReservedCodeCacheSize=
# This output file may be truncated or incomplete.
#
#  Out of Memory Error (allocation.cpp:390), pid=5068, tid=9792
#
# JRE version: Java(TM) SE Runtime Environment (8.0_91-b14) (build 1.8.0_91-b14)
# Java VM: Java HotSpot(TM) 64-Bit Server VM (25.91-b14 mixed mode windows-amd64 compressed oops)
# Failed to write core dump. Minidumps are not enabled by default on client versions of Windows
#

---------------  T H R E A D  ---------------

Current thread (0x000000001596b800):  JavaThread "C2 CompilerThread0" daemon [_thread_in_native, id=9792, stack(0x0000000017270000,0x0000000017370000)]

Stack: [0x0000000017270000,0x0000000017370000]
[error occurred during error reporting (printing stack bounds), id 0xc0000005]

Native frames: (J=compiled Java code, j=interpreted, Vv=VM code, C=native code)


Current CompileTask:
C2:    746  843       4       com.android.dx.ssa.back.LivenessAnalyzer::handleTailRecursion (94 bytes)


---------------  P R O C E S S  ---------------

Java Threads: ( => current thread )
  0x0000000016ed6800 JavaThread "pool-2-thread-4" [_thread_blocked, id=9264, stack(0x0000000017b70000,0x0000000017c70000)]
  0x0000000016ed6000 JavaThread "pool-2-thread-3" [_thread_in_Java, id=3328, stack(0x0000000017a70000,0x0000000017b70000)]
  0x0000000016e0c800 JavaThread "pool-2-thread-2" [_thread_in_Java, id=9580, stack(0x0000000017970000,0x0000000017a70000)]
  0x0000000016e0b800 JavaThread "pool-3-thread-1" [_thread_blocked, id=10180, stack(0x0000000017870000,0x0000000017970000)]
  0x0000000016e09000 JavaThread "pool-2-thread-1" [_thread_blocked, id=1736, stack(0x0000000017770000,0x0000000017870000)]
  0x0000000016cd1000 JavaThread "Service Thread" daemon [_thread_blocked, id=3804, stack(0x0000000017570000,0x0000000017670000)]
  0x0000000016ccd000 JavaThread "C1 CompilerThread2" daemon [_thread_in_native, id=9996, stack(0x0000000017470000,0x0000000017570000)]
  0x000000001596d800 JavaThread "C2 CompilerThread1" daemon [_thread_in_native, id=8604, stack(0x0000000017370000,0x0000000017470000)]
=>0x000000001596b800 JavaThread "C2 CompilerThread0" daemon [_thread_in_native, id=9792, stack(0x0000000017270000,0x0000000017370000)]
  0x0000000015969000 JavaThread "Attach Listener" daemon [_thread_blocked, id=10188, stack(0x0000000017170000,0x0000000017270000)]
  0x000000001591f000 JavaThread "Signal Dispatcher" daemon [_thread_blocked, id=8640, stack(0x0000000017070000,0x0000000017170000)]
  0x000000000323a800 JavaThread "Finalizer" daemon [_thread_blocked, id=7000, stack(0x0000000016b70000,0x0000000016c70000)]
  0x0000000003230000 JavaThread "Reference Handler" daemon [_thread_blocked, id=9764, stack(0x0000000016a70000,0x0000000016b70000)]
  0x0000000002dde000 JavaThread "main" [_thread_blocked, id=4904, stack(0x0000000002c30000,0x0000000002d30000)]

Other Threads:
  0x00000000158d7800 VMThread [stack: 0x0000000016970000,0x0000000016a70000] [id=8140]
  0x0000000016d37000 WatcherThread [stack: 0x0000000017670000,0x0000000017770000] [id=988]

VM state:not at safepoint (normal execution)

VM Mutex/Monitor currently owned by a thread: None

Heap:
 PSYoungGen      total 18944K, used 5153K [0x00000000eab00000, 0x00000000ec000000, 0x0000000100000000)
  eden space 16384K, 15% used [0x00000000eab00000,0x00000000ead8c8a0,0x00000000ebb00000)
  from space 2560K, 99% used [0x00000000ebb00000,0x00000000ebd7bc90,0x00000000ebd80000)
  to   space 2560K, 0% used [0x00000000ebd80000,0x00000000ebd80000,0x00000000ec000000)
 ParOldGen       total 44032K, used 2061K [0x00000000c0000000, 0x00000000c2b00000, 0x00000000eab00000)
  object space 44032K, 4% used [0x00000000c0000000,0x00000000c02036c0,0x00000000c2b00000)
 Metaspace       used 5836K, capacity 6712K, committed 6784K, reserved 1056768K
  class space    used 602K, capacity 624K, committed 640K, reserved 1048576K

Card table byte_map: [0x0000000012600000,0x0000000012810000] byte_map_base: 0x0000000012000000

Marking Bits: (ParMarkBitMap*) 0x000000005b2d2f70
 Begin Bits: [0x0000000012d70000, 0x0000000013d70000)
 End Bits:   [0x0000000013d70000, 0x0000000014d70000)

Polling page: 0x0000000001630000

CodeCache: size=245760Kb used=3261Kb max_used=3261Kb free=242498Kb
 bounds [0x0000000003240000, 0x0000000003580000, 0x0000000012240000]
 total_blobs=1096 nmethods=825 adapters=184
 compilation: enabled

Compilation events (10 events):
Event: 0.744 Thread 0x0000000016ccd000 nmethod 820 0x0000000003547010 code [0x00000000035471c0, 0x00000000035477d8]
Event: 0.744 Thread 0x0000000016ccd000  839       3       com.android.dx.ssa.back.FirstFitLocalCombiningAllocator::spansParamRange (24 bytes)
Event: 0.744 Thread 0x0000000016ccd000 nmethod 839 0x0000000003546c50 code [0x0000000003546da0, 0x0000000003546f90]
Event: 0.744 Thread 0x0000000016ccd000  840       3       com.android.dx.ssa.back.FirstFitLocalCombiningAllocator::canMapReg (32 bytes)
Event: 0.744 Thread 0x0000000016ccd000 nmethod 840 0x0000000003540250 code [0x0000000003540420, 0x0000000003540d28]
Event: 0.744 Thread 0x0000000016ccd000  848       3       com.android.dx.ssa.InterferenceRegisterMapper::interferes (14 bytes)
Event: 0.745 Thread 0x0000000016ccd000 nmethod 848 0x000000000353fa50 code [0x000000000353fbe0, 0x0000000003540088]
Event: 0.745 Thread 0x0000000016ccd000  808       3       com.android.dx.rop.type.StdTypeList::get (9 bytes)
Event: 0.745 Thread 0x0000000016ccd000 nmethod 808 0x0000000003546750 code [0x00000000035468c0, 0x0000000003546ba8]
Event: 0.745 Thread 0x0000000016ccd000  844       3       com.android.dx.rop.code.LocalVariableInfo::mutableCopyOfStarts (29 bytes)

GC Heap History (2 events):
Event: 0.694 GC heap before
{Heap before GC invocations=1 (full 0):
 PSYoungGen      total 18944K, used 16384K [0x00000000eab00000, 0x00000000ec000000, 0x0000000100000000)
  eden space 16384K, 100% used [0x00000000eab00000,0x00000000ebb00000,0x00000000ebb00000)
  from space 2560K, 0% used [0x00000000ebd80000,0x00000000ebd80000,0x00000000ec000000)
  to   space 2560K, 0% used [0x00000000ebb00000,0x00000000ebb00000,0x00000000ebd80000)
 ParOldGen       total 44032K, used 0K [0x00000000c0000000, 0x00000000c2b00000, 0x00000000eab00000)
  object space 44032K, 0% used [0x00000000c0000000,0x00000000c0000000,0x00000000c2b00000)
 Metaspace       used 5803K, capacity 6712K, committed 6784K, reserved 1056768K
  class space    used 602K, capacity 624K, committed 640K, reserved 1048576K
Event: 0.700 GC heap after
Heap after GC invocations=1 (full 0):
 PSYoungGen      total 18944K, used 2543K [0x00000000eab00000, 0x00000000ec000000, 0x0000000100000000)
  eden space 16384K, 0% used [0x00000000eab00000,0x00000000eab00000,0x00000000ebb00000)
  from space 2560K, 99% used [0x00000000ebb00000,0x00000000ebd7bc90,0x00000000ebd80000)
  to   space 2560K, 0% used [0x00000000ebd80000,0x00000000ebd80000,0x00000000ec000000)
 ParOldGen       total 44032K, used 2061K [0x00000000c0000000, 0x00000000c2b00000, 0x00000000eab00000)
  object space 44032K, 4% used [0x00000000c0000000,0x00000000c02036c0,0x00000000c2b00000)
 Metaspace       used 5803K, capacity 6712K, committed 6784K, reserved 1056768K
  class space    used 602K, capacity 624K, committed 640K, reserved 1048576K
}

Deoptimization events (4 events):
Event: 0.562 Thread 0x0000000016ed6000 Uncommon trap: reason=unstable_if action=reinterpret pc=0x000000000343d840 method=java.util.HashMap.getNode(ILjava/lang/Object;)Ljava/util/HashMap$Node; @ 129
Event: 0.570 Thread 0x0000000016e0c800 Uncommon trap: reason=bimorphic action=maybe_recompile pc=0x0000000003469b64 method=java.util.HashMap.getNode(ILjava/lang/Object;)Ljava/util/HashMap$Node; @ 126
Event: 0.570 Thread 0x0000000016e0c800 Uncommon trap: reason=bimorphic action=maybe_recompile pc=0x0000000003469b64 method=java.util.HashMap.getNode(ILjava/lang/Object;)Ljava/util/HashMap$Node; @ 126
Event: 0.570 Thread 0x0000000016e0c800 Uncommon trap: reason=bimorphic action=maybe_recompile pc=0x0000000003469b64 method=java.util.HashMap.getNode(ILjava/lang/Object;)Ljava/util/HashMap$Node; @ 126

Internal exceptions (2 events):
Event: 0.036 Thread 0x0000000002dde000 Exception <a 'java/lang/NoSuchMethodError': Method sun.misc.Unsafe.defineClass(Ljava/lang/String;[BII)Ljava/lang/Class; name or signature does not match> (0x00000000eab07cc0) thrown at [C:\re\workspace\8-2-build-windows-amd64-cygwin\jdk8u91\6644\hotspot\sr±l$l9™¢?
Event: 0.036 Thread 0x0000000002dde000 Exception <a 'java/lang/NoSuchMethodError': Method sun.misc.Unsafe.prefetchRead(Ljava/lang/Object;J)V name or signature does not match> (0x00000000eab07fa8) thrown at [C:\re\workspace\8-2-build-windows-amd64-cygwin\jdk8u91\6644\hotspot\src\share\vm\prims\j

Events (10 events):
Event: 0.629 loading class java/util/TreeMap$EntryIterator
Event: 0.629 loading class java/util/TreeMap$EntryIterator done
Event: 0.632 loading class java/util/ArrayList$1
Event: 0.632 loading class java/util/ArrayList$1 done
Event: 0.663 Executing VM operation: ForceSafepoint
Event: 0.664 Executing VM operation: ForceSafepoint done
Event: 0.686 loading class com/android/dx/cf/attrib/AttLocalVariableTypeTable
Event: 0.686 loading class com/android/dx/cf/attrib/AttLocalVariableTypeTable done
Event: 0.691 Executing VM operation: ParallelGCFailedAllocation
Event: 0.700 Executing VM operation: ParallelGCFailedAllocation done


Dynamic libraries:
0x00007ff6510e0000 - 0x00007ff651117000 	C:\Program Files\Java\jdk1.8.0_91\bin\java.exe
0x00007fffc0830000 - 0x00007fffc09f1000 	C:\WINDOWS\SYSTEM32\ntdll.dll
0x00007fffc0770000 - 0x00007fffc081d000 	C:\WINDOWS\system32\KERNEL32.DLL
0x00007fffbcee0000 - 0x00007fffbd0c8000 	C:\WINDOWS\system32\KERNELBASE.dll
0x00007fffbdf70000 - 0x00007fffbe017000 	C:\WINDOWS\system32\ADVAPI32.dll
0x00007fffbe460000 - 0x00007fffbe4fd000 	C:\WINDOWS\system32\msvcrt.dll
0x00007fffbfe00000 - 0x00007fffbfe5b000 	C:\WINDOWS\system32\sechost.dll
0x00007fffc0430000 - 0x00007fffc054c000 	C:\WINDOWS\system32\RPCRT4.dll
0x00007fffc0050000 - 0x00007fffc01a6000 	C:\WINDOWS\system32\USER32.dll
0x00007fffbdd80000 - 0x00007fffbdf06000 	C:\WINDOWS\system32\GDI32.dll
0x00007fffb9680000 - 0x00007fffb98f4000 	C:\WINDOWS\WinSxS\amd64_microsoft.windows.common-controls_6595b64144ccf1df_6.0.10586.0_none_8c15ae12515e1c22\COMCTL32.dll
0x00007fffbfb80000 - 0x00007fffbfdfd000 	C:\WINDOWS\system32\combase.dll
0x00007fffbd0d0000 - 0x00007fffbd13a000 	C:\WINDOWS\system32\bcryptPrimitives.dll
0x00007fffc0010000 - 0x00007fffc004b000 	C:\WINDOWS\system32\IMM32.DLL
0x00007fffbcb10000 - 0x00007fffbcb41000 	C:\Windows\system32\nvinitx.dll
0x00007fffbcb00000 - 0x00007fffbcb0a000 	C:\WINDOWS\SYSTEM32\VERSION.dll
0x000000005a810000 - 0x000000005a8e2000 	C:\Program Files\Java\jdk1.8.0_91\jre\bin\msvcr100.dll
0x000000005aac0000 - 0x000000005b353000 	C:\Program Files\Java\jdk1.8.0_91\jre\bin\server\jvm.dll
0x00007fffbceb0000 - 0x00007fffbced3000 	C:\WINDOWS\system32\WINMM.dll
0x00007fffbcc20000 - 0x00007fffbcc4c000 	C:\WINDOWS\system32\WINMMBASE.dll
0x00007fffbcd90000 - 0x00007fffbcdd3000 	C:\WINDOWS\system32\cfgmgr32.dll
0x00007fffc0310000 - 0x00007fffc0318000 	C:\WINDOWS\system32\PSAPI.DLL
0x00007fffb4570000 - 0x00007fffb4579000 	C:\WINDOWS\SYSTEM32\WSOCK32.dll
0x00007fffc0700000 - 0x00007fffc076b000 	C:\WINDOWS\system32\WS2_32.dll
0x000000005be80000 - 0x000000005be8f000 	C:\Program Files\Java\jdk1.8.0_91\jre\bin\verify.dll
0x000000005be50000 - 0x000000005be79000 	C:\Program Files\Java\jdk1.8.0_91\jre\bin\java.dll
0x000000005be30000 - 0x000000005be46000 	C:\Program Files\Java\jdk1.8.0_91\jre\bin\zip.dll
0x00007fffbe620000 - 0x00007fffbfb7c000 	C:\WINDOWS\system32\SHELL32.dll
0x00007fffbd420000 - 0x00007fffbda64000 	C:\WINDOWS\system32\windows.storage.dll
0x00007fffc06a0000 - 0x00007fffc06f2000 	C:\WINDOWS\system32\shlwapi.dll
0x00007fffbcc60000 - 0x00007fffbcc6f000 	C:\WINDOWS\system32\kernel.appcore.dll
0x00007fffbcde0000 - 0x00007fffbce95000 	C:\WINDOWS\system32\shcore.dll
0x00007fffbcd40000 - 0x00007fffbcd8b000 	C:\WINDOWS\system32\powrprof.dll
0x00007fffbcc70000 - 0x00007fffbcc84000 	C:\WINDOWS\system32\profapi.dll

VM Arguments:
jvm_args: -Djava.awt.headless=true -Xmx1024M -Dfile.encoding=GBK -Duser.country=CN -Duser.language=zh -Duser.variant 
java_command: com.android.dx.command.Main --dex --force-jumbo --num-threads=4 --multi-dex --output D:\andriod_projects\Smart_home\app\build\intermediates\transforms\dex\debug\folders\1000\10\socket.io-client-0.3.0_29bebfd08f9be0972274c19ed97473d617452899 C:\Users\zhiwu_000\.gradle\caches\modules-2\files-2.1\com.github.nkzawa\socket.io-client\0.3.0\8dfd7cf8d1124acb027b3ffd53eafcc518af3ba9\socket.io-client-0.3.0.jar
java_class_path (initial): D:\android\android_SDK\build-tools\23.0.3\lib\dx.jar
Launcher Type: SUN_STANDARD

Environment Variables:
JAVA_HOME=C:\Program Files (x86)\Java\jdk1.8.0_31
CLASSPATH=C:\Program Files (x86)\Java\jdk1.8.0_31\lib;C:\Program Files (x86)\Java\jdk1.8.0_31\lib\tools.jar;D:\andriod environment\adt-bundle-windows-x86-20131030\eclipse\plugins\org.apache.ant_1.8.3.v201301120609\lib;
PATH=C:\PROGRA~1\PTC\MKSTOO~1\bin64;C:\PROGRA~1\PTC\MKSTOO~1\bin;C:\PROGRA~1\PTC\MKSTOO~1\bin\X11;C:\PROGRA~1\PTC\MKSTOO~1\mksnt;C:\ProgramData\Oracle\Java\javapath;C:\Program Files (x86)\Intel\iCLS Client\;C:\Program Files\Intel\iCLS Client\;C:\Program Files (x86)\NVIDIA Corporation\PhysX\Common;C:\WINDOWS\system32;C:\WINDOWS;C:\WINDOWS\System32\Wbem;C:\WINDOWS\System32\WindowsPowerShell\v1.0\;C:\Program Files\Intel\Intel(R) Management Engine Components\DAL;C:\Program Files\Intel\Intel(R) Management Engine Components\IPT;C:\Program Files (x86)\Intel\Intel(R) Management Engine Components\DAL;C:\Program Files (x86)\Intel\Intel(R) Management Engine Components\IPT;C:\Program Files (x86)\Java\jdk1.8.0_31\bin;C:\Program Files (x86)\Java\jdk1.8.0_31\jre\bin;D:\andriod environment\adt-bundle-windows-x86-20131030\sdk\tools;D:\andriod environment\adt-bundle-windows-x86-20131030\sdk\platform-tools;D:\andriod environment\adt-bundle-windows-x86-20131030\eclipse\plugins\org.apache.ant_1.8.3.v201301120609\bin;C:\Program Files\nodejs\;D:\HMA! Pro VPN\bin
USERNAME=freedom
DISPLAY=:0.0
OS=Windows_NT
PROCESSOR_IDENTIFIER=Intel64 Family 6 Model 60 Stepping 3, GenuineIntel



---------------  S Y S T E M  ---------------

OS: Windows 10.0 , 64 bit Build 10586 (10.0.10586.0)

CPU:total 4 (2 cores per cpu, 2 threads per core) family 6 model 60 stepping 3, cmov, cx8, fxsr, mmx, sse, sse2, sse3, ssse3, sse4.1, sse4.2, popcnt, avx, avx2, aes, clmul, erms, lzcnt, ht, tsc, tscinvbit, bmi1, bmi2

Memory: 4k page, physical 4112564k(417612k free), swap 5685428k(5448k free)

vm_info: Java HotSpot(TM) 64-Bit Server VM (25.91-b14) for windows-amd64 JRE (1.8.0_91-b14), built on Apr  1 2016 00:58:32 by "java_re" with MS VC++ 10.0 (VS2010)

time: Sat Jun 18 01:42:22 2016
elapsed time: 0 seconds (0d 0h 0m 0s)

