#
# There is insufficient memory for the Java Runtime Environment to continue.
# Native memory allocation (malloc) failed to allocate 1311616 bytes for Chunk::new
# Possible reasons:
#   The system is out of physical RAM or swap space
#   In 32 bit mode, the process size limit was hit
# Possible solutions:
#   Reduce memory load on the system
#   Increase physical memory or swap space
#   Check if swap backing store is full
#   Use 64 bit Java on a 64 bit OS
#   Decrease Java heap size (-Xmx/-Xms)
#   Decrease number of Java threads
#   Decrease Java thread stack sizes (-Xss)
#   Set larger code cache with -XX:ReservedCodeCacheSize=
# This output file may be truncated or incomplete.
#
#  Out of Memory Error (allocation.cpp:390), pid=10180, tid=10236
#
# JRE version: Java(TM) SE Runtime Environment (8.0_91-b14) (build 1.8.0_91-b14)
# Java VM: Java HotSpot(TM) 64-Bit Server VM (25.91-b14 mixed mode windows-amd64 compressed oops)
# Failed to write core dump. Minidumps are not enabled by default on client versions of Windows
#

---------------  T H R E A D  ---------------

Current thread (0x0000000015a3b800):  JavaThread "C2 CompilerThread0" daemon [_thread_in_native, id=10236, stack(0x0000000017340000,0x0000000017440000)]

Stack: [0x0000000017340000,0x0000000017440000]
[error occurred during error reporting (printing stack bounds), id 0xc0000005]

Native frames: (J=compiled Java code, j=interpreted, Vv=VM code, C=native code)


Current CompileTask:
C2:   1027  720   !   4       com.android.dx.cf.code.BytecodeArray::parseInstruction (2764 bytes)


---------------  P R O C E S S  ---------------

Java Threads: ( => current thread )
  0x0000000016fb2000 JavaThread "pool-2-thread-4" [_thread_blocked, id=4232, stack(0x0000000017c40000,0x0000000017d40000)]
  0x0000000016fae800 JavaThread "pool-2-thread-3" [_thread_in_Java, id=7804, stack(0x0000000017b40000,0x0000000017c40000)]
  0x0000000016e9f000 JavaThread "pool-2-thread-2" [_thread_in_vm, id=2872, stack(0x0000000017a40000,0x0000000017b40000)]
  0x0000000016e8e800 JavaThread "pool-3-thread-1" [_thread_blocked, id=8424, stack(0x0000000017940000,0x0000000017a40000)]
  0x0000000016e8e000 JavaThread "pool-2-thread-1" [_thread_blocked, id=8788, stack(0x0000000017840000,0x0000000017940000)]
  0x0000000016db2800 JavaThread "Service Thread" daemon [_thread_blocked, id=2216, stack(0x0000000017640000,0x0000000017740000)]
  0x0000000016d9d000 JavaThread "C1 CompilerThread2" daemon [_thread_blocked, id=4268, stack(0x0000000017540000,0x0000000017640000)]
  0x0000000015a3d800 JavaThread "C2 CompilerThread1" daemon [_thread_in_native, id=8312, stack(0x0000000017440000,0x0000000017540000)]
=>0x0000000015a3b800 JavaThread "C2 CompilerThread0" daemon [_thread_in_native, id=10236, stack(0x0000000017340000,0x0000000017440000)]
  0x0000000015a39000 JavaThread "Attach Listener" daemon [_thread_blocked, id=4756, stack(0x0000000017240000,0x0000000017340000)]
  0x00000000159ef000 JavaThread "Signal Dispatcher" daemon [_thread_blocked, id=8560, stack(0x0000000017140000,0x0000000017240000)]
  0x000000000330a800 JavaThread "Finalizer" daemon [_thread_blocked, id=3192, stack(0x0000000016c40000,0x0000000016d40000)]
  0x0000000003300000 JavaThread "Reference Handler" daemon [_thread_blocked, id=8588, stack(0x0000000016b40000,0x0000000016c40000)]
  0x000000000320e000 JavaThread "main" [_thread_in_Java, id=10076, stack(0x00000000030c0000,0x00000000031c0000)]

Other Threads:
  0x00000000159a7800 VMThread [stack: 0x0000000016a40000,0x0000000016b40000] [id=3488]
  0x0000000016dae800 WatcherThread [stack: 0x0000000017740000,0x0000000017840000] [id=8744]

VM state:not at safepoint (normal execution)

VM Mutex/Monitor currently owned by a thread: None

Heap:
 PSYoungGen      total 18944K, used 5077K [0x00000000eab00000, 0x00000000ec000000, 0x0000000100000000)
  eden space 16384K, 15% used [0x00000000eab00000,0x00000000ead7b128,0x00000000ebb00000)
  from space 2560K, 99% used [0x00000000ebb00000,0x00000000ebd7a440,0x00000000ebd80000)
  to   space 2560K, 0% used [0x00000000ebd80000,0x00000000ebd80000,0x00000000ec000000)
 ParOldGen       total 44032K, used 2749K [0x00000000c0000000, 0x00000000c2b00000, 0x00000000eab00000)
  object space 44032K, 6% used [0x00000000c0000000,0x00000000c02af770,0x00000000c2b00000)
 Metaspace       used 5686K, capacity 6768K, committed 7040K, reserved 1056768K
  class space    used 583K, capacity 616K, committed 640K, reserved 1048576K

Card table byte_map: [0x00000000126d0000,0x00000000128e0000] byte_map_base: 0x00000000120d0000

Marking Bits: (ParMarkBitMap*) 0x000000005b2d2f70
 Begin Bits: [0x0000000012e40000, 0x0000000013e40000)
 End Bits:   [0x0000000013e40000, 0x0000000014e40000)

Polling page: 0x0000000001210000

CodeCache: size=245760Kb used=3057Kb max_used=3069Kb free=242702Kb
 bounds [0x0000000003310000, 0x0000000003620000, 0x0000000012310000]
 total_blobs=997 nmethods=730 adapters=180
 compilation: enabled

Compilation events (10 events):
Event: 0.962 Thread 0x0000000016d9d000  733       3       com.android.dx.rop.code.BasicBlockList::set (12 bytes)
Event: 0.962 Thread 0x0000000016d9d000 nmethod 733 0x000000000360a150 code [0x000000000360a2c0, 0x000000000360a468]
Event: 0.962 Thread 0x0000000016d9d000  737       3       com.android.dx.rop.cst.CstString::getType (4 bytes)
Event: 0.962 Thread 0x0000000016d9d000 nmethod 737 0x0000000003609e10 code [0x0000000003609f60, 0x000000000360a0b0]
Event: 0.962 Thread 0x0000000016d9d000  738       3       com.android.dx.ssa.SsaMethod::indexListFromLabelList (47 bytes)
Event: 0.962 Thread 0x0000000016d9d000 nmethod 738 0x0000000003609210 code [0x00000000036093c0, 0x0000000003609b78]
Event: 0.962 Thread 0x0000000016d9d000  739       3       com.android.dx.ssa.SsaConverter::nodeNeedsUniquePredecessor (32 bytes)
Event: 0.994 Thread 0x0000000016d9d000 nmethod 739 0x0000000003610a10 code [0x0000000003610bc0, 0x00000000036111d8]
Event: 0.995 Thread 0x0000000015a3d800 nmethod 721 0x0000000003608a10 code [0x0000000003608b60, 0x0000000003608ef8]
Event: 0.995 Thread 0x0000000015a3d800  758       4       com.android.dx.ssa.NormalSsaInsn::accept (25 bytes)

GC Heap History (2 events):
Event: 0.976 GC heap before
{Heap before GC invocations=1 (full 0):
 PSYoungGen      total 18944K, used 16384K [0x00000000eab00000, 0x00000000ec000000, 0x0000000100000000)
  eden space 16384K, 100% used [0x00000000eab00000,0x00000000ebb00000,0x00000000ebb00000)
  from space 2560K, 0% used [0x00000000ebd80000,0x00000000ebd80000,0x00000000ec000000)
  to   space 2560K, 0% used [0x00000000ebb00000,0x00000000ebb00000,0x00000000ebd80000)
 ParOldGen       total 44032K, used 0K [0x00000000c0000000, 0x00000000c2b00000, 0x00000000eab00000)
  object space 44032K, 0% used [0x00000000c0000000,0x00000000c0000000,0x00000000c2b00000)
 Metaspace       used 5669K, capacity 6704K, committed 6784K, reserved 1056768K
  class space    used 583K, capacity 616K, committed 640K, reserved 1048576K
Event: 0.993 GC heap after
Heap after GC invocations=1 (full 0):
 PSYoungGen      total 18944K, used 2537K [0x00000000eab00000, 0x00000000ec000000, 0x0000000100000000)
  eden space 16384K, 0% used [0x00000000eab00000,0x00000000eab00000,0x00000000ebb00000)
  from space 2560K, 99% used [0x00000000ebb00000,0x00000000ebd7a440,0x00000000ebd80000)
  to   space 2560K, 0% used [0x00000000ebd80000,0x00000000ebd80000,0x00000000ec000000)
 ParOldGen       total 44032K, used 2749K [0x00000000c0000000, 0x00000000c2b00000, 0x00000000eab00000)
  object space 44032K, 6% used [0x00000000c0000000,0x00000000c02af770,0x00000000c2b00000)
 Metaspace       used 5669K, capacity 6704K, committed 6784K, reserved 1056768K
  class space    used 583K, capacity 616K, committed 640K, reserved 1048576K
}

Deoptimization events (4 events):
Event: 0.787 Thread 0x0000000016fb2000 Uncommon trap: reason=unstable_if action=reinterpret pc=0x000000000350d3d8 method=java.util.HashMap.getNode(ILjava/lang/Object;)Ljava/util/HashMap$Node; @ 129
Event: 0.813 Thread 0x000000000320e000 Uncommon trap: reason=unstable_if action=reinterpret pc=0x000000000356d7b0 method=java.util.BitSet.nextSetBit(I)I @ 87
Event: 0.957 Thread 0x0000000016fb2000 Uncommon trap: reason=null_check action=make_not_entrant pc=0x00000000035aa684 method=com.android.dx.ssa.SsaRenamer.getLocalForNewReg(I)Lcom/android/dx/rop/code/LocalItem; @ 19
Event: 0.994 Thread 0x0000000016fb2000 Uncommon trap: reason=null_check action=make_not_entrant pc=0x0000000003604344 method=com.android.dx.ssa.SsaRenamer.getLocalForNewReg(I)Lcom/android/dx/rop/code/LocalItem; @ 19

Internal exceptions (4 events):
Event: 0.108 Thread 0x000000000320e000 Exception <a 'java/lang/NoSuchMethodError': Method sun.misc.Unsafe.defineClass(Ljava/lang/String;[BII)Ljava/lang/Class; name or signature does not match> (0x00000000eab07cc0) thrown at [C:\re\workspace\8-2-build-windows-amd64-cygwin\jdk8u91\6644\hotspot\srÆ¾oîÂº»?
Event: 0.108 Thread 0x000000000320e000 Exception <a 'java/lang/NoSuchMethodError': Method sun.misc.Unsafe.prefetchRead(Ljava/lang/Object;J)V name or signature does not match> (0x00000000eab07fa8) thrown at [C:\re\workspace\8-2-build-windows-amd64-cygwin\jdk8u91\6644\hotspot\src\share\vm\prims\jÔ²š-£î?
Event: 0.957 Thread 0x0000000016fb2000 Implicit null exception at 0x00000000035a8c4c to 0x00000000035aa665
Event: 0.994 Thread 0x0000000016fb2000 Implicit null exception at 0x0000000003602a4b to 0x0000000003604301

Events (10 events):
Event: 0.958 Thread 0x0000000016fb2000 DEOPT UNPACKING pc=0x000000000335582a sp=0x0000000017d3e658 mode 2
Event: 0.963 Executing VM operation: ParallelGCFailedAllocation
Event: 0.994 Executing VM operation: ParallelGCFailedAllocation done
Event: 0.994 Thread 0x0000000016fb2000 Uncommon trap: trap_request=0xfffffff4 fr.pc=0x0000000003604344
Event: 0.994 Thread 0x0000000016fb2000 DEOPT PACKING pc=0x0000000003604344 sp=0x0000000017d3e820
Event: 0.994 Thread 0x0000000016fb2000 DEOPT UNPACKING pc=0x000000000335582a sp=0x0000000017d3e698 mode 2
Event: 0.994 Thread 0x0000000016fae800 DEOPT PACKING pc=0x00000000035b2bf5 sp=0x0000000017c3ea30
Event: 0.994 Thread 0x0000000016fae800 DEOPT UNPACKING pc=0x000000000335787f sp=0x0000000017c3e7a8 mode 0
Event: 1.005 loading class com/android/dx/rop/cst/CstArray$List
Event: 1.005 loading class com/android/dx/rop/cst/CstArray$List done


Dynamic libraries:
0x00007ff6510e0000 - 0x00007ff651117000 	C:\Program Files\Java\jdk1.8.0_91\bin\java.exe
0x00007fffc0830000 - 0x00007fffc09f1000 	C:\WINDOWS\SYSTEM32\ntdll.dll
0x00007fffc0770000 - 0x00007fffc081d000 	C:\WINDOWS\system32\KERNEL32.DLL
0x00007fffbcee0000 - 0x00007fffbd0c8000 	C:\WINDOWS\system32\KERNELBASE.dll
0x00007fffbdf70000 - 0x00007fffbe017000 	C:\WINDOWS\system32\ADVAPI32.dll
0x00007fffbe460000 - 0x00007fffbe4fd000 	C:\WINDOWS\system32\msvcrt.dll
0x00007fffbfe00000 - 0x00007fffbfe5b000 	C:\WINDOWS\system32\sechost.dll
0x00007fffc0430000 - 0x00007fffc054c000 	C:\WINDOWS\system32\RPCRT4.dll
0x00007fffc0050000 - 0x00007fffc01a6000 	C:\WINDOWS\system32\USER32.dll
0x00007fffbdd80000 - 0x00007fffbdf06000 	C:\WINDOWS\system32\GDI32.dll
0x00007fffb9680000 - 0x00007fffb98f4000 	C:\WINDOWS\WinSxS\amd64_microsoft.windows.common-controls_6595b64144ccf1df_6.0.10586.0_none_8c15ae12515e1c22\COMCTL32.dll
0x00007fffbfb80000 - 0x00007fffbfdfd000 	C:\WINDOWS\system32\combase.dll
0x00007fffbd0d0000 - 0x00007fffbd13a000 	C:\WINDOWS\system32\bcryptPrimitives.dll
0x00007fffc0010000 - 0x00007fffc004b000 	C:\WINDOWS\system32\IMM32.DLL
0x00007fffbcb10000 - 0x00007fffbcb41000 	C:\Windows\system32\nvinitx.dll
0x00007fffbcb00000 - 0x00007fffbcb0a000 	C:\WINDOWS\SYSTEM32\VERSION.dll
0x000000005a810000 - 0x000000005a8e2000 	C:\Program Files\Java\jdk1.8.0_91\jre\bin\msvcr100.dll
0x000000005aac0000 - 0x000000005b353000 	C:\Program Files\Java\jdk1.8.0_91\jre\bin\server\jvm.dll
0x00007fffbceb0000 - 0x00007fffbced3000 	C:\WINDOWS\system32\WINMM.dll
0x00007fffbcc20000 - 0x00007fffbcc4c000 	C:\WINDOWS\system32\WINMMBASE.dll
0x00007fffbcd90000 - 0x00007fffbcdd3000 	C:\WINDOWS\system32\cfgmgr32.dll
0x00007fffc0310000 - 0x00007fffc0318000 	C:\WINDOWS\system32\PSAPI.DLL
0x00007fffb4570000 - 0x00007fffb4579000 	C:\WINDOWS\SYSTEM32\WSOCK32.dll
0x00007fffc0700000 - 0x00007fffc076b000 	C:\WINDOWS\system32\WS2_32.dll
0x000000005be80000 - 0x000000005be8f000 	C:\Program Files\Java\jdk1.8.0_91\jre\bin\verify.dll
0x000000005be50000 - 0x000000005be79000 	C:\Program Files\Java\jdk1.8.0_91\jre\bin\java.dll
0x000000005be30000 - 0x000000005be46000 	C:\Program Files\Java\jdk1.8.0_91\jre\bin\zip.dll
0x00007fffbe620000 - 0x00007fffbfb7c000 	C:\WINDOWS\system32\SHELL32.dll
0x00007fffbd420000 - 0x00007fffbda64000 	C:\WINDOWS\system32\windows.storage.dll
0x00007fffc06a0000 - 0x00007fffc06f2000 	C:\WINDOWS\system32\shlwapi.dll
0x00007fffbcc60000 - 0x00007fffbcc6f000 	C:\WINDOWS\system32\kernel.appcore.dll
0x00007fffbcde0000 - 0x00007fffbce95000 	C:\WINDOWS\system32\shcore.dll
0x00007fffbcd40000 - 0x00007fffbcd8b000 	C:\WINDOWS\system32\powrprof.dll
0x00007fffbcc70000 - 0x00007fffbcc84000 	C:\WINDOWS\system32\profapi.dll

VM Arguments:
jvm_args: -Djava.awt.headless=true -Xmx1024M -Dfile.encoding=GBK -Duser.country=CN -Duser.language=zh -Duser.variant 
java_command: com.android.dx.command.Main --dex --force-jumbo --num-threads=4 --multi-dex --output D:\andriod_projects\Smart_home\app\build\intermediates\transforms\dex\debug\folders\1000\5\slice_8 D:\andriod_projects\Smart_home\app\build\intermediates\transforms\instantRunSlicer\debug\folders\1\5\slice_8
java_class_path (initial): D:\android\android_SDK\build-tools\23.0.3\lib\dx.jar
Launcher Type: SUN_STANDARD

Environment Variables:
JAVA_HOME=C:\Program Files (x86)\Java\jdk1.8.0_31
CLASSPATH=C:\Program Files (x86)\Java\jdk1.8.0_31\lib;C:\Program Files (x86)\Java\jdk1.8.0_31\lib\tools.jar;D:\andriod environment\adt-bundle-windows-x86-20131030\eclipse\plugins\org.apache.ant_1.8.3.v201301120609\lib;
PATH=C:\PROGRA~1\PTC\MKSTOO~1\bin64;C:\PROGRA~1\PTC\MKSTOO~1\bin;C:\PROGRA~1\PTC\MKSTOO~1\bin\X11;C:\PROGRA~1\PTC\MKSTOO~1\mksnt;C:\ProgramData\Oracle\Java\javapath;C:\Program Files (x86)\Intel\iCLS Client\;C:\Program Files\Intel\iCLS Client\;C:\Program Files (x86)\NVIDIA Corporation\PhysX\Common;C:\WINDOWS\system32;C:\WINDOWS;C:\WINDOWS\System32\Wbem;C:\WINDOWS\System32\WindowsPowerShell\v1.0\;C:\Program Files\Intel\Intel(R) Management Engine Components\DAL;C:\Program Files\Intel\Intel(R) Management Engine Components\IPT;C:\Program Files (x86)\Intel\Intel(R) Management Engine Components\DAL;C:\Program Files (x86)\Intel\Intel(R) Management Engine Components\IPT;C:\Program Files (x86)\Java\jdk1.8.0_31\bin;C:\Program Files (x86)\Java\jdk1.8.0_31\jre\bin;D:\andriod environment\adt-bundle-windows-x86-20131030\sdk\tools;D:\andriod environment\adt-bundle-windows-x86-20131030\sdk\platform-tools;D:\andriod environment\adt-bundle-windows-x86-20131030\eclipse\plugins\org.apache.ant_1.8.3.v201301120609\bin;C:\Program Files\nodejs\;D:\HMA! Pro VPN\bin
USERNAME=freedom
DISPLAY=:0.0
OS=Windows_NT
PROCESSOR_IDENTIFIER=Intel64 Family 6 Model 60 Stepping 3, GenuineIntel



---------------  S Y S T E M  ---------------

OS: Windows 10.0 , 64 bit Build 10586 (10.0.10586.0)

CPU:total 4 (2 cores per cpu, 2 threads per core) family 6 model 60 stepping 3, cmov, cx8, fxsr, mmx, sse, sse2, sse3, ssse3, sse4.1, sse4.2, popcnt, avx, avx2, aes, clmul, erms, lzcnt, ht, tsc, tscinvbit, bmi1, bmi2

Memory: 4k page, physical 4112564k(412620k free), swap 5685428k(6156k free)

vm_info: Java HotSpot(TM) 64-Bit Server VM (25.91-b14) for windows-amd64 JRE (1.8.0_91-b14), built on Apr  1 2016 00:58:32 by "java_re" with MS VC++ 10.0 (VS2010)

time: Sat Jun 18 01:40:03 2016
elapsed time: 1 seconds (0d 0h 0m 1s)

