#
# There is insufficient memory for the Java Runtime Environment to continue.
# Native memory allocation (malloc) failed to allocate 506976 bytes for Chunk::new
# Possible reasons:
#   The system is out of physical RAM or swap space
#   In 32 bit mode, the process size limit was hit
# Possible solutions:
#   Reduce memory load on the system
#   Increase physical memory or swap space
#   Check if swap backing store is full
#   Use 64 bit Java on a 64 bit OS
#   Decrease Java heap size (-Xmx/-Xms)
#   Decrease number of Java threads
#   Decrease Java thread stack sizes (-Xss)
#   Set larger code cache with -XX:ReservedCodeCacheSize=
# This output file may be truncated or incomplete.
#
#  Out of Memory Error (allocation.cpp:390), pid=15172, tid=5308
#
# JRE version: Java(TM) SE Runtime Environment (8.0_91-b14) (build 1.8.0_91-b14)
# Java VM: Java HotSpot(TM) 64-Bit Server VM (25.91-b14 mixed mode windows-amd64 compressed oops)
# Failed to write core dump. Minidumps are not enabled by default on client versions of Windows
#

---------------  T H R E A D  ---------------

Current thread (0x000000001562c000):  JavaThread "C2 CompilerThread1" daemon [_thread_in_native, id=5308, stack(0x0000000017040000,0x0000000017140000)]

Stack: [0x0000000017040000,0x0000000017140000]
[error occurred during error reporting (printing stack bounds), id 0xc0000005]

Native frames: (J=compiled Java code, j=interpreted, Vv=VM code, C=native code)


Current CompileTask:
C2:   2300 1069       4       com.android.dx.ssa.SCCP::simulatePhi (169 bytes)


---------------  P R O C E S S  ---------------

Java Threads: ( => current thread )
  0x0000000016bb9800 JavaThread "pool-2-thread-4" [_thread_in_Java, id=15016, stack(0x0000000017840000,0x0000000017940000)]
  0x0000000016bb8800 JavaThread "pool-2-thread-3" [_thread_blocked, id=12668, stack(0x0000000017740000,0x0000000017840000)]
  0x0000000016bb7000 JavaThread "pool-2-thread-2" [_thread_blocked, id=3592, stack(0x0000000017640000,0x0000000017740000)]
  0x0000000016b3b800 JavaThread "pool-3-thread-1" [_thread_blocked, id=12000, stack(0x0000000017540000,0x0000000017640000)]
  0x0000000016b38800 JavaThread "pool-2-thread-1" [_thread_blocked, id=5580, stack(0x0000000017440000,0x0000000017540000)]
  0x00000000169a9800 JavaThread "Service Thread" daemon [_thread_blocked, id=13112, stack(0x0000000017240000,0x0000000017340000)]
  0x00000000169a2800 JavaThread "C1 CompilerThread2" daemon [_thread_in_native, id=9768, stack(0x0000000017140000,0x0000000017240000)]
=>0x000000001562c000 JavaThread "C2 CompilerThread1" daemon [_thread_in_native, id=5308, stack(0x0000000017040000,0x0000000017140000)]
  0x000000001562a000 JavaThread "C2 CompilerThread0" daemon [_thread_in_native, id=14828, stack(0x0000000016f40000,0x0000000017040000)]
  0x00000000155dd800 JavaThread "Attach Listener" daemon [_thread_blocked, id=6744, stack(0x0000000016e40000,0x0000000016f40000)]
  0x0000000016948800 JavaThread "Signal Dispatcher" daemon [_thread_blocked, id=8996, stack(0x0000000016d40000,0x0000000016e40000)]
  0x00000000155ba800 JavaThread "Finalizer" daemon [_thread_blocked, id=14796, stack(0x0000000016840000,0x0000000016940000)]
  0x0000000002ef0000 JavaThread "Reference Handler" daemon [_thread_blocked, id=11984, stack(0x0000000016740000,0x0000000016840000)]
  0x0000000002dfe000 JavaThread "main" [_thread_in_Java, id=10556, stack(0x0000000002cf0000,0x0000000002df0000)]

Other Threads:
  0x0000000015597800 VMThread [stack: 0x0000000016640000,0x0000000016740000] [id=13500]
  0x00000000169f4800 WatcherThread [stack: 0x0000000017340000,0x0000000017440000] [id=14608]

VM state:not at safepoint (normal execution)

VM Mutex/Monitor currently owned by a thread: None

Heap:
 PSYoungGen      total 18944K, used 12935K [0x00000000eab00000, 0x00000000ed000000, 0x0000000100000000)
  eden space 16384K, 63% used [0x00000000eab00000,0x00000000eb5292d8,0x00000000ebb00000)
  from space 2560K, 98% used [0x00000000ebb00000,0x00000000ebd78aa0,0x00000000ebd80000)
  to   space 2560K, 0% used [0x00000000ecd80000,0x00000000ecd80000,0x00000000ed000000)
 ParOldGen       total 44032K, used 1871K [0x00000000c0000000, 0x00000000c2b00000, 0x00000000eab00000)
  object space 44032K, 4% used [0x00000000c0000000,0x00000000c01d3ec0,0x00000000c2b00000)
 Metaspace       used 5942K, capacity 6836K, committed 7040K, reserved 1056768K
  class space    used 600K, capacity 620K, committed 640K, reserved 1048576K

Card table byte_map: [0x00000000122c0000,0x00000000124d0000] byte_map_base: 0x0000000011cc0000

Marking Bits: (ParMarkBitMap*) 0x0000000077282f70
 Begin Bits: [0x0000000012a30000, 0x0000000013a30000)
 End Bits:   [0x0000000013a30000, 0x0000000014a30000)

Polling page: 0x0000000000d40000

CodeCache: size=245760Kb used=4362Kb max_used=4362Kb free=241397Kb
 bounds [0x0000000002f00000, 0x0000000003350000, 0x0000000011f00000]
 total_blobs=1378 nmethods=1106 adapters=184
 compilation: enabled

Compilation events (10 events):
Event: 2.295 Thread 0x00000000169a2800 nmethod 1101 0x000000000333b690 code [0x000000000333b800, 0x000000000333bbf0]
Event: 2.295 Thread 0x00000000169a2800 1103       3       com.android.dx.cf.code.Simulator$SimVisitor::visitLocal (329 bytes)
Event: 2.296 Thread 0x000000001562a000 nmethod 1075 0x000000000333b2d0 code [0x000000000333b420, 0x000000000333b558]
Event: 2.296 Thread 0x000000001562a000 1094       4       com.android.dx.rop.code.LocalItem::equals (29 bytes)
Event: 2.298 Thread 0x00000000169a2800 nmethod 1103 0x0000000003340a10 code [0x0000000003340e40, 0x0000000003343ab8]
Event: 2.298 Thread 0x00000000169a2800 1110       3       com.android.dx.rop.code.RegisterSpecSet::localItemToSpec (49 bytes)
Event: 2.298 Thread 0x00000000169a2800 nmethod 1110 0x0000000003337f10 code [0x00000000033380a0, 0x0000000003338668]
Event: 2.298 Thread 0x00000000169a2800 1112       3       java.util.TreeMap::successor (66 bytes)
Event: 2.298 Thread 0x000000001562a000 nmethod 1094 0x000000000333ec90 code [0x000000000333ede0, 0x000000000333f198]
Event: 2.298 Thread 0x000000001562a000 1046       4       com.android.dx.util.LabeledList::set (45 bytes)

GC Heap History (2 events):
Event: 1.794 GC heap before
{Heap before GC invocations=1 (full 0):
 PSYoungGen      total 18944K, used 16384K [0x00000000eab00000, 0x00000000ec000000, 0x0000000100000000)
  eden space 16384K, 100% used [0x00000000eab00000,0x00000000ebb00000,0x00000000ebb00000)
  from space 2560K, 0% used [0x00000000ebd80000,0x00000000ebd80000,0x00000000ec000000)
  to   space 2560K, 0% used [0x00000000ebb00000,0x00000000ebb00000,0x00000000ebd80000)
 ParOldGen       total 44032K, used 0K [0x00000000c0000000, 0x00000000c2b00000, 0x00000000eab00000)
  object space 44032K, 0% used [0x00000000c0000000,0x00000000c0000000,0x00000000c2b00000)
 Metaspace       used 5827K, capacity 6708K, committed 6784K, reserved 1056768K
  class space    used 600K, capacity 620K, committed 640K, reserved 1048576K
Event: 1.926 GC heap after
Heap after GC invocations=1 (full 0):
 PSYoungGen      total 18944K, used 2530K [0x00000000eab00000, 0x00000000ed000000, 0x0000000100000000)
  eden space 16384K, 0% used [0x00000000eab00000,0x00000000eab00000,0x00000000ebb00000)
  from space 2560K, 98% used [0x00000000ebb00000,0x00000000ebd78aa0,0x00000000ebd80000)
  to   space 2560K, 0% used [0x00000000ecd80000,0x00000000ecd80000,0x00000000ed000000)
 ParOldGen       total 44032K, used 1871K [0x00000000c0000000, 0x00000000c2b00000, 0x00000000eab00000)
  object space 44032K, 4% used [0x00000000c0000000,0x00000000c01d3ec0,0x00000000c2b00000)
 Metaspace       used 5827K, capacity 6708K, committed 6784K, reserved 1056768K
  class space    used 600K, capacity 620K, committed 640K, reserved 1048576K
}

Deoptimization events (3 events):
Event: 1.600 Thread 0x0000000016bb8800 Uncommon trap: reason=unstable_if action=reinterpret pc=0x000000000312d8cc method=java.util.HashMap.getNode(ILjava/lang/Object;)Ljava/util/HashMap$Node; @ 62
Event: 1.950 Thread 0x0000000016bb7000 Uncommon trap: reason=unstable_if action=reinterpret pc=0x0000000003255250 method=com.android.dx.rop.code.RegisterSpec.equals(ILcom/android/dx/rop/type/TypeBearer;Lcom/android/dx/rop/code/LocalItem;)Z @ 31
Event: 2.010 Thread 0x0000000016bb9800 Uncommon trap: reason=unstable_if action=reinterpret pc=0x00000000032234c4 method=com.android.dx.rop.code.RegisterSpec.equals(ILcom/android/dx/rop/type/TypeBearer;Lcom/android/dx/rop/code/LocalItem;)Z @ 42

Internal exceptions (3 events):
Event: 0.049 Thread 0x0000000002dfe000 Exception <a 'java/lang/NoSuchMethodError': Method sun.misc.Unsafe.defineClass(Ljava/lang/String;[BII)Ljava/lang/Class; name or signature does not match> (0x00000000eab07cc0) thrown at [C:\re\workspace\8-2-build-windows-amd64-cygwin\jdk8u91\6644\hotspot\srÙÙb¯1'©?
Event: 0.049 Thread 0x0000000002dfe000 Exception <a 'java/lang/NoSuchMethodError': Method sun.misc.Unsafe.prefetchRead(Ljava/lang/Object;J)V name or signature does not match> (0x00000000eab07fa8) thrown at [C:\re\workspace\8-2-build-windows-amd64-cygwin\jdk8u91\6644\hotspot\src\share\vm\prims\jjd¡Ë1ÿ?
Event: 1.950 Thread 0x0000000016bb7000 Implicit null exception at 0x0000000003254d46 to 0x0000000003255225

Events (10 events):
Event: 1.709 Executing VM operation: ForceSafepoint
Event: 1.751 Executing VM operation: ForceSafepoint done
Event: 1.793 Executing VM operation: ParallelGCFailedAllocation
Event: 1.926 Executing VM operation: ParallelGCFailedAllocation done
Event: 1.950 Thread 0x0000000016bb7000 Uncommon trap: trap_request=0xffffff65 fr.pc=0x0000000003255250
Event: 1.950 Thread 0x0000000016bb7000 DEOPT PACKING pc=0x0000000003255250 sp=0x000000001773ebe0
Event: 1.950 Thread 0x0000000016bb7000 DEOPT UNPACKING pc=0x0000000002f4582a sp=0x000000001773ea48 mode 2
Event: 2.010 Thread 0x0000000016bb9800 Uncommon trap: trap_request=0xffffff65 fr.pc=0x00000000032234c4
Event: 2.010 Thread 0x0000000016bb9800 DEOPT PACKING pc=0x00000000032234c4 sp=0x000000001793e4f0
Event: 2.010 Thread 0x0000000016bb9800 DEOPT UNPACKING pc=0x0000000002f4582a sp=0x000000001793e478 mode 2


Dynamic libraries:
0x00007ff77d8f0000 - 0x00007ff77d927000 	C:\Program Files\Java\jdk1.8.0_91\bin\java.exe
0x00007ffc57b90000 - 0x00007ffc57d51000 	C:\WINDOWS\SYSTEM32\ntdll.dll
0x00007ffc56ba0000 - 0x00007ffc56c4d000 	C:\WINDOWS\system32\KERNEL32.DLL
0x00007ffc54ab0000 - 0x00007ffc54c98000 	C:\WINDOWS\system32\KERNELBASE.dll
0x00007ffc572f0000 - 0x00007ffc57397000 	C:\WINDOWS\system32\ADVAPI32.dll
0x00007ffc570f0000 - 0x00007ffc5718d000 	C:\WINDOWS\system32\msvcrt.dll
0x00007ffc57600000 - 0x00007ffc5765b000 	C:\WINDOWS\system32\sechost.dll
0x00007ffc56960000 - 0x00007ffc56a7c000 	C:\WINDOWS\system32\RPCRT4.dll
0x00007ffc57820000 - 0x00007ffc57976000 	C:\WINDOWS\system32\USER32.dll
0x00007ffc56ed0000 - 0x00007ffc57056000 	C:\WINDOWS\system32\GDI32.dll
0x00007ffc50950000 - 0x00007ffc50bc4000 	C:\WINDOWS\WinSxS\amd64_microsoft.windows.common-controls_6595b64144ccf1df_6.0.10586.589_none_a2ddb3caa539acce\COMCTL32.dll
0x00007ffc56c50000 - 0x00007ffc56ecd000 	C:\WINDOWS\system32\combase.dll
0x00007ffc54080000 - 0x00007ffc540ea000 	C:\WINDOWS\system32\bcryptPrimitives.dll
0x00007ffc54f90000 - 0x00007ffc54fcb000 	C:\WINDOWS\system32\IMM32.DLL
0x00007ffc53e70000 - 0x00007ffc53ea1000 	C:\Windows\system32\nvinitx.dll
0x00007ffc53e60000 - 0x00007ffc53e6a000 	C:\WINDOWS\SYSTEM32\VERSION.dll
0x00000000765f0000 - 0x00000000766c2000 	C:\Program Files\Java\jdk1.8.0_91\jre\bin\msvcr100.dll
0x0000000076a70000 - 0x0000000077303000 	C:\Program Files\Java\jdk1.8.0_91\jre\bin\server\jvm.dll
0x00007ffc54a30000 - 0x00007ffc54a53000 	C:\WINDOWS\system32\WINMM.dll
0x00007ffc53f80000 - 0x00007ffc53fac000 	C:\WINDOWS\system32\WINMMBASE.dll
0x00007ffc54a60000 - 0x00007ffc54aa3000 	C:\WINDOWS\system32\cfgmgr32.dll
0x00007ffc57770000 - 0x00007ffc57778000 	C:\WINDOWS\system32\PSAPI.DLL
0x00007ffc478f0000 - 0x00007ffc478f9000 	C:\WINDOWS\SYSTEM32\WSOCK32.dll
0x00007ffc56b30000 - 0x00007ffc56b9b000 	C:\WINDOWS\system32\WS2_32.dll
0x0000000050010000 - 0x000000005001f000 	C:\Program Files\Java\jdk1.8.0_91\jre\bin\verify.dll
0x0000000077c50000 - 0x0000000077c79000 	C:\Program Files\Java\jdk1.8.0_91\jre\bin\java.dll
0x0000000076a50000 - 0x0000000076a66000 	C:\Program Files\Java\jdk1.8.0_91\jre\bin\zip.dll
0x00007ffc55400000 - 0x00007ffc5695c000 	C:\WINDOWS\system32\SHELL32.dll
0x00007ffc543e0000 - 0x00007ffc54a25000 	C:\WINDOWS\system32\windows.storage.dll
0x00007ffc54dd0000 - 0x00007ffc54e22000 	C:\WINDOWS\system32\shlwapi.dll
0x00007ffc53fb0000 - 0x00007ffc53fbf000 	C:\WINDOWS\system32\kernel.appcore.dll
0x00007ffc54d00000 - 0x00007ffc54db5000 	C:\WINDOWS\system32\shcore.dll
0x00007ffc54390000 - 0x00007ffc543db000 	C:\WINDOWS\system32\powrprof.dll
0x00007ffc53fd0000 - 0x00007ffc53fe4000 	C:\WINDOWS\system32\profapi.dll

VM Arguments:
jvm_args: -Djava.awt.headless=true -Xmx1024M -Dfile.encoding=GBK -Duser.country=CN -Duser.language=zh -Duser.variant 
java_command: com.android.dx.command.Main --dex --force-jumbo --num-threads=4 --multi-dex --output D:\andriod_projects\smartHome\app\build\intermediates\transforms\dex\debug\folders\1000\10\Java-WebSocket-1.3.0_3b7652afc2573475564f9d68811adcc17162eb55 C:\Users\zhiwu_000\.gradle\caches\modules-2\files-2.1\org.java-websocket\Java-WebSocket\1.3.0\db2658f013fb163de4a99274c2eb9e17efe535d2\Java-WebSocket-1.3.0.jar
java_class_path (initial): D:\android\android_SDK\build-tools\23.0.3\lib\dx.jar
Launcher Type: SUN_STANDARD

Environment Variables:
JAVA_HOME=C:\Program Files (x86)\Java\jdk1.8.0_31
CLASSPATH=C:\Program Files (x86)\Java\jdk1.8.0_31\lib;C:\Program Files (x86)\Java\jdk1.8.0_31\lib\tools.jar;D:\andriod environment\adt-bundle-windows-x86-20131030\eclipse\plugins\org.apache.ant_1.8.3.v201301120609\lib;
PATH=C:\PROGRA~1\PTC\MKSTOO~1\bin64;C:\PROGRA~1\PTC\MKSTOO~1\bin;C:\PROGRA~1\PTC\MKSTOO~1\bin\X11;C:\PROGRA~1\PTC\MKSTOO~1\mksnt;C:\ProgramData\Oracle\Java\javapath;C:\Program Files (x86)\Intel\iCLS Client\;C:\Program Files\Intel\iCLS Client\;C:\Program Files (x86)\NVIDIA Corporation\PhysX\Common;C:\WINDOWS\system32;C:\WINDOWS;C:\WINDOWS\System32\Wbem;C:\WINDOWS\System32\WindowsPowerShell\v1.0\;C:\Program Files\Intel\Intel(R) Management Engine Components\DAL;C:\Program Files\Intel\Intel(R) Management Engine Components\IPT;C:\Program Files (x86)\Intel\Intel(R) Management Engine Components\DAL;C:\Program Files (x86)\Intel\Intel(R) Management Engine Components\IPT;C:\Program Files (x86)\Java\jdk1.8.0_31\bin;C:\Program Files (x86)\Java\jdk1.8.0_31\jre\bin;D:\andriod environment\adt-bundle-windows-x86-20131030\sdk\tools;D:\andriod environment\adt-bundle-windows-x86-20131030\sdk\platform-tools;D:\andriod environment\adt-bundle-windows-x86-20131030\eclipse\plugins\org.apache.ant_1.8.3.v201301120609\bin;C:\Program Files\nodejs\;D:\Git\cmd;D:\HMA! Pro VPN\bin
USERNAME=freedom
DISPLAY=:0.0
OS=Windows_NT
PROCESSOR_IDENTIFIER=Intel64 Family 6 Model 60 Stepping 3, GenuineIntel



---------------  S Y S T E M  ---------------

OS: Windows 10.0 , 64 bit Build 10586 (10.0.10586.589)

CPU:total 4 (2 cores per cpu, 2 threads per core) family 6 model 60 stepping 3, cmov, cx8, fxsr, mmx, sse, sse2, sse3, ssse3, sse4.1, sse4.2, popcnt, avx, avx2, aes, clmul, erms, lzcnt, ht, tsc, tscinvbit, bmi1, bmi2

Memory: 4k page, physical 4112564k(611532k free), swap 5685428k(3304k free)

vm_info: Java HotSpot(TM) 64-Bit Server VM (25.91-b14) for windows-amd64 JRE (1.8.0_91-b14), built on Apr  1 2016 00:58:32 by "java_re" with MS VC++ 10.0 (VS2010)

time: Mon Sep 26 23:09:32 2016
elapsed time: 2 seconds (0d 0h 0m 2s)

