#
# There is insufficient memory for the Java Runtime Environment to continue.
# Native memory allocation (malloc) failed to allocate 32744 bytes for ChunkPool::allocate
# Possible reasons:
#   The system is out of physical RAM or swap space
#   In 32 bit mode, the process size limit was hit
# Possible solutions:
#   Reduce memory load on the system
#   Increase physical memory or swap space
#   Check if swap backing store is full
#   Use 64 bit Java on a 64 bit OS
#   Decrease Java heap size (-Xmx/-Xms)
#   Decrease number of Java threads
#   Decrease Java thread stack sizes (-Xss)
#   Set larger code cache with -XX:ReservedCodeCacheSize=
# This output file may be truncated or incomplete.
#
#  Out of Memory Error (allocation.cpp:273), pid=1268, tid=8656
#
# JRE version: Java(TM) SE Runtime Environment (8.0_91-b14) (build 1.8.0_91-b14)
# Java VM: Java HotSpot(TM) 64-Bit Server VM (25.91-b14 mixed mode windows-amd64 compressed oops)
# Failed to write core dump. Minidumps are not enabled by default on client versions of Windows
#

---------------  T H R E A D  ---------------

Current thread (0x000000001629a800):  JavaThread "C1 CompilerThread2" daemon [_thread_in_native, id=8656, stack(0x0000000016a40000,0x0000000016b40000)]

Stack: [0x0000000016a40000,0x0000000016b40000]
[error occurred during error reporting (printing stack bounds), id 0xc0000005]

Native frames: (J=compiled Java code, j=interpreted, Vv=VM code, C=native code)


Current CompileTask:
C1:   1436  187   !   3       com.android.dx.cf.cst.ConstantPoolParser::parse0 (731 bytes)


---------------  P R O C E S S  ---------------

Java Threads: ( => current thread )
  0x00000000163dd000 JavaThread "pool-1-thread-2" [_thread_blocked, id=6572, stack(0x0000000016f40000,0x0000000017040000)]
  0x00000000163d8800 JavaThread "pool-2-thread-1" [_thread_in_native, id=2696, stack(0x0000000016e40000,0x0000000016f40000)]
  0x00000000163d5800 JavaThread "pool-1-thread-1" [_thread_in_vm, id=6948, stack(0x0000000016d40000,0x0000000016e40000)]
  0x000000001629c800 JavaThread "Service Thread" daemon [_thread_blocked, id=368, stack(0x0000000016b40000,0x0000000016c40000)]
=>0x000000001629a800 JavaThread "C1 CompilerThread2" daemon [_thread_in_native, id=8656, stack(0x0000000016a40000,0x0000000016b40000)]
  0x0000000016296800 JavaThread "C2 CompilerThread1" daemon [_thread_blocked, id=7504, stack(0x0000000016940000,0x0000000016a40000)]
  0x0000000014f4c000 JavaThread "C2 CompilerThread0" daemon [_thread_blocked, id=9172, stack(0x0000000016840000,0x0000000016940000)]
  0x0000000014f49800 JavaThread "Attach Listener" daemon [_thread_blocked, id=7664, stack(0x0000000016740000,0x0000000016840000)]
  0x0000000016248800 JavaThread "Signal Dispatcher" daemon [_thread_blocked, id=1700, stack(0x0000000016640000,0x0000000016740000)]
  0x0000000014eda800 JavaThread "Finalizer" daemon [_thread_blocked, id=8220, stack(0x0000000016140000,0x0000000016240000)]
  0x0000000002810000 JavaThread "Reference Handler" daemon [_thread_blocked, id=7424, stack(0x0000000016040000,0x0000000016140000)]
  0x000000000271e800 JavaThread "main" [_thread_in_native, id=10156, stack(0x0000000002600000,0x0000000002700000)]

Other Threads:
  0x0000000014eb7800 VMThread [stack: 0x0000000015f40000,0x0000000016040000] [id=8412]
  0x00000000162b4800 WatcherThread [stack: 0x0000000016c40000,0x0000000016d40000] [id=444]

VM state:not at safepoint (normal execution)

VM Mutex/Monitor currently owned by a thread: None

Heap:
 PSYoungGen      total 18944K, used 5247K [0x00000000eab00000, 0x00000000ec000000, 0x0000000100000000)
  eden space 16384K, 32% used [0x00000000eab00000,0x00000000eb01ff30,0x00000000ebb00000)
  from space 2560K, 0% used [0x00000000ebd80000,0x00000000ebd80000,0x00000000ec000000)
  to   space 2560K, 0% used [0x00000000ebb00000,0x00000000ebb00000,0x00000000ebd80000)
 ParOldGen       total 44032K, used 0K [0x00000000c0000000, 0x00000000c2b00000, 0x00000000eab00000)
  object space 44032K, 0% used [0x00000000c0000000,0x00000000c0000000,0x00000000c2b00000)
 Metaspace       used 3957K, capacity 5104K, committed 5376K, reserved 1056768K
  class space    used 443K, capacity 488K, committed 512K, reserved 1048576K

Card table byte_map: [0x0000000011be0000,0x0000000011df0000] byte_map_base: 0x00000000115e0000

Marking Bits: (ParMarkBitMap*) 0x000000006c1c2f70
 Begin Bits: [0x0000000012350000, 0x0000000013350000)
 End Bits:   [0x0000000013350000, 0x0000000014350000)

Polling page: 0x0000000000a70000

CodeCache: size=245760Kb used=1433Kb max_used=1445Kb free=244326Kb
 bounds [0x0000000002820000, 0x0000000002a90000, 0x0000000011820000]
 total_blobs=446 nmethods=187 adapters=172
 compilation: enabled

Compilation events (10 events):
Event: 1.430 Thread 0x000000001629a800 nmethod 183 0x0000000002982590 code [0x00000000029826e0, 0x0000000002982830]
Event: 1.430 Thread 0x000000001629a800  182       3       java.util.zip.InflaterInputStream::ensureOpen (18 bytes)
Event: 1.430 Thread 0x000000001629a800 nmethod 182 0x00000000029820d0 code [0x0000000002982240, 0x00000000029824a8]
Event: 1.430 Thread 0x000000001629a800  184       3       com.android.dx.util.MutabilityControl::throwIfImmutable (18 bytes)
Event: 1.430 Thread 0x000000001629a800 nmethod 184 0x0000000002984e50 code [0x0000000002984fc0, 0x0000000002985228]
Event: 1.430 Thread 0x000000001629a800  186   !   3       com.android.dx.rop.cst.StdConstantPool::getOrNull (13 bytes)
Event: 1.431 Thread 0x000000001629a800 nmethod 186 0x0000000002985310 code [0x0000000002985500, 0x0000000002985e08]
Event: 1.431 Thread 0x000000001629a800  187   !   3       com.android.dx.cf.cst.ConstantPoolParser::parse0 (731 bytes)
Event: 1.433 Thread 0x0000000016296800  189       4       java.util.concurrent.ConcurrentHashMap::setTabAt (19 bytes)
Event: 1.434 Thread 0x0000000016296800 nmethod 189 0x0000000002989610 code [0x0000000002989740, 0x00000000029897b8]

GC Heap History (0 events):
No events

Deoptimization events (0 events):
No events

Internal exceptions (2 events):
Event: 0.256 Thread 0x000000000271e800 Exception <a 'java/lang/NoSuchMethodError': Method sun.misc.Unsafe.defineClass(Ljava/lang/String;[BII)Ljava/lang/Class; name or signature does not match> (0x00000000eab07cc0) thrown at [C:\re\workspace\8-2-build-windows-amd64-cygwin\jdk8u91\6644\hotspot\sr’ÿ =ae–?
Event: 0.256 Thread 0x000000000271e800 Exception <a 'java/lang/NoSuchMethodError': Method sun.misc.Unsafe.prefetchRead(Ljava/lang/Object;J)V name or signature does not match> (0x00000000eab07fa8) thrown at [C:\re\workspace\8-2-build-windows-amd64-cygwin\jdk8u91\6644\hotspot\src\share\vm\prims\j

Events (10 events):
Event: 1.431 loading class com/android/dx/cf/iface/StdField done
Event: 1.431 loading class com/android/dx/cf/attrib/AttSignature
Event: 1.431 loading class com/android/dx/cf/attrib/AttSignature done
Event: 1.432 loading class com/android/dx/cf/direct/DirectClassFile$DcfTypeList
Event: 1.432 loading class com/android/dx/cf/direct/DirectClassFile$DcfTypeList done
Event: 1.432 loading class com/android/dx/dex/cf/CfTranslator
Event: 1.432 loading class com/android/dx/dex/cf/CfTranslator done
Event: 1.432 loading class com/android/dx/cf/attrib/AttExceptions
Event: 1.432 loading class com/android/dx/cf/attrib/AttExceptions done
Event: 1.433 loading class java/util/concurrent/locks/LockSupport


Dynamic libraries:
0x00007ff663b30000 - 0x00007ff663b67000 	C:\Program Files\Java\jdk1.8.0_91\bin\java.exe
0x00007ffe43d00000 - 0x00007ffe43ed1000 	C:\WINDOWS\SYSTEM32\ntdll.dll
0x00007ffe41170000 - 0x00007ffe4121b000 	C:\WINDOWS\System32\KERNEL32.DLL
0x00007ffe40720000 - 0x00007ffe4093d000 	C:\WINDOWS\System32\KERNELBASE.dll
0x00007ffe42e40000 - 0x00007ffe42ee2000 	C:\WINDOWS\System32\ADVAPI32.dll
0x00007ffe429a0000 - 0x00007ffe42a3e000 	C:\WINDOWS\System32\msvcrt.dll
0x00007ffe435e0000 - 0x00007ffe43639000 	C:\WINDOWS\System32\sechost.dll
0x00007ffe434b0000 - 0x00007ffe435d1000 	C:\WINDOWS\System32\RPCRT4.dll
0x00007ffe43720000 - 0x00007ffe43885000 	C:\WINDOWS\System32\USER32.dll
0x00007ffe40370000 - 0x00007ffe4038e000 	C:\WINDOWS\System32\win32u.dll
0x00007ffe43400000 - 0x00007ffe43434000 	C:\WINDOWS\System32\GDI32.dll
0x00007ffe404e0000 - 0x00007ffe40662000 	C:\WINDOWS\System32\gdi32full.dll
0x00007ffe36090000 - 0x00007ffe36309000 	C:\WINDOWS\WinSxS\amd64_microsoft.windows.common-controls_6595b64144ccf1df_6.0.14393.0_none_2d0f50fcbdb171b8\COMCTL32.dll
0x00007ffe43a30000 - 0x00007ffe43cf7000 	C:\WINDOWS\System32\combase.dll
0x00007ffe40390000 - 0x00007ffe40485000 	C:\WINDOWS\System32\ucrtbase.dll
0x00007ffe3ffa0000 - 0x00007ffe4000a000 	C:\WINDOWS\System32\bcryptPrimitives.dll
0x00007ffe43640000 - 0x00007ffe4366e000 	C:\WINDOWS\System32\IMM32.DLL
0x000000006d5b0000 - 0x000000006d682000 	C:\Program Files\Java\jdk1.8.0_91\jre\bin\msvcr100.dll
0x000000006b9b0000 - 0x000000006c243000 	C:\Program Files\Java\jdk1.8.0_91\jre\bin\server\jvm.dll
0x00007ffe40230000 - 0x00007ffe40253000 	C:\WINDOWS\System32\WINMM.dll
0x00007ffe3ff40000 - 0x00007ffe3ff6b000 	C:\WINDOWS\System32\WINMMBASE.dll
0x00007ffe40490000 - 0x00007ffe404d2000 	C:\WINDOWS\System32\cfgmgr32.dll
0x00007ffe42e30000 - 0x00007ffe42e38000 	C:\WINDOWS\System32\PSAPI.DLL
0x00007ffe2d640000 - 0x00007ffe2d649000 	C:\WINDOWS\SYSTEM32\WSOCK32.dll
0x00007ffe413c0000 - 0x00007ffe4142a000 	C:\WINDOWS\System32\WS2_32.dll
0x00007ffe38970000 - 0x00007ffe3897a000 	C:\WINDOWS\SYSTEM32\VERSION.dll
0x000000006d5a0000 - 0x000000006d5af000 	C:\Program Files\Java\jdk1.8.0_91\jre\bin\verify.dll
0x000000006d570000 - 0x000000006d599000 	C:\Program Files\Java\jdk1.8.0_91\jre\bin\java.dll
0x000000006d550000 - 0x000000006d566000 	C:\Program Files\Java\jdk1.8.0_91\jre\bin\zip.dll
0x00007ffe41430000 - 0x00007ffe42938000 	C:\WINDOWS\System32\SHELL32.dll
0x00007ffe409f0000 - 0x00007ffe410ca000 	C:\WINDOWS\System32\windows.storage.dll
0x00007ffe40010000 - 0x00007ffe4005c000 	C:\WINDOWS\System32\powrprof.dll
0x00007ffe439d0000 - 0x00007ffe43a22000 	C:\WINDOWS\System32\shlwapi.dll
0x00007ffe3ff90000 - 0x00007ffe3ff9f000 	C:\WINDOWS\System32\kernel.appcore.dll
0x00007ffe40260000 - 0x00007ffe40309000 	C:\WINDOWS\System32\shcore.dll
0x00007ffe3ff70000 - 0x00007ffe3ff84000 	C:\WINDOWS\System32\profapi.dll

VM Arguments:
jvm_args: -Djava.awt.headless=true -Xmx1024M -Dfile.encoding=GBK -Duser.country=CN -Duser.language=zh -Duser.variant 
java_command: com.android.dx.command.Main --dex --force-jumbo --num-threads=4 --output D:\andriod_projects\smartHome\app\build\intermediates\pre-dexed\debug\socket.io-client-0.3.0_29bebfd08f9be0972274c19ed97473d617452899.jar C:\Users\zhiwu_000\.gradle\caches\modules-2\files-2.1\com.github.nkzawa\socket.io-client\0.3.0\8dfd7cf8d1124acb027b3ffd53eafcc518af3ba9\socket.io-client-0.3.0.jar
java_class_path (initial): D:\android\android_SDK\build-tools\23.0.3\lib\dx.jar
Launcher Type: SUN_STANDARD

Environment Variables:
JAVA_HOME=C:\Program Files (x86)\Java\jdk1.8.0_31
CLASSPATH=C:\Program Files (x86)\Java\jdk1.8.0_31\lib;C:\Program Files (x86)\Java\jdk1.8.0_31\lib\tools.jar;D:\andriod environment\adt-bundle-windows-x86-20131030\eclipse\plugins\org.apache.ant_1.8.3.v201301120609\lib;
PATH=C:\PROGRA~1\PTC\MKSTOO~1\bin64;C:\PROGRA~1\PTC\MKSTOO~1\bin;C:\PROGRA~1\PTC\MKSTOO~1\bin\X11;C:\PROGRA~1\PTC\MKSTOO~1\mksnt;C:\ProgramData\Oracle\Java\javapath;C:\Program Files (x86)\Intel\iCLS Client\;C:\Program Files\Intel\iCLS Client\;C:\Program Files (x86)\NVIDIA Corporation\PhysX\Common;C:\WINDOWS\system32;C:\WINDOWS;C:\WINDOWS\System32\Wbem;C:\WINDOWS\System32\WindowsPowerShell\v1.0\;C:\Program Files\Intel\Intel(R) Management Engine Components\DAL;C:\Program Files\Intel\Intel(R) Management Engine Components\IPT;C:\Program Files (x86)\Intel\Intel(R) Management Engine Components\DAL;C:\Program Files (x86)\Intel\Intel(R) Management Engine Components\IPT;C:\Program Files (x86)\Java\jdk1.8.0_31\bin;C:\Program Files (x86)\Java\jdk1.8.0_31\jre\bin;D:\andriod environment\adt-bundle-windows-x86-20131030\sdk\tools;D:\andriod environment\adt-bundle-windows-x86-20131030\sdk\platform-tools;D:\andriod environment\adt-bundle-windows-x86-20131030\eclipse\plugins\org.apache.ant_1.8.3.v201301120609\bin;C:\Program Files\nodejs\;D:\Git\cmd;D:\HMA! Pro VPN\bin;C:\Users\zhiwu_000\AppData\Local\Microsoft\WindowsApps;
USERNAME=freedom
DISPLAY=:0.0
OS=Windows_NT
PROCESSOR_IDENTIFIER=Intel64 Family 6 Model 60 Stepping 3, GenuineIntel



---------------  S Y S T E M  ---------------

OS: Windows 10.0 , 64 bit Build 14393 (10.0.14393.0)

CPU:total 4 (2 cores per cpu, 2 threads per core) family 6 model 60 stepping 3, cmov, cx8, fxsr, mmx, sse, sse2, sse3, ssse3, sse4.1, sse4.2, popcnt, avx, avx2, aes, clmul, erms, lzcnt, ht, tsc, tscinvbit, bmi1, bmi2

Memory: 4k page, physical 4112564k(603632k free), swap 5685428k(5000k free)

vm_info: Java HotSpot(TM) 64-Bit Server VM (25.91-b14) for windows-amd64 JRE (1.8.0_91-b14), built on Apr  1 2016 00:58:32 by "java_re" with MS VC++ 10.0 (VS2010)

time: Tue Oct 04 13:20:47 2016
elapsed time: 1 seconds (0d 0h 0m 1s)

