#
# There is insufficient memory for the Java Runtime Environment to continue.
# Native memory allocation (malloc) failed to allocate 32744 bytes for ChunkPool::allocate
# Possible reasons:
#   The system is out of physical RAM or swap space
#   In 32 bit mode, the process size limit was hit
# Possible solutions:
#   Reduce memory load on the system
#   Increase physical memory or swap space
#   Check if swap backing store is full
#   Use 64 bit Java on a 64 bit OS
#   Decrease Java heap size (-Xmx/-Xms)
#   Decrease number of Java threads
#   Decrease Java thread stack sizes (-Xss)
#   Set larger code cache with -XX:ReservedCodeCacheSize=
# This output file may be truncated or incomplete.
#
#  Out of Memory Error (allocation.cpp:273), pid=5376, tid=5960
#
# JRE version: Java(TM) SE Runtime Environment (8.0_91-b14) (build 1.8.0_91-b14)
# Java VM: Java HotSpot(TM) 64-Bit Server VM (25.91-b14 mixed mode windows-amd64 compressed oops)
# Failed to write core dump. Minidumps are not enabled by default on client versions of Windows
#

---------------  T H R E A D  ---------------

Current thread (0x0000000016e2c000):  JavaThread "C1 CompilerThread2" daemon [_thread_in_native, id=5960, stack(0x0000000017620000,0x0000000017720000)]

Stack: [0x0000000017620000,0x0000000017720000]
[error occurred during error reporting (printing stack bounds), id 0xc0000005]

Native frames: (J=compiled Java code, j=interpreted, Vv=VM code, C=native code)


Current CompileTask:
C1:   1180  560   !   3       com.android.dx.cf.code.BytecodeArray::parseInstruction (2764 bytes)


---------------  P R O C E S S  ---------------

Java Threads: ( => current thread )
  0x000000001707a000 JavaThread "pool-2-thread-4" [_thread_blocked, id=8596, stack(0x0000000017d20000,0x0000000017e20000)]
  0x0000000017079000 JavaThread "pool-2-thread-3" [_thread_blocked, id=9580, stack(0x0000000017c20000,0x0000000017d20000)]
  0x0000000017077000 JavaThread "pool-2-thread-2" [_thread_blocked, id=5032, stack(0x0000000017b20000,0x0000000017c20000)]
  0x0000000016fb0800 JavaThread "pool-3-thread-1" [_thread_blocked, id=8552, stack(0x0000000017a20000,0x0000000017b20000)]
  0x0000000016fa9800 JavaThread "pool-2-thread-1" [_thread_in_vm, id=4252, stack(0x0000000017920000,0x0000000017a20000)]
  0x0000000016e8d000 JavaThread "Service Thread" daemon [_thread_blocked, id=848, stack(0x0000000017720000,0x0000000017820000)]
=>0x0000000016e2c000 JavaThread "C1 CompilerThread2" daemon [_thread_in_native, id=5960, stack(0x0000000017620000,0x0000000017720000)]
  0x0000000016e29000 JavaThread "C2 CompilerThread1" daemon [_thread_in_native, id=8544, stack(0x0000000017520000,0x0000000017620000)]
  0x0000000015acc800 JavaThread "C2 CompilerThread0" daemon [_thread_in_native, id=2296, stack(0x0000000017420000,0x0000000017520000)]
  0x0000000015aca000 JavaThread "Attach Listener" daemon [_thread_blocked, id=3416, stack(0x0000000017320000,0x0000000017420000)]
  0x0000000015a80000 JavaThread "Signal Dispatcher" daemon [_thread_blocked, id=9340, stack(0x0000000017220000,0x0000000017320000)]
  0x000000000339a800 JavaThread "Finalizer" daemon [_thread_blocked, id=8652, stack(0x0000000016cc0000,0x0000000016dc0000)]
  0x0000000003390000 JavaThread "Reference Handler" daemon [_thread_blocked, id=9264, stack(0x0000000016bc0000,0x0000000016cc0000)]
  0x000000000157e000 JavaThread "main" [_thread_blocked, id=5544, stack(0x00000000031a0000,0x00000000032a0000)]

Other Threads:
  0x0000000015a37800 VMThread [stack: 0x0000000016ac0000,0x0000000016bc0000] [id=4672]
  0x0000000016ece800 WatcherThread [stack: 0x0000000017820000,0x0000000017920000] [id=2756]

VM state:not at safepoint (normal execution)

VM Mutex/Monitor currently owned by a thread:  ([mutex/lock_event])
[0x00000000032a0350] MethodData_lock - owner thread: 0x0000000016fa9800

Heap:
 PSYoungGen      total 18944K, used 12164K [0x00000000eab00000, 0x00000000ec000000, 0x0000000100000000)
  eden space 16384K, 74% used [0x00000000eab00000,0x00000000eb6e1060,0x00000000ebb00000)
  from space 2560K, 0% used [0x00000000ebd80000,0x00000000ebd80000,0x00000000ec000000)
  to   space 2560K, 0% used [0x00000000ebb00000,0x00000000ebb00000,0x00000000ebd80000)
 ParOldGen       total 44032K, used 0K [0x00000000c0000000, 0x00000000c2b00000, 0x00000000eab00000)
  object space 44032K, 0% used [0x00000000c0000000,0x00000000c0000000,0x00000000c2b00000)
 Metaspace       used 5462K, capacity 6576K, committed 6784K, reserved 1056768K
  class space    used 579K, capacity 616K, committed 640K, reserved 1048576K

Card table byte_map: [0x0000000012760000,0x0000000012970000] byte_map_base: 0x0000000012160000

Marking Bits: (ParMarkBitMap*) 0x000000005b2d2f70
 Begin Bits: [0x0000000012ed0000, 0x0000000013ed0000)
 End Bits:   [0x0000000013ed0000, 0x0000000014ed0000)

Polling page: 0x0000000001580000

CodeCache: size=245760Kb used=2288Kb max_used=2299Kb free=243471Kb
 bounds [0x00000000033a0000, 0x0000000003610000, 0x00000000123a0000]
 total_blobs=829 nmethods=566 adapters=176
 compilation: enabled

Compilation events (10 events):
Event: 1.125 Thread 0x0000000016e2c000  558       3       com.android.dx.util.LabeledList::addLabelIndex (43 bytes)
Event: 1.125 Thread 0x0000000016e2c000 nmethod 558 0x00000000035d8790 code [0x00000000035d8920, 0x00000000035d8d78]
Event: 1.125 Thread 0x0000000016e2c000  556       3       com.android.dx.cf.code.BasicBlocker::visitCommon (34 bytes)
Event: 1.125 Thread 0x0000000016e29000 nmethod 555 0x00000000035dbb90 code [0x00000000035dbcc0, 0x00000000035dbd58]
Event: 1.126 Thread 0x0000000016e2c000 nmethod 556 0x00000000035db0d0 code [0x00000000035db280, 0x00000000035db790]
Event: 1.126 Thread 0x0000000016e2c000  557       3       com.android.dx.util.LabeledList::set (45 bytes)
Event: 1.126 Thread 0x0000000016e2c000 nmethod 557 0x00000000035d9950 code [0x00000000035d9b80, 0x00000000035da8e8]
Event: 1.126 Thread 0x0000000016e2c000  565       3       com.android.dx.util.IntList::binarysearch (124 bytes)
Event: 1.127 Thread 0x0000000016e2c000 nmethod 565 0x00000000035d9050 code [0x00000000035d91e0, 0x00000000035d9690]
Event: 1.127 Thread 0x0000000016e2c000  560   !   3       com.android.dx.cf.code.BytecodeArray::parseInstruction (2764 bytes)

GC Heap History (0 events):
No events

Deoptimization events (10 events):
Event: 0.801 Thread 0x0000000016fa9800 Uncommon trap: reason=unstable_if action=reinterpret pc=0x00000000035511f8 method=com.android.dx.rop.cst.CstMemberRef.compareTo0(Lcom/android/dx/rop/cst/Constant;)I @ 18
Event: 0.967 Thread 0x0000000017079000 Uncommon trap: reason=speculate_class_check action=maybe_recompile pc=0x00000000035647b0 method=com.android.dx.rop.cst.Constant.compareTo(Lcom/android/dx/rop/cst/Constant;)I @ 29
Event: 0.967 Thread 0x0000000017079000 Uncommon trap: reason=speculate_class_check action=maybe_recompile pc=0x00000000035647b0 method=com.android.dx.rop.cst.Constant.compareTo(Lcom/android/dx/rop/cst/Constant;)I @ 29
Event: 0.968 Thread 0x0000000017079000 Uncommon trap: reason=speculate_class_check action=maybe_recompile pc=0x00000000035647b0 method=com.android.dx.rop.cst.Constant.compareTo(Lcom/android/dx/rop/cst/Constant;)I @ 29
Event: 0.968 Thread 0x0000000017079000 Uncommon trap: reason=speculate_class_check action=maybe_recompile pc=0x00000000035647b0 method=com.android.dx.rop.cst.Constant.compareTo(Lcom/android/dx/rop/cst/Constant;)I @ 29
Event: 1.124 Thread 0x000000001707a000 Uncommon trap: reason=class_check action=maybe_recompile pc=0x00000000035864b4 method=com.android.dx.rop.cst.CstMemberRef.compareTo0(Lcom/android/dx/rop/cst/Constant;)I @ 1
Event: 1.124 Thread 0x0000000017079000 Uncommon trap: reason=class_check action=maybe_recompile pc=0x00000000035864b4 method=com.android.dx.rop.cst.CstMemberRef.compareTo0(Lcom/android/dx/rop/cst/Constant;)I @ 1
Event: 1.124 Thread 0x0000000017079000 Uncommon trap: reason=class_check action=maybe_recompile pc=0x00000000035864b4 method=com.android.dx.rop.cst.CstMemberRef.compareTo0(Lcom/android/dx/rop/cst/Constant;)I @ 1
Event: 1.124 Thread 0x0000000017077000 Uncommon trap: reason=class_check action=maybe_recompile pc=0x00000000035864b4 method=com.android.dx.rop.cst.CstMemberRef.compareTo0(Lcom/android/dx/rop/cst/Constant;)I @ 1
Event: 1.131 Thread 0x0000000016fa9800 Uncommon trap: reason=unstable_if action=reinterpret pc=0x00000000035b1000 method=java.util.HashMap.getNode(ILjava/lang/Object;)Ljava/util/HashMap$Node; @ 62

Internal exceptions (2 events):
Event: 0.206 Thread 0x000000000157e000 Exception <a 'java/lang/NoSuchMethodError': Method sun.misc.Unsafe.defineClass(Ljava/lang/String;[BII)Ljava/lang/Class; name or signature does not match> (0x00000000eab07cc0) thrown at [C:\re\workspace\8-2-build-windows-amd64-cygwin\jdk8u91\6644\hotspot\srhã#G’l ?
Event: 0.206 Thread 0x000000000157e000 Exception <a 'java/lang/NoSuchMethodError': Method sun.misc.Unsafe.prefetchRead(Ljava/lang/Object;J)V name or signature does not match> (0x00000000eab07fa8) thrown at [C:\re\workspace\8-2-build-windows-amd64-cygwin\jdk8u91\6644\hotspot\src\share\vm\prims\j

Events (10 events):
Event: 1.124 Thread 0x0000000017077000 DEOPT UNPACKING pc=0x00000000033e582a sp=0x0000000017c1ef88 mode 2
Event: 1.124 loading class com/android/dx/cf/code/SwitchList
Event: 1.124 loading class com/android/dx/cf/code/SwitchList done
Event: 1.131 Thread 0x0000000016fa9800 Uncommon trap: trap_request=0xffffff65 fr.pc=0x00000000035b1000
Event: 1.131 Thread 0x0000000016fa9800 DEOPT PACKING pc=0x00000000035b1000 sp=0x0000000017a1e3e0
Event: 1.131 Thread 0x0000000016fa9800 DEOPT UNPACKING pc=0x00000000033e582a sp=0x0000000017a1e358 mode 2
Event: 1.134 loading class com/android/dx/ssa/back/FirstFitLocalCombiningAllocator$Multiset
Event: 1.134 loading class com/android/dx/ssa/back/FirstFitLocalCombiningAllocator$Multiset done
Event: 1.136 loading class java/util/DualPivotQuicksort
Event: 1.136 loading class java/util/DualPivotQuicksort done


Dynamic libraries:
0x00007ff6510e0000 - 0x00007ff651117000 	C:\Program Files\Java\jdk1.8.0_91\bin\java.exe
0x00007fffc0830000 - 0x00007fffc09f1000 	C:\WINDOWS\SYSTEM32\ntdll.dll
0x00007fffc0770000 - 0x00007fffc081d000 	C:\WINDOWS\system32\KERNEL32.DLL
0x00007fffbcee0000 - 0x00007fffbd0c8000 	C:\WINDOWS\system32\KERNELBASE.dll
0x00007fffbdf70000 - 0x00007fffbe017000 	C:\WINDOWS\system32\ADVAPI32.dll
0x00007fffbe460000 - 0x00007fffbe4fd000 	C:\WINDOWS\system32\msvcrt.dll
0x00007fffbfe00000 - 0x00007fffbfe5b000 	C:\WINDOWS\system32\sechost.dll
0x00007fffc0430000 - 0x00007fffc054c000 	C:\WINDOWS\system32\RPCRT4.dll
0x00007fffc0050000 - 0x00007fffc01a6000 	C:\WINDOWS\system32\USER32.dll
0x00007fffbdd80000 - 0x00007fffbdf06000 	C:\WINDOWS\system32\GDI32.dll
0x00007fffb9680000 - 0x00007fffb98f4000 	C:\WINDOWS\WinSxS\amd64_microsoft.windows.common-controls_6595b64144ccf1df_6.0.10586.0_none_8c15ae12515e1c22\COMCTL32.dll
0x00007fffbfb80000 - 0x00007fffbfdfd000 	C:\WINDOWS\system32\combase.dll
0x00007fffbd0d0000 - 0x00007fffbd13a000 	C:\WINDOWS\system32\bcryptPrimitives.dll
0x00007fffc0010000 - 0x00007fffc004b000 	C:\WINDOWS\system32\IMM32.DLL
0x00007fffbcb10000 - 0x00007fffbcb41000 	C:\Windows\system32\nvinitx.dll
0x00007fffbcb00000 - 0x00007fffbcb0a000 	C:\WINDOWS\SYSTEM32\VERSION.dll
0x000000005a810000 - 0x000000005a8e2000 	C:\Program Files\Java\jdk1.8.0_91\jre\bin\msvcr100.dll
0x000000005aac0000 - 0x000000005b353000 	C:\Program Files\Java\jdk1.8.0_91\jre\bin\server\jvm.dll
0x00007fffbceb0000 - 0x00007fffbced3000 	C:\WINDOWS\system32\WINMM.dll
0x00007fffbcc20000 - 0x00007fffbcc4c000 	C:\WINDOWS\system32\WINMMBASE.dll
0x00007fffbcd90000 - 0x00007fffbcdd3000 	C:\WINDOWS\system32\cfgmgr32.dll
0x00007fffc0310000 - 0x00007fffc0318000 	C:\WINDOWS\system32\PSAPI.DLL
0x00007fffb4570000 - 0x00007fffb4579000 	C:\WINDOWS\SYSTEM32\WSOCK32.dll
0x00007fffc0700000 - 0x00007fffc076b000 	C:\WINDOWS\system32\WS2_32.dll
0x000000005be80000 - 0x000000005be8f000 	C:\Program Files\Java\jdk1.8.0_91\jre\bin\verify.dll
0x000000005be50000 - 0x000000005be79000 	C:\Program Files\Java\jdk1.8.0_91\jre\bin\java.dll
0x000000005be30000 - 0x000000005be46000 	C:\Program Files\Java\jdk1.8.0_91\jre\bin\zip.dll
0x00007fffbe620000 - 0x00007fffbfb7c000 	C:\WINDOWS\system32\SHELL32.dll
0x00007fffbd420000 - 0x00007fffbda64000 	C:\WINDOWS\system32\windows.storage.dll
0x00007fffc06a0000 - 0x00007fffc06f2000 	C:\WINDOWS\system32\shlwapi.dll
0x00007fffbcc60000 - 0x00007fffbcc6f000 	C:\WINDOWS\system32\kernel.appcore.dll
0x00007fffbcde0000 - 0x00007fffbce95000 	C:\WINDOWS\system32\shcore.dll
0x00007fffbcd40000 - 0x00007fffbcd8b000 	C:\WINDOWS\system32\powrprof.dll
0x00007fffbcc70000 - 0x00007fffbcc84000 	C:\WINDOWS\system32\profapi.dll

VM Arguments:
jvm_args: -Djava.awt.headless=true -Xmx1024M -Dfile.encoding=GBK -Duser.country=CN -Duser.language=zh -Duser.variant 
java_command: com.android.dx.command.Main --dex --force-jumbo --num-threads=4 --multi-dex --output D:\andriod_projects\Smart_home\app\build\intermediates\transforms\dex\debug\folders\1000\5\slice_2 D:\andriod_projects\Smart_home\app\build\intermediates\transforms\instantRunSlicer\debug\folders\1\5\slice_2
java_class_path (initial): D:\android\android_SDK\build-tools\23.0.3\lib\dx.jar
Launcher Type: SUN_STANDARD

Environment Variables:
JAVA_HOME=C:\Program Files (x86)\Java\jdk1.8.0_31
CLASSPATH=C:\Program Files (x86)\Java\jdk1.8.0_31\lib;C:\Program Files (x86)\Java\jdk1.8.0_31\lib\tools.jar;D:\andriod environment\adt-bundle-windows-x86-20131030\eclipse\plugins\org.apache.ant_1.8.3.v201301120609\lib;
PATH=C:\PROGRA~1\PTC\MKSTOO~1\bin64;C:\PROGRA~1\PTC\MKSTOO~1\bin;C:\PROGRA~1\PTC\MKSTOO~1\bin\X11;C:\PROGRA~1\PTC\MKSTOO~1\mksnt;C:\ProgramData\Oracle\Java\javapath;C:\Program Files (x86)\Intel\iCLS Client\;C:\Program Files\Intel\iCLS Client\;C:\Program Files (x86)\NVIDIA Corporation\PhysX\Common;C:\WINDOWS\system32;C:\WINDOWS;C:\WINDOWS\System32\Wbem;C:\WINDOWS\System32\WindowsPowerShell\v1.0\;C:\Program Files\Intel\Intel(R) Management Engine Components\DAL;C:\Program Files\Intel\Intel(R) Management Engine Components\IPT;C:\Program Files (x86)\Intel\Intel(R) Management Engine Components\DAL;C:\Program Files (x86)\Intel\Intel(R) Management Engine Components\IPT;C:\Program Files (x86)\Java\jdk1.8.0_31\bin;C:\Program Files (x86)\Java\jdk1.8.0_31\jre\bin;D:\andriod environment\adt-bundle-windows-x86-20131030\sdk\tools;D:\andriod environment\adt-bundle-windows-x86-20131030\sdk\platform-tools;D:\andriod environment\adt-bundle-windows-x86-20131030\eclipse\plugins\org.apache.ant_1.8.3.v201301120609\bin;C:\Program Files\nodejs\;D:\HMA! Pro VPN\bin
USERNAME=freedom
DISPLAY=:0.0
OS=Windows_NT
PROCESSOR_IDENTIFIER=Intel64 Family 6 Model 60 Stepping 3, GenuineIntel



---------------  S Y S T E M  ---------------

OS: Windows 10.0 , 64 bit Build 10586 (10.0.10586.0)

CPU:total 4 (2 cores per cpu, 2 threads per core) family 6 model 60 stepping 3, cmov, cx8, fxsr, mmx, sse, sse2, sse3, ssse3, sse4.1, sse4.2, popcnt, avx, avx2, aes, clmul, erms, lzcnt, ht, tsc, tscinvbit, bmi1, bmi2

Memory: 4k page, physical 4112564k(462152k free), swap 5685428k(170016k free)

vm_info: Java HotSpot(TM) 64-Bit Server VM (25.91-b14) for windows-amd64 JRE (1.8.0_91-b14), built on Apr  1 2016 00:58:32 by "java_re" with MS VC++ 10.0 (VS2010)

time: Sat Jun 18 01:40:03 2016
elapsed time: 1 seconds (0d 0h 0m 1s)

