#
# There is insufficient memory for the Java Runtime Environment to continue.
# Native memory allocation (malloc) failed to allocate 65552 bytes for Chunk::new
# Possible reasons:
#   The system is out of physical RAM or swap space
#   In 32 bit mode, the process size limit was hit
# Possible solutions:
#   Reduce memory load on the system
#   Increase physical memory or swap space
#   Check if swap backing store is full
#   Use 64 bit Java on a 64 bit OS
#   Decrease Java heap size (-Xmx/-Xms)
#   Decrease number of Java threads
#   Decrease Java thread stack sizes (-Xss)
#   Set larger code cache with -XX:ReservedCodeCacheSize=
# This output file may be truncated or incomplete.
#
#  Out of Memory Error (allocation.cpp:390), pid=9756, tid=4980
#
# JRE version: Java(TM) SE Runtime Environment (8.0_91-b14) (build 1.8.0_91-b14)
# Java VM: Java HotSpot(TM) 64-Bit Server VM (25.91-b14 mixed mode windows-amd64 compressed oops)
# Failed to write core dump. Minidumps are not enabled by default on client versions of Windows
#

---------------  T H R E A D  ---------------

Current thread (0x0000000016d3a800):  JavaThread "C2 CompilerThread1" daemon [_thread_in_native, id=4980, stack(0x0000000017430000,0x0000000017530000)]

Stack: [0x0000000017430000,0x0000000017530000]
[error occurred during error reporting (printing stack bounds), id 0xc0000005]

Native frames: (J=compiled Java code, j=interpreted, Vv=VM code, C=native code)


Current CompileTask:
C2:   2914 1849       4       com.android.dx.ssa.SCCP::simulateBranch (666 bytes)


---------------  P R O C E S S  ---------------

Java Threads: ( => current thread )
  0x0000000017041000 JavaThread "pool-2-thread-4" [_thread_blocked, id=7480, stack(0x0000000018430000,0x0000000018530000)]
  0x0000000017040000 JavaThread "pool-2-thread-3" [_thread_blocked, id=10228, stack(0x0000000018330000,0x0000000018430000)]
  0x0000000016fd0800 JavaThread "pool-2-thread-2" [_thread_in_native, id=2248, stack(0x0000000018230000,0x0000000018330000)]
  0x000000001704d800 JavaThread "pool-3-thread-1" [_thread_blocked, id=5184, stack(0x0000000018130000,0x0000000018230000)]
  0x0000000016f86800 JavaThread "pool-2-thread-1" [_thread_blocked, id=8684, stack(0x0000000018030000,0x0000000018130000)]
  0x0000000016d4d000 JavaThread "Service Thread" daemon [_thread_blocked, id=6020, stack(0x0000000017630000,0x0000000017730000)]
  0x0000000016d3e000 JavaThread "C1 CompilerThread2" daemon [_thread_blocked, id=7628, stack(0x0000000017530000,0x0000000017630000)]
=>0x0000000016d3a800 JavaThread "C2 CompilerThread1" daemon [_thread_in_native, id=4980, stack(0x0000000017430000,0x0000000017530000)]
  0x0000000016d39000 JavaThread "C2 CompilerThread0" daemon [_thread_in_native, id=6280, stack(0x0000000017330000,0x0000000017430000)]
  0x0000000015981000 JavaThread "Attach Listener" daemon [_thread_blocked, id=3512, stack(0x0000000017230000,0x0000000017330000)]
  0x0000000015980800 JavaThread "Signal Dispatcher" daemon [_thread_blocked, id=5984, stack(0x0000000017130000,0x0000000017230000)]
  0x0000000015958800 JavaThread "Finalizer" daemon [_thread_blocked, id=6812, stack(0x0000000016bc0000,0x0000000016cc0000)]
  0x0000000003273800 JavaThread "Reference Handler" daemon [_thread_blocked, id=3700, stack(0x0000000016ac0000,0x0000000016bc0000)]
  0x0000000002d1e000 JavaThread "main" [_thread_blocked, id=10112, stack(0x0000000002d20000,0x0000000002e20000)]

Other Threads:
  0x0000000015937800 VMThread [stack: 0x00000000169c0000,0x0000000016ac0000] [id=10384]
  0x0000000016d51800 WatcherThread [stack: 0x0000000017730000,0x0000000017830000] [id=4972]

VM state:not at safepoint (normal execution)

VM Mutex/Monitor currently owned by a thread: None

Heap:
 PSYoungGen      total 68096K, used 4708K [0x00000000eab00000, 0x00000000ef000000, 0x0000000100000000)
  eden space 65536K, 7% used [0x00000000eab00000,0x00000000eaf991d8,0x00000000eeb00000)
  from space 2560K, 0% used [0x00000000eed80000,0x00000000eed80000,0x00000000ef000000)
  to   space 2560K, 0% used [0x00000000eeb00000,0x00000000eeb00000,0x00000000eed80000)
 ParOldGen       total 71680K, used 30932K [0x00000000c0000000, 0x00000000c4600000, 0x00000000eab00000)
  object space 71680K, 43% used [0x00000000c0000000,0x00000000c1e35250,0x00000000c4600000)
 Metaspace       used 6406K, capacity 7160K, committed 7296K, reserved 1056768K
  class space    used 601K, capacity 624K, committed 640K, reserved 1048576K

Card table byte_map: [0x0000000012640000,0x0000000012850000] byte_map_base: 0x0000000012040000

Marking Bits: (ParMarkBitMap*) 0x00000000727a2f70
 Begin Bits: [0x0000000012db0000, 0x0000000013db0000)
 End Bits:   [0x0000000013db0000, 0x0000000014db0000)

Polling page: 0x0000000002cf0000

CodeCache: size=245760Kb used=6909Kb max_used=6909Kb free=238850Kb
 bounds [0x0000000003280000, 0x0000000003950000, 0x0000000012280000]
 total_blobs=2085 nmethods=1814 adapters=183
 compilation: enabled

Compilation events (10 events):
Event: 2.378 Thread 0x0000000016d3e000 1861       2       com.android.dx.ssa.ConstCollector$1::compare (42 bytes)
Event: 2.378 Thread 0x0000000016d3e000 nmethod 1861 0x0000000003929d50 code [0x0000000003929f00, 0x000000000392a298]
Event: 2.887 Thread 0x0000000016d3e000 1863       2       java.util.zip.ZipFile$ZipFileInflaterInputStream::finalize (5 bytes)
Event: 2.887 Thread 0x0000000016d3e000 nmethod 1863 0x000000000392afd0 code [0x000000000392b140, 0x000000000392b2a8]
Event: 2.887 Thread 0x0000000016d3e000 1864       2       java.util.zip.ZipFile$ZipFileInputStream::finalize (5 bytes)
Event: 2.887 Thread 0x0000000016d3e000 nmethod 1864 0x00000000039299d0 code [0x0000000003929b40, 0x0000000003929ca8]
Event: 2.888 Thread 0x0000000016d3e000 1865       2       com.android.dx.ssa.back.FirstFitLocalCombiningAllocator$Alignment$1::nextClearBit (26 bytes)
Event: 2.889 Thread 0x0000000016d3e000 nmethod 1865 0x0000000003929510 code [0x0000000003929680, 0x0000000003929898]
Event: 2.890 Thread 0x0000000016d3e000 1866       2       java.util.ArrayDeque::pollFirst (42 bytes)
Event: 2.890 Thread 0x0000000016d3e000 nmethod 1866 0x00000000039290d0 code [0x0000000003929240, 0x0000000003929410]

GC Heap History (10 events):
Event: 1.345 GC heap before
{Heap before GC invocations=3 (full 0):
 PSYoungGen      total 35328K, used 35298K [0x00000000eab00000, 0x00000000ed000000, 0x0000000100000000)
  eden space 32768K, 100% used [0x00000000eab00000,0x00000000ecb00000,0x00000000ecb00000)
  from space 2560K, 98% used [0x00000000ecd80000,0x00000000ecff8ab8,0x00000000ed000000)
  to   space 2560K, 0% used [0x00000000ecb00000,0x00000000ecb00000,0x00000000ecd80000)
 ParOldGen       total 44032K, used 3485K [0x00000000c0000000, 0x00000000c2b00000, 0x00000000eab00000)
  object space 44032K, 7% used [0x00000000c0000000,0x00000000c03676a0,0x00000000c2b00000)
 Metaspace       used 6191K, capacity 7032K, committed 7296K, reserved 1056768K
  class space    used 601K, capacity 624K, committed 640K, reserved 1048576K
Event: 1.357 GC heap after
Heap after GC invocations=3 (full 0):
 PSYoungGen      total 35328K, used 2536K [0x00000000eab00000, 0x00000000ef000000, 0x0000000100000000)
  eden space 32768K, 0% used [0x00000000eab00000,0x00000000eab00000,0x00000000ecb00000)
  from space 2560K, 99% used [0x00000000ecb00000,0x00000000ecd7a038,0x00000000ecd80000)
  to   space 2560K, 0% used [0x00000000eed80000,0x00000000eed80000,0x00000000ef000000)
 ParOldGen       total 44032K, used 9207K [0x00000000c0000000, 0x00000000c2b00000, 0x00000000eab00000)
  object space 44032K, 20% used [0x00000000c0000000,0x00000000c08fdde8,0x00000000c2b00000)
 Metaspace       used 6191K, capacity 7032K, committed 7296K, reserved 1056768K
  class space    used 601K, capacity 624K, committed 640K, reserved 1048576K
}
Event: 1.571 GC heap before
{Heap before GC invocations=4 (full 0):
 PSYoungGen      total 35328K, used 35304K [0x00000000eab00000, 0x00000000ef000000, 0x0000000100000000)
  eden space 32768K, 100% used [0x00000000eab00000,0x00000000ecb00000,0x00000000ecb00000)
  from space 2560K, 99% used [0x00000000ecb00000,0x00000000ecd7a038,0x00000000ecd80000)
  to   space 2560K, 0% used [0x00000000eed80000,0x00000000eed80000,0x00000000ef000000)
 ParOldGen       total 44032K, used 9207K [0x00000000c0000000, 0x00000000c2b00000, 0x00000000eab00000)
  object space 44032K, 20% used [0x00000000c0000000,0x00000000c08fdde8,0x00000000c2b00000)
 Metaspace       used 6309K, capacity 7096K, committed 7296K, reserved 1056768K
  class space    used 601K, capacity 624K, committed 640K, reserved 1048576K
Event: 1.587 GC heap after
Heap after GC invocations=4 (full 0):
 PSYoungGen      total 68096K, used 2552K [0x00000000eab00000, 0x00000000ef000000, 0x0000000100000000)
  eden space 65536K, 0% used [0x00000000eab00000,0x00000000eab00000,0x00000000eeb00000)
  from space 2560K, 99% used [0x00000000eed80000,0x00000000eeffe048,0x00000000ef000000)
  to   space 2560K, 0% used [0x00000000eeb00000,0x00000000eeb00000,0x00000000eed80000)
 ParOldGen       total 44032K, used 14158K [0x00000000c0000000, 0x00000000c2b00000, 0x00000000eab00000)
  object space 44032K, 32% used [0x00000000c0000000,0x00000000c0dd39b0,0x00000000c2b00000)
 Metaspace       used 6309K, capacity 7096K, committed 7296K, reserved 1056768K
  class space    used 601K, capacity 624K, committed 640K, reserved 1048576K
}
Event: 1.964 GC heap before
{Heap before GC invocations=5 (full 0):
 PSYoungGen      total 68096K, used 68088K [0x00000000eab00000, 0x00000000ef000000, 0x0000000100000000)
  eden space 65536K, 100% used [0x00000000eab00000,0x00000000eeb00000,0x00000000eeb00000)
  from space 2560K, 99% used [0x00000000eed80000,0x00000000eeffe048,0x00000000ef000000)
  to   space 2560K, 0% used [0x00000000eeb00000,0x00000000eeb00000,0x00000000eed80000)
 ParOldGen       total 44032K, used 14158K [0x00000000c0000000, 0x00000000c2b00000, 0x00000000eab00000)
  object space 44032K, 32% used [0x00000000c0000000,0x00000000c0dd39b0,0x00000000c2b00000)
 Metaspace       used 6355K, capacity 7096K, committed 7296K, reserved 1056768K
  class space    used 601K, capacity 624K, committed 640K, reserved 1048576K
Event: 1.992 GC heap after
Heap after GC invocations=5 (full 0):
 PSYoungGen      total 68096K, used 2552K [0x00000000eab00000, 0x00000000ef000000, 0x0000000100000000)
  eden space 65536K, 0% used [0x00000000eab00000,0x00000000eab00000,0x00000000eeb00000)
  from space 2560K, 99% used [0x00000000eeb00000,0x00000000eed7e048,0x00000000eed80000)
  to   space 2560K, 0% used [0x00000000eed80000,0x00000000eed80000,0x00000000ef000000)
 ParOldGen       total 44032K, used 23086K [0x00000000c0000000, 0x00000000c2b00000, 0x00000000eab00000)
  object space 44032K, 52% used [0x00000000c0000000,0x00000000c168b958,0x00000000c2b00000)
 Metaspace       used 6355K, capacity 7096K, committed 7296K, reserved 1056768K
  class space    used 601K, capacity 624K, committed 640K, reserved 1048576K
}
Event: 2.401 GC heap before
{Heap before GC invocations=6 (full 0):
 PSYoungGen      total 68096K, used 68088K [0x00000000eab00000, 0x00000000ef000000, 0x0000000100000000)
  eden space 65536K, 100% used [0x00000000eab00000,0x00000000eeb00000,0x00000000eeb00000)
  from space 2560K, 99% used [0x00000000eeb00000,0x00000000eed7e048,0x00000000eed80000)
  to   space 2560K, 0% used [0x00000000eed80000,0x00000000eed80000,0x00000000ef000000)
 ParOldGen       total 44032K, used 23086K [0x00000000c0000000, 0x00000000c2b00000, 0x00000000eab00000)
  object space 44032K, 52% used [0x00000000c0000000,0x00000000c168b958,0x00000000c2b00000)
 Metaspace       used 6404K, capacity 7160K, committed 7296K, reserved 1056768K
  class space    used 601K, capacity 624K, committed 640K, reserved 1048576K
Event: 2.442 GC heap after
Heap after GC invocations=6 (full 0):
 PSYoungGen      total 68096K, used 2532K [0x00000000eab00000, 0x00000000ef000000, 0x0000000100000000)
  eden space 65536K, 0% used [0x00000000eab00000,0x00000000eab00000,0x00000000eeb00000)
  from space 2560K, 98% used [0x00000000eed80000,0x00000000eeff91b8,0x00000000ef000000)
  to   space 2560K, 0% used [0x00000000eeb00000,0x00000000eeb00000,0x00000000eed80000)
 ParOldGen       total 44032K, used 32391K [0x00000000c0000000, 0x00000000c2b00000, 0x00000000eab00000)
  object space 44032K, 73% used [0x00000000c0000000,0x00000000c1fa1d38,0x00000000c2b00000)
 Metaspace       used 6404K, capacity 7160K, committed 7296K, reserved 1056768K
  class space    used 601K, capacity 624K, committed 640K, reserved 1048576K
}
Event: 2.442 GC heap before
{Heap before GC invocations=7 (full 1):
 PSYoungGen      total 68096K, used 2532K [0x00000000eab00000, 0x00000000ef000000, 0x0000000100000000)
  eden space 65536K, 0% used [0x00000000eab00000,0x00000000eab00000,0x00000000eeb00000)
  from space 2560K, 98% used [0x00000000eed80000,0x00000000eeff91b8,0x00000000ef000000)
  to   space 2560K, 0% used [0x00000000eeb00000,0x00000000eeb00000,0x00000000eed80000)
 ParOldGen       total 44032K, used 32391K [0x00000000c0000000, 0x00000000c2b00000, 0x00000000eab00000)
  object space 44032K, 73% used [0x00000000c0000000,0x00000000c1fa1d38,0x00000000c2b00000)
 Metaspace       used 6404K, capacity 7160K, committed 7296K, reserved 1056768K
  class space    used 601K, capacity 624K, committed 640K, reserved 1048576K
Event: 2.886 GC heap after
Heap after GC invocations=7 (full 1):
 PSYoungGen      total 68096K, used 0K [0x00000000eab00000, 0x00000000ef000000, 0x0000000100000000)
  eden space 65536K, 0% used [0x00000000eab00000,0x00000000eab00000,0x00000000eeb00000)
  from space 2560K, 0% used [0x00000000eed80000,0x00000000eed80000,0x00000000ef000000)
  to   space 2560K, 0% used [0x00000000eeb00000,0x00000000eeb00000,0x00000000eed80000)
 ParOldGen       total 71680K, used 30932K [0x00000000c0000000, 0x00000000c4600000, 0x00000000eab00000)
  object space 71680K, 43% used [0x00000000c0000000,0x00000000c1e35250,0x00000000c4600000)
 Metaspace       used 6404K, capacity 7160K, committed 7296K, reserved 1056768K
  class space    used 601K, capacity 624K, committed 640K, reserved 1048576K
}

Deoptimization events (10 events):
Event: 1.370 Thread 0x0000000017040000 Uncommon trap: reason=unstable_if action=reinterpret pc=0x0000000003690880 method=com.android.dx.rop.code.RegisterSpecSet.<init>(I)V @ 2
Event: 1.706 Thread 0x0000000017041000 Uncommon trap: reason=class_check action=maybe_recompile pc=0x000000000387ed9c method=com.android.dx.ssa.SCCP.simulateBranch(Lcom/android/dx/ssa/SsaInsn;)V @ 145
Event: 1.706 Thread 0x0000000017041000 Uncommon trap: reason=class_check action=maybe_recompile pc=0x000000000387ed9c method=com.android.dx.ssa.SCCP.simulateBranch(Lcom/android/dx/ssa/SsaInsn;)V @ 145
Event: 1.706 Thread 0x0000000017041000 Uncommon trap: reason=class_check action=maybe_recompile pc=0x000000000387ed9c method=com.android.dx.ssa.SCCP.simulateBranch(Lcom/android/dx/ssa/SsaInsn;)V @ 145
Event: 1.706 Thread 0x0000000017041000 Uncommon trap: reason=class_check action=maybe_recompile pc=0x000000000387ed9c method=com.android.dx.ssa.SCCP.simulateBranch(Lcom/android/dx/ssa/SsaInsn;)V @ 145
Event: 2.252 Thread 0x0000000017040000 Uncommon trap: reason=speculate_class_check action=maybe_recompile pc=0x0000000003932264 method=com.android.dx.rop.cst.TypedConstant.getBasicType()I @ 1
Event: 2.252 Thread 0x0000000017040000 Uncommon trap: reason=speculate_class_check action=maybe_recompile pc=0x0000000003932264 method=com.android.dx.rop.cst.TypedConstant.getBasicType()I @ 1
Event: 2.252 Thread 0x0000000017040000 Uncommon trap: reason=speculate_class_check action=maybe_recompile pc=0x0000000003932264 method=com.android.dx.rop.cst.TypedConstant.getBasicType()I @ 1
Event: 2.252 Thread 0x0000000017040000 Uncommon trap: reason=speculate_class_check action=maybe_recompile pc=0x0000000003932264 method=com.android.dx.rop.cst.TypedConstant.getBasicType()I @ 1
Event: 2.895 Thread 0x0000000016fd0800 Uncommon trap: reason=unstable_if action=reinterpret pc=0x00000000035da718 method=java.util.HashMap.putVal(ILjava/lang/Object;Ljava/lang/Object;ZZ)Ljava/lang/Object; @ 162

Internal exceptions (3 events):
Event: 0.045 Thread 0x0000000002d1e000 Exception <a 'java/lang/NoSuchMethodError': Method sun.misc.Unsafe.defineClass(Ljava/lang/String;[BII)Ljava/lang/Class; name or signature does not match> (0x00000000eab07cc0) thrown at [C:\re\workspace\8-2-build-windows-amd64-cygwin\jdk8u91\6644\hotspot\sr+•¯J
§?
Event: 0.045 Thread 0x0000000002d1e000 Exception <a 'java/lang/NoSuchMethodError': Method sun.misc.Unsafe.prefetchRead(Ljava/lang/Object;J)V name or signature does not match> (0x00000000eab07fa8) thrown at [C:\re\workspace\8-2-build-windows-amd64-cygwin\jdk8u91\6644\hotspot\src\share\vm\prims\j½•ú „ò?
Event: 1.132 Thread 0x0000000016fd0800 Implicit null exception at 0x00000000035d7162 to 0x00000000035d725a

Events (10 events):
Event: 2.252 Thread 0x0000000017040000 DEOPT UNPACKING pc=0x00000000032c582a sp=0x000000001842e980 mode 2
Event: 2.252 Thread 0x0000000017040000 Uncommon trap: trap_request=0xffffff76 fr.pc=0x0000000003932264
Event: 2.252 Thread 0x0000000017040000 DEOPT PACKING pc=0x0000000003932264 sp=0x000000001842e9d0
Event: 2.252 Thread 0x0000000017040000 DEOPT UNPACKING pc=0x00000000032c582a sp=0x000000001842e980 mode 2
Event: 2.386 Executing VM operation: ParallelGCFailedAllocation
Event: 2.886 Executing VM operation: ParallelGCFailedAllocation done
Event: 2.895 Thread 0x0000000016fd0800 Uncommon trap: trap_request=0xffffff65 fr.pc=0x00000000035da718
Event: 2.895 Thread 0x0000000016fd0800 DEOPT PACKING pc=0x00000000035da718 sp=0x000000001832e810
Event: 2.895 Thread 0x0000000016fd0800 DEOPT UNPACKING pc=0x00000000032c582a sp=0x000000001832e6b0 mode 2
Event: 2.895 loading class sun/reflect/generics/scope/ClassScope


Dynamic libraries:
0x00007ff615050000 - 0x00007ff615087000 	C:\Program Files\Java\jdk1.8.0_91\bin\java.exe
0x00007ffa53620000 - 0x00007ffa537e1000 	C:\WINDOWS\SYSTEM32\ntdll.dll
0x00007ffa50ae0000 - 0x00007ffa50b8d000 	C:\WINDOWS\system32\KERNEL32.DLL
0x00007ffa50340000 - 0x00007ffa50528000 	C:\WINDOWS\system32\KERNELBASE.dll
0x00007ffa50b90000 - 0x00007ffa50c37000 	C:\WINDOWS\system32\ADVAPI32.dll
0x00007ffa524a0000 - 0x00007ffa5253d000 	C:\WINDOWS\system32\msvcrt.dll
0x00007ffa53410000 - 0x00007ffa5346b000 	C:\WINDOWS\system32\sechost.dll
0x00007ffa53500000 - 0x00007ffa5361c000 	C:\WINDOWS\system32\RPCRT4.dll
0x00007ffa52540000 - 0x00007ffa52696000 	C:\WINDOWS\system32\USER32.dll
0x00007ffa50ca0000 - 0x00007ffa50e26000 	C:\WINDOWS\system32\GDI32.dll
0x00007ffa4d490000 - 0x00007ffa4d704000 	C:\WINDOWS\WinSxS\amd64_microsoft.windows.common-controls_6595b64144ccf1df_6.0.10586.494_none_a2d8b04ea53e3145\COMCTL32.dll
0x00007ffa50860000 - 0x00007ffa50add000 	C:\WINDOWS\system32\combase.dll
0x00007ffa507d0000 - 0x00007ffa5083a000 	C:\WINDOWS\system32\bcryptPrimitives.dll
0x00007ffa52390000 - 0x00007ffa523cb000 	C:\WINDOWS\system32\IMM32.DLL
0x00007ffa4f910000 - 0x00007ffa4f941000 	C:\Windows\system32\nvinitx.dll
0x00007ffa4f900000 - 0x00007ffa4f90a000 	C:\WINDOWS\SYSTEM32\VERSION.dll
0x0000000071b10000 - 0x0000000071be2000 	C:\Program Files\Java\jdk1.8.0_91\jre\bin\msvcr100.dll
0x0000000071f90000 - 0x0000000072823000 	C:\Program Files\Java\jdk1.8.0_91\jre\bin\server\jvm.dll
0x00007ffa50580000 - 0x00007ffa505a3000 	C:\WINDOWS\system32\WINMM.dll
0x00007ffa4fa50000 - 0x00007ffa4fa7c000 	C:\WINDOWS\system32\WINMMBASE.dll
0x00007ffa42dc0000 - 0x00007ffa42dc9000 	C:\WINDOWS\SYSTEM32\WSOCK32.dll
0x00007ffa50780000 - 0x00007ffa507c3000 	C:\WINDOWS\system32\cfgmgr32.dll
0x00007ffa526a0000 - 0x00007ffa5270b000 	C:\WINDOWS\system32\WS2_32.dll
0x00007ffa52f40000 - 0x00007ffa52f48000 	C:\WINDOWS\system32\PSAPI.DLL
0x0000000071f80000 - 0x0000000071f8f000 	C:\Program Files\Java\jdk1.8.0_91\jre\bin\verify.dll
0x0000000071f50000 - 0x0000000071f79000 	C:\Program Files\Java\jdk1.8.0_91\jre\bin\java.dll
0x0000000071f30000 - 0x0000000071f46000 	C:\Program Files\Java\jdk1.8.0_91\jre\bin\zip.dll
0x00007ffa50e30000 - 0x00007ffa5238c000 	C:\WINDOWS\system32\SHELL32.dll
0x00007ffa4fcf0000 - 0x00007ffa50335000 	C:\WINDOWS\system32\windows.storage.dll
0x00007ffa533b0000 - 0x00007ffa53402000 	C:\WINDOWS\system32\shlwapi.dll
0x00007ffa4fa10000 - 0x00007ffa4fa1f000 	C:\WINDOWS\system32\kernel.appcore.dll
0x00007ffa4fc30000 - 0x00007ffa4fce5000 	C:\WINDOWS\system32\shcore.dll
0x00007ffa50530000 - 0x00007ffa5057b000 	C:\WINDOWS\system32\powrprof.dll
0x00007ffa4fa20000 - 0x00007ffa4fa34000 	C:\WINDOWS\system32\profapi.dll

VM Arguments:
jvm_args: -Djava.awt.headless=true -Xmx1024M -Dfile.encoding=GBK -Duser.country=CN -Duser.language=zh -Duser.variant 
java_command: com.android.dx.command.Main --dex --force-jumbo --num-threads=4 --multi-dex --output D:\andriod_projects\smartHome\app\build\intermediates\transforms\dex\debug\folders\1000\2\Msc_13ca5e06530bdb21b722342a98c62b4e3432e993 D:\andriod_projects\smartHome\app\libs\Msc.jar
java_class_path (initial): D:\android\android_SDK\build-tools\23.0.3\lib\dx.jar
Launcher Type: SUN_STANDARD

Environment Variables:
JAVA_HOME=C:\Program Files (x86)\Java\jdk1.8.0_31
CLASSPATH=C:\Program Files (x86)\Java\jdk1.8.0_31\lib;C:\Program Files (x86)\Java\jdk1.8.0_31\lib\tools.jar;D:\andriod environment\adt-bundle-windows-x86-20131030\eclipse\plugins\org.apache.ant_1.8.3.v201301120609\lib;
PATH=C:\PROGRA~1\PTC\MKSTOO~1\bin64;C:\PROGRA~1\PTC\MKSTOO~1\bin;C:\PROGRA~1\PTC\MKSTOO~1\bin\X11;C:\PROGRA~1\PTC\MKSTOO~1\mksnt;C:\ProgramData\Oracle\Java\javapath;C:\Program Files (x86)\Intel\iCLS Client\;C:\Program Files\Intel\iCLS Client\;C:\Program Files (x86)\NVIDIA Corporation\PhysX\Common;C:\WINDOWS\system32;C:\WINDOWS;C:\WINDOWS\System32\Wbem;C:\WINDOWS\System32\WindowsPowerShell\v1.0\;C:\Program Files\Intel\Intel(R) Management Engine Components\DAL;C:\Program Files\Intel\Intel(R) Management Engine Components\IPT;C:\Program Files (x86)\Intel\Intel(R) Management Engine Components\DAL;C:\Program Files (x86)\Intel\Intel(R) Management Engine Components\IPT;C:\Program Files (x86)\Java\jdk1.8.0_31\bin;C:\Program Files (x86)\Java\jdk1.8.0_31\jre\bin;D:\andriod environment\adt-bundle-windows-x86-20131030\sdk\tools;D:\andriod environment\adt-bundle-windows-x86-20131030\sdk\platform-tools;D:\andriod environment\adt-bundle-windows-x86-20131030\eclipse\plugins\org.apache.ant_1.8.3.v201301120609\bin;C:\Program Files\nodejs\;D:\Git\cmd;D:\HMA! Pro VPN\bin
USERNAME=freedom
DISPLAY=:0.0
OS=Windows_NT
PROCESSOR_IDENTIFIER=Intel64 Family 6 Model 60 Stepping 3, GenuineIntel



---------------  S Y S T E M  ---------------

OS: Windows 10.0 , 64 bit Build 10586 (10.0.10586.0)

CPU:total 4 (2 cores per cpu, 2 threads per core) family 6 model 60 stepping 3, cmov, cx8, fxsr, mmx, sse, sse2, sse3, ssse3, sse4.1, sse4.2, popcnt, avx, avx2, aes, clmul, erms, lzcnt, ht, tsc, tscinvbit, bmi1, bmi2

Memory: 4k page, physical 4112564k(302628k free), swap 5685428k(5436k free)

vm_info: Java HotSpot(TM) 64-Bit Server VM (25.91-b14) for windows-amd64 JRE (1.8.0_91-b14), built on Apr  1 2016 00:58:32 by "java_re" with MS VC++ 10.0 (VS2010)

time: Sun Sep 04 23:31:06 2016
elapsed time: 2 seconds (0d 0h 0m 2s)

