#
# There is insufficient memory for the Java Runtime Environment to continue.
# Native memory allocation (malloc) failed to allocate 22536 bytes for AllocateHeap
# Possible reasons:
#   The system is out of physical RAM or swap space
#   In 32 bit mode, the process size limit was hit
# Possible solutions:
#   Reduce memory load on the system
#   Increase physical memory or swap space
#   Check if swap backing store is full
#   Use 64 bit Java on a 64 bit OS
#   Decrease Java heap size (-Xmx/-Xms)
#   Decrease number of Java threads
#   Decrease Java thread stack sizes (-Xss)
#   Set larger code cache with -XX:ReservedCodeCacheSize=
# This output file may be truncated or incomplete.
#
#  Out of Memory Error (memory/allocation.inline.hpp:61), pid=13444, tid=11648
#
# JRE version: Java(TM) SE Runtime Environment (8.0_91-b14) (build 1.8.0_91-b14)
# Java VM: Java HotSpot(TM) 64-Bit Server VM (25.91-b14 mixed mode windows-amd64 compressed oops)
# Failed to write core dump. Minidumps are not enabled by default on client versions of Windows
#

---------------  T H R E A D  ---------------

Current thread (0x0000000016ce0800):  JavaThread "pool-1-thread-3" [_thread_in_vm, id=11648, stack(0x0000000017840000,0x0000000017940000)]

Stack: [0x0000000017840000,0x0000000017940000]
[error occurred during error reporting (printing stack bounds), id 0xc0000005]

Native frames: (J=compiled Java code, j=interpreted, Vv=VM code, C=native code)

Java frames: (J=compiled Java code, j=interpreted, Vv=VM code)
j  com.android.dx.dex.code.BlockAddresses.setupArrays(Lcom/android/dx/rop/code/RopMethod;)V+51
j  com.android.dx.dex.code.BlockAddresses.<init>(Lcom/android/dx/rop/code/RopMethod;)V+40
j  com.android.dx.dex.code.RopTranslator.<init>(Lcom/android/dx/rop/code/RopMethod;ILcom/android/dx/rop/code/LocalVariableInfo;ILcom/android/dx/dex/DexOptions;)V+31
j  com.android.dx.dex.code.RopTranslator.translate(Lcom/android/dx/rop/code/RopMethod;ILcom/android/dx/rop/code/LocalVariableInfo;ILcom/android/dx/dex/DexOptions;)Lcom/android/dx/dex/code/DalvCode;+10
j  com.android.dx.dex.cf.CfTranslator.processMethods(Lcom/android/dx/cf/direct/DirectClassFile;Lcom/android/dx/dex/cf/CfOptions;Lcom/android/dx/dex/DexOptions;Lcom/android/dx/dex/file/ClassDefItem;Lcom/android/dx/dex/file/DexFile;)V+312
j  com.android.dx.dex.cf.CfTranslator.translate0(Lcom/android/dx/cf/direct/DirectClassFile;[BLcom/android/dx/dex/cf/CfOptions;Lcom/android/dx/dex/DexOptions;Lcom/android/dx/dex/file/DexFile;)Lcom/android/dx/dex/file/ClassDefItem;+120
j  com.android.dx.dex.cf.CfTranslator.translate(Lcom/android/dx/cf/direct/DirectClassFile;[BLcom/android/dx/dex/cf/CfOptions;Lcom/android/dx/dex/DexOptions;Lcom/android/dx/dex/file/DexFile;)Lcom/android/dx/dex/file/ClassDefItem;+6
j  com.android.dx.command.dexer.Main.translateClass([BLcom/android/dx/cf/direct/DirectClassFile;)Lcom/android/dx/dex/file/ClassDefItem;+17
j  com.android.dx.command.dexer.Main.access$2700([BLcom/android/dx/cf/direct/DirectClassFile;)Lcom/android/dx/dex/file/ClassDefItem;+2
j  com.android.dx.command.dexer.Main$ClassTranslatorTask.call()Lcom/android/dx/dex/file/ClassDefItem;+8
j  com.android.dx.command.dexer.Main$ClassTranslatorTask.call()Ljava/lang/Object;+1
j  java.util.concurrent.FutureTask.run()V+42
j  java.util.concurrent.ThreadPoolExecutor.runWorker(Ljava/util/concurrent/ThreadPoolExecutor$Worker;)V+95
j  java.util.concurrent.ThreadPoolExecutor$Worker.run()V+5
j  java.lang.Thread.run()V+11
v  ~StubRoutines::call_stub

---------------  P R O C E S S  ---------------

Java Threads: ( => current thread )
  0x0000000016ce1000 JavaThread "pool-1-thread-4" [_thread_blocked, id=11352, stack(0x0000000017940000,0x0000000017a40000)]
=>0x0000000016ce0800 JavaThread "pool-1-thread-3" [_thread_in_vm, id=11648, stack(0x0000000017840000,0x0000000017940000)]
  0x0000000016c2b800 JavaThread "pool-1-thread-2" [_thread_in_Java, id=348, stack(0x0000000017740000,0x0000000017840000)]
  0x0000000016baa800 JavaThread "pool-2-thread-1" [_thread_blocked, id=11192, stack(0x0000000017640000,0x0000000017740000)]
  0x0000000016ba1800 JavaThread "pool-1-thread-1" [_thread_blocked, id=11364, stack(0x0000000017540000,0x0000000017640000)]
  0x0000000016aa2000 JavaThread "Service Thread" daemon [_thread_blocked, id=120, stack(0x0000000017340000,0x0000000017440000)]
  0x0000000016a9c000 JavaThread "C1 CompilerThread2" daemon [_thread_in_native, id=9604, stack(0x0000000017240000,0x0000000017340000)]
  0x0000000016a98000 JavaThread "C2 CompilerThread1" daemon [_thread_in_native, id=2432, stack(0x0000000017140000,0x0000000017240000)]
  0x000000001573a000 JavaThread "C2 CompilerThread0" daemon [_thread_in_native, id=10936, stack(0x0000000017040000,0x0000000017140000)]
  0x00000000156ee000 JavaThread "Attach Listener" daemon [_thread_blocked, id=14672, stack(0x0000000016f40000,0x0000000017040000)]
  0x00000000156ed800 JavaThread "Signal Dispatcher" daemon [_thread_blocked, id=15160, stack(0x0000000016e40000,0x0000000016f40000)]
  0x00000000156ca800 JavaThread "Finalizer" daemon [_thread_blocked, id=13420, stack(0x0000000016940000,0x0000000016a40000)]
  0x0000000003000000 JavaThread "Reference Handler" daemon [_thread_blocked, id=9936, stack(0x0000000016840000,0x0000000016940000)]
  0x0000000002f0e000 JavaThread "main" [_thread_in_Java, id=9512, stack(0x0000000002d10000,0x0000000002e10000)]

Other Threads:
  0x00000000156a7800 VMThread [stack: 0x0000000016740000,0x0000000016840000] [id=14548]
  0x0000000016aec000 WatcherThread [stack: 0x0000000017440000,0x0000000017540000] [id=2364]

VM state:not at safepoint (normal execution)

VM Mutex/Monitor currently owned by a thread: None

Heap:
 PSYoungGen      total 18944K, used 16132K [0x00000000eab00000, 0x00000000ec000000, 0x0000000100000000)
  eden space 16384K, 98% used [0x00000000eab00000,0x00000000ebac10c0,0x00000000ebb00000)
  from space 2560K, 0% used [0x00000000ebd80000,0x00000000ebd80000,0x00000000ec000000)
  to   space 2560K, 0% used [0x00000000ebb00000,0x00000000ebb00000,0x00000000ebd80000)
 ParOldGen       total 44032K, used 0K [0x00000000c0000000, 0x00000000c2b00000, 0x00000000eab00000)
  object space 44032K, 0% used [0x00000000c0000000,0x00000000c0000000,0x00000000c2b00000)
 Metaspace       used 5697K, capacity 6584K, committed 6784K, reserved 1056768K
  class space    used 598K, capacity 624K, committed 640K, reserved 1048576K

Card table byte_map: [0x00000000123d0000,0x00000000125e0000] byte_map_base: 0x0000000011dd0000

Marking Bits: (ParMarkBitMap*) 0x0000000077282f70
 Begin Bits: [0x0000000012b40000, 0x0000000013b40000)
 End Bits:   [0x0000000013b40000, 0x0000000014b40000)

Polling page: 0x00000000029b0000

CodeCache: size=245760Kb used=2159Kb max_used=2171Kb free=243600Kb
 bounds [0x0000000003010000, 0x0000000003280000, 0x0000000012010000]
 total_blobs=809 nmethods=539 adapters=183
 compilation: enabled

Compilation events (10 events):
Event: 3.314 Thread 0x0000000016a9c000  318       3       java.util.TreeMap::leftOf (13 bytes)
Event: 3.314 Thread 0x0000000016a9c000 nmethod 318 0x00000000031c8fd0 code [0x00000000031c9120, 0x00000000031c92b0]
Event: 3.315 Thread 0x0000000016a9c000  320       3       java.lang.Package::isSealed (13 bytes)
Event: 3.315 Thread 0x0000000016a9c000 nmethod 320 0x00000000031c9350 code [0x00000000031c94a0, 0x00000000031c9650]
Event: 3.315 Thread 0x0000000016a9c000  321       3       java.net.URLClassLoader::isSealed (72 bytes)
Event: 3.315 Thread 0x0000000016a9c000 nmethod 321 0x00000000031c96d0 code [0x00000000031c9900, 0x00000000031ca4f8]
Event: 3.315 Thread 0x0000000016a9c000  322       3       java.lang.ClassLoader::compareCerts (149 bytes)
Event: 3.316 Thread 0x0000000016a9c000 nmethod 322 0x00000000031caa10 code [0x00000000031cabe0, 0x00000000031cb498]
Event: 3.317 Thread 0x000000001573a000 nmethod 317 0x00000000031ce9d0 code [0x00000000031ceb20, 0x00000000031ced58]
Event: 3.318 Thread 0x0000000016a9c000  323       3       java.util.TreeMap::put (247 bytes)

GC Heap History (0 events):
No events

Deoptimization events (0 events):
No events

Internal exceptions (2 events):
Event: 1.155 Thread 0x0000000002f0e000 Exception <a 'java/lang/NoSuchMethodError': Method sun.misc.Unsafe.defineClass(Ljava/lang/String;[BII)Ljava/lang/Class; name or signature does not match> (0x00000000eab07cc0) thrown at [C:\re\workspace\8-2-build-windows-amd64-cygwin\jdk8u91\6644\hotspot\srEï67yò?
Event: 1.155 Thread 0x0000000002f0e000 Exception <a 'java/lang/NoSuchMethodError': Method sun.misc.Unsafe.prefetchRead(Ljava/lang/Object;J)V name or signature does not match> (0x00000000eab07fa8) thrown at [C:\re\workspace\8-2-build-windows-amd64-cygwin\jdk8u91\6644\hotspot\src\share\vm\prims\j

Events (10 events):
Event: 3.316 loading class com/android/dx/dex/code/FixedSizeInsn
Event: 3.316 loading class com/android/dx/dex/code/FixedSizeInsn done
Event: 3.316 loading class com/android/dx/dex/code/BlockAddresses
Event: 3.316 loading class com/android/dx/dex/code/BlockAddresses done
Event: 3.317 loading class com/android/dx/dex/code/HighRegisterPrefix
Event: 3.317 loading class com/android/dx/dex/code/HighRegisterPrefix done
Event: 3.318 loading class com/android/dx/dex/code/VariableSizeInsn
Event: 3.318 loading class com/android/dx/dex/code/VariableSizeInsn done
Event: 3.318 loading class com/android/dx/cf/code/Ropper$ExceptionHandlerSetup
Event: 3.318 loading class com/android/dx/cf/code/Ropper$ExceptionHandlerSetup done


Dynamic libraries:
0x00007ff77d8f0000 - 0x00007ff77d927000 	C:\Program Files\Java\jdk1.8.0_91\bin\java.exe
0x00007ffc57b90000 - 0x00007ffc57d51000 	C:\WINDOWS\SYSTEM32\ntdll.dll
0x00007ffc56ba0000 - 0x00007ffc56c4d000 	C:\WINDOWS\system32\KERNEL32.DLL
0x00007ffc54ab0000 - 0x00007ffc54c98000 	C:\WINDOWS\system32\KERNELBASE.dll
0x00007ffc572f0000 - 0x00007ffc57397000 	C:\WINDOWS\system32\ADVAPI32.dll
0x00007ffc570f0000 - 0x00007ffc5718d000 	C:\WINDOWS\system32\msvcrt.dll
0x00007ffc57600000 - 0x00007ffc5765b000 	C:\WINDOWS\system32\sechost.dll
0x00007ffc56960000 - 0x00007ffc56a7c000 	C:\WINDOWS\system32\RPCRT4.dll
0x00007ffc57820000 - 0x00007ffc57976000 	C:\WINDOWS\system32\USER32.dll
0x00007ffc56ed0000 - 0x00007ffc57056000 	C:\WINDOWS\system32\GDI32.dll
0x00007ffc50950000 - 0x00007ffc50bc4000 	C:\WINDOWS\WinSxS\amd64_microsoft.windows.common-controls_6595b64144ccf1df_6.0.10586.589_none_a2ddb3caa539acce\COMCTL32.dll
0x00007ffc56c50000 - 0x00007ffc56ecd000 	C:\WINDOWS\system32\combase.dll
0x00007ffc54080000 - 0x00007ffc540ea000 	C:\WINDOWS\system32\bcryptPrimitives.dll
0x00007ffc54f90000 - 0x00007ffc54fcb000 	C:\WINDOWS\system32\IMM32.DLL
0x00007ffc53e70000 - 0x00007ffc53ea1000 	C:\Windows\system32\nvinitx.dll
0x00007ffc53e60000 - 0x00007ffc53e6a000 	C:\WINDOWS\SYSTEM32\VERSION.dll
0x00000000765f0000 - 0x00000000766c2000 	C:\Program Files\Java\jdk1.8.0_91\jre\bin\msvcr100.dll
0x0000000076a70000 - 0x0000000077303000 	C:\Program Files\Java\jdk1.8.0_91\jre\bin\server\jvm.dll
0x00007ffc54a30000 - 0x00007ffc54a53000 	C:\WINDOWS\system32\WINMM.dll
0x00007ffc53f80000 - 0x00007ffc53fac000 	C:\WINDOWS\system32\WINMMBASE.dll
0x00007ffc54a60000 - 0x00007ffc54aa3000 	C:\WINDOWS\system32\cfgmgr32.dll
0x00007ffc57770000 - 0x00007ffc57778000 	C:\WINDOWS\system32\PSAPI.DLL
0x00007ffc478f0000 - 0x00007ffc478f9000 	C:\WINDOWS\SYSTEM32\WSOCK32.dll
0x00007ffc56b30000 - 0x00007ffc56b9b000 	C:\WINDOWS\system32\WS2_32.dll
0x0000000050010000 - 0x000000005001f000 	C:\Program Files\Java\jdk1.8.0_91\jre\bin\verify.dll
0x0000000077c50000 - 0x0000000077c79000 	C:\Program Files\Java\jdk1.8.0_91\jre\bin\java.dll
0x0000000076a50000 - 0x0000000076a66000 	C:\Program Files\Java\jdk1.8.0_91\jre\bin\zip.dll
0x00007ffc55400000 - 0x00007ffc5695c000 	C:\WINDOWS\system32\SHELL32.dll
0x00007ffc543e0000 - 0x00007ffc54a25000 	C:\WINDOWS\system32\windows.storage.dll
0x00007ffc54dd0000 - 0x00007ffc54e22000 	C:\WINDOWS\system32\shlwapi.dll
0x00007ffc53fb0000 - 0x00007ffc53fbf000 	C:\WINDOWS\system32\kernel.appcore.dll
0x00007ffc54d00000 - 0x00007ffc54db5000 	C:\WINDOWS\system32\shcore.dll
0x00007ffc54390000 - 0x00007ffc543db000 	C:\WINDOWS\system32\powrprof.dll
0x00007ffc53fd0000 - 0x00007ffc53fe4000 	C:\WINDOWS\system32\profapi.dll

VM Arguments:
jvm_args: -Djava.awt.headless=true -Xmx1024M -Dfile.encoding=GBK -Duser.country=CN -Duser.language=zh -Duser.variant 
java_command: com.android.dx.command.Main --dex --force-jumbo --num-threads=4 --output D:\andriod_projects\smartHome\app\build\intermediates\pre-dexed\debug\Sunflower_dd28db0ef194d874c43724cb9325a62d0773da24.jar D:\andriod_projects\smartHome\app\libs\Sunflower.jar
java_class_path (initial): D:\android\android_SDK\build-tools\23.0.3\lib\dx.jar
Launcher Type: SUN_STANDARD

Environment Variables:
JAVA_HOME=C:\Program Files (x86)\Java\jdk1.8.0_31
CLASSPATH=C:\Program Files (x86)\Java\jdk1.8.0_31\lib;C:\Program Files (x86)\Java\jdk1.8.0_31\lib\tools.jar;D:\andriod environment\adt-bundle-windows-x86-20131030\eclipse\plugins\org.apache.ant_1.8.3.v201301120609\lib;
PATH=C:\PROGRA~1\PTC\MKSTOO~1\bin64;C:\PROGRA~1\PTC\MKSTOO~1\bin;C:\PROGRA~1\PTC\MKSTOO~1\bin\X11;C:\PROGRA~1\PTC\MKSTOO~1\mksnt;C:\ProgramData\Oracle\Java\javapath;C:\Program Files (x86)\Intel\iCLS Client\;C:\Program Files\Intel\iCLS Client\;C:\Program Files (x86)\NVIDIA Corporation\PhysX\Common;C:\WINDOWS\system32;C:\WINDOWS;C:\WINDOWS\System32\Wbem;C:\WINDOWS\System32\WindowsPowerShell\v1.0\;C:\Program Files\Intel\Intel(R) Management Engine Components\DAL;C:\Program Files\Intel\Intel(R) Management Engine Components\IPT;C:\Program Files (x86)\Intel\Intel(R) Management Engine Components\DAL;C:\Program Files (x86)\Intel\Intel(R) Management Engine Components\IPT;C:\Program Files (x86)\Java\jdk1.8.0_31\bin;C:\Program Files (x86)\Java\jdk1.8.0_31\jre\bin;D:\andriod environment\adt-bundle-windows-x86-20131030\sdk\tools;D:\andriod environment\adt-bundle-windows-x86-20131030\sdk\platform-tools;D:\andriod environment\adt-bundle-windows-x86-20131030\eclipse\plugins\org.apache.ant_1.8.3.v201301120609\bin;C:\Program Files\nodejs\;D:\Git\cmd;D:\HMA! Pro VPN\bin
USERNAME=freedom
DISPLAY=:0.0
OS=Windows_NT
PROCESSOR_IDENTIFIER=Intel64 Family 6 Model 60 Stepping 3, GenuineIntel



---------------  S Y S T E M  ---------------

OS: Windows 10.0 , 64 bit Build 10586 (10.0.10586.589)

CPU:total 4 (2 cores per cpu, 2 threads per core) family 6 model 60 stepping 3, cmov, cx8, fxsr, mmx, sse, sse2, sse3, ssse3, sse4.1, sse4.2, popcnt, avx, avx2, aes, clmul, erms, lzcnt, ht, tsc, tscinvbit, bmi1, bmi2

Memory: 4k page, physical 4112564k(423220k free), swap 5685428k(5888k free)

vm_info: Java HotSpot(TM) 64-Bit Server VM (25.91-b14) for windows-amd64 JRE (1.8.0_91-b14), built on Apr  1 2016 00:58:32 by "java_re" with MS VC++ 10.0 (VS2010)

time: Mon Sep 26 22:59:54 2016
elapsed time: 3 seconds (0d 0h 0m 3s)

