#
# There is insufficient memory for the Java Runtime Environment to continue.
# Native memory allocation (malloc) failed to allocate 605696 bytes for Chunk::new
# Possible reasons:
#   The system is out of physical RAM or swap space
#   In 32 bit mode, the process size limit was hit
# Possible solutions:
#   Reduce memory load on the system
#   Increase physical memory or swap space
#   Check if swap backing store is full
#   Use 64 bit Java on a 64 bit OS
#   Decrease Java heap size (-Xmx/-Xms)
#   Decrease number of Java threads
#   Decrease Java thread stack sizes (-Xss)
#   Set larger code cache with -XX:ReservedCodeCacheSize=
# This output file may be truncated or incomplete.
#
#  Out of Memory Error (allocation.cpp:390), pid=4848, tid=3780
#
# JRE version: Java(TM) SE Runtime Environment (8.0_91-b14) (build 1.8.0_91-b14)
# Java VM: Java HotSpot(TM) 64-Bit Server VM (25.91-b14 mixed mode windows-amd64 compressed oops)
# Failed to write core dump. Minidumps are not enabled by default on client versions of Windows
#

---------------  T H R E A D  ---------------

Current thread (0x0000000015065000):  JavaThread "C2 CompilerThread0" daemon [_thread_in_native, id=3780, stack(0x00000000169f0000,0x0000000016af0000)]

Stack: [0x00000000169f0000,0x0000000016af0000]
[error occurred during error reporting (printing stack bounds), id 0xc0000005]

Native frames: (J=compiled Java code, j=interpreted, Vv=VM code, C=native code)


Current CompileTask:
C2:   2274 1177       4       com.android.dx.ssa.SCCP::simulateStmt (481 bytes)


---------------  P R O C E S S  ---------------

Java Threads: ( => current thread )
  0x000000001671d000 JavaThread "pool-2-thread-4" [_thread_blocked, id=6244, stack(0x00000000172f0000,0x00000000173f0000)]
  0x000000001664f000 JavaThread "pool-2-thread-3" [_thread_blocked, id=3292, stack(0x00000000171f0000,0x00000000172f0000)]
  0x000000001664c000 JavaThread "pool-2-thread-2" [_thread_blocked, id=2640, stack(0x00000000170f0000,0x00000000171f0000)]
  0x0000000016718000 JavaThread "pool-3-thread-1" [_thread_blocked, id=4440, stack(0x0000000016ff0000,0x00000000170f0000)]
  0x0000000016666800 JavaThread "pool-2-thread-1" [_thread_blocked, id=5736, stack(0x0000000016ef0000,0x0000000016ff0000)]
  0x000000001645f000 JavaThread "Service Thread" daemon [_thread_blocked, id=7528, stack(0x0000000016cf0000,0x0000000016df0000)]
  0x000000001506e800 JavaThread "C1 CompilerThread2" daemon [_thread_blocked, id=8840, stack(0x0000000016bf0000,0x0000000016cf0000)]
  0x0000000015067000 JavaThread "C2 CompilerThread1" daemon [_thread_blocked, id=4772, stack(0x0000000016af0000,0x0000000016bf0000)]
=>0x0000000015065000 JavaThread "C2 CompilerThread0" daemon [_thread_in_native, id=3780, stack(0x00000000169f0000,0x0000000016af0000)]
  0x0000000015062800 JavaThread "Attach Listener" daemon [_thread_blocked, id=8684, stack(0x00000000168f0000,0x00000000169f0000)]
  0x0000000016400800 JavaThread "Signal Dispatcher" daemon [_thread_blocked, id=7784, stack(0x00000000167f0000,0x00000000168f0000)]
  0x0000000014ffa000 JavaThread "Finalizer" daemon [_thread_blocked, id=824, stack(0x0000000016290000,0x0000000016390000)]
  0x0000000002931000 JavaThread "Reference Handler" daemon [_thread_blocked, id=8796, stack(0x0000000016190000,0x0000000016290000)]
  0x0000000000c9e000 JavaThread "main" [_thread_in_native, id=1908, stack(0x0000000002740000,0x0000000002840000)]

Other Threads:
  0x0000000014fd8000 VMThread [stack: 0x0000000016090000,0x0000000016190000] [id=2496]
  0x00000000164aa800 WatcherThread [stack: 0x0000000016df0000,0x0000000016ef0000] [id=8560]

VM state:at safepoint (normal execution)

VM Mutex/Monitor currently owned by a thread:  ([mutex/lock_event])
[0x0000000000c9d570] Threads_lock - owner thread: 0x0000000014fd8000
[0x0000000000c9d5f0] Heap_lock - owner thread: 0x0000000016666800

Heap:
 PSYoungGen      total 18944K, used 18941K [0x00000000eab00000, 0x00000000ec000000, 0x0000000100000000)
  eden space 16384K, 100% used [0x00000000eab00000,0x00000000ebb00000,0x00000000ebb00000)
  from space 2560K, 99% used [0x00000000ebb00000,0x00000000ebd7f678,0x00000000ebd80000)
  to   space 2560K, 98% used [0x00000000ebd80000,0x00000000ebff9688,0x00000000ec000000)
 ParOldGen       total 44032K, used 1557K [0x00000000c0000000, 0x00000000c2b00000, 0x00000000eab00000)
  object space 44032K, 3% used [0x00000000c0000000,0x00000000c018b728,0x00000000c2b00000)
 Metaspace       used 6027K, capacity 6902K, committed 7040K, reserved 1056768K
  class space    used 596K, capacity 622K, committed 640K, reserved 1048576K

Card table byte_map: [0x0000000011d00000,0x0000000011f10000] byte_map_base: 0x0000000011700000

Marking Bits: (ParMarkBitMap*) 0x0000000055562f70
 Begin Bits: [0x0000000012470000, 0x0000000013470000)
 End Bits:   [0x0000000013470000, 0x0000000014470000)

Polling page: 0x0000000000c30000

CodeCache: size=245760Kb used=4939Kb max_used=4939Kb free=240820Kb
 bounds [0x0000000002940000, 0x0000000002e20000, 0x0000000011940000]
 total_blobs=1481 nmethods=1211 adapters=183
 compilation: enabled

Compilation events (10 events):
Event: 2.266 Thread 0x000000001506e800 1207       3       com.android.dx.dex.cf.AttributeTranslator::getAnnotations (22 bytes)
Event: 2.267 Thread 0x000000001506e800 nmethod 1207 0x0000000002e0d610 code [0x0000000002e0d820, 0x0000000002e0e288]
Event: 2.267 Thread 0x000000001506e800 1208       3       com.android.dx.dex.cf.AttributeTranslator::getSignature (26 bytes)
Event: 2.267 Thread 0x000000001506e800 nmethod 1208 0x0000000002e0cf90 code [0x0000000002e0d120, 0x0000000002e0d4d8]
Event: 2.267 Thread 0x000000001506e800 1209       3       com.android.dx.dex.cf.AttributeTranslator::getAnnotations0 (62 bytes)
Event: 2.268 Thread 0x000000001506e800 nmethod 1209 0x0000000002e11f10 code [0x0000000002e12160, 0x0000000002e12fd8]
Event: 2.268 Thread 0x000000001506e800 1202       3       com.android.dx.ssa.SsaBasicBlock::addMoveToEnd (172 bytes)
Event: 2.268 Thread 0x0000000015067000 nmethod 1212 0x0000000002e02110 code [0x0000000002e02260, 0x0000000002e02458]
Event: 2.268 Thread 0x0000000015067000 1203       4       java.util.Arrays::hashCode (56 bytes)
Event: 2.270 Thread 0x000000001506e800 nmethod 1202 0x0000000002e16410 code [0x0000000002e167a0, 0x0000000002e186c8]

GC Heap History (3 events):
Event: 1.443 GC heap before
{Heap before GC invocations=1 (full 0):
 PSYoungGen      total 18944K, used 16384K [0x00000000eab00000, 0x00000000ec000000, 0x0000000100000000)
  eden space 16384K, 100% used [0x00000000eab00000,0x00000000ebb00000,0x00000000ebb00000)
  from space 2560K, 0% used [0x00000000ebd80000,0x00000000ebd80000,0x00000000ec000000)
  to   space 2560K, 0% used [0x00000000ebb00000,0x00000000ebb00000,0x00000000ebd80000)
 ParOldGen       total 44032K, used 0K [0x00000000c0000000, 0x00000000c2b00000, 0x00000000eab00000)
  object space 44032K, 0% used [0x00000000c0000000,0x00000000c0000000,0x00000000c2b00000)
 Metaspace       used 5696K, capacity 6582K, committed 6784K, reserved 1056768K
  class space    used 594K, capacity 622K, committed 640K, reserved 1048576K
Event: 1.449 GC heap after
Heap after GC invocations=1 (full 0):
 PSYoungGen      total 18944K, used 2557K [0x00000000eab00000, 0x00000000ec000000, 0x0000000100000000)
  eden space 16384K, 0% used [0x00000000eab00000,0x00000000eab00000,0x00000000ebb00000)
  from space 2560K, 99% used [0x00000000ebb00000,0x00000000ebd7f678,0x00000000ebd80000)
  to   space 2560K, 0% used [0x00000000ebd80000,0x00000000ebd80000,0x00000000ec000000)
 ParOldGen       total 44032K, used 1469K [0x00000000c0000000, 0x00000000c2b00000, 0x00000000eab00000)
  object space 44032K, 3% used [0x00000000c0000000,0x00000000c016f728,0x00000000c2b00000)
 Metaspace       used 5696K, capacity 6582K, committed 6784K, reserved 1056768K
  class space    used 594K, capacity 622K, committed 640K, reserved 1048576K
}
Event: 2.272 GC heap before
{Heap before GC invocations=2 (full 0):
 PSYoungGen      total 18944K, used 18941K [0x00000000eab00000, 0x00000000ec000000, 0x0000000100000000)
  eden space 16384K, 100% used [0x00000000eab00000,0x00000000ebb00000,0x00000000ebb00000)
  from space 2560K, 99% used [0x00000000ebb00000,0x00000000ebd7f678,0x00000000ebd80000)
  to   space 2560K, 0% used [0x00000000ebd80000,0x00000000ebd80000,0x00000000ec000000)
 ParOldGen       total 44032K, used 1469K [0x00000000c0000000, 0x00000000c2b00000, 0x00000000eab00000)
  object space 44032K, 3% used [0x00000000c0000000,0x00000000c016f728,0x00000000c2b00000)
 Metaspace       used 6027K, capacity 6902K, committed 7040K, reserved 1056768K
  class space    used 596K, capacity 622K, committed 640K, reserved 1048576K

Deoptimization events (5 events):
Event: 1.059 Thread 0x0000000016666800 Uncommon trap: reason=unstable_if action=reinterpret pc=0x0000000002b63e10 method=java.util.HashMap.getNode(ILjava/lang/Object;)Ljava/util/HashMap$Node; @ 129
Event: 1.541 Thread 0x000000001664c000 Uncommon trap: reason=unstable_if action=reinterpret pc=0x0000000002b8f1b0 method=java.util.BitSet.nextSetBit(I)I @ 87
Event: 2.078 Thread 0x0000000000c9e000 Uncommon trap: reason=unstable_if action=reinterpret pc=0x0000000002d97238 method=com.android.dx.cf.code.Ropper.labelToResultIndex(I)I @ 34
Event: 2.123 Thread 0x0000000000c9e000 Uncommon trap: reason=null_check action=make_not_entrant pc=0x0000000002c3a0a8 method=com.android.dx.rop.type.Type.equals(Ljava/lang/Object;)Z @ 8
Event: 2.262 Thread 0x0000000000c9e000 Uncommon trap: reason=unstable_if action=reinterpret pc=0x0000000002a9c470 method=java.util.regex.Pattern$BnM.optimize(Ljava/util/regex/Pattern$Node;)Ljava/util/regex/Pattern$Node; @ 22

Internal exceptions (3 events):
Event: 0.141 Thread 0x0000000000c9e000 Exception <a 'java/lang/NoSuchMethodError': Method sun.misc.Unsafe.defineClass(Ljava/lang/String;[BII)Ljava/lang/Class; name or signature does not match> (0x00000000eab07cc0) thrown at [C:\re\workspace\8-2-build-windows-amd64-cygwin\jdk8u91\6644\hotspot\sr=ºVjˇ¡?
Event: 0.141 Thread 0x0000000000c9e000 Exception <a 'java/lang/NoSuchMethodError': Method sun.misc.Unsafe.prefetchRead(Ljava/lang/Object;J)V name or signature does not match> (0x00000000eab07fa8) thrown at [C:\re\workspace\8-2-build-windows-amd64-cygwin\jdk8u91\6644\hotspot\src\share\vm\prims\j˚w#∂ê˚
Event: 2.123 Thread 0x0000000000c9e000 Implicit null exception at 0x0000000002c39fa2 to 0x0000000002c3a09a

Events (10 events):
Event: 2.123 Thread 0x0000000000c9e000 DEOPT UNPACKING pc=0x000000000298582a sp=0x000000000283e1d8 mode 2
Event: 2.128 Executing VM operation: ForceSafepoint
Event: 2.259 Executing VM operation: ForceSafepoint done
Event: 2.262 Thread 0x0000000000c9e000 Uncommon trap: trap_request=0xffffff65 fr.pc=0x0000000002a9c470
Event: 2.262 Thread 0x0000000000c9e000 DEOPT PACKING pc=0x0000000002a9c470 sp=0x000000000283e720
Event: 2.262 Thread 0x0000000000c9e000 DEOPT UNPACKING pc=0x000000000298582a sp=0x000000000283e648 mode 2
Event: 2.262 loading class java/util/regex/Pattern$Start
Event: 2.262 loading class java/util/regex/Pattern$Start done
Event: 2.262 loading class java/util/regex/Pattern$TreeInfo
Event: 2.272 Executing VM operation: ParallelGCFailedAllocation


Dynamic libraries:
0x00007ff794470000 - 0x00007ff7944a7000 	C:\Program Files\Java\jdk1.8.0_91\bin\java.exe
0x00007ffe745a0000 - 0x00007ffe74761000 	C:\WINDOWS\SYSTEM32\ntdll.dll
0x00007ffe71ae0000 - 0x00007ffe71b8d000 	C:\WINDOWS\system32\KERNEL32.DLL
0x00007ffe70e70000 - 0x00007ffe71058000 	C:\WINDOWS\system32\KERNELBASE.dll
0x00007ffe743b0000 - 0x00007ffe74457000 	C:\WINDOWS\system32\ADVAPI32.dll
0x00007ffe71a40000 - 0x00007ffe71add000 	C:\WINDOWS\system32\msvcrt.dll
0x00007ffe729a0000 - 0x00007ffe729fb000 	C:\WINDOWS\system32\sechost.dll
0x00007ffe725e0000 - 0x00007ffe726fc000 	C:\WINDOWS\system32\RPCRT4.dll
0x00007ffe71c90000 - 0x00007ffe71de6000 	C:\WINDOWS\system32\USER32.dll
0x00007ffe72810000 - 0x00007ffe72996000 	C:\WINDOWS\system32\GDI32.dll
0x00007ffe6de10000 - 0x00007ffe6e084000 	C:\WINDOWS\WinSxS\amd64_microsoft.windows.common-controls_6595b64144ccf1df_6.0.10586.494_none_a2d8b04ea53e3145\COMCTL32.dll
0x00007ffe72bb0000 - 0x00007ffe72e2d000 	C:\WINDOWS\system32\combase.dll
0x00007ffe71770000 - 0x00007ffe717da000 	C:\WINDOWS\system32\bcryptPrimitives.dll
0x00007ffe723f0000 - 0x00007ffe7242b000 	C:\WINDOWS\system32\IMM32.DLL
0x00007ffe70880000 - 0x00007ffe708b1000 	C:\Windows\system32\nvinitx.dll
0x00007ffe70870000 - 0x00007ffe7087a000 	C:\WINDOWS\SYSTEM32\VERSION.dll
0x00000000548d0000 - 0x00000000549a2000 	C:\Program Files\Java\jdk1.8.0_91\jre\bin\msvcr100.dll
0x0000000054d50000 - 0x00000000555e3000 	C:\Program Files\Java\jdk1.8.0_91\jre\bin\server\jvm.dll
0x00007ffe70dd0000 - 0x00007ffe70df3000 	C:\WINDOWS\system32\WINMM.dll
0x00007ffe70990000 - 0x00007ffe709bc000 	C:\WINDOWS\system32\WINMMBASE.dll
0x00007ffe70e20000 - 0x00007ffe70e63000 	C:\WINDOWS\system32\cfgmgr32.dll
0x00007ffe72280000 - 0x00007ffe72288000 	C:\WINDOWS\system32\PSAPI.DLL
0x00007ffe61cd0000 - 0x00007ffe61cd9000 	C:\WINDOWS\SYSTEM32\WSOCK32.dll
0x00007ffe72700000 - 0x00007ffe7276b000 	C:\WINDOWS\system32\WS2_32.dll
0x0000000054d40000 - 0x0000000054d4f000 	C:\Program Files\Java\jdk1.8.0_91\jre\bin\verify.dll
0x0000000054d10000 - 0x0000000054d39000 	C:\Program Files\Java\jdk1.8.0_91\jre\bin\java.dll
0x0000000054cf0000 - 0x0000000054d06000 	C:\Program Files\Java\jdk1.8.0_91\jre\bin\zip.dll
0x00007ffe72e30000 - 0x00007ffe7438c000 	C:\WINDOWS\system32\SHELL32.dll
0x00007ffe710c0000 - 0x00007ffe71705000 	C:\WINDOWS\system32\windows.storage.dll
0x00007ffe74540000 - 0x00007ffe74592000 	C:\WINDOWS\system32\shlwapi.dll
0x00007ffe709d0000 - 0x00007ffe709df000 	C:\WINDOWS\system32\kernel.appcore.dll
0x00007ffe70a00000 - 0x00007ffe70ab5000 	C:\WINDOWS\system32\shcore.dll
0x00007ffe71720000 - 0x00007ffe7176b000 	C:\WINDOWS\system32\powrprof.dll
0x00007ffe709e0000 - 0x00007ffe709f4000 	C:\WINDOWS\system32\profapi.dll

VM Arguments:
jvm_args: -Djava.awt.headless=true -Xmx1024M -Dfile.encoding=GBK -Duser.country=CN -Duser.language=zh -Duser.variant 
java_command: com.android.dx.command.Main --dex --force-jumbo --num-threads=4 --multi-dex --output D:\andriod_projects\smartHome\app\build\intermediates\transforms\dex\debug\folders\1000\2\Msc_13ca5e06530bdb21b722342a98c62b4e3432e993 D:\andriod_projects\smartHome\app\libs\Msc.jar
java_class_path (initial): D:\android\android_SDK\build-tools\23.0.3\lib\dx.jar
Launcher Type: SUN_STANDARD

Environment Variables:
JAVA_HOME=C:\Program Files (x86)\Java\jdk1.8.0_31
CLASSPATH=C:\Program Files (x86)\Java\jdk1.8.0_31\lib;C:\Program Files (x86)\Java\jdk1.8.0_31\lib\tools.jar;D:\andriod environment\adt-bundle-windows-x86-20131030\eclipse\plugins\org.apache.ant_1.8.3.v201301120609\lib;
PATH=C:\PROGRA~1\PTC\MKSTOO~1\bin64;C:\PROGRA~1\PTC\MKSTOO~1\bin;C:\PROGRA~1\PTC\MKSTOO~1\bin\X11;C:\PROGRA~1\PTC\MKSTOO~1\mksnt;C:\ProgramData\Oracle\Java\javapath;C:\Program Files (x86)\Intel\iCLS Client\;C:\Program Files\Intel\iCLS Client\;C:\Program Files (x86)\NVIDIA Corporation\PhysX\Common;C:\WINDOWS\system32;C:\WINDOWS;C:\WINDOWS\System32\Wbem;C:\WINDOWS\System32\WindowsPowerShell\v1.0\;C:\Program Files\Intel\Intel(R) Management Engine Components\DAL;C:\Program Files\Intel\Intel(R) Management Engine Components\IPT;C:\Program Files (x86)\Intel\Intel(R) Management Engine Components\DAL;C:\Program Files (x86)\Intel\Intel(R) Management Engine Components\IPT;C:\Program Files (x86)\Java\jdk1.8.0_31\bin;C:\Program Files (x86)\Java\jdk1.8.0_31\jre\bin;D:\andriod environment\adt-bundle-windows-x86-20131030\sdk\tools;D:\andriod environment\adt-bundle-windows-x86-20131030\sdk\platform-tools;D:\andriod environment\adt-bundle-windows-x86-20131030\eclipse\plugins\org.apache.ant_1.8.3.v201301120609\bin;C:\Program Files\nodejs\;D:\Git\cmd;D:\HMA! Pro VPN\bin
USERNAME=freedom
DISPLAY=:0.0
OS=Windows_NT
PROCESSOR_IDENTIFIER=Intel64 Family 6 Model 60 Stepping 3, GenuineIntel



---------------  S Y S T E M  ---------------

OS: Windows 10.0 , 64 bit Build 10586 (10.0.10586.0)

CPU:total 4 (2 cores per cpu, 2 threads per core) family 6 model 60 stepping 3, cmov, cx8, fxsr, mmx, sse, sse2, sse3, ssse3, sse4.1, sse4.2, popcnt, avx, avx2, aes, clmul, erms, lzcnt, ht, tsc, tscinvbit, bmi1, bmi2

Memory: 4k page, physical 4112564k(499644k free), swap 5685428k(644k free)

vm_info: Java HotSpot(TM) 64-Bit Server VM (25.91-b14) for windows-amd64 JRE (1.8.0_91-b14), built on Apr  1 2016 00:58:32 by "java_re" with MS VC++ 10.0 (VS2010)

time: Sat Sep 03 14:18:46 2016
elapsed time: 2 seconds (0d 0h 0m 2s)

