#
# There is insufficient memory for the Java Runtime Environment to continue.
# Native memory allocation (malloc) failed to allocate 35536 bytes for Chunk::new
# Possible reasons:
#   The system is out of physical RAM or swap space
#   In 32 bit mode, the process size limit was hit
# Possible solutions:
#   Reduce memory load on the system
#   Increase physical memory or swap space
#   Check if swap backing store is full
#   Use 64 bit Java on a 64 bit OS
#   Decrease Java heap size (-Xmx/-Xms)
#   Decrease number of Java threads
#   Decrease Java thread stack sizes (-Xss)
#   Set larger code cache with -XX:ReservedCodeCacheSize=
# This output file may be truncated or incomplete.
#
#  Out of Memory Error (allocation.cpp:390), pid=3744, tid=7548
#
# JRE version: Java(TM) SE Runtime Environment (8.0_91-b14) (build 1.8.0_91-b14)
# Java VM: Java HotSpot(TM) 64-Bit Server VM (25.91-b14 mixed mode windows-amd64 compressed oops)
# Failed to write core dump. Minidumps are not enabled by default on client versions of Windows
#

---------------  T H R E A D  ---------------

Current thread (0x00000000154e3800):  JavaThread "C2 CompilerThread0" daemon [_thread_in_native, id=7548, stack(0x0000000016e50000,0x0000000016f50000)]

Stack: [0x0000000016e50000,0x0000000016f50000]
[error occurred during error reporting (printing stack bounds), id 0xc0000005]

Native frames: (J=compiled Java code, j=interpreted, Vv=VM code, C=native code)


Current CompileTask:
C2:   1323  559       4       java.util.ArrayList::add (29 bytes)


---------------  P R O C E S S  ---------------

Java Threads: ( => current thread )
  0x0000000016b19000 JavaThread "pool-2-thread-4" [_thread_in_Java, id=7296, stack(0x0000000017750000,0x0000000017850000)]
  0x0000000016b17000 JavaThread "pool-2-thread-3" [_thread_in_Java, id=10692, stack(0x0000000017650000,0x0000000017750000)]
  0x0000000016b15000 JavaThread "pool-2-thread-2" [_thread_in_Java, id=5836, stack(0x0000000017550000,0x0000000017650000)]
  0x0000000016b10800 JavaThread "pool-3-thread-1" [_thread_blocked, id=10656, stack(0x0000000017450000,0x0000000017550000)]
  0x0000000016b0e000 JavaThread "pool-2-thread-1" [_thread_in_Java, id=9556, stack(0x0000000017350000,0x0000000017450000)]
  0x00000000168b2800 JavaThread "Service Thread" daemon [_thread_blocked, id=2940, stack(0x0000000017150000,0x0000000017250000)]
  0x00000000168ad800 JavaThread "C1 CompilerThread2" daemon [_thread_in_native, id=5784, stack(0x0000000017050000,0x0000000017150000)]
  0x00000000154eb800 JavaThread "C2 CompilerThread1" daemon [_thread_in_native, id=2168, stack(0x0000000016f50000,0x0000000017050000)]
=>0x00000000154e3800 JavaThread "C2 CompilerThread0" daemon [_thread_in_native, id=7548, stack(0x0000000016e50000,0x0000000016f50000)]
  0x0000000016860800 JavaThread "Attach Listener" daemon [_thread_blocked, id=7700, stack(0x0000000016d50000,0x0000000016e50000)]
  0x000000001549e000 JavaThread "Signal Dispatcher" daemon [_thread_blocked, id=7568, stack(0x0000000016c50000,0x0000000016d50000)]
  0x000000001547a000 JavaThread "Finalizer" daemon [_thread_blocked, id=3680, stack(0x00000000166f0000,0x00000000167f0000)]
  0x0000000015459000 JavaThread "Reference Handler" daemon [_thread_blocked, id=3828, stack(0x00000000165f0000,0x00000000166f0000)]
  0x000000000291e000 JavaThread "main" [_thread_blocked, id=2720, stack(0x00000000027a0000,0x00000000028a0000)]

Other Threads:
  0x0000000015457800 VMThread [stack: 0x00000000164f0000,0x00000000165f0000] [id=10696]
  0x00000000168fb000 WatcherThread [stack: 0x0000000017250000,0x0000000017350000] [id=10884]

VM state:at safepoint (normal execution)

VM Mutex/Monitor currently owned by a thread:  ([mutex/lock_event])
[0x000000000291d170] Threads_lock - owner thread: 0x0000000015457800
[0x000000000291d8f0] Heap_lock - owner thread: 0x0000000016b19000

Heap:
 PSYoungGen      total 18944K, used 16384K [0x00000000eab00000, 0x00000000ec000000, 0x0000000100000000)
  eden space 16384K, 100% used [0x00000000eab00000,0x00000000ebb00000,0x00000000ebb00000)
  from space 2560K, 0% used [0x00000000ebd80000,0x00000000ebd80000,0x00000000ec000000)
  to   space 2560K, 3% used [0x00000000ebb00000,0x00000000ebb18000,0x00000000ebd80000)
 ParOldGen       total 44032K, used 0K [0x00000000c0000000, 0x00000000c2b00000, 0x00000000eab00000)
  object space 44032K, 0% used [0x00000000c0000000,0x00000000c0000000,0x00000000c2b00000)
 Metaspace       used 5781K, capacity 6710K, committed 6784K, reserved 1058816K
  class space    used 602K, capacity 622K, committed 640K, reserved 1048576K

Card table byte_map: [0x0000000012180000,0x0000000012390000] byte_map_base: 0x0000000011b80000

Marking Bits: (ParMarkBitMap*) 0x00000000727a2f70
 Begin Bits: [0x00000000128f0000, 0x00000000138f0000)
 End Bits:   [0x00000000138f0000, 0x00000000148f0000)

Polling page: 0x0000000000d30000

CodeCache: size=245760Kb used=2346Kb max_used=2346Kb free=243413Kb
 bounds [0x0000000002dc0000, 0x0000000003030000, 0x0000000011dc0000]
 total_blobs=882 nmethods=611 adapters=184
 compilation: enabled

Compilation events (10 events):
Event: 1.276 Thread 0x00000000168ad800 nmethod 547 0x0000000002fe1790 code [0x0000000002fe1920, 0x0000000002fe1cd8]
Event: 1.276 Thread 0x00000000168ad800  558       3       com.android.dx.rop.code.BasicBlockList$RegCountVisitor::visit (52 bytes)
Event: 1.277 Thread 0x00000000154e3800 nmethod 556 0x0000000002fe2b50 code [0x0000000002fe2ca0, 0x0000000002fe2db8]
Event: 1.277 Thread 0x00000000154e3800  559       4       java.util.ArrayList::add (29 bytes)
Event: 1.277 Thread 0x00000000168ad800 nmethod 558 0x0000000002fe8b50 code [0x0000000002fe8d60, 0x0000000002fe9c28]
Event: 1.277 Thread 0x00000000168ad800  542       3       java.util.Collections$UnmodifiableCollection$1::hasNext (10 bytes)
Event: 1.277 Thread 0x00000000168ad800 nmethod 542 0x0000000002fe8710 code [0x0000000002fe8880, 0x0000000002fe8aa8]
Event: 1.277 Thread 0x00000000168ad800  540       3       com.android.dx.ssa.SsaInsn::mapRegisters (35 bytes)
Event: 1.277 Thread 0x00000000168ad800 nmethod 540 0x0000000002fe7fd0 code [0x0000000002fe8160, 0x0000000002fe85c8]
Event: 1.277 Thread 0x00000000168ad800  544       3       com.android.dx.ssa.DeadCodeRemover$NoSideEffectVisitor::visitNonMoveInsn (28 bytes)

GC Heap History (0 events):
No events

Deoptimization events (1 events):
Event: 1.277 Thread 0x0000000016b17000 Uncommon trap: reason=unstable_if action=reinterpret pc=0x0000000002fe2d30 method=java.util.BitSet.nextSetBit(I)I @ 87

Internal exceptions (2 events):
Event: 0.272 Thread 0x000000000291e000 Exception <a 'java/lang/NoSuchMethodError': Method sun.misc.Unsafe.defineClass(Ljava/lang/String;[BII)Ljava/lang/Class; name or signature does not match> (0x00000000eab07cc0) thrown at [C:\re\workspace\8-2-build-windows-amd64-cygwin\jdk8u91\6644\hotspot\srê³²(6eÑ?
Event: 0.272 Thread 0x000000000291e000 Exception <a 'java/lang/NoSuchMethodError': Method sun.misc.Unsafe.prefetchRead(Ljava/lang/Object;J)V name or signature does not match> (0x00000000eab07fa8) thrown at [C:\re\workspace\8-2-build-windows-amd64-cygwin\jdk8u91\6644\hotspot\src\share\vm\prims\j

Events (10 events):
Event: 1.260 loading class com/android/dx/dex/file/MethodAnnotationStruct done
Event: 1.262 loading class com/android/dx/ssa/PhiInsn$Operand
Event: 1.262 loading class com/android/dx/ssa/PhiInsn$Operand done
Event: 1.262 loading class java/util/HashMap$ValueIterator
Event: 1.262 loading class java/util/HashMap$ValueIterator done
Event: 1.272 loading class com/android/dx/ssa/back/FirstFitLocalCombiningAllocator$Multiset
Event: 1.272 loading class com/android/dx/ssa/back/FirstFitLocalCombiningAllocator$Multiset done
Event: 1.277 Thread 0x0000000016b17000 Uncommon trap: trap_request=0xffffff65 fr.pc=0x0000000002fe2d30
Event: 1.277 Thread 0x0000000016b17000 DEOPT PACKING pc=0x0000000002fe2d30 sp=0x000000001774eff0
Event: 1.277 Thread 0x0000000016b17000 DEOPT UNPACKING pc=0x0000000002e0582a sp=0x000000001774ef88 mode 2


Dynamic libraries:
0x00007ff615050000 - 0x00007ff615087000 	C:\Program Files\Java\jdk1.8.0_91\bin\java.exe
0x00007ffa53620000 - 0x00007ffa537e1000 	C:\WINDOWS\SYSTEM32\ntdll.dll
0x00007ffa50ae0000 - 0x00007ffa50b8d000 	C:\WINDOWS\system32\KERNEL32.DLL
0x00007ffa50340000 - 0x00007ffa50528000 	C:\WINDOWS\system32\KERNELBASE.dll
0x00007ffa50b90000 - 0x00007ffa50c37000 	C:\WINDOWS\system32\ADVAPI32.dll
0x00007ffa524a0000 - 0x00007ffa5253d000 	C:\WINDOWS\system32\msvcrt.dll
0x00007ffa53410000 - 0x00007ffa5346b000 	C:\WINDOWS\system32\sechost.dll
0x00007ffa53500000 - 0x00007ffa5361c000 	C:\WINDOWS\system32\RPCRT4.dll
0x00007ffa52540000 - 0x00007ffa52696000 	C:\WINDOWS\system32\USER32.dll
0x00007ffa50ca0000 - 0x00007ffa50e26000 	C:\WINDOWS\system32\GDI32.dll
0x00007ffa4d490000 - 0x00007ffa4d704000 	C:\WINDOWS\WinSxS\amd64_microsoft.windows.common-controls_6595b64144ccf1df_6.0.10586.494_none_a2d8b04ea53e3145\COMCTL32.dll
0x00007ffa50860000 - 0x00007ffa50add000 	C:\WINDOWS\system32\combase.dll
0x00007ffa507d0000 - 0x00007ffa5083a000 	C:\WINDOWS\system32\bcryptPrimitives.dll
0x00007ffa52390000 - 0x00007ffa523cb000 	C:\WINDOWS\system32\IMM32.DLL
0x00007ffa4f910000 - 0x00007ffa4f941000 	C:\Windows\system32\nvinitx.dll
0x00007ffa4f900000 - 0x00007ffa4f90a000 	C:\WINDOWS\SYSTEM32\VERSION.dll
0x0000000071b10000 - 0x0000000071be2000 	C:\Program Files\Java\jdk1.8.0_91\jre\bin\msvcr100.dll
0x0000000071f90000 - 0x0000000072823000 	C:\Program Files\Java\jdk1.8.0_91\jre\bin\server\jvm.dll
0x00007ffa50580000 - 0x00007ffa505a3000 	C:\WINDOWS\system32\WINMM.dll
0x00007ffa4fa50000 - 0x00007ffa4fa7c000 	C:\WINDOWS\system32\WINMMBASE.dll
0x00007ffa50780000 - 0x00007ffa507c3000 	C:\WINDOWS\system32\cfgmgr32.dll
0x00007ffa52f40000 - 0x00007ffa52f48000 	C:\WINDOWS\system32\PSAPI.DLL
0x00007ffa42dc0000 - 0x00007ffa42dc9000 	C:\WINDOWS\SYSTEM32\WSOCK32.dll
0x00007ffa526a0000 - 0x00007ffa5270b000 	C:\WINDOWS\system32\WS2_32.dll
0x0000000071f80000 - 0x0000000071f8f000 	C:\Program Files\Java\jdk1.8.0_91\jre\bin\verify.dll
0x0000000071f50000 - 0x0000000071f79000 	C:\Program Files\Java\jdk1.8.0_91\jre\bin\java.dll
0x0000000071f30000 - 0x0000000071f46000 	C:\Program Files\Java\jdk1.8.0_91\jre\bin\zip.dll
0x00007ffa50e30000 - 0x00007ffa5238c000 	C:\WINDOWS\system32\SHELL32.dll
0x00007ffa4fcf0000 - 0x00007ffa50335000 	C:\WINDOWS\system32\windows.storage.dll
0x00007ffa533b0000 - 0x00007ffa53402000 	C:\WINDOWS\system32\shlwapi.dll
0x00007ffa4fa10000 - 0x00007ffa4fa1f000 	C:\WINDOWS\system32\kernel.appcore.dll
0x00007ffa4fc30000 - 0x00007ffa4fce5000 	C:\WINDOWS\system32\shcore.dll
0x00007ffa50530000 - 0x00007ffa5057b000 	C:\WINDOWS\system32\powrprof.dll
0x00007ffa4fa20000 - 0x00007ffa4fa34000 	C:\WINDOWS\system32\profapi.dll

VM Arguments:
jvm_args: -Djava.awt.headless=true -Xmx1024M -Dfile.encoding=GBK -Duser.country=CN -Duser.language=zh -Duser.variant 
java_command: com.android.dx.command.Main --dex --force-jumbo --num-threads=4 --multi-dex --output D:\andriod_projects\smartHome\app\build\intermediates\transforms\dex\debug\folders\1000\10\com.android.support-recyclerview-v7-23.3.0_450d36ffa14669aa0bab8b1c958cc1a4a58867c6 D:\andriod_projects\smartHome\app\build\intermediates\exploded-aar\com.android.support\recyclerview-v7\23.3.0\jars\classes.jar
java_class_path (initial): D:\android\android_SDK\build-tools\23.0.3\lib\dx.jar
Launcher Type: SUN_STANDARD

Environment Variables:
JAVA_HOME=C:\Program Files (x86)\Java\jdk1.8.0_31
CLASSPATH=C:\Program Files (x86)\Java\jdk1.8.0_31\lib;C:\Program Files (x86)\Java\jdk1.8.0_31\lib\tools.jar;D:\andriod environment\adt-bundle-windows-x86-20131030\eclipse\plugins\org.apache.ant_1.8.3.v201301120609\lib;
PATH=C:\PROGRA~1\PTC\MKSTOO~1\bin64;C:\PROGRA~1\PTC\MKSTOO~1\bin;C:\PROGRA~1\PTC\MKSTOO~1\bin\X11;C:\PROGRA~1\PTC\MKSTOO~1\mksnt;C:\ProgramData\Oracle\Java\javapath;C:\Program Files (x86)\Intel\iCLS Client\;C:\Program Files\Intel\iCLS Client\;C:\Program Files (x86)\NVIDIA Corporation\PhysX\Common;C:\WINDOWS\system32;C:\WINDOWS;C:\WINDOWS\System32\Wbem;C:\WINDOWS\System32\WindowsPowerShell\v1.0\;C:\Program Files\Intel\Intel(R) Management Engine Components\DAL;C:\Program Files\Intel\Intel(R) Management Engine Components\IPT;C:\Program Files (x86)\Intel\Intel(R) Management Engine Components\DAL;C:\Program Files (x86)\Intel\Intel(R) Management Engine Components\IPT;C:\Program Files (x86)\Java\jdk1.8.0_31\bin;C:\Program Files (x86)\Java\jdk1.8.0_31\jre\bin;D:\andriod environment\adt-bundle-windows-x86-20131030\sdk\tools;D:\andriod environment\adt-bundle-windows-x86-20131030\sdk\platform-tools;D:\andriod environment\adt-bundle-windows-x86-20131030\eclipse\plugins\org.apache.ant_1.8.3.v201301120609\bin;C:\Program Files\nodejs\;D:\Git\cmd;D:\HMA! Pro VPN\bin
USERNAME=freedom
DISPLAY=:0.0
OS=Windows_NT
PROCESSOR_IDENTIFIER=Intel64 Family 6 Model 60 Stepping 3, GenuineIntel



---------------  S Y S T E M  ---------------

OS: Windows 10.0 , 64 bit Build 10586 (10.0.10586.0)

CPU:total 4 (2 cores per cpu, 2 threads per core) family 6 model 60 stepping 3, cmov, cx8, fxsr, mmx, sse, sse2, sse3, ssse3, sse4.1, sse4.2, popcnt, avx, avx2, aes, clmul, erms, lzcnt, ht, tsc, tscinvbit, bmi1, bmi2

Memory: 4k page, physical 4112564k(288980k free), swap 5685428k(440k free)

vm_info: Java HotSpot(TM) 64-Bit Server VM (25.91-b14) for windows-amd64 JRE (1.8.0_91-b14), built on Apr  1 2016 00:58:32 by "java_re" with MS VC++ 10.0 (VS2010)

time: Sun Sep 04 23:31:06 2016
elapsed time: 1 seconds (0d 0h 0m 1s)

