#
# There is insufficient memory for the Java Runtime Environment to continue.
# Native memory allocation (malloc) failed to allocate 178128 bytes for Chunk::new
# Possible reasons:
#   The system is out of physical RAM or swap space
#   In 32 bit mode, the process size limit was hit
# Possible solutions:
#   Reduce memory load on the system
#   Increase physical memory or swap space
#   Check if swap backing store is full
#   Use 64 bit Java on a 64 bit OS
#   Decrease Java heap size (-Xmx/-Xms)
#   Decrease number of Java threads
#   Decrease Java thread stack sizes (-Xss)
#   Set larger code cache with -XX:ReservedCodeCacheSize=
# This output file may be truncated or incomplete.
#
#  Out of Memory Error (allocation.cpp:390), pid=10032, tid=13928
#
# JRE version: Java(TM) SE Runtime Environment (8.0_91-b14) (build 1.8.0_91-b14)
# Java VM: Java HotSpot(TM) 64-Bit Server VM (25.91-b14 mixed mode windows-amd64 compressed oops)
# Failed to write core dump. Minidumps are not enabled by default on client versions of Windows
#

---------------  T H R E A D  ---------------

Current thread (0x0000000014dab800):  JavaThread "C2 CompilerThread0" daemon [_thread_in_native, id=13928, stack(0x0000000016710000,0x0000000016810000)]

Stack: [0x0000000016710000,0x0000000016810000]
[error occurred during error reporting (printing stack bounds), id 0xc0000005]

Native frames: (J=compiled Java code, j=interpreted, Vv=VM code, C=native code)


Current CompileTask:
C2:   6206 1841   !   4       com.android.dx.cf.code.BytecodeArray::parseInstruction (2764 bytes)


---------------  P R O C E S S  ---------------

Java Threads: ( => current thread )
  0x00000000163da800 JavaThread "pool-2-thread-4" [_thread_blocked, id=7724, stack(0x0000000017010000,0x0000000017110000)]
  0x0000000016388000 JavaThread "pool-2-thread-3" [_thread_blocked, id=2328, stack(0x0000000016f10000,0x0000000017010000)]
  0x000000001637f800 JavaThread "pool-2-thread-2" [_thread_blocked, id=948, stack(0x0000000016e10000,0x0000000016f10000)]
  0x000000001637f000 JavaThread "pool-3-thread-1" [_thread_blocked, id=13652, stack(0x0000000016d10000,0x0000000016e10000)]
  0x000000001637c000 JavaThread "pool-2-thread-1" [_thread_in_Java, id=1836, stack(0x0000000016c10000,0x0000000016d10000)]
  0x0000000016172800 JavaThread "Service Thread" daemon [_thread_blocked, id=3412, stack(0x0000000016a10000,0x0000000016b10000)]
  0x000000001616d800 JavaThread "C1 CompilerThread2" daemon [_thread_blocked, id=10892, stack(0x0000000016910000,0x0000000016a10000)]
  0x0000000016166800 JavaThread "C2 CompilerThread1" daemon [_thread_in_native, id=13936, stack(0x0000000016810000,0x0000000016910000)]
=>0x0000000014dab800 JavaThread "C2 CompilerThread0" daemon [_thread_in_native, id=13928, stack(0x0000000016710000,0x0000000016810000)]
  0x0000000014da9000 JavaThread "Attach Listener" daemon [_thread_blocked, id=13908, stack(0x0000000016610000,0x0000000016710000)]
  0x0000000014d5f000 JavaThread "Signal Dispatcher" daemon [_thread_blocked, id=10824, stack(0x0000000016510000,0x0000000016610000)]
  0x000000000267a800 JavaThread "Finalizer" daemon [_thread_blocked, id=13888, stack(0x0000000015fb0000,0x00000000160b0000)]
  0x0000000002670000 JavaThread "Reference Handler" daemon [_thread_blocked, id=9648, stack(0x0000000015eb0000,0x0000000015fb0000)]
  0x000000000212e000 JavaThread "main" [_thread_in_Java, id=12088, stack(0x0000000002480000,0x0000000002580000)]

Other Threads:
  0x0000000014d17800 VMThread [stack: 0x0000000015db0000,0x0000000015eb0000] [id=6964]
  0x00000000161c5000 WatcherThread [stack: 0x0000000016b10000,0x0000000016c10000] [id=8676]

VM state:not at safepoint (normal execution)

VM Mutex/Monitor currently owned by a thread: None

Heap:
 PSYoungGen      total 35328K, used 19715K [0x00000000eab00000, 0x00000000ed000000, 0x0000000100000000)
  eden space 32768K, 52% used [0x00000000eab00000,0x00000000ebbc6de8,0x00000000ecb00000)
  from space 2560K, 99% used [0x00000000ecb00000,0x00000000ecd7a048,0x00000000ecd80000)
  to   space 2560K, 0% used [0x00000000ecd80000,0x00000000ecd80000,0x00000000ed000000)
 ParOldGen       total 44032K, used 18894K [0x00000000c0000000, 0x00000000c2b00000, 0x00000000eab00000)
  object space 44032K, 42% used [0x00000000c0000000,0x00000000c1273a60,0x00000000c2b00000)
 Metaspace       used 6325K, capacity 7096K, committed 7296K, reserved 1056768K
  class space    used 601K, capacity 624K, committed 640K, reserved 1048576K

Card table byte_map: [0x0000000011a40000,0x0000000011c50000] byte_map_base: 0x0000000011440000

Marking Bits: (ParMarkBitMap*) 0x0000000054722f70
 Begin Bits: [0x00000000121b0000, 0x00000000131b0000)
 End Bits:   [0x00000000131b0000, 0x00000000141b0000)

Polling page: 0x0000000000950000

CodeCache: size=245760Kb used=7603Kb max_used=7603Kb free=238156Kb
 bounds [0x0000000002680000, 0x0000000002e00000, 0x0000000011680000]
 total_blobs=2053 nmethods=1780 adapters=183
 compilation: enabled

Compilation events (10 events):
Event: 6.160 Thread 0x000000001616d800 1846       2       com.android.dx.cf.code.Ropper::getMinimumUnreservedLabel (19 bytes)
Event: 6.160 Thread 0x000000001616d800 nmethod 1846 0x0000000002de9950 code [0x0000000002de9aa0, 0x0000000002de9c10]
Event: 6.162 Thread 0x000000001616d800 1847       2       java.util.DualPivotQuicksort::sort (614 bytes)
Event: 6.163 Thread 0x000000001616d800 nmethod 1847 0x0000000002de75d0 code [0x0000000002de7820, 0x0000000002de8578]
Event: 6.176 Thread 0x000000001616d800 1850       2       com.android.dx.rop.type.StdTypeList::withAddedType (55 bytes)
Event: 6.177 Thread 0x000000001616d800 nmethod 1850 0x0000000002dea110 code [0x0000000002dea340, 0x0000000002deac38]
Event: 6.177 Thread 0x000000001616d800 1851       2       com.android.dx.rop.code.ThrowingCstInsn::withAddedCatch (34 bytes)
Event: 6.178 Thread 0x000000001616d800 nmethod 1851 0x0000000002de7150 code [0x0000000002de72c0, 0x0000000002de74f8]
Event: 6.190 Thread 0x000000001616d800 1852       2       java.util.concurrent.FutureTask::set (36 bytes)
Event: 6.190 Thread 0x000000001616d800 nmethod 1852 0x0000000002de6cd0 code [0x0000000002de6e40, 0x0000000002de7028]

GC Heap History (10 events):
Event: 1.651 GC heap before
{Heap before GC invocations=1 (full 0):
 PSYoungGen      total 18944K, used 16384K [0x00000000eab00000, 0x00000000ec000000, 0x0000000100000000)
  eden space 16384K, 100% used [0x00000000eab00000,0x00000000ebb00000,0x00000000ebb00000)
  from space 2560K, 0% used [0x00000000ebd80000,0x00000000ebd80000,0x00000000ec000000)
  to   space 2560K, 0% used [0x00000000ebb00000,0x00000000ebb00000,0x00000000ebd80000)
 ParOldGen       total 44032K, used 0K [0x00000000c0000000, 0x00000000c2b00000, 0x00000000eab00000)
  object space 44032K, 0% used [0x00000000c0000000,0x00000000c0000000,0x00000000c2b00000)
 Metaspace       used 5632K, capacity 6518K, committed 6784K, reserved 1056768K
  class space    used 594K, capacity 622K, committed 640K, reserved 1048576K
Event: 1.904 GC heap after
Heap after GC invocations=1 (full 0):
 PSYoungGen      total 18944K, used 2549K [0x00000000eab00000, 0x00000000ed000000, 0x0000000100000000)
  eden space 16384K, 0% used [0x00000000eab00000,0x00000000eab00000,0x00000000ebb00000)
  from space 2560K, 99% used [0x00000000ebb00000,0x00000000ebd7d7a0,0x00000000ebd80000)
  to   space 2560K, 0% used [0x00000000ecd80000,0x00000000ecd80000,0x00000000ed000000)
 ParOldGen       total 44032K, used 1200K [0x00000000c0000000, 0x00000000c2b00000, 0x00000000eab00000)
  object space 44032K, 2% used [0x00000000c0000000,0x00000000c012c2f0,0x00000000c2b00000)
 Metaspace       used 5632K, capacity 6518K, committed 6784K, reserved 1056768K
  class space    used 594K, capacity 622K, committed 640K, reserved 1048576K
}
Event: 2.550 GC heap before
{Heap before GC invocations=2 (full 0):
 PSYoungGen      total 18944K, used 18933K [0x00000000eab00000, 0x00000000ed000000, 0x0000000100000000)
  eden space 16384K, 100% used [0x00000000eab00000,0x00000000ebb00000,0x00000000ebb00000)
  from space 2560K, 99% used [0x00000000ebb00000,0x00000000ebd7d7a0,0x00000000ebd80000)
  to   space 2560K, 0% used [0x00000000ecd80000,0x00000000ecd80000,0x00000000ed000000)
 ParOldGen       total 44032K, used 1200K [0x00000000c0000000, 0x00000000c2b00000, 0x00000000eab00000)
  object space 44032K, 2% used [0x00000000c0000000,0x00000000c012c2f0,0x00000000c2b00000)
 Metaspace       used 5952K, capacity 6840K, committed 7040K, reserved 1056768K
  class space    used 597K, capacity 624K, committed 640K, reserved 1048576K
Event: 2.889 GC heap after
Heap after GC invocations=2 (full 0):
 PSYoungGen      total 35328K, used 2555K [0x00000000eab00000, 0x00000000ed000000, 0x0000000100000000)
  eden space 32768K, 0% used [0x00000000eab00000,0x00000000eab00000,0x00000000ecb00000)
  from space 2560K, 99% used [0x00000000ecd80000,0x00000000ecffec18,0x00000000ed000000)
  to   space 2560K, 0% used [0x00000000ecb00000,0x00000000ecb00000,0x00000000ecd80000)
 ParOldGen       total 44032K, used 3389K [0x00000000c0000000, 0x00000000c2b00000, 0x00000000eab00000)
  object space 44032K, 7% used [0x00000000c0000000,0x00000000c034f5b0,0x00000000c2b00000)
 Metaspace       used 5952K, capacity 6840K, committed 7040K, reserved 1056768K
  class space    used 597K, capacity 624K, committed 640K, reserved 1048576K
}
Event: 3.794 GC heap before
{Heap before GC invocations=3 (full 0):
 PSYoungGen      total 35328K, used 35323K [0x00000000eab00000, 0x00000000ed000000, 0x0000000100000000)
  eden space 32768K, 100% used [0x00000000eab00000,0x00000000ecb00000,0x00000000ecb00000)
  from space 2560K, 99% used [0x00000000ecd80000,0x00000000ecffec18,0x00000000ed000000)
  to   space 2560K, 0% used [0x00000000ecb00000,0x00000000ecb00000,0x00000000ecd80000)
 ParOldGen       total 44032K, used 3389K [0x00000000c0000000, 0x00000000c2b00000, 0x00000000eab00000)
  object space 44032K, 7% used [0x00000000c0000000,0x00000000c034f5b0,0x00000000c2b00000)
 Metaspace       used 6180K, capacity 7032K, committed 7296K, reserved 1056768K
  class space    used 601K, capacity 624K, committed 640K, reserved 1048576K
Event: 3.853 GC heap after
Heap after GC invocations=3 (full 0):
 PSYoungGen      total 35328K, used 2538K [0x00000000eab00000, 0x00000000ed000000, 0x0000000100000000)
  eden space 32768K, 0% used [0x00000000eab00000,0x00000000eab00000,0x00000000ecb00000)
  from space 2560K, 99% used [0x00000000ecb00000,0x00000000ecd7abe8,0x00000000ecd80000)
  to   space 2560K, 0% used [0x00000000ecd80000,0x00000000ecd80000,0x00000000ed000000)
 ParOldGen       total 44032K, used 9019K [0x00000000c0000000, 0x00000000c2b00000, 0x00000000eab00000)
  object space 44032K, 20% used [0x00000000c0000000,0x00000000c08ced00,0x00000000c2b00000)
 Metaspace       used 6180K, capacity 7032K, committed 7296K, reserved 1056768K
  class space    used 601K, capacity 624K, committed 640K, reserved 1048576K
}
Event: 5.018 GC heap before
{Heap before GC invocations=4 (full 0):
 PSYoungGen      total 35328K, used 35306K [0x00000000eab00000, 0x00000000ed000000, 0x0000000100000000)
  eden space 32768K, 100% used [0x00000000eab00000,0x00000000ecb00000,0x00000000ecb00000)
  from space 2560K, 99% used [0x00000000ecb00000,0x00000000ecd7abe8,0x00000000ecd80000)
  to   space 2560K, 0% used [0x00000000ecd80000,0x00000000ecd80000,0x00000000ed000000)
 ParOldGen       total 44032K, used 9019K [0x00000000c0000000, 0x00000000c2b00000, 0x00000000eab00000)
  object space 44032K, 20% used [0x00000000c0000000,0x00000000c08ced00,0x00000000c2b00000)
 Metaspace       used 6285K, capacity 7096K, committed 7296K, reserved 1056768K
  class space    used 601K, capacity 624K, committed 640K, reserved 1048576K
Event: 5.034 GC heap after
Heap after GC invocations=4 (full 0):
 PSYoungGen      total 35328K, used 2536K [0x00000000eab00000, 0x00000000ed000000, 0x0000000100000000)
  eden space 32768K, 0% used [0x00000000eab00000,0x00000000eab00000,0x00000000ecb00000)
  from space 2560K, 99% used [0x00000000ecd80000,0x00000000ecffa038,0x00000000ed000000)
  to   space 2560K, 0% used [0x00000000ecb00000,0x00000000ecb00000,0x00000000ecd80000)
 ParOldGen       total 44032K, used 14116K [0x00000000c0000000, 0x00000000c2b00000, 0x00000000eab00000)
  object space 44032K, 32% used [0x00000000c0000000,0x00000000c0dc9188,0x00000000c2b00000)
 Metaspace       used 6285K, capacity 7096K, committed 7296K, reserved 1056768K
  class space    used 601K, capacity 624K, committed 640K, reserved 1048576K
}
Event: 5.762 GC heap before
{Heap before GC invocations=5 (full 0):
 PSYoungGen      total 35328K, used 35304K [0x00000000eab00000, 0x00000000ed000000, 0x0000000100000000)
  eden space 32768K, 100% used [0x00000000eab00000,0x00000000ecb00000,0x00000000ecb00000)
  from space 2560K, 99% used [0x00000000ecd80000,0x00000000ecffa038,0x00000000ed000000)
  to   space 2560K, 0% used [0x00000000ecb00000,0x00000000ecb00000,0x00000000ecd80000)
 ParOldGen       total 44032K, used 14116K [0x00000000c0000000, 0x00000000c2b00000, 0x00000000eab00000)
  object space 44032K, 32% used [0x00000000c0000000,0x00000000c0dc9188,0x00000000c2b00000)
 Metaspace       used 6311K, capacity 7096K, committed 7296K, reserved 1056768K
  class space    used 601K, capacity 624K, committed 640K, reserved 1048576K
Event: 5.883 GC heap after
Heap after GC invocations=5 (full 0):
 PSYoungGen      total 35328K, used 2536K [0x00000000eab00000, 0x00000000ed000000, 0x0000000100000000)
  eden space 32768K, 0% used [0x00000000eab00000,0x00000000eab00000,0x00000000ecb00000)
  from space 2560K, 99% used [0x00000000ecb00000,0x00000000ecd7a048,0x00000000ecd80000)
  to   space 2560K, 0% used [0x00000000ecd80000,0x00000000ecd80000,0x00000000ed000000)
 ParOldGen       total 44032K, used 18894K [0x00000000c0000000, 0x00000000c2b00000, 0x00000000eab00000)
  object space 44032K, 42% used [0x00000000c0000000,0x00000000c1273a60,0x00000000c2b00000)
 Metaspace       used 6311K, capacity 7096K, committed 7296K, reserved 1056768K
  class space    used 601K, capacity 624K, committed 640K, reserved 1048576K
}

Deoptimization events (10 events):
Event: 4.298 Thread 0x0000000016388000 Uncommon trap: reason=bimorphic action=maybe_recompile pc=0x0000000002c7efa8 method=com.android.dx.ssa.SCCP.setLatticeValueTo(IILcom/android/dx/rop/cst/Constant;)Z @ 43
Event: 4.298 Thread 0x0000000016388000 Uncommon trap: reason=bimorphic action=maybe_recompile pc=0x0000000002c7efa8 method=com.android.dx.ssa.SCCP.setLatticeValueTo(IILcom/android/dx/rop/cst/Constant;)Z @ 43
Event: 4.340 Thread 0x000000001637c000 Uncommon trap: reason=bimorphic action=maybe_recompile pc=0x0000000002c7ef30 method=com.android.dx.ssa.SCCP.simulatePhi(Lcom/android/dx/ssa/PhiInsn;)V @ 124
Event: 4.340 Thread 0x000000001637c000 Uncommon trap: reason=bimorphic action=maybe_recompile pc=0x0000000002c7ef30 method=com.android.dx.ssa.SCCP.simulatePhi(Lcom/android/dx/ssa/PhiInsn;)V @ 124
Event: 4.341 Thread 0x00000000163da800 Uncommon trap: reason=class_check action=maybe_recompile pc=0x0000000002ca3484 method=com.android.dx.cf.code.BytecodeArray.parseInstruction(ILcom/android/dx/cf/code/BytecodeArray$Visitor;)I @ 1327
Event: 4.341 Thread 0x00000000163da800 Uncommon trap: reason=class_check action=maybe_recompile pc=0x0000000002ca3484 method=com.android.dx.cf.code.BytecodeArray.parseInstruction(ILcom/android/dx/cf/code/BytecodeArray$Visitor;)I @ 1327
Event: 6.067 Thread 0x000000000212e000 Uncommon trap: reason=bimorphic action=maybe_recompile pc=0x0000000002d9e310 method=com.android.dx.cf.code.BytecodeArray.parseInstruction(ILcom/android/dx/cf/code/BytecodeArray$Visitor;)I @ 1501
Event: 6.067 Thread 0x000000000212e000 Uncommon trap: reason=bimorphic action=maybe_recompile pc=0x0000000002d9e310 method=com.android.dx.cf.code.BytecodeArray.parseInstruction(ILcom/android/dx/cf/code/BytecodeArray$Visitor;)I @ 1501
Event: 6.115 Thread 0x000000001637c000 Uncommon trap: reason=bimorphic action=maybe_recompile pc=0x0000000002d9f0d0 method=com.android.dx.cf.code.BytecodeArray.parseInstruction(ILcom/android/dx/cf/code/BytecodeArray$Visitor;)I @ 1161
Event: 6.115 Thread 0x000000001637c000 Uncommon trap: reason=bimorphic action=maybe_recompile pc=0x0000000002d9f0d0 method=com.android.dx.cf.code.BytecodeArray.parseInstruction(ILcom/android/dx/cf/code/BytecodeArray$Visitor;)I @ 1161

Internal exceptions (3 events):
Event: 0.062 Thread 0x000000000212e000 Exception <a 'java/lang/NoSuchMethodError': Method sun.misc.Unsafe.defineClass(Ljava/lang/String;[BII)Ljava/lang/Class; name or signature does not match> (0x00000000eab07cc0) thrown at [C:\re\workspace\8-2-build-windows-amd64-cygwin\jdk8u91\6644\hotspot\src$N®çµØ?
Event: 0.062 Thread 0x000000000212e000 Exception <a 'java/lang/NoSuchMethodError': Method sun.misc.Unsafe.prefetchRead(Ljava/lang/Object;J)V name or signature does not match> (0x00000000eab07fa8) thrown at [C:\re\workspace\8-2-build-windows-amd64-cygwin\jdk8u91\6644\hotspot\src\share\vm\prims\jÇÔù√«
@
Event: 3.348 Thread 0x00000000163da800 Implicit null exception at 0x000000000295ce62 to 0x000000000295cf5a

Events (10 events):
Event: 6.105 Thread 0x000000001637c000 DEOPT PACKING pc=0x0000000002ce79b9 sp=0x0000000016d0eb10
Event: 6.105 Thread 0x000000001637c000 DEOPT UNPACKING pc=0x00000000026c787f sp=0x0000000016d0e908 mode 0
Event: 6.115 Thread 0x000000001637c000 Uncommon trap: trap_request=0xffffffc6 fr.pc=0x0000000002d9f0d0
Event: 6.115 Thread 0x000000001637c000 DEOPT PACKING pc=0x0000000002d9f0d0 sp=0x0000000016d0e430
Event: 6.115 Thread 0x000000001637c000 DEOPT UNPACKING pc=0x00000000026c582a sp=0x0000000016d0e3f8 mode 2
Event: 6.115 Thread 0x000000001637c000 Uncommon trap: trap_request=0xffffffc6 fr.pc=0x0000000002d9f0d0
Event: 6.115 Thread 0x000000001637c000 DEOPT PACKING pc=0x0000000002d9f0d0 sp=0x0000000016d0e290
Event: 6.115 Thread 0x000000001637c000 DEOPT UNPACKING pc=0x00000000026c582a sp=0x0000000016d0e258 mode 2
Event: 6.133 Thread 0x000000001637c000 DEOPT PACKING pc=0x0000000002cf835b sp=0x0000000016d0e280
Event: 6.133 Thread 0x000000001637c000 DEOPT UNPACKING pc=0x00000000026c787f sp=0x0000000016d0e000 mode 0


Dynamic libraries:
0x00007ff6ab770000 - 0x00007ff6ab7a7000 	C:\Program Files\Java\jdk1.8.0_91\bin\java.exe
0x00007ffb92720000 - 0x00007ffb928e1000 	C:\WINDOWS\SYSTEM32\ntdll.dll
0x00007ffb90180000 - 0x00007ffb9022d000 	C:\WINDOWS\system32\KERNEL32.DLL
0x00007ffb8f310000 - 0x00007ffb8f4f8000 	C:\WINDOWS\system32\KERNELBASE.dll
0x00007ffb8f9c0000 - 0x00007ffb8fa67000 	C:\WINDOWS\system32\ADVAPI32.dll
0x00007ffb923f0000 - 0x00007ffb9248d000 	C:\WINDOWS\system32\msvcrt.dll
0x00007ffb92490000 - 0x00007ffb924eb000 	C:\WINDOWS\system32\sechost.dll
0x00007ffb90860000 - 0x00007ffb9097c000 	C:\WINDOWS\system32\RPCRT4.dll
0x00007ffb92010000 - 0x00007ffb92166000 	C:\WINDOWS\system32\USER32.dll
0x00007ffb90230000 - 0x00007ffb903b6000 	C:\WINDOWS\system32\GDI32.dll
0x00007ffb8ba80000 - 0x00007ffb8bcf4000 	C:\WINDOWS\WinSxS\amd64_microsoft.windows.common-controls_6595b64144ccf1df_6.0.10586.589_none_a2ddb3caa539acce\COMCTL32.dll
0x00007ffb8fad0000 - 0x00007ffb8fd4d000 	C:\WINDOWS\system32\combase.dll
0x00007ffb8f580000 - 0x00007ffb8f5ea000 	C:\WINDOWS\system32\bcryptPrimitives.dll
0x00007ffb923b0000 - 0x00007ffb923eb000 	C:\WINDOWS\system32\IMM32.DLL
0x00007ffb8ea00000 - 0x00007ffb8ea31000 	C:\Windows\system32\nvinitx.dll
0x00007ffb8e9f0000 - 0x00007ffb8e9fa000 	C:\WINDOWS\SYSTEM32\VERSION.dll
0x0000000053ad0000 - 0x0000000053ba2000 	C:\Program Files\Java\jdk1.8.0_91\jre\bin\msvcr100.dll
0x0000000053f10000 - 0x00000000547a3000 	C:\Program Files\Java\jdk1.8.0_91\jre\bin\server\jvm.dll
0x00007ffb8f500000 - 0x00007ffb8f523000 	C:\WINDOWS\system32\WINMM.dll
0x00007ffb8eb50000 - 0x00007ffb8eb7c000 	C:\WINDOWS\system32\WINMMBASE.dll
0x00007ffb8f880000 - 0x00007ffb8f8c3000 	C:\WINDOWS\system32\cfgmgr32.dll
0x00007ffb92660000 - 0x00007ffb92668000 	C:\WINDOWS\system32\PSAPI.DLL
0x00007ffb7daa0000 - 0x00007ffb7daa9000 	C:\WINDOWS\SYSTEM32\WSOCK32.dll
0x00007ffb91f90000 - 0x00007ffb91ffb000 	C:\WINDOWS\system32\WS2_32.dll
0x0000000054da0000 - 0x0000000054daf000 	C:\Program Files\Java\jdk1.8.0_91\jre\bin\verify.dll
0x0000000054d70000 - 0x0000000054d99000 	C:\Program Files\Java\jdk1.8.0_91\jre\bin\java.dll
0x0000000053ef0000 - 0x0000000053f06000 	C:\Program Files\Java\jdk1.8.0_91\jre\bin\zip.dll
0x00007ffb90980000 - 0x00007ffb91edc000 	C:\WINDOWS\system32\SHELL32.dll
0x00007ffb8ecc0000 - 0x00007ffb8f305000 	C:\WINDOWS\system32\windows.storage.dll
0x00007ffb8fa70000 - 0x00007ffb8fac2000 	C:\WINDOWS\system32\shlwapi.dll
0x00007ffb8eb10000 - 0x00007ffb8eb1f000 	C:\WINDOWS\system32\kernel.appcore.dll
0x00007ffb8f7c0000 - 0x00007ffb8f875000 	C:\WINDOWS\system32\shcore.dll
0x00007ffb8f530000 - 0x00007ffb8f57b000 	C:\WINDOWS\system32\powrprof.dll
0x00007ffb8eb20000 - 0x00007ffb8eb34000 	C:\WINDOWS\system32\profapi.dll

VM Arguments:
jvm_args: -Djava.awt.headless=true -Xmx1024M -Dfile.encoding=GBK -Duser.country=CN -Duser.language=zh -Duser.variant 
java_command: com.android.dx.command.Main --dex --force-jumbo --num-threads=4 --multi-dex --output D:\andriod_projects\smartHome\app\build\intermediates\transforms\dex\debug\folders\1000\2\Msc_13ca5e06530bdb21b722342a98c62b4e3432e993 D:\andriod_projects\smartHome\app\libs\Msc.jar
java_class_path (initial): D:\android\android_SDK\build-tools\23.0.3\lib\dx.jar
Launcher Type: SUN_STANDARD

Environment Variables:
JAVA_HOME=C:\Program Files (x86)\Java\jdk1.8.0_31
CLASSPATH=C:\Program Files (x86)\Java\jdk1.8.0_31\lib;C:\Program Files (x86)\Java\jdk1.8.0_31\lib\tools.jar;D:\andriod environment\adt-bundle-windows-x86-20131030\eclipse\plugins\org.apache.ant_1.8.3.v201301120609\lib;
PATH=C:\PROGRA~1\PTC\MKSTOO~1\bin64;C:\PROGRA~1\PTC\MKSTOO~1\bin;C:\PROGRA~1\PTC\MKSTOO~1\bin\X11;C:\PROGRA~1\PTC\MKSTOO~1\mksnt;C:\ProgramData\Oracle\Java\javapath;C:\Program Files (x86)\Intel\iCLS Client\;C:\Program Files\Intel\iCLS Client\;C:\Program Files (x86)\NVIDIA Corporation\PhysX\Common;C:\WINDOWS\system32;C:\WINDOWS;C:\WINDOWS\System32\Wbem;C:\WINDOWS\System32\WindowsPowerShell\v1.0\;C:\Program Files\Intel\Intel(R) Management Engine Components\DAL;C:\Program Files\Intel\Intel(R) Management Engine Components\IPT;C:\Program Files (x86)\Intel\Intel(R) Management Engine Components\DAL;C:\Program Files (x86)\Intel\Intel(R) Management Engine Components\IPT;C:\Program Files (x86)\Java\jdk1.8.0_31\bin;C:\Program Files (x86)\Java\jdk1.8.0_31\jre\bin;D:\andriod environment\adt-bundle-windows-x86-20131030\sdk\tools;D:\andriod environment\adt-bundle-windows-x86-20131030\sdk\platform-tools;D:\andriod environment\adt-bundle-windows-x86-20131030\eclipse\plugins\org.apache.ant_1.8.3.v201301120609\bin;C:\Program Files\nodejs\;D:\Git\cmd;D:\HMA! Pro VPN\bin
USERNAME=freedom
DISPLAY=:0.0
OS=Windows_NT
PROCESSOR_IDENTIFIER=Intel64 Family 6 Model 60 Stepping 3, GenuineIntel



---------------  S Y S T E M  ---------------

OS: Windows 10.0 , 64 bit Build 10586 (10.0.10586.589)

CPU:total 4 (2 cores per cpu, 2 threads per core) family 6 model 60 stepping 3, cmov, cx8, fxsr, mmx, sse, sse2, sse3, ssse3, sse4.1, sse4.2, popcnt, avx, avx2, aes, clmul, erms, lzcnt, ht, tsc, tscinvbit, bmi1, bmi2

Memory: 4k page, physical 4112564k(280780k free), swap 5685428k(5356k free)

vm_info: Java HotSpot(TM) 64-Bit Server VM (25.91-b14) for windows-amd64 JRE (1.8.0_91-b14), built on Apr  1 2016 00:58:32 by "java_re" with MS VC++ 10.0 (VS2010)

time: Sat Sep 17 21:42:44 2016
elapsed time: 6 seconds (0d 0h 0m 6s)

