#
# There is insufficient memory for the Java Runtime Environment to continue.
# Native memory allocation (malloc) failed to allocate 459776 bytes for Chunk::new
# Possible reasons:
#   The system is out of physical RAM or swap space
#   In 32 bit mode, the process size limit was hit
# Possible solutions:
#   Reduce memory load on the system
#   Increase physical memory or swap space
#   Check if swap backing store is full
#   Use 64 bit Java on a 64 bit OS
#   Decrease Java heap size (-Xmx/-Xms)
#   Decrease number of Java threads
#   Decrease Java thread stack sizes (-Xss)
#   Set larger code cache with -XX:ReservedCodeCacheSize=
# This output file may be truncated or incomplete.
#
#  Out of Memory Error (allocation.cpp:390), pid=10132, tid=9268
#
# JRE version: Java(TM) SE Runtime Environment (8.0_91-b14) (build 1.8.0_91-b14)
# Java VM: Java HotSpot(TM) 64-Bit Server VM (25.91-b14 mixed mode windows-amd64 compressed oops)
# Failed to write core dump. Minidumps are not enabled by default on client versions of Windows
#

---------------  T H R E A D  ---------------

Current thread (0x000000001542b000):  JavaThread "C2 CompilerThread0" daemon [_thread_in_native, id=9268, stack(0x0000000016d30000,0x0000000016e30000)]

Stack: [0x0000000016d30000,0x0000000016e30000]
[error occurred during error reporting (printing stack bounds), id 0xc0000005]

Native frames: (J=compiled Java code, j=interpreted, Vv=VM code, C=native code)


Current CompileTask:
C2:   3254 1501       4       com.android.dx.ssa.SCCP::simulatePhi (169 bytes)


---------------  P R O C E S S  ---------------

Java Threads: ( => current thread )
  0x00000000169df000 JavaThread "pool-2-thread-4" [_thread_in_Java, id=3912, stack(0x0000000017630000,0x0000000017730000)]
  0x00000000169db000 JavaThread "pool-2-thread-3" [_thread_in_Java, id=4420, stack(0x0000000017530000,0x0000000017630000)]
  0x00000000169c7000 JavaThread "pool-2-thread-2" [_thread_in_Java, id=11252, stack(0x0000000017430000,0x0000000017530000)]
  0x00000000169be000 JavaThread "pool-3-thread-1" [_thread_blocked, id=11212, stack(0x0000000017330000,0x0000000017430000)]
  0x00000000169bb000 JavaThread "pool-2-thread-1" [_thread_in_Java, id=10376, stack(0x0000000017230000,0x0000000017330000)]
  0x000000001679a000 JavaThread "Service Thread" daemon [_thread_blocked, id=11152, stack(0x0000000017030000,0x0000000017130000)]
  0x0000000016795000 JavaThread "C1 CompilerThread2" daemon [_thread_blocked, id=9816, stack(0x0000000016f30000,0x0000000017030000)]
  0x000000001542d800 JavaThread "C2 CompilerThread1" daemon [_thread_in_native, id=6912, stack(0x0000000016e30000,0x0000000016f30000)]
=>0x000000001542b000 JavaThread "C2 CompilerThread0" daemon [_thread_in_native, id=9268, stack(0x0000000016d30000,0x0000000016e30000)]
  0x00000000153de000 JavaThread "Attach Listener" daemon [_thread_blocked, id=1480, stack(0x0000000016c30000,0x0000000016d30000)]
  0x00000000153dd000 JavaThread "Signal Dispatcher" daemon [_thread_blocked, id=7600, stack(0x0000000016b30000,0x0000000016c30000)]
  0x00000000153ba800 JavaThread "Finalizer" daemon [_thread_blocked, id=8744, stack(0x0000000016630000,0x0000000016730000)]
  0x0000000002cf0000 JavaThread "Reference Handler" daemon [_thread_blocked, id=10456, stack(0x0000000016530000,0x0000000016630000)]
  0x000000000271e000 JavaThread "main" [_thread_in_Java, id=11248, stack(0x0000000002b00000,0x0000000002c00000)]

Other Threads:
  0x0000000015397800 VMThread [stack: 0x0000000016430000,0x0000000016530000] [id=7508]
  0x00000000167d5000 WatcherThread [stack: 0x0000000017130000,0x0000000017230000] [id=5004]

VM state:not at safepoint (normal execution)

VM Mutex/Monitor currently owned by a thread: None

Heap:
 PSYoungGen      total 35328K, used 26089K [0x00000000eab00000, 0x00000000ed000000, 0x0000000100000000)
  eden space 32768K, 71% used [0x00000000eab00000,0x00000000ec202410,0x00000000ecb00000)
  from space 2560K, 98% used [0x00000000ecb00000,0x00000000ecd78090,0x00000000ecd80000)
  to   space 2560K, 0% used [0x00000000ecd80000,0x00000000ecd80000,0x00000000ed000000)
 ParOldGen       total 44032K, used 9038K [0x00000000c0000000, 0x00000000c2b00000, 0x00000000eab00000)
  object space 44032K, 20% used [0x00000000c0000000,0x00000000c08d3b40,0x00000000c2b00000)
 Metaspace       used 6285K, capacity 7094K, committed 7296K, reserved 1056768K
  class space    used 606K, capacity 622K, committed 640K, reserved 1048576K

Card table byte_map: [0x00000000120c0000,0x00000000122d0000] byte_map_base: 0x0000000011ac0000

Marking Bits: (ParMarkBitMap*) 0x00000000727a2f70
 Begin Bits: [0x0000000012830000, 0x0000000013830000)
 End Bits:   [0x0000000013830000, 0x0000000014830000)

Polling page: 0x0000000000b20000

CodeCache: size=245760Kb used=6843Kb max_used=6843Kb free=238916Kb
 bounds [0x0000000002d00000, 0x00000000033c0000, 0x0000000011d00000]
 total_blobs=1896 nmethods=1624 adapters=184
 compilation: enabled

Compilation events (10 events):
Event: 3.157 Thread 0x0000000016795000 1645       2       com.android.dx.cf.code.LocalVariableList::itemToLocal (47 bytes)
Event: 3.158 Thread 0x0000000016795000 nmethod 1645 0x00000000033b3710 code [0x00000000033b38a0, 0x00000000033b3b38]
Event: 3.158 Thread 0x0000000016795000 1646       2       com.android.dx.cf.code.ExecutionStack::makeInitialized (51 bytes)
Event: 3.159 Thread 0x0000000016795000 nmethod 1646 0x00000000033b3cd0 code [0x00000000033b3e60, 0x00000000033b41f8]
Event: 3.159 Thread 0x0000000016795000 1647       2       com.android.dx.ssa.back.FirstFitLocalCombiningAllocator::rangeContainsReserved (30 bytes)
Event: 3.159 Thread 0x0000000016795000 nmethod 1647 0x00000000033b4490 code [0x00000000033b4600, 0x00000000033b4828]
Event: 3.161 Thread 0x0000000016795000 1648       2       com.android.dx.ssa.PhiTypeResolver::equalsHandlesNulls (23 bytes)
Event: 3.162 Thread 0x0000000016795000 nmethod 1648 0x00000000033b4950 code [0x00000000033b4ac0, 0x00000000033b4cc8]
Event: 3.162 Thread 0x0000000016795000 1649       1       com.android.dx.cf.code.LocalVariableList$Item::getSignature (5 bytes)
Event: 3.163 Thread 0x0000000016795000 nmethod 1649 0x00000000033b4dd0 code [0x00000000033b4f20, 0x00000000033b5030]

GC Heap History (6 events):
Event: 0.989 GC heap before
{Heap before GC invocations=1 (full 0):
 PSYoungGen      total 18944K, used 16384K [0x00000000eab00000, 0x00000000ec000000, 0x0000000100000000)
  eden space 16384K, 100% used [0x00000000eab00000,0x00000000ebb00000,0x00000000ebb00000)
  from space 2560K, 0% used [0x00000000ebd80000,0x00000000ebd80000,0x00000000ec000000)
  to   space 2560K, 0% used [0x00000000ebb00000,0x00000000ebb00000,0x00000000ebd80000)
 ParOldGen       total 44032K, used 0K [0x00000000c0000000, 0x00000000c2b00000, 0x00000000eab00000)
  object space 44032K, 0% used [0x00000000c0000000,0x00000000c0000000,0x00000000c2b00000)
 Metaspace       used 5789K, capacity 6706K, committed 6784K, reserved 1056768K
  class space    used 599K, capacity 618K, committed 640K, reserved 1048576K
Event: 1.077 GC heap after
Heap after GC invocations=1 (full 0):
 PSYoungGen      total 18944K, used 2530K [0x00000000eab00000, 0x00000000ed000000, 0x0000000100000000)
  eden space 16384K, 0% used [0x00000000eab00000,0x00000000eab00000,0x00000000ebb00000)
  from space 2560K, 98% used [0x00000000ebb00000,0x00000000ebd78ad8,0x00000000ebd80000)
  to   space 2560K, 0% used [0x00000000ecd80000,0x00000000ecd80000,0x00000000ed000000)
 ParOldGen       total 44032K, used 1643K [0x00000000c0000000, 0x00000000c2b00000, 0x00000000eab00000)
  object space 44032K, 3% used [0x00000000c0000000,0x00000000c019ad18,0x00000000c2b00000)
 Metaspace       used 5789K, capacity 6706K, committed 6784K, reserved 1056768K
  class space    used 599K, capacity 618K, committed 640K, reserved 1048576K
}
Event: 1.559 GC heap before
{Heap before GC invocations=2 (full 0):
 PSYoungGen      total 18944K, used 18914K [0x00000000eab00000, 0x00000000ed000000, 0x0000000100000000)
  eden space 16384K, 100% used [0x00000000eab00000,0x00000000ebb00000,0x00000000ebb00000)
  from space 2560K, 98% used [0x00000000ebb00000,0x00000000ebd78ad8,0x00000000ebd80000)
  to   space 2560K, 0% used [0x00000000ecd80000,0x00000000ecd80000,0x00000000ed000000)
 ParOldGen       total 44032K, used 1643K [0x00000000c0000000, 0x00000000c2b00000, 0x00000000eab00000)
  object space 44032K, 3% used [0x00000000c0000000,0x00000000c019ad18,0x00000000c2b00000)
 Metaspace       used 6043K, capacity 6900K, committed 7040K, reserved 1056768K
  class space    used 604K, capacity 620K, committed 640K, reserved 1048576K
Event: 1.570 GC heap after
Heap after GC invocations=2 (full 0):
 PSYoungGen      total 35328K, used 2543K [0x00000000eab00000, 0x00000000ed000000, 0x0000000100000000)
  eden space 32768K, 0% used [0x00000000eab00000,0x00000000eab00000,0x00000000ecb00000)
  from space 2560K, 99% used [0x00000000ecd80000,0x00000000ecffbc98,0x00000000ed000000)
  to   space 2560K, 0% used [0x00000000ecb00000,0x00000000ecb00000,0x00000000ecd80000)
 ParOldGen       total 44032K, used 3762K [0x00000000c0000000, 0x00000000c2b00000, 0x00000000eab00000)
  object space 44032K, 8% used [0x00000000c0000000,0x00000000c03ac868,0x00000000c2b00000)
 Metaspace       used 6043K, capacity 6900K, committed 7040K, reserved 1056768K
  class space    used 604K, capacity 620K, committed 640K, reserved 1048576K
}
Event: 2.897 GC heap before
{Heap before GC invocations=3 (full 0):
 PSYoungGen      total 35328K, used 35311K [0x00000000eab00000, 0x00000000ed000000, 0x0000000100000000)
  eden space 32768K, 100% used [0x00000000eab00000,0x00000000ecb00000,0x00000000ecb00000)
  from space 2560K, 99% used [0x00000000ecd80000,0x00000000ecffbc98,0x00000000ed000000)
  to   space 2560K, 0% used [0x00000000ecb00000,0x00000000ecb00000,0x00000000ecd80000)
 ParOldGen       total 44032K, used 3762K [0x00000000c0000000, 0x00000000c2b00000, 0x00000000eab00000)
  object space 44032K, 8% used [0x00000000c0000000,0x00000000c03ac868,0x00000000c2b00000)
 Metaspace       used 6252K, capacity 7094K, committed 7296K, reserved 1056768K
  class space    used 606K, capacity 622K, committed 640K, reserved 1048576K
Event: 3.034 GC heap after
Heap after GC invocations=3 (full 0):
 PSYoungGen      total 35328K, used 2528K [0x00000000eab00000, 0x00000000ed000000, 0x0000000100000000)
  eden space 32768K, 0% used [0x00000000eab00000,0x00000000eab00000,0x00000000ecb00000)
  from space 2560K, 98% used [0x00000000ecb00000,0x00000000ecd78090,0x00000000ecd80000)
  to   space 2560K, 0% used [0x00000000ecd80000,0x00000000ecd80000,0x00000000ed000000)
 ParOldGen       total 44032K, used 9038K [0x00000000c0000000, 0x00000000c2b00000, 0x00000000eab00000)
  object space 44032K, 20% used [0x00000000c0000000,0x00000000c08d3b40,0x00000000c2b00000)
 Metaspace       used 6252K, capacity 7094K, committed 7296K, reserved 1056768K
  class space    used 606K, capacity 622K, committed 640K, reserved 1048576K
}

Deoptimization events (10 events):
Event: 2.177 Thread 0x000000000271e000 Uncommon trap: reason=bimorphic action=maybe_recompile pc=0x000000000326fb08 method=java.util.HashMap.getNode(ILjava/lang/Object;)Ljava/util/HashMap$Node; @ 126
Event: 2.177 Thread 0x000000000271e000 Uncommon trap: reason=class_check action=maybe_recompile pc=0x0000000003128944 method=java.util.HashMap.putVal(ILjava/lang/Object;Ljava/lang/Object;ZZ)Ljava/lang/Object; @ 203
Event: 2.177 Thread 0x000000000271e000 Uncommon trap: reason=bimorphic action=maybe_recompile pc=0x000000000326fb08 method=java.util.HashMap.getNode(ILjava/lang/Object;)Ljava/util/HashMap$Node; @ 126
Event: 2.177 Thread 0x000000000271e000 Uncommon trap: reason=class_check action=maybe_recompile pc=0x0000000003128944 method=java.util.HashMap.putVal(ILjava/lang/Object;Ljava/lang/Object;ZZ)Ljava/lang/Object; @ 203
Event: 2.177 Thread 0x000000000271e000 Uncommon trap: reason=bimorphic action=maybe_recompile pc=0x000000000326fb08 method=java.util.HashMap.getNode(ILjava/lang/Object;)Ljava/util/HashMap$Node; @ 126
Event: 2.865 Thread 0x00000000169df000 Uncommon trap: reason=unstable_if action=reinterpret pc=0x00000000031d3744 method=com.android.dx.ssa.LiteralOpUpgrader$1.visitNonMoveInsn(Lcom/android/dx/ssa/NormalSsaInsn;)V @ 176
Event: 2.892 Thread 0x00000000169bb000 Uncommon trap: reason=class_check action=maybe_recompile pc=0x0000000003128944 method=java.util.HashMap.putVal(ILjava/lang/Object;Ljava/lang/Object;ZZ)Ljava/lang/Object; @ 203
Event: 3.105 Thread 0x000000000271e000 Uncommon trap: reason=unloaded action=reinterpret pc=0x0000000003206f54 method=com.android.dx.cf.cst.ConstantPoolParser.parse0(ILjava/util/BitSet;)Lcom/android/dx/rop/cst/Constant; @ 198
Event: 3.119 Thread 0x00000000169bb000 Uncommon trap: reason=bimorphic action=maybe_recompile pc=0x0000000003347ed8 method=com.android.dx.cf.code.BytecodeArray.parseInstruction(ILcom/android/dx/cf/code/BytecodeArray$Visitor;)I @ 955
Event: 3.119 Thread 0x00000000169bb000 Uncommon trap: reason=bimorphic action=maybe_recompile pc=0x0000000003347ed8 method=com.android.dx.cf.code.BytecodeArray.parseInstruction(ILcom/android/dx/cf/code/BytecodeArray$Visitor;)I @ 955

Internal exceptions (4 events):
Event: 0.052 Thread 0x000000000271e000 Exception <a 'java/lang/NoSuchMethodError': Method sun.misc.Unsafe.defineClass(Ljava/lang/String;[BII)Ljava/lang/Class; name or signature does not match> (0x00000000eab07cc0) thrown at [C:\re\workspace\8-2-build-windows-amd64-cygwin\jdk8u91\6644\hotspot\srft˘è∂Å™?
Event: 0.052 Thread 0x000000000271e000 Exception <a 'java/lang/NoSuchMethodError': Method sun.misc.Unsafe.prefetchRead(Ljava/lang/Object;J)V name or signature does not match> (0x00000000eab07fa8) thrown at [C:\re\workspace\8-2-build-windows-amd64-cygwin\jdk8u91\6644\hotspot\src\share\vm\prims\j∆¿‚«¸Ù?
Event: 1.312 Thread 0x000000000271e000 Implicit null exception at 0x0000000002ff33a2 to 0x0000000002ff349a
Event: 2.014 Thread 0x00000000169bb000 Implicit null exception at 0x0000000002fc6c36 to 0x0000000002fc84b5

Events (10 events):
Event: 3.034 Executing VM operation: ParallelGCFailedAllocation done
Event: 3.105 Thread 0x000000000271e000 Uncommon trap: trap_request=0x000000d0 fr.pc=0x0000000003206f54
Event: 3.105 Thread 0x000000000271e000 DEOPT PACKING pc=0x0000000003206f54 sp=0x0000000002bfe8e0
Event: 3.105 Thread 0x000000000271e000 DEOPT UNPACKING pc=0x0000000002d4582a sp=0x0000000002bfe8a8 mode 2
Event: 3.119 Thread 0x00000000169bb000 Uncommon trap: trap_request=0xffffffc6 fr.pc=0x0000000003347ed8
Event: 3.119 Thread 0x00000000169bb000 DEOPT PACKING pc=0x0000000003347ed8 sp=0x000000001732e850
Event: 3.119 Thread 0x00000000169bb000 DEOPT UNPACKING pc=0x0000000002d4582a sp=0x000000001732e7f8 mode 2
Event: 3.119 Thread 0x00000000169bb000 Uncommon trap: trap_request=0xffffffc6 fr.pc=0x0000000003347ed8
Event: 3.119 Thread 0x00000000169bb000 DEOPT PACKING pc=0x0000000003347ed8 sp=0x000000001732e6a0
Event: 3.119 Thread 0x00000000169bb000 DEOPT UNPACKING pc=0x0000000002d4582a sp=0x000000001732e648 mode 2


Dynamic libraries:
0x00007ff615050000 - 0x00007ff615087000 	C:\Program Files\Java\jdk1.8.0_91\bin\java.exe
0x00007ffa53620000 - 0x00007ffa537e1000 	C:\WINDOWS\SYSTEM32\ntdll.dll
0x00007ffa50ae0000 - 0x00007ffa50b8d000 	C:\WINDOWS\system32\KERNEL32.DLL
0x00007ffa50340000 - 0x00007ffa50528000 	C:\WINDOWS\system32\KERNELBASE.dll
0x00007ffa50b90000 - 0x00007ffa50c37000 	C:\WINDOWS\system32\ADVAPI32.dll
0x00007ffa524a0000 - 0x00007ffa5253d000 	C:\WINDOWS\system32\msvcrt.dll
0x00007ffa53410000 - 0x00007ffa5346b000 	C:\WINDOWS\system32\sechost.dll
0x00007ffa53500000 - 0x00007ffa5361c000 	C:\WINDOWS\system32\RPCRT4.dll
0x00007ffa52540000 - 0x00007ffa52696000 	C:\WINDOWS\system32\USER32.dll
0x00007ffa50ca0000 - 0x00007ffa50e26000 	C:\WINDOWS\system32\GDI32.dll
0x00007ffa4d490000 - 0x00007ffa4d704000 	C:\WINDOWS\WinSxS\amd64_microsoft.windows.common-controls_6595b64144ccf1df_6.0.10586.494_none_a2d8b04ea53e3145\COMCTL32.dll
0x00007ffa50860000 - 0x00007ffa50add000 	C:\WINDOWS\system32\combase.dll
0x00007ffa507d0000 - 0x00007ffa5083a000 	C:\WINDOWS\system32\bcryptPrimitives.dll
0x00007ffa52390000 - 0x00007ffa523cb000 	C:\WINDOWS\system32\IMM32.DLL
0x00007ffa4f910000 - 0x00007ffa4f941000 	C:\Windows\system32\nvinitx.dll
0x00007ffa4f900000 - 0x00007ffa4f90a000 	C:\WINDOWS\SYSTEM32\VERSION.dll
0x0000000071b10000 - 0x0000000071be2000 	C:\Program Files\Java\jdk1.8.0_91\jre\bin\msvcr100.dll
0x0000000071f90000 - 0x0000000072823000 	C:\Program Files\Java\jdk1.8.0_91\jre\bin\server\jvm.dll
0x00007ffa50580000 - 0x00007ffa505a3000 	C:\WINDOWS\system32\WINMM.dll
0x00007ffa4fa50000 - 0x00007ffa4fa7c000 	C:\WINDOWS\system32\WINMMBASE.dll
0x00007ffa50780000 - 0x00007ffa507c3000 	C:\WINDOWS\system32\cfgmgr32.dll
0x00007ffa52f40000 - 0x00007ffa52f48000 	C:\WINDOWS\system32\PSAPI.DLL
0x00007ffa42dc0000 - 0x00007ffa42dc9000 	C:\WINDOWS\SYSTEM32\WSOCK32.dll
0x00007ffa526a0000 - 0x00007ffa5270b000 	C:\WINDOWS\system32\WS2_32.dll
0x0000000071f80000 - 0x0000000071f8f000 	C:\Program Files\Java\jdk1.8.0_91\jre\bin\verify.dll
0x0000000071f50000 - 0x0000000071f79000 	C:\Program Files\Java\jdk1.8.0_91\jre\bin\java.dll
0x0000000071f30000 - 0x0000000071f46000 	C:\Program Files\Java\jdk1.8.0_91\jre\bin\zip.dll
0x00007ffa50e30000 - 0x00007ffa5238c000 	C:\WINDOWS\system32\SHELL32.dll
0x00007ffa4fcf0000 - 0x00007ffa50335000 	C:\WINDOWS\system32\windows.storage.dll
0x00007ffa533b0000 - 0x00007ffa53402000 	C:\WINDOWS\system32\shlwapi.dll
0x00007ffa4fa10000 - 0x00007ffa4fa1f000 	C:\WINDOWS\system32\kernel.appcore.dll
0x00007ffa4fc30000 - 0x00007ffa4fce5000 	C:\WINDOWS\system32\shcore.dll
0x00007ffa50530000 - 0x00007ffa5057b000 	C:\WINDOWS\system32\powrprof.dll
0x00007ffa4fa20000 - 0x00007ffa4fa34000 	C:\WINDOWS\system32\profapi.dll

VM Arguments:
jvm_args: -Djava.awt.headless=true -Xmx1024M -Dfile.encoding=GBK -Duser.country=CN -Duser.language=zh -Duser.variant 
java_command: com.android.dx.command.Main --dex --force-jumbo --num-threads=4 --multi-dex --output D:\andriod_projects\smartHome\app\build\intermediates\transforms\dex\debug\folders\1000\10\com.android.support-design-23.3.0_b64c29804bb515ef7c97a8413ababd961eb1081b D:\andriod_projects\smartHome\app\build\intermediates\exploded-aar\com.android.support\design\23.3.0\jars\classes.jar
java_class_path (initial): D:\android\android_SDK\build-tools\23.0.3\lib\dx.jar
Launcher Type: SUN_STANDARD

Environment Variables:
JAVA_HOME=C:\Program Files (x86)\Java\jdk1.8.0_31
CLASSPATH=C:\Program Files (x86)\Java\jdk1.8.0_31\lib;C:\Program Files (x86)\Java\jdk1.8.0_31\lib\tools.jar;D:\andriod environment\adt-bundle-windows-x86-20131030\eclipse\plugins\org.apache.ant_1.8.3.v201301120609\lib;
PATH=C:\PROGRA~1\PTC\MKSTOO~1\bin64;C:\PROGRA~1\PTC\MKSTOO~1\bin;C:\PROGRA~1\PTC\MKSTOO~1\bin\X11;C:\PROGRA~1\PTC\MKSTOO~1\mksnt;C:\ProgramData\Oracle\Java\javapath;C:\Program Files (x86)\Intel\iCLS Client\;C:\Program Files\Intel\iCLS Client\;C:\Program Files (x86)\NVIDIA Corporation\PhysX\Common;C:\WINDOWS\system32;C:\WINDOWS;C:\WINDOWS\System32\Wbem;C:\WINDOWS\System32\WindowsPowerShell\v1.0\;C:\Program Files\Intel\Intel(R) Management Engine Components\DAL;C:\Program Files\Intel\Intel(R) Management Engine Components\IPT;C:\Program Files (x86)\Intel\Intel(R) Management Engine Components\DAL;C:\Program Files (x86)\Intel\Intel(R) Management Engine Components\IPT;C:\Program Files (x86)\Java\jdk1.8.0_31\bin;C:\Program Files (x86)\Java\jdk1.8.0_31\jre\bin;D:\andriod environment\adt-bundle-windows-x86-20131030\sdk\tools;D:\andriod environment\adt-bundle-windows-x86-20131030\sdk\platform-tools;D:\andriod environment\adt-bundle-windows-x86-20131030\eclipse\plugins\org.apache.ant_1.8.3.v201301120609\bin;C:\Program Files\nodejs\;D:\Git\cmd;D:\HMA! Pro VPN\bin
USERNAME=freedom
DISPLAY=:0.0
OS=Windows_NT
PROCESSOR_IDENTIFIER=Intel64 Family 6 Model 60 Stepping 3, GenuineIntel



---------------  S Y S T E M  ---------------

OS: Windows 10.0 , 64 bit Build 10586 (10.0.10586.0)

CPU:total 4 (2 cores per cpu, 2 threads per core) family 6 model 60 stepping 3, cmov, cx8, fxsr, mmx, sse, sse2, sse3, ssse3, sse4.1, sse4.2, popcnt, avx, avx2, aes, clmul, erms, lzcnt, ht, tsc, tscinvbit, bmi1, bmi2

Memory: 4k page, physical 4112564k(266000k free), swap 5685428k(5392k free)

vm_info: Java HotSpot(TM) 64-Bit Server VM (25.91-b14) for windows-amd64 JRE (1.8.0_91-b14), built on Apr  1 2016 00:58:32 by "java_re" with MS VC++ 10.0 (VS2010)

time: Sun Sep 04 23:31:01 2016
elapsed time: 3 seconds (0d 0h 0m 3s)

