#
# There is insufficient memory for the Java Runtime Environment to continue.
# Native memory allocation (malloc) failed to allocate 354416 bytes for Chunk::new
# Possible reasons:
#   The system is out of physical RAM or swap space
#   In 32 bit mode, the process size limit was hit
# Possible solutions:
#   Reduce memory load on the system
#   Increase physical memory or swap space
#   Check if swap backing store is full
#   Use 64 bit Java on a 64 bit OS
#   Decrease Java heap size (-Xmx/-Xms)
#   Decrease number of Java threads
#   Decrease Java thread stack sizes (-Xss)
#   Set larger code cache with -XX:ReservedCodeCacheSize=
# This output file may be truncated or incomplete.
#
#  Out of Memory Error (allocation.cpp:390), pid=3948, tid=8288
#
# JRE version: Java(TM) SE Runtime Environment (8.0_91-b14) (build 1.8.0_91-b14)
# Java VM: Java HotSpot(TM) 64-Bit Server VM (25.91-b14 mixed mode windows-amd64 compressed oops)
# Failed to write core dump. Minidumps are not enabled by default on client versions of Windows
#

---------------  T H R E A D  ---------------

Current thread (0x0000000015256000):  JavaThread "C2 CompilerThread1" daemon [_thread_in_native, id=8288, stack(0x0000000016c70000,0x0000000016d70000)]

Stack: [0x0000000016c70000,0x0000000016d70000]
[error occurred during error reporting (printing stack bounds), id 0xc0000005]

Native frames: (J=compiled Java code, j=interpreted, Vv=VM code, C=native code)


Current CompileTask:
C2:   1179  697       4       com.android.dx.ssa.SsaBasicBlock::forEachInsn (37 bytes)


---------------  P R O C E S S  ---------------

Java Threads: ( => current thread )
  0x00000000167e4800 JavaThread "pool-2-thread-4" [_thread_in_Java, id=9556, stack(0x0000000017470000,0x0000000017570000)]
  0x00000000167e3000 JavaThread "pool-2-thread-3" [_thread_in_native, id=1832, stack(0x0000000017370000,0x0000000017470000)]
  0x0000000016706800 JavaThread "pool-2-thread-2" [_thread_in_Java, id=5452, stack(0x0000000017270000,0x0000000017370000)]
  0x0000000016703800 JavaThread "pool-3-thread-1" [_thread_blocked, id=9332, stack(0x0000000017170000,0x0000000017270000)]
  0x00000000166e2000 JavaThread "pool-2-thread-1" [_thread_blocked, id=5012, stack(0x0000000017070000,0x0000000017170000)]
  0x00000000165db800 JavaThread "Service Thread" daemon [_thread_blocked, id=2116, stack(0x0000000016e70000,0x0000000016f70000)]
  0x00000000165cd800 JavaThread "C1 CompilerThread2" daemon [_thread_blocked, id=9084, stack(0x0000000016d70000,0x0000000016e70000)]
=>0x0000000015256000 JavaThread "C2 CompilerThread1" daemon [_thread_in_native, id=8288, stack(0x0000000016c70000,0x0000000016d70000)]
  0x0000000015253800 JavaThread "C2 CompilerThread0" daemon [_thread_in_native, id=8292, stack(0x0000000016b70000,0x0000000016c70000)]
  0x0000000015251800 JavaThread "Attach Listener" daemon [_thread_blocked, id=9328, stack(0x0000000016a70000,0x0000000016b70000)]
  0x000000001520e000 JavaThread "Signal Dispatcher" daemon [_thread_blocked, id=4788, stack(0x0000000016970000,0x0000000016a70000)]
  0x00000000151ea800 JavaThread "Finalizer" daemon [_thread_blocked, id=3528, stack(0x0000000016470000,0x0000000016570000)]
  0x0000000002b20000 JavaThread "Reference Handler" daemon [_thread_blocked, id=4832, stack(0x0000000016370000,0x0000000016470000)]
  0x0000000002a2e000 JavaThread "main" [_thread_in_native, id=4648, stack(0x0000000002880000,0x0000000002980000)]

Other Threads:
  0x00000000151c7800 VMThread [stack: 0x0000000016270000,0x0000000016370000] [id=9548]
  0x00000000165e5800 WatcherThread [stack: 0x0000000016f70000,0x0000000017070000] [id=2340]

VM state:not at safepoint (normal execution)

VM Mutex/Monitor currently owned by a thread: None

Heap:
 PSYoungGen      total 18944K, used 13765K [0x00000000eab00000, 0x00000000ec000000, 0x0000000100000000)
  eden space 16384K, 84% used [0x00000000eab00000,0x00000000eb8715e0,0x00000000ebb00000)
  from space 2560K, 0% used [0x00000000ebd80000,0x00000000ebd80000,0x00000000ec000000)
  to   space 2560K, 0% used [0x00000000ebb00000,0x00000000ebb00000,0x00000000ebd80000)
 ParOldGen       total 44032K, used 0K [0x00000000c0000000, 0x00000000c2b00000, 0x00000000eab00000)
  object space 44032K, 0% used [0x00000000c0000000,0x00000000c0000000,0x00000000c2b00000)
 Metaspace       used 5535K, capacity 6640K, committed 6784K, reserved 1056768K
  class space    used 579K, capacity 616K, committed 640K, reserved 1048576K

Card table byte_map: [0x0000000011ef0000,0x0000000012100000] byte_map_base: 0x00000000118f0000

Marking Bits: (ParMarkBitMap*) 0x0000000076652f70
 Begin Bits: [0x0000000012660000, 0x0000000013660000)
 End Bits:   [0x0000000013660000, 0x0000000014660000)

Polling page: 0x0000000000940000

CodeCache: size=245760Kb used=2707Kb max_used=2718Kb free=243052Kb
 bounds [0x0000000002b30000, 0x0000000002de0000, 0x0000000011b30000]
 total_blobs=945 nmethods=682 adapters=176
 compilation: enabled

Compilation events (10 events):
Event: 1.155 Thread 0x0000000015253800 nmethod 702 0x0000000002dd6e10 code [0x0000000002dd6f40, 0x0000000002dd6fb8]
Event: 1.156 Thread 0x0000000015253800  703       4       com.android.dx.util.BitIntSet::ensureCapacity (51 bytes)
Event: 1.166 Thread 0x0000000015253800 nmethod 703 0x0000000002dd8390 code [0x0000000002dd84e0, 0x0000000002dd86b8]
Event: 1.168 Thread 0x0000000015253800  705       4       java.lang.String::<init> (82 bytes)
Event: 1.171 Thread 0x0000000015253800 nmethod 705 0x0000000002dd7d90 code [0x0000000002dd7ee0, 0x0000000002dd8198]
Event: 1.171 Thread 0x0000000015253800  706       4       com.android.dx.util.Bits::set (38 bytes)
Event: 1.171 Thread 0x0000000015253800 nmethod 706 0x0000000002dd6b50 code [0x0000000002dd6c80, 0x0000000002dd6d38]
Event: 1.174 Thread 0x0000000015253800  708       4       com.android.dx.rop.type.Type::hashCode (8 bytes)
Event: 1.177 Thread 0x0000000015253800 nmethod 708 0x0000000002dd79d0 code [0x0000000002dd7b00, 0x0000000002dd7c78]
Event: 1.177 Thread 0x0000000015253800  711       4       java.util.ArrayList::remove (69 bytes)

GC Heap History (0 events):
No events

Deoptimization events (10 events):
Event: 0.923 Thread 0x00000000166e2000 Uncommon trap: reason=class_check action=maybe_recompile pc=0x0000000002ce46d8 method=com.android.dx.rop.cst.Constant.compareTo(Ljava/lang/Object;)I @ 2
Event: 0.923 Thread 0x00000000166e2000 Uncommon trap: reason=class_check action=maybe_recompile pc=0x0000000002ce46d8 method=com.android.dx.rop.cst.Constant.compareTo(Ljava/lang/Object;)I @ 2
Event: 0.923 Thread 0x00000000166e2000 Uncommon trap: reason=unstable_if action=reinterpret pc=0x0000000002ce3b80 method=com.android.dx.rop.cst.CstMemberRef.compareTo0(Lcom/android/dx/rop/cst/Constant;)I @ 18
Event: 0.923 Thread 0x00000000166e2000 Uncommon trap: reason=unstable_if action=reinterpret pc=0x0000000002cee3b8 method=com.android.dx.rop.cst.CstMemberRef.compareTo0(Lcom/android/dx/rop/cst/Constant;)I @ 18
Event: 1.032 Thread 0x0000000016706800 Uncommon trap: reason=speculate_class_check action=maybe_recompile pc=0x0000000002d35330 method=com.android.dx.rop.cst.Constant.compareTo(Lcom/android/dx/rop/cst/Constant;)I @ 29
Event: 1.032 Thread 0x0000000016706800 Uncommon trap: reason=speculate_class_check action=maybe_recompile pc=0x0000000002d35330 method=com.android.dx.rop.cst.Constant.compareTo(Lcom/android/dx/rop/cst/Constant;)I @ 29
Event: 1.057 Thread 0x0000000016706800 Uncommon trap: reason=speculate_class_check action=maybe_recompile pc=0x0000000002d35330 method=com.android.dx.rop.cst.Constant.compareTo(Lcom/android/dx/rop/cst/Constant;)I @ 29
Event: 1.057 Thread 0x00000000166e2000 Uncommon trap: reason=speculate_class_check action=maybe_recompile pc=0x0000000002d35330 method=com.android.dx.rop.cst.Constant.compareTo(Lcom/android/dx/rop/cst/Constant;)I @ 29
Event: 1.060 Thread 0x0000000002a2e000 Uncommon trap: reason=unstable_if action=reinterpret pc=0x0000000002d4e878 method=java.util.HashMap.getNode(ILjava/lang/Object;)Ljava/util/HashMap$Node; @ 62
Event: 1.154 Thread 0x0000000002a2e000 Uncommon trap: reason=unstable_if action=reinterpret pc=0x0000000002dd3418 method=com.android.dx.rop.cst.CstFieldRef.compareTo0(Lcom/android/dx/rop/cst/Constant;)I @ 7

Internal exceptions (3 events):
Event: 0.301 Thread 0x0000000002a2e000 Exception <a 'java/lang/NoSuchMethodError': Method sun.misc.Unsafe.defineClass(Ljava/lang/String;[BII)Ljava/lang/Class; name or signature does not match> (0x00000000eab07cc0) thrown at [C:\re\workspace\8-2-build-windows-amd64-cygwin\jdk8u91\6644\hotspot\srÞ@Ã"Œ@Ó?
Event: 0.301 Thread 0x0000000002a2e000 Exception <a 'java/lang/NoSuchMethodError': Method sun.misc.Unsafe.prefetchRead(Ljava/lang/Object;J)V name or signature does not match> (0x00000000eab07fa8) thrown at [C:\re\workspace\8-2-build-windows-amd64-cygwin\jdk8u91\6644\hotspot\src\share\vm\prims\júr‡è{€ò?
Event: 1.156 Thread 0x0000000002a2e000 Exception <a 'java/io/IOException'> (0x00000000eb74f820) thrown at [C:\re\workspace\8-2-build-windows-amd64-cygwin\jdk8u91\6644\hotspot\src\share\vm\prims\jni.cpp, line 709]

Events (10 events):
Event: 1.077 loading class com/android/dx/ssa/back/FirstFitLocalCombiningAllocator$Multiset done
Event: 1.081 loading class java/util/DualPivotQuicksort
Event: 1.081 loading class java/util/DualPivotQuicksort done
Event: 1.154 Thread 0x0000000002a2e000 Uncommon trap: trap_request=0xffffff65 fr.pc=0x0000000002dd3418
Event: 1.154 Thread 0x0000000002a2e000 DEOPT PACKING pc=0x0000000002dd3418 sp=0x000000000297e2b0
Event: 1.154 Thread 0x0000000002a2e000 DEOPT UNPACKING pc=0x0000000002b7582a sp=0x000000000297e168 mode 2
Event: 1.157 loading class java/lang/Throwable$WrappedPrintStream
Event: 1.157 Executing VM operation: ForceSafepoint
Event: 1.166 Executing VM operation: ForceSafepoint done
Event: 1.177 loading class java/util/ArrayList$1


Dynamic libraries:
0x00007ff6e9450000 - 0x00007ff6e9487000 	C:\Program Files\Java\jdk1.8.0_91\bin\java.exe
0x00007ffc7d000000 - 0x00007ffc7d1c1000 	C:\WINDOWS\SYSTEM32\ntdll.dll
0x00007ffc7cc30000 - 0x00007ffc7ccdd000 	C:\WINDOWS\system32\KERNEL32.DLL
0x00007ffc79920000 - 0x00007ffc79b08000 	C:\WINDOWS\system32\KERNELBASE.dll
0x00007ffc7ca50000 - 0x00007ffc7caf7000 	C:\WINDOWS\system32\ADVAPI32.dll
0x00007ffc7bf40000 - 0x00007ffc7bfdd000 	C:\WINDOWS\system32\msvcrt.dll
0x00007ffc7a6b0000 - 0x00007ffc7a70b000 	C:\WINDOWS\system32\sechost.dll
0x00007ffc7cee0000 - 0x00007ffc7cffc000 	C:\WINDOWS\system32\RPCRT4.dll
0x00007ffc7a3f0000 - 0x00007ffc7a546000 	C:\WINDOWS\system32\USER32.dll
0x00007ffc7cd50000 - 0x00007ffc7ced6000 	C:\WINDOWS\system32\GDI32.dll
0x00007ffc76110000 - 0x00007ffc76384000 	C:\WINDOWS\WinSxS\amd64_microsoft.windows.common-controls_6595b64144ccf1df_6.0.10586.0_none_8c15ae12515e1c22\COMCTL32.dll
0x00007ffc7bfe0000 - 0x00007ffc7c25d000 	C:\WINDOWS\system32\combase.dll
0x00007ffc79520000 - 0x00007ffc7958a000 	C:\WINDOWS\system32\bcryptPrimitives.dll
0x00007ffc7c2f0000 - 0x00007ffc7c32b000 	C:\WINDOWS\system32\IMM32.DLL
0x00007ffc792e0000 - 0x00007ffc79311000 	C:\Windows\system32\nvinitx.dll
0x00007ffc792d0000 - 0x00007ffc792da000 	C:\WINDOWS\SYSTEM32\VERSION.dll
0x0000000075450000 - 0x0000000075522000 	C:\Program Files\Java\jdk1.8.0_91\jre\bin\msvcr100.dll
0x0000000075e40000 - 0x00000000766d3000 	C:\Program Files\Java\jdk1.8.0_91\jre\bin\server\jvm.dll
0x00007ffc79b10000 - 0x00007ffc79b33000 	C:\WINDOWS\system32\WINMM.dll
0x00007ffc793f0000 - 0x00007ffc7941c000 	C:\WINDOWS\system32\WINMMBASE.dll
0x00007ffc796d0000 - 0x00007ffc79713000 	C:\WINDOWS\system32\cfgmgr32.dll
0x00007ffc7c330000 - 0x00007ffc7c338000 	C:\WINDOWS\system32\PSAPI.DLL
0x00007ffc72ab0000 - 0x00007ffc72ab9000 	C:\WINDOWS\SYSTEM32\WSOCK32.dll
0x00007ffc7cce0000 - 0x00007ffc7cd4b000 	C:\WINDOWS\system32\WS2_32.dll
0x0000000076e90000 - 0x0000000076e9f000 	C:\Program Files\Java\jdk1.8.0_91\jre\bin\verify.dll
0x0000000076e60000 - 0x0000000076e89000 	C:\Program Files\Java\jdk1.8.0_91\jre\bin\java.dll
0x0000000076e40000 - 0x0000000076e56000 	C:\Program Files\Java\jdk1.8.0_91\jre\bin\zip.dll
0x00007ffc7a730000 - 0x00007ffc7bc8c000 	C:\WINDOWS\system32\SHELL32.dll
0x00007ffc79b40000 - 0x00007ffc7a184000 	C:\WINDOWS\system32\windows.storage.dll
0x00007ffc7a390000 - 0x00007ffc7a3e2000 	C:\WINDOWS\system32\shlwapi.dll
0x00007ffc79440000 - 0x00007ffc7944f000 	C:\WINDOWS\system32\kernel.appcore.dll
0x00007ffc79460000 - 0x00007ffc79515000 	C:\WINDOWS\system32\shcore.dll
0x00007ffc795f0000 - 0x00007ffc7963b000 	C:\WINDOWS\system32\powrprof.dll
0x00007ffc79420000 - 0x00007ffc79434000 	C:\WINDOWS\system32\profapi.dll

VM Arguments:
jvm_args: -Djava.awt.headless=true -Xmx1024M -Dfile.encoding=GBK -Duser.country=CN -Duser.language=zh -Duser.variant 
java_command: com.android.dx.command.Main --dex --force-jumbo --num-threads=4 --multi-dex --output D:\andriod_projects\Smart_home\app\build\intermediates\transforms\dex\debug\folders\1000\5\slice_0 D:\andriod_projects\Smart_home\app\build\intermediates\transforms\instantRunSlicer\debug\folders\1\5\slice_0
java_class_path (initial): D:\android\android_SDK\build-tools\23.0.3\lib\dx.jar
Launcher Type: SUN_STANDARD

Environment Variables:
JAVA_HOME=C:\Program Files (x86)\Java\jdk1.8.0_31
CLASSPATH=C:\Program Files (x86)\Java\jdk1.8.0_31\lib;C:\Program Files (x86)\Java\jdk1.8.0_31\lib\tools.jar;D:\andriod environment\adt-bundle-windows-x86-20131030\eclipse\plugins\org.apache.ant_1.8.3.v201301120609\lib;
PATH=C:\PROGRA~1\PTC\MKSTOO~1\bin64;C:\PROGRA~1\PTC\MKSTOO~1\bin;C:\PROGRA~1\PTC\MKSTOO~1\bin\X11;C:\PROGRA~1\PTC\MKSTOO~1\mksnt;C:\ProgramData\Oracle\Java\javapath;C:\Program Files (x86)\Intel\iCLS Client\;C:\Program Files\Intel\iCLS Client\;C:\Program Files (x86)\NVIDIA Corporation\PhysX\Common;C:\WINDOWS\system32;C:\WINDOWS;C:\WINDOWS\System32\Wbem;C:\WINDOWS\System32\WindowsPowerShell\v1.0\;C:\Program Files\Intel\Intel(R) Management Engine Components\DAL;C:\Program Files\Intel\Intel(R) Management Engine Components\IPT;C:\Program Files (x86)\Intel\Intel(R) Management Engine Components\DAL;C:\Program Files (x86)\Intel\Intel(R) Management Engine Components\IPT;C:\Program Files (x86)\Java\jdk1.8.0_31\bin;C:\Program Files (x86)\Java\jdk1.8.0_31\jre\bin;D:\andriod environment\adt-bundle-windows-x86-20131030\sdk\tools;D:\andriod environment\adt-bundle-windows-x86-20131030\sdk\platform-tools;D:\andriod environment\adt-bundle-windows-x86-20131030\eclipse\plugins\org.apache.ant_1.8.3.v201301120609\bin;C:\Program Files\nodejs\;D:\Git\cmd;D:\HMA! Pro VPN\bin
USERNAME=freedom
DISPLAY=:0.0
OS=Windows_NT
PROCESSOR_IDENTIFIER=Intel64 Family 6 Model 60 Stepping 3, GenuineIntel



---------------  S Y S T E M  ---------------

OS: Windows 10.0 , 64 bit Build 10586 (10.0.10586.0)

CPU:total 4 (2 cores per cpu, 2 threads per core) family 6 model 60 stepping 3, cmov, cx8, fxsr, mmx, sse, sse2, sse3, ssse3, sse4.1, sse4.2, popcnt, avx, avx2, aes, clmul, erms, lzcnt, ht, tsc, tscinvbit, bmi1, bmi2

Memory: 4k page, physical 4112564k(336064k free), swap 5685428k(3280k free)

vm_info: Java HotSpot(TM) 64-Bit Server VM (25.91-b14) for windows-amd64 JRE (1.8.0_91-b14), built on Apr  1 2016 00:58:32 by "java_re" with MS VC++ 10.0 (VS2010)

time: Mon Jun 20 21:47:56 2016
elapsed time: 1 seconds (0d 0h 0m 1s)

