#
# There is insufficient memory for the Java Runtime Environment to continue.
# Native memory allocation (malloc) failed to allocate 413696 bytes for Chunk::new
# Possible reasons:
#   The system is out of physical RAM or swap space
#   In 32 bit mode, the process size limit was hit
# Possible solutions:
#   Reduce memory load on the system
#   Increase physical memory or swap space
#   Check if swap backing store is full
#   Use 64 bit Java on a 64 bit OS
#   Decrease Java heap size (-Xmx/-Xms)
#   Decrease number of Java threads
#   Decrease Java thread stack sizes (-Xss)
#   Set larger code cache with -XX:ReservedCodeCacheSize=
# This output file may be truncated or incomplete.
#
#  Out of Memory Error (allocation.cpp:390), pid=3964, tid=7248
#
# JRE version: Java(TM) SE Runtime Environment (8.0_91-b14) (build 1.8.0_91-b14)
# Java VM: Java HotSpot(TM) 64-Bit Server VM (25.91-b14 mixed mode windows-amd64 compressed oops)
# Failed to write core dump. Minidumps are not enabled by default on client versions of Windows
#

---------------  T H R E A D  ---------------

Current thread (0x0000000015a5b800):  JavaThread "C2 CompilerThread0" daemon [_thread_in_native, id=7248, stack(0x0000000017350000,0x0000000017450000)]

Stack: [0x0000000017350000,0x0000000017450000]
[error occurred during error reporting (printing stack bounds), id 0xc0000005]

Native frames: (J=compiled Java code, j=interpreted, Vv=VM code, C=native code)


Current CompileTask:
C2:    850  878       4       com.android.dx.ssa.back.LivenessAnalyzer::handleTailRecursion (94 bytes)


---------------  P R O C E S S  ---------------

Java Threads: ( => current thread )
  0x0000000016ee1800 JavaThread "pool-2-thread-4" [_thread_in_Java, id=3292, stack(0x0000000017c50000,0x0000000017d50000)]
  0x0000000016ee0800 JavaThread "pool-2-thread-3" [_thread_blocked, id=9820, stack(0x0000000017b50000,0x0000000017c50000)]
  0x0000000016edf800 JavaThread "pool-2-thread-2" [_thread_in_Java, id=388, stack(0x0000000017a50000,0x0000000017b50000)]
  0x0000000016edf000 JavaThread "pool-3-thread-1" [_thread_blocked, id=5320, stack(0x0000000017950000,0x0000000017a50000)]
  0x0000000016edc000 JavaThread "pool-2-thread-1" [_thread_blocked, id=1552, stack(0x0000000017850000,0x0000000017950000)]
  0x0000000016dba800 JavaThread "Service Thread" daemon [_thread_blocked, id=7124, stack(0x0000000017650000,0x0000000017750000)]
  0x0000000016dad800 JavaThread "C1 CompilerThread2" daemon [_thread_in_native, id=4260, stack(0x0000000017550000,0x0000000017650000)]
  0x0000000015a5d800 JavaThread "C2 CompilerThread1" daemon [_thread_in_native, id=5776, stack(0x0000000017450000,0x0000000017550000)]
=>0x0000000015a5b800 JavaThread "C2 CompilerThread0" daemon [_thread_in_native, id=7248, stack(0x0000000017350000,0x0000000017450000)]
  0x0000000015a59000 JavaThread "Attach Listener" daemon [_thread_blocked, id=3416, stack(0x0000000017250000,0x0000000017350000)]
  0x0000000015a0f000 JavaThread "Signal Dispatcher" daemon [_thread_blocked, id=9572, stack(0x0000000017150000,0x0000000017250000)]
  0x000000000332a800 JavaThread "Finalizer" daemon [_thread_blocked, id=5100, stack(0x0000000016c50000,0x0000000016d50000)]
  0x0000000003320000 JavaThread "Reference Handler" daemon [_thread_blocked, id=10120, stack(0x0000000016b50000,0x0000000016c50000)]
  0x000000000322e000 JavaThread "main" [_thread_in_Java, id=10168, stack(0x0000000003030000,0x0000000003130000)]

Other Threads:
  0x00000000159c7800 VMThread [stack: 0x0000000016a50000,0x0000000016b50000] [id=7052]
  0x0000000016e16800 WatcherThread [stack: 0x0000000017750000,0x0000000017850000] [id=9480]

VM state:not at safepoint (normal execution)

VM Mutex/Monitor currently owned by a thread: None

Heap:
 PSYoungGen      total 18944K, used 8222K [0x00000000eab00000, 0x00000000ec000000, 0x0000000100000000)
  eden space 16384K, 34% used [0x00000000eab00000,0x00000000eb08bc38,0x00000000ebb00000)
  from space 2560K, 99% used [0x00000000ebb00000,0x00000000ebd7bc70,0x00000000ebd80000)
  to   space 2560K, 0% used [0x00000000ebd80000,0x00000000ebd80000,0x00000000ec000000)
 ParOldGen       total 44032K, used 1889K [0x00000000c0000000, 0x00000000c2b00000, 0x00000000eab00000)
  object space 44032K, 4% used [0x00000000c0000000,0x00000000c01d86e8,0x00000000c2b00000)
 Metaspace       used 5871K, capacity 6774K, committed 7040K, reserved 1056768K
  class space    used 602K, capacity 622K, committed 640K, reserved 1048576K

Card table byte_map: [0x00000000126f0000,0x0000000012900000] byte_map_base: 0x00000000120f0000

Marking Bits: (ParMarkBitMap*) 0x000000005b2d2f70
 Begin Bits: [0x0000000012e60000, 0x0000000013e60000)
 End Bits:   [0x0000000013e60000, 0x0000000014e60000)

Polling page: 0x0000000001480000

CodeCache: size=245760Kb used=3549Kb max_used=3566Kb free=242210Kb
 bounds [0x0000000003330000, 0x00000000036b0000, 0x0000000012330000]
 total_blobs=1146 nmethods=875 adapters=184
 compilation: enabled

Compilation events (10 events):
Event: 0.846 Thread 0x0000000016dad800 nmethod 892 0x00000000036a16d0 code [0x00000000036a1820, 0x00000000036a19f0]
Event: 0.846 Thread 0x0000000016dad800  897       3       com.android.dx.ssa.SsaBasicBlock::scheduleMovesFromPhis (108 bytes)
Event: 0.847 Thread 0x0000000016dad800 nmethod 897 0x00000000036a1a90 code [0x00000000036a1d00, 0x00000000036a28f8]
Event: 0.847 Thread 0x0000000016dad800  893       3       com.android.dx.ssa.SsaBasicBlock::removeAllPhiInsns (18 bytes)
Event: 0.848 Thread 0x0000000016dad800 nmethod 893 0x00000000036a4490 code [0x00000000036a4660, 0x00000000036a4c08]
Event: 0.848 Thread 0x0000000016dad800  895       3       java.util.AbstractList::clear (10 bytes)
Event: 0.848 Thread 0x0000000016dad800 nmethod 895 0x00000000036a4f90 code [0x00000000036a5100, 0x00000000036a53d8]
Event: 0.848 Thread 0x0000000016dad800  896       3       java.util.ArrayList$SubList::removeRange (47 bytes)
Event: 0.848 Thread 0x0000000016dad800 nmethod 896 0x00000000036a8410 code [0x00000000036a85a0, 0x00000000036a8918]
Event: 0.848 Thread 0x0000000016dad800  905       3       com.android.dx.rop.code.RegisterSpecSet::intersect (117 bytes)

GC Heap History (2 events):
Event: 0.736 GC heap before
{Heap before GC invocations=1 (full 0):
 PSYoungGen      total 18944K, used 16384K [0x00000000eab00000, 0x00000000ec000000, 0x0000000100000000)
  eden space 16384K, 100% used [0x00000000eab00000,0x00000000ebb00000,0x00000000ebb00000)
  from space 2560K, 0% used [0x00000000ebd80000,0x00000000ebd80000,0x00000000ec000000)
  to   space 2560K, 0% used [0x00000000ebb00000,0x00000000ebb00000,0x00000000ebd80000)
 ParOldGen       total 44032K, used 0K [0x00000000c0000000, 0x00000000c2b00000, 0x00000000eab00000)
  object space 44032K, 0% used [0x00000000c0000000,0x00000000c0000000,0x00000000c2b00000)
 Metaspace       used 5802K, capacity 6710K, committed 6784K, reserved 1056768K
  class space    used 601K, capacity 622K, committed 640K, reserved 1048576K
Event: 0.753 GC heap after
Heap after GC invocations=1 (full 0):
 PSYoungGen      total 18944K, used 2543K [0x00000000eab00000, 0x00000000ec000000, 0x0000000100000000)
  eden space 16384K, 0% used [0x00000000eab00000,0x00000000eab00000,0x00000000ebb00000)
  from space 2560K, 99% used [0x00000000ebb00000,0x00000000ebd7bc70,0x00000000ebd80000)
  to   space 2560K, 0% used [0x00000000ebd80000,0x00000000ebd80000,0x00000000ec000000)
 ParOldGen       total 44032K, used 1889K [0x00000000c0000000, 0x00000000c2b00000, 0x00000000eab00000)
  object space 44032K, 4% used [0x00000000c0000000,0x00000000c01d86e8,0x00000000c2b00000)
 Metaspace       used 5802K, capacity 6710K, committed 6784K, reserved 1056768K
  class space    used 601K, capacity 622K, committed 640K, reserved 1048576K
}

Deoptimization events (3 events):
Event: 0.799 Thread 0x000000000322e000 Uncommon trap: reason=null_check action=make_not_entrant pc=0x000000000360e828 method=com.android.dx.ssa.SsaRenamer.getLocalForNewReg(I)Lcom/android/dx/rop/code/LocalItem; @ 19
Event: 0.821 Thread 0x000000000322e000 Uncommon trap: reason=unstable_if action=reinterpret pc=0x00000000035daeac method=com.android.dx.rop.code.RegisterSpecSet.put(Lcom/android/dx/rop/code/RegisterSpec;)V @ 77
Event: 0.821 Thread 0x000000000322e000 Uncommon trap: reason=unstable_if action=reinterpret pc=0x00000000035fde6c method=com.android.dx.rop.code.RegisterSpecSet.put(Lcom/android/dx/rop/code/RegisterSpec;)V @ 77

Internal exceptions (3 events):
Event: 0.039 Thread 0x000000000322e000 Exception <a 'java/lang/NoSuchMethodError': Method sun.misc.Unsafe.defineClass(Ljava/lang/String;[BII)Ljava/lang/Class; name or signature does not match> (0x00000000eab07cc0) thrown at [C:\re\workspace\8-2-build-windows-amd64-cygwin\jdk8u91\6644\hotspot\sr°ÛÛ‡∆£?
Event: 0.039 Thread 0x000000000322e000 Exception <a 'java/lang/NoSuchMethodError': Method sun.misc.Unsafe.prefetchRead(Ljava/lang/Object;J)V name or signature does not match> (0x00000000eab07fa8) thrown at [C:\re\workspace\8-2-build-windows-amd64-cygwin\jdk8u91\6644\hotspot\src\share\vm\prims\j!ıË»XéÈ?
Event: 0.799 Thread 0x000000000322e000 Implicit null exception at 0x000000000360cae2 to 0x000000000360e7dd

Events (10 events):
Event: 0.799 Thread 0x000000000322e000 DEOPT PACKING pc=0x000000000360e828 sp=0x000000000312df80
Event: 0.799 Thread 0x000000000322e000 DEOPT UNPACKING pc=0x000000000337582a sp=0x000000000312ddd8 mode 2
Event: 0.807 loading class com/android/dx/cf/code/SwitchList
Event: 0.807 loading class com/android/dx/cf/code/SwitchList done
Event: 0.821 Thread 0x000000000322e000 Uncommon trap: trap_request=0xffffff65 fr.pc=0x00000000035daeac
Event: 0.821 Thread 0x000000000322e000 DEOPT PACKING pc=0x00000000035daeac sp=0x000000000312e020
Event: 0.821 Thread 0x000000000322e000 DEOPT UNPACKING pc=0x000000000337582a sp=0x000000000312dfa8 mode 2
Event: 0.821 Thread 0x000000000322e000 Uncommon trap: trap_request=0xffffff65 fr.pc=0x00000000035fde6c
Event: 0.821 Thread 0x000000000322e000 DEOPT PACKING pc=0x00000000035fde6c sp=0x000000000312e010
Event: 0.821 Thread 0x000000000322e000 DEOPT UNPACKING pc=0x000000000337582a sp=0x000000000312df30 mode 2


Dynamic libraries:
0x00007ff6510e0000 - 0x00007ff651117000 	C:\Program Files\Java\jdk1.8.0_91\bin\java.exe
0x00007fffc0830000 - 0x00007fffc09f1000 	C:\WINDOWS\SYSTEM32\ntdll.dll
0x00007fffc0770000 - 0x00007fffc081d000 	C:\WINDOWS\system32\KERNEL32.DLL
0x00007fffbcee0000 - 0x00007fffbd0c8000 	C:\WINDOWS\system32\KERNELBASE.dll
0x00007fffbdf70000 - 0x00007fffbe017000 	C:\WINDOWS\system32\ADVAPI32.dll
0x00007fffbe460000 - 0x00007fffbe4fd000 	C:\WINDOWS\system32\msvcrt.dll
0x00007fffbfe00000 - 0x00007fffbfe5b000 	C:\WINDOWS\system32\sechost.dll
0x00007fffc0430000 - 0x00007fffc054c000 	C:\WINDOWS\system32\RPCRT4.dll
0x00007fffc0050000 - 0x00007fffc01a6000 	C:\WINDOWS\system32\USER32.dll
0x00007fffbdd80000 - 0x00007fffbdf06000 	C:\WINDOWS\system32\GDI32.dll
0x00007fffb9680000 - 0x00007fffb98f4000 	C:\WINDOWS\WinSxS\amd64_microsoft.windows.common-controls_6595b64144ccf1df_6.0.10586.0_none_8c15ae12515e1c22\COMCTL32.dll
0x00007fffbfb80000 - 0x00007fffbfdfd000 	C:\WINDOWS\system32\combase.dll
0x00007fffbd0d0000 - 0x00007fffbd13a000 	C:\WINDOWS\system32\bcryptPrimitives.dll
0x00007fffc0010000 - 0x00007fffc004b000 	C:\WINDOWS\system32\IMM32.DLL
0x00007fffbcb10000 - 0x00007fffbcb41000 	C:\Windows\system32\nvinitx.dll
0x00007fffbcb00000 - 0x00007fffbcb0a000 	C:\WINDOWS\SYSTEM32\VERSION.dll
0x000000005a810000 - 0x000000005a8e2000 	C:\Program Files\Java\jdk1.8.0_91\jre\bin\msvcr100.dll
0x000000005aac0000 - 0x000000005b353000 	C:\Program Files\Java\jdk1.8.0_91\jre\bin\server\jvm.dll
0x00007fffbceb0000 - 0x00007fffbced3000 	C:\WINDOWS\system32\WINMM.dll
0x00007fffbcc20000 - 0x00007fffbcc4c000 	C:\WINDOWS\system32\WINMMBASE.dll
0x00007fffbcd90000 - 0x00007fffbcdd3000 	C:\WINDOWS\system32\cfgmgr32.dll
0x00007fffc0310000 - 0x00007fffc0318000 	C:\WINDOWS\system32\PSAPI.DLL
0x00007fffb4570000 - 0x00007fffb4579000 	C:\WINDOWS\SYSTEM32\WSOCK32.dll
0x00007fffc0700000 - 0x00007fffc076b000 	C:\WINDOWS\system32\WS2_32.dll
0x000000005be80000 - 0x000000005be8f000 	C:\Program Files\Java\jdk1.8.0_91\jre\bin\verify.dll
0x000000005be50000 - 0x000000005be79000 	C:\Program Files\Java\jdk1.8.0_91\jre\bin\java.dll
0x000000005be30000 - 0x000000005be46000 	C:\Program Files\Java\jdk1.8.0_91\jre\bin\zip.dll
0x00007fffbe620000 - 0x00007fffbfb7c000 	C:\WINDOWS\system32\SHELL32.dll
0x00007fffbd420000 - 0x00007fffbda64000 	C:\WINDOWS\system32\windows.storage.dll
0x00007fffc06a0000 - 0x00007fffc06f2000 	C:\WINDOWS\system32\shlwapi.dll
0x00007fffbcc60000 - 0x00007fffbcc6f000 	C:\WINDOWS\system32\kernel.appcore.dll
0x00007fffbcde0000 - 0x00007fffbce95000 	C:\WINDOWS\system32\shcore.dll
0x00007fffbcd40000 - 0x00007fffbcd8b000 	C:\WINDOWS\system32\powrprof.dll
0x00007fffbcc70000 - 0x00007fffbcc84000 	C:\WINDOWS\system32\profapi.dll

VM Arguments:
jvm_args: -Djava.awt.headless=true -Xmx1024M -Dfile.encoding=GBK -Duser.country=CN -Duser.language=zh -Duser.variant 
java_command: com.android.dx.command.Main --dex --force-jumbo --num-threads=4 --multi-dex --output D:\andriod_projects\Smart_home\app\build\intermediates\transforms\dex\debug\folders\1000\10\instant-run_85f204c95cf45846e4de8984df1d0fc3cfdbc53c D:\andriod_projects\Smart_home\app\build\intermediates\incremental-runtime-classes\debug\instant-run.jar
java_class_path (initial): D:\android\android_SDK\build-tools\23.0.3\lib\dx.jar
Launcher Type: SUN_STANDARD

Environment Variables:
JAVA_HOME=C:\Program Files (x86)\Java\jdk1.8.0_31
CLASSPATH=C:\Program Files (x86)\Java\jdk1.8.0_31\lib;C:\Program Files (x86)\Java\jdk1.8.0_31\lib\tools.jar;D:\andriod environment\adt-bundle-windows-x86-20131030\eclipse\plugins\org.apache.ant_1.8.3.v201301120609\lib;
PATH=C:\PROGRA~1\PTC\MKSTOO~1\bin64;C:\PROGRA~1\PTC\MKSTOO~1\bin;C:\PROGRA~1\PTC\MKSTOO~1\bin\X11;C:\PROGRA~1\PTC\MKSTOO~1\mksnt;C:\ProgramData\Oracle\Java\javapath;C:\Program Files (x86)\Intel\iCLS Client\;C:\Program Files\Intel\iCLS Client\;C:\Program Files (x86)\NVIDIA Corporation\PhysX\Common;C:\WINDOWS\system32;C:\WINDOWS;C:\WINDOWS\System32\Wbem;C:\WINDOWS\System32\WindowsPowerShell\v1.0\;C:\Program Files\Intel\Intel(R) Management Engine Components\DAL;C:\Program Files\Intel\Intel(R) Management Engine Components\IPT;C:\Program Files (x86)\Intel\Intel(R) Management Engine Components\DAL;C:\Program Files (x86)\Intel\Intel(R) Management Engine Components\IPT;C:\Program Files (x86)\Java\jdk1.8.0_31\bin;C:\Program Files (x86)\Java\jdk1.8.0_31\jre\bin;D:\andriod environment\adt-bundle-windows-x86-20131030\sdk\tools;D:\andriod environment\adt-bundle-windows-x86-20131030\sdk\platform-tools;D:\andriod environment\adt-bundle-windows-x86-20131030\eclipse\plugins\org.apache.ant_1.8.3.v201301120609\bin;C:\Program Files\nodejs\;D:\HMA! Pro VPN\bin
USERNAME=freedom
DISPLAY=:0.0
OS=Windows_NT
PROCESSOR_IDENTIFIER=Intel64 Family 6 Model 60 Stepping 3, GenuineIntel



---------------  S Y S T E M  ---------------

OS: Windows 10.0 , 64 bit Build 10586 (10.0.10586.0)

CPU:total 4 (2 cores per cpu, 2 threads per core) family 6 model 60 stepping 3, cmov, cx8, fxsr, mmx, sse, sse2, sse3, ssse3, sse4.1, sse4.2, popcnt, avx, avx2, aes, clmul, erms, lzcnt, ht, tsc, tscinvbit, bmi1, bmi2

Memory: 4k page, physical 4112564k(691800k free), swap 5685428k(6236k free)

vm_info: Java HotSpot(TM) 64-Bit Server VM (25.91-b14) for windows-amd64 JRE (1.8.0_91-b14), built on Apr  1 2016 00:58:32 by "java_re" with MS VC++ 10.0 (VS2010)

time: Sat Jun 18 01:44:35 2016
elapsed time: 0 seconds (0d 0h 0m 0s)

