#
# There is insufficient memory for the Java Runtime Environment to continue.
# Native memory allocation (malloc) failed to allocate 966096 bytes for Chunk::new
# Possible reasons:
#   The system is out of physical RAM or swap space
#   In 32 bit mode, the process size limit was hit
# Possible solutions:
#   Reduce memory load on the system
#   Increase physical memory or swap space
#   Check if swap backing store is full
#   Use 64 bit Java on a 64 bit OS
#   Decrease Java heap size (-Xmx/-Xms)
#   Decrease number of Java threads
#   Decrease Java thread stack sizes (-Xss)
#   Set larger code cache with -XX:ReservedCodeCacheSize=
# This output file may be truncated or incomplete.
#
#  Out of Memory Error (allocation.cpp:390), pid=5020, tid=9576
#
# JRE version: Java(TM) SE Runtime Environment (8.0_91-b14) (build 1.8.0_91-b14)
# Java VM: Java HotSpot(TM) 64-Bit Server VM (25.91-b14 mixed mode windows-amd64 compressed oops)
# Failed to write core dump. Minidumps are not enabled by default on client versions of Windows
#

---------------  T H R E A D  ---------------

Current thread (0x000000001696a800):  JavaThread "C2 CompilerThread1" daemon [_thread_in_native, id=9576, stack(0x0000000017060000,0x0000000017160000)]

Stack: [0x0000000017060000,0x0000000017160000]
[error occurred during error reporting (printing stack bounds), id 0xc0000005]

Native frames: (J=compiled Java code, j=interpreted, Vv=VM code, C=native code)


Current CompileTask:
C2:   4936 1643   !   4       com.android.dx.cf.code.BytecodeArray::parseInstruction (2764 bytes)


---------------  P R O C E S S  ---------------

Java Threads: ( => current thread )
  0x0000000016c20800 JavaThread "pool-1-thread-4" [_thread_in_Java, id=6432, stack(0x0000000017860000,0x0000000017960000)]
  0x0000000016c1c800 JavaThread "pool-1-thread-3" [_thread_in_Java, id=7420, stack(0x0000000017760000,0x0000000017860000)]
  0x0000000016c1b800 JavaThread "pool-1-thread-2" [_thread_in_Java, id=6112, stack(0x0000000017660000,0x0000000017760000)]
  0x0000000016bdf000 JavaThread "pool-2-thread-1" [_thread_blocked, id=5856, stack(0x0000000017560000,0x0000000017660000)]
  0x0000000016bd7000 JavaThread "pool-1-thread-1" [_thread_in_Java, id=6304, stack(0x0000000017460000,0x0000000017560000)]
  0x00000000169cb800 JavaThread "Service Thread" daemon [_thread_blocked, id=5048, stack(0x0000000017260000,0x0000000017360000)]
  0x00000000169c7800 JavaThread "C1 CompilerThread2" daemon [_thread_blocked, id=11124, stack(0x0000000017160000,0x0000000017260000)]
=>0x000000001696a800 JavaThread "C2 CompilerThread1" daemon [_thread_in_native, id=9576, stack(0x0000000017060000,0x0000000017160000)]
  0x000000001566e800 JavaThread "C2 CompilerThread0" daemon [_thread_in_native, id=10520, stack(0x0000000016f60000,0x0000000017060000)]
  0x000000001566b800 JavaThread "Attach Listener" daemon [_thread_blocked, id=6060, stack(0x0000000016e60000,0x0000000016f60000)]
  0x0000000016968800 JavaThread "Signal Dispatcher" daemon [_thread_blocked, id=1700, stack(0x0000000016d60000,0x0000000016e60000)]
  0x0000000002f3b000 JavaThread "Finalizer" daemon [_thread_blocked, id=9220, stack(0x0000000016860000,0x0000000016960000)]
  0x0000000002f30000 JavaThread "Reference Handler" daemon [_thread_blocked, id=7892, stack(0x0000000016760000,0x0000000016860000)]
  0x000000000290e000 JavaThread "main" [_thread_in_Java, id=9980, stack(0x0000000002d40000,0x0000000002e40000)]

Other Threads:
  0x00000000155d7800 VMThread [stack: 0x0000000016660000,0x0000000016760000] [id=11164]
  0x00000000169d7800 WatcherThread [stack: 0x0000000017360000,0x0000000017460000] [id=10800]

VM state:not at safepoint (normal execution)

VM Mutex/Monitor currently owned by a thread: None

Heap:
 PSYoungGen      total 35328K, used 21337K [0x00000000eab00000, 0x00000000ed000000, 0x0000000100000000)
  eden space 32768K, 57% used [0x00000000eab00000,0x00000000ebd5cb28,0x00000000ecb00000)
  from space 2560K, 99% used [0x00000000ecd80000,0x00000000ecff9a68,0x00000000ed000000)
  to   space 2560K, 0% used [0x00000000ecb00000,0x00000000ecb00000,0x00000000ecd80000)
 ParOldGen       total 44032K, used 9096K [0x00000000c0000000, 0x00000000c2b00000, 0x00000000eab00000)
  object space 44032K, 20% used [0x00000000c0000000,0x00000000c08e2338,0x00000000c2b00000)
 Metaspace       used 6277K, capacity 7094K, committed 7296K, reserved 1056768K
  class space    used 608K, capacity 622K, committed 640K, reserved 1048576K

Card table byte_map: [0x0000000012300000,0x0000000012510000] byte_map_base: 0x0000000011d00000

Marking Bits: (ParMarkBitMap*) 0x0000000067332f70
 Begin Bits: [0x0000000012a70000, 0x0000000013a70000)
 End Bits:   [0x0000000013a70000, 0x0000000014a70000)

Polling page: 0x0000000002880000

CodeCache: size=245760Kb used=7056Kb max_used=7082Kb free=238703Kb
 bounds [0x0000000002f40000, 0x0000000003640000, 0x0000000011f40000]
 total_blobs=1909 nmethods=1638 adapters=184
 compilation: enabled

Compilation events (10 events):
Event: 4.398 Thread 0x00000000169c7800 1649       2       com.android.dx.rop.annotation.Annotation::put (32 bytes)
Event: 4.399 Thread 0x00000000169c7800 nmethod 1649 0x000000000361b810 code [0x000000000361b9a0, 0x000000000361bca8]
Event: 4.399 Thread 0x00000000169c7800 1650       1       com.android.dx.rop.cst.CstLiteral32::isCategory2 (2 bytes)
Event: 4.399 Thread 0x00000000169c7800 nmethod 1650 0x000000000361be90 code [0x000000000361bfe0, 0x000000000361c0f0]
Event: 4.401 Thread 0x00000000169c7800 1651       2       com.android.dx.ssa.LiteralOpUpgrader::isConstIntZeroOrKnownNull (34 bytes)
Event: 4.401 Thread 0x00000000169c7800 nmethod 1651 0x000000000361c150 code [0x000000000361c2c0, 0x000000000361c4c8]
Event: 4.408 Thread 0x00000000169c7800 1652       1       com.android.dx.rop.code.ThrowingInsn::getCatches (5 bytes)
Event: 4.408 Thread 0x00000000169c7800 nmethod 1652 0x000000000361c5d0 code [0x000000000361c720, 0x000000000361c830]
Event: 4.532 Thread 0x000000001696a800 nmethod 1574 0x0000000003623150 code [0x0000000003623580, 0x00000000036270c8]
Event: 4.533 Thread 0x000000001696a800 1643   !   4       com.android.dx.cf.code.BytecodeArray::parseInstruction (2764 bytes)

GC Heap History (8 events):
Event: 1.235 GC heap before
{Heap before GC invocations=1 (full 0):
 PSYoungGen      total 18944K, used 16384K [0x00000000eab00000, 0x00000000ec000000, 0x0000000100000000)
  eden space 16384K, 100% used [0x00000000eab00000,0x00000000ebb00000,0x00000000ebb00000)
  from space 2560K, 0% used [0x00000000ebd80000,0x00000000ebd80000,0x00000000ec000000)
  to   space 2560K, 0% used [0x00000000ebb00000,0x00000000ebb00000,0x00000000ebd80000)
 ParOldGen       total 44032K, used 0K [0x00000000c0000000, 0x00000000c2b00000, 0x00000000eab00000)
  object space 44032K, 0% used [0x00000000c0000000,0x00000000c0000000,0x00000000c2b00000)
 Metaspace       used 5805K, capacity 6706K, committed 6784K, reserved 1056768K
  class space    used 602K, capacity 618K, committed 640K, reserved 1048576K
Event: 1.242 GC heap after
Heap after GC invocations=1 (full 0):
 PSYoungGen      total 18944K, used 2559K [0x00000000eab00000, 0x00000000ec000000, 0x0000000100000000)
  eden space 16384K, 0% used [0x00000000eab00000,0x00000000eab00000,0x00000000ebb00000)
  from space 2560K, 99% used [0x00000000ebb00000,0x00000000ebd7fc98,0x00000000ebd80000)
  to   space 2560K, 0% used [0x00000000ebd80000,0x00000000ebd80000,0x00000000ec000000)
 ParOldGen       total 44032K, used 1658K [0x00000000c0000000, 0x00000000c2b00000, 0x00000000eab00000)
  object space 44032K, 3% used [0x00000000c0000000,0x00000000c019e880,0x00000000c2b00000)
 Metaspace       used 5805K, capacity 6706K, committed 6784K, reserved 1056768K
  class space    used 602K, capacity 618K, committed 640K, reserved 1048576K
}
Event: 2.168 GC heap before
{Heap before GC invocations=2 (full 0):
 PSYoungGen      total 18944K, used 18943K [0x00000000eab00000, 0x00000000ec000000, 0x0000000100000000)
  eden space 16384K, 100% used [0x00000000eab00000,0x00000000ebb00000,0x00000000ebb00000)
  from space 2560K, 99% used [0x00000000ebb00000,0x00000000ebd7fc98,0x00000000ebd80000)
  to   space 2560K, 0% used [0x00000000ebd80000,0x00000000ebd80000,0x00000000ec000000)
 ParOldGen       total 44032K, used 1658K [0x00000000c0000000, 0x00000000c2b00000, 0x00000000eab00000)
  object space 44032K, 3% used [0x00000000c0000000,0x00000000c019e880,0x00000000c2b00000)
 Metaspace       used 6108K, capacity 6964K, committed 7040K, reserved 1056768K
  class space    used 606K, capacity 620K, committed 640K, reserved 1048576K
Event: 2.375 GC heap after
Heap after GC invocations=2 (full 0):
 PSYoungGen      total 18944K, used 2547K [0x00000000eab00000, 0x00000000ed000000, 0x0000000100000000)
  eden space 16384K, 0% used [0x00000000eab00000,0x00000000eab00000,0x00000000ebb00000)
  from space 2560K, 99% used [0x00000000ebd80000,0x00000000ebffcc68,0x00000000ec000000)
  to   space 2560K, 0% used [0x00000000ebb00000,0x00000000ebb00000,0x00000000ebd80000)
 ParOldGen       total 44032K, used 3923K [0x00000000c0000000, 0x00000000c2b00000, 0x00000000eab00000)
  object space 44032K, 8% used [0x00000000c0000000,0x00000000c03d4c80,0x00000000c2b00000)
 Metaspace       used 6108K, capacity 6964K, committed 7040K, reserved 1056768K
  class space    used 606K, capacity 620K, committed 640K, reserved 1048576K
}
Event: 3.061 GC heap before
{Heap before GC invocations=3 (full 0):
 PSYoungGen      total 18944K, used 18931K [0x00000000eab00000, 0x00000000ed000000, 0x0000000100000000)
  eden space 16384K, 100% used [0x00000000eab00000,0x00000000ebb00000,0x00000000ebb00000)
  from space 2560K, 99% used [0x00000000ebd80000,0x00000000ebffcc68,0x00000000ec000000)
  to   space 2560K, 0% used [0x00000000ebb00000,0x00000000ebb00000,0x00000000ebd80000)
 ParOldGen       total 44032K, used 3923K [0x00000000c0000000, 0x00000000c2b00000, 0x00000000eab00000)
  object space 44032K, 8% used [0x00000000c0000000,0x00000000c03d4c80,0x00000000c2b00000)
 Metaspace       used 6185K, capacity 7030K, committed 7296K, reserved 1056768K
  class space    used 608K, capacity 622K, committed 640K, reserved 1048576K
Event: 3.449 GC heap after
Heap after GC invocations=3 (full 0):
 PSYoungGen      total 18944K, used 2558K [0x00000000eab00000, 0x00000000ed000000, 0x0000000100000000)
  eden space 16384K, 0% used [0x00000000eab00000,0x00000000eab00000,0x00000000ebb00000)
  from space 2560K, 99% used [0x00000000ebb00000,0x00000000ebd7f9e0,0x00000000ebd80000)
  to   space 2560K, 0% used [0x00000000ecd80000,0x00000000ecd80000,0x00000000ed000000)
 ParOldGen       total 44032K, used 6456K [0x00000000c0000000, 0x00000000c2b00000, 0x00000000eab00000)
  object space 44032K, 14% used [0x00000000c0000000,0x00000000c064e038,0x00000000c2b00000)
 Metaspace       used 6185K, capacity 7030K, committed 7296K, reserved 1056768K
  class space    used 608K, capacity 622K, committed 640K, reserved 1048576K
}
Event: 3.650 GC heap before
{Heap before GC invocations=4 (full 0):
 PSYoungGen      total 18944K, used 18942K [0x00000000eab00000, 0x00000000ed000000, 0x0000000100000000)
  eden space 16384K, 100% used [0x00000000eab00000,0x00000000ebb00000,0x00000000ebb00000)
  from space 2560K, 99% used [0x00000000ebb00000,0x00000000ebd7f9e0,0x00000000ebd80000)
  to   space 2560K, 0% used [0x00000000ecd80000,0x00000000ecd80000,0x00000000ed000000)
 ParOldGen       total 44032K, used 6456K [0x00000000c0000000, 0x00000000c2b00000, 0x00000000eab00000)
  object space 44032K, 14% used [0x00000000c0000000,0x00000000c064e038,0x00000000c2b00000)
 Metaspace       used 6249K, capacity 7094K, committed 7296K, reserved 1056768K
  class space    used 608K, capacity 622K, committed 640K, reserved 1048576K
Event: 4.224 GC heap after
Heap after GC invocations=4 (full 0):
 PSYoungGen      total 35328K, used 2534K [0x00000000eab00000, 0x00000000ed000000, 0x0000000100000000)
  eden space 32768K, 0% used [0x00000000eab00000,0x00000000eab00000,0x00000000ecb00000)
  from space 2560K, 99% used [0x00000000ecd80000,0x00000000ecff9a68,0x00000000ed000000)
  to   space 2560K, 0% used [0x00000000ecb00000,0x00000000ecb00000,0x00000000ecd80000)
 ParOldGen       total 44032K, used 9096K [0x00000000c0000000, 0x00000000c2b00000, 0x00000000eab00000)
  object space 44032K, 20% used [0x00000000c0000000,0x00000000c08e2338,0x00000000c2b00000)
 Metaspace       used 6249K, capacity 7094K, committed 7296K, reserved 1056768K
  class space    used 608K, capacity 622K, committed 640K, reserved 1048576K
}

Deoptimization events (10 events):
Event: 3.471 Thread 0x0000000016bd7000 Uncommon trap: reason=class_check action=maybe_recompile pc=0x000000000339af54 method=java.util.HashMap.putVal(ILjava/lang/Object;Ljava/lang/Object;ZZ)Ljava/lang/Object; @ 203
Event: 3.477 Thread 0x000000000290e000 Uncommon trap: reason=unstable_if action=reinterpret pc=0x0000000003549674 method=com.android.dx.ssa.LiteralOpUpgrader$1.visitNonMoveInsn(Lcom/android/dx/ssa/NormalSsaInsn;)V @ 176
Event: 4.226 Thread 0x0000000016c1c800 Uncommon trap: reason=bimorphic action=maybe_recompile pc=0x00000000035402f4 method=com.android.dx.ssa.LiteralOpUpgrader.tryReplacingWithConstant(Lcom/android/dx/ssa/NormalSsaInsn;)Z @ 52
Event: 4.258 Thread 0x0000000016c1c800 Uncommon trap: reason=unstable_if action=reinterpret pc=0x000000000344e270 method=com.android.dx.ssa.SCCP.simulateStmt(Lcom/android/dx/ssa/SsaInsn;)V @ 53
Event: 4.314 Thread 0x0000000016c20800 Uncommon trap: reason=bimorphic action=maybe_recompile pc=0x00000000035402f4 method=com.android.dx.ssa.LiteralOpUpgrader.tryReplacingWithConstant(Lcom/android/dx/ssa/NormalSsaInsn;)Z @ 52
Event: 4.314 Thread 0x0000000016c20800 Uncommon trap: reason=bimorphic action=maybe_recompile pc=0x00000000035402f4 method=com.android.dx.ssa.LiteralOpUpgrader.tryReplacingWithConstant(Lcom/android/dx/ssa/NormalSsaInsn;)Z @ 52
Event: 4.317 Thread 0x0000000016c20800 Uncommon trap: reason=bimorphic action=maybe_recompile pc=0x00000000035402f4 method=com.android.dx.ssa.LiteralOpUpgrader.tryReplacingWithConstant(Lcom/android/dx/ssa/NormalSsaInsn;)Z @ 52
Event: 4.334 Thread 0x0000000016c20800 Uncommon trap: reason=unstable_if action=reinterpret pc=0x00000000035e1f04 method=com.android.dx.rop.cst.CstNat.equals(Ljava/lang/Object;)Z @ 25
Event: 4.369 Thread 0x0000000016c1b800 Uncommon trap: reason=bimorphic action=maybe_recompile pc=0x00000000035ccc84 method=com.android.dx.cf.code.BytecodeArray.parseInstruction(ILcom/android/dx/cf/code/BytecodeArray$Visitor;)I @ 955
Event: 4.369 Thread 0x0000000016c1b800 Uncommon trap: reason=bimorphic action=maybe_recompile pc=0x00000000035ccc84 method=com.android.dx.cf.code.BytecodeArray.parseInstruction(ILcom/android/dx/cf/code/BytecodeArray$Visitor;)I @ 955

Internal exceptions (4 events):
Event: 0.053 Thread 0x000000000290e000 Exception <a 'java/lang/NoSuchMethodError': Method sun.misc.Unsafe.defineClass(Ljava/lang/String;[BII)Ljava/lang/Class; name or signature does not match> (0x00000000eab07cc0) thrown at [C:\re\workspace\8-2-build-windows-amd64-cygwin\jdk8u91\6644\hotspot\srŠ†ëÆ'f«?
Event: 0.054 Thread 0x000000000290e000 Exception <a 'java/lang/NoSuchMethodError': Method sun.misc.Unsafe.prefetchRead(Ljava/lang/Object;J)V name or signature does not match> (0x00000000eab07fa8) thrown at [C:\re\workspace\8-2-build-windows-amd64-cygwin\jdk8u91\6644\hotspot\src\share\vm\prims\j3˜Öu>
Event: 2.030 Thread 0x0000000016c20800 Implicit null exception at 0x00000000033a2b62 to 0x00000000033a2c5a
Event: 2.528 Thread 0x0000000016bd7000 Implicit null exception at 0x00000000032a652f to 0x00000000032a7dd9

Events (10 events):
Event: 4.334 Thread 0x0000000016c20800 DEOPT PACKING pc=0x00000000035e1f04 sp=0x000000001795de40
Event: 4.334 Thread 0x0000000016c20800 DEOPT UNPACKING pc=0x0000000002f8582a sp=0x000000001795dd60 mode 2
Event: 4.362 Thread 0x0000000016c1b800 DEOPT PACKING pc=0x000000000334cc43 sp=0x000000001775e830
Event: 4.362 Thread 0x0000000016c1b800 DEOPT UNPACKING pc=0x0000000002f8787f sp=0x000000001775e5b0 mode 0
Event: 4.369 Thread 0x0000000016c1b800 Uncommon trap: trap_request=0xffffffc6 fr.pc=0x00000000035ccc84
Event: 4.369 Thread 0x0000000016c1b800 DEOPT PACKING pc=0x00000000035ccc84 sp=0x000000001775e6c0
Event: 4.369 Thread 0x0000000016c1b800 DEOPT UNPACKING pc=0x0000000002f8582a sp=0x000000001775e668 mode 2
Event: 4.369 Thread 0x0000000016c1b800 Uncommon trap: trap_request=0xffffffc6 fr.pc=0x00000000035ccc84
Event: 4.369 Thread 0x0000000016c1b800 DEOPT PACKING pc=0x00000000035ccc84 sp=0x000000001775e500
Event: 4.369 Thread 0x0000000016c1b800 DEOPT UNPACKING pc=0x0000000002f8582a sp=0x000000001775e4a8 mode 2


Dynamic libraries:
0x00007ff77cca0000 - 0x00007ff77ccd7000 	C:\Program Files\Java\jdk1.8.0_91\bin\java.exe
0x00007ffdb40f0000 - 0x00007ffdb42c1000 	C:\WINDOWS\SYSTEM32\ntdll.dll
0x00007ffdb1ee0000 - 0x00007ffdb1f8b000 	C:\WINDOWS\System32\KERNEL32.DLL
0x00007ffdb0390000 - 0x00007ffdb05ad000 	C:\WINDOWS\System32\KERNELBASE.dll
0x00007ffdb19f0000 - 0x00007ffdb1a92000 	C:\WINDOWS\System32\ADVAPI32.dll
0x00007ffdb2670000 - 0x00007ffdb270e000 	C:\WINDOWS\System32\msvcrt.dll
0x00007ffdb4070000 - 0x00007ffdb40c9000 	C:\WINDOWS\System32\sechost.dll
0x00007ffdb2540000 - 0x00007ffdb2661000 	C:\WINDOWS\System32\RPCRT4.dll
0x00007ffdb2260000 - 0x00007ffdb23c5000 	C:\WINDOWS\System32\USER32.dll
0x00007ffdb05b0000 - 0x00007ffdb05ce000 	C:\WINDOWS\System32\win32u.dll
0x00007ffdb1aa0000 - 0x00007ffdb1ad4000 	C:\WINDOWS\System32\GDI32.dll
0x00007ffdb0db0000 - 0x00007ffdb0f32000 	C:\WINDOWS\System32\gdi32full.dll
0x00007ffda82f0000 - 0x00007ffda8569000 	C:\WINDOWS\WinSxS\amd64_microsoft.windows.common-controls_6595b64144ccf1df_6.0.14393.0_none_2d0f50fcbdb171b8\COMCTL32.dll
0x00007ffdb1f90000 - 0x00007ffdb2257000 	C:\WINDOWS\System32\combase.dll
0x00007ffdb1270000 - 0x00007ffdb1365000 	C:\WINDOWS\System32\ucrtbase.dll
0x00007ffdb1450000 - 0x00007ffdb14ba000 	C:\WINDOWS\System32\bcryptPrimitives.dll
0x00007ffdb4040000 - 0x00007ffdb406e000 	C:\WINDOWS\System32\IMM32.DLL
0x00000000673c0000 - 0x0000000067492000 	C:\Program Files\Java\jdk1.8.0_91\jre\bin\msvcr100.dll
0x0000000066b20000 - 0x00000000673b3000 	C:\Program Files\Java\jdk1.8.0_91\jre\bin\server\jvm.dll
0x00007ffdb13c0000 - 0x00007ffdb13e3000 	C:\WINDOWS\System32\WINMM.dll
0x00007ffdb0360000 - 0x00007ffdb038b000 	C:\WINDOWS\System32\WINMMBASE.dll
0x00007ffdb05d0000 - 0x00007ffdb0612000 	C:\WINDOWS\System32\cfgmgr32.dll
0x00007ffdb3e40000 - 0x00007ffdb3e48000 	C:\WINDOWS\System32\PSAPI.DLL
0x00007ffd9daa0000 - 0x00007ffd9daa9000 	C:\WINDOWS\SYSTEM32\WSOCK32.dll
0x00007ffdb3f20000 - 0x00007ffdb3f8a000 	C:\WINDOWS\System32\WS2_32.dll
0x00007ffdaccd0000 - 0x00007ffdaccda000 	C:\WINDOWS\SYSTEM32\VERSION.dll
0x0000000066b10000 - 0x0000000066b1f000 	C:\Program Files\Java\jdk1.8.0_91\jre\bin\verify.dll
0x0000000066ae0000 - 0x0000000066b09000 	C:\Program Files\Java\jdk1.8.0_91\jre\bin\java.dll
0x0000000066ac0000 - 0x0000000066ad6000 	C:\Program Files\Java\jdk1.8.0_91\jre\bin\zip.dll
0x00007ffdb2710000 - 0x00007ffdb3c18000 	C:\WINDOWS\System32\SHELL32.dll
0x00007ffdb06d0000 - 0x00007ffdb0daa000 	C:\WINDOWS\System32\windows.storage.dll
0x00007ffdb1370000 - 0x00007ffdb13bc000 	C:\WINDOWS\System32\powrprof.dll
0x00007ffdb3ec0000 - 0x00007ffdb3f12000 	C:\WINDOWS\System32\shlwapi.dll
0x00007ffdb0340000 - 0x00007ffdb034f000 	C:\WINDOWS\System32\kernel.appcore.dll
0x00007ffdb1110000 - 0x00007ffdb11b9000 	C:\WINDOWS\System32\shcore.dll
0x00007ffdb0320000 - 0x00007ffdb0334000 	C:\WINDOWS\System32\profapi.dll

VM Arguments:
jvm_args: -Djava.awt.headless=true -Xmx1024M -Dfile.encoding=GBK -Duser.country=CN -Duser.language=zh -Duser.variant 
java_command: com.android.dx.command.Main --dex --force-jumbo --num-threads=4 --output D:\andriod_projects\smartHome\app\build\intermediates\pre-dexed\debug\com.android.support-design-23.3.0_b64c29804bb515ef7c97a8413ababd961eb1081b.jar D:\andriod_projects\smartHome\app\build\intermediates\exploded-aar\com.android.support\design\23.3.0\jars\classes.jar
java_class_path (initial): D:\android\android_SDK\build-tools\23.0.3\lib\dx.jar
Launcher Type: SUN_STANDARD

Environment Variables:
JAVA_HOME=C:\Program Files (x86)\Java\jdk1.8.0_31
CLASSPATH=C:\Program Files (x86)\Java\jdk1.8.0_31\lib;C:\Program Files (x86)\Java\jdk1.8.0_31\lib\tools.jar;D:\andriod environment\adt-bundle-windows-x86-20131030\eclipse\plugins\org.apache.ant_1.8.3.v201301120609\lib;
PATH=C:\PROGRA~1\PTC\MKSTOO~1\bin64;C:\PROGRA~1\PTC\MKSTOO~1\bin;C:\PROGRA~1\PTC\MKSTOO~1\bin\X11;C:\PROGRA~1\PTC\MKSTOO~1\mksnt;C:\ProgramData\Oracle\Java\javapath;C:\Program Files (x86)\Intel\iCLS Client\;C:\Program Files\Intel\iCLS Client\;C:\Program Files (x86)\NVIDIA Corporation\PhysX\Common;C:\WINDOWS\system32;C:\WINDOWS;C:\WINDOWS\System32\Wbem;C:\WINDOWS\System32\WindowsPowerShell\v1.0\;C:\Program Files\Intel\Intel(R) Management Engine Components\DAL;C:\Program Files\Intel\Intel(R) Management Engine Components\IPT;C:\Program Files (x86)\Intel\Intel(R) Management Engine Components\DAL;C:\Program Files (x86)\Intel\Intel(R) Management Engine Components\IPT;C:\Program Files (x86)\Java\jdk1.8.0_31\bin;C:\Program Files (x86)\Java\jdk1.8.0_31\jre\bin;D:\andriod environment\adt-bundle-windows-x86-20131030\sdk\tools;D:\andriod environment\adt-bundle-windows-x86-20131030\sdk\platform-tools;D:\andriod environment\adt-bundle-windows-x86-20131030\eclipse\plugins\org.apache.ant_1.8.3.v201301120609\bin;C:\Program Files\nodejs\;D:\Git\cmd;D:\HMA! Pro VPN\bin;C:\Users\zhiwu_000\AppData\Local\Microsoft\WindowsApps;
USERNAME=freedom
DISPLAY=:0.0
OS=Windows_NT
PROCESSOR_IDENTIFIER=Intel64 Family 6 Model 60 Stepping 3, GenuineIntel



---------------  S Y S T E M  ---------------

OS: Windows 10.0 , 64 bit Build 14393 (10.0.14393.0)

CPU:total 4 (2 cores per cpu, 2 threads per core) family 6 model 60 stepping 3, cmov, cx8, fxsr, mmx, sse, sse2, sse3, ssse3, sse4.1, sse4.2, popcnt, avx, avx2, aes, clmul, erms, lzcnt, ht, tsc, tscinvbit, bmi1, bmi2

Memory: 4k page, physical 4112564k(236920k free), swap 5685428k(5188k free)

vm_info: Java HotSpot(TM) 64-Bit Server VM (25.91-b14) for windows-amd64 JRE (1.8.0_91-b14), built on Apr  1 2016 00:58:32 by "java_re" with MS VC++ 10.0 (VS2010)

time: Tue Oct 04 21:20:40 2016
elapsed time: 4 seconds (0d 0h 0m 4s)

