#
# There is insufficient memory for the Java Runtime Environment to continue.
# Native memory allocation (malloc) failed to allocate 1628656 bytes for Chunk::new
# Possible reasons:
#   The system is out of physical RAM or swap space
#   In 32 bit mode, the process size limit was hit
# Possible solutions:
#   Reduce memory load on the system
#   Increase physical memory or swap space
#   Check if swap backing store is full
#   Use 64 bit Java on a 64 bit OS
#   Decrease Java heap size (-Xmx/-Xms)
#   Decrease number of Java threads
#   Decrease Java thread stack sizes (-Xss)
#   Set larger code cache with -XX:ReservedCodeCacheSize=
# This output file may be truncated or incomplete.
#
#  Out of Memory Error (allocation.cpp:390), pid=4400, tid=9320
#
# JRE version: Java(TM) SE Runtime Environment (8.0_91-b14) (build 1.8.0_91-b14)
# Java VM: Java HotSpot(TM) 64-Bit Server VM (25.91-b14 mixed mode windows-amd64 compressed oops)
# Failed to write core dump. Minidumps are not enabled by default on client versions of Windows
#

---------------  T H R E A D  ---------------

Current thread (0x0000000014e7e000):  JavaThread "C2 CompilerThread1" daemon [_thread_in_native, id=9320, stack(0x0000000016990000,0x0000000016a90000)]

Stack: [0x0000000016990000,0x0000000016a90000]
[error occurred during error reporting (printing stack bounds), id 0xc0000005]

Native frames: (J=compiled Java code, j=interpreted, Vv=VM code, C=native code)


Current CompileTask:
C2:   3693 1571   !   4       com.android.dx.cf.code.BytecodeArray::parseInstruction (2764 bytes)


---------------  P R O C E S S  ---------------

Java Threads: ( => current thread )
  0x0000000016543000 JavaThread "pool-2-thread-4" [_thread_in_Java, id=9840, stack(0x0000000017190000,0x0000000017290000)]
  0x0000000016526800 JavaThread "pool-2-thread-3" [_thread_in_Java, id=1904, stack(0x0000000017090000,0x0000000017190000)]
  0x0000000016525800 JavaThread "pool-2-thread-2" [_thread_in_Java, id=9596, stack(0x0000000016f90000,0x0000000017090000)]
  0x0000000016519800 JavaThread "pool-3-thread-1" [_thread_blocked, id=4576, stack(0x0000000016e90000,0x0000000016f90000)]
  0x0000000016513000 JavaThread "pool-2-thread-1" [_thread_in_Java, id=9016, stack(0x0000000016d90000,0x0000000016e90000)]
  0x00000000162f5800 JavaThread "Service Thread" daemon [_thread_blocked, id=8252, stack(0x0000000016b90000,0x0000000016c90000)]
  0x00000000162eb000 JavaThread "C1 CompilerThread2" daemon [_thread_blocked, id=6612, stack(0x0000000016a90000,0x0000000016b90000)]
=>0x0000000014e7e000 JavaThread "C2 CompilerThread1" daemon [_thread_in_native, id=9320, stack(0x0000000016990000,0x0000000016a90000)]
  0x0000000014e7d000 JavaThread "C2 CompilerThread0" daemon [_thread_in_native, id=4404, stack(0x0000000016890000,0x0000000016990000)]
  0x0000000014e2f800 JavaThread "Attach Listener" daemon [_thread_blocked, id=10116, stack(0x0000000016790000,0x0000000016890000)]
  0x0000000016298800 JavaThread "Signal Dispatcher" daemon [_thread_blocked, id=7712, stack(0x0000000016690000,0x0000000016790000)]
  0x0000000014e0a000 JavaThread "Finalizer" daemon [_thread_blocked, id=8504, stack(0x0000000016090000,0x0000000016190000)]
  0x0000000002740000 JavaThread "Reference Handler" daemon [_thread_blocked, id=7192, stack(0x0000000015f90000,0x0000000016090000)]
  0x000000000264e000 JavaThread "main" [_thread_in_native, id=9524, stack(0x0000000002540000,0x0000000002640000)]

Other Threads:
  0x0000000014de7800 VMThread [stack: 0x0000000015e90000,0x0000000015f90000] [id=3632]
  0x0000000016346000 WatcherThread [stack: 0x0000000016c90000,0x0000000016d90000] [id=5724]

VM state:not at safepoint (normal execution)

VM Mutex/Monitor currently owned by a thread: None

Heap:
 PSYoungGen      total 35328K, used 24523K [0x00000000eab00000, 0x00000000ed000000, 0x0000000100000000)
  eden space 32768K, 67% used [0x00000000eab00000,0x00000000ec07ac10,0x00000000ecb00000)
  from space 2560K, 98% used [0x00000000ecd80000,0x00000000ecff8360,0x00000000ed000000)
  to   space 2560K, 0% used [0x00000000ecb00000,0x00000000ecb00000,0x00000000ecd80000)
 ParOldGen       total 44032K, used 9258K [0x00000000c0000000, 0x00000000c2b00000, 0x00000000eab00000)
  object space 44032K, 21% used [0x00000000c0000000,0x00000000c090ab78,0x00000000c2b00000)
 Metaspace       used 6272K, capacity 7094K, committed 7296K, reserved 1056768K
  class space    used 607K, capacity 622K, committed 640K, reserved 1048576K

Card table byte_map: [0x0000000011b10000,0x0000000011d20000] byte_map_base: 0x0000000011510000

Marking Bits: (ParMarkBitMap*) 0x0000000076652f70
 Begin Bits: [0x0000000012280000, 0x0000000013280000)
 End Bits:   [0x0000000013280000, 0x0000000014280000)

Polling page: 0x0000000002130000

CodeCache: size=245760Kb used=6799Kb max_used=6816Kb free=238960Kb
 bounds [0x0000000002750000, 0x0000000002e00000, 0x0000000011750000]
 total_blobs=1886 nmethods=1615 adapters=184
 compilation: enabled

Compilation events (10 events):
Event: 3.683 Thread 0x00000000162eb000 1630       2       com.android.dx.dex.file.AnnotationItem::addContents (27 bytes)
Event: 3.683 Thread 0x00000000162eb000 nmethod 1630 0x0000000002df3310 code [0x0000000002df3480, 0x0000000002df3658]
Event: 3.683 Thread 0x00000000162eb000 1631       2       com.android.dx.dex.file.ClassDefItem::addVirtualMethod (9 bytes)
Event: 3.684 Thread 0x00000000162eb000 nmethod 1631 0x0000000002df3790 code [0x0000000002df3920, 0x0000000002df3c58]
Event: 3.684 Thread 0x00000000162eb000 1632       2       com.android.dx.dex.file.ClassDataItem::addVirtualMethod (24 bytes)
Event: 3.684 Thread 0x00000000162eb000 nmethod 1632 0x0000000002df3f10 code [0x0000000002df40a0, 0x0000000002df43f8]
Event: 3.687 Thread 0x00000000162eb000 1633       2       com.android.dx.cf.direct.AttributeFactory::parse0 (53 bytes)
Event: 3.687 Thread 0x00000000162eb000 nmethod 1633 0x0000000002df5b90 code [0x0000000002df5d40, 0x0000000002df61c8]
Event: 3.689 Thread 0x0000000014e7d000 nmethod 1535 0x0000000002df9450 code [0x0000000002df96a0, 0x0000000002dfad28]
Event: 3.689 Thread 0x0000000014e7d000 1607       4       com.android.dx.ssa.SCCP::simulatePhi (169 bytes)

GC Heap History (8 events):
Event: 0.878 GC heap before
{Heap before GC invocations=1 (full 0):
 PSYoungGen      total 18944K, used 16384K [0x00000000eab00000, 0x00000000ec000000, 0x0000000100000000)
  eden space 16384K, 100% used [0x00000000eab00000,0x00000000ebb00000,0x00000000ebb00000)
  from space 2560K, 0% used [0x00000000ebd80000,0x00000000ebd80000,0x00000000ec000000)
  to   space 2560K, 0% used [0x00000000ebb00000,0x00000000ebb00000,0x00000000ebd80000)
 ParOldGen       total 44032K, used 0K [0x00000000c0000000, 0x00000000c2b00000, 0x00000000eab00000)
  object space 44032K, 0% used [0x00000000c0000000,0x00000000c0000000,0x00000000c2b00000)
 Metaspace       used 5801K, capacity 6710K, committed 6784K, reserved 1056768K
  class space    used 602K, capacity 622K, committed 640K, reserved 1048576K
Event: 0.884 GC heap after
Heap after GC invocations=1 (full 0):
 PSYoungGen      total 18944K, used 2546K [0x00000000eab00000, 0x00000000ec000000, 0x0000000100000000)
  eden space 16384K, 0% used [0x00000000eab00000,0x00000000eab00000,0x00000000ebb00000)
  from space 2560K, 99% used [0x00000000ebb00000,0x00000000ebd7cab0,0x00000000ebd80000)
  to   space 2560K, 0% used [0x00000000ebd80000,0x00000000ebd80000,0x00000000ec000000)
 ParOldGen       total 44032K, used 1787K [0x00000000c0000000, 0x00000000c2b00000, 0x00000000eab00000)
  object space 44032K, 4% used [0x00000000c0000000,0x00000000c01bed60,0x00000000c2b00000)
 Metaspace       used 5801K, capacity 6710K, committed 6784K, reserved 1056768K
  class space    used 602K, capacity 622K, committed 640K, reserved 1048576K
}
Event: 1.733 GC heap before
{Heap before GC invocations=2 (full 0):
 PSYoungGen      total 18944K, used 18930K [0x00000000eab00000, 0x00000000ec000000, 0x0000000100000000)
  eden space 16384K, 100% used [0x00000000eab00000,0x00000000ebb00000,0x00000000ebb00000)
  from space 2560K, 99% used [0x00000000ebb00000,0x00000000ebd7cab0,0x00000000ebd80000)
  to   space 2560K, 0% used [0x00000000ebd80000,0x00000000ebd80000,0x00000000ec000000)
 ParOldGen       total 44032K, used 1787K [0x00000000c0000000, 0x00000000c2b00000, 0x00000000eab00000)
  object space 44032K, 4% used [0x00000000c0000000,0x00000000c01bed60,0x00000000c2b00000)
 Metaspace       used 6081K, capacity 6966K, committed 7040K, reserved 1056768K
  class space    used 604K, capacity 622K, committed 640K, reserved 1048576K
Event: 1.740 GC heap after
Heap after GC invocations=2 (full 0):
 PSYoungGen      total 18944K, used 2559K [0x00000000eab00000, 0x00000000ec000000, 0x0000000100000000)
  eden space 16384K, 0% used [0x00000000eab00000,0x00000000eab00000,0x00000000ebb00000)
  from space 2560K, 99% used [0x00000000ebd80000,0x00000000ebfffc90,0x00000000ec000000)
  to   space 2560K, 0% used [0x00000000ebb00000,0x00000000ebb00000,0x00000000ebd80000)
 ParOldGen       total 44032K, used 3981K [0x00000000c0000000, 0x00000000c2b00000, 0x00000000eab00000)
  object space 44032K, 9% used [0x00000000c0000000,0x00000000c03e35c0,0x00000000c2b00000)
 Metaspace       used 6081K, capacity 6966K, committed 7040K, reserved 1056768K
  class space    used 604K, capacity 622K, committed 640K, reserved 1048576K
}
Event: 2.784 GC heap before
{Heap before GC invocations=3 (full 0):
 PSYoungGen      total 18944K, used 18943K [0x00000000eab00000, 0x00000000ec000000, 0x0000000100000000)
  eden space 16384K, 100% used [0x00000000eab00000,0x00000000ebb00000,0x00000000ebb00000)
  from space 2560K, 99% used [0x00000000ebd80000,0x00000000ebfffc90,0x00000000ec000000)
  to   space 2560K, 0% used [0x00000000ebb00000,0x00000000ebb00000,0x00000000ebd80000)
 ParOldGen       total 44032K, used 3981K [0x00000000c0000000, 0x00000000c2b00000, 0x00000000eab00000)
  object space 44032K, 9% used [0x00000000c0000000,0x00000000c03e35c0,0x00000000c2b00000)
 Metaspace       used 6146K, capacity 6966K, committed 7040K, reserved 1056768K
  class space    used 604K, capacity 622K, committed 640K, reserved 1048576K
Event: 3.103 GC heap after
Heap after GC invocations=3 (full 0):
 PSYoungGen      total 18944K, used 2528K [0x00000000eab00000, 0x00000000ed000000, 0x0000000100000000)
  eden space 16384K, 0% used [0x00000000eab00000,0x00000000eab00000,0x00000000ebb00000)
  from space 2560K, 98% used [0x00000000ebb00000,0x00000000ebd78360,0x00000000ebd80000)
  to   space 2560K, 0% used [0x00000000ecd80000,0x00000000ecd80000,0x00000000ed000000)
 ParOldGen       total 44032K, used 6597K [0x00000000c0000000, 0x00000000c2b00000, 0x00000000eab00000)
  object space 44032K, 14% used [0x00000000c0000000,0x00000000c0671458,0x00000000c2b00000)
 Metaspace       used 6146K, capacity 6966K, committed 7040K, reserved 1056768K
  class space    used 604K, capacity 622K, committed 640K, reserved 1048576K
}
Event: 3.492 GC heap before
{Heap before GC invocations=4 (full 0):
 PSYoungGen      total 18944K, used 18912K [0x00000000eab00000, 0x00000000ed000000, 0x0000000100000000)
  eden space 16384K, 100% used [0x00000000eab00000,0x00000000ebb00000,0x00000000ebb00000)
  from space 2560K, 98% used [0x00000000ebb00000,0x00000000ebd78360,0x00000000ebd80000)
  to   space 2560K, 0% used [0x00000000ecd80000,0x00000000ecd80000,0x00000000ed000000)
 ParOldGen       total 44032K, used 6597K [0x00000000c0000000, 0x00000000c2b00000, 0x00000000eab00000)
  object space 44032K, 14% used [0x00000000c0000000,0x00000000c0671458,0x00000000c2b00000)
 Metaspace       used 6236K, capacity 7094K, committed 7296K, reserved 1056768K
  class space    used 606K, capacity 622K, committed 640K, reserved 1048576K
Event: 3.574 GC heap after
Heap after GC invocations=4 (full 0):
 PSYoungGen      total 35328K, used 2528K [0x00000000eab00000, 0x00000000ed000000, 0x0000000100000000)
  eden space 32768K, 0% used [0x00000000eab00000,0x00000000eab00000,0x00000000ecb00000)
  from space 2560K, 98% used [0x00000000ecd80000,0x00000000ecff8360,0x00000000ed000000)
  to   space 2560K, 0% used [0x00000000ecb00000,0x00000000ecb00000,0x00000000ecd80000)
 ParOldGen       total 44032K, used 9258K [0x00000000c0000000, 0x00000000c2b00000, 0x00000000eab00000)
  object space 44032K, 21% used [0x00000000c0000000,0x00000000c090ab78,0x00000000c2b00000)
 Metaspace       used 6236K, capacity 7094K, committed 7296K, reserved 1056768K
  class space    used 606K, capacity 622K, committed 640K, reserved 1048576K
}

Deoptimization events (10 events):
Event: 1.281 Thread 0x0000000016513000 Uncommon trap: reason=class_check action=maybe_recompile pc=0x0000000002b6aa14 method=java.util.HashMap.putVal(ILjava/lang/Object;Ljava/lang/Object;ZZ)Ljava/lang/Object; @ 203
Event: 1.281 Thread 0x0000000016513000 Uncommon trap: reason=bimorphic action=maybe_recompile pc=0x0000000002a2bbbc method=java.util.HashMap.getNode(ILjava/lang/Object;)Ljava/util/HashMap$Node; @ 126
Event: 1.281 Thread 0x0000000016513000 Uncommon trap: reason=unstable_if action=reinterpret pc=0x0000000002ad039c method=com.android.dx.rop.cst.Constant.compareTo(Lcom/android/dx/rop/cst/Constant;)I @ 12
Event: 1.282 Thread 0x0000000016543000 Uncommon trap: reason=unstable_if action=reinterpret pc=0x0000000002a3f0bc method=com.android.dx.rop.code.RegisterSpec.equals(ILcom/android/dx/rop/type/TypeBearer;Lcom/android/dx/rop/code/LocalItem;)Z @ 42
Event: 1.836 Thread 0x0000000016543000 Uncommon trap: reason=uninitialized action=reinterpret pc=0x0000000002c31820 method=com.android.dx.cf.code.BytecodeArray.parseInstruction(ILcom/android/dx/cf/code/BytecodeArray$Visitor;)I @ 1047
Event: 3.121 Thread 0x0000000016525800 Uncommon trap: reason=unstable_if action=reinterpret pc=0x0000000002c00ebc method=com.android.dx.ssa.SCCP.simulateStmt(Lcom/android/dx/ssa/SsaInsn;)V @ 53
Event: 3.614 Thread 0x0000000016513000 Uncommon trap: reason=unstable_if action=reinterpret pc=0x0000000002da6fa8 method=com.android.dx.cf.code.RopperMachine.run(Lcom/android/dx/cf/code/Frame;II)V @ 927
Event: 3.658 Thread 0x0000000016526800 Uncommon trap: reason=unstable_if action=reinterpret pc=0x0000000002b80a3c method=com.android.dx.util.IntList.binarysearch(I)I @ 105
Event: 3.670 Thread 0x0000000016526800 Uncommon trap: reason=unstable_if action=reinterpret pc=0x0000000002d09ef4 method=com.android.dx.rop.code.BasicBlockList.preferredSuccessorOf(Lcom/android/dx/rop/code/BasicBlock;)Lcom/android/dx/rop/code/BasicBlock; @ 58
Event: 3.689 Thread 0x000000000264e000 Uncommon trap: reason=unstable_if action=reinterpret pc=0x0000000002ad3864 method=java.util.HashMap.putVal(ILjava/lang/Object;Ljava/lang/Object;ZZ)Ljava/lang/Object; @ 162

Internal exceptions (3 events):
Event: 0.034 Thread 0x000000000264e000 Exception <a 'java/lang/NoSuchMethodError': Method sun.misc.Unsafe.defineClass(Ljava/lang/String;[BII)Ljava/lang/Class; name or signature does not match> (0x00000000eab07cc0) thrown at [C:\re\workspace\8-2-build-windows-amd64-cygwin\jdk8u91\6644\hotspot\sr⁄ä«)#Å°?
Event: 0.034 Thread 0x000000000264e000 Exception <a 'java/lang/NoSuchMethodError': Method sun.misc.Unsafe.prefetchRead(Ljava/lang/Object;J)V name or signature does not match> (0x00000000eab07fa8) thrown at [C:\re\workspace\8-2-build-windows-amd64-cygwin\jdk8u91\6644\hotspot\src\share\vm\prims\jÁ´]S‹†È?
Event: 0.801 Thread 0x000000000264e000 Implicit null exception at 0x0000000002a13f8a to 0x0000000002a15da9

Events (10 events):
Event: 3.658 Thread 0x0000000016526800 Uncommon trap: trap_request=0xffffff65 fr.pc=0x0000000002b80a3c
Event: 3.658 Thread 0x0000000016526800 DEOPT PACKING pc=0x0000000002b80a3c sp=0x000000001718e800
Event: 3.658 Thread 0x0000000016526800 DEOPT UNPACKING pc=0x000000000279582a sp=0x000000001718e778 mode 2
Event: 3.670 Thread 0x0000000016526800 Uncommon trap: trap_request=0xffffff65 fr.pc=0x0000000002d09ef4
Event: 3.670 Thread 0x0000000016526800 DEOPT PACKING pc=0x0000000002d09ef4 sp=0x000000001718ea70
Event: 3.670 Thread 0x0000000016526800 DEOPT UNPACKING pc=0x000000000279582a sp=0x000000001718e9f8 mode 2
Event: 3.689 Thread 0x000000000264e000 Uncommon trap: trap_request=0xffffff65 fr.pc=0x0000000002ad3864
Event: 3.689 Thread 0x000000000264e000 DEOPT PACKING pc=0x0000000002ad3864 sp=0x000000000263df60
Event: 3.689 Thread 0x000000000264e000 DEOPT UNPACKING pc=0x000000000279582a sp=0x000000000263de00 mode 2
Event: 3.689 loading class sun/reflect/generics/scope/ClassScope


Dynamic libraries:
0x00007ff6e9450000 - 0x00007ff6e9487000 	C:\Program Files\Java\jdk1.8.0_91\bin\java.exe
0x00007ffc7d000000 - 0x00007ffc7d1c1000 	C:\WINDOWS\SYSTEM32\ntdll.dll
0x00007ffc7cc30000 - 0x00007ffc7ccdd000 	C:\WINDOWS\system32\KERNEL32.DLL
0x00007ffc79920000 - 0x00007ffc79b08000 	C:\WINDOWS\system32\KERNELBASE.dll
0x00007ffc7ca50000 - 0x00007ffc7caf7000 	C:\WINDOWS\system32\ADVAPI32.dll
0x00007ffc7bf40000 - 0x00007ffc7bfdd000 	C:\WINDOWS\system32\msvcrt.dll
0x00007ffc7a6b0000 - 0x00007ffc7a70b000 	C:\WINDOWS\system32\sechost.dll
0x00007ffc7cee0000 - 0x00007ffc7cffc000 	C:\WINDOWS\system32\RPCRT4.dll
0x00007ffc7a3f0000 - 0x00007ffc7a546000 	C:\WINDOWS\system32\USER32.dll
0x00007ffc7cd50000 - 0x00007ffc7ced6000 	C:\WINDOWS\system32\GDI32.dll
0x00007ffc76110000 - 0x00007ffc76384000 	C:\WINDOWS\WinSxS\amd64_microsoft.windows.common-controls_6595b64144ccf1df_6.0.10586.0_none_8c15ae12515e1c22\COMCTL32.dll
0x00007ffc7bfe0000 - 0x00007ffc7c25d000 	C:\WINDOWS\system32\combase.dll
0x00007ffc79520000 - 0x00007ffc7958a000 	C:\WINDOWS\system32\bcryptPrimitives.dll
0x00007ffc7c2f0000 - 0x00007ffc7c32b000 	C:\WINDOWS\system32\IMM32.DLL
0x00007ffc792e0000 - 0x00007ffc79311000 	C:\Windows\system32\nvinitx.dll
0x00007ffc792d0000 - 0x00007ffc792da000 	C:\WINDOWS\SYSTEM32\VERSION.dll
0x0000000075450000 - 0x0000000075522000 	C:\Program Files\Java\jdk1.8.0_91\jre\bin\msvcr100.dll
0x0000000075e40000 - 0x00000000766d3000 	C:\Program Files\Java\jdk1.8.0_91\jre\bin\server\jvm.dll
0x00007ffc79b10000 - 0x00007ffc79b33000 	C:\WINDOWS\system32\WINMM.dll
0x00007ffc793f0000 - 0x00007ffc7941c000 	C:\WINDOWS\system32\WINMMBASE.dll
0x00007ffc796d0000 - 0x00007ffc79713000 	C:\WINDOWS\system32\cfgmgr32.dll
0x00007ffc7c330000 - 0x00007ffc7c338000 	C:\WINDOWS\system32\PSAPI.DLL
0x00007ffc72ab0000 - 0x00007ffc72ab9000 	C:\WINDOWS\SYSTEM32\WSOCK32.dll
0x00007ffc7cce0000 - 0x00007ffc7cd4b000 	C:\WINDOWS\system32\WS2_32.dll
0x0000000076e90000 - 0x0000000076e9f000 	C:\Program Files\Java\jdk1.8.0_91\jre\bin\verify.dll
0x0000000076e60000 - 0x0000000076e89000 	C:\Program Files\Java\jdk1.8.0_91\jre\bin\java.dll
0x0000000076e40000 - 0x0000000076e56000 	C:\Program Files\Java\jdk1.8.0_91\jre\bin\zip.dll
0x00007ffc7a730000 - 0x00007ffc7bc8c000 	C:\WINDOWS\system32\SHELL32.dll
0x00007ffc79b40000 - 0x00007ffc7a184000 	C:\WINDOWS\system32\windows.storage.dll
0x00007ffc7a390000 - 0x00007ffc7a3e2000 	C:\WINDOWS\system32\shlwapi.dll
0x00007ffc79440000 - 0x00007ffc7944f000 	C:\WINDOWS\system32\kernel.appcore.dll
0x00007ffc79460000 - 0x00007ffc79515000 	C:\WINDOWS\system32\shcore.dll
0x00007ffc795f0000 - 0x00007ffc7963b000 	C:\WINDOWS\system32\powrprof.dll
0x00007ffc79420000 - 0x00007ffc79434000 	C:\WINDOWS\system32\profapi.dll

VM Arguments:
jvm_args: -Djava.awt.headless=true -Xmx1024M -Dfile.encoding=GBK -Duser.country=CN -Duser.language=zh -Duser.variant 
java_command: com.android.dx.command.Main --dex --force-jumbo --num-threads=4 --multi-dex --output D:\andriod_projects\Smart_home\app\build\intermediates\transforms\dex\debug\folders\1000\10\com.android.support-recyclerview-v7-23.3.0_2954bc623f12bf5a91f0d38e417790073de8e74a D:\andriod_projects\Smart_home\app\build\intermediates\exploded-aar\com.android.support\recyclerview-v7\23.3.0\jars\classes.jar
java_class_path (initial): D:\android\android_SDK\build-tools\23.0.3\lib\dx.jar
Launcher Type: SUN_STANDARD

Environment Variables:
JAVA_HOME=C:\Program Files (x86)\Java\jdk1.8.0_31
CLASSPATH=C:\Program Files (x86)\Java\jdk1.8.0_31\lib;C:\Program Files (x86)\Java\jdk1.8.0_31\lib\tools.jar;D:\andriod environment\adt-bundle-windows-x86-20131030\eclipse\plugins\org.apache.ant_1.8.3.v201301120609\lib;
PATH=C:\PROGRA~1\PTC\MKSTOO~1\bin64;C:\PROGRA~1\PTC\MKSTOO~1\bin;C:\PROGRA~1\PTC\MKSTOO~1\bin\X11;C:\PROGRA~1\PTC\MKSTOO~1\mksnt;C:\ProgramData\Oracle\Java\javapath;C:\Program Files (x86)\Intel\iCLS Client\;C:\Program Files\Intel\iCLS Client\;C:\Program Files (x86)\NVIDIA Corporation\PhysX\Common;C:\WINDOWS\system32;C:\WINDOWS;C:\WINDOWS\System32\Wbem;C:\WINDOWS\System32\WindowsPowerShell\v1.0\;C:\Program Files\Intel\Intel(R) Management Engine Components\DAL;C:\Program Files\Intel\Intel(R) Management Engine Components\IPT;C:\Program Files (x86)\Intel\Intel(R) Management Engine Components\DAL;C:\Program Files (x86)\Intel\Intel(R) Management Engine Components\IPT;C:\Program Files (x86)\Java\jdk1.8.0_31\bin;C:\Program Files (x86)\Java\jdk1.8.0_31\jre\bin;D:\andriod environment\adt-bundle-windows-x86-20131030\sdk\tools;D:\andriod environment\adt-bundle-windows-x86-20131030\sdk\platform-tools;D:\andriod environment\adt-bundle-windows-x86-20131030\eclipse\plugins\org.apache.ant_1.8.3.v201301120609\bin;C:\Program Files\nodejs\;D:\Git\cmd;D:\HMA! Pro VPN\bin
USERNAME=freedom
DISPLAY=:0.0
OS=Windows_NT
PROCESSOR_IDENTIFIER=Intel64 Family 6 Model 60 Stepping 3, GenuineIntel



---------------  S Y S T E M  ---------------

OS: Windows 10.0 , 64 bit Build 10586 (10.0.10586.0)

CPU:total 4 (2 cores per cpu, 2 threads per core) family 6 model 60 stepping 3, cmov, cx8, fxsr, mmx, sse, sse2, sse3, ssse3, sse4.1, sse4.2, popcnt, avx, avx2, aes, clmul, erms, lzcnt, ht, tsc, tscinvbit, bmi1, bmi2

Memory: 4k page, physical 4112564k(435112k free), swap 5685428k(6272k free)

vm_info: Java HotSpot(TM) 64-Bit Server VM (25.91-b14) for windows-amd64 JRE (1.8.0_91-b14), built on Apr  1 2016 00:58:32 by "java_re" with MS VC++ 10.0 (VS2010)

time: Mon Jun 20 21:47:27 2016
elapsed time: 3 seconds (0d 0h 0m 3s)

