#
# There is insufficient memory for the Java Runtime Environment to continue.
# Native memory allocation (malloc) failed to allocate 419616 bytes for Chunk::new
# Possible reasons:
#   The system is out of physical RAM or swap space
#   In 32 bit mode, the process size limit was hit
# Possible solutions:
#   Reduce memory load on the system
#   Increase physical memory or swap space
#   Check if swap backing store is full
#   Use 64 bit Java on a 64 bit OS
#   Decrease Java heap size (-Xmx/-Xms)
#   Decrease number of Java threads
#   Decrease Java thread stack sizes (-Xss)
#   Set larger code cache with -XX:ReservedCodeCacheSize=
# This output file may be truncated or incomplete.
#
#  Out of Memory Error (allocation.cpp:390), pid=4012, tid=7796
#
# JRE version: Java(TM) SE Runtime Environment (8.0_91-b14) (build 1.8.0_91-b14)
# Java VM: Java HotSpot(TM) 64-Bit Server VM (25.91-b14 mixed mode windows-amd64 compressed oops)
# Failed to write core dump. Minidumps are not enabled by default on client versions of Windows
#

---------------  T H R E A D  ---------------

Current thread (0x0000000016259000):  JavaThread "C2 CompilerThread0" daemon [_thread_in_native, id=7796, stack(0x0000000016850000,0x0000000016950000)]

Stack: [0x0000000016850000,0x0000000016950000]
[error occurred during error reporting (printing stack bounds), id 0xc0000005]

Native frames: (J=compiled Java code, j=interpreted, Vv=VM code, C=native code)


Current CompileTask:
C2:   1990 1181       4       com.android.dx.ssa.DeadCodeRemover::isCircularNoSideEffect (140 bytes)


---------------  P R O C E S S  ---------------

Java Threads: ( => current thread )
  0x00000000163ee800 JavaThread "pool-2-thread-4" [_thread_in_Java, id=10720, stack(0x0000000017150000,0x0000000017250000)]
  0x00000000163e2800 JavaThread "pool-2-thread-3" [_thread_in_Java, id=6984, stack(0x0000000017050000,0x0000000017150000)]
  0x00000000163de000 JavaThread "pool-2-thread-2" [_thread_in_Java, id=6988, stack(0x0000000016f50000,0x0000000017050000)]
  0x00000000163dd000 JavaThread "pool-3-thread-1" [_thread_blocked, id=10360, stack(0x0000000016e50000,0x0000000016f50000)]
  0x00000000163da800 JavaThread "pool-2-thread-1" [_thread_in_Java, id=1848, stack(0x0000000016d50000,0x0000000016e50000)]
  0x00000000162ef000 JavaThread "Service Thread" daemon [_thread_blocked, id=6540, stack(0x0000000016b50000,0x0000000016c50000)]
  0x000000001627a800 JavaThread "C1 CompilerThread2" daemon [_thread_in_native, id=5444, stack(0x0000000016a50000,0x0000000016b50000)]
  0x000000001625b000 JavaThread "C2 CompilerThread1" daemon [_thread_in_native, id=7300, stack(0x0000000016950000,0x0000000016a50000)]
=>0x0000000016259000 JavaThread "C2 CompilerThread0" daemon [_thread_in_native, id=7796, stack(0x0000000016850000,0x0000000016950000)]
  0x0000000014f2c800 JavaThread "Attach Listener" daemon [_thread_blocked, id=10176, stack(0x0000000016750000,0x0000000016850000)]
  0x0000000014ee0000 JavaThread "Signal Dispatcher" daemon [_thread_blocked, id=4364, stack(0x0000000016650000,0x0000000016750000)]
  0x0000000014eba800 JavaThread "Finalizer" daemon [_thread_blocked, id=2632, stack(0x0000000016150000,0x0000000016250000)]
  0x00000000027f0000 JavaThread "Reference Handler" daemon [_thread_blocked, id=2756, stack(0x0000000016050000,0x0000000016150000)]
  0x00000000025fe000 JavaThread "main" [_thread_blocked, id=5652, stack(0x0000000002600000,0x0000000002700000)]

Other Threads:
  0x0000000014e97800 VMThread [stack: 0x0000000015f50000,0x0000000016050000] [id=8652]
  0x0000000016314800 WatcherThread [stack: 0x0000000016c50000,0x0000000016d50000] [id=2860]

VM state:not at safepoint (normal execution)

VM Mutex/Monitor currently owned by a thread: None

Heap:
 PSYoungGen      total 35328K, used 11300K [0x00000000eab00000, 0x00000000ed000000, 0x0000000100000000)
  eden space 32768K, 26% used [0x00000000eab00000,0x00000000eb38b240,0x00000000ecb00000)
  from space 2560K, 99% used [0x00000000ecd80000,0x00000000ecffe040,0x00000000ed000000)
  to   space 2560K, 0% used [0x00000000ecb00000,0x00000000ecb00000,0x00000000ecd80000)
 ParOldGen       total 44032K, used 4672K [0x00000000c0000000, 0x00000000c2b00000, 0x00000000eab00000)
  object space 44032K, 10% used [0x00000000c0000000,0x00000000c0490300,0x00000000c2b00000)
 Metaspace       used 6018K, capacity 6936K, committed 7168K, reserved 1056768K
  class space    used 606K, capacity 656K, committed 768K, reserved 1048576K

Card table byte_map: [0x0000000011bc0000,0x0000000011dd0000] byte_map_base: 0x00000000115c0000

Marking Bits: (ParMarkBitMap*) 0x00000000727a2f70
 Begin Bits: [0x0000000012330000, 0x0000000013330000)
 End Bits:   [0x0000000013330000, 0x0000000014330000)

Polling page: 0x0000000000630000

CodeCache: size=245760Kb used=4647Kb max_used=4659Kb free=241112Kb
 bounds [0x0000000002800000, 0x0000000002ca0000, 0x0000000011800000]
 total_blobs=1422 nmethods=1151 adapters=184
 compilation: enabled

Compilation events (10 events):
Event: 1.958 Thread 0x0000000016259000 nmethod 1172 0x0000000002c8ae50 code [0x0000000002c8afe0, 0x0000000002c8b938]
Event: 1.958 Thread 0x0000000016259000 1175       4       com.android.dx.ssa.SsaRenamer$BlockRenamer$1::visitPhiInsn (60 bytes)
Event: 1.966 Thread 0x0000000016259000 nmethod 1175 0x0000000002c85d10 code [0x0000000002c85e80, 0x0000000002c863b8]
Event: 1.966 Thread 0x0000000016259000 1165       4       com.android.dx.rop.cst.CstLiteral32::equals (35 bytes)
Event: 1.967 Thread 0x0000000016259000 nmethod 1165 0x0000000002c8ab90 code [0x0000000002c8ace0, 0x0000000002c8ad98]
Event: 1.967 Thread 0x0000000016259000 1174       4       com.android.dx.rop.code.RegisterSpec::intersect (169 bytes)
Event: 1.971 Thread 0x0000000016259000 nmethod 1174 0x0000000002c8f950 code [0x0000000002c8fac0, 0x0000000002c90058]
Event: 1.971 Thread 0x0000000016259000 1178       4       com.android.dx.rop.code.RegisterSpecSet::equals (106 bytes)
Event: 1.979 Thread 0x0000000016259000 nmethod 1178 0x0000000002c90690 code [0x0000000002c907e0, 0x0000000002c90c38]
Event: 1.979 Thread 0x0000000016259000 1181       4       com.android.dx.ssa.DeadCodeRemover::isCircularNoSideEffect (140 bytes)

GC Heap History (4 events):
Event: 0.973 GC heap before
{Heap before GC invocations=1 (full 0):
 PSYoungGen      total 18944K, used 16384K [0x00000000eab00000, 0x00000000ec000000, 0x0000000100000000)
  eden space 16384K, 100% used [0x00000000eab00000,0x00000000ebb00000,0x00000000ebb00000)
  from space 2560K, 0% used [0x00000000ebd80000,0x00000000ebd80000,0x00000000ec000000)
  to   space 2560K, 0% used [0x00000000ebb00000,0x00000000ebb00000,0x00000000ebd80000)
 ParOldGen       total 44032K, used 0K [0x00000000c0000000, 0x00000000c2b00000, 0x00000000eab00000)
  object space 44032K, 0% used [0x00000000c0000000,0x00000000c0000000,0x00000000c2b00000)
 Metaspace       used 5795K, capacity 6708K, committed 6784K, reserved 1056768K
  class space    used 599K, capacity 620K, committed 640K, reserved 1048576K
Event: 1.033 GC heap after
Heap after GC invocations=1 (full 0):
 PSYoungGen      total 18944K, used 2559K [0x00000000eab00000, 0x00000000ed000000, 0x0000000100000000)
  eden space 16384K, 0% used [0x00000000eab00000,0x00000000eab00000,0x00000000ebb00000)
  from space 2560K, 99% used [0x00000000ebb00000,0x00000000ebd7fc80,0x00000000ebd80000)
  to   space 2560K, 0% used [0x00000000ecd80000,0x00000000ecd80000,0x00000000ed000000)
 ParOldGen       total 44032K, used 1905K [0x00000000c0000000, 0x00000000c2b00000, 0x00000000eab00000)
  object space 44032K, 4% used [0x00000000c0000000,0x00000000c01dc560,0x00000000c2b00000)
 Metaspace       used 5795K, capacity 6708K, committed 6784K, reserved 1056768K
  class space    used 599K, capacity 620K, committed 640K, reserved 1048576K
}
Event: 1.803 GC heap before
{Heap before GC invocations=2 (full 0):
 PSYoungGen      total 18944K, used 18943K [0x00000000eab00000, 0x00000000ed000000, 0x0000000100000000)
  eden space 16384K, 100% used [0x00000000eab00000,0x00000000ebb00000,0x00000000ebb00000)
  from space 2560K, 99% used [0x00000000ebb00000,0x00000000ebd7fc80,0x00000000ebd80000)
  to   space 2560K, 0% used [0x00000000ecd80000,0x00000000ecd80000,0x00000000ed000000)
 ParOldGen       total 44032K, used 1905K [0x00000000c0000000, 0x00000000c2b00000, 0x00000000eab00000)
  object space 44032K, 4% used [0x00000000c0000000,0x00000000c01dc560,0x00000000c2b00000)
 Metaspace       used 6012K, capacity 6936K, committed 7168K, reserved 1056768K
  class space    used 606K, capacity 656K, committed 768K, reserved 1048576K
Event: 1.929 GC heap after
Heap after GC invocations=2 (full 0):
 PSYoungGen      total 35328K, used 2552K [0x00000000eab00000, 0x00000000ed000000, 0x0000000100000000)
  eden space 32768K, 0% used [0x00000000eab00000,0x00000000eab00000,0x00000000ecb00000)
  from space 2560K, 99% used [0x00000000ecd80000,0x00000000ecffe040,0x00000000ed000000)
  to   space 2560K, 0% used [0x00000000ecb00000,0x00000000ecb00000,0x00000000ecd80000)
 ParOldGen       total 44032K, used 4672K [0x00000000c0000000, 0x00000000c2b00000, 0x00000000eab00000)
  object space 44032K, 10% used [0x00000000c0000000,0x00000000c0490300,0x00000000c2b00000)
 Metaspace       used 6012K, capacity 6936K, committed 7168K, reserved 1056768K
  class space    used 606K, capacity 656K, committed 768K, reserved 1048576K
}

Deoptimization events (9 events):
Event: 0.731 Thread 0x00000000163da800 Uncommon trap: reason=unstable_if action=reinterpret pc=0x0000000002a5942c method=com.android.dx.rop.code.RegisterSpecSet.put(Lcom/android/dx/rop/code/RegisterSpec;)V @ 77
Event: 1.181 Thread 0x00000000163ee800 Uncommon trap: reason=class_check action=maybe_recompile pc=0x0000000002a90ecc method=com.android.dx.ssa.NormalSsaInsn.accept(Lcom/android/dx/ssa/SsaInsn$Visitor;)V @ 9
Event: 1.181 Thread 0x00000000163ee800 Uncommon trap: reason=class_check action=maybe_recompile pc=0x0000000002a90ecc method=com.android.dx.ssa.NormalSsaInsn.accept(Lcom/android/dx/ssa/SsaInsn$Visitor;)V @ 9
Event: 1.208 Thread 0x00000000163de000 Uncommon trap: reason=class_check action=maybe_recompile pc=0x0000000002a90ecc method=com.android.dx.ssa.NormalSsaInsn.accept(Lcom/android/dx/ssa/SsaInsn$Visitor;)V @ 9
Event: 1.208 Thread 0x00000000163de000 Uncommon trap: reason=class_check action=maybe_recompile pc=0x0000000002a90ecc method=com.android.dx.ssa.NormalSsaInsn.accept(Lcom/android/dx/ssa/SsaInsn$Visitor;)V @ 9
Event: 1.242 Thread 0x00000000163e2800 Uncommon trap: reason=unstable_if action=reinterpret pc=0x0000000002b4c684 method=com.android.dx.ssa.SsaRenamer$BlockRenamer.addMapping(ILcom/android/dx/rop/code/RegisterSpec;)V @ 120
Event: 1.321 Thread 0x00000000163da800 Uncommon trap: reason=null_check action=make_not_entrant pc=0x0000000002ba9400 method=com.android.dx.ssa.SsaRenamer.getLocalForNewReg(I)Lcom/android/dx/rop/code/LocalItem; @ 19
Event: 1.614 Thread 0x00000000163e2800 Uncommon trap: reason=bimorphic action=maybe_recompile pc=0x0000000002a2cb50 method=java.util.HashMap.getNode(ILjava/lang/Object;)Ljava/util/HashMap$Node; @ 126
Event: 1.614 Thread 0x00000000163e2800 Uncommon trap: reason=class_check action=maybe_recompile pc=0x0000000002c1705c method=java.util.HashMap.putVal(ILjava/lang/Object;Ljava/lang/Object;ZZ)Ljava/lang/Object; @ 203

Internal exceptions (3 events):
Event: 0.065 Thread 0x00000000025fe000 Exception <a 'java/lang/NoSuchMethodError': Method sun.misc.Unsafe.defineClass(Ljava/lang/String;[BII)Ljava/lang/Class; name or signature does not match> (0x00000000eab07cc0) thrown at [C:\re\workspace\8-2-build-windows-amd64-cygwin\jdk8u91\6644\hotspot\srTrùà£¸°?
Event: 0.065 Thread 0x00000000025fe000 Exception <a 'java/lang/NoSuchMethodError': Method sun.misc.Unsafe.prefetchRead(Ljava/lang/Object;J)V name or signature does not match> (0x00000000eab07fa8) thrown at [C:\re\workspace\8-2-build-windows-amd64-cygwin\jdk8u91\6644\hotspot\src\share\vm\prims\jš™¼õ!õ?
Event: 1.321 Thread 0x00000000163da800 Implicit null exception at 0x0000000002ba73ee to 0x0000000002ba93dd

Events (10 events):
Event: 1.614 Thread 0x00000000163e2800 Uncommon trap: trap_request=0xffffffc6 fr.pc=0x0000000002a2cb50
Event: 1.614 Thread 0x00000000163e2800 DEOPT PACKING pc=0x0000000002a2cb50 sp=0x000000001714e870
Event: 1.614 Thread 0x00000000163e2800 DEOPT UNPACKING pc=0x000000000284582a sp=0x000000001714e7f0 mode 2
Event: 1.614 Thread 0x00000000163e2800 Uncommon trap: trap_request=0xffffffde fr.pc=0x0000000002c1705c
Event: 1.614 Thread 0x00000000163e2800 DEOPT PACKING pc=0x0000000002c1705c sp=0x000000001714e890
Event: 1.614 Thread 0x00000000163e2800 DEOPT UNPACKING pc=0x000000000284582a sp=0x000000001714e7b8 mode 2
Event: 1.649 loading class com/android/dx/cf/code/SwitchList
Event: 1.649 loading class com/android/dx/cf/code/SwitchList done
Event: 1.682 Executing VM operation: ParallelGCFailedAllocation
Event: 1.929 Executing VM operation: ParallelGCFailedAllocation done


Dynamic libraries:
0x00007ff615050000 - 0x00007ff615087000 	C:\Program Files\Java\jdk1.8.0_91\bin\java.exe
0x00007ffa53620000 - 0x00007ffa537e1000 	C:\WINDOWS\SYSTEM32\ntdll.dll
0x00007ffa50ae0000 - 0x00007ffa50b8d000 	C:\WINDOWS\system32\KERNEL32.DLL
0x00007ffa50340000 - 0x00007ffa50528000 	C:\WINDOWS\system32\KERNELBASE.dll
0x00007ffa50b90000 - 0x00007ffa50c37000 	C:\WINDOWS\system32\ADVAPI32.dll
0x00007ffa524a0000 - 0x00007ffa5253d000 	C:\WINDOWS\system32\msvcrt.dll
0x00007ffa53410000 - 0x00007ffa5346b000 	C:\WINDOWS\system32\sechost.dll
0x00007ffa53500000 - 0x00007ffa5361c000 	C:\WINDOWS\system32\RPCRT4.dll
0x00007ffa52540000 - 0x00007ffa52696000 	C:\WINDOWS\system32\USER32.dll
0x00007ffa50ca0000 - 0x00007ffa50e26000 	C:\WINDOWS\system32\GDI32.dll
0x00007ffa4d490000 - 0x00007ffa4d704000 	C:\WINDOWS\WinSxS\amd64_microsoft.windows.common-controls_6595b64144ccf1df_6.0.10586.494_none_a2d8b04ea53e3145\COMCTL32.dll
0x00007ffa50860000 - 0x00007ffa50add000 	C:\WINDOWS\system32\combase.dll
0x00007ffa507d0000 - 0x00007ffa5083a000 	C:\WINDOWS\system32\bcryptPrimitives.dll
0x00007ffa52390000 - 0x00007ffa523cb000 	C:\WINDOWS\system32\IMM32.DLL
0x00007ffa4f910000 - 0x00007ffa4f941000 	C:\Windows\system32\nvinitx.dll
0x00007ffa4f900000 - 0x00007ffa4f90a000 	C:\WINDOWS\SYSTEM32\VERSION.dll
0x0000000071b10000 - 0x0000000071be2000 	C:\Program Files\Java\jdk1.8.0_91\jre\bin\msvcr100.dll
0x0000000071f90000 - 0x0000000072823000 	C:\Program Files\Java\jdk1.8.0_91\jre\bin\server\jvm.dll
0x00007ffa50580000 - 0x00007ffa505a3000 	C:\WINDOWS\system32\WINMM.dll
0x00007ffa4fa50000 - 0x00007ffa4fa7c000 	C:\WINDOWS\system32\WINMMBASE.dll
0x00007ffa42dc0000 - 0x00007ffa42dc9000 	C:\WINDOWS\SYSTEM32\WSOCK32.dll
0x00007ffa50780000 - 0x00007ffa507c3000 	C:\WINDOWS\system32\cfgmgr32.dll
0x00007ffa52f40000 - 0x00007ffa52f48000 	C:\WINDOWS\system32\PSAPI.DLL
0x00007ffa526a0000 - 0x00007ffa5270b000 	C:\WINDOWS\system32\WS2_32.dll
0x0000000071f80000 - 0x0000000071f8f000 	C:\Program Files\Java\jdk1.8.0_91\jre\bin\verify.dll
0x0000000071f50000 - 0x0000000071f79000 	C:\Program Files\Java\jdk1.8.0_91\jre\bin\java.dll
0x0000000071f30000 - 0x0000000071f46000 	C:\Program Files\Java\jdk1.8.0_91\jre\bin\zip.dll
0x00007ffa50e30000 - 0x00007ffa5238c000 	C:\WINDOWS\system32\SHELL32.dll
0x00007ffa4fcf0000 - 0x00007ffa50335000 	C:\WINDOWS\system32\windows.storage.dll
0x00007ffa533b0000 - 0x00007ffa53402000 	C:\WINDOWS\system32\shlwapi.dll
0x00007ffa4fa10000 - 0x00007ffa4fa1f000 	C:\WINDOWS\system32\kernel.appcore.dll
0x00007ffa4fc30000 - 0x00007ffa4fce5000 	C:\WINDOWS\system32\shcore.dll
0x00007ffa50530000 - 0x00007ffa5057b000 	C:\WINDOWS\system32\powrprof.dll
0x00007ffa4fa20000 - 0x00007ffa4fa34000 	C:\WINDOWS\system32\profapi.dll

VM Arguments:
jvm_args: -Djava.awt.headless=true -Xmx1024M -Dfile.encoding=GBK -Duser.country=CN -Duser.language=zh -Duser.variant 
java_command: com.android.dx.command.Main --dex --force-jumbo --num-threads=4 --multi-dex --output D:\andriod_projects\smartHome\app\build\intermediates\transforms\dex\debug\folders\1000\10\instant-run_70170bf4ab4cc2fdd9bbcc4d7a23bf7767dd91c0 D:\andriod_projects\smartHome\app\build\intermediates\incremental-runtime-classes\debug\instant-run.jar
java_class_path (initial): D:\android\android_SDK\build-tools\23.0.3\lib\dx.jar
Launcher Type: SUN_STANDARD

Environment Variables:
JAVA_HOME=C:\Program Files (x86)\Java\jdk1.8.0_31
CLASSPATH=C:\Program Files (x86)\Java\jdk1.8.0_31\lib;C:\Program Files (x86)\Java\jdk1.8.0_31\lib\tools.jar;D:\andriod environment\adt-bundle-windows-x86-20131030\eclipse\plugins\org.apache.ant_1.8.3.v201301120609\lib;
PATH=C:\PROGRA~1\PTC\MKSTOO~1\bin64;C:\PROGRA~1\PTC\MKSTOO~1\bin;C:\PROGRA~1\PTC\MKSTOO~1\bin\X11;C:\PROGRA~1\PTC\MKSTOO~1\mksnt;C:\ProgramData\Oracle\Java\javapath;C:\Program Files (x86)\Intel\iCLS Client\;C:\Program Files\Intel\iCLS Client\;C:\Program Files (x86)\NVIDIA Corporation\PhysX\Common;C:\WINDOWS\system32;C:\WINDOWS;C:\WINDOWS\System32\Wbem;C:\WINDOWS\System32\WindowsPowerShell\v1.0\;C:\Program Files\Intel\Intel(R) Management Engine Components\DAL;C:\Program Files\Intel\Intel(R) Management Engine Components\IPT;C:\Program Files (x86)\Intel\Intel(R) Management Engine Components\DAL;C:\Program Files (x86)\Intel\Intel(R) Management Engine Components\IPT;C:\Program Files (x86)\Java\jdk1.8.0_31\bin;C:\Program Files (x86)\Java\jdk1.8.0_31\jre\bin;D:\andriod environment\adt-bundle-windows-x86-20131030\sdk\tools;D:\andriod environment\adt-bundle-windows-x86-20131030\sdk\platform-tools;D:\andriod environment\adt-bundle-windows-x86-20131030\eclipse\plugins\org.apache.ant_1.8.3.v201301120609\bin;C:\Program Files\nodejs\;D:\Git\cmd;D:\HMA! Pro VPN\bin
USERNAME=freedom
DISPLAY=:0.0
OS=Windows_NT
PROCESSOR_IDENTIFIER=Intel64 Family 6 Model 60 Stepping 3, GenuineIntel



---------------  S Y S T E M  ---------------

OS: Windows 10.0 , 64 bit Build 10586 (10.0.10586.0)

CPU:total 4 (2 cores per cpu, 2 threads per core) family 6 model 60 stepping 3, cmov, cx8, fxsr, mmx, sse, sse2, sse3, ssse3, sse4.1, sse4.2, popcnt, avx, avx2, aes, clmul, erms, lzcnt, ht, tsc, tscinvbit, bmi1, bmi2

Memory: 4k page, physical 4112564k(304924k free), swap 5685428k(5716k free)

vm_info: Java HotSpot(TM) 64-Bit Server VM (25.91-b14) for windows-amd64 JRE (1.8.0_91-b14), built on Apr  1 2016 00:58:32 by "java_re" with MS VC++ 10.0 (VS2010)

time: Sun Sep 04 23:31:08 2016
elapsed time: 1 seconds (0d 0h 0m 1s)

