#
# There is insufficient memory for the Java Runtime Environment to continue.
# Native memory allocation (malloc) failed to allocate 32744 bytes for ChunkPool::allocate
# Possible reasons:
#   The system is out of physical RAM or swap space
#   In 32 bit mode, the process size limit was hit
# Possible solutions:
#   Reduce memory load on the system
#   Increase physical memory or swap space
#   Check if swap backing store is full
#   Use 64 bit Java on a 64 bit OS
#   Decrease Java heap size (-Xmx/-Xms)
#   Decrease number of Java threads
#   Decrease Java thread stack sizes (-Xss)
#   Set larger code cache with -XX:ReservedCodeCacheSize=
# This output file may be truncated or incomplete.
#
#  Out of Memory Error (allocation.cpp:273), pid=168, tid=10628
#
# JRE version: Java(TM) SE Runtime Environment (8.0_91-b14) (build 1.8.0_91-b14)
# Java VM: Java HotSpot(TM) 64-Bit Server VM (25.91-b14 mixed mode windows-amd64 compressed oops)
# Failed to write core dump. Minidumps are not enabled by default on client versions of Windows
#

---------------  T H R E A D  ---------------

Current thread (0x000000001641a000):  JavaThread "C2 CompilerThread1" daemon [_thread_in_native, id=10628, stack(0x0000000016b10000,0x0000000016c10000)]

Stack: [0x0000000016b10000,0x0000000016c10000]
[error occurred during error reporting (printing stack bounds), id 0xc0000005]

Native frames: (J=compiled Java code, j=interpreted, Vv=VM code, C=native code)


Current CompileTask:
C2:   2177  681       4       com.android.dx.rop.cst.CstString::utf8BytesToString (391 bytes)


---------------  P R O C E S S  ---------------

Java Threads: ( => current thread )
  0x00000000166a9000 JavaThread "pool-2-thread-4" [_thread_in_Java, id=12524, stack(0x0000000017310000,0x0000000017410000)]
  0x00000000166a8000 JavaThread "pool-2-thread-3" [_thread_blocked, id=13120, stack(0x0000000017210000,0x0000000017310000)]
  0x00000000166a4800 JavaThread "pool-2-thread-2" [_thread_in_Java, id=2828, stack(0x0000000017110000,0x0000000017210000)]
  0x00000000166a3800 JavaThread "pool-3-thread-1" [_thread_blocked, id=11740, stack(0x0000000017010000,0x0000000017110000)]
  0x0000000016729000 JavaThread "pool-2-thread-1" [_thread_in_Java, id=5424, stack(0x0000000016f10000,0x0000000017010000)]
  0x0000000016472000 JavaThread "Service Thread" daemon [_thread_blocked, id=13176, stack(0x0000000016d10000,0x0000000016e10000)]
  0x000000001646d000 JavaThread "C1 CompilerThread2" daemon [_thread_in_native, id=10608, stack(0x0000000016c10000,0x0000000016d10000)]
=>0x000000001641a000 JavaThread "C2 CompilerThread1" daemon [_thread_in_native, id=10628, stack(0x0000000016b10000,0x0000000016c10000)]
  0x000000001510b000 JavaThread "C2 CompilerThread0" daemon [_thread_in_native, id=4604, stack(0x0000000016a10000,0x0000000016b10000)]
  0x0000000015108800 JavaThread "Attach Listener" daemon [_thread_blocked, id=6652, stack(0x0000000016910000,0x0000000016a10000)]
  0x0000000016418800 JavaThread "Signal Dispatcher" daemon [_thread_blocked, id=10280, stack(0x0000000016810000,0x0000000016910000)]
  0x00000000029da800 JavaThread "Finalizer" daemon [_thread_blocked, id=620, stack(0x0000000016310000,0x0000000016410000)]
  0x0000000015079000 JavaThread "Reference Handler" daemon [_thread_blocked, id=11868, stack(0x0000000016210000,0x0000000016310000)]
  0x00000000028de000 JavaThread "main" [_thread_in_vm, id=11180, stack(0x0000000002710000,0x0000000002810000)]

Other Threads:
  0x0000000015077800 VMThread [stack: 0x0000000016110000,0x0000000016210000] [id=9608]
  0x00000000164d3000 WatcherThread [stack: 0x0000000016e10000,0x0000000016f10000] [id=9228]

VM state:not at safepoint (normal execution)

VM Mutex/Monitor currently owned by a thread: None

Heap:
 PSYoungGen      total 18944K, used 11188K [0x00000000eab00000, 0x00000000ec000000, 0x0000000100000000)
  eden space 16384K, 52% used [0x00000000eab00000,0x00000000eb36dee8,0x00000000ebb00000)
  from space 2560K, 99% used [0x00000000ebb00000,0x00000000ebd7f2b8,0x00000000ebd80000)
  to   space 2560K, 0% used [0x00000000ebd80000,0x00000000ebd80000,0x00000000ec000000)
 ParOldGen       total 44032K, used 1200K [0x00000000c0000000, 0x00000000c2b00000, 0x00000000eab00000)
  object space 44032K, 2% used [0x00000000c0000000,0x00000000c012c3b8,0x00000000c2b00000)
 Metaspace       used 5857K, capacity 6710K, committed 6784K, reserved 1056768K
  class space    used 606K, capacity 622K, committed 640K, reserved 1048576K

Card table byte_map: [0x0000000011da0000,0x0000000011fb0000] byte_map_base: 0x00000000117a0000

Marking Bits: (ParMarkBitMap*) 0x0000000054722f70
 Begin Bits: [0x0000000012510000, 0x0000000013510000)
 End Bits:   [0x0000000013510000, 0x0000000014510000)

Polling page: 0x0000000000bb0000

CodeCache: size=245760Kb used=2493Kb max_used=2498Kb free=243266Kb
 bounds [0x00000000029e0000, 0x0000000002c60000, 0x00000000119e0000]
 total_blobs=928 nmethods=657 adapters=184
 compilation: enabled

Compilation events (10 events):
Event: 2.117 Thread 0x000000001646d000 nmethod 651 0x0000000002c51b10 code [0x0000000002c51c80, 0x0000000002c51e88]
Event: 2.117 Thread 0x000000001646d000  683       3       com.android.dx.ssa.Dominators::eval (29 bytes)
Event: 2.117 Thread 0x000000001646d000 nmethod 683 0x0000000002c51590 code [0x0000000002c51700, 0x0000000002c519a8]
Event: 2.117 Thread 0x000000001646d000  686       3       com.android.dx.util.BitIntSet$1::hasNext (13 bytes)
Event: 2.117 Thread 0x000000001646d000 nmethod 686 0x0000000002c51210 code [0x0000000002c51360, 0x0000000002c51510]
Event: 2.117 Thread 0x000000001646d000  670       3       java.util.HashSet::<init> (16 bytes)
Event: 2.117 Thread 0x000000001646d000 nmethod 670 0x0000000002c50a90 code [0x0000000002c50c20, 0x0000000002c51030]
Event: 2.118 Thread 0x000000001646d000  685       3       com.android.dx.cf.code.ByteOps::opInfo (6 bytes)
Event: 2.118 Thread 0x000000001646d000 nmethod 685 0x0000000002c50710 code [0x0000000002c50860, 0x0000000002c509b0]
Event: 2.118 Thread 0x000000001646d000  664   !   3       com.android.dx.cf.code.BytecodeArray::parseInstruction (2764 bytes)

GC Heap History (2 events):
Event: 2.054 GC heap before
{Heap before GC invocations=1 (full 0):
 PSYoungGen      total 18944K, used 16384K [0x00000000eab00000, 0x00000000ec000000, 0x0000000100000000)
  eden space 16384K, 100% used [0x00000000eab00000,0x00000000ebb00000,0x00000000ebb00000)
  from space 2560K, 0% used [0x00000000ebd80000,0x00000000ebd80000,0x00000000ec000000)
  to   space 2560K, 0% used [0x00000000ebb00000,0x00000000ebb00000,0x00000000ebd80000)
 ParOldGen       total 44032K, used 0K [0x00000000c0000000, 0x00000000c2b00000, 0x00000000eab00000)
  object space 44032K, 0% used [0x00000000c0000000,0x00000000c0000000,0x00000000c2b00000)
 Metaspace       used 5593K, capacity 6516K, committed 6784K, reserved 1056768K
  class space    used 602K, capacity 620K, committed 640K, reserved 1048576K
Event: 2.070 GC heap after
Heap after GC invocations=1 (full 0):
 PSYoungGen      total 18944K, used 2556K [0x00000000eab00000, 0x00000000ec000000, 0x0000000100000000)
  eden space 16384K, 0% used [0x00000000eab00000,0x00000000eab00000,0x00000000ebb00000)
  from space 2560K, 99% used [0x00000000ebb00000,0x00000000ebd7f2b8,0x00000000ebd80000)
  to   space 2560K, 0% used [0x00000000ebd80000,0x00000000ebd80000,0x00000000ec000000)
 ParOldGen       total 44032K, used 1200K [0x00000000c0000000, 0x00000000c2b00000, 0x00000000eab00000)
  object space 44032K, 2% used [0x00000000c0000000,0x00000000c012c3b8,0x00000000c2b00000)
 Metaspace       used 5593K, capacity 6516K, committed 6784K, reserved 1056768K
  class space    used 602K, capacity 620K, committed 640K, reserved 1048576K
}

Deoptimization events (2 events):
Event: 0.674 Thread 0x00000000028de000 Uncommon trap: reason=unstable_if action=reinterpret pc=0x0000000002b28f94 method=java.lang.String.compareTo(Ljava/lang/String;)I @ 38
Event: 2.092 Thread 0x00000000028de000 Uncommon trap: reason=unstable_if action=reinterpret pc=0x0000000002c1a1b0 method=java.util.BitSet.nextSetBit(I)I @ 87

Internal exceptions (2 events):
Event: 0.168 Thread 0x00000000028de000 Exception <a 'java/lang/NoSuchMethodError': Method sun.misc.Unsafe.defineClass(Ljava/lang/String;[BII)Ljava/lang/Class; name or signature does not match> (0x00000000eab07cc0) thrown at [C:\re\workspace\8-2-build-windows-amd64-cygwin\jdk8u91\6644\hotspot\sr#våp}≈?
Event: 0.168 Thread 0x00000000028de000 Exception <a 'java/lang/NoSuchMethodError': Method sun.misc.Unsafe.prefetchRead(Ljava/lang/Object;J)V name or signature does not match> (0x00000000eab07fa8) thrown at [C:\re\workspace\8-2-build-windows-amd64-cygwin\jdk8u91\6644\hotspot\src\share\vm\prims\j

Events (10 events):
Event: 2.082 loading class com/android/dx/ssa/back/FirstFitLocalCombiningAllocator$Multiset
Event: 2.082 loading class com/android/dx/ssa/back/FirstFitLocalCombiningAllocator$Multiset done
Event: 2.090 loading class java/util/HashMap$Values done
Event: 2.090 loading class java/util/HashMap$ValueIterator
Event: 2.091 loading class java/util/HashMap$ValueIterator done
Event: 2.092 Thread 0x00000000028de000 Uncommon trap: trap_request=0xffffff65 fr.pc=0x0000000002c1a1b0
Event: 2.092 Thread 0x00000000028de000 DEOPT PACKING pc=0x0000000002c1a1b0 sp=0x000000000280e690
Event: 2.092 Thread 0x00000000028de000 DEOPT UNPACKING pc=0x0000000002a2582a sp=0x000000000280e628 mode 2
Event: 2.113 loading class java/util/ArrayList$1
Event: 2.113 loading class java/util/ArrayList$1 done


Dynamic libraries:
0x00007ff6ab770000 - 0x00007ff6ab7a7000 	C:\Program Files\Java\jdk1.8.0_91\bin\java.exe
0x00007ffb92720000 - 0x00007ffb928e1000 	C:\WINDOWS\SYSTEM32\ntdll.dll
0x00007ffb90180000 - 0x00007ffb9022d000 	C:\WINDOWS\system32\KERNEL32.DLL
0x00007ffb8f310000 - 0x00007ffb8f4f8000 	C:\WINDOWS\system32\KERNELBASE.dll
0x00007ffb8f9c0000 - 0x00007ffb8fa67000 	C:\WINDOWS\system32\ADVAPI32.dll
0x00007ffb923f0000 - 0x00007ffb9248d000 	C:\WINDOWS\system32\msvcrt.dll
0x00007ffb92490000 - 0x00007ffb924eb000 	C:\WINDOWS\system32\sechost.dll
0x00007ffb90860000 - 0x00007ffb9097c000 	C:\WINDOWS\system32\RPCRT4.dll
0x00007ffb92010000 - 0x00007ffb92166000 	C:\WINDOWS\system32\USER32.dll
0x00007ffb90230000 - 0x00007ffb903b6000 	C:\WINDOWS\system32\GDI32.dll
0x00007ffb8ba80000 - 0x00007ffb8bcf4000 	C:\WINDOWS\WinSxS\amd64_microsoft.windows.common-controls_6595b64144ccf1df_6.0.10586.589_none_a2ddb3caa539acce\COMCTL32.dll
0x00007ffb8fad0000 - 0x00007ffb8fd4d000 	C:\WINDOWS\system32\combase.dll
0x00007ffb8f580000 - 0x00007ffb8f5ea000 	C:\WINDOWS\system32\bcryptPrimitives.dll
0x00007ffb923b0000 - 0x00007ffb923eb000 	C:\WINDOWS\system32\IMM32.DLL
0x00007ffb8ea00000 - 0x00007ffb8ea31000 	C:\Windows\system32\nvinitx.dll
0x00007ffb8e9f0000 - 0x00007ffb8e9fa000 	C:\WINDOWS\SYSTEM32\VERSION.dll
0x0000000053ad0000 - 0x0000000053ba2000 	C:\Program Files\Java\jdk1.8.0_91\jre\bin\msvcr100.dll
0x0000000053f10000 - 0x00000000547a3000 	C:\Program Files\Java\jdk1.8.0_91\jre\bin\server\jvm.dll
0x00007ffb8f500000 - 0x00007ffb8f523000 	C:\WINDOWS\system32\WINMM.dll
0x00007ffb8eb50000 - 0x00007ffb8eb7c000 	C:\WINDOWS\system32\WINMMBASE.dll
0x00007ffb8f880000 - 0x00007ffb8f8c3000 	C:\WINDOWS\system32\cfgmgr32.dll
0x00007ffb92660000 - 0x00007ffb92668000 	C:\WINDOWS\system32\PSAPI.DLL
0x00007ffb7daa0000 - 0x00007ffb7daa9000 	C:\WINDOWS\SYSTEM32\WSOCK32.dll
0x00007ffb91f90000 - 0x00007ffb91ffb000 	C:\WINDOWS\system32\WS2_32.dll
0x0000000054da0000 - 0x0000000054daf000 	C:\Program Files\Java\jdk1.8.0_91\jre\bin\verify.dll
0x0000000054d70000 - 0x0000000054d99000 	C:\Program Files\Java\jdk1.8.0_91\jre\bin\java.dll
0x0000000053ef0000 - 0x0000000053f06000 	C:\Program Files\Java\jdk1.8.0_91\jre\bin\zip.dll
0x00007ffb90980000 - 0x00007ffb91edc000 	C:\WINDOWS\system32\SHELL32.dll
0x00007ffb8ecc0000 - 0x00007ffb8f305000 	C:\WINDOWS\system32\windows.storage.dll
0x00007ffb8fa70000 - 0x00007ffb8fac2000 	C:\WINDOWS\system32\shlwapi.dll
0x00007ffb8eb10000 - 0x00007ffb8eb1f000 	C:\WINDOWS\system32\kernel.appcore.dll
0x00007ffb8f7c0000 - 0x00007ffb8f875000 	C:\WINDOWS\system32\shcore.dll
0x00007ffb8f530000 - 0x00007ffb8f57b000 	C:\WINDOWS\system32\powrprof.dll
0x00007ffb8eb20000 - 0x00007ffb8eb34000 	C:\WINDOWS\system32\profapi.dll

VM Arguments:
jvm_args: -Djava.awt.headless=true -Xmx1024M -Dfile.encoding=GBK -Duser.country=CN -Duser.language=zh -Duser.variant 
java_command: com.android.dx.command.Main --dex --force-jumbo --num-threads=4 --multi-dex --output D:\andriod_projects\smartHome\app\build\intermediates\transforms\dex\debug\folders\1000\10\com.android.support-appcompat-v7-23.3.0_08b6caf9083ef3333c1d2d027f917b3b9e753913 D:\andriod_projects\smartHome\app\build\intermediates\exploded-aar\com.android.support\appcompat-v7\23.3.0\jars\classes.jar
java_class_path (initial): D:\android\android_SDK\build-tools\23.0.3\lib\dx.jar
Launcher Type: SUN_STANDARD

Environment Variables:
JAVA_HOME=C:\Program Files (x86)\Java\jdk1.8.0_31
CLASSPATH=C:\Program Files (x86)\Java\jdk1.8.0_31\lib;C:\Program Files (x86)\Java\jdk1.8.0_31\lib\tools.jar;D:\andriod environment\adt-bundle-windows-x86-20131030\eclipse\plugins\org.apache.ant_1.8.3.v201301120609\lib;
PATH=C:\PROGRA~1\PTC\MKSTOO~1\bin64;C:\PROGRA~1\PTC\MKSTOO~1\bin;C:\PROGRA~1\PTC\MKSTOO~1\bin\X11;C:\PROGRA~1\PTC\MKSTOO~1\mksnt;C:\ProgramData\Oracle\Java\javapath;C:\Program Files (x86)\Intel\iCLS Client\;C:\Program Files\Intel\iCLS Client\;C:\Program Files (x86)\NVIDIA Corporation\PhysX\Common;C:\WINDOWS\system32;C:\WINDOWS;C:\WINDOWS\System32\Wbem;C:\WINDOWS\System32\WindowsPowerShell\v1.0\;C:\Program Files\Intel\Intel(R) Management Engine Components\DAL;C:\Program Files\Intel\Intel(R) Management Engine Components\IPT;C:\Program Files (x86)\Intel\Intel(R) Management Engine Components\DAL;C:\Program Files (x86)\Intel\Intel(R) Management Engine Components\IPT;C:\Program Files (x86)\Java\jdk1.8.0_31\bin;C:\Program Files (x86)\Java\jdk1.8.0_31\jre\bin;D:\andriod environment\adt-bundle-windows-x86-20131030\sdk\tools;D:\andriod environment\adt-bundle-windows-x86-20131030\sdk\platform-tools;D:\andriod environment\adt-bundle-windows-x86-20131030\eclipse\plugins\org.apache.ant_1.8.3.v201301120609\bin;C:\Program Files\nodejs\;D:\Git\cmd;D:\HMA! Pro VPN\bin
USERNAME=freedom
DISPLAY=:0.0
OS=Windows_NT
PROCESSOR_IDENTIFIER=Intel64 Family 6 Model 60 Stepping 3, GenuineIntel



---------------  S Y S T E M  ---------------

OS: Windows 10.0 , 64 bit Build 10586 (10.0.10586.589)

CPU:total 4 (2 cores per cpu, 2 threads per core) family 6 model 60 stepping 3, cmov, cx8, fxsr, mmx, sse, sse2, sse3, ssse3, sse4.1, sse4.2, popcnt, avx, avx2, aes, clmul, erms, lzcnt, ht, tsc, tscinvbit, bmi1, bmi2

Memory: 4k page, physical 4112564k(396608k free), swap 5685428k(2232k free)

vm_info: Java HotSpot(TM) 64-Bit Server VM (25.91-b14) for windows-amd64 JRE (1.8.0_91-b14), built on Apr  1 2016 00:58:32 by "java_re" with MS VC++ 10.0 (VS2010)

time: Sat Sep 17 21:42:37 2016
elapsed time: 2 seconds (0d 0h 0m 2s)

