JvmtiExport can_access_local_variables 0
JvmtiExport can_hotswap_or_post_breakpoint 0
JvmtiExport can_post_on_exceptions 0
# 361 ciObject found
ciMethod java/lang/Object <init> ()V 4097 1 230514 0 0
ciMethod java/lang/Object getClass ()Ljava/lang/Class; 2049 1 256 0 -1
ciMethod java/lang/Object hashCode ()I 2049 1 256 0 -1
ciMethod java/lang/Object equals (Ljava/lang/Object;)Z 4097 1 6167 0 64
ciMethod java/lang/String compareTo (Ljava/lang/String;)I 1857 49153 1820 0 -1
ciMethod java/lang/Class getName ()Ljava/lang/String; 241 1 34 0 -1
ciMethod java/lang/NullPointerException <init> (Ljava/lang/String;)V 0 0 1 0 -1
ciMethod java/util/ArrayList ensureCapacity (I)V 4097 1 13369 0 -1
ciMethod java/util/ArrayList ensureCapacityInternal (I)V 641 1 59807 0 -1
ciMethod java/util/ArrayList size ()I 1025 1 128 0 0
ciMethod java/util/ArrayList elementData (I)Ljava/lang/Object; 1897 1 280361 0 0
ciMethod java/util/ArrayList get (I)Ljava/lang/Object; 1897 1 272252 0 128
ciMethod java/util/ArrayList set (ILjava/lang/Object;)Ljava/lang/Object; 3393 1 2323 0 -1
ciMethod java/util/ArrayList add (Ljava/lang/Object;)Z 641 1 59332 0 768
ciMethod java/util/ArrayList remove (Ljava/lang/Object;)Z 4097 10129 3566 0 -1
ciMethod java/util/ArrayList rangeCheck (I)V 1897 1 279518 0 64
ciMethod java/util/ArrayList iterator ()Ljava/util/Iterator; 2065 1 25516 0 192
ciMethod java/util/ArrayList access$100 (Ljava/util/ArrayList;)I 1057 1 132 0 0
ciMethod java/util/HashMap hash (Ljava/lang/Object;)I 2049 1 44650 0 0
ciMethod java/util/HashMap get (Ljava/lang/Object;)Ljava/lang/Object; 3097 1 30479 0 -1
ciMethod java/util/HashMap put (Ljava/lang/Object;Ljava/lang/Object;)Ljava/lang/Object; 3217 1 7730 0 1952
ciMethod java/util/HashMap putVal (ILjava/lang/Object;Ljava/lang/Object;ZZ)Ljava/lang/Object; 2497 241 6334 0 1952
ciMethod java/util/HashMap resize ()[Ljava/util/HashMap$Node; 185 3569 1328 0 0
ciMethod java/util/HashMap treeifyBin ([Ljava/util/HashMap$Node;I)V 0 0 1 0 -1
ciMethod java/util/HashMap newNode (ILjava/lang/Object;Ljava/lang/Object;Ljava/util/HashMap$Node;)Ljava/util/HashMap$Node; 3097 1 5427 0 0
ciMethod java/util/HashMap afterNodeAccess (Ljava/util/HashMap$Node;)V 4097 1 886 0 0
ciMethod java/util/HashMap afterNodeInsertion (Z)V 3097 1 1414 0 0
ciMethod java/util/HashMap$Node <init> (ILjava/lang/Object;Ljava/lang/Object;Ljava/util/HashMap$Node;)V 2769 1 5445 0 0
ciMethod java/util/Arrays equals ([Ljava/lang/Object;[Ljava/lang/Object;)Z 4097 49 5632 0 -1
ciMethodData java/lang/Object <init> ()V 2 230514 orig 264 8 193 4 119 0 0 0 0 128 4 174 20 0 0 0 0 32 1 0 0 0 0 0 0 0 0 0 0 0 0 0 0 0 0 0 0 0 0 0 0 0 0 0 0 0 0 0 0 0 0 0 0 0 0 0 0 0 0 0 0 0 0 0 0 0 0 0 0 0 0 0 0 0 0 0 0 0 0 0 0 77 68 79 32 101 120 116 114 97 32 100 97 116 97 32 108 111 99 107 0 0 0 0 0 0 0 0 0 0 0 0 0 0 0 0 0 0 0 0 0 0 0 0 0 0 0 0 0 0 0 0 0 0 0 0 0 0 0 0 0 0 0 0 0 0 0 0 0 0 0 0 0 0 0 0 0 0 0 0 0 0 0 0 0 0 0 0 0 0 0 0 0 0 0 0 0 0 0 0 0 0 0 0 0 1 0 0 0 0 0 0 0 1 0 0 0 0 0 0 0 1 0 0 0 0 0 0 0 0 0 0 0 0 0 0 0 0 2 0 0 145 19 28 0 1 0 0 0 0 0 0 0 0 0 0 0 2 0 0 0 0 0 3 0 1 0 0 0 0 0 0 0 255 255 255 255 0 0 0 0 0 0 0 0 data 0 oops 0
ciMethod java/util/Iterator hasNext ()Z 0 0 1 0 -1
ciMethod java/util/Iterator next ()Ljava/lang/Object; 0 0 1 0 -1
ciMethod java/util/HashMap$TreeNode putTreeVal (Ljava/util/HashMap;[Ljava/util/HashMap$Node;ILjava/lang/Object;Ljava/lang/Object;)Ljava/util/HashMap$TreeNode; 0 0 1 0 -1
ciMethod java/util/HashMap$TreeNode split (Ljava/util/HashMap;[Ljava/util/HashMap$Node;II)V 0 0 1 0 -1
ciMethod java/util/HashSet add (Ljava/lang/Object;)Z 4097 1 4355 0 0
ciMethodData java/util/HashMap hash (Ljava/lang/Object;)I 2 44650 orig 264 8 193 4 119 0 0 0 0 176 96 188 20 0 0 0 0 176 1 0 0 32 0 0 0 0 0 0 0 0 0 0 0 0 0 0 0 0 0 0 0 0 0 0 0 0 0 0 0 0 0 0 0 0 0 0 0 0 0 0 0 0 0 0 0 0 0 0 0 0 0 0 0 0 0 0 0 0 0 0 0 77 68 79 32 101 120 116 114 97 32 100 97 116 97 32 108 111 99 107 0 0 0 0 0 0 0 0 0 0 0 0 0 0 0 0 0 0 0 0 0 0 0 0 0 0 0 0 0 0 0 0 0 0 0 0 0 0 0 0 0 0 0 0 0 0 0 0 0 0 0 0 0 0 0 0 0 0 0 0 0 0 0 0 0 0 0 0 0 0 0 0 0 0 0 0 0 0 0 0 0 0 0 0 0 17 0 0 0 0 0 0 0 0 0 0 0 0 0 0 0 0 0 0 0 0 0 0 0 0 0 0 0 0 0 0 0 0 1 0 0 81 107 5 0 1 0 0 0 239 103 0 0 0 0 0 0 2 0 0 0 0 0 6 0 2 0 0 0 104 0 0 0 255 255 255 255 7 0 1 0 0 0 0 0 data 13 0x10007 0xad6f 0x38 0x0 0x50003 0x0 0x48 0x90005 0x4361 0x16bb22a0 0x1cb 0x2d88c10 0x1aa4 oops 2 9 java/util/jar/Attributes$Name 11 java/lang/String
ciMethodData java/util/ArrayList get (I)Ljava/lang/Object; 2 272426 orig 264 8 193 4 119 0 0 0 0 56 216 186 20 0 0 0 0 144 1 0 0 0 0 0 0 0 0 0 0 0 0 0 0 0 0 0 0 0 0 0 0 0 0 0 0 0 0 0 0 0 0 0 0 0 0 0 0 0 0 0 0 0 0 0 0 0 0 0 0 0 0 0 0 0 0 0 0 0 0 0 0 77 68 79 32 101 120 116 114 97 32 100 97 116 97 32 108 111 99 107 0 0 0 0 0 0 0 0 0 0 0 0 0 0 0 0 0 0 0 0 0 0 0 0 0 0 0 0 0 0 0 0 0 0 0 0 0 0 0 0 0 0 0 0 0 0 0 0 0 0 0 0 0 0 0 0 0 0 0 0 0 0 0 0 0 0 0 0 0 0 0 0 0 0 0 0 0 0 0 0 0 0 0 0 0 0 0 0 0 0 0 0 0 0 0 0 0 0 0 0 0 0 0 0 0 0 0 0 0 0 0 0 0 0 0 0 0 237 0 0 0 233 57 33 0 1 0 0 0 0 0 0 0 0 0 0 0 2 0 0 0 0 0 6 0 2 0 0 0 64 0 0 0 255 255 255 255 2 0 2 0 0 0 0 0 data 8 0x20002 0x4279c 0x70005 0x0 0x17e99000 0x42861 0x0 0x0 oops 1 4 java/util/ArrayList
ciMethodData java/util/ArrayList rangeCheck (I)V 2 279562 orig 264 8 193 4 119 0 0 0 0 24 225 186 20 0 0 0 0 104 1 0 0 0 0 0 0 0 0 0 0 0 0 0 0 0 0 0 0 0 0 0 0 0 0 0 0 0 0 0 0 0 0 0 0 0 0 0 0 0 0 0 0 0 0 0 0 0 0 0 0 0 0 0 0 0 0 0 0 0 0 0 0 77 68 79 32 101 120 116 114 97 32 100 97 116 97 32 108 111 99 107 0 0 0 0 0 0 0 0 0 0 0 0 0 0 0 0 0 0 0 0 0 0 0 0 0 0 0 0 0 0 0 0 0 0 0 0 0 0 0 0 0 0 0 0 0 0 0 0 0 0 0 0 0 0 0 0 0 0 0 0 0 0 0 0 0 0 0 0 0 0 0 0 0 0 0 0 0 0 0 0 0 0 0 0 0 0 0 0 0 0 0 0 0 0 0 0 0 0 0 0 0 0 0 0 0 0 0 0 0 0 0 0 0 0 0 0 0 237 0 0 0 233 24 34 0 1 0 0 0 0 0 0 0 0 0 0 0 2 0 0 0 0 0 5 0 2 0 0 0 64 0 0 0 255 255 255 255 7 0 5 0 0 0 0 0 data 8 0x50007 0x443b9 0x40 0x0 0xe0002 0x0 0x110002 0x0 oops 0
ciMethodData java/util/ArrayList elementData (I)Ljava/lang/Object; 2 280361 orig 264 8 193 4 119 0 0 0 0 152 215 186 20 0 0 0 0 40 1 0 0 0 0 0 0 0 0 0 0 0 0 0 0 0 0 0 0 0 0 0 0 0 0 0 0 0 0 0 0 0 0 0 0 0 0 0 0 0 0 0 0 0 0 0 0 0 0 0 0 0 0 0 0 0 0 0 0 0 0 0 0 77 68 79 32 101 120 116 114 97 32 100 97 116 97 32 108 111 99 107 0 0 0 0 0 0 0 0 0 0 0 0 0 0 0 0 0 0 0 0 0 0 0 0 0 0 0 0 0 0 0 0 0 0 0 0 0 0 0 0 0 0 0 0 0 0 0 0 0 0 0 0 0 0 0 0 0 0 0 0 0 0 0 0 0 0 0 0 0 0 0 0 0 0 0 0 0 0 0 0 0 0 0 0 0 0 0 0 0 0 0 0 0 0 0 0 0 0 0 0 0 0 0 0 0 0 0 0 0 0 0 0 0 0 0 0 0 237 0 0 0 225 49 34 0 1 0 0 0 0 0 0 0 0 0 0 0 2 0 0 0 0 0 3 0 1 0 0 0 0 0 0 0 255 255 255 255 0 0 0 0 0 0 0 0 data 0 oops 0
ciMethodData java/util/ArrayList add (Ljava/lang/Object;)Z 2 67892 orig 264 8 193 4 119 0 0 0 0 144 217 186 20 0 0 0 0 144 1 0 0 0 0 0 0 0 0 0 0 0 0 0 0 0 0 0 0 0 0 0 0 0 0 0 0 0 0 0 0 0 0 0 0 0 0 0 0 0 0 0 0 0 0 0 0 0 0 0 0 0 0 0 0 0 0 0 0 0 0 0 0 77 68 79 32 101 120 116 114 97 32 100 97 116 97 32 108 111 99 107 0 0 0 0 0 0 0 0 0 0 0 0 0 0 0 0 0 0 0 0 0 0 0 0 0 0 0 0 0 0 0 0 0 0 0 0 0 0 0 0 0 0 0 0 0 0 0 0 0 0 0 0 0 0 0 0 0 0 0 0 0 0 0 0 0 0 0 0 0 0 0 0 0 0 0 0 0 0 0 0 0 0 0 0 0 17 0 0 0 0 0 0 0 0 0 0 0 0 0 0 0 1 0 0 0 0 0 0 0 0 0 0 0 0 0 0 0 80 0 0 0 33 71 8 0 1 0 0 0 0 0 0 0 0 0 0 0 2 0 0 0 0 0 15 0 2 0 0 0 64 0 0 0 255 255 255 255 2 0 7 0 0 0 0 0 data 8 0x70002 0x108f0 0x1a0104 0x0 0x1816f340 0x14d 0x1816f3f0 0xd oops 2 4 java/util/zip/ZipEntry 6 java/util/concurrent/FutureTask
ciMethod java/util/ArrayList$Itr <init> (Ljava/util/ArrayList;)V 2065 1 27462 0 0
ciMethod java/util/ArrayList$Itr hasNext ()Z 3473 1 124726 0 96
ciMethod java/util/ArrayList$Itr next ()Ljava/lang/Object; 3481 1 5659 0 224
ciMethod java/util/ArrayList$Itr checkForComodification ()V 3553 1 5661 0 0
ciMethod java/util/ArrayList$Itr <init> (Ljava/util/ArrayList;Ljava/util/ArrayList$1;)V 2065 1 27463 0 96
ciMethodData java/util/HashMap putVal (ILjava/lang/Object;Ljava/lang/Object;ZZ)Ljava/lang/Object; 2 6334 orig 264 8 193 4 119 0 0 0 0 128 109 188 20 0 0 0 0 176 6 0 0 224 4 0 0 0 0 0 0 0 0 0 0 0 0 0 0 0 0 0 0 0 0 0 0 0 0 0 0 0 0 0 0 0 0 0 0 0 0 0 0 0 0 0 0 0 0 0 0 0 0 0 0 0 0 0 0 0 0 0 0 77 68 79 32 101 120 116 114 97 32 100 97 116 97 32 108 111 99 107 0 0 0 0 0 0 0 0 0 0 0 0 0 0 0 0 0 0 0 0 0 0 0 0 0 0 0 0 0 0 0 0 0 0 0 0 0 0 0 0 0 0 0 0 0 0 0 0 0 0 0 0 0 0 0 0 0 0 0 0 0 0 0 0 0 0 0 0 0 0 0 0 0 0 0 0 0 0 0 0 0 0 0 0 0 0 0 0 0 0 0 0 0 0 0 0 0 0 0 0 0 0 0 0 0 0 0 0 0 0 0 0 0 0 0 0 0 49 1 0 0 49 188 0 0 169 10 0 0 0 0 0 0 0 0 0 0 2 0 0 0 1 0 50 0 2 0 0 0 64 5 0 0 255 255 255 255 7 0 7 0 0 0 0 0 data 168 0x70007 0x2c6 0x40 0x14c1 0x100007 0x14c1 0x50 0x0 0x140005 0x0 0x16980ca0 0x2c6 0x0 0x0 0x2c0007 0x828 0x98 0xf5c 0x380005 0x0 0x16980ca0 0xf5d 0x0 0x0 0x3b0004 0x0 0x1838abe0 0xf5e 0x0 0x0 0x3c0003 0xf5d 0x3d0 0x450007 0x53f 0xc8 0x2e9 0x510007 0x2cc 0x90 0x1d 0x550007 0x0 0x88 0x1d 0x5b0005 0x1 0x180eba90 0x1a 0x18390a70 0x2 0x5e0007 0x1d 0x38 0x0 0x650003 0x2cc 0x278 0x6a0004 0xfffffffffffffaa4 0x1838abe0 0x27 0x0 0x0 0x6d0007 0x55c 0x98 0x0 0x720004 0x0 0x0 0x0 0x0 0x0 0x7b0005 0x0 0x0 0x0 0x0 0x0 0x800003 0x0 0x1b0 0x8e0007 0x1c7 0xb8 0x4ea 0x980005 0x0 0x16980ca0 0x4ea 0x0 0x0 0xa20007 0x4ea 0x148 0x0 0xa90005 0x0 0x0 0x0 0x0 0x0 0xac0003 0x0 0xf8 0xb50007 0x14b 0xc8 0x7c 0xc10007 0x72 0xc0 0xa 0xc50007 0x0 0x88 0xa 0xcb0005 0x0 0x180eba90 0xa 0x0 0x0 0xce0007 0xa 0x38 0x0 0xd10003 0x0 0x30 0xdb0003 0x155 0xfffffffffffffe80 0xe00007 0x4ea 0x90 0x33e 0xec0007 0x33e 0x40 0x0 0xf10007 0x0 0x20 0x0 0xfd0005 0x0 0x16980ca0 0x33e 0x0 0x0 0x11c0007 0x141f 0x50 0x28 0x1200005 0x1 0x16980ca0 0x27 0x0 0x0 0x1270005 0x0 0x16980ca0 0x1447 0x0 0x0 oops 11 10 java/util/HashMap 20 java/util/HashMap 26 java/util/HashMap$Node 47 com/android/dx/rop/code/RegisterSpec 49 com/android/dx/rop/cst/CstInteger 60 java/util/HashMap$Node 89 java/util/HashMap 120 com/android/dx/rop/code/RegisterSpec 148 java/util/HashMap 158 java/util/HashMap 164 java/util/HashMap
ciMethodData java/util/HashMap resize ()[Ljava/util/HashMap$Node; 2 13139 orig 264 8 193 4 119 0 0 0 0 176 111 188 20 0 0 0 0 56 6 0 0 176 1 0 0 0 0 0 0 0 0 0 0 0 0 0 0 0 0 0 0 0 0 0 0 0 0 0 0 0 0 0 0 0 0 0 0 0 0 0 0 0 0 0 0 0 0 0 0 0 0 0 0 0 0 0 0 0 0 0 0 77 68 79 32 101 120 116 114 97 32 100 97 116 97 32 108 111 99 107 0 0 0 0 0 0 0 0 0 0 0 0 0 0 0 0 0 0 0 0 0 0 0 0 0 0 0 0 0 0 0 0 0 0 0 0 0 0 0 0 0 0 0 0 0 0 0 0 0 0 0 0 0 0 0 0 0 0 0 0 0 0 0 0 0 0 0 0 0 0 0 0 0 0 0 0 0 0 0 0 0 0 0 0 0 0 0 0 0 0 0 0 0 0 0 0 0 0 0 0 0 0 0 0 0 0 0 0 0 0 0 0 0 0 0 0 0 190 1 0 0 209 45 0 0 169 140 1 0 0 0 0 0 0 0 0 0 2 0 0 0 2 0 56 0 2 0 0 0 240 4 0 0 255 255 255 255 7 0 6 0 0 0 0 0 data 158 0x60007 0x5e 0x38 0x55c 0xa0003 0x55c 0x18 0x190007 0x55c 0x98 0x5e 0x1f0007 0x5e 0x20 0x0 0x320007 0x0 0x90 0x5e 0x380007 0xf 0x70 0x4f 0x400003 0x4f 0x50 0x440007 0x471 0x38 0xeb 0x4a0003 0xeb 0x18 0x570007 0x4c0 0x78 0xfa 0x680007 0x0 0x58 0xfa 0x700007 0x0 0x38 0xfa 0x760003 0xfa 0x18 0x880004 0x0 0x1838ac90 0x290 0x0 0x0 0x940007 0x55c 0x340 0x5e 0x9d0007 0x5e 0x320 0x2517 0xa70007 0x1192 0x2e8 0x1385 0xae0104 0x0 0x0 0x0 0x0 0x0 0xb40007 0x692 0x68 0xcf3 0xc50004 0x0 0x1838abe0 0xcf3 0x0 0x0 0xc60003 0xcf3 0x248 0xcb0004 0xfffffffffffff96e 0x1838abe0 0x2b5 0x0 0x0 0xce0007 0x692 0x98 0x0 0xd30004 0x0 0x0 0x0 0x0 0x0 0xdc0005 0x0 0x0 0x0 0x0 0x0 0xdf0003 0x0 0x180 0xfc0007 0x672 0x70 0x8c1 0x1010007 0x340 0x38 0x581 0x1080003 0x581 0x18 0x1160003 0x8c1 0x50 0x11b0007 0x1d0 0x38 0x4a2 0x1220003 0x4a2 0x18 0x1350007 0x8a1 0xffffffffffffff58 0x692 0x13a0007 0x111 0x50 0x581 0x1490004 0x0 0x1838abe0 0x581 0x0 0x0 0x14c0007 0x1f0 0x50 0x4a2 0x15d0004 0x0 0x1838abe0 0x4a2 0x0 0x0 0x1610003 0x2517 0xfffffffffffffcf8 oops 5 50 [Ljava/util/HashMap$Node; 78 java/util/HashMap$Node 87 java/util/HashMap$Node 141 java/util/HashMap$Node 151 java/util/HashMap$Node
ciMethodData java/util/HashMap$Node <init> (ILjava/lang/Object;Ljava/lang/Object;Ljava/util/HashMap$Node;)V 2 5445 orig 264 8 193 4 119 0 0 0 0 104 175 188 20 0 0 0 0 80 1 0 0 0 0 0 0 0 0 0 0 0 0 0 0 0 0 0 0 0 0 0 0 0 0 0 0 0 0 0 0 0 0 0 0 0 0 0 0 0 0 0 0 0 0 0 0 0 0 0 0 0 0 0 0 0 0 0 0 0 0 0 0 77 68 79 32 101 120 116 114 97 32 100 97 116 97 32 108 111 99 107 0 0 0 0 0 0 0 0 0 0 0 0 0 0 0 0 0 0 0 0 0 0 0 0 0 0 0 0 0 0 0 0 0 0 0 0 0 0 0 0 0 0 0 0 0 0 0 0 0 0 0 0 0 0 0 0 0 0 0 0 0 0 0 0 0 0 0 0 0 0 0 0 0 0 0 0 0 0 0 0 0 0 0 0 0 0 0 0 0 0 0 0 0 0 0 0 0 0 0 0 0 0 0 0 0 0 0 0 0 0 0 0 0 0 0 0 0 90 1 0 0 89 159 0 0 1 0 0 0 0 0 0 0 0 0 0 0 2 0 0 0 0 0 3 0 2 0 0 0 16 0 0 0 255 255 255 255 2 0 1 0 0 0 0 0 data 2 0x10002 0x13ec oops 0
ciMethodData java/util/HashMap put (Ljava/lang/Object;Ljava/lang/Object;)Ljava/lang/Object; 2 7731 orig 264 8 193 4 119 0 0 0 0 160 107 188 20 0 0 0 0 152 1 0 0 0 0 0 0 0 0 0 0 0 0 0 0 0 0 0 0 0 0 0 0 0 0 0 0 0 0 0 0 0 0 0 0 0 0 0 0 0 0 0 0 0 0 0 0 0 0 0 0 0 0 0 0 0 0 0 0 0 0 0 0 77 68 79 32 101 120 116 114 97 32 100 97 116 97 32 108 111 99 107 0 0 0 0 0 0 0 0 0 0 0 0 0 0 0 0 0 0 0 0 0 0 0 0 0 0 0 0 0 0 0 0 0 0 0 0 0 0 0 0 0 0 0 0 0 0 0 0 0 0 0 0 0 0 0 0 0 0 0 0 0 0 0 0 0 0 0 0 0 0 0 0 0 0 0 0 0 0 0 0 0 0 0 0 0 0 0 0 0 0 0 0 0 0 0 0 0 0 0 0 0 0 0 0 0 0 0 0 0 0 0 0 0 0 0 0 0 146 1 0 0 9 229 0 0 1 0 0 0 0 0 0 0 0 0 0 0 2 0 0 0 0 0 7 0 2 0 0 0 64 0 0 0 255 255 255 255 2 0 2 0 0 0 0 0 data 8 0x20002 0x1ca1 0x90005 0x0 0x16980ca0 0x1ca0 0x0 0x0 oops 1 4 java/util/HashMap
ciMethodData java/util/HashMap newNode (ILjava/lang/Object;Ljava/lang/Object;Ljava/util/HashMap$Node;)Ljava/util/HashMap$Node; 2 5427 orig 264 8 193 4 119 0 0 0 0 16 137 188 20 0 0 0 0 80 1 0 0 0 0 0 0 0 0 0 0 0 0 0 0 0 0 0 0 0 0 0 0 0 0 0 0 0 0 0 0 0 0 0 0 0 0 0 0 0 0 0 0 0 0 0 0 0 0 0 0 0 0 0 0 0 0 0 0 0 0 0 0 77 68 79 32 101 120 116 114 97 32 100 97 116 97 32 108 111 99 107 0 0 0 0 0 0 0 0 0 0 0 0 0 0 0 0 0 0 0 0 0 0 0 0 0 0 0 0 0 0 0 0 0 0 0 0 0 0 0 0 0 0 0 0 0 0 0 0 0 0 0 0 0 0 0 0 0 0 0 0 0 0 0 0 0 0 0 0 0 0 0 0 0 0 0 0 0 0 0 0 0 0 0 0 0 0 0 0 0 0 0 0 0 0 0 0 0 0 0 0 0 0 0 0 0 0 0 0 0 0 0 0 0 0 0 0 0 131 1 0 0 129 157 0 0 1 0 0 0 0 0 0 0 0 0 0 0 2 0 0 0 0 0 3 0 2 0 0 0 16 0 0 0 255 255 255 255 2 0 9 0 0 0 0 0 data 2 0x90002 0x13af oops 0
ciMethodData java/util/HashMap afterNodeInsertion (Z)V 2 1414 orig 264 8 193 4 119 0 0 0 0 216 140 188 20 0 0 0 0 40 1 0 0 0 0 0 0 0 0 0 0 0 0 0 0 0 0 0 0 0 0 0 0 0 0 0 0 0 0 0 0 0 0 0 0 0 0 0 0 0 0 0 0 0 0 0 0 0 0 0 0 0 0 0 0 0 0 0 0 0 0 0 0 77 68 79 32 101 120 116 114 97 32 100 97 116 97 32 108 111 99 107 0 0 0 0 0 0 0 0 0 0 0 0 0 0 0 0 0 0 0 0 0 0 0 0 0 0 0 0 0 0 0 0 0 0 0 0 0 0 0 0 0 0 0 0 0 0 0 0 0 0 0 0 0 0 0 0 0 0 0 0 0 0 0 0 0 0 0 0 0 0 0 0 0 0 0 0 0 0 0 0 0 0 0 0 0 0 0 0 0 0 0 0 0 0 0 0 0 0 0 0 0 0 0 0 0 0 0 0 0 0 0 0 0 0 0 0 0 131 1 0 0 25 32 0 0 1 0 0 0 0 0 0 0 0 0 0 0 2 0 0 0 0 0 3 0 1 0 0 0 0 0 0 0 255 255 255 255 0 0 0 0 0 0 0 0 data 0 oops 0
ciMethodData java/util/ArrayList$Itr hasNext ()Z 2 124726 orig 264 8 193 4 119 0 0 0 0 184 31 219 20 0 0 0 0 144 1 0 0 0 0 0 0 0 0 0 0 0 0 0 0 0 0 0 0 0 0 0 0 0 0 0 0 0 0 0 0 0 0 0 0 0 0 0 0 0 0 0 0 0 0 0 0 0 0 0 0 0 0 0 0 0 0 0 0 0 0 0 0 77 68 79 32 101 120 116 114 97 32 100 97 116 97 32 108 111 99 107 0 0 0 0 0 0 0 0 0 0 0 0 0 0 0 0 0 0 0 0 0 0 0 0 0 0 0 0 0 0 0 0 0 0 0 0 0 0 0 0 0 0 0 0 0 0 0 0 0 0 0 0 0 0 0 0 0 0 0 0 0 0 0 0 0 0 0 0 0 0 0 0 0 0 0 0 0 0 0 0 0 0 0 0 0 0 0 0 0 0 0 0 0 0 0 0 0 0 0 0 0 0 0 0 0 0 0 0 0 0 0 0 0 0 0 0 0 178 1 0 0 33 44 15 0 1 0 0 0 0 0 0 0 0 0 0 0 2 0 0 0 0 0 6 0 2 0 0 0 72 0 0 0 255 255 255 255 2 0 8 0 0 0 0 0 data 9 0x80002 0x1e5aa 0xb0007 0x2edc 0x38 0x1b709 0xf0003 0x1b71e 0x18 oops 0
ciMethodData java/util/ArrayList$Itr next ()Ljava/lang/Object; 2 5659 orig 264 8 193 4 119 0 0 0 0 152 32 219 20 0 0 0 0 232 1 0 0 96 0 0 0 0 0 0 0 0 0 0 0 0 0 0 0 0 0 0 0 0 0 0 0 0 0 0 0 0 0 0 0 0 0 0 0 0 0 0 0 0 0 0 0 0 0 0 0 0 0 0 0 0 0 0 0 0 0 0 0 77 68 79 32 101 120 116 114 97 32 100 97 116 97 32 108 111 99 107 0 0 0 0 0 0 0 0 0 0 0 0 0 0 0 0 0 0 0 0 0 0 0 0 0 0 0 0 0 0 0 0 0 0 0 0 0 0 0 0 0 0 0 0 0 0 0 0 0 0 0 0 0 0 0 0 0 0 0 0 0 0 0 0 0 0 0 0 0 0 0 0 0 0 0 0 0 0 0 0 0 0 0 0 0 0 0 0 0 0 0 0 0 0 0 0 0 0 0 0 0 0 0 0 0 0 0 0 0 0 0 0 0 0 0 0 0 179 1 0 0 65 163 0 0 1 0 0 0 0 0 0 0 0 0 0 0 2 0 0 0 0 0 10 0 2 0 0 0 160 0 0 0 255 255 255 255 5 0 1 0 0 0 0 0 data 20 0x10005 0x30 0x17e990b0 0x143a 0x0 0x0 0xe0002 0x146c 0x110007 0x146c 0x30 0x0 0x180002 0x0 0x270007 0x146c 0x30 0x0 0x2e0002 0x0 oops 1 2 java/util/ArrayList$Itr
ciMethodData java/util/ArrayList$Itr checkForComodification ()V 2 5661 orig 264 8 193 4 119 0 0 0 0 40 35 219 20 0 0 0 0 80 1 0 0 0 0 0 0 0 0 0 0 0 0 0 0 0 0 0 0 0 0 0 0 0 0 0 0 0 0 0 0 0 0 0 0 0 0 0 0 0 0 0 0 0 0 0 0 0 0 0 0 0 0 0 0 0 0 0 0 0 0 0 0 77 68 79 32 101 120 116 114 97 32 100 97 116 97 32 108 111 99 107 0 0 0 0 0 0 0 0 0 0 0 0 0 0 0 0 0 0 0 0 0 0 0 0 0 0 0 0 0 0 0 0 0 0 0 0 0 0 0 0 0 0 0 0 0 0 0 0 0 0 0 0 0 0 0 0 0 0 0 0 0 0 0 0 0 0 0 0 0 0 0 0 0 0 0 0 0 0 0 0 0 0 0 0 0 0 0 0 0 0 0 0 0 0 0 0 0 0 0 0 0 0 0 0 0 0 0 0 0 0 0 0 0 0 0 0 0 187 1 0 0 9 163 0 0 1 0 0 0 0 0 0 0 0 0 0 0 2 0 0 0 0 0 5 0 2 0 0 0 48 0 0 0 255 255 255 255 7 0 11 0 0 0 0 0 data 6 0xb0007 0x1462 0x30 0x0 0x120002 0x0 oops 0
ciMethodData java/util/ArrayList iterator ()Ljava/util/Iterator; 2 25516 orig 264 8 193 4 119 0 0 0 0 64 233 186 20 0 0 0 0 48 1 0 0 0 0 0 0 0 0 0 0 0 0 0 0 0 0 0 0 0 0 0 0 0 0 0 0 0 0 0 0 0 0 0 0 0 0 0 0 0 0 0 0 0 0 0 0 0 0 0 0 0 0 0 0 0 0 0 0 0 0 0 0 77 68 79 32 101 120 116 114 97 32 100 97 116 97 32 108 111 99 107 0 0 0 0 0 0 0 0 0 0 0 0 0 0 0 0 0 0 0 0 0 0 0 0 0 0 0 0 0 0 0 0 0 0 0 0 0 0 0 0 0 0 0 0 0 0 0 0 0 0 0 0 0 0 0 0 0 0 0 0 0 0 0 0 0 0 0 0 0 0 0 0 0 0 0 0 0 0 0 0 0 0 0 0 0 0 0 0 0 0 0 0 0 0 0 0 0 0 0 0 0 0 0 0 0 0 0 0 0 0 0 0 0 0 0 0 0 2 1 0 0 81 21 3 0 1 0 0 0 0 0 0 0 0 0 0 0 2 0 0 0 0 0 3 0 2 0 0 0 16 0 0 0 255 255 255 255 2 0 6 0 0 0 0 0 data 2 0x60002 0x62ab oops 0
ciMethodData java/util/ArrayList$Itr <init> (Ljava/util/ArrayList;Ljava/util/ArrayList$1;)V 2 27463 orig 264 8 193 4 119 0 0 0 0 192 35 219 20 0 0 0 0 64 1 0 0 0 0 0 0 0 0 0 0 0 0 0 0 0 0 0 0 0 0 0 0 0 0 0 0 0 0 0 0 0 0 0 0 0 0 0 0 0 0 0 0 0 0 0 0 0 0 0 0 0 0 0 0 0 0 0 0 0 0 0 0 77 68 79 32 101 120 116 114 97 32 100 97 116 97 32 108 111 99 107 0 0 0 0 0 0 0 0 0 0 0 0 0 0 0 0 0 0 0 0 0 0 0 0 0 0 0 0 0 0 0 0 0 0 0 0 0 0 0 0 0 0 0 0 0 0 0 0 0 0 0 0 0 0 0 0 0 0 0 0 0 0 0 0 0 0 0 0 0 0 0 0 0 0 0 0 0 0 0 0 0 0 0 0 0 1 0 0 0 0 0 0 0 4 0 0 0 0 0 0 0 5 0 0 0 0 0 0 0 0 0 0 0 0 0 0 0 2 1 0 0 41 82 3 0 1 0 0 0 0 0 0 0 0 0 0 0 2 0 0 0 0 0 3 0 2 0 0 0 16 0 0 0 255 255 255 255 2 0 2 0 0 0 0 0 data 2 0x20002 0x6a45 oops 0
ciMethodData java/util/ArrayList$Itr <init> (Ljava/util/ArrayList;)V 2 27462 orig 264 8 193 4 119 0 0 0 0 16 31 219 20 0 0 0 0 56 1 0 0 0 0 0 0 0 0 0 0 0 0 0 0 0 0 0 0 0 0 0 0 0 0 0 0 0 0 0 0 0 0 0 0 0 0 0 0 0 0 0 0 0 0 0 0 0 0 0 0 0 0 0 0 0 0 0 0 0 0 0 0 77 68 79 32 101 120 116 114 97 32 100 97 116 97 32 108 111 99 107 0 0 0 0 0 0 0 0 0 0 0 0 0 0 0 0 0 0 0 0 0 0 0 0 0 0 0 0 0 0 0 0 0 0 0 0 0 0 0 0 0 0 0 0 0 0 0 0 0 0 0 0 0 0 0 0 0 0 0 0 0 0 0 0 0 0 0 0 0 0 0 0 0 0 0 0 0 0 0 0 0 0 0 0 0 1 0 0 0 0 0 0 0 0 0 0 0 0 0 0 0 1 0 0 0 0 0 0 0 0 0 0 0 0 0 0 0 2 1 0 0 33 82 3 0 1 0 0 0 0 0 0 0 0 0 0 0 2 0 0 0 0 0 0 0 0 0 0 0 16 0 0 0 255 255 255 255 2 0 6 0 0 0 0 0 data 2 0x60002 0x6a49 oops 0
ciMethodData java/lang/Object equals (Ljava/lang/Object;)Z 2 6167 orig 264 8 193 4 119 0 0 0 0 232 6 174 20 0 0 0 0 136 1 0 0 0 0 0 0 0 0 0 0 0 0 0 0 0 0 0 0 0 0 0 0 0 0 0 0 0 0 0 0 0 0 0 0 0 0 0 0 0 0 0 0 0 0 0 0 0 0 0 0 0 0 0 0 0 0 0 0 0 0 0 0 77 68 79 32 101 120 116 114 97 32 100 97 116 97 32 108 111 99 107 0 0 0 0 0 0 0 0 0 0 0 0 0 0 0 0 0 0 0 0 0 0 0 0 0 0 0 0 0 0 0 0 0 0 0 0 0 0 0 0 0 0 0 0 0 0 0 0 0 0 0 0 0 0 0 0 0 0 0 0 0 0 0 0 0 0 0 0 0 0 0 0 0 0 0 0 0 0 0 0 0 0 0 0 0 0 0 0 0 0 0 0 0 0 0 0 0 0 0 0 0 0 0 0 0 0 0 0 0 0 0 0 0 0 0 0 0 0 2 0 0 185 176 0 0 1 0 0 0 0 0 0 0 0 0 0 0 2 0 0 0 0 0 6 0 2 0 0 0 56 0 0 0 255 255 255 255 7 0 2 0 0 0 0 0 data 7 0x20007 0xd49 0x38 0x8ce 0x60003 0x8ce 0x18 oops 0
ciMethodData java/util/HashSet add (Ljava/lang/Object;)Z 2 4651 orig 264 8 193 4 119 0 0 0 0 8 5 204 20 0 0 0 0 184 1 0 0 0 0 0 0 0 0 0 0 0 0 0 0 0 0 0 0 0 0 0 0 0 0 0 0 0 0 0 0 0 0 0 0 0 0 0 0 0 0 0 0 0 0 0 0 0 0 0 0 0 0 0 0 0 0 0 0 0 0 0 0 77 68 79 32 101 120 116 114 97 32 100 97 116 97 32 108 111 99 107 0 0 0 0 0 0 0 0 0 0 0 0 0 0 0 0 0 0 0 0 0 0 0 0 0 0 0 0 0 0 0 0 0 0 0 0 0 0 0 0 0 0 0 0 0 0 0 0 0 0 0 0 0 0 0 0 0 0 0 0 0 0 0 0 0 0 0 0 0 0 0 0 0 0 0 0 0 0 0 0 0 0 0 0 0 0 0 0 0 0 0 0 0 0 0 0 0 0 0 0 0 0 0 0 0 0 0 0 0 0 0 0 0 0 0 0 0 0 2 0 0 89 129 0 0 1 0 0 0 0 0 0 0 0 0 0 0 2 0 0 0 0 0 6 0 2 0 0 0 104 0 0 0 255 255 255 255 5 0 8 0 0 0 0 0 data 13 0x80005 0x0 0x16980ca0 0x102b 0x0 0x0 0xb0007 0x598 0x38 0xa93 0xf0003 0xa93 0x18 oops 1 2 java/util/HashMap
ciMethodData java/util/HashMap afterNodeAccess (Ljava/util/HashMap$Node;)V 1 886 orig 264 8 193 4 119 0 0 0 0 72 140 188 20 0 0 0 0 40 1 0 0 0 0 0 0 0 0 0 0 0 0 0 0 0 0 0 0 0 0 0 0 0 0 0 0 0 0 0 0 0 0 0 0 0 0 0 0 0 0 0 0 0 0 0 0 0 0 0 0 0 0 0 0 0 0 0 0 0 0 0 0 77 68 79 32 101 120 116 114 97 32 100 97 116 97 32 108 111 99 107 0 0 0 0 0 0 0 0 0 0 0 0 0 0 0 0 0 0 0 0 0 0 0 0 0 0 0 0 0 0 0 0 0 0 0 0 0 0 0 0 0 0 0 0 0 0 0 0 0 0 0 0 0 0 0 0 0 0 0 0 0 0 0 0 0 0 0 0 0 0 0 0 0 0 0 0 0 0 0 0 0 0 0 0 0 0 0 0 0 0 0 0 0 0 0 0 0 0 0 0 0 0 0 0 0 0 0 0 0 0 0 0 0 0 0 0 0 0 2 0 0 177 11 0 0 1 0 0 0 0 0 0 0 0 0 0 0 2 0 0 0 0 0 0 0 0 0 0 0 0 0 0 0 255 255 255 255 0 0 0 0 0 0 0 0 data 0 oops 0
ciMethod com/android/dx/rop/cst/Constant compareTo (Lcom/android/dx/rop/cst/Constant;)I 3425 1 22396 0 480
ciMethod com/android/dx/rop/cst/Constant compareTo0 (Lcom/android/dx/rop/cst/Constant;)I 0 0 1 0 -1
ciMethod com/android/dx/rop/type/TypeBearer getType ()Lcom/android/dx/rop/type/Type; 0 0 1 0 -1
ciMethod com/android/dx/rop/type/TypeBearer getBasicFrameType ()I 0 0 1 0 -1
ciMethod com/android/dx/rop/cst/CstString compareTo0 (Lcom/android/dx/rop/cst/Constant;)I 4097 1 12222 0 416
ciMethod com/android/dx/util/MutabilityControl <init> (Z)V 2217 1 18576 0 0
ciMethod com/android/dx/util/MutabilityControl setImmutable ()V 2737 1 31774 0 0
ciMethod com/android/dx/util/MutabilityControl throwIfImmutable ()V 2193 1 73682 0 64
ciMethod com/android/dx/rop/type/Type getType ()Lcom/android/dx/rop/type/Type; 2049 1 3700 0 0
ciMethod com/android/dx/util/FixedSizeList <init> (I)V 2153 1 5452 0 256
ciMethod com/android/dx/util/FixedSizeList equals (Ljava/lang/Object;)Z 4097 1 5632 0 2208
ciMethod com/android/dx/util/FixedSizeList size ()I 3849 1 83332 0 0
ciMethod com/android/dx/util/FixedSizeList get0 (I)Ljava/lang/Object; 2097 1 6615 0 128
ciMethod com/android/dx/util/FixedSizeList set0 (ILjava/lang/Object;)V 2177 1 33294 0 224
ciMethod com/android/dx/util/FixedSizeList throwIndex (I)Ljava/lang/Object; 0 0 1 0 -1
ciMethodData com/android/dx/util/MutabilityControl throwIfImmutable ()V 2 73700 orig 264 8 193 4 119 0 0 0 0 16 120 242 20 0 0 0 0 80 1 0 0 0 0 0 0 0 0 0 0 0 0 0 0 0 0 0 0 0 0 0 0 0 0 0 0 0 0 0 0 0 0 0 0 0 0 0 0 0 0 0 0 0 0 0 0 0 0 0 0 0 0 0 0 0 0 0 0 0 0 0 0 77 68 79 32 101 120 116 114 97 32 100 97 116 97 32 108 111 99 107 0 0 0 0 0 0 0 0 0 0 0 0 0 0 0 0 0 0 0 0 0 0 0 0 0 0 0 0 0 0 0 0 0 0 0 0 0 0 0 0 0 0 0 0 0 0 0 0 0 0 0 0 0 0 0 0 0 0 0 0 0 0 0 0 0 0 0 0 0 0 0 0 0 0 0 0 0 0 0 0 0 0 0 0 0 0 0 0 0 0 0 0 0 0 0 0 0 0 0 0 0 0 0 0 0 0 0 0 0 0 0 0 0 0 0 0 0 18 1 0 0 145 246 8 0 1 0 0 0 0 0 0 0 0 0 0 0 2 0 0 0 0 0 5 0 2 0 0 0 48 0 0 0 255 255 255 255 7 0 4 0 0 0 0 0 data 6 0x40007 0x11ed9 0x30 0x0 0xd0002 0x0 oops 0
ciMethodData com/android/dx/util/FixedSizeList set0 (ILjava/lang/Object;)V 2 33313 orig 264 8 193 4 119 0 0 0 0 0 49 243 20 0 0 0 0 224 1 0 0 0 0 0 0 0 0 0 0 0 0 0 0 0 0 0 0 0 0 0 0 0 0 0 0 0 0 0 0 0 0 0 0 0 0 0 0 0 0 0 0 0 0 0 0 0 0 0 0 0 0 0 0 0 0 0 0 0 0 0 0 77 68 79 32 101 120 116 114 97 32 100 97 116 97 32 108 111 99 107 0 0 0 0 0 0 0 0 0 0 0 0 0 0 0 0 0 0 0 0 0 0 0 0 0 0 0 0 0 0 0 0 0 0 0 0 0 0 0 0 0 0 0 0 0 0 0 0 0 0 0 0 0 0 0 0 0 0 0 0 0 0 0 0 0 0 0 0 0 0 0 0 0 0 0 0 0 0 0 0 0 0 0 0 0 0 0 0 0 0 0 0 0 0 0 0 0 0 0 0 0 0 0 0 0 0 0 0 0 0 0 0 0 0 0 0 0 15 1 0 0 129 8 4 0 1 0 0 0 0 0 0 0 0 0 0 0 2 0 0 0 0 0 11 0 2 0 0 0 136 0 0 0 255 255 255 255 5 0 1 0 0 0 0 0 data 17 0x10005 0x782c 0x180f13f0 0x10e 0x180f14a0 0x7e1 0xa0104 0x0 0x180f1550 0x73 0x180f1600 0x4d 0xb0003 0x8113 0x28 0x110002 0x0 oops 4 2 com/android/dx/cf/iface/StdAttributeList 4 com/android/dx/rop/type/StdTypeList 8 com/android/dx/cf/code/LineNumberList$Item 10 com/android/dx/cf/attrib/AttLineNumberTable
ciMethodData com/android/dx/util/FixedSizeList <init> (I)V 2 5452 orig 264 8 193 4 119 0 0 0 0 0 39 243 20 0 0 0 0 152 1 0 0 56 0 0 0 0 0 0 0 0 0 0 0 0 0 0 0 0 0 0 0 0 0 0 0 0 0 0 0 0 0 0 0 0 0 0 0 0 0 0 0 0 0 0 0 0 0 0 0 0 0 0 0 0 0 0 0 0 0 0 0 77 68 79 32 101 120 116 114 97 32 100 97 116 97 32 108 111 99 107 0 0 0 0 0 0 0 0 0 0 0 0 0 0 0 0 0 0 0 0 0 0 0 0 0 0 0 0 0 0 0 0 0 0 0 0 0 0 0 0 0 0 0 0 0 0 0 0 0 0 0 0 0 0 0 0 0 0 0 0 0 0 0 0 0 0 0 0 0 0 0 0 0 0 0 0 0 0 0 0 0 0 0 0 0 0 0 0 0 0 0 0 0 0 0 0 0 0 0 0 0 0 0 0 0 0 0 0 0 0 0 0 0 0 0 0 0 13 1 0 0 249 161 0 0 1 0 0 0 0 0 0 0 0 0 0 0 2 0 0 0 0 0 10 0 2 0 0 0 112 0 0 0 255 255 255 255 7 0 2 0 0 0 0 0 data 14 0x20007 0x743 0x38 0xcfd 0x60003 0xcfd 0x18 0xa0002 0x1441 0x150003 0x1440 0x28 0x1f0002 0x0 oops 0
ciMethodData com/android/dx/util/MutabilityControl <init> (Z)V 2 18576 orig 264 8 193 4 119 0 0 0 0 88 117 242 20 0 0 0 0 56 1 0 0 0 0 0 0 0 0 0 0 0 0 0 0 0 0 0 0 0 0 0 0 0 0 0 0 0 0 0 0 0 0 0 0 0 0 0 0 0 0 0 0 0 0 0 0 0 0 0 0 0 0 0 0 0 0 0 0 0 0 0 0 77 68 79 32 101 120 116 114 97 32 100 97 116 97 32 108 111 99 107 0 0 0 0 0 0 0 0 0 0 0 0 0 0 0 0 0 0 0 0 0 0 0 0 0 0 0 0 0 0 0 0 0 0 0 0 0 0 0 0 0 0 0 0 0 0 0 0 0 0 0 0 0 0 0 0 0 0 0 0 0 0 0 0 0 0 0 0 0 0 0 0 0 0 0 0 0 0 0 0 0 0 0 0 0 0 0 0 0 0 0 0 0 0 0 0 0 0 0 0 0 0 0 0 0 0 0 0 0 0 0 0 0 0 0 0 0 21 1 0 0 217 59 2 0 1 0 0 0 0 0 0 0 0 0 0 0 2 0 0 0 0 0 3 0 2 0 0 0 16 0 0 0 255 255 255 255 2 0 1 0 0 0 0 0 data 2 0x10002 0x477e oops 0
ciMethodData com/android/dx/util/MutabilityControl setImmutable ()V 2 32195 orig 264 8 193 4 119 0 0 0 0 0 118 242 20 0 0 0 0 32 1 0 0 0 0 0 0 0 0 0 0 0 0 0 0 0 0 0 0 0 0 0 0 0 0 0 0 0 0 0 0 0 0 0 0 0 0 0 0 0 0 0 0 0 0 0 0 0 0 0 0 0 0 0 0 0 0 0 0 0 0 0 0 77 68 79 32 101 120 116 114 97 32 100 97 116 97 32 108 111 99 107 0 0 0 0 0 0 0 0 0 0 0 0 0 0 0 0 0 0 0 0 0 0 0 0 0 0 0 0 0 0 0 0 0 0 0 0 0 0 0 0 0 0 0 0 0 0 0 0 0 0 0 0 0 0 0 0 0 0 0 0 0 0 0 0 0 0 0 0 0 0 0 0 0 0 0 0 0 0 0 0 0 0 0 0 0 0 0 0 0 0 0 0 0 0 0 0 0 0 0 0 0 0 0 0 0 0 0 0 0 0 0 0 0 0 0 0 0 86 1 0 0 105 227 3 0 1 0 0 0 0 0 0 0 0 0 0 0 2 0 0 0 0 0 3 0 1 0 0 0 0 0 0 0 255 255 255 255 0 0 0 0 0 0 0 0 data 0 oops 0
ciMethodData com/android/dx/util/FixedSizeList size ()I 2 83334 orig 264 8 193 4 119 0 0 0 0 176 44 243 20 0 0 0 0 32 1 0 0 0 0 0 0 0 0 0 0 0 0 0 0 0 0 0 0 0 0 0 0 0 0 0 0 0 0 0 0 0 0 0 0 0 0 0 0 0 0 0 0 0 0 0 0 0 0 0 0 0 0 0 0 0 0 0 0 0 0 0 0 77 68 79 32 101 120 116 114 97 32 100 97 116 97 32 108 111 99 107 0 0 0 0 0 0 0 0 0 0 0 0 0 0 0 0 0 0 0 0 0 0 0 0 0 0 0 0 0 0 0 0 0 0 0 0 0 0 0 0 0 0 0 0 0 0 0 0 0 0 0 0 0 0 0 0 0 0 0 0 0 0 0 0 0 0 0 0 0 0 0 0 0 0 0 0 0 0 0 0 0 0 0 0 0 1 0 0 0 0 0 0 0 0 0 0 0 0 0 0 0 1 0 0 0 0 0 0 0 0 0 0 0 0 0 0 0 225 1 0 0 41 29 10 0 1 0 0 0 0 0 0 0 0 0 0 0 2 0 0 0 0 0 3 0 1 0 0 0 0 0 0 0 255 255 255 255 0 0 0 0 0 0 0 0 data 0 oops 0
ciMethod com/android/dx/rop/code/Insn <init> (Lcom/android/dx/rop/code/Rop;Lcom/android/dx/rop/code/SourcePosition;Lcom/android/dx/rop/code/RegisterSpec;Lcom/android/dx/rop/code/RegisterSpecList;)V 4097 1 5710 0 192
ciMethod com/android/dx/rop/code/Insn getOpcode ()Lcom/android/dx/rop/code/Rop; 1217 1 152 0 0
ciMethod com/android/dx/rop/code/Insn getResult ()Lcom/android/dx/rop/code/RegisterSpec; 1105 1 138 0 0
ciMethod com/android/dx/rop/code/Insn getSources ()Lcom/android/dx/rop/code/RegisterSpecList; 1921 1 240 0 0
ciMethod com/android/dx/rop/code/Insn withNewRegisters (Lcom/android/dx/rop/code/RegisterSpec;Lcom/android/dx/rop/code/RegisterSpecList;)Lcom/android/dx/rop/code/Insn; 0 0 1 0 -1
ciMethod com/android/dx/rop/code/PlainInsn <init> (Lcom/android/dx/rop/code/Rop;Lcom/android/dx/rop/code/SourcePosition;Lcom/android/dx/rop/code/RegisterSpec;Lcom/android/dx/rop/code/RegisterSpecList;)V 4097 1 11593 0 0
ciMethod com/android/dx/rop/code/LocalItem equals (Ljava/lang/Object;)Z 521 1 11280 0 0
ciMethod com/android/dx/rop/code/LocalItem compareHandlesNulls (Lcom/android/dx/rop/cst/CstString;Lcom/android/dx/rop/cst/CstString;)I 4033 1 12849 0 0
ciMethod com/android/dx/rop/code/LocalItem compareTo (Lcom/android/dx/rop/code/LocalItem;)I 209 1 11121 0 0
ciMethod com/android/dx/rop/code/RegisterSpec intern (ILcom/android/dx/rop/type/TypeBearer;Lcom/android/dx/rop/code/LocalItem;)Lcom/android/dx/rop/code/RegisterSpec; 4097 1 17537 0 3936
ciMethod com/android/dx/rop/code/RegisterSpec make (ILcom/android/dx/rop/type/TypeBearer;Lcom/android/dx/rop/code/LocalItem;)Lcom/android/dx/rop/code/RegisterSpec; 177 1 178 0 0
ciMethod com/android/dx/rop/code/RegisterSpec makeLocalOptional (ILcom/android/dx/rop/type/TypeBearer;Lcom/android/dx/rop/code/LocalItem;)Lcom/android/dx/rop/code/RegisterSpec; 4097 1 14243 0 0
ciMethod com/android/dx/rop/code/RegisterSpec getType ()Lcom/android/dx/rop/type/Type; 4097 1 4233 0 0
ciMethod com/android/dx/rop/code/RegisterSpec getReg ()I 1105 1 138 0 0
ciMethod com/android/dx/rop/code/RegisterSpec getLocalItem ()Lcom/android/dx/rop/code/LocalItem; 1425 1 178 0 0
ciMethod com/android/dx/rop/code/RegisterSpec withReg (I)Lcom/android/dx/rop/code/RegisterSpec; 4097 1 11364 0 0
ciMethod com/android/dx/rop/code/RegisterSpec withLocalItem (Lcom/android/dx/rop/code/LocalItem;)Lcom/android/dx/rop/code/RegisterSpec; 73 1 70 0 0
ciMethod com/android/dx/rop/code/RegisterSpec$ForComparison set (ILcom/android/dx/rop/type/TypeBearer;Lcom/android/dx/rop/code/LocalItem;)V 2081 1 15784 0 -1
ciMethod com/android/dx/rop/code/RegisterSpec$ForComparison toRegisterSpec ()Lcom/android/dx/rop/code/RegisterSpec; 2281 1 2956 0 -1
ciMethod com/android/dx/rop/code/Rops opMarkLocal (Lcom/android/dx/rop/type/TypeBearer;)Lcom/android/dx/rop/code/Rop; 257 1 178 0 0
ciMethod com/android/dx/rop/code/Rops throwBadType (Lcom/android/dx/rop/type/TypeBearer;)Lcom/android/dx/rop/code/Rop; 0 0 1 0 -1
ciMethod com/android/dx/rop/code/Rop getOpcode ()I 2137 1 267 0 0
ciMethod com/android/dx/rop/code/Rop getBranchingness ()I 1233 1 154 0 0
ciMethodData com/android/dx/util/FixedSizeList get0 (I)Ljava/lang/Object; 2 6615 orig 264 8 193 4 119 0 0 0 0 72 47 243 20 0 0 0 0 48 2 0 0 192 0 0 0 0 0 0 0 0 0 0 0 0 0 0 0 0 0 0 0 0 0 0 0 0 0 0 0 0 0 0 0 0 0 0 0 0 0 0 0 0 0 0 0 0 0 0 0 0 0 0 0 0 0 0 0 0 0 0 0 77 68 79 32 101 120 116 114 97 32 100 97 116 97 32 108 111 99 107 0 0 0 0 0 0 0 0 0 0 0 0 0 0 0 0 0 0 0 0 0 0 0 0 0 0 0 0 0 0 0 0 0 0 0 0 0 0 0 0 0 0 0 0 0 0 0 0 0 0 0 0 0 0 0 0 0 0 0 0 0 0 0 0 0 0 0 0 0 0 0 0 0 0 0 0 0 0 0 0 0 0 0 0 0 25 0 0 0 0 0 0 0 0 0 0 0 0 0 0 0 1 0 0 0 0 0 0 0 0 0 0 0 0 0 0 0 6 1 0 0 137 198 0 0 1 0 0 0 0 0 0 0 0 0 0 0 2 0 0 0 0 0 9 0 2 0 0 0 224 0 0 0 255 255 255 255 7 0 8 0 0 0 0 0 data 28 0x80007 0x18d3 0xd0 0x0 0x130002 0x0 0x180005 0x0 0x0 0x0 0x0 0x0 0x1c0005 0x0 0x0 0x0 0x0 0x0 0x1f0005 0x0 0x0 0x0 0x0 0x0 0x220002 0x0 0x2b0002 0x0 oops 0
ciMethodData com/android/dx/rop/cst/Constant compareTo (Lcom/android/dx/rop/cst/Constant;)I 2 22396 orig 264 8 193 4 119 0 0 0 0 144 141 239 20 0 0 0 0 144 2 0 0 224 0 0 0 0 0 0 0 0 0 0 0 0 0 0 0 0 0 0 0 0 0 0 0 0 0 0 0 0 0 0 0 0 0 0 0 0 0 0 0 0 0 0 0 0 0 0 0 0 0 0 0 0 0 0 0 0 0 0 0 77 68 79 32 101 120 116 114 97 32 100 97 116 97 32 108 111 99 107 0 0 0 0 0 0 0 0 0 0 0 0 0 0 0 0 0 0 0 0 0 0 0 0 0 0 0 0 0 0 0 0 0 0 0 0 0 0 0 0 0 0 0 0 0 0 0 0 0 0 0 0 0 0 0 0 0 0 0 0 0 0 0 0 0 0 0 0 0 0 0 0 0 0 0 0 0 0 0 0 0 0 0 0 0 0 0 0 0 0 0 0 0 0 0 0 0 0 0 0 0 0 0 0 0 0 0 0 0 0 0 0 0 0 0 0 0 172 1 0 0 129 174 2 0 1 0 0 0 0 0 0 0 0 0 0 0 2 0 0 0 0 0 13 0 2 0 0 0 64 1 0 0 255 255 255 255 5 0 1 0 0 0 0 0 data 40 0x10005 0x1b54 0x17fb4af0 0x1096 0x17fb4ba0 0x29e8 0x60005 0x1b55 0x17fb4af0 0x1096 0x17fb4ba0 0x29e8 0xc0007 0x55d2 0xb0 0x1 0x100005 0x0 0x2d88ca0 0x1 0x0 0x0 0x140005 0x0 0x2d88ca0 0x1 0x0 0x0 0x170005 0x0 0x2d88c10 0x1 0x0 0x0 0x1d0005 0x10cd 0x17fb4af0 0x1096 0x17fb4ba0 0x29e8 oops 9 2 com/android/dx/rop/cst/CstMethodRef 4 com/android/dx/rop/cst/CstType 8 com/android/dx/rop/cst/CstMethodRef 10 com/android/dx/rop/cst/CstType 18 java/lang/Class 24 java/lang/Class 30 java/lang/String 36 com/android/dx/rop/cst/CstMethodRef 38 com/android/dx/rop/cst/CstType
ciMethod com/android/dx/rop/code/RegisterSpecList make (Lcom/android/dx/rop/code/RegisterSpec;)Lcom/android/dx/rop/code/RegisterSpecList; 1297 1 627 0 0
ciMethod com/android/dx/rop/code/RegisterSpecList <init> (I)V 2065 1 10175 0 256
ciMethod com/android/dx/rop/code/RegisterSpecList get (I)Lcom/android/dx/rop/code/RegisterSpec; 2265 1 27077 0 160
ciMethod com/android/dx/rop/code/RegisterSpecList set (ILcom/android/dx/rop/code/RegisterSpec;)V 4097 1 9723 0 0
ciMethod com/android/dx/ssa/Optimizer getPreserveLocals ()Z 4097 1 6052 0 0
ciMethod com/android/dx/ssa/SsaMethod onSourcesChanged (Lcom/android/dx/ssa/SsaInsn;Lcom/android/dx/rop/code/RegisterSpecList;)V 2953 33 2265 0 0
ciMethod com/android/dx/ssa/SsaMethod removeFromUseList (Lcom/android/dx/ssa/SsaInsn;Lcom/android/dx/rop/code/RegisterSpecList;)V 833 1897 867 0 0
ciMethod com/android/dx/ssa/SsaMethod forEachInsn (Lcom/android/dx/ssa/SsaInsn$Visitor;)V 1457 16201 1710 0 -1
ciMethod com/android/dx/ssa/SsaMethod access$000 (Lcom/android/dx/ssa/SsaMethod;)[Lcom/android/dx/ssa/SsaInsn; 1465 1 183 0 -1
ciMethod com/android/dx/ssa/SsaInsn <init> (Lcom/android/dx/rop/code/RegisterSpec;Lcom/android/dx/ssa/SsaBasicBlock;)V 4417 1 8951 0 0
ciMethod com/android/dx/ssa/SsaInsn makeFromRop (Lcom/android/dx/rop/code/Insn;Lcom/android/dx/ssa/SsaBasicBlock;)Lcom/android/dx/ssa/SsaInsn; 337 1 265 0 0
ciMethod com/android/dx/ssa/SsaInsn getResult ()Lcom/android/dx/rop/code/RegisterSpec; 1153 1 144 0 0
ciMethod com/android/dx/ssa/SsaInsn getSources ()Lcom/android/dx/rop/code/RegisterSpecList; 0 0 1 0 -1
ciMethod com/android/dx/ssa/SsaInsn getBlock ()Lcom/android/dx/ssa/SsaBasicBlock; 1025 1 128 0 0
ciMethod com/android/dx/ssa/SsaInsn changeResultReg (I)V 1449 1 2972 0 -1
ciMethod com/android/dx/ssa/SsaInsn accept (Lcom/android/dx/ssa/SsaInsn$Visitor;)V 0 0 1 0 -1
ciMethod com/android/dx/ssa/NormalSsaInsn <init> (Lcom/android/dx/rop/code/Insn;Lcom/android/dx/ssa/SsaBasicBlock;)V 4097 1 8163 0 0
ciMethod com/android/dx/ssa/NormalSsaInsn mapSourceRegisters (Lcom/android/dx/ssa/RegisterMapper;)V 4097 1 7388 0 1856
ciMethod com/android/dx/ssa/NormalSsaInsn getSources ()Lcom/android/dx/rop/code/RegisterSpecList; 2169 1 14200 0 64
ciMethod com/android/dx/ssa/NormalSsaInsn isNormalMoveInsn ()Z 2705 1 6482 0 96
ciMethod com/android/dx/ssa/NormalSsaInsn accept (Lcom/android/dx/ssa/SsaInsn$Visitor;)V 2105 1 5667 0 192
ciMethod com/android/dx/ssa/SsaInsn$Visitor visitMoveInsn (Lcom/android/dx/ssa/NormalSsaInsn;)V 0 0 1 0 -1
ciMethod com/android/dx/ssa/SsaInsn$Visitor visitPhiInsn (Lcom/android/dx/ssa/PhiInsn;)V 0 0 1 0 -1
ciMethod com/android/dx/ssa/SsaInsn$Visitor visitNonMoveInsn (Lcom/android/dx/ssa/NormalSsaInsn;)V 0 0 1 0 -1
ciMethod com/android/dx/ssa/SsaBasicBlock getParent ()Lcom/android/dx/ssa/SsaMethod; 1337 1 167 0 0
ciMethod com/android/dx/ssa/SsaBasicBlock forEachInsn (Lcom/android/dx/ssa/SsaInsn$Visitor;)V 2073 2625 5968 0 640
ciMethodData com/android/dx/rop/type/Type getType ()Lcom/android/dx/rop/type/Type; 2 3700 orig 264 8 193 4 119 0 0 0 0 224 175 242 20 0 0 0 0 32 1 0 0 0 0 0 0 0 0 0 0 0 0 0 0 0 0 0 0 0 0 0 0 0 0 0 0 0 0 0 0 0 0 0 0 0 0 0 0 0 0 0 0 0 0 0 0 0 0 0 0 0 0 0 0 0 0 0 0 0 0 0 0 77 68 79 32 101 120 116 114 97 32 100 97 116 97 32 108 111 99 107 0 0 0 0 0 0 0 0 0 0 0 0 0 0 0 0 0 0 0 0 0 0 0 0 0 0 0 0 0 0 0 0 0 0 0 0 0 0 0 0 0 0 0 0 0 0 0 0 0 0 0 0 0 0 0 0 0 0 0 0 0 0 0 0 0 0 0 0 0 0 0 0 0 0 0 0 0 0 0 0 0 0 0 0 0 0 0 0 0 0 0 0 0 0 0 0 0 0 0 0 0 0 0 0 0 0 0 0 0 0 0 0 0 0 0 0 0 0 1 0 0 161 107 0 0 1 0 0 0 0 0 0 0 0 0 0 0 2 0 0 0 0 0 3 0 1 0 0 0 0 0 0 0 255 255 255 255 0 0 0 0 0 0 0 0 data 0 oops 0
ciMethod com/android/dx/ssa/SsaRenamer getLocalForNewReg (I)Lcom/android/dx/rop/code/LocalItem; 3169 1 1811 0 0
ciMethod com/android/dx/ssa/SsaRenamer setNameForSsaReg (Lcom/android/dx/rop/code/RegisterSpec;)V 2761 4841 2137 0 0
ciMethod com/android/dx/ssa/SsaRenamer equalsHandlesNulls (Ljava/lang/Object;Ljava/lang/Object;)Z 3161 1 1800 0 0
ciMethod com/android/dx/ssa/SsaRenamer access$100 (Lcom/android/dx/ssa/SsaRenamer;)I 1193 1 149 0 -1
ciMethod com/android/dx/ssa/SsaRenamer access$400 (Lcom/android/dx/ssa/SsaRenamer;Lcom/android/dx/rop/code/RegisterSpec;)V 2761 1 801 0 0
ciMethod com/android/dx/ssa/SsaRenamer access$500 (Lcom/android/dx/ssa/SsaRenamer;I)Lcom/android/dx/rop/code/LocalItem; 3169 1 1799 0 0
ciMethod com/android/dx/ssa/SsaRenamer access$600 (Ljava/lang/Object;Ljava/lang/Object;)Z 3161 1 1788 0 0
ciMethod com/android/dx/ssa/SsaRenamer access$700 (Lcom/android/dx/ssa/SsaRenamer;)I 1601 1 200 0 0
ciMethod com/android/dx/ssa/SsaRenamer access$800 (Lcom/android/dx/ssa/SsaRenamer;I)Z 2713 1 5918 0 -1
ciMethod com/android/dx/ssa/SsaRenamer access$108 (Lcom/android/dx/ssa/SsaRenamer;)I 1449 1 2986 0 -1
ciMethod com/android/dx/ssa/SsaRenamer$BlockRenamer addMapping (ILcom/android/dx/rop/code/RegisterSpec;)V 2529 24449 1811 0 1824
ciMethod com/android/dx/ssa/SsaRenamer$BlockRenamer visitMoveInsn (Lcom/android/dx/ssa/NormalSsaInsn;)V 3169 1 1799 0 0
ciMethod com/android/dx/ssa/SsaRenamer$BlockRenamer processResultReg (Lcom/android/dx/ssa/SsaInsn;)V 4097 1 6859 0 0
ciMethod com/android/dx/ssa/SsaRenamer$BlockRenamer access$200 (Lcom/android/dx/ssa/SsaRenamer$BlockRenamer;)[Lcom/android/dx/rop/code/RegisterSpec; 1313 1 164 0 0
ciMethod com/android/dx/ssa/RegisterMapper map (Lcom/android/dx/rop/code/RegisterSpec;)Lcom/android/dx/rop/code/RegisterSpec; 0 0 1 0 -1
ciMethod com/android/dx/ssa/RegisterMapper map (Lcom/android/dx/rop/code/RegisterSpecList;)Lcom/android/dx/rop/code/RegisterSpecList; 4097 1681 5908 0 960
ciMethod com/android/dx/ssa/SsaRenamer$BlockRenamer$RenamingMapper map (Lcom/android/dx/rop/code/RegisterSpec;)Lcom/android/dx/rop/code/RegisterSpec; 4161 1 4188 0 0
ciMethod com/android/dx/ssa/PhiInsn accept (Lcom/android/dx/ssa/SsaInsn$Visitor;)V 3569 1 446 0 0
ciMethod com/android/dx/ssa/SsaMethod$1 visitMoveInsn (Lcom/android/dx/ssa/NormalSsaInsn;)V 809 1 79 0 0
ciMethodData com/android/dx/ssa/NormalSsaInsn accept (Lcom/android/dx/ssa/SsaInsn$Visitor;)V 2 5667 orig 264 8 193 4 119 0 0 0 0 176 112 126 23 0 0 0 0 24 2 0 0 80 0 0 0 0 0 0 0 0 0 0 0 0 0 0 0 0 0 0 0 0 0 0 0 0 0 0 0 0 0 0 0 0 0 0 0 0 0 0 0 0 0 0 0 0 0 0 0 0 0 0 0 0 0 0 0 0 0 0 0 77 68 79 32 101 120 116 114 97 32 100 97 116 97 32 108 111 99 107 0 0 0 0 0 0 0 0 0 0 0 0 0 0 0 0 0 0 0 0 0 0 0 0 0 0 0 0 0 0 0 0 0 0 0 0 0 0 0 0 0 0 0 0 0 0 0 0 0 0 0 0 0 0 0 0 0 0 0 0 0 0 0 0 0 1 0 0 0 0 0 0 0 0 0 0 0 0 0 0 0 0 0 0 0 0 0 0 0 0 0 0 0 0 0 0 0 0 0 0 0 0 0 0 0 0 0 0 0 0 0 0 0 0 0 0 0 7 1 0 0 225 168 0 0 1 0 0 0 0 0 0 0 0 0 0 0 2 0 0 0 0 0 10 0 2 0 0 0 200 0 0 0 255 255 255 255 5 0 1 0 0 0 0 0 data 25 0x10005 0x0 0x17e31c00 0x151c 0x0 0x0 0x40007 0x148d 0x68 0x8e 0x94005 0x0 0x180e5c70 0x8d 0x180e5d20 0x2 0xe0003 0x8f 0x48 0x130005 0xf59 0x180e5dd0 0x22c 0x180e5d20 0x309 oops 5 2 com/android/dx/ssa/NormalSsaInsn 12 com/android/dx/ssa/SsaRenamer$BlockRenamer 14 com/android/dx/ssa/SsaMethod$1 21 com/android/dx/ssa/LiteralOpUpgrader$1 23 com/android/dx/ssa/SsaMethod$1
ciMethodData com/android/dx/ssa/NormalSsaInsn isNormalMoveInsn ()Z 2 6482 orig 264 8 193 4 119 0 0 0 0 96 110 126 23 0 0 0 0 224 1 0 0 0 0 0 0 0 0 0 0 0 0 0 0 0 0 0 0 0 0 0 0 0 0 0 0 0 0 0 0 0 0 0 0 0 0 0 0 0 0 0 0 0 0 0 0 0 0 0 0 0 0 0 0 0 0 0 0 0 0 0 0 77 68 79 32 101 120 116 114 97 32 100 97 116 97 32 108 111 99 107 0 0 0 0 0 0 0 0 0 0 0 0 0 0 0 0 0 0 0 0 0 0 0 0 0 0 0 0 0 0 0 0 0 0 0 0 0 0 0 0 0 0 0 0 0 0 0 0 0 0 0 0 0 0 0 0 0 0 0 0 0 0 0 0 0 0 0 0 0 0 0 0 0 0 0 0 0 0 0 0 0 0 0 0 0 0 0 0 0 0 0 0 0 0 0 0 0 0 0 0 0 0 0 0 0 0 0 0 0 0 0 0 0 0 0 0 0 82 1 0 0 1 192 0 0 1 0 0 0 0 0 0 0 0 0 0 0 2 0 0 0 0 0 6 0 2 0 0 0 152 0 0 0 255 255 255 255 5 0 4 0 0 0 0 0 data 19 0x40005 0x595 0x180e7c90 0x2d2 0x180e7d40 0xf98 0x70005 0x73 0x180e7330 0x178b 0x0 0x0 0xb0007 0x16eb 0x38 0x114 0xf0003 0x114 0x18 oops 3 2 com/android/dx/rop/code/PlainCstInsn 4 com/android/dx/rop/code/PlainInsn 8 com/android/dx/rop/code/Rop
ciMethodData com/android/dx/ssa/SsaBasicBlock forEachInsn (Lcom/android/dx/ssa/SsaInsn$Visitor;)V 2 8874 orig 264 8 193 4 119 0 0 0 0 240 213 126 23 0 0 0 0 72 2 0 0 0 0 0 0 0 0 0 0 0 0 0 0 0 0 0 0 0 0 0 0 0 0 0 0 0 0 0 0 0 0 0 0 0 0 0 0 0 0 0 0 0 0 0 0 0 0 0 0 0 0 0 0 0 0 0 0 0 0 0 0 77 68 79 32 101 120 116 114 97 32 100 97 116 97 32 108 111 99 107 0 0 0 0 0 0 0 0 0 0 0 0 0 0 0 0 0 0 0 0 0 0 0 0 0 0 0 0 0 0 0 0 0 0 0 0 0 0 0 0 0 0 0 0 0 0 0 0 0 0 0 0 0 0 0 0 0 0 0 0 0 0 0 0 0 0 0 0 0 0 0 0 0 0 0 0 0 0 0 0 0 0 0 0 0 17 0 0 0 0 0 0 0 0 0 0 0 0 0 0 0 1 0 0 0 0 0 0 0 0 0 0 0 0 0 0 0 72 1 0 0 105 178 0 0 17 11 1 0 0 0 0 0 0 0 0 0 2 0 0 0 1 0 10 0 2 0 0 0 248 0 0 0 255 255 255 255 5 0 4 0 0 0 0 0 data 31 0x40005 0x0 0x17e99000 0x164d 0x0 0x0 0xc0007 0x1649 0xc8 0x2162 0x140005 0x0 0x17e99000 0x2165 0x0 0x0 0x170004 0x0 0x17e31c00 0x1fa8 0x17e31cb0 0x1be 0x1b0005 0x0 0x17e31c00 0x1fa8 0x17e31cb0 0x1be 0x210003 0x2162 0xffffffffffffff50 oops 6 2 java/util/ArrayList 12 java/util/ArrayList 18 com/android/dx/ssa/NormalSsaInsn 20 com/android/dx/ssa/PhiInsn 24 com/android/dx/ssa/NormalSsaInsn 26 com/android/dx/ssa/PhiInsn
ciMethodData com/android/dx/ssa/NormalSsaInsn getSources ()Lcom/android/dx/rop/code/RegisterSpecList; 2 14200 orig 264 8 193 4 119 0 0 0 0 8 105 126 23 0 0 0 0 120 1 0 0 0 0 0 0 0 0 0 0 0 0 0 0 0 0 0 0 0 0 0 0 0 0 0 0 0 0 0 0 0 0 0 0 0 0 0 0 0 0 0 0 0 0 0 0 0 0 0 0 0 0 0 0 0 0 0 0 0 0 0 0 77 68 79 32 101 120 116 114 97 32 100 97 116 97 32 108 111 99 107 0 0 0 0 0 0 0 0 0 0 0 0 0 0 0 0 0 0 0 0 0 0 0 0 0 0 0 0 0 0 0 0 0 0 0 0 0 0 0 0 0 0 0 0 0 0 0 0 0 0 0 0 0 0 0 0 0 0 0 0 0 0 0 0 0 0 0 0 0 0 0 0 0 0 0 0 0 0 0 0 0 0 0 0 0 0 0 0 0 0 0 0 0 0 0 0 0 0 0 0 0 0 0 0 0 0 0 0 0 0 0 0 0 0 0 0 0 14 1 0 0 73 179 1 0 1 0 0 0 0 0 0 0 0 0 0 0 2 0 0 0 0 0 3 0 2 0 0 0 48 0 0 0 255 255 255 255 5 0 4 0 0 0 0 0 data 6 0x40005 0x27ba 0x180c9ba0 0xa1b 0x180e7c90 0x496 oops 2 2 com/android/dx/rop/code/ThrowingCstInsn 4 com/android/dx/rop/code/PlainCstInsn
ciMethodData com/android/dx/rop/code/RegisterSpecList get (I)Lcom/android/dx/rop/code/RegisterSpec; 2 27098 orig 264 8 193 4 119 0 0 0 0 176 49 125 23 0 0 0 0 176 1 0 0 0 0 0 0 0 0 0 0 0 0 0 0 0 0 0 0 0 0 0 0 0 0 0 0 0 0 0 0 0 0 0 0 0 0 0 0 0 0 0 0 0 0 0 0 0 0 0 0 0 0 0 0 0 0 0 0 0 0 0 0 77 68 79 32 101 120 116 114 97 32 100 97 116 97 32 108 111 99 107 0 0 0 0 0 0 0 0 0 0 0 0 0 0 0 0 0 0 0 0 0 0 0 0 0 0 0 0 0 0 0 0 0 0 0 0 0 0 0 0 0 0 0 0 0 0 0 0 0 0 0 0 0 0 0 0 0 0 0 0 0 0 0 0 0 0 0 0 0 0 0 0 0 0 0 0 0 0 0 0 0 0 0 0 0 17 0 0 0 0 0 0 0 0 0 0 0 0 0 0 0 1 0 0 0 0 0 0 0 0 0 0 0 0 0 0 0 27 1 0 0 249 69 3 0 1 0 0 0 0 0 0 0 0 0 0 0 2 0 0 0 0 0 3 0 2 0 0 0 96 0 0 0 255 255 255 255 5 0 2 0 0 0 0 0 data 12 0x20005 0x0 0x180ebe40 0x68c1 0x0 0x0 0x50004 0x0 0x180eba90 0x68bf 0x0 0x0 oops 2 2 com/android/dx/rop/code/RegisterSpecList 8 com/android/dx/rop/code/RegisterSpec
ciMethodData com/android/dx/rop/code/RegisterSpec$ForComparison set (ILcom/android/dx/rop/type/TypeBearer;Lcom/android/dx/rop/code/LocalItem;)V 2 15784 orig 264 8 193 4 119 0 0 0 0 40 57 252 20 0 0 0 0 56 1 0 0 0 0 0 0 0 0 0 0 0 0 0 0 0 0 0 0 0 0 0 0 0 0 0 0 0 0 0 0 0 0 0 0 0 0 0 0 0 0 0 0 0 0 0 0 0 0 0 0 0 0 0 0 0 0 0 0 0 0 0 0 77 68 79 32 101 120 116 114 97 32 100 97 116 97 32 108 111 99 107 0 0 0 0 0 0 0 0 0 0 0 0 0 0 0 0 0 0 0 0 0 0 0 0 0 0 0 0 0 0 0 0 0 0 0 0 0 0 0 0 0 0 0 0 0 0 0 0 0 0 0 0 0 0 0 0 0 0 0 0 0 0 0 0 0 0 0 0 0 0 0 0 0 0 0 0 0 0 0 0 0 0 0 0 0 0 0 0 0 0 0 0 0 0 0 0 0 0 0 0 0 0 0 0 0 0 0 0 0 0 0 0 0 0 0 0 0 4 1 0 0 33 229 1 0 1 0 0 0 0 0 0 0 0 0 0 0 2 0 0 0 0 0 3 0 1 0 0 0 0 0 0 0 255 255 255 255 0 0 0 0 0 0 0 0 data 0 oops 0
ciMethodData com/android/dx/rop/code/RegisterSpecList <init> (I)V 2 10180 orig 264 8 193 4 119 0 0 0 0 144 46 125 23 0 0 0 0 56 1 0 0 0 0 0 0 0 0 0 0 0 0 0 0 0 0 0 0 0 0 0 0 0 0 0 0 0 0 0 0 0 0 0 0 0 0 0 0 0 0 0 0 0 0 0 0 0 0 0 0 0 0 0 0 0 0 0 0 0 0 0 0 77 68 79 32 101 120 116 114 97 32 100 97 116 97 32 108 111 99 107 0 0 0 0 0 0 0 0 0 0 0 0 0 0 0 0 0 0 0 0 0 0 0 0 0 0 0 0 0 0 0 0 0 0 0 0 0 0 0 0 0 0 0 0 0 0 0 0 0 0 0 0 0 0 0 0 0 0 0 0 0 0 0 0 0 0 0 0 0 0 0 0 0 0 0 0 0 0 0 0 0 0 0 0 0 0 0 0 0 0 0 0 0 0 0 0 0 0 0 0 0 0 0 0 0 0 0 0 0 0 0 0 0 0 0 0 0 2 1 0 0 17 54 1 0 1 0 0 0 0 0 0 0 0 0 0 0 2 0 0 0 0 0 3 0 2 0 0 0 16 0 0 0 255 255 255 255 2 0 2 0 0 0 0 0 data 2 0x20002 0x26c2 oops 0
ciMethodData com/android/dx/rop/code/LocalItem equals (Ljava/lang/Object;)Z 2 11318 orig 264 8 193 4 119 0 0 0 0 32 244 251 20 0 0 0 0 56 2 0 0 48 0 0 0 0 0 0 0 0 0 0 0 0 0 0 0 0 0 0 0 0 0 0 0 0 0 0 0 0 0 0 0 0 0 0 0 0 0 0 0 0 0 0 0 0 0 0 0 0 0 0 0 0 0 0 0 0 0 0 0 77 68 79 32 101 120 116 114 97 32 100 97 116 97 32 108 111 99 107 0 0 0 0 0 0 0 0 0 0 0 0 0 0 0 0 0 0 0 0 0 0 0 0 0 0 0 0 0 0 0 0 0 0 0 0 0 0 0 0 0 0 0 0 0 0 0 0 0 0 0 0 0 0 0 0 0 0 0 0 0 0 0 0 0 0 0 0 0 0 0 0 0 0 0 0 0 0 0 0 0 0 0 0 0 0 0 0 0 0 0 0 0 0 0 0 0 0 0 0 0 0 0 0 0 0 0 0 0 0 0 0 0 0 0 0 0 65 0 0 0 169 95 1 0 1 0 0 0 0 0 0 0 0 0 0 0 2 0 0 0 0 0 25 0 2 0 0 0 232 0 0 0 255 255 255 255 4 1 1 0 0 0 0 0 data 29 0x10104 0x0 0x1697b350 0x1fbc 0x0 0x0 0x40007 0x1fbc 0x20 0xc39 0xa0004 0x0 0x1697b350 0xc22 0x0 0x0 0x110005 0x0 0x1697b350 0x1fbd 0x0 0x0 0x140007 0x1a46 0x38 0x577 0x180003 0x577 0x18 oops 3 2 com/android/dx/rop/code/LocalItem 12 com/android/dx/rop/code/LocalItem 18 com/android/dx/rop/code/LocalItem
ciMethodData com/android/dx/rop/code/LocalItem compareTo (Lcom/android/dx/rop/code/LocalItem;)I 2 11121 orig 264 8 193 4 119 0 0 0 0 240 245 251 20 0 0 0 0 144 1 0 0 16 0 0 0 0 0 0 0 0 0 0 0 0 0 0 0 0 0 0 0 0 0 0 0 0 0 0 0 0 0 0 0 0 0 0 0 0 0 0 0 0 0 0 0 0 0 0 0 0 0 0 0 0 0 0 0 0 0 0 0 77 68 79 32 101 120 116 114 97 32 100 97 116 97 32 108 111 99 107 0 0 0 0 0 0 0 0 0 0 0 0 0 0 0 0 0 0 0 0 0 0 0 0 0 0 0 0 0 0 0 0 0 0 0 0 0 0 0 0 0 0 0 0 0 0 0 0 0 0 0 0 0 0 0 0 0 0 0 0 0 0 0 0 0 0 0 0 0 0 0 0 0 0 0 0 0 0 0 0 0 0 0 0 0 17 0 0 0 0 0 0 0 0 0 0 0 0 0 0 0 3 0 0 0 0 0 0 0 0 0 0 0 0 0 0 0 26 0 0 0 185 90 1 0 1 0 0 0 0 0 0 0 0 0 0 0 2 0 0 0 0 0 19 0 2 0 0 0 64 0 0 0 255 255 255 255 2 0 8 0 0 0 0 0 data 8 0x80002 0x2b57 0xd0007 0x6aa 0x20 0x24ae 0x1a0002 0x6aa oops 0
ciMethodData com/android/dx/rop/code/RegisterSpec intern (ILcom/android/dx/rop/type/TypeBearer;Lcom/android/dx/rop/code/LocalItem;)Lcom/android/dx/rop/code/RegisterSpec; 2 17537 orig 264 8 193 4 119 0 0 0 0 32 10 252 20 0 0 0 0 104 2 0 0 48 0 0 0 0 0 0 0 0 0 0 0 0 0 0 0 0 0 0 0 0 0 0 0 0 0 0 0 0 0 0 0 0 0 0 0 0 0 0 0 0 0 0 0 0 0 0 0 0 0 0 0 0 0 0 0 0 0 0 0 77 68 79 32 101 120 116 114 97 32 100 97 116 97 32 108 111 99 107 0 0 0 0 0 0 0 0 0 0 0 0 0 0 0 0 0 0 0 0 0 0 0 0 0 0 0 0 0 0 0 0 0 0 0 0 0 0 0 0 0 0 0 0 0 1 0 0 0 0 0 0 0 0 0 0 0 0 0 0 0 0 0 0 0 0 0 0 0 0 0 0 0 0 0 0 0 0 0 0 0 0 0 0 0 0 0 0 0 0 0 0 0 0 0 0 0 0 0 0 0 0 0 0 0 0 0 0 0 0 0 0 0 0 0 0 0 0 2 0 0 9 20 2 0 1 0 0 0 161 22 0 0 0 0 0 0 2 0 0 0 0 0 21 0 2 0 0 0 16 1 0 0 255 255 255 255 5 0 12 0 0 0 0 0 data 34 0xc0005 0x0 0x180ee3a0 0x4286 0x0 0x0 0x150005 0x0 0x16980ca0 0x4286 0x0 0x0 0x180104 0x0 0x180eba90 0x37a3 0x0 0x0 0x1f0007 0xae4 0x20 0x37a3 0x2a0005 0x0 0x180ee3a0 0xae4 0x0 0x0 0x360005 0x0 0x16980ca0 0xae4 0x0 0x0 oops 5 2 com/android/dx/rop/code/RegisterSpec$ForComparison 8 java/util/HashMap 14 com/android/dx/rop/code/RegisterSpec 24 com/android/dx/rop/code/RegisterSpec$ForComparison 30 java/util/HashMap
ciMethodData com/android/dx/rop/code/Insn <init> (Lcom/android/dx/rop/code/Rop;Lcom/android/dx/rop/code/SourcePosition;Lcom/android/dx/rop/code/RegisterSpec;Lcom/android/dx/rop/code/RegisterSpecList;)V 2 5710 orig 264 8 193 4 119 0 0 0 0 24 41 249 20 0 0 0 0 224 1 0 0 96 0 0 0 0 0 0 0 0 0 0 0 0 0 0 0 0 0 0 0 0 0 0 0 0 0 0 0 0 0 0 0 0 0 0 0 0 0 0 0 0 0 0 0 0 0 0 0 0 0 0 0 0 0 0 0 0 0 0 0 77 68 79 32 101 120 116 114 97 32 100 97 116 97 32 108 111 99 107 0 0 0 0 0 0 0 0 0 0 0 0 0 0 0 0 0 0 0 0 0 0 0 0 0 0 0 0 0 0 0 0 0 0 0 0 0 0 0 0 0 0 0 0 0 0 0 0 0 0 0 0 0 0 0 0 0 0 0 0 0 0 0 0 0 0 0 0 0 0 0 0 0 0 0 0 0 0 0 0 0 0 0 0 0 0 0 0 0 0 0 0 0 0 0 0 0 0 0 0 0 0 0 0 0 0 0 0 0 0 0 0 0 0 0 0 0 0 2 0 0 113 162 0 0 1 0 0 0 0 0 0 0 0 0 0 0 2 0 0 0 0 0 9 0 2 0 0 0 160 0 0 0 255 255 255 255 2 0 1 0 0 0 0 0 data 20 0x10002 0x144f 0x50007 0x1451 0x30 0x0 0xe0002 0x0 0x130007 0x1451 0x30 0x0 0x1c0002 0x0 0x220007 0x1451 0x30 0x0 0x2b0002 0x0 oops 0
ciMethodData com/android/dx/ssa/NormalSsaInsn mapSourceRegisters (Lcom/android/dx/ssa/RegisterMapper;)V 2 7388 orig 264 8 193 4 119 0 0 0 0 136 100 126 23 0 0 0 0 192 2 0 0 0 0 0 0 0 0 0 0 0 0 0 0 0 0 0 0 0 0 0 0 0 0 0 0 0 0 0 0 0 0 0 0 0 0 0 0 0 0 0 0 0 0 0 0 0 0 0 0 0 0 0 0 0 0 0 0 0 0 0 0 77 68 79 32 101 120 116 114 97 32 100 97 116 97 32 108 111 99 107 0 0 0 0 0 0 0 0 0 0 0 0 0 0 0 0 0 0 0 0 0 0 0 0 0 0 0 0 0 0 0 0 0 0 0 0 0 0 0 0 0 0 0 0 0 0 0 0 0 0 0 0 0 0 0 0 0 0 0 0 0 0 0 0 0 0 0 0 0 0 0 0 0 0 0 0 0 0 0 0 0 0 0 0 0 0 0 0 0 0 0 0 0 0 0 0 0 0 0 0 0 0 0 0 0 0 0 0 0 0 0 0 0 0 0 0 0 0 2 0 0 225 214 0 0 1 0 0 0 0 0 0 0 0 0 0 0 2 0 0 0 0 0 6 0 2 0 0 0 112 1 0 0 255 255 255 255 5 0 4 0 0 0 0 0 data 46 0x40005 0x6d0 0x180e7d40 0x10e2 0x180e7c90 0x32a 0xa0005 0x9da 0x180ec210 0x987 0x168262e0 0x77b 0x100007 0x12c9 0x110 0x814 0x190005 0x0 0x17e31c00 0x815 0x0 0x0 0x1d0005 0x4f 0x180c9ba0 0x3e3 0x180e7d40 0x3e3 0x240005 0x0 0x17e31c00 0x815 0x0 0x0 0x270005 0xc9 0x17e99160 0x74c 0x0 0x0 0x2c0005 0xc9 0x17e98a30 0x74c 0x0 0x0 oops 10 2 com/android/dx/rop/code/PlainInsn 4 com/android/dx/rop/code/PlainCstInsn 8 com/android/dx/ssa/SsaRenamer$BlockRenamer$RenamingMapper 10 com/android/dx/ssa/InterferenceRegisterMapper 18 com/android/dx/ssa/NormalSsaInsn 24 com/android/dx/rop/code/ThrowingCstInsn 26 com/android/dx/rop/code/PlainInsn 30 com/android/dx/ssa/NormalSsaInsn 36 com/android/dx/ssa/SsaBasicBlock 42 com/android/dx/ssa/SsaMethod
ciMethodData com/android/dx/ssa/RegisterMapper map (Lcom/android/dx/rop/code/RegisterSpecList;)Lcom/android/dx/rop/code/RegisterSpecList; 2 5908 orig 264 8 193 4 119 0 0 0 0 24 252 127 23 0 0 0 0 240 2 0 0 48 0 0 0 0 0 0 0 0 0 0 0 0 0 0 0 0 0 0 0 0 0 0 0 0 0 0 0 0 0 0 0 0 0 0 0 0 0 0 0 0 0 0 0 0 0 0 0 0 0 0 0 0 0 0 0 0 0 0 0 77 68 79 32 101 120 116 114 97 32 100 97 116 97 32 108 111 99 107 0 0 0 0 0 0 0 0 0 0 0 0 0 0 0 0 0 0 0 0 0 0 0 0 0 0 0 0 0 0 0 0 0 0 0 0 0 0 0 0 0 0 0 0 0 0 0 0 0 0 0 0 0 0 0 0 0 0 0 0 0 0 0 0 0 0 0 0 0 0 0 0 0 0 0 0 0 0 0 0 0 0 0 0 0 0 0 0 0 0 0 0 0 0 0 0 0 0 0 0 0 0 0 0 0 0 0 0 0 0 0 0 0 0 0 0 0 0 2 0 0 161 168 0 0 161 71 0 0 0 0 0 0 0 0 0 0 2 0 0 0 1 0 19 0 2 0 0 0 160 1 0 0 255 255 255 255 5 0 1 0 0 0 0 0 data 52 0x10005 0x220 0x180ebe40 0x12f4 0x0 0x0 0xa0002 0x1514 0x140007 0x1512 0xc8 0x8f4 0x1e0005 0xee 0x180ebe40 0x806 0x0 0x0 0x210005 0x439 0x168262e0 0x25b 0x16829350 0x260 0x240005 0xee 0x180ebe40 0x806 0x0 0x0 0x2a0003 0x8f4 0xffffffffffffff50 0x2e0005 0x0 0x180ebe40 0x1511 0x0 0x0 0x330005 0x0 0x180ebe40 0x1515 0x0 0x0 0x360007 0x67c 0x38 0xe98 0x3a0003 0xe98 0x18 oops 7 2 com/android/dx/rop/code/RegisterSpecList 14 com/android/dx/rop/code/RegisterSpecList 20 com/android/dx/ssa/InterferenceRegisterMapper 22 com/android/dx/ssa/BasicRegisterMapper 26 com/android/dx/rop/code/RegisterSpecList 35 com/android/dx/rop/code/RegisterSpecList 41 com/android/dx/rop/code/RegisterSpecList
ciMethodData com/android/dx/util/FixedSizeList equals (Ljava/lang/Object;)Z 2 5632 orig 264 8 193 4 119 0 0 0 0 8 40 243 20 0 0 0 0 80 2 0 0 160 0 0 0 0 0 0 0 0 0 0 0 0 0 0 0 0 0 0 0 0 0 0 0 0 0 0 0 0 0 0 0 0 0 0 0 0 0 0 0 0 0 0 0 0 0 0 0 0 0 0 0 0 0 0 0 0 0 0 0 77 68 79 32 101 120 116 114 97 32 100 97 116 97 32 108 111 99 107 0 0 0 0 0 0 0 0 0 0 0 0 0 0 0 0 0 0 0 0 0 0 0 0 0 0 0 0 0 0 0 0 0 0 0 0 0 0 0 0 0 0 0 0 0 0 0 0 0 0 0 0 0 0 0 0 0 0 0 0 0 0 0 0 0 0 0 0 0 0 0 0 0 0 0 0 0 0 0 0 0 0 0 0 0 17 0 0 0 0 0 0 0 0 0 0 0 0 0 0 0 3 0 0 0 0 0 0 0 0 0 0 0 0 0 0 0 0 2 0 0 1 160 0 0 1 0 0 0 0 0 0 0 0 0 0 0 2 0 0 0 0 0 10 0 2 0 0 0 0 1 0 0 255 255 255 255 7 0 2 0 0 0 0 0 data 32 0x20007 0x1400 0x20 0x0 0x80007 0x0 0xa0 0x1400 0xc0005 0xcf 0x180ebe40 0x1331 0x0 0x0 0x100005 0xcf 0x180ebe40 0x1331 0x0 0x0 0x130007 0x1400 0x20 0x0 0x190004 0x0 0x180ebe40 0x1400 0x0 0x0 0x250002 0x1400 oops 3 10 com/android/dx/rop/code/RegisterSpecList 16 com/android/dx/rop/code/RegisterSpecList 26 com/android/dx/rop/code/RegisterSpecList
ciMethodData com/android/dx/rop/code/RegisterSpec makeLocalOptional (ILcom/android/dx/rop/type/TypeBearer;Lcom/android/dx/rop/code/LocalItem;)Lcom/android/dx/rop/code/RegisterSpec; 2 14243 orig 264 8 193 4 119 0 0 0 0 160 12 252 20 0 0 0 0 104 1 0 0 0 0 0 0 0 0 0 0 0 0 0 0 0 0 0 0 0 0 0 0 0 0 0 0 0 0 0 0 0 0 0 0 0 0 0 0 0 0 0 0 0 0 0 0 0 0 0 0 0 0 0 0 0 0 0 0 0 0 0 0 77 68 79 32 101 120 116 114 97 32 100 97 116 97 32 108 111 99 107 0 0 0 0 0 0 0 0 0 0 0 0 0 0 0 0 0 0 0 0 0 0 0 0 0 0 0 0 0 0 0 0 0 0 0 0 0 0 0 0 0 0 0 0 0 0 0 0 0 0 0 0 0 0 0 0 0 0 0 0 0 0 0 0 0 0 0 0 0 0 0 0 0 0 0 0 0 0 0 0 0 0 0 0 0 0 0 0 0 0 0 0 0 0 0 0 0 0 0 0 0 0 0 0 0 0 0 0 0 0 0 0 0 0 0 0 0 0 2 0 0 25 173 1 0 1 0 0 0 0 0 0 0 0 0 0 0 2 0 0 0 0 0 3 0 2 0 0 0 16 0 0 0 255 255 255 255 2 0 3 0 0 0 0 0 data 2 0x30002 0x35a4 oops 0
ciMethodData com/android/dx/rop/code/RegisterSpecList set (ILcom/android/dx/rop/code/RegisterSpec;)V 2 9776 orig 264 8 193 4 119 0 0 0 0 160 52 125 23 0 0 0 0 136 1 0 0 0 0 0 0 0 0 0 0 0 0 0 0 0 0 0 0 0 0 0 0 0 0 0 0 0 0 0 0 0 0 0 0 0 0 0 0 0 0 0 0 0 0 0 0 0 0 0 0 0 0 0 0 0 0 0 0 0 0 0 0 77 68 79 32 101 120 116 114 97 32 100 97 116 97 32 108 111 99 107 0 0 0 0 0 0 0 0 0 0 0 0 0 0 0 0 0 0 0 0 0 0 0 0 0 0 0 0 0 0 0 0 0 0 0 0 0 0 0 0 0 0 0 0 0 0 0 0 0 0 0 0 0 0 0 0 0 0 0 0 0 0 0 0 0 0 0 0 0 0 0 0 0 0 0 0 0 0 0 0 0 0 0 0 0 0 0 0 0 0 0 0 0 0 0 0 0 0 0 0 0 0 0 0 0 0 0 0 0 0 0 0 0 0 0 0 0 0 2 0 0 129 33 1 0 1 0 0 0 0 0 0 0 0 0 0 0 2 0 0 0 0 0 12 0 2 0 0 0 48 0 0 0 255 255 255 255 5 0 3 0 0 0 0 0 data 6 0x30005 0x14f 0x180ebe40 0x22e1 0x0 0x0 oops 1 2 com/android/dx/rop/code/RegisterSpecList
ciMethodData com/android/dx/rop/code/RegisterSpec withReg (I)Lcom/android/dx/rop/code/RegisterSpec; 2 11364 orig 264 8 193 4 119 0 0 0 0 112 34 252 20 0 0 0 0 128 1 0 0 0 0 0 0 0 0 0 0 0 0 0 0 0 0 0 0 0 0 0 0 0 0 0 0 0 0 0 0 0 0 0 0 0 0 0 0 0 0 0 0 0 0 0 0 0 0 0 0 0 0 0 0 0 0 0 0 0 0 0 0 77 68 79 32 101 120 116 114 97 32 100 97 116 97 32 108 111 99 107 0 0 0 0 0 0 0 0 0 0 0 0 0 0 0 0 0 0 0 0 0 0 0 0 0 0 0 0 0 0 0 0 0 0 0 0 0 0 0 0 0 0 0 0 0 0 0 0 0 0 0 0 0 0 0 0 0 0 0 0 0 0 0 0 0 0 0 0 0 0 0 0 0 0 0 0 0 0 0 0 0 0 0 0 0 0 0 0 0 0 0 0 0 0 0 0 0 0 0 0 0 0 0 0 0 0 0 0 0 0 0 0 0 0 0 0 0 0 2 0 0 33 83 1 0 1 0 0 0 0 0 0 0 0 0 0 0 2 0 0 0 0 0 5 0 2 0 0 0 48 0 0 0 255 255 255 255 7 0 5 0 0 0 0 0 data 6 0x50007 0x2988 0x20 0xdc 0x130002 0x2988 oops 0
ciMethodData com/android/dx/rop/code/PlainInsn <init> (Lcom/android/dx/rop/code/Rop;Lcom/android/dx/rop/code/SourcePosition;Lcom/android/dx/rop/code/RegisterSpec;Lcom/android/dx/rop/code/RegisterSpecList;)V 2 12013 orig 264 8 193 4 119 0 0 0 0 200 65 249 20 0 0 0 0 120 2 0 0 128 0 0 0 0 0 0 0 0 0 0 0 0 0 0 0 0 0 0 0 0 0 0 0 0 0 0 0 0 0 0 0 0 0 0 0 0 0 0 0 0 0 0 0 0 0 0 0 0 0 0 0 0 0 0 0 0 0 0 0 77 68 79 32 101 120 116 114 97 32 100 97 116 97 32 108 111 99 107 0 0 0 0 0 0 0 0 0 0 0 0 0 0 0 0 0 0 0 0 0 0 0 0 0 0 0 0 0 0 0 0 0 0 0 0 0 0 0 0 0 0 0 0 0 0 0 0 0 0 0 0 0 0 0 0 0 0 0 0 0 0 0 0 0 0 0 0 0 0 0 0 0 0 0 0 0 0 0 0 0 0 0 0 0 0 0 0 0 0 0 0 0 0 0 0 0 0 0 0 0 0 0 0 0 0 0 0 0 0 0 0 0 0 0 0 0 0 2 0 0 97 103 1 0 1 0 0 0 0 0 0 0 0 0 0 0 2 0 0 0 0 0 11 0 2 0 0 0 16 1 0 0 255 255 255 255 2 0 6 0 0 0 0 0 data 34 0x60002 0x2cec 0xa0005 0x119 0x180e7330 0x2bd4 0x0 0x0 0xd0008 0x6 0x118 0x50 0x0 0x40 0x0 0x40 0x2e0002 0x0 0x330007 0x16d4 0x80 0x161b 0x370005 0x88 0x180e7330 0x1593 0x0 0x0 0x3b0007 0x161b 0x30 0x0 0x440002 0x0 oops 2 4 com/android/dx/rop/code/Rop 24 com/android/dx/rop/code/Rop
ciMethodData com/android/dx/ssa/Optimizer getPreserveLocals ()Z 2 6069 orig 264 8 193 4 119 0 0 0 0 96 191 125 23 0 0 0 0 24 1 0 0 0 0 0 0 0 0 0 0 0 0 0 0 0 0 0 0 0 0 0 0 0 0 0 0 0 0 0 0 0 0 0 0 0 0 0 0 0 0 0 0 0 0 0 0 0 0 0 0 0 0 0 0 0 0 0 0 0 0 0 0 77 68 79 32 101 120 116 114 97 32 100 97 116 97 32 108 111 99 107 0 0 0 0 0 0 0 0 0 0 0 0 0 0 0 0 0 0 0 0 0 0 0 0 0 0 0 0 0 0 0 0 0 0 0 0 0 0 0 0 0 0 0 0 0 0 0 0 0 0 0 0 0 0 0 0 0 0 0 0 0 0 0 0 0 0 0 0 0 0 0 0 0 0 0 0 0 0 0 0 0 0 0 0 0 0 0 0 0 0 0 0 0 0 0 0 0 0 0 0 0 0 0 0 0 0 0 0 0 0 0 0 0 0 0 0 0 0 2 0 0 169 173 0 0 1 0 0 0 0 0 0 0 0 0 0 0 2 0 0 0 0 0 3 0 1 0 0 0 0 0 0 0 255 255 255 255 0 0 0 0 0 0 0 0 data 0 oops 0
ciMethodData com/android/dx/ssa/SsaMethod forEachInsn (Lcom/android/dx/ssa/SsaInsn$Visitor;)V 2 35864 orig 264 8 193 4 119 0 0 0 0 144 54 126 23 0 0 0 0 120 2 0 0 0 0 0 0 0 0 0 0 0 0 0 0 0 0 0 0 0 0 0 0 0 0 0 0 0 0 0 0 0 0 0 0 0 0 0 0 0 0 0 0 0 0 0 0 0 0 0 0 0 0 0 0 0 0 0 0 0 0 0 0 77 68 79 32 101 120 116 114 97 32 100 97 116 97 32 108 111 99 107 0 0 0 0 0 0 0 0 0 0 0 0 0 0 0 0 0 0 0 0 0 0 0 0 0 0 0 0 0 0 0 0 0 0 0 0 0 0 0 0 0 0 0 0 0 0 0 0 0 0 0 0 0 0 0 0 0 0 0 0 0 0 0 0 0 0 0 0 0 0 0 0 0 0 0 0 0 0 0 0 0 0 0 0 0 17 0 0 0 0 0 0 0 0 0 0 0 0 0 0 0 1 0 0 0 0 0 0 0 0 0 0 0 0 0 0 0 233 7 0 0 193 47 0 0 121 33 4 0 0 0 0 0 0 0 0 0 2 0 0 0 1 0 10 0 2 0 0 0 40 1 0 0 255 255 255 255 5 0 4 0 0 0 0 0 data 37 0x40005 0x0 0x17e99000 0x5f8 0x0 0x0 0x90005 0x0 0x17e990b0 0x8a27 0x0 0x0 0xe0007 0x5f7 0xc8 0x8435 0x120005 0x0 0x17e990b0 0x8435 0x0 0x0 0x170004 0x0 0x17e99160 0x8434 0x0 0x0 0x1d0005 0x1ba6 0x17e99160 0x688a 0x0 0x0 0x200003 0x842f 0xffffffffffffff20 oops 5 2 java/util/ArrayList 8 java/util/ArrayList$Itr 18 java/util/ArrayList$Itr 24 com/android/dx/ssa/SsaBasicBlock 30 com/android/dx/ssa/SsaBasicBlock
ciMethodData com/android/dx/ssa/NormalSsaInsn <init> (Lcom/android/dx/rop/code/Insn;Lcom/android/dx/ssa/SsaBasicBlock;)V 2 8163 orig 264 8 193 4 119 0 0 0 0 144 99 126 23 0 0 0 0 152 1 0 0 0 0 0 0 0 0 0 0 0 0 0 0 0 0 0 0 0 0 0 0 0 0 0 0 0 0 0 0 0 0 0 0 0 0 0 0 0 0 0 0 0 0 0 0 0 0 0 0 0 0 0 0 0 0 0 0 0 0 0 0 77 68 79 32 101 120 116 114 97 32 100 97 116 97 32 108 111 99 107 0 0 0 0 0 0 0 0 0 0 0 0 0 0 0 0 0 0 0 0 0 0 0 0 0 0 0 0 0 0 0 0 0 0 0 0 0 0 0 0 0 0 0 0 0 0 0 0 0 0 0 0 0 0 0 0 0 0 0 0 0 0 0 0 0 0 0 0 0 0 0 0 0 0 0 0 0 0 0 0 0 0 0 0 0 0 0 0 0 0 0 0 0 0 0 0 0 0 0 0 0 0 0 0 0 0 0 0 0 0 0 0 0 0 0 0 0 0 2 0 0 25 239 0 0 1 0 0 0 0 0 0 0 0 0 0 0 2 0 0 0 0 0 6 0 2 0 0 0 64 0 0 0 255 255 255 255 5 0 2 0 0 0 0 0 data 8 0x20005 0x697 0x180e7c90 0x322 0x180e7d40 0x142b 0x60002 0x1de3 oops 2 2 com/android/dx/rop/code/PlainCstInsn 4 com/android/dx/rop/code/PlainInsn
ciMethodData com/android/dx/ssa/SsaInsn <init> (Lcom/android/dx/rop/code/RegisterSpec;Lcom/android/dx/ssa/SsaBasicBlock;)V 2 8957 orig 264 8 193 4 119 0 0 0 0 72 72 126 23 0 0 0 0 112 1 0 0 0 0 0 0 0 0 0 0 0 0 0 0 0 0 0 0 0 0 0 0 0 0 0 0 0 0 0 0 0 0 0 0 0 0 0 0 0 0 0 0 0 0 0 0 0 0 0 0 0 0 0 0 0 0 0 0 0 0 0 0 77 68 79 32 101 120 116 114 97 32 100 97 116 97 32 108 111 99 107 0 0 0 0 0 0 0 0 0 0 0 0 0 0 0 0 0 0 0 0 0 0 0 0 0 0 0 0 0 0 0 0 0 0 0 0 0 0 0 0 0 0 0 0 0 0 0 0 0 0 0 0 0 0 0 0 0 0 0 0 0 0 0 0 0 0 0 0 0 0 0 0 0 0 0 0 0 0 0 0 0 0 0 0 0 0 0 0 0 0 0 0 0 0 0 0 0 0 0 0 0 0 0 0 0 0 0 0 0 0 0 0 0 0 0 0 0 40 2 0 0 169 6 1 0 1 0 0 0 0 0 0 0 0 0 0 0 2 0 0 0 0 0 5 0 2 0 0 0 64 0 0 0 255 255 255 255 2 0 1 0 0 0 0 0 data 8 0x10002 0x20d7 0x50007 0x20d8 0x30 0x0 0xe0002 0x0 oops 0
ciMethodData com/android/dx/ssa/SsaMethod onSourcesChanged (Lcom/android/dx/ssa/SsaInsn;Lcom/android/dx/rop/code/RegisterSpecList;)V 2 2265 orig 264 8 193 4 119 0 0 0 0 240 43 126 23 0 0 0 0 208 2 0 0 128 0 0 0 0 0 0 0 0 0 0 0 0 0 0 0 0 0 0 0 0 0 0 0 0 0 0 0 0 0 0 0 0 0 0 0 0 0 0 0 0 0 0 0 0 0 0 0 0 0 0 0 0 0 0 0 0 0 0 0 77 68 79 32 101 120 116 114 97 32 100 97 116 97 32 108 111 99 107 0 0 0 0 0 0 0 0 0 0 0 0 0 0 0 0 0 0 0 0 0 0 0 0 0 0 0 0 0 0 0 0 0 0 0 0 0 0 0 0 0 0 0 0 0 0 0 0 0 0 0 0 0 0 0 0 0 0 0 0 0 0 0 0 0 0 0 0 0 0 0 0 0 0 0 0 0 0 0 0 0 0 0 0 0 0 0 0 0 0 0 0 0 0 0 0 0 0 0 0 0 0 0 0 0 0 0 0 0 0 0 0 0 0 0 0 0 113 1 0 0 65 59 0 0 193 0 0 0 0 0 0 0 0 0 0 0 2 0 0 0 1 0 24 0 2 0 0 0 120 1 0 0 255 255 255 255 7 0 4 0 0 0 0 0 data 47 0x40007 0xc 0x20 0x75c 0x90007 0x0 0x30 0xc 0xf0002 0xc 0x130005 0x0 0x17e31c00 0xc 0x0 0x0 0x180005 0x3 0x180ebe40 0x9 0x0 0x0 0x240007 0xc 0xc8 0x18 0x2a0005 0x6 0x180ebe40 0x12 0x0 0x0 0x2d0005 0x6 0x180eba90 0x12 0x0 0x0 0x3a0005 0x0 0x17e99000 0x18 0x0 0x0 0x410003 0x18 0xffffffffffffff50 oops 5 12 com/android/dx/ssa/NormalSsaInsn 18 com/android/dx/rop/code/RegisterSpecList 28 com/android/dx/rop/code/RegisterSpecList 34 com/android/dx/rop/code/RegisterSpec 40 java/util/ArrayList
ciMethodData com/android/dx/rop/cst/CstString compareTo0 (Lcom/android/dx/rop/cst/Constant;)I 2 12222 orig 264 8 193 4 119 0 0 0 0 32 229 241 20 0 0 0 0 176 1 0 0 0 0 0 0 0 0 0 0 0 0 0 0 0 0 0 0 0 0 0 0 0 0 0 0 0 0 0 0 0 0 0 0 0 0 0 0 0 0 0 0 0 0 0 0 0 0 0 0 0 0 0 0 0 0 0 0 0 0 0 0 77 68 79 32 101 120 116 114 97 32 100 97 116 97 32 108 111 99 107 0 0 0 0 0 0 0 0 0 0 0 0 0 0 0 0 0 0 0 0 0 0 0 0 0 0 0 0 0 0 0 0 0 0 0 0 0 0 0 0 0 0 0 0 0 0 0 0 0 0 0 0 0 0 0 0 0 0 0 0 0 0 0 0 0 0 0 0 0 0 0 0 0 0 0 0 0 0 0 0 0 0 0 0 0 0 0 0 0 0 0 0 0 0 0 0 0 0 0 0 0 0 0 0 0 0 0 0 0 0 0 0 0 0 0 0 0 0 2 0 0 241 109 1 0 1 0 0 0 0 0 0 0 0 0 0 0 2 0 0 0 0 0 3 0 2 0 0 0 96 0 0 0 255 255 255 255 4 0 5 0 0 0 0 0 data 12 0x50004 0x0 0x17f5ff40 0x2337 0x0 0x0 0xb0005 0x142 0x2d88c10 0x2c7d 0x0 0x0 oops 2 2 com/android/dx/rop/cst/CstString 8 java/lang/String
ciMethodData com/android/dx/rop/code/LocalItem compareHandlesNulls (Lcom/android/dx/rop/cst/CstString;Lcom/android/dx/rop/cst/CstString;)I 2 12876 orig 264 8 193 4 119 0 0 0 0 0 245 251 20 0 0 0 0 224 1 0 0 64 0 0 0 0 0 0 0 0 0 0 0 0 0 0 0 0 0 0 0 0 0 0 0 0 0 0 0 0 0 0 0 0 0 0 0 0 0 0 0 0 0 0 0 0 0 0 0 0 0 0 0 0 0 0 0 0 0 0 0 77 68 79 32 101 120 116 114 97 32 100 97 116 97 32 108 111 99 107 0 0 0 0 0 0 0 0 0 0 0 0 0 0 0 0 0 0 0 0 0 0 0 0 0 0 0 0 0 0 0 0 0 0 0 0 0 0 0 0 0 0 0 0 0 0 0 0 0 0 0 0 0 0 0 0 0 0 0 0 0 0 0 0 0 0 0 0 0 0 0 0 0 0 0 0 0 0 0 0 0 0 0 0 0 0 0 0 0 0 0 0 0 0 0 0 0 0 0 0 0 0 0 0 0 0 0 0 0 0 0 0 0 0 0 0 0 247 1 0 0 161 130 1 0 1 0 0 0 0 0 0 0 0 0 0 0 2 0 0 0 0 0 20 0 2 0 0 0 144 0 0 0 255 255 255 255 7 0 2 0 0 0 0 0 data 18 0x20007 0x2413 0x20 0xc41 0x80007 0x2413 0x20 0x0 0xe0007 0x2413 0x20 0x0 0x150005 0x53 0x17f5ff40 0x23c1 0x0 0x0 oops 1 14 com/android/dx/rop/cst/CstString
ciMethodData com/android/dx/ssa/SsaRenamer$BlockRenamer processResultReg (Lcom/android/dx/ssa/SsaInsn;)V 2 7563 orig 264 8 193 4 119 0 0 0 0 56 243 127 23 0 0 0 0 144 2 0 0 144 0 0 0 0 0 0 0 0 0 0 0 0 0 0 0 0 0 0 0 0 0 0 0 0 0 0 0 0 0 0 0 0 0 0 0 0 0 0 0 0 0 0 0 0 0 0 0 0 0 0 0 0 0 0 0 0 0 0 0 77 68 79 32 101 120 116 114 97 32 100 97 116 97 32 108 111 99 107 0 0 0 0 0 0 0 0 0 0 0 0 0 0 0 0 0 0 0 0 0 0 0 0 0 0 0 0 0 0 0 0 0 0 0 0 0 0 0 0 0 0 0 0 0 0 0 0 0 0 0 0 0 0 0 0 0 0 0 0 0 0 0 0 0 0 0 0 0 0 0 0 0 0 0 0 0 0 0 0 0 0 0 0 0 0 0 0 0 0 0 0 0 0 0 0 0 0 0 0 0 0 0 0 0 0 0 0 0 0 0 0 0 0 0 0 0 0 2 0 0 89 220 0 0 1 0 0 0 0 0 0 0 0 0 0 0 2 0 0 0 0 0 19 0 2 0 0 0 64 1 0 0 255 255 255 255 5 0 1 0 0 0 0 0 data 40 0x10005 0x0 0x17e31c00 0x184a 0x17e31cb0 0x341 0x60007 0xbc6 0x20 0xfc5 0xb0005 0x5 0x180eba90 0xbc1 0x0 0x0 0x140002 0xbc6 0x170007 0xbc6 0x20 0x0 0x200002 0xbc6 0x230005 0x0 0x17e31c00 0x885 0x17e31cb0 0x341 0x290005 0x0 0x17e31c00 0x885 0x17e31cb0 0x341 0x2c0002 0xbc6 0x330002 0xbc6 oops 7